[13:56:56] [main/INFO]: Loading for game Minecraft 1.16.4
[13:56:56] [ForkJoinPool-1-worker-1/WARN]: The mod "cotton-logging" contains invalid entries in its mod json:
- Unsupported root entry "licence" at line 7 column 12
[13:56:56] [ForkJoinPool-1-worker-1/WARN]: The mod "cotton-config" contains invalid entries in its mod json:
- Unsupported root entry "licence" at line 7 column 12
[13:56:56] [main/WARN]: Warnings were found! 
 - Mod 'BetterF3' (betterf3) recommends version 1.14.6 or later of mod modmenu, which is missing!
	 - You must install version 1.14.6 or later of modmenu.
[13:56:56] [main/INFO]: [FabricLoader] Loading 62 mods: fabric-renderer-api-v1@0.3.3+6a2618f53a, fabric-keybindings-v0@0.2.0+6a2618f53a, fabricloader@0.10.8, fabric-structure-api-v1@1.1.1+f1d8af063a, bbor@2.4-1.16.3, com_github_shevek_parallelgzip@master-SNAPSHOT, lithium@0.6.0, fabric-containers-v0@0.1.8+6a2618f53a, fabric-dimensions-v1@2.0.1+9a6c75813a, fabric-object-builder-api-v1@1.9.2+6a2618f53a, fabric-game-rule-api-v1@1.0.3+a4467d2a3a, fabric-api-base@0.2.0+ab87788d3a, fabric-rendering-data-attachment-v1@0.1.4+6a2618f53a, fabric-textures-v0@1.0.5+6a2618f53a, fabric-rendering-fluids-v1@0.1.12+6a2618f53a, cotton-logging@1.0.0-rc.4, fabric-blockrenderlayer-v1@1.1.4+6a2618f53a, fabric-lifecycle-events-v1@1.2.0+6a2618f53a, fabric-renderer-registries-v1@2.2.0+6a2618f53a, carpet-extra@1.4.16, fabric-loot-tables-v1@1.0.1+6a2618f53a, fabric@0.27.1+1.16, carpet@1.4.21, fabric-particles-v1@0.2.2+6a2618f53a, fabric-networking-v0@0.1.10+6a2618f53a, cotton-config@1.0.0-rc.7, fabric-screen-handler-api-v1@1.1.0+6a2618f53a, minecraft@1.16.4, here@0.1.0+1.16, fabric-networking-blockentity-v0@0.2.5+6a2618f53a, cloth-basic-math@0.5.1, jankson@3.0.0+j1.2.0, fabric-command-api-v1@1.0.9+6a2618f53a, phosphor@0.6.0+build.7, bluemap@1.3.0-snap, fabric-tool-attribute-api-v1@1.2.5+6a2618f53a, fabric-renderer-indigo@0.4.3+6a2618f53a, player-roles@1.2.0, org_apache_commons_commons-compress@1.19, fabric-crash-report-info-v1@0.1.2+b7f9825d3a, fabric-events-interaction-v0@0.4.1+6a2618f53a, fabric-item-api-v1@1.2.0+6a2618f53a, fabric-rendering-v0@1.1.1+6a2618f53a, fabric-rendering-v1@1.4.0+6a2618f53a, fabric-key-binding-api-v1@1.0.1+730711c63a, cloth-config2@4.7.0-unstable, org_tukaani_xz@1.8, fabric-resource-loader-v0@0.3.2+1944f3e03a, carpet-tis-addition@1.11.2, fabric-content-registries-v0@0.2.0+e77439c73a, fabric-tag-extensions-v0@1.1.0+e77439c73a, fabric-biome-api-v1@3.1.0+2e23b97c3a, fabric-commands-v0@0.2.0+6a2618f53a, fabric-registry-sync-v0@0.7.1+285766753a, textile_backup@2.1.0-prev-1.16.4, betterf3@1.1.1, fabric-mining-levels-v0@0.1.2+6a2618f53a, fabric-events-lifecycle-v0@0.2.0+6a2618f53a, fabric-models-v0@0.1.1+6a2618f53a, fabric-item-groups-v0@0.2.1+6a2618f53a, fabric-object-builders-v0@0.7.1+6a2618f53a, lithium-api@0.6.0
[13:56:56] [main/WARN]: Mod `com_github_shevek_parallelgzip` (master-SNAPSHOT) does not respect SemVer - comparison support is limited.
[13:56:56] [main/INFO]: SpongePowered MIXIN Subsystem Version=0.8.2 Source=file:/home/container/fabric-server-launch.jar Service=Knot/Fabric Env=SERVER
[13:57:00] [main/WARN]: @Mixin target net/minecraft/class_3898$class_3208 is public in fabric-networking-[13:57:08] [main/INFO]: [Textile Backup] Starting Textile Backup by Szum123321.
[13:57:10] [main/INFO]: Environment: authHost='https://authserver.mojang.com', accountsHost='https://api.mojang.com', sessionHost='https://sessionserver.mojang.com', servicesHost='https://api.minecraftservices.com', name='PROD'
[13:57:11] [main/WARN]: Ambiguity between arguments [bluemap, marker, create, id, map, x] and [bluemap, marker, create, id, map, label] with inputs: [0, -1, -.5, 1.2, .5, -1234.56]
[13:57:11] [main/WARN]: Ambiguity between arguments [bluemap, render, cancel] and [bluemap, render, world|map] with inputs: [cancel]
[13:57:11] [main/WARN]: Ambiguity between arguments [bluemap, render, prioritize] and [bluemap, render, world|map] with inputs: [prioritize]
[13:57:11] [main/WARN]: Ambiguity between arguments [bluemap, render, radius] and [bluemap, render, world|map] with inputs: [0, -123, 123]
[13:57:11] [main/WARN]: Ambiguity between arguments [bluemap, render, radius] and [bluemap, render, x] with inputs: [0, -123, 123]
[13:57:11] [main/WARN]: Ambiguity between arguments [bluemap, render, x] and [bluemap, render, radius] with inputs: [0, -1]
[13:57:11] [main/WARN]: Ambiguity between arguments [bluemap, render, x] and [bluemap, render, world|map] with inputs: [0, -1, -.5, 1.2, .5, -1234.56]
[13:57:11] [main/WARN]: Ambiguity between arguments [teleport, destination] and [teleport, targets] with inputs: [Player, 0123, @e, dd12be42-52a9-4a91-a8a1-11c01849e498]
[13:57:11] [main/WARN]: Ambiguity between arguments [teleport, location] and [teleport, destination] with inputs: [0.1 -0.5 .9, 0 0 0]
[13:57:11] [main/WARN]: Ambiguity between arguments [teleport, location] and [teleport, targets] with inputs: [0.1 -0.5 .9, 0 0 0]
[13:57:11] [main/WARN]: Ambiguity between arguments [teleport, targets] and [teleport, destination] with inputs: [Player, 0123, dd12be42-52a9-4a91-a8a1-11c01849e498]
[13:57:11] [main/WARN]: Ambiguity between arguments [teleport, targets, location] and [teleport, targets, destination] with inputs: [0.1 -0.5 .9, 0 0 0]
[13:57:11] [main/INFO]: Reloading ResourceManager: Default, bukkit, skimit-DataPack, Fabric Tool Attribute API (v1), Player Roles
[13:57:12] [Worker-Main-5/INFO]: Loaded 7 recipes
[13:57:13] [Worker-Main-5/INFO]: Loaded 938 advancements
[13:57:14] [main/INFO]: Applied 0 biome modifications to 0 of 79 new biomes in 2.910 ms
[13:57:14] [main/WARN]: [fabric-registry-sync] Could not find the following registries: minecraft:biome_source_type, minecraft:block_state_provider_type, minecraft:dimension_type, minecraft:structure_piece, minecraft:carver, minecraft:block_placer_type, minecraft:decorator, minecraft:structure_feature, minecraft:surface_builder, minecraft:foliage_placer_type, minecraft:feature, minecraft:tree_decorator_type, minecraft:structure_pool_element, minecraft:biome, minecraft:chunk_generator_type, minecraft:structure_processor
[13:57:14] [main/INFO]: [fabric-registry-sync] Loaded registry data [file 1/4]
[13:57:14] [Server thread/INFO]: Starting minecraft server version 1.16.4
[13:57:14] [Server thread/INFO]: Loading properties
[13:57:14] [Server thread/INFO]: Default game type: SURVIVAL
[13:57:14] [Server thread/INFO]: Generating keypair
[13:57:15] [Server thread/INFO]: Starting Minecraft server on 0.0.0.0:10799
[13:57:15] [Server thread/INFO]: Using epoll channel type
[13:57:15] [Server thread/WARN]: **** SERVER IS RUNNING IN OFFLINE/INSECURE MODE!
[13:57:15] [Server thread/WARN]: The server will make no attempt to authenticate usernames. Beware.
[13:57:15] [Server thread/WARN]: While this makes the game possible to play without internet access, it also opens up the ability for hackers to connect with any username they choose.
[13:57:15] [Server thread/WARN]: To change this, set "online-mode" to "true" in the server.properties file.
[13:57:15] [Server thread/INFO]: Preparing level "world"
[13:57:15] [Server thread/INFO]: [CM]: loaded setting repeaterPriorityFix as true from carpet.conf
[13:57:15] [Server thread/INFO]: [CM]: loaded setting combineXPOrbs as true from carpet.conf
[13:57:15] [Server thread/INFO]: [CM]: loaded setting onePlayerSleeping as true from carpet.conf
[13:57:15] [Server thread/INFO]: [CM]: loaded setting leadFix as true from carpet.conf
[13:57:15] [Server thread/INFO]: [CM]: loaded setting ctrlQCraftingFix as true from carpet.conf
[13:57:15] [Server thread/INFO]: [CM]: loaded setting language as zh_cn from carpet.conf
[13:57:15] [Server thread/INFO]: [CM]: loaded setting commandScriptACE as ops from carpet.conf
[13:57:15] [Server thread/INFO]: [CM]: loaded setting commandTick as true from carpet.conf
[13:57:15] [Server thread/INFO]: [CM]: loaded setting commandDraw as false from carpet.conf
[13:57:15] [Server thread/INFO]: [CM]: loaded setting optimizedFastEntityMovement as true from carpet.conf
[13:57:15] [Server thread/INFO]: [CM]: loaded setting rotatorBlock as true from carpet.conf
[13:57:15] [Server thread/INFO]: [CM]: loaded setting opPlayerNoCheat as true from carpet.conf
[13:57:15] [Server thread/INFO]: [CM]: loaded setting commandPlayer as ops from carpet.conf
[13:57:15] [Server thread/INFO]: [CM]: loaded setting updateSuppressionCrashFix as true from carpet.conf
[13:57:15] [Server thread/INFO]: [CM]: loaded setting commandScript as true from carpet.conf
[13:57:15] [Server thread/INFO]: [CM]: loaded setting reloadSuffocationFix as true from carpet.conf
[13:57:15] [Server thread/INFO]: [CM]: loaded setting antiCheatDisabled as true from carpet.conf
[13:57:15] [Server thread/INFO]: [CM]: loaded setting commandPing as true from carpet.conf
[13:57:15] [Server thread/INFO]: [CM]: loaded setting scriptsAutoload as true from carpet.conf
[13:57:15] [Server thread/INFO]: [CM]: loaded setting defaultLoggers as tps,mobcaps from carpet.conf
[13:57:15] [Server thread/INFO]: [CM]: loaded setting placementRotationFix as true from carpet.conf
[13:57:15] [Server thread/INFO]: [CM]: loaded setting hopperCounters as true from carpet.conf
[13:57:15] [Server thread/INFO]: [CM]: loaded setting flippinCactus as true from carpet.conf
[13:57:15] [Server thread/INFO]: [CM]: loaded setting lagFreeSpawning as true from carpet.conf
[13:57:16] [Server thread/INFO]: create world dimension: minecraft:overworld (seed: 20190827)
[13:57:16] [Server thread/INFO]: create world dimension: minecraft:the_nether (seed: 20190827)
[13:57:16] [Server thread/INFO]: create world dimension: minecraft:the_end (seed: 20190827)
[13:57:16] [Server thread/INFO]: Preparing start region for dimension minecraft:overworld
[13:57:17] [Server thread/INFO]: Preparing spawn area: 0%
[13:57:17] [Server thread/INFO]: Preparing spawn area: 0%
[13:57:17] [Server thread/INFO]: Preparing spawn area: 0%
[13:57:17] [Server thread/INFO]: Preparing spawn area: 0%
[13:57:19] [Server thread/INFO]: Preparing spawn area: 0%
[13:57:19] [Worker-Main-7/INFO]: Preparing spawn area: 0%
[13:57:19] [Server thread/INFO]: Preparing spawn area: 38%
[13:57:20] [Server thread/INFO]: Time elapsed: 3719 ms
[13:57:20] [Server thread/INFO]: tagplayer app loaded with /tagplayer command
[13:57:20] [Server thread/INFO]: App tagplayer loaded in 194 ms
[13:57:20] [Server thread/INFO]: Done (4.496s)! For help, type "help"
[13:57:20] [Server thread/INFO]: Starting GS4 status listener
[13:57:20] [Server thread/INFO]: Thread Query Listener started
[13:57:20] [Query Listener #1/INFO]: Query running on 0.0.0.0:10799
[13:57:20] [Thread-70/INFO]: Loading BlueMap...
[13:57:20] [Thread-70/INFO]: Loading resources...
[13:57:20] [Thread-71/INFO]: WebServer started.
[13:57:20] [Server thread/INFO]: App tagplayer loaded in 124 ms
[13:57:22] [Thread-70/INFO]: Loading bluemap assets (1/3)...
[13:57:22] [Thread-70/INFO]: Loading realms assets (2/3)...
[13:57:22] [Server thread/WARN]: Can't keep up! Is the server overloaded? Running 2005ms or 40 ticks behind
[13:57:23] [Thread-70/INFO]: Loading minecraft assets (3/3)...
[13:57:25] [Thread-70/INFO]: BlueMap loaded!
[14:02:54] [Server thread/INFO]: Can only manipulate existing players
[14:02:54] [Server thread/INFO]: Can only manipulate existing players
[14:12:54] [Server thread/INFO]: Can only manipulate existing players
[14:12:54] [Server thread/INFO]: Can only manipulate existing players
[14:22:55] [Server thread/INFO]: Can only manipulate existing players
[14:22:55] [Server thread/INFO]: Can only manipulate existing players
[14:32:55] [Server thread/INFO]: Can only manipulate existing players
[14:32:55] [Server thread/INFO]: Can only manipulate existing players
[14:42:56] [Server thread/INFO]: Can only manipulate existing players
[14:42:56] [Server thread/INFO]: Can only manipulate existing players
[14:52:02] [Server thread/INFO]: shuijiao[local] logged in with entity id 154 at (-42.5, 61.0, 241.5)
[14:52:02] [Server thread/INFO]: 假的 shuijiao joined the game
[15:13:56] [Server thread/INFO]: MAX_ShouWang[/101.132.153.204:41973] logged in with entity id 1286 at (-54.280513847869706, 113.0, 532.2400418726635)
[15:13:56] [Server thread/INFO]: MAX_ShouWang joined the game
[15:13:56] [Netty Epoll Server IO #5/WARN]: Received invalid identifier in minecraft:register: legacy:fml|hs (Non [a-z0-9/._-] character in path of location: legacy:fml|hs)
[15:13:56] [Server thread/INFO]: MAX_ShouWang lost connection: Disconnected
[15:13:56] [Server thread/INFO]: MAX_ShouWang left the game
[15:14:00] [Server thread/INFO]: MAX_ShouWang[/101.132.153.204:35283] logged in with entity id 1297 at (-54.280513847869706, 113.0, 532.2400418726635)
[15:14:00] [Server thread/INFO]: MAX_ShouWang joined the game
[15:14:01] [Netty Epoll Server IO #6/WARN]: Received invalid identifier in minecraft:register: legacy:fml|hs (Non [a-z0-9/._-] character in path of location: legacy:fml|hs)
[15:14:08] [Netty Epoll Server IO #6/WARN]: Player MAX_ShouWang joined with another carpet version: 1.4.0+v200623
[15:14:31] [Server thread/INFO]: MAX_ShouWang lost connection: Disconnected
[15:14:31] [Server thread/INFO]: MAX_ShouWang left the game
[15:14:36] [Server thread/INFO]: MAX_ShouWang[/101.132.153.204:45279] logged in with entity id 1602 at (-54.280513847869706, 113.0, 532.2400418726635)
[15:14:36] [Server thread/INFO]: MAX_ShouWang joined the game
[15:14:36] [Netty Epoll Server IO #0/WARN]: Received invalid identifier in minecraft:register: legacy:fml|hs (Non [a-z0-9/._-] character in path of location: legacy:fml|hs)
[15:14:37] [Server thread/INFO]: MAX_ShouWang lost connection: Disconnected
[15:14:37] [Server thread/INFO]: MAX_ShouWang left the game
[15:14:41] [Server thread/INFO]: MAX_ShouWang[/101.132.153.204:54993] logged in with entity id 1724 at (-54.280513847869706, 113.0, 532.2400418726635)
[15:14:41] [Server thread/INFO]: MAX_ShouWang joined the game
[15:14:41] [Netty Epoll Server IO #1/WARN]: Received invalid identifier in minecraft:register: legacy:fml|hs (Non [a-z0-9/._-] character in path of location: legacy:fml|hs)
[15:14:43] [Netty Epoll Server IO #1/WARN]: Player MAX_ShouWang joined with another carpet version: 1.4.0+v200623
[15:19:41] [Server thread/INFO]: MAX_ShouWang lost connection: Disconnected
[15:19:41] [Server thread/INFO]: MAX_ShouWang left the game
[15:21:09] [Server thread/INFO]: MAX_ShouWang[/101.132.153.204:47661] logged in with entity id 2635 at (-107.30702651680788, 66.39377968791523, 532.6890410772004)
[15:21:09] [Server thread/INFO]: MAX_ShouWang joined the game
[15:21:09] [Netty Epoll Server IO #1/WARN]: Received invalid identifier in minecraft:register: legacy:fml|hs (Non [a-z0-9/._-] character in path of location: legacy:fml|hs)
[15:21:11] [Netty Epoll Server IO #1/WARN]: Player MAX_ShouWang joined with another carpet version: 1.4.0+v200623
[15:28:50] [Server thread/INFO]: MAX_ShouWang lost connection: Disconnected
[15:28:50] [Server thread/INFO]: MAX_ShouWang left the game
[15:30:20] [Server thread/INFO]: na2hco3_CN[/101.132.153.204:57381] logged in with entity id 5965 at (-165.3116921579246, 63.0, 502.68678896304806)
[15:30:20] [Server thread/INFO]: na2hco3_CN joined the game
[15:30:20] [Netty Epoll Server IO #3/WARN]: Received invalid identifier in minecraft:register: legacy:fml|hs (Non [a-z0-9/._-] character in path of location: legacy:fml|hs)
[15:30:21] [Netty Epoll Server IO #3/WARN]: Player na2hco3_CN joined with another carpet version: 1.4.8+v200811
[15:31:15] [Server thread/INFO]: ThreadedAnvilChunkStorage (world): All chunks are saved
[15:31:15] [Thread-138/INFO]: Creating render-task for map: world
[15:31:15] [Thread-138/INFO]: Collecting chunks...
[15:31:15] [Thread-138/INFO]: 491 chunks found!
[15:31:15] [Thread-138/INFO]: Collecting tiles...
[15:31:15] [Thread-138/INFO]: 150 tiles found! Task created.
[15:31:15] [Thread-138/INFO]: All render tasks created! Use /bluemap to view the progress!
[15:31:42] [Server thread/INFO]: 
[15:31:42] [Server thread/INFO]: Tile-Updates:
[15:31:42] [Server thread/INFO]:  Render-Threads are running!
[15:31:42] [Server thread/INFO]:  Scheduled tile-updates: 0
[15:31:42] [Server thread/INFO]: Current task:
[15:31:42] [Server thread/INFO]:  [X] Task radius-render for map skimit生存-主世界
[15:31:42] [Server thread/INFO]:  rendered 89 tiles (59.3% | 3.2t/s) in 27 seconds
[15:31:42] [Server thread/INFO]:  with 61 tiles to go. ETA: 18 seconds
[15:32:19] [Server thread/INFO]: 
[15:32:19] [Server thread/INFO]: Tile-Updates:
[15:32:19] [Server thread/INFO]:  Render-Threads are running!
[15:32:19] [Server thread/INFO]:  Scheduled tile-updates: 0
[15:32:52] [Server thread/INFO]: ThreadedAnvilChunkStorage (world): All chunks are saved
[15:32:52] [Thread-141/INFO]: Creating render-task for map: world
[15:32:52] [Thread-141/INFO]: Collecting chunks...
[15:32:52] [Thread-141/INFO]: 4287 chunks found!
[15:32:52] [Thread-141/INFO]: Collecting tiles...
[15:32:52] [Thread-141/INFO]: 1157 tiles found! Task created.
[15:32:52] [Thread-141/INFO]: All render tasks created! Use /bluemap to view the progress!
[15:33:10] [Server thread/INFO]: 
[15:33:10] [Server thread/INFO]: Average tick time: 27.836ms
[15:33:10] [Server thread/INFO]: Top 10 counts:
[15:33:10] [Server thread/INFO]:  - hopper in overworld: 1665.0
[15:33:10] [Server thread/INFO]:  - chest in overworld: 795.0
[15:33:10] [Server thread/INFO]:  - shulker_box in overworld: 300.0
[15:33:10] [Server thread/INFO]:  - furnace in overworld: 214.0
[15:33:10] [Server thread/INFO]:  - item in overworld: 189.0
[15:33:10] [Server thread/INFO]:  - zombie in overworld: 142.3
[15:33:10] [Server thread/INFO]:  - item_frame in overworld: 49.0
[15:33:10] [Server thread/INFO]:  - beacon in overworld: 47.0
[15:33:10] [Server thread/INFO]:  - creeper in overworld: 36.0
[15:33:10] [Server thread/INFO]:  - skeleton in overworld: 34.1
[15:33:10] [Server thread/INFO]: Top 10 CPU hogs:
[15:33:10] [Server thread/INFO]:  - hopper in overworld: 5.63ms
[15:33:10] [Server thread/INFO]:  - zombie in overworld: 5.14ms
[15:33:10] [Server thread/INFO]:  - drowned in overworld: 1.54ms
[15:33:10] [Server thread/INFO]:  - villager in overworld: 1.33ms
[15:33:10] [Server thread/INFO]:  - creeper in overworld: 0.98ms
[15:33:10] [Server thread/INFO]:  - skeleton in overworld: 0.93ms
[15:33:10] [Server thread/INFO]:  - bat in overworld: 0.55ms
[15:33:10] [Server thread/INFO]:  - wandering_trader in overworld: 0.53ms
[15:33:10] [Server thread/INFO]:  - witch in overworld: 0.48ms
[15:33:10] [Server thread/INFO]:  - pillager in overworld: 0.46ms
[15:34:14] [Server thread/INFO]: ThreadedAnvilChunkStorage (world): All chunks are saved
[15:34:14] [Thread-143/INFO]: Creating render-task for map: world
[15:34:14] [Thread-143/INFO]: Collecting chunks...
[15:34:14] [Thread-143/INFO]: 0 chunks found!
[15:34:14] [Thread-143/INFO]: Collecting tiles...
[15:34:14] [Thread-143/INFO]: 0 tiles found! Task created.
[15:34:14] [Thread-143/INFO]: All render tasks created! Use /bluemap to view the progress!
[15:34:56] [Server thread/INFO]: ThreadedAnvilChunkStorage (world): All chunks are saved
[15:34:56] [Thread-146/INFO]: Creating render-task for map: world
[15:34:56] [Thread-146/INFO]: Collecting chunks...
[15:34:56] [Thread-146/INFO]: 281 chunks found!
[15:34:56] [Thread-146/INFO]: Collecting tiles...
[15:34:56] [Thread-146/INFO]: 90 tiles found! Task created.
[15:34:56] [Thread-146/INFO]: All render tasks created! Use /bluemap to view the progress!
[15:35:53] [Server thread/INFO]: <na2hco3_CN> max 25
[15:36:47] [Server thread/INFO]: <na2hco3_CN> mstp
[15:37:02] [Server thread/INFO]: <na2hco3_CN> max 28.2
[15:46:10] [Server thread/INFO]: MAX_ShouWang[/101.132.153.204:36527] logged in with entity id 9432 at (-42.15534948741127, 64.0, 258.21042251885984)
[15:46:10] [Server thread/INFO]: MAX_ShouWang joined the game
[15:46:10] [Netty Epoll Server IO #4/WARN]: Received invalid identifier in minecraft:register: legacy:fml|hs (Non [a-z0-9/._-] character in path of location: legacy:fml|hs)
[15:46:11] [Netty Epoll Server IO #4/WARN]: Player MAX_ShouWang joined with another carpet version: 1.4.0+v200623
[15:46:41] [Server thread/INFO]: MAX_ShouWang lost connection: Disconnected
[15:46:41] [Server thread/INFO]: MAX_ShouWang left the game
[15:46:46] [Server thread/INFO]: MAX_ShouWang[/101.132.153.204:60691] logged in with entity id 9532 at (-42.15534948741127, 64.0, 258.21042251885984)
[15:46:46] [Server thread/INFO]: MAX_ShouWang joined the game
[15:46:46] [Netty Epoll Server IO #5/WARN]: Received invalid identifier in minecraft:register: legacy:fml|hs (Non [a-z0-9/._-] character in path of location: legacy:fml|hs)
[15:46:47] [Netty Epoll Server IO #5/WARN]: Player MAX_ShouWang joined with another carpet version: 1.4.0+v200623
[15:47:16] [Server thread/INFO]: <na2hco3_CN> 服务器资产
[15:47:23] [Server thread/INFO]: <na2hco3_CN> 禁止偷窃
[15:48:05] [Server thread/INFO]: <MAX_ShouWang> 小心挂啊
[15:48:09] [Server thread/INFO]: <na2hco3_CN> 钻块
[15:48:16] [Server thread/INFO]: <na2hco3_CN> 附魔金苹果
[15:48:16] [Server thread/INFO]: <MAX_ShouWang> az
[15:48:24] [Server thread/INFO]: <na2hco3_CN> 复活图腾
[15:48:43] [Server thread/INFO]: <na2hco3_CN> 不值钱了
[15:49:03] [Server thread/INFO]: <MAX_ShouWang> 以后还是值钱的
[15:49:19] [Server thread/INFO]: <na2hco3_CN> 看看以后有没有复制bug
[15:52:03] [Server thread/INFO]: Player shuijiao is already logged on
[15:52:26] [Server thread/INFO]: MAX_ShouWang lost connection: Disconnected
[15:52:26] [Server thread/INFO]: MAX_ShouWang left the game
[15:52:30] [Server thread/INFO]: MAX_ShouWang[/101.132.153.204:35823] logged in with entity id 12222 at (516.9023250212341, 67.0, 538.4120109131453)
[15:52:30] [Server thread/INFO]: MAX_ShouWang joined the game
[15:52:30] [Netty Epoll Server IO #4/WARN]: Received invalid identifier in minecraft:register: legacy:fml|hs (Non [a-z0-9/._-] character in path of location: legacy:fml|hs)
[15:52:32] [Netty Epoll Server IO #4/WARN]: Player MAX_ShouWang joined with another carpet version: 1.4.0+v200623
[15:57:22] [Server thread/INFO]: Disconnecting com.mojang.authlib.GameProfile@47c9a4e8[id=32b2b5d7-2d84-3e99-aadf-9d9399e814f5,name=xwc,properties={},legacy=false] (/101.132.153.204:33495): You are not white-listed on this server!
[15:57:22] [Server thread/INFO]: com.mojang.authlib.GameProfile@47c9a4e8[id=32b2b5d7-2d84-3e99-aadf-9d9399e814f5,name=xwc,properties={},legacy=false] (/101.132.153.204:33495) lost connection: You are not white-listed on this server!
[16:03:48] [Server thread/INFO]: <na2hco3_CN> 缺氧去了
[16:03:50] [Server thread/INFO]: <na2hco3_CN> 溜了
[16:03:52] [Server thread/INFO]: na2hco3_CN lost connection: Disconnected
[16:03:52] [Server thread/INFO]: na2hco3_CN left the game
[16:20:15] [Server thread/INFO]: <MAX_ShouWang> 0k=-273.15c
[16:28:35] [Server thread/INFO]: MAX_ShouWang lost connection: Disconnected
[16:28:35] [Server thread/INFO]: MAX_ShouWang left the game
[16:52:05] [Server thread/INFO]: Player shuijiao is already logged on
[16:57:51] [Server thread/INFO]: Disconnecting com.mojang.authlib.GameProfile@7533e60c[id=d8bb9710-0bd2-39c1-ba49-b7c606a5d69f,name=shaobao,properties={},legacy=false] (/101.132.153.204:48917): You are not white-listed on this server!
[16:57:51] [Server thread/INFO]: com.mojang.authlib.GameProfile@7533e60c[id=d8bb9710-0bd2-39c1-ba49-b7c606a5d69f,name=shaobao,properties={},legacy=false] (/101.132.153.204:48917) lost connection: You are not white-listed on this server!
[17:52:04] [Server thread/INFO]: Player shuijiao is already logged on
[18:52:04] [Server thread/INFO]: Player shuijiao is already logged on
[19:07:40] [Server thread/INFO]: There are 88 whitelisted players: xm233, DIOHIGH, Hai_Xing_Yang, beiwei_lkiru, _Ray_, ZetaTong, Assassin_LinC, wushi6969, WhiteSky_Bai, Naando, Aod0lcy, austinfoster, balabaj, China_mxb, Flipped777, Nan_Yang, SLIMJIMCHRIS, BCX, Aod_lcy, Mk_Bolo, zimzaza4, EDGW, jishuo, ChengXi123, YuceChivas, XxiaoyunX, EDGWA, aka213, yao_di, XZHao02, zxcalic, ooo, yuwenkang, Erue, justWYL, Plants352039, RZYplus, mikeOvO, MTpromax, na2hco3CN1277, DigitalBeast405, TTMM, LightImpala7271, goudongxi6066, extclp, na2hco3_CN, Qian_linger, H2O, Manjaro_linux, Lin_Moooo, WelcoFa, zeao, MAXXiaoKui5106, skyking_F, Charmander, dy_xiapiAce, Cora_cold, xiaojian520, xiaolouQAQ, Leafiey, OuOu319, Looooocro, huan_mo, 000tt000, MAX_ShouWang, X_mikl, chy, yunxiao, MPCQUQ, AQ, PrestoNickel564, Yantey, MIXMIXM, wuhao, Xia_Xia, Yan, wushi_, Qing_sha, BidTrout6715972, nukibple, soy_25, poxington, MAX_XiaoKui, Firliang, ChengXi123SJ, xiao_rui, Yu_Chei, Mr_Yijun
[19:28:10] [Server thread/INFO]: Xia_Xia[/101.132.153.204:57701] logged in with entity id 27464 at (-42.5, 64.0, 239.5)
[19:28:10] [Server thread/INFO]: Xia_Xia joined the game
[19:28:10] [Netty Epoll Server IO #7/WARN]: Received invalid identifier in minecraft:register: legacy:fml|hs (Non [a-z0-9/._-] character in path of location: legacy:fml|hs)
[19:29:04] [Server thread/INFO]: Xia_Xia has made the advancement [Isn't It Iron Pick]
[19:30:49] [Server thread/INFO]: Xia_Xia has made the advancement [Stone Age]
[19:31:00] [Server thread/INFO]: Xia_Xia has made the advancement [Getting an Upgrade]
[19:31:08] [Server thread/INFO]: Xia_Xia was slain by Zombie
[19:32:16] [Server thread/INFO]: Xia_Xia was shot by Skeleton
[19:35:28] [Server thread/INFO]: Xia_Xia has made the advancement [Acquire Hardware]
[19:38:01] [Server thread/INFO]: Xia_Xia has made the advancement [A Seedy Place]
[19:38:26] [Server thread/INFO]: Xia_Xia has made the advancement [Suit Up]
[19:43:38] [Server thread/INFO]: Xia_Xia has made the advancement [Monster Hunter]
[19:44:44] [Server thread/INFO]: Xia_Xia has made the advancement [Not Today, Thank You]
[19:45:22] [Server thread/INFO]: Xia_Xia was slain by Spider
[19:52:01] [Server thread/INFO]: Player shuijiao is already logged on
[19:59:35] [Server thread/INFO]: wuhao[/101.132.153.204:47327] logged in with entity id 36025 at (-1122.0187706680197, 63.0, 1338.914090327986)
[19:59:35] [Server thread/INFO]: wuhao joined the game
[19:59:35] [Netty Epoll Server IO #7/WARN]: Received invalid identifier in minecraft:register: legacy:fml|hs (Non [a-z0-9/._-] character in path of location: legacy:fml|hs)
[19:59:37] [Netty Epoll Server IO #7/WARN]: Player wuhao joined with another carpet version: 1.4.11+v200910
[20:00:30] [Server thread/INFO]: wuhao lost connection: Disconnected
[20:00:30] [Server thread/INFO]: wuhao left the game
[20:01:01] [Server thread/WARN]: Fetching packet for removed entity class_1542['Air'/36621, l='ServerLevel[world]', x=-367.30, y=70.26, z=480.50]
[20:05:09] [Server thread/INFO]: Xia_Xia has made the advancement [Sweet Dreams]
[20:10:20] [Server thread/INFO]: Villager class_1646['Villager'/38055, l='ServerLevel[world]', x=-326.70, y=69.00, z=1034.31] died, message: 'Villager was slain by Xia_Xia'
[20:10:27] [Server thread/INFO]: Villager class_1646['Villager'/38005, l='ServerLevel[world]', x=-339.48, y=70.00, z=1037.78] died, message: 'Villager was slain by Xia_Xia'
[20:10:45] [Server thread/INFO]: Villager class_1646['Mason'/38054, l='ServerLevel[world]', x=-323.53, y=68.05, z=1053.58] died, message: 'Mason was slain by Xia_Xia'
[20:10:57] [Server thread/INFO]: Villager class_1646['Villager'/38313, l='ServerLevel[world]', x=-325.48, y=67.00, z=1058.87] died, message: 'Villager was slain by Xia_Xia'
[20:12:32] [Server thread/INFO]: Villager class_1646['Villager'/38848, l='ServerLevel[world]', x=-371.63, y=64.94, z=1097.71] died, message: 'Villager was slain by Xia_Xia'
[20:12:39] [Server thread/INFO]: Villager class_1646['Villager'/38846, l='ServerLevel[world]', x=-371.39, y=63.00, z=1101.52] died, message: 'Villager was slain by Xia_Xia'
[20:13:29] [Server thread/INFO]: Villager class_1646['Fletcher'/38056, l='ServerLevel[world]', x=-348.79, y=69.00, z=1090.60] died, message: 'Fletcher was slain by Xia_Xia'
[20:13:55] [Server thread/INFO]: Villager class_1646['Villager'/38347, l='ServerLevel[world]', x=-328.53, y=68.00, z=1080.80] died, message: 'Villager was slain by Xia_Xia'
[20:26:23] [Server thread/INFO]: Xia_Xia has made the advancement [Best Friends Forever]
[20:42:01] [Server thread/INFO]: Xia_Xia was slain by Zombie
[20:42:06] [Server thread/INFO]: Xia_Xia lost connection: Disconnected
[20:42:06] [Server thread/INFO]: Xia_Xia left the game
[20:52:04] [Server thread/INFO]: Player shuijiao is already logged on
[21:34:51] [Server thread/WARN]: Fetching packet for removed entity class_1542['Air'/50162, l='ServerLevel[world]', x=-91.67, y=7.00, z=278.04]
[21:52:04] [Server thread/INFO]: Player shuijiao is already logged on
[22:52:03] [Server thread/INFO]: Player shuijiao is already logged on
[23:52:03] [Server thread/INFO]: Player shuijiao is already logged on
