[06:01:06] [main/INFO]: Loading for game Minecraft 1.15.2
[06:01:10] [main/WARN]: Mod `jankson` (2.0.0+j1.2.0) uses 'requires' key in fabric.mod.json, which is not supported - use 'depends'
[06:01:10] [main/INFO]: [FabricLoader] Loading 40 mods: minecraft@1.15.2, fabric-networking-blockentity-v0@0.2.3+e08a73050c, fabric-renderer-api-v1@0.2.10+f08b61330c, fabric-keybindings-v0@0.1.1+dfdb52d60c, jankson@2.0.0+j1.2.0, fabricloader@0.7.8+build.189, fabric-renderer-indigo@0.2.23+9290e2ed0c, fabric-containers-v0@0.1.3+b7f9825d0c, fabric-dimensions-v1@0.3.0+2ad156310c, org_apache_commons_commons-compress@1.9, fabric-biomes-v1@0.1.5+3b05f68e0c, fabric-events-interaction-v0@0.3.0+fac69e320c, fabric-crash-report-info-v1@0.1.2+b7f9825d0c, fabric-api-base@0.1.2+b7f9825d0c, fabric-rendering-v0@1.1.0+534104900c, fabric-rendering-v1@0.1.0+534104900c, fabric-rendering-data-attachment-v1@0.1.3+b7f9825d0c, fabric-resource-loader-v0@0.1.10+06c939b30c, fabric-textures-v0@1.0.4+821cdba70c, fabric-content-registries-v0@0.1.3+b7f9825d0c, fabric-tag-extensions-v0@0.1.3+abd915800c, fabric-rendering-fluids-v1@0.1.6+12515ed90c, fabric-commands-v0@0.1.2+b7f9825d0c, fabric-registry-sync-v0@0.2.6+f3d8141b0c, cotton-logging@1.0.0-rc.4, fabric-blockrenderlayer-v1@1.1.4+c6a8ea890c, textile_backup@1.1.0-1.15, fabric-mining-levels-v0@0.1.1+b7f9825d0c, fabric-renderer-registries-v1@2.0.1+5a0f9a600c, carpet-extra@1.3.15, fabric-events-lifecycle-v0@0.1.2+b7f9825d0c, fabric-loot-tables-v1@0.1.5+e08a73050c, fabric@0.5.1+build.294-1.15, carpet@1.3.15, fabric-item-groups-v0@0.1.6+ec40b2e10c, fabric-models-v0@0.1.0+dfdb52d60c, fabric-particles-v1@0.1.1+dfdb52d60c, fabric-networking-v0@0.1.7+12515ed90c, fabric-object-builders-v0@0.1.3+e4c9a9c30c, cotton-config@1.0.0-rc.7
[06:01:11] [main/INFO]: SpongePowered MIXIN Subsystem Version=0.8 Source=file:/C:/Server/skimit_survival/fabric-server-launch.jar Service=Knot/Fabric Env=SERVER
[06:02:30] [main/WARN]: Ambiguity between arguments [teleport, destination] and [teleport, targets] with inputs: [Player, 0123, @e, dd12be42-52a9-4a91-a8a1-11c01849e498]
[06:02:30] [main/WARN]: Ambiguity between arguments [teleport, location] and [teleport, destination] with inputs: [0.1 -0.5 .9, 0 0 0]
[06:02:30] [main/WARN]: Ambiguity between arguments [teleport, location] and [teleport, targets] with inputs: [0.1 -0.5 .9, 0 0 0]
[06:02:30] [main/WARN]: Ambiguity between arguments [teleport, targets] and [teleport, destination] with inputs: [Player, 0123, dd12be42-52a9-4a91-a8a1-11c01849e498]
[06:02:30] [main/WARN]: Ambiguity between arguments [teleport, targets, location] and [teleport, targets, destination] with inputs: [0.1 -0.5 .9, 0 0 0]
[06:02:33] [main/INFO]: [TextileBackup]: Loading TextileBackup by Szum123321
[06:02:35] [Server thread/INFO]: Starting minecraft server version 1.15.2
[06:02:35] [Server thread/INFO]: Loading properties
[06:02:35] [Server thread/INFO]: Default game type: SURVIVAL
[06:02:35] [Server thread/INFO]: Generating keypair
[06:02:36] [Server thread/INFO]: Starting Minecraft server on *:26565
[06:02:36] [Server thread/INFO]: Using default channel type
[06:02:37] [Server thread/WARN]: **** SERVER IS RUNNING IN OFFLINE/INSECURE MODE!
[06:02:37] [Server thread/WARN]: The server will make no attempt to authenticate usernames. Beware.
[06:02:37] [Server thread/WARN]: While this makes the game possible to play without internet access, it also opens up the ability for hackers to connect with any username they choose.
[06:02:37] [Server thread/WARN]: To change this, set "online-mode" to "true" in the server.properties file.
[06:02:38] [Server thread/INFO]: Preparing level "skimit"
[06:02:38] [Server thread/INFO]: [CM]: loaded setting commandDraw as false from carpet.conf
[06:02:38] [Server thread/INFO]: [CM]: loaded setting rotatorBlock as true from carpet.conf
[06:02:38] [Server thread/INFO]: [CM]: loaded setting combineXPOrbs as true from carpet.conf
[06:02:38] [Server thread/INFO]: [CM]: loaded setting onePlayerSleeping as true from carpet.conf
[06:02:38] [Server thread/INFO]: [CM]: loaded setting portalSuffocationFix as true from carpet.conf
[06:02:38] [Server thread/INFO]: [CM]: loaded setting leadFix as true from carpet.conf
[06:02:38] [Server thread/INFO]: [CM]: loaded setting antiCheatDisabled as true from carpet.conf
[06:02:38] [Server thread/INFO]: [CM]: loaded setting defaultLoggers as tps from carpet.conf
[06:02:38] [Server thread/INFO]: [CM]: loaded setting commandCameramode as false from carpet.conf
[06:02:38] [Server thread/INFO]: [CM]: loaded setting unloadedEntityFix as true from carpet.conf
[06:02:38] [Server thread/INFO]: [CM]: loaded setting ctrlQCraftingFix as true from carpet.conf
[06:02:38] [Server thread/INFO]: [fabric-registry-sync] Loaded registry data [file 1/4]
[06:02:38] [Server thread/INFO]: Reloading ResourceManager: Default, bukkit, Fabric Mining Levels (v0)
[06:02:41] [Server thread/INFO]: Loaded 6 recipes
[06:02:42] [Server thread/INFO]: Loaded 825 advancements
[06:02:43] [Server thread/INFO]: Preparing start region for dimension minecraft:overworld
[06:02:48] [Server thread/INFO]: Preparing spawn area: 0%
[06:02:48] [Server thread/INFO]: Preparing spawn area: 0%
[06:02:48] [Server thread/INFO]: Preparing spawn area: 0%
[06:02:48] [Server thread/INFO]: Preparing spawn area: 0%
[06:02:48] [Server thread/INFO]: Preparing spawn area: 0%
[06:02:48] [Server thread/INFO]: Preparing spawn area: 0%
[06:02:48] [Server thread/INFO]: Preparing spawn area: 0%
[06:02:48] [Server thread/INFO]: Preparing spawn area: 0%
[06:02:48] [Server thread/INFO]: Preparing spawn area: 0%
[06:02:48] [Server thread/INFO]: Preparing spawn area: 0%
[06:02:48] [Server thread/INFO]: Preparing spawn area: 0%
[06:02:49] [Server-Worker-2/INFO]: Preparing spawn area: 0%
[06:02:50] [Server-Worker-2/INFO]: Preparing spawn area: 0%
[06:02:51] [Server thread/INFO]: Preparing spawn area: 0%
[06:02:51] [Server thread/INFO]: Preparing spawn area: 0%
[06:02:51] [Server thread/INFO]: Preparing spawn area: 0%
[06:02:51] [Server thread/INFO]: Preparing spawn area: 83%
[06:02:52] [Server thread/INFO]: Preparing spawn area: 83%
[06:02:53] [Server thread/INFO]: Time elapsed: 9375 ms
[06:02:53] [Server thread/INFO]: Done (15.035s)! For help, type "help"
[06:02:53] [Server thread/INFO]: Starting remote control listener
[06:02:53] [RCON Listener #1/INFO]: RCON running on 0.0.0.0:25636
[06:02:55] [Server thread/WARN]: Can't keep up! Is the server overloaded? Running 2555ms or 51 ticks behind
[07:39:41] [Server thread/INFO]: MTpromax[/127.0.0.1:60342] logged in with entity id 78 at (-440.44010127683083, 68.0, 444.30000001192093)
[07:39:41] [Netty Server IO #0/WARN]: Received invalid identifier in minecraft:register: legacy:fml|hs (Non [a-z0-9/._-] character in path of location: legacy:fml|hs)
[07:39:42] [Server thread/INFO]: MTpromax joined the game
[07:39:42] [Server thread/INFO]: [TextileBackup]: Backup started by: SERVER on: 2020-04-15_07-39-42
[07:39:42] [Server thread/INFO]: [TextileBackup]: Saving server...
[07:39:43] [Thread-50/INFO]: [TextileBackup]: Starting compression...
[07:39:43] [Server thread/WARN]: Can't keep up! Is the server overloaded? Running 2450ms or 49 ticks behind
[07:40:02] [Server thread/WARN]: Can't keep up! Is the server overloaded? Running 3396ms or 67 ticks behind
[07:40:30] [Server thread/WARN]: Can't keep up! Is the server overloaded? Running 2267ms or 45 ticks behind
[07:41:02] [Server thread/WARN]: Can't keep up! Is the server overloaded? Running 17120ms or 342 ticks behind
[07:41:32] [Server thread/WARN]: Can't keep up! Is the server overloaded? Running 14342ms or 286 ticks behind
[07:41:52] [Server thread/WARN]: Can't keep up! Is the server overloaded? Running 5534ms or 110 ticks behind
[07:42:18] [Server thread/WARN]: Can't keep up! Is the server overloaded? Running 10575ms or 211 ticks behind
[07:42:44] [Thread-50/INFO]: [TextileBackup]: Compression finished
[07:42:44] [Thread-50/INFO]: [TextileBackup]: Deleting: 2020-04-14_11-05-53.zip
[07:42:46] [Server thread/WARN]: Can't keep up! Is the server overloaded? Running 12966ms or 259 ticks behind
[07:42:46] [Thread-50/INFO]: [TextileBackup]: Done!
[07:44:06] [Server thread/WARN]: Can't keep up! Is the server overloaded? Running 2409ms or 48 ticks behind
[07:49:08] [Server thread/WARN]: Can't keep up! Is the server overloaded? Running 2076ms or 41 ticks behind
[07:56:25] [Server thread/INFO]: MTpromax was shot by Skeleton
[08:09:10] [Server thread/WARN]: Can't keep up! Is the server overloaded? Running 2063ms or 41 ticks behind
[08:14:24] [Server thread/INFO]: ChengXi123[/127.0.0.1:61586] logged in with entity id 3318 at (-370.8777907484601, 70.0, 511.598110834776)
[08:14:24] [Server thread/INFO]: ChengXi123 joined the game
[08:14:25] [Netty Server IO #0/WARN]: Received invalid identifier in minecraft:register: legacy:fml|hs (Non [a-z0-9/._-] character in path of location: legacy:fml|hs)
[08:14:26] [Server thread/WARN]: Can't keep up! Is the server overloaded? Running 2235ms or 44 ticks behind
[08:14:39] [Server thread/INFO]: <MTpromax> hi
[08:15:32] [Server thread/INFO]: <ChengXi123> 你在哪
[08:15:46] [Server thread/INFO]: <MTpromax> 加
[08:16:02] [Server thread/INFO]: <ChengXi123> 你不是回老家了吗
[08:16:41] [Server thread/INFO]: <MTpromax> 我什么时候说国我在老家过夜
[08:17:02] [Server thread/INFO]: <ChengXi123> o
[08:19:15] [Server thread/WARN]: Can't keep up! Is the server overloaded? Running 2038ms or 40 ticks behind
[08:21:34] [Server thread/INFO]: <MTpromax> 在哪里
[08:21:41] [Server thread/INFO]: <ChengXi123> 你家
[08:22:04] [Server thread/INFO]: <MTpromax> 刷一下样拖
[08:24:02] [Server thread/INFO]: MTpromax lost connection: Disconnected
[08:24:02] [Server thread/INFO]: MTpromax left the game
[08:24:06] [Server thread/INFO]: MTpromax[/127.0.0.1:61942] logged in with entity id 4684 at (-414.2501481243999, 71.90290000319482, 544.2196053045817)
[08:24:06] [Server thread/INFO]: MTpromax joined the game
[08:24:07] [Netty Server IO #1/WARN]: Received invalid identifier in minecraft:register: legacy:fml|hs (Non [a-z0-9/._-] character in path of location: legacy:fml|hs)
[08:24:17] [Server thread/WARN]: Can't keep up! Is the server overloaded? Running 2039ms or 40 ticks behind
[08:24:21] [Server thread/INFO]: MTpromax lost connection: Disconnected
[08:24:21] [Server thread/INFO]: MTpromax left the game
[08:24:24] [Server thread/INFO]: MTpromax[/127.0.0.1:61958] logged in with entity id 4711 at (-414.28414983056797, 71.90290000319482, 544.2189842241831)
[08:24:24] [Netty Server IO #0/WARN]: Received invalid identifier in minecraft:register: legacy:fml|hs (Non [a-z0-9/._-] character in path of location: legacy:fml|hs)
[08:24:24] [Server thread/INFO]: MTpromax joined the game
[08:24:45] [Server thread/INFO]: MTpromax lost connection: Disconnected
[08:24:45] [Server thread/INFO]: MTpromax left the game
[08:24:47] [Server thread/INFO]: MTpromax[/127.0.0.1:61979] logged in with entity id 4743 at (-414.2414306302696, 71.90290000319482, 543.6910626265518)
[08:24:47] [Netty Server IO #0/WARN]: Received invalid identifier in minecraft:register: legacy:fml|hs (Non [a-z0-9/._-] character in path of location: legacy:fml|hs)
[08:24:47] [Server thread/INFO]: MTpromax joined the game
[08:25:03] [Server thread/INFO]: MTpromax lost connection: Disconnected
[08:25:03] [Server thread/INFO]: MTpromax left the game
[08:25:05] [Server thread/INFO]: MTpromax[/127.0.0.1:61996] logged in with entity id 4779 at (-414.1716909942358, 71.90290000319482, 543.685134497594)
[08:25:05] [Server thread/INFO]: MTpromax joined the game
[08:25:06] [Netty Server IO #0/WARN]: Received invalid identifier in minecraft:register: legacy:fml|hs (Non [a-z0-9/._-] character in path of location: legacy:fml|hs)
[08:25:44] [Server thread/INFO]: <MTpromax> 谢谢
[08:29:19] [Server thread/WARN]: Can't keep up! Is the server overloaded? Running 2127ms or 42 ticks behind
[08:34:22] [Server thread/WARN]: Can't keep up! Is the server overloaded? Running 2200ms or 44 ticks behind
[08:36:18] [Server thread/INFO]: <ChengXi123> 睡觉
[08:36:50] [Server thread/INFO]: Aod_lcy[/127.0.0.1:62431] logged in with entity id 6631 at (192.85443368040214, 1.0625, 0.6155514496402746)
[08:36:50] [Netty Server IO #0/WARN]: Received invalid identifier in minecraft:register: legacy:fml|hs (Non [a-z0-9/._-] character in path of location: legacy:fml|hs)
[08:36:50] [Server thread/INFO]: Aod_lcy joined the game
[08:36:51] [Server thread/WARN]: Fetching packet for removed entity class_1303['Experience Orb'/6682, l='skimit', x=192.56, y=1.58, z=1.01]
[08:36:51] [Server thread/WARN]: Can't keep up! Is the server overloaded? Running 2089ms or 41 ticks behind
[08:37:20] [Server thread/WARN]: Can't keep up! Is the server overloaded? Running 13368ms or 267 ticks behind
[08:37:43] [Server thread/WARN]: Can't keep up! Is the server overloaded? Running 7836ms or 156 ticks behind
[08:38:02] [Server thread/WARN]: Can't keep up! Is the server overloaded? Running 4098ms or 81 ticks behind
[08:38:19] [Server thread/WARN]: Can't keep up! Is the server overloaded? Running 2027ms or 40 ticks behind
[08:38:37] [Server thread/WARN]: Can't keep up! Is the server overloaded? Running 3843ms or 76 ticks behind
[08:39:12] [Server thread/WARN]: Can't keep up! Is the server overloaded? Running 19928ms or 398 ticks behind
[08:39:32] [Server thread/WARN]: Can't keep up! Is the server overloaded? Running 5042ms or 100 ticks behind
[08:39:43] [Server thread/INFO]: [TextileBackup]: Backup started by: SERVER on: 2020-04-15_08-39-43
[08:39:43] [Server thread/INFO]: [TextileBackup]: Saving server...
[08:39:45] [Thread-51/INFO]: [TextileBackup]: Starting compression...
[08:40:10] [Server thread/WARN]: Can't keep up! Is the server overloaded? Running 22384ms or 447 ticks behind
[08:41:10] [Server thread/WARN]: Can't keep up! Is the server overloaded? Running 44883ms or 897 ticks behind
[08:42:12] [Thread-51/INFO]: [TextileBackup]: Compression finished
[08:42:12] [Thread-51/INFO]: [TextileBackup]: Deleting: 2020-04-14_12-09-51.zip
[08:42:12] [Thread-51/INFO]: [TextileBackup]: Done!
[08:42:15] [Server thread/WARN]: Can't keep up! Is the server overloaded? Running 50047ms or 1000 ticks behind
[08:42:39] [Server thread/WARN]: Can't keep up! Is the server overloaded? Running 9927ms or 198 ticks behind
[08:44:02] [Server thread/WARN]: Can't keep up! Is the server overloaded? Running 2024ms or 40 ticks behind
[08:44:23] [Server thread/WARN]: Can't keep up! Is the server overloaded? Running 2007ms or 40 ticks behind
[08:44:46] [Server thread/WARN]: Can't keep up! Is the server overloaded? Running 2029ms or 40 ticks behind
[08:45:04] [Server thread/WARN]: Can't keep up! Is the server overloaded? Running 2490ms or 49 ticks behind
[08:45:26] [Server thread/WARN]: Can't keep up! Is the server overloaded? Running 2024ms or 40 ticks behind
[08:45:47] [Server thread/WARN]: Can't keep up! Is the server overloaded? Running 5988ms or 119 ticks behind
[08:46:16] [Server thread/WARN]: Can't keep up! Is the server overloaded? Running 13429ms or 268 ticks behind
[08:46:53] [Server thread/WARN]: Can't keep up! Is the server overloaded? Running 22413ms or 448 ticks behind
[08:47:22] [Server thread/WARN]: Can't keep up! Is the server overloaded? Running 13442ms or 268 ticks behind
[08:47:48] [Server thread/WARN]: Can't keep up! Is the server overloaded? Running 11520ms or 230 ticks behind
[08:48:11] [Server thread/WARN]: Can't keep up! Is the server overloaded? Running 7659ms or 153 ticks behind
[08:48:34] [Server thread/WARN]: Can't keep up! Is the server overloaded? Running 8176ms or 163 ticks behind
[08:49:04] [Server thread/WARN]: Can't keep up! Is the server overloaded? Running 4879ms or 97 ticks behind
[08:49:26] [Server thread/INFO]: MTpromax fell from a high place
[08:49:34] [Server thread/WARN]: Can't keep up! Is the server overloaded? Running 14951ms or 299 ticks behind
[08:50:00] [Server thread/WARN]: Can't keep up! Is the server overloaded? Running 10723ms or 214 ticks behind
[08:50:26] [Server thread/WARN]: Can't keep up! Is the server overloaded? Running 11469ms or 229 ticks behind
[08:50:57] [Server thread/WARN]: Can't keep up! Is the server overloaded? Running 16514ms or 330 ticks behind
[08:51:20] [Server thread/INFO]: MTpromax fell from a high place
[08:51:23] [Server thread/WARN]: Can't keep up! Is the server overloaded? Running 10854ms or 217 ticks behind
[08:51:48] [Server thread/WARN]: Can't keep up! Is the server overloaded? Running 9316ms or 186 ticks behind
[08:52:10] [Server thread/WARN]: Can't keep up! Is the server overloaded? Running 7807ms or 156 ticks behind
[08:52:33] [Server thread/WARN]: Can't keep up! Is the server overloaded? Running 8047ms or 160 ticks behind
[08:52:47] [Server thread/INFO]: <MTpromax> 你是不是要红纱
[08:52:58] [Server thread/WARN]: Can't keep up! Is the server overloaded? Running 9660ms or 193 ticks behind
[08:53:19] [Server thread/WARN]: Can't keep up! Is the server overloaded? Running 5743ms or 114 ticks behind
[08:53:41] [Server thread/WARN]: Can't keep up! Is the server overloaded? Running 6964ms or 139 ticks behind
[08:54:04] [Server thread/WARN]: Can't keep up! Is the server overloaded? Running 8468ms or 169 ticks behind
[08:54:12] [Server thread/WARN]: Fetching packet for removed entity class_1542['Air'/16334, l='skimit', x=194.49, y=1.06, z=-0.11]
[08:54:27] [Server thread/WARN]: Can't keep up! Is the server overloaded? Running 7882ms or 157 ticks behind
[08:54:49] [Server thread/WARN]: Can't keep up! Is the server overloaded? Running 7040ms or 140 ticks behind
[08:55:12] [Server thread/WARN]: Can't keep up! Is the server overloaded? Running 7769ms or 155 ticks behind
[08:55:34] [Server thread/WARN]: Can't keep up! Is the server overloaded? Running 7474ms or 149 ticks behind
[08:55:56] [Server thread/WARN]: Can't keep up! Is the server overloaded? Running 7178ms or 143 ticks behind
[08:56:26] [Server thread/WARN]: Can't keep up! Is the server overloaded? Running 14558ms or 291 ticks behind
[08:56:49] [Server thread/WARN]: Can't keep up! Is the server overloaded? Running 8103ms or 162 ticks behind
[08:57:21] [Server thread/WARN]: Can't keep up! Is the server overloaded? Running 17441ms or 348 ticks behind
[08:57:51] [Server thread/WARN]: Can't keep up! Is the server overloaded? Running 14930ms or 298 ticks behind
[08:58:22] [Server thread/WARN]: Can't keep up! Is the server overloaded? Running 15363ms or 307 ticks behind
[08:58:53] [Server thread/WARN]: Can't keep up! Is the server overloaded? Running 16093ms or 321 ticks behind
[08:59:24] [Server thread/WARN]: Can't keep up! Is the server overloaded? Running 16693ms or 333 ticks behind
[08:59:48] [Server thread/WARN]: Can't keep up! Is the server overloaded? Running 9101ms or 182 ticks behind
[09:00:14] [Server thread/WARN]: Can't keep up! Is the server overloaded? Running 10343ms or 206 ticks behind
[09:00:41] [Server thread/WARN]: Can't keep up! Is the server overloaded? Running 12035ms or 240 ticks behind
[09:01:06] [Server thread/WARN]: Can't keep up! Is the server overloaded? Running 9846ms or 196 ticks behind
[09:01:33] [Server thread/WARN]: Can't keep up! Is the server overloaded? Running 12189ms or 243 ticks behind
[09:01:59] [Server thread/WARN]: Can't keep up! Is the server overloaded? Running 11093ms or 221 ticks behind
[09:02:22] [Server thread/WARN]: Can't keep up! Is the server overloaded? Running 8555ms or 171 ticks behind
[09:02:47] [Server thread/WARN]: Can't keep up! Is the server overloaded? Running 9262ms or 185 ticks behind
[09:03:11] [Server thread/WARN]: Can't keep up! Is the server overloaded? Running 9459ms or 189 ticks behind
[09:03:38] [Server thread/WARN]: Can't keep up! Is the server overloaded? Running 12240ms or 244 ticks behind
[09:04:08] [Server thread/WARN]: Can't keep up! Is the server overloaded? Running 14831ms or 296 ticks behind
[09:05:09] [Server thread/WARN]: Can't keep up! Is the server overloaded? Running 46283ms or 925 ticks behind
[09:05:39] [Server thread/WARN]: Can't keep up! Is the server overloaded? Running 14832ms or 296 ticks behind
[09:06:23] [Server thread/WARN]: Can't keep up! Is the server overloaded? Running 28959ms or 579 ticks behind
[09:07:01] [Server thread/WARN]: Can't keep up! Is the server overloaded? Running 22662ms or 453 ticks behind
[09:07:47] [Server thread/WARN]: Can't keep up! Is the server overloaded? Running 31152ms or 623 ticks behind
[09:08:24] [Server thread/WARN]: Can't keep up! Is the server overloaded? Running 22472ms or 449 ticks behind
[09:09:07] [Server thread/WARN]: Can't keep up! Is the server overloaded? Running 27599ms or 551 ticks behind
[09:09:47] [Server thread/WARN]: Can't keep up! Is the server overloaded? Running 24830ms or 496 ticks behind
[09:10:01] [Server thread/WARN]: Fetching packet for removed entity class_1542['Air'/28191, l='skimit', x=194.94, y=1.06, z=-0.18]
[09:10:22] [Server thread/WARN]: Can't keep up! Is the server overloaded? Running 20268ms or 405 ticks behind
[09:11:05] [Server thread/WARN]: Can't keep up! Is the server overloaded? Running 27757ms or 555 ticks behind
[09:11:57] [Server thread/WARN]: Can't keep up! Is the server overloaded? Running 37427ms or 748 ticks behind
[09:12:40] [Server thread/INFO]: <MTpromax> 我找到经合欢木了
[09:12:53] [Server thread/WARN]: Can't keep up! Is the server overloaded? Running 40765ms or 815 ticks behind
[09:13:02] [Server thread/INFO]: <ChengXi123> 帮我弄点树苗
[09:13:18] [Server thread/WARN]: Can't keep up! Is the server overloaded? Running 10240ms or 204 ticks behind
[09:13:23] [Server thread/INFO]: <MTpromax> 我这里整个草原都是
[09:13:44] [Server thread/WARN]: Can't keep up! Is the server overloaded? Running 10816ms or 216 ticks behind
[09:13:55] [Server thread/INFO]: <MTpromax> 至于我能不能飞回来就看天意
[09:14:13] [Server thread/WARN]: Can't keep up! Is the server overloaded? Running 14411ms or 288 ticks behind
[09:14:41] [Server thread/WARN]: Can't keep up! Is the server overloaded? Running 13200ms or 264 ticks behind
[09:15:02] [Server thread/WARN]: Can't keep up! Is the server overloaded? Running 5314ms or 106 ticks behind
[09:15:25] [Server thread/WARN]: Can't keep up! Is the server overloaded? Running 7862ms or 157 ticks behind
[09:15:50] [Server thread/WARN]: Can't keep up! Is the server overloaded? Running 10660ms or 213 ticks behind
[09:16:10] [Server thread/INFO]: Scanning for legacy world dragon fight...
[09:16:10] [Server thread/INFO]: Found that the dragon has been killed in this world already.
[09:16:17] [Server thread/WARN]: Can't keep up! Is the server overloaded? Running 12038ms or 240 ticks behind
[09:16:37] [Server thread/WARN]: Can't keep up! Is the server overloaded? Running 5286ms or 105 ticks behind
[09:16:57] [Server thread/WARN]: Can't keep up! Is the server overloaded? Running 4886ms or 97 ticks behind
[09:17:03] [Server thread/INFO]: MTpromax has made the advancement [A Throwaway Joke]
[09:17:19] [Server thread/WARN]: Can't keep up! Is the server overloaded? Running 7167ms or 143 ticks behind
[09:17:40] [Server thread/WARN]: Can't keep up! Is the server overloaded? Running 5145ms or 102 ticks behind
[09:18:07] [Server thread/WARN]: Can't keep up! Is the server overloaded? Running 12588ms or 251 ticks behind
[09:18:35] [Server thread/WARN]: Can't keep up! Is the server overloaded? Running 13316ms or 266 ticks behind
[09:18:59] [Server thread/WARN]: Can't keep up! Is the server overloaded? Running 8945ms or 178 ticks behind
[09:19:19] [Server thread/WARN]: Can't keep up! Is the server overloaded? Running 5164ms or 103 ticks behind
[09:19:40] [Server thread/WARN]: Can't keep up! Is the server overloaded? Running 5207ms or 104 ticks behind
[09:20:03] [Server thread/WARN]: Can't keep up! Is the server overloaded? Running 8155ms or 163 ticks behind
[09:20:26] [Server thread/WARN]: Can't keep up! Is the server overloaded? Running 7988ms or 159 ticks behind
[09:20:45] [Server thread/WARN]: Can't keep up! Is the server overloaded? Running 4738ms or 94 ticks behind
[09:21:05] [Server thread/WARN]: Can't keep up! Is the server overloaded? Running 5039ms or 100 ticks behind
[09:21:43] [Server thread/WARN]: Can't keep up! Is the server overloaded? Running 22162ms or 443 ticks behind
[09:22:27] [Server thread/INFO]: ChengXi123 lost connection: Disconnected
[09:22:27] [Server thread/INFO]: ChengXi123 left the game
[09:22:31] [Server thread/INFO]: Aod_lcy lost connection: Disconnected
[09:22:31] [Server thread/INFO]: Aod_lcy left the game
[09:22:35] [Server thread/INFO]: ChengXi123[/127.0.0.1:64016] logged in with entity id 32450 at (-291.3458888474741, 64.0, 421.37891632253445)
[09:22:35] [Netty Server IO #1/WARN]: Received invalid identifier in minecraft:register: legacy:fml|hs (Non [a-z0-9/._-] character in path of location: legacy:fml|hs)
[09:22:35] [Server thread/INFO]: ChengXi123 joined the game
[09:22:36] [Server thread/INFO]: Aod_lcy[/127.0.0.1:64023] logged in with entity id 32456 at (189.92182057603858, 2.0625, 0.6823201144828677)
[09:22:36] [Netty Server IO #1/WARN]: Received invalid identifier in minecraft:register: legacy:fml|hs (Non [a-z0-9/._-] character in path of location: legacy:fml|hs)
[09:22:36] [Server thread/INFO]: Aod_lcy joined the game
[09:22:56] [Server Watchdog/FATAL]: A single server tick took 60.19 seconds (should be max 0.05)
[09:22:56] [Server Watchdog/FATAL]: Considering it to be crashed, server will forcibly shutdown.
[09:22:58] [Server Watchdog/ERROR]: This crash report has been saved to: C:\Server\skimit_survival\.\crash-reports\crash-2020-04-15_09.22.57-server.txt
[09:22:59] [Server thread/INFO]: Stopping server
[09:22:59] [Server thread/INFO]: Saving players
[09:22:59] [Server thread/INFO]: MTpromax lost connection: Internal Exception: java.lang.StackOverflowError
[09:22:59] [Server thread/INFO]: MTpromax left the game
[09:22:59] [Server thread/INFO]: Aod_lcy lost connection: Internal Exception: java.lang.StackOverflowError
[09:22:59] [Server thread/INFO]: Aod_lcy left the game
[09:22:59] [Server thread/INFO]: Saving worlds
[09:22:59] [Server thread/INFO]: Saving chunks for level 'skimit'/minecraft:overworld
[09:23:06] [Server thread/INFO]: ThreadedAnvilChunkStorage (skimit): All chunks are saved
[09:23:06] [Server thread/INFO]: Saving chunks for level 'skimit'/minecraft:the_nether
[09:23:06] [Server thread/INFO]: ThreadedAnvilChunkStorage (DIM-1): All chunks are saved
[09:23:06] [Server thread/INFO]: Saving chunks for level 'skimit'/minecraft:the_end
[09:23:06] [Server thread/INFO]: ThreadedAnvilChunkStorage (DIM1): All chunks are saved
[09:23:06] [Server thread/INFO]: [TextileBackup]: Backup started by: SERVER on: 2020-04-15_09-23-06
[09:23:06] [Server thread/INFO]: [TextileBackup]: Saving server...
[09:23:06] [Server thread/INFO]: ThreadedAnvilChunkStorage (skimit): All chunks are saved
[09:23:06] [Thread-53/INFO]: [TextileBackup]: Starting compression...
[09:23:07] [Server thread/INFO]: ThreadedAnvilChunkStorage (DIM-1): All chunks are saved
[09:23:07] [Server thread/INFO]: ThreadedAnvilChunkStorage (DIM1): All chunks are saved
