[06:01:06] [main/INFO]: Loading for game Minecraft 1.15.2
[06:01:10] [main/WARN]: Mod `jankson` (2.0.0+j1.2.0) uses 'requires' key in fabric.mod.json, which is not supported - use 'depends'
[06:01:10] [main/INFO]: [FabricLoader] Loading 40 mods: minecraft@1.15.2, fabric-networking-blockentity-v0@0.2.3+e08a73050c, fabric-renderer-api-v1@0.2.10+f08b61330c, fabric-keybindings-v0@0.1.1+dfdb52d60c, jankson@2.0.0+j1.2.0, fabricloader@0.7.8+build.189, fabric-renderer-indigo@0.2.23+9290e2ed0c, fabric-containers-v0@0.1.3+b7f9825d0c, fabric-dimensions-v1@0.3.0+2ad156310c, org_apache_commons_commons-compress@1.9, fabric-biomes-v1@0.1.5+3b05f68e0c, fabric-events-interaction-v0@0.3.0+fac69e320c, fabric-crash-report-info-v1@0.1.2+b7f9825d0c, fabric-api-base@0.1.2+b7f9825d0c, fabric-rendering-v0@1.1.0+534104900c, fabric-rendering-v1@0.1.0+534104900c, fabric-rendering-data-attachment-v1@0.1.3+b7f9825d0c, fabric-resource-loader-v0@0.1.10+06c939b30c, fabric-textures-v0@1.0.4+821cdba70c, fabric-content-registries-v0@0.1.3+b7f9825d0c, fabric-tag-extensions-v0@0.1.3+abd915800c, fabric-rendering-fluids-v1@0.1.6+12515ed90c, fabric-commands-v0@0.1.2+b7f9825d0c, fabric-registry-sync-v0@0.2.6+f3d8141b0c, cotton-logging@1.0.0-rc.4, fabric-blockrenderlayer-v1@1.1.4+c6a8ea890c, textile_backup@1.1.0-1.15, fabric-mining-levels-v0@0.1.1+b7f9825d0c, fabric-renderer-registries-v1@2.0.1+5a0f9a600c, carpet-extra@1.3.15, fabric-events-lifecycle-v0@0.1.2+b7f9825d0c, fabric-loot-tables-v1@0.1.5+e08a73050c, fabric@0.5.1+build.294-1.15, carpet@1.3.15, fabric-item-groups-v0@0.1.6+ec40b2e10c, fabric-models-v0@0.1.0+dfdb52d60c, fabric-particles-v1@0.1.1+dfdb52d60c, fabric-networking-v0@0.1.7+12515ed90c, fabric-object-builders-v0@0.1.3+e4c9a9c30c, cotton-config@1.0.0-rc.7
[06:01:10] [main/INFO]: SpongePowered MIXIN Subsystem Version=0.8 Source=file:/C:/Server/skimit_survival/fabric-server-launch.jar Service=Knot/Fabric Env=SERVER
[06:02:30] [main/WARN]: Ambiguity between arguments [teleport, destination] and [teleport, targets] with inputs: [Player, 0123, @e, dd12be42-52a9-4a91-a8a1-11c01849e498]
[06:02:30] [main/WARN]: Ambiguity between arguments [teleport, location] and [teleport, destination] with inputs: [0.1 -0.5 .9, 0 0 0]
[06:02:30] [main/WARN]: Ambiguity between arguments [teleport, location] and [teleport, targets] with inputs: [0.1 -0.5 .9, 0 0 0]
[06:02:30] [main/WARN]: Ambiguity between arguments [teleport, targets] and [teleport, destination] with inputs: [Player, 0123, dd12be42-52a9-4a91-a8a1-11c01849e498]
[06:02:30] [main/WARN]: Ambiguity between arguments [teleport, targets, location] and [teleport, targets, destination] with inputs: [0.1 -0.5 .9, 0 0 0]
[06:02:34] [main/INFO]: [TextileBackup]: Loading TextileBackup by Szum123321
[06:02:36] [Server thread/INFO]: Starting minecraft server version 1.15.2
[06:02:36] [Server thread/INFO]: Loading properties
[06:02:36] [Server thread/INFO]: Default game type: SURVIVAL
[06:02:36] [Server thread/INFO]: Generating keypair
[06:02:36] [Server thread/INFO]: Starting Minecraft server on *:26565
[06:02:36] [Server thread/INFO]: Using default channel type
[06:02:38] [Server thread/WARN]: **** SERVER IS RUNNING IN OFFLINE/INSECURE MODE!
[06:02:38] [Server thread/WARN]: The server will make no attempt to authenticate usernames. Beware.
[06:02:38] [Server thread/WARN]: While this makes the game possible to play without internet access, it also opens up the ability for hackers to connect with any username they choose.
[06:02:38] [Server thread/WARN]: To change this, set "online-mode" to "true" in the server.properties file.
[06:02:38] [Server thread/INFO]: Preparing level "skimit"
[06:02:38] [Server thread/INFO]: [CM]: loaded setting commandDraw as false from carpet.conf
[06:02:38] [Server thread/INFO]: [CM]: loaded setting rotatorBlock as true from carpet.conf
[06:02:38] [Server thread/INFO]: [CM]: loaded setting combineXPOrbs as true from carpet.conf
[06:02:38] [Server thread/INFO]: [CM]: loaded setting onePlayerSleeping as true from carpet.conf
[06:02:38] [Server thread/INFO]: [CM]: loaded setting portalSuffocationFix as true from carpet.conf
[06:02:38] [Server thread/INFO]: [CM]: loaded setting leadFix as true from carpet.conf
[06:02:38] [Server thread/INFO]: [CM]: loaded setting antiCheatDisabled as true from carpet.conf
[06:02:38] [Server thread/INFO]: [CM]: loaded setting defaultLoggers as tps from carpet.conf
[06:02:38] [Server thread/INFO]: [CM]: loaded setting commandCameramode as false from carpet.conf
[06:02:38] [Server thread/INFO]: [CM]: loaded setting unloadedEntityFix as true from carpet.conf
[06:02:38] [Server thread/INFO]: [CM]: loaded setting ctrlQCraftingFix as true from carpet.conf
[06:02:39] [Server thread/INFO]: [fabric-registry-sync] Loaded registry data [file 1/4]
[06:02:39] [Server thread/INFO]: Reloading ResourceManager: Default, bukkit, Fabric Mining Levels (v0)
[06:02:41] [Server thread/INFO]: Loaded 6 recipes
[06:02:43] [Server thread/INFO]: Loaded 825 advancements
[06:02:45] [Server thread/INFO]: Preparing start region for dimension minecraft:overworld
[06:02:48] [Server thread/INFO]: Preparing spawn area: 0%
[06:02:48] [Server thread/INFO]: Preparing spawn area: 0%
[06:02:48] [Server thread/INFO]: Preparing spawn area: 0%
[06:02:48] [Server thread/INFO]: Preparing spawn area: 0%
[06:02:48] [Server thread/INFO]: Preparing spawn area: 0%
[06:02:48] [Server thread/INFO]: Preparing spawn area: 0%
[06:02:48] [Server thread/INFO]: Preparing spawn area: 0%
[06:02:48] [Server thread/INFO]: Preparing spawn area: 0%
[06:02:49] [Server-Worker-2/INFO]: Preparing spawn area: 0%
[06:02:49] [Server-Worker-2/INFO]: Preparing spawn area: 0%
[06:02:50] [Server-Worker-2/INFO]: Preparing spawn area: 0%
[06:02:50] [Server-Worker-2/INFO]: Preparing spawn area: 0%
[06:02:51] [Server-Worker-2/INFO]: Preparing spawn area: 0%
[06:02:51] [Server thread/INFO]: Preparing spawn area: 0%
[06:02:52] [Server thread/INFO]: Preparing spawn area: 0%
[06:02:52] [Server thread/INFO]: Preparing spawn area: 0%
[06:02:53] [Server thread/INFO]: Preparing spawn area: 0%
[06:02:53] [Server thread/INFO]: Preparing spawn area: 83%
[06:02:54] [Server thread/INFO]: Time elapsed: 9781 ms
[06:02:54] [Server thread/INFO]: Done (16.346s)! For help, type "help"
[06:02:54] [Server thread/INFO]: Starting remote control listener
[06:02:54] [RCON Listener #1/INFO]: RCON running on 0.0.0.0:25636
[06:02:57] [Server thread/WARN]: Can't keep up! Is the server overloaded? Running 2557ms or 51 ticks behind
[11:38:16] [Server thread/INFO]: Plants352039[/127.0.0.1:61843] logged in with entity id 170 at (-383.4491, 70.0, 551.368)
[11:38:16] [Server thread/INFO]: Plants352039 joined the game
[11:38:16] [Netty Server IO #1/WARN]: Received invalid identifier in minecraft:register: legacy:fml|hs (Non [a-z0-9/._-] character in path of location: legacy:fml|hs)
[11:38:18] [Server thread/WARN]: Can't keep up! Is the server overloaded? Running 2313ms or 46 ticks behind
[11:38:18] [Server thread/INFO]: [TextileBackup]: Backup started by: SERVER on: 2020-05-02_11-38-18
[11:38:18] [Server thread/INFO]: [TextileBackup]: Saving server...
[11:38:18] [Thread-50/INFO]: [TextileBackup]: Starting compression...
[11:38:37] [Server thread/WARN]: Can't keep up! Is the server overloaded? Running 4007ms or 80 ticks behind
[11:39:12] [Server thread/WARN]: Can't keep up! Is the server overloaded? Running 19998ms or 399 ticks behind
[11:39:54] [Server thread/WARN]: Can't keep up! Is the server overloaded? Running 27566ms or 551 ticks behind
[11:40:30] [Server thread/WARN]: Can't keep up! Is the server overloaded? Running 21371ms or 427 ticks behind
[11:41:06] [Server thread/WARN]: Can't keep up! Is the server overloaded? Running 21016ms or 420 ticks behind
[11:41:08] [Thread-50/INFO]: [TextileBackup]: Compression finished
[11:41:08] [Thread-50/INFO]: [TextileBackup]: Deleting: 2020-05-01_05-30-01.zip
[11:41:10] [Thread-50/INFO]: [TextileBackup]: Done!
[11:44:35] [Server thread/WARN]: Can't keep up! Is the server overloaded? Running 2107ms or 42 ticks behind
[11:49:36] [Server thread/WARN]: Can't keep up! Is the server overloaded? Running 2176ms or 43 ticks behind
[11:54:38] [Server thread/WARN]: Can't keep up! Is the server overloaded? Running 2002ms or 40 ticks behind
[11:57:54] [Server thread/INFO]: Plants352039 burned to death
[11:58:13] [Server thread/INFO]: Plants352039 fell from a high place
[11:58:43] [Server thread/WARN]: Can't keep up! Is the server overloaded? Running 3271ms or 65 ticks behind
[11:59:01] [Server thread/WARN]: Can't keep up! Is the server overloaded? Running 2591ms or 51 ticks behind
[11:59:30] [Server thread/WARN]: Can't keep up! Is the server overloaded? Running 2030ms or 40 ticks behind
[12:01:50] [Server thread/WARN]: Can't keep up! Is the server overloaded? Running 2551ms or 51 ticks behind
[12:04:52] [Server thread/WARN]: Can't keep up! Is the server overloaded? Running 3425ms or 68 ticks behind
[12:07:20] [Server thread/WARN]: Fetching packet for removed entity class_1542['Wither Rose'/6365, l='skimit', x=-151.03, y=8.73, z=371.73]
[12:18:41] [Server thread/INFO]: RZYplus[/127.0.0.1:62726] logged in with entity id 8020 at (-45.14222441406172, 115.0, 53.14499397966575)
[12:18:41] [Netty Server IO #0/WARN]: Received invalid identifier in minecraft:register: legacy:fml|hs (Non [a-z0-9/._-] character in path of location: legacy:fml|hs)
[12:18:41] [Server thread/INFO]: RZYplus joined the game
[12:18:51] [Server thread/WARN]: Can't keep up! Is the server overloaded? Running 2130ms or 42 ticks behind
[12:19:08] [Server thread/INFO]: <Plants352039> 你有时间没，给我送五盒桶
[12:19:22] [Server thread/INFO]: <RZYplus> 好嘞
[12:19:33] [Server thread/INFO]: <Plants352039> 到出生点区块
[12:19:39] [Server thread/WARN]: Can't keep up! Is the server overloaded? Running 2532ms or 50 ticks behind
[12:20:24] [Server thread/INFO]: RZYplus fell from a high place
[12:20:31] [Server thread/INFO]: <Plants352039> .
[12:20:32] [Server thread/INFO]: na2hco3_CN[/127.0.0.1:62769] logged in with entity id 8662 at (-149.69999998807907, 70.0, 417.30000001192093)
[12:20:32] [Netty Server IO #1/WARN]: Received invalid identifier in minecraft:register: legacy:fml|hs (Non [a-z0-9/._-] character in path of location: legacy:fml|hs)
[12:20:32] [Server thread/INFO]: na2hco3_CN joined the game
[12:20:32] [Server thread/INFO]: <RZYplus> ..
[12:20:33] [Server thread/WARN]: Can't keep up! Is the server overloaded? Running 2649ms or 52 ticks behind
[12:20:50] [Server thread/WARN]: Can't keep up! Is the server overloaded? Running 2729ms or 54 ticks behind
[12:20:51] [Server thread/INFO]: <RZYplus> 忘了穿鞘翅
[12:20:56] [Server thread/INFO]: <Plants352039> .
[12:21:19] [Server thread/WARN]: Can't keep up! Is the server overloaded? Running 13838ms or 276 ticks behind
[12:21:32] [Server thread/INFO]: na2hco3_CN lost connection: Disconnected
[12:21:32] [Server thread/INFO]: na2hco3_CN left the game
[12:21:48] [Server thread/WARN]: Can't keep up! Is the server overloaded? Running 13971ms or 279 ticks behind
[12:22:22] [Server thread/INFO]: <Plants352039> 这这么多信标，我怎么感觉是行星发动机
[12:22:47] [Server thread/INFO]: <Plants352039> 你好没，我要的五盒桶
[12:22:52] [Server thread/WARN]: Can't keep up! Is the server overloaded? Running 2024ms or 40 ticks behind
[12:23:10] [Server thread/WARN]: Can't keep up! Is the server overloaded? Running 2604ms or 52 ticks behind
[12:24:04] [Server thread/INFO]: <RZYplus> 快了
[12:25:37] [Server thread/WARN]: Can't keep up! Is the server overloaded? Running 2418ms or 48 ticks behind
[12:28:47] [Server thread/INFO]: <RZYplus> 在哪
[12:28:56] [Server thread/INFO]: <Plants352039> 在这
[12:29:42] [Server thread/INFO]: <RZYplus> 在这是那里
[12:29:51] [Server thread/INFO]: <RZYplus> 直接坐标
[12:29:59] [Server thread/INFO]: <Plants352039> 34 ~ 331
[12:33:09] [Server thread/WARN]: Can't keep up! Is the server overloaded? Running 2005ms or 40 ticks behind
[12:33:29] [Server thread/WARN]: Can't keep up! Is the server overloaded? Running 4795ms or 95 ticks behind
[12:33:51] [Server thread/WARN]: Can't keep up! Is the server overloaded? Running 6914ms or 138 ticks behind
[12:35:44] [Server thread/WARN]: Can't keep up! Is the server overloaded? Running 2009ms or 40 ticks behind
[12:36:06] [Server thread/WARN]: Can't keep up! Is the server overloaded? Running 6362ms or 127 ticks behind
[12:38:17] [Server thread/INFO]: [TextileBackup]: Backup started by: SERVER on: 2020-05-02_12-38-17
[12:38:17] [Server thread/INFO]: [TextileBackup]: Saving server...
[12:38:19] [Server thread/WARN]: Can't keep up! Is the server overloaded? Running 2060ms or 41 ticks behind
[12:38:20] [Thread-51/INFO]: [TextileBackup]: Starting compression...
[12:38:59] [Server thread/WARN]: Can't keep up! Is the server overloaded? Running 24914ms or 498 ticks behind
[12:39:43] [Server thread/WARN]: Can't keep up! Is the server overloaded? Running 28361ms or 567 ticks behind
[12:40:30] [Server thread/WARN]: Can't keep up! Is the server overloaded? Running 32514ms or 650 ticks behind
[12:40:31] [Thread-51/INFO]: [TextileBackup]: Compression finished
[12:40:31] [Thread-51/INFO]: [TextileBackup]: Deleting: 2020-05-01_10-30-38.zip
[12:40:31] [Thread-51/INFO]: [TextileBackup]: Done!
[12:40:50] [Server thread/WARN]: Can't keep up! Is the server overloaded? Running 2008ms or 40 ticks behind
[12:42:03] [Server thread/WARN]: Can't keep up! Is the server overloaded? Running 2077ms or 41 ticks behind
[12:42:09] [Server thread/INFO]: Plants352039 burned to death
[12:42:18] [Server thread/INFO]: <Plants352039> 卧槽
[12:42:28] [Server thread/WARN]: Can't keep up! Is the server overloaded? Running 10008ms or 200 ticks behind
[12:42:44] [Server thread/INFO]: <RZYplus> 药效过了hh
[12:42:46] [Server thread/WARN]: Can't keep up! Is the server overloaded? Running 3304ms or 66 ticks behind
[12:43:00] [Server thread/INFO]: <Plants352039> 我没喝药
[12:43:11] [Server thread/INFO]: <Plants352039> 直接搭的桥
[12:43:18] [Server thread/INFO]: <RZYplus> 猛男行为
[12:43:36] [Server thread/INFO]: <Plants352039> 不如你给我送两瓶
[12:46:12] [Server thread/INFO]: <Plants352039> 给我送两瓶吧
[12:46:29] [Server thread/INFO]: <RZYplus> 那里有药
[12:46:33] [Server thread/INFO]: <Plants352039> 直接跳岩浆里游泳的捞
[12:46:47] [Server thread/INFO]: <Plants352039> 不如你立炼
[12:46:55] [Server thread/INFO]: <Plants352039> 不如你炼
[12:46:59] [Server thread/WARN]: Can't keep up! Is the server overloaded? Running 2428ms or 48 ticks behind
[12:47:48] [Server thread/WARN]: Can't keep up! Is the server overloaded? Running 2226ms or 44 ticks behind
[12:47:58] [Server thread/INFO]: <RZYplus> 我去找找
[12:48:03] [Server thread/INFO]: <Plants352039> 嗯
[12:48:28] [Server thread/WARN]: Can't keep up! Is the server overloaded? Running 2043ms or 40 ticks behind
[12:48:49] [Server thread/WARN]: Can't keep up! Is the server overloaded? Running 6501ms or 130 ticks behind
[12:49:32] [Server thread/INFO]: Plants352039 burned to death
[12:50:24] [Server thread/INFO]: na2hco3_CN[/127.0.0.1:63412] logged in with entity id 18688 at (-157.87019085168723, 71.0, 423.30062574273586)
[12:50:24] [Netty Server IO #0/WARN]: Received invalid identifier in minecraft:register: legacy:fml|hs (Non [a-z0-9/._-] character in path of location: legacy:fml|hs)
[12:50:24] [Server thread/INFO]: na2hco3_CN joined the game
[12:50:28] [Server thread/WARN]: Can't keep up! Is the server overloaded? Running 2003ms or 40 ticks behind
[12:50:40] [Server thread/WARN]: Fetching packet for removed entity class_1642['Zombie'/5048, l='skimit', x=-63.50, y=26.35, z=499.40]
[12:50:49] [Server thread/WARN]: Can't keep up! Is the server overloaded? Running 5842ms or 116 ticks behind
[12:51:09] [Server thread/WARN]: Can't keep up! Is the server overloaded? Running 5554ms or 111 ticks behind
[12:51:27] [Server thread/WARN]: Can't keep up! Is the server overloaded? Running 2766ms or 55 ticks behind
[12:51:46] [Server thread/WARN]: Can't keep up! Is the server overloaded? Running 4060ms or 81 ticks behind
[12:52:01] [Server thread/INFO]: <na2hco3_CN> 下面的兄弟你需要我帮忙嘛
[12:52:26] [Server thread/INFO]: <Plants352039> 需要帮忙送两瓶防火
[12:52:47] [Server thread/INFO]: <na2hco3_CN> 腐竹家拿？
[12:52:47] [Server thread/INFO]: <RZYplus> 你小心一点八
[12:52:59] [Server thread/INFO]: <Plants352039> 你可以自己炼
[12:53:06] [Server thread/INFO]: <Plants352039> 也可以去拿
[12:53:14] [Server thread/WARN]: Can't keep up! Is the server overloaded? Running 2003ms or 40 ticks behind
[12:53:30] [Server thread/INFO]: <RZYplus> 家里没有玻璃、瓶子、岩浆膏和哪个什么棒
[12:53:47] [Server thread/INFO]: <Plants352039> 不清楚
[12:53:47] [Server thread/WARN]: Can't keep up! Is the server overloaded? Running 18000ms or 360 ticks behind
[12:54:08] [Server thread/WARN]: Can't keep up! Is the server overloaded? Running 5771ms or 115 ticks behind
[12:54:29] [Server thread/INFO]: <Plants352039> 岩浆被我捞的已经能看到底了
[12:54:30] [Server thread/WARN]: Can't keep up! Is the server overloaded? Running 6435ms or 128 ticks behind
[12:54:39] [Server thread/INFO]: Plants352039 burned to death
[12:54:50] [Server thread/WARN]: Can't keep up! Is the server overloaded? Running 4976ms or 99 ticks behind
[12:55:08] [Server thread/WARN]: Can't keep up! Is the server overloaded? Running 3140ms or 62 ticks behind
[12:55:26] [Server thread/WARN]: Can't keep up! Is the server overloaded? Running 3050ms or 61 ticks behind
[12:55:43] [Server thread/WARN]: Can't keep up! Is the server overloaded? Running 2434ms or 48 ticks behind
[12:56:01] [Server thread/WARN]: Can't keep up! Is the server overloaded? Running 2771ms or 55 ticks behind
[12:56:23] [Server thread/WARN]: Fetching packet for removed entity class_1542['Air'/19880, l='skimit', x=-402.66, y=71.94, z=487.57]
[12:56:31] [Server thread/WARN]: Can't keep up! Is the server overloaded? Running 15217ms or 304 ticks behind
[12:56:51] [Server thread/WARN]: Can't keep up! Is the server overloaded? Running 5260ms or 105 ticks behind
[12:57:08] [Server thread/WARN]: Can't keep up! Is the server overloaded? Running 2170ms or 43 ticks behind
[12:57:27] [Server thread/WARN]: Can't keep up! Is the server overloaded? Running 2006ms or 40 ticks behind
[12:57:59] [Server thread/INFO]: Plants352039 burned to death
[12:58:03] [Server thread/WARN]: Can't keep up! Is the server overloaded? Running 20185ms or 403 ticks behind
[12:58:44] [Server thread/INFO]: <Plants352039> 再给我送三盒桶
[12:58:49] [Server thread/INFO]: <na2hco3_CN> e
[12:59:19] [Server thread/INFO]: <na2hco3_CN> 火箭给我点
[12:59:45] [Server thread/INFO]: <na2hco3_CN> okk
[12:59:53] [Server thread/WARN]: Can't keep up! Is the server overloaded? Running 2561ms or 51 ticks behind
[13:00:23] [Server thread/WARN]: Can't keep up! Is the server overloaded? Running 15135ms or 302 ticks behind
[13:00:51] [Server thread/WARN]: Can't keep up! Is the server overloaded? Running 13108ms or 262 ticks behind
[13:01:09] [Server thread/WARN]: Can't keep up! Is the server overloaded? Running 3536ms or 70 ticks behind
[13:01:28] [Server thread/WARN]: Can't keep up! Is the server overloaded? Running 3333ms or 66 ticks behind
[13:01:46] [Server thread/WARN]: Can't keep up! Is the server overloaded? Running 3155ms or 63 ticks behind
[13:01:49] [Server thread/INFO]: <na2hco3_CN> 哪里有铁和合成台
[13:02:04] [Server thread/WARN]: Can't keep up! Is the server overloaded? Running 3683ms or 73 ticks behind
[13:02:22] [Server thread/INFO]: <Plants352039> 合成台直接自己搓一个不就行了
[13:02:23] [Server thread/WARN]: Can't keep up! Is the server overloaded? Running 3507ms or 70 ticks behind
[13:02:30] [Server thread/INFO]: <Plants352039> 铁嘛，到我家里去拿
[13:02:42] [Server thread/WARN]: Can't keep up! Is the server overloaded? Running 3902ms or 78 ticks behind
[13:03:00] [Server thread/WARN]: Can't keep up! Is the server overloaded? Running 3158ms or 63 ticks behind
[13:03:05] [Server thread/INFO]: <Plants352039> 桶没了
[13:03:19] [Server thread/WARN]: Can't keep up! Is the server overloaded? Running 4290ms or 85 ticks behind
[13:03:38] [Server thread/WARN]: Can't keep up! Is the server overloaded? Running 3751ms or 75 ticks behind
[13:03:56] [Server thread/WARN]: Can't keep up! Is the server overloaded? Running 2034ms or 40 ticks behind
[13:04:38] [Server thread/WARN]: Can't keep up! Is the server overloaded? Running 2215ms or 44 ticks behind
[13:05:30] [Server thread/WARN]: Can't keep up! Is the server overloaded? Running 2009ms or 40 ticks behind
[13:05:52] [Server thread/WARN]: Can't keep up! Is the server overloaded? Running 2034ms or 40 ticks behind
[13:06:18] [Server thread/WARN]: Can't keep up! Is the server overloaded? Running 11051ms or 221 ticks behind
[13:06:37] [Server thread/WARN]: Can't keep up! Is the server overloaded? Running 4231ms or 84 ticks behind
[13:06:41] [Server thread/INFO]: <Plants352039> 你搓好没
[13:06:46] [Server thread/INFO]: <Plants352039> 三盒桶
[13:06:52] [Server thread/INFO]: <na2hco3_CN> 快了
[13:07:06] [Server thread/INFO]: <Plants352039> 搓一个桶要多长时间？
[13:07:11] [Server thread/INFO]: <Plants352039> 0.5秒？
[13:07:37] [Server thread/INFO]: <na2hco3_CN> 几分钟
[13:07:44] [Server thread/INFO]: <RZYplus> 可能没有tweakroo
[13:08:01] [Server thread/WARN]: Can't keep up! Is the server overloaded? Running 2040ms or 40 ticks behind
[13:09:15] [Server thread/INFO]: <Plants352039> 你搓桶的过程中我在这徒手挖石头
[13:09:29] [Server thread/INFO]: <Plants352039> 没带镐子
[13:11:11] [Server thread/WARN]: Fetching packet for removed entity class_1642['Zombie'/23905, l='skimit', x=117.53, y=37.35, z=415.96]
[13:11:21] [Server thread/WARN]: Can't keep up! Is the server overloaded? Running 2445ms or 48 ticks behind
[13:11:46] [Server thread/WARN]: Can't keep up! Is the server overloaded? Running 10303ms or 206 ticks behind
[13:12:13] [Server thread/INFO]: <Plants352039> 你知道我为什么让你搓桶吗
[13:12:33] [Server thread/INFO]: <Plants352039> 用潜影盒装，三盒
[13:12:35] [Server thread/INFO]: <na2hco3_CN> 你说过
[13:12:52] [Server thread/INFO]: <na2hco3_CN> 不小心搓多了
[13:12:58] [Server thread/INFO]: <Plants352039> .
[13:13:42] [Server thread/INFO]: <na2hco3_CN> 有刷钻石么
[13:13:49] [Server thread/INFO]: <Plants352039> 应该有
[13:15:54] [Server thread/INFO]: Plants352039 tried to swim in lava
[13:16:01] [Server thread/INFO]: <na2hco3_CN> nb
[13:16:07] [Server thread/INFO]: <Plants352039> 我去
[13:16:18] [Server thread/INFO]: <Plants352039> 连喝药都来不及
[13:16:35] [Server thread/INFO]: <na2hco3_CN> 你箱子够不
[13:16:52] [Server thread/INFO]: <Plants352039> 箱子不需要
[13:17:24] [Server thread/INFO]: <Plants352039> 我需要你再带一瓶药
[13:17:29] [Server thread/INFO]: na2hco3_CN burned to death
[13:17:44] [Server thread/WARN]: Can't keep up! Is the server overloaded? Running 2082ms or 41 ticks behind
[13:18:03] [Server thread/WARN]: Can't keep up! Is the server overloaded? Running 4200ms or 84 ticks behind
[13:18:28] [Server thread/WARN]: Can't keep up! Is the server overloaded? Running 2007ms or 40 ticks behind
[13:18:57] [Server thread/WARN]: Can't keep up! Is the server overloaded? Running 13967ms or 279 ticks behind
[13:19:14] [Server thread/WARN]: Can't keep up! Is the server overloaded? Running 2007ms or 40 ticks behind
[13:19:19] [Server thread/INFO]: Plants352039 hit the ground too hard
[13:19:35] [Server thread/WARN]: Can't keep up! Is the server overloaded? Running 5941ms or 118 ticks behind
[13:19:54] [Server thread/WARN]: Can't keep up! Is the server overloaded? Running 3442ms or 68 ticks behind
[13:20:13] [Server thread/WARN]: Can't keep up! Is the server overloaded? Running 4013ms or 80 ticks behind
[13:20:31] [Server thread/WARN]: Can't keep up! Is the server overloaded? Running 3584ms or 71 ticks behind
[13:20:50] [Server thread/WARN]: Can't keep up! Is the server overloaded? Running 3936ms or 78 ticks behind
[13:21:14] [Server thread/WARN]: Can't keep up! Is the server overloaded? Running 2005ms or 40 ticks behind
[13:21:35] [Server thread/WARN]: Can't keep up! Is the server overloaded? Running 6115ms or 122 ticks behind
[13:21:55] [Server thread/WARN]: Can't keep up! Is the server overloaded? Running 4941ms or 98 ticks behind
[13:22:04] [Server thread/INFO]: Plants352039 burned to death
[13:22:15] [Server thread/WARN]: Can't keep up! Is the server overloaded? Running 5152ms or 103 ticks behind
[13:22:34] [Server thread/WARN]: Can't keep up! Is the server overloaded? Running 3889ms or 77 ticks behind
[13:23:07] [Server thread/WARN]: Can't keep up! Is the server overloaded? Running 18171ms or 363 ticks behind
[13:23:27] [Server thread/WARN]: Can't keep up! Is the server overloaded? Running 5224ms or 104 ticks behind
[13:23:54] [Server thread/INFO]: <Plants352039> 堵岩浆我就交给你了，我下了
[13:24:04] [Server thread/INFO]: <na2hco3_CN> e
[13:24:13] [Server thread/INFO]: <Plants352039> 嘿嘿
[13:24:22] [Server thread/INFO]: <Plants352039> 拜拜了您嘞
[13:24:26] [Server thread/INFO]: Plants352039 lost connection: Disconnected
[13:24:26] [Server thread/INFO]: Plants352039 left the game
[13:28:05] [Server thread/WARN]: Can't keep up! Is the server overloaded? Running 3384ms or 67 ticks behind
[13:28:23] [Server thread/WARN]: Can't keep up! Is the server overloaded? Running 3067ms or 61 ticks behind
[13:30:03] [Server thread/INFO]: RZYplus lost connection: Disconnected
[13:30:03] [Server thread/INFO]: RZYplus left the game
[13:34:30] [Server thread/INFO]: na2hco3_CN lost connection: Disconnected
[13:34:30] [Server thread/INFO]: na2hco3_CN left the game
[14:21:44] [Server thread/INFO]: Cora_cold[/127.0.0.1:65395] logged in with entity id 33208 at (-129.28154369886389, 6.0, 146.65677825733854)
[14:21:44] [Server thread/INFO]: Cora_cold joined the game
[14:21:44] [Server thread/INFO]: [TextileBackup]: Backup started by: SERVER on: 2020-05-02_14-21-44
[14:21:44] [Server thread/INFO]: [TextileBackup]: Saving server...
[14:21:46] [Thread-52/INFO]: [TextileBackup]: Starting compression...
[14:21:46] [Server thread/INFO]: Cora_cold lost connection: You logged in from another location
[14:21:46] [Server thread/INFO]: Cora_cold left the game
[14:21:46] [Server thread/INFO]: Cora_cold[/127.0.0.1:65396] logged in with entity id 33209 at (-129.28154369886389, 6.0, 146.65677825733854)
[14:21:46] [Netty Server IO #1/WARN]: Received invalid identifier in minecraft:register: legacy:fml|hs (Non [a-z0-9/._-] character in path of location: legacy:fml|hs)
[14:21:46] [Server thread/INFO]: Cora_cold joined the game
[14:21:46] [Server thread/WARN]: Can't keep up! Is the server overloaded? Running 2112ms or 42 ticks behind
[14:21:47] [Server thread/INFO]: Cora_cold lost connection: You logged in from another location
[14:21:47] [Server thread/INFO]: Cora_cold left the game
[14:21:47] [Server thread/INFO]: Cora_cold[/127.0.0.1:65400] logged in with entity id 33212 at (-129.28154369886389, 6.0, 146.65677825733854)
[14:21:47] [Netty Server IO #1/WARN]: Received invalid identifier in minecraft:register: legacy:fml|hs (Non [a-z0-9/._-] character in path of location: legacy:fml|hs)
[14:21:47] [Server thread/INFO]: Cora_cold joined the game
[14:22:04] [Server thread/WARN]: Can't keep up! Is the server overloaded? Running 2526ms or 50 ticks behind
[14:22:26] [Server thread/INFO]: Cora_cold lost connection: Disconnected
[14:22:26] [Server thread/INFO]: Cora_cold left the game
[14:22:31] [Server thread/INFO]: Cora_cold[/127.0.0.1:65417] logged in with entity id 33333 at (-129.28154369886389, 6.0, 146.65677825733854)
[14:22:31] [Netty Server IO #0/WARN]: Received invalid identifier in minecraft:register: legacy:fml|hs (Non [a-z0-9/._-] character in path of location: legacy:fml|hs)
[14:22:31] [Server thread/INFO]: Cora_cold joined the game
[14:22:33] [Server thread/WARN]: Can't keep up! Is the server overloaded? Running 5235ms or 104 ticks behind
[14:22:53] [Server thread/WARN]: Fetching packet for removed entity class_1542['Air'/33397, l='skimit', x=-164.96, y=4.12, z=124.87]
[14:22:53] [Server thread/WARN]: Can't keep up! Is the server overloaded? Running 5257ms or 105 ticks behind
[14:23:18] [Server thread/WARN]: Can't keep up! Is the server overloaded? Running 2209ms or 44 ticks behind
[14:23:39] [Server thread/WARN]: Can't keep up! Is the server overloaded? Running 2163ms or 43 ticks behind
[14:23:40] [Thread-52/INFO]: [TextileBackup]: Compression finished
[14:23:40] [Thread-52/INFO]: [TextileBackup]: Deleting: 2020-05-01_12-26-54.zip
[14:23:40] [Thread-52/INFO]: [TextileBackup]: Done!
[14:33:29] [Server thread/WARN]: Can't keep up! Is the server overloaded? Running 2255ms or 45 ticks behind
[14:34:05] [Server thread/INFO]: <Cora_cold> 1
[14:48:34] [Server thread/WARN]: Can't keep up! Is the server overloaded? Running 2011ms or 40 ticks behind
[14:53:35] [Server thread/WARN]: Can't keep up! Is the server overloaded? Running 2058ms or 41 ticks behind
[14:58:51] [Server thread/INFO]: <Cora_cold> w
[14:59:54] [Server thread/INFO]: Cora_cold lost connection: Disconnected
[14:59:54] [Server thread/INFO]: Cora_cold left the game
[15:00:21] [Server thread/WARN]: Can't keep up! Is the server overloaded? Running 2320ms or 46 ticks behind
[15:00:46] [Server thread/INFO]: Cora_cold[/127.0.0.1:49902] logged in with entity id 42482 at (-146.02050127627928, 21.201481107995363, 249.7137182571517)
[15:00:46] [Netty Server IO #1/WARN]: Received invalid identifier in minecraft:register: legacy:fml|hs (Non [a-z0-9/._-] character in path of location: legacy:fml|hs)
[15:00:46] [Server thread/INFO]: Cora_cold joined the game
[15:13:39] [Server thread/WARN]: Can't keep up! Is the server overloaded? Running 2147ms or 42 ticks behind
[15:14:24] [Server thread/WARN]: Can't keep up! Is the server overloaded? Running 2059ms or 41 ticks behind
[15:15:11] [Server thread/WARN]: Can't keep up! Is the server overloaded? Running 2004ms or 40 ticks behind
[15:15:25] [Server thread/INFO]: Scanning for legacy world dragon fight...
[15:15:25] [Server thread/INFO]: Found that the dragon has been killed in this world already.
[15:15:29] [Server thread/WARN]: Can't keep up! Is the server overloaded? Running 3277ms or 65 ticks behind
[15:18:47] [Server thread/WARN]: Can't keep up! Is the server overloaded? Running 2018ms or 40 ticks behind
[15:19:04] [Server thread/WARN]: Can't keep up! Is the server overloaded? Running 2431ms or 48 ticks behind
[15:21:44] [Server thread/INFO]: [TextileBackup]: Backup started by: SERVER on: 2020-05-02_15-21-44
[15:21:44] [Server thread/INFO]: [TextileBackup]: Saving server...
[15:21:45] [Thread-53/INFO]: [TextileBackup]: Starting compression...
[15:21:51] [Server thread/WARN]: Can't keep up! Is the server overloaded? Running 2114ms or 42 ticks behind
[15:22:10] [Server thread/WARN]: Can't keep up! Is the server overloaded? Running 4076ms or 81 ticks behind
[15:22:34] [Server thread/WARN]: Can't keep up! Is the server overloaded? Running 2192ms or 43 ticks behind
[15:22:52] [Server thread/WARN]: Can't keep up! Is the server overloaded? Running 3372ms or 67 ticks behind
[15:23:17] [Server thread/WARN]: Can't keep up! Is the server overloaded? Running 9983ms or 199 ticks behind
[15:23:45] [Thread-53/INFO]: [TextileBackup]: Compression finished
[15:23:45] [Thread-53/INFO]: [TextileBackup]: Deleting: 2020-05-01_15-00-32.zip
[15:23:45] [Thread-53/INFO]: [TextileBackup]: Done!
[15:23:49] [Server thread/WARN]: Can't keep up! Is the server overloaded? Running 16591ms or 331 ticks behind
[15:24:05] [Server thread/INFO]: <Cora_cold> 1
[15:29:03] [Server thread/INFO]: WhiteSky_Bai[/127.0.0.1:50864] logged in with entity id 54123 at (-42.5, 64.0, 239.5)
[15:29:03] [Netty Server IO #1/WARN]: Received invalid identifier in minecraft:register: legacy:fml|hs (Non [a-z0-9/._-] character in path of location: legacy:fml|hs)
[15:29:03] [Server thread/INFO]: WhiteSky_Bai joined the game
[15:29:45] [Server thread/INFO]: Erue[/127.0.0.1:50892] logged in with entity id 54361 at (-42.5, 64.0, 239.5)
[15:29:45] [Server thread/INFO]: Erue joined the game
[15:29:45] [Netty Server IO #0/WARN]: Received invalid identifier in minecraft:register: legacy:fml|hs (Non [a-z0-9/._-] character in path of location: legacy:fml|hs)
[15:29:49] [Server thread/INFO]: <Cora_cold> ?
[15:30:02] [Server thread/INFO]: WhiteSky_Bai has made the advancement [We Need to Go Deeper]
[15:30:08] [Server thread/WARN]: Can't keep up! Is the server overloaded? Running 2025ms or 40 ticks behind
[15:30:32] [Server thread/WARN]: Can't keep up! Is the server overloaded? Running 8741ms or 174 ticks behind
[15:31:00] [Server thread/WARN]: Can't keep up! Is the server overloaded? Running 2078ms or 41 ticks behind
[15:31:24] [Server thread/WARN]: Can't keep up! Is the server overloaded? Running 2041ms or 40 ticks behind
[15:31:30] [Server thread/INFO]: <Erue> 这空置域
[15:31:35] [Server thread/INFO]: <Erue> 没炸完把
[15:31:49] [Server thread/INFO]: <Cora_cold> 我刚来的时候就这样
[15:32:05] [Server thread/INFO]: <Erue> ?
[15:32:09] [Server thread/INFO]: <Cora_cold> meishi
[15:32:23] [Server thread/INFO]: Erue has made the advancement [We Need to Go Deeper]
[15:32:27] [Server thread/WARN]: Can't keep up! Is the server overloaded? Running 2398ms or 47 ticks behind
[15:32:48] [Server thread/WARN]: Can't keep up! Is the server overloaded? Running 5131ms or 102 ticks behind
[15:33:09] [Server thread/WARN]: Can't keep up! Is the server overloaded? Running 6366ms or 127 ticks behind
[15:33:16] [Server thread/INFO]: <Erue> 能白嫖嘛
[15:33:28] [Server thread/INFO]: <Cora_cold> 不是我家
[15:33:30] [Server thread/WARN]: Can't keep up! Is the server overloaded? Running 6202ms or 124 ticks behind
[15:33:44] [Server thread/INFO]: <Erue> 给点吃的吧
[15:33:50] [Server thread/WARN]: Can't keep up! Is the server overloaded? Running 5031ms or 100 ticks behind
[15:33:54] [Server thread/INFO]: WhiteSky_Bai has made the advancement [Stone Age]
[15:33:55] [Server thread/INFO]: <Erue> 我先跑图
[15:34:00] [Server thread/INFO]: <Cora_cold> 这里随便拿
[15:34:10] [Server thread/WARN]: Can't keep up! Is the server overloaded? Running 5354ms or 107 ticks behind
[15:34:11] [Server thread/INFO]: <Erue> 没金萝卜吗
[15:34:16] [Server thread/INFO]: <Cora_cold> 没有啊
[15:34:32] [Server thread/INFO]: <Erue> 成吧
[15:34:55] [Server thread/WARN]: Can't keep up! Is the server overloaded? Running 2057ms or 41 ticks behind
[15:35:16] [Server thread/WARN]: Can't keep up! Is the server overloaded? Running 5470ms or 109 ticks behind
[15:35:35] [Server thread/WARN]: Can't keep up! Is the server overloaded? Running 4639ms or 92 ticks behind
[15:36:01] [Server thread/WARN]: Can't keep up! Is the server overloaded? Running 10888ms or 217 ticks behind
[15:36:27] [Server thread/WARN]: Can't keep up! Is the server overloaded? Running 11104ms or 222 ticks behind
[15:36:33] [Server thread/INFO]: Erue lost connection: Disconnected
[15:36:33] [Server thread/INFO]: Erue left the game
[15:36:45] [Server thread/WARN]: Can't keep up! Is the server overloaded? Running 2914ms or 58 ticks behind
[15:37:36] [Server thread/WARN]: Can't keep up! Is the server overloaded? Running 2010ms or 40 ticks behind
[15:38:20] [Server thread/INFO]: WhiteSky_Bai was shot by Skeleton
[15:40:49] [Server thread/WARN]: Can't keep up! Is the server overloaded? Running 2006ms or 40 ticks behind
[15:41:14] [Server thread/WARN]: Can't keep up! Is the server overloaded? Running 10375ms or 207 ticks behind
[15:41:28] [Server thread/INFO]: <WhiteSky_Bai> 服务器好卡啊
[15:41:34] [Server thread/INFO]: <Cora_cold> 不吧
[15:41:38] [Server thread/INFO]: <Cora_cold> 还行
[15:43:30] [Server thread/INFO]: <Cora_cold> 我下了
[15:43:31] [Server thread/INFO]: Cora_cold lost connection: Disconnected
[15:43:31] [Server thread/INFO]: Cora_cold left the game
[15:44:33] [Server thread/WARN]: Can't keep up! Is the server overloaded? Running 2178ms or 43 ticks behind
[15:44:51] [Server thread/INFO]: WhiteSky_Bai has made the advancement [Monster Hunter]
[15:46:08] [Server thread/WARN]: Can't keep up! Is the server overloaded? Running 2539ms or 50 ticks behind
[15:46:26] [Server thread/WARN]: Can't keep up! Is the server overloaded? Running 2643ms or 52 ticks behind
[15:47:33] [Server thread/INFO]: <WhiteSky_Bai> you ren ma
[15:50:14] [Server thread/INFO]: WhiteSky_Bai has made the advancement [Getting an Upgrade]
[15:51:13] [Server thread/WARN]: Can't keep up! Is the server overloaded? Running 2116ms or 42 ticks behind
[15:59:28] [Server thread/INFO]: WhiteSky_Bai lost connection: Disconnected
[15:59:28] [Server thread/INFO]: WhiteSky_Bai left the game
[19:25:45] [Server thread/INFO]: RZYplus[/127.0.0.1:58742] logged in with entity id 61254 at (-1997.3141556843082, 69.0, 506.5154418730537)
[19:25:45] [Netty Server IO #0/WARN]: Received invalid identifier in minecraft:register: legacy:fml|hs (Non [a-z0-9/._-] character in path of location: legacy:fml|hs)
[19:25:45] [Server thread/INFO]: RZYplus joined the game
[19:25:46] [Server thread/INFO]: [TextileBackup]: Backup started by: SERVER on: 2020-05-02_19-25-46
[19:25:46] [Server thread/INFO]: [TextileBackup]: Saving server...
[19:25:47] [Thread-54/INFO]: [TextileBackup]: Starting compression...
[19:25:48] [Server thread/WARN]: Can't keep up! Is the server overloaded? Running 3170ms or 63 ticks behind
[19:26:08] [Server thread/WARN]: Can't keep up! Is the server overloaded? Running 2272ms or 45 ticks behind
[19:26:31] [Server thread/WARN]: Can't keep up! Is the server overloaded? Running 7862ms or 157 ticks behind
[19:26:49] [Server thread/WARN]: Can't keep up! Is the server overloaded? Running 3510ms or 70 ticks behind
[19:27:41] [Thread-54/INFO]: [TextileBackup]: Compression finished
[19:27:41] [Thread-54/INFO]: [TextileBackup]: Deleting: 2020-05-01_16-01-20.zip
[19:27:41] [Thread-54/INFO]: [TextileBackup]: Done!
[19:31:33] [Server thread/WARN]: Can't keep up! Is the server overloaded? Running 2190ms or 43 ticks behind
[19:42:21] [Server thread/WARN]: Can't keep up! Is the server overloaded? Running 2415ms or 48 ticks behind
[19:46:43] [Server thread/WARN]: Can't keep up! Is the server overloaded? Running 2038ms or 40 ticks behind
[19:56:41] [Server thread/WARN]: Can't keep up! Is the server overloaded? Running 2115ms or 42 ticks behind
[19:59:45] [Server thread/INFO]: RZYplus lost connection: Disconnected
[19:59:45] [Server thread/INFO]: RZYplus left the game
[20:09:07] [Server thread/INFO]: RZYplus[/127.0.0.1:60140] logged in with entity id 66224 at (-1980.165159157599, 69.0, 492.8064096127641)
[20:09:07] [Netty Server IO #1/WARN]: Received invalid identifier in minecraft:register: legacy:fml|hs (Non [a-z0-9/._-] character in path of location: legacy:fml|hs)
[20:09:07] [Server thread/INFO]: RZYplus joined the game
[20:16:42] [Server thread/WARN]: Can't keep up! Is the server overloaded? Running 2054ms or 41 ticks behind
[20:21:44] [Server thread/WARN]: Can't keep up! Is the server overloaded? Running 2222ms or 44 ticks behind
[20:25:45] [Server thread/INFO]: [TextileBackup]: Backup started by: SERVER on: 2020-05-02_20-25-45
[20:25:45] [Server thread/INFO]: [TextileBackup]: Saving server...
[20:25:47] [Thread-55/INFO]: [TextileBackup]: Starting compression...
[20:25:47] [Server thread/WARN]: Can't keep up! Is the server overloaded? Running 2071ms or 41 ticks behind
[20:26:05] [Server thread/WARN]: Can't keep up! Is the server overloaded? Running 3496ms or 69 ticks behind
[20:26:30] [Server thread/WARN]: Can't keep up! Is the server overloaded? Running 9612ms or 192 ticks behind
[20:26:51] [Server thread/WARN]: Can't keep up! Is the server overloaded? Running 5710ms or 114 ticks behind
[20:27:13] [Server thread/WARN]: Can't keep up! Is the server overloaded? Running 7068ms or 141 ticks behind
[20:27:30] [Server thread/WARN]: Can't keep up! Is the server overloaded? Running 2289ms or 45 ticks behind
[20:27:58] [Thread-55/INFO]: [TextileBackup]: Compression finished
[20:27:58] [Thread-55/INFO]: [TextileBackup]: Deleting: 2020-05-01_17-01-20.zip
[20:27:59] [Thread-55/INFO]: [TextileBackup]: Done!
[20:32:17] [Server thread/WARN]: Can't keep up! Is the server overloaded? Running 2068ms or 41 ticks behind
[20:37:19] [Server thread/WARN]: Can't keep up! Is the server overloaded? Running 2335ms or 46 ticks behind
[20:42:22] [Server thread/WARN]: Can't keep up! Is the server overloaded? Running 2395ms or 47 ticks behind
[20:47:24] [Server thread/WARN]: Can't keep up! Is the server overloaded? Running 2143ms or 42 ticks behind
[20:50:05] [Server thread/WARN]: Can't keep up! Is the server overloaded? Running 2450ms or 49 ticks behind
[20:52:28] [Server thread/WARN]: Can't keep up! Is the server overloaded? Running 2125ms or 42 ticks behind
[20:57:29] [Server thread/WARN]: Can't keep up! Is the server overloaded? Running 2037ms or 40 ticks behind
[21:06:32] [Server thread/WARN]: Can't keep up! Is the server overloaded? Running 5581ms or 111 ticks behind
[21:09:25] [Server thread/INFO]: RZYplus lost connection: Disconnected
[21:09:25] [Server thread/INFO]: RZYplus left the game
[21:13:28] [Server thread/INFO]: Stopping the server
[21:13:28] [Server thread/INFO]: Unknown command
[21:13:28] [Server thread/INFO]: end<--[HERE]
[21:13:28] [Server thread/INFO]: Unknown command
[21:13:28] [Server thread/INFO]: exit<--[HERE]
[21:13:28] [Server thread/INFO]: Stopping server
[21:13:28] [Server thread/INFO]: Saving players
[21:13:28] [Server thread/INFO]: Saving worlds
[21:13:28] [Server thread/INFO]: Saving chunks for level 'skimit'/minecraft:overworld
[21:13:29] [Server thread/INFO]: ThreadedAnvilChunkStorage (skimit): All chunks are saved
[21:13:29] [Server thread/INFO]: Saving chunks for level 'skimit'/minecraft:the_nether
[21:13:29] [Server thread/INFO]: ThreadedAnvilChunkStorage (DIM-1): All chunks are saved
[21:13:29] [Server thread/INFO]: Saving chunks for level 'skimit'/minecraft:the_end
[21:13:29] [Server thread/INFO]: ThreadedAnvilChunkStorage (DIM1): All chunks are saved
[21:13:29] [Server thread/INFO]: [TextileBackup]: Backup started by: SERVER on: 2020-05-02_21-13-29
[21:13:29] [Server thread/INFO]: [TextileBackup]: Saving server...
[21:13:29] [Server thread/INFO]: ThreadedAnvilChunkStorage (skimit): All chunks are saved
[21:13:29] [Thread-56/INFO]: [TextileBackup]: Starting compression...
[21:13:29] [Server thread/INFO]: ThreadedAnvilChunkStorage (DIM-1): All chunks are saved
[21:13:29] [Server thread/INFO]: ThreadedAnvilChunkStorage (DIM1): All chunks are saved
[21:14:25] [Thread-56/INFO]: [TextileBackup]: Compression finished
[21:14:25] [Thread-56/INFO]: [TextileBackup]: Deleting: 2020-05-01_18-09-47.zip
[21:14:25] [Thread-56/INFO]: [TextileBackup]: Done!
