[06:01:06] [main/INFO]: Loading for game Minecraft 1.15.2
[06:01:10] [main/WARN]: Mod `jankson` (2.0.0+j1.2.0) uses 'requires' key in fabric.mod.json, which is not supported - use 'depends'
[06:01:10] [main/INFO]: [FabricLoader] Loading 40 mods: minecraft@1.15.2, fabric-networking-blockentity-v0@0.2.3+e08a73050c, fabric-renderer-api-v1@0.2.10+f08b61330c, fabric-keybindings-v0@0.1.1+dfdb52d60c, jankson@2.0.0+j1.2.0, fabricloader@0.7.8+build.189, fabric-renderer-indigo@0.2.23+9290e2ed0c, fabric-containers-v0@0.1.3+b7f9825d0c, fabric-dimensions-v1@0.3.0+2ad156310c, org_apache_commons_commons-compress@1.9, fabric-biomes-v1@0.1.5+3b05f68e0c, fabric-events-interaction-v0@0.3.0+fac69e320c, fabric-crash-report-info-v1@0.1.2+b7f9825d0c, fabric-api-base@0.1.2+b7f9825d0c, fabric-rendering-v0@1.1.0+534104900c, fabric-rendering-v1@0.1.0+534104900c, fabric-rendering-data-attachment-v1@0.1.3+b7f9825d0c, fabric-resource-loader-v0@0.1.10+06c939b30c, fabric-textures-v0@1.0.4+821cdba70c, fabric-content-registries-v0@0.1.3+b7f9825d0c, fabric-tag-extensions-v0@0.1.3+abd915800c, fabric-rendering-fluids-v1@0.1.6+12515ed90c, fabric-commands-v0@0.1.2+b7f9825d0c, fabric-registry-sync-v0@0.2.6+f3d8141b0c, cotton-logging@1.0.0-rc.4, fabric-blockrenderlayer-v1@1.1.4+c6a8ea890c, textile_backup@1.1.0-1.15, fabric-mining-levels-v0@0.1.1+b7f9825d0c, fabric-renderer-registries-v1@2.0.1+5a0f9a600c, carpet-extra@1.3.15, fabric-events-lifecycle-v0@0.1.2+b7f9825d0c, fabric-loot-tables-v1@0.1.5+e08a73050c, fabric@0.5.1+build.294-1.15, carpet@1.3.15, fabric-item-groups-v0@0.1.6+ec40b2e10c, fabric-models-v0@0.1.0+dfdb52d60c, fabric-particles-v1@0.1.1+dfdb52d60c, fabric-networking-v0@0.1.7+12515ed90c, fabric-object-builders-v0@0.1.3+e4c9a9c30c, cotton-config@1.0.0-rc.7
[06:01:10] [main/INFO]: SpongePowered MIXIN Subsystem Version=0.8 Source=file:/C:/Server/skimit_survival/fabric-server-launch.jar Service=Knot/Fabric Env=SERVER
[06:02:26] [main/WARN]: Ambiguity between arguments [teleport, destination] and [teleport, targets] with inputs: [Player, 0123, @e, dd12be42-52a9-4a91-a8a1-11c01849e498]
[06:02:26] [main/WARN]: Ambiguity between arguments [teleport, location] and [teleport, destination] with inputs: [0.1 -0.5 .9, 0 0 0]
[06:02:26] [main/WARN]: Ambiguity between arguments [teleport, location] and [teleport, targets] with inputs: [0.1 -0.5 .9, 0 0 0]
[06:02:26] [main/WARN]: Ambiguity between arguments [teleport, targets] and [teleport, destination] with inputs: [Player, 0123, dd12be42-52a9-4a91-a8a1-11c01849e498]
[06:02:26] [main/WARN]: Ambiguity between arguments [teleport, targets, location] and [teleport, targets, destination] with inputs: [0.1 -0.5 .9, 0 0 0]
[06:02:29] [main/INFO]: [TextileBackup]: Loading TextileBackup by Szum123321
[06:02:31] [Server thread/INFO]: Starting minecraft server version 1.15.2
[06:02:31] [Server thread/INFO]: Loading properties
[06:02:31] [Server thread/INFO]: Default game type: SURVIVAL
[06:02:31] [Server thread/INFO]: Generating keypair
[06:02:31] [Server thread/INFO]: Starting Minecraft server on *:26565
[06:02:31] [Server thread/INFO]: Using default channel type
[06:02:33] [Server thread/WARN]: **** SERVER IS RUNNING IN OFFLINE/INSECURE MODE!
[06:02:33] [Server thread/WARN]: The server will make no attempt to authenticate usernames. Beware.
[06:02:33] [Server thread/WARN]: While this makes the game possible to play without internet access, it also opens up the ability for hackers to connect with any username they choose.
[06:02:33] [Server thread/WARN]: To change this, set "online-mode" to "true" in the server.properties file.
[06:02:33] [Server thread/INFO]: Preparing level "skimit"
[06:02:33] [Server thread/INFO]: [CM]: loaded setting commandDraw as false from carpet.conf
[06:02:33] [Server thread/INFO]: [CM]: loaded setting rotatorBlock as true from carpet.conf
[06:02:33] [Server thread/INFO]: [CM]: loaded setting combineXPOrbs as true from carpet.conf
[06:02:33] [Server thread/INFO]: [CM]: loaded setting onePlayerSleeping as true from carpet.conf
[06:02:33] [Server thread/INFO]: [CM]: loaded setting portalSuffocationFix as true from carpet.conf
[06:02:33] [Server thread/INFO]: [CM]: loaded setting leadFix as true from carpet.conf
[06:02:33] [Server thread/INFO]: [CM]: loaded setting antiCheatDisabled as true from carpet.conf
[06:02:33] [Server thread/INFO]: [CM]: loaded setting defaultLoggers as tps from carpet.conf
[06:02:33] [Server thread/INFO]: [CM]: loaded setting commandCameramode as false from carpet.conf
[06:02:33] [Server thread/INFO]: [CM]: loaded setting unloadedEntityFix as true from carpet.conf
[06:02:33] [Server thread/INFO]: [CM]: loaded setting ctrlQCraftingFix as true from carpet.conf
[06:02:34] [Server thread/INFO]: [fabric-registry-sync] Loaded registry data [file 1/4]
[06:02:34] [Server thread/INFO]: Reloading ResourceManager: Default, bukkit, Fabric Mining Levels (v0)
[06:02:36] [Server thread/INFO]: Loaded 6 recipes
[06:02:38] [Server thread/INFO]: Loaded 825 advancements
[06:02:39] [Server thread/INFO]: Preparing start region for dimension minecraft:overworld
[06:02:43] [Server thread/INFO]: Preparing spawn area: 0%
[06:02:43] [Server thread/INFO]: Preparing spawn area: 0%
[06:02:43] [Server thread/INFO]: Preparing spawn area: 0%
[06:02:43] [Server thread/INFO]: Preparing spawn area: 0%
[06:02:43] [Server thread/INFO]: Preparing spawn area: 0%
[06:02:43] [Server thread/INFO]: Preparing spawn area: 0%
[06:02:43] [Server thread/INFO]: Preparing spawn area: 0%
[06:02:43] [Server thread/INFO]: Preparing spawn area: 0%
[06:02:43] [Server-Worker-2/INFO]: Preparing spawn area: 0%
[06:02:44] [Server-Worker-2/INFO]: Preparing spawn area: 0%
[06:02:44] [Server-Worker-2/INFO]: Preparing spawn area: 0%
[06:02:45] [Server-Worker-2/INFO]: Preparing spawn area: 0%
[06:02:45] [Server-Worker-2/INFO]: Preparing spawn area: 0%
[06:02:46] [Server-Worker-2/INFO]: Preparing spawn area: 0%
[06:02:46] [Server thread/INFO]: Preparing spawn area: 0%
[06:02:47] [Server thread/INFO]: Preparing spawn area: 0%
[06:02:47] [Server thread/INFO]: Preparing spawn area: 83%
[06:02:48] [Server thread/INFO]: Time elapsed: 9211 ms
[06:02:48] [Server thread/INFO]: Done (15.328s)! For help, type "help"
[06:02:48] [Server thread/INFO]: Starting remote control listener
[06:02:48] [RCON Listener #1/INFO]: RCON running on 0.0.0.0:25636
[06:02:51] [Server thread/WARN]: Can't keep up! Is the server overloaded? Running 2558ms or 51 ticks behind
[08:25:31] [Server thread/INFO]: ChengXi123[/127.0.0.1:59972] logged in with entity id 84 at (192.69999998807907, 1.0625, 0.615670180374208)
[08:25:31] [Netty Server IO #0/WARN]: Received invalid identifier in minecraft:register: legacy:fml|hs (Non [a-z0-9/._-] character in path of location: legacy:fml|hs)
[08:25:31] [Server thread/INFO]: ChengXi123 joined the game
[08:25:34] [Server thread/WARN]: Can't keep up! Is the server overloaded? Running 4177ms or 83 ticks behind
[08:25:34] [Server thread/INFO]: [TextileBackup]: Backup started by: SERVER on: 2020-04-14_08-25-34
[08:25:34] [Server thread/INFO]: [TextileBackup]: Saving server...
[08:25:36] [Thread-50/INFO]: [TextileBackup]: Starting compression...
[08:25:54] [Server thread/WARN]: Can't keep up! Is the server overloaded? Running 4428ms or 88 ticks behind
[08:26:17] [Server thread/WARN]: Can't keep up! Is the server overloaded? Running 8111ms or 162 ticks behind
[08:26:38] [Server thread/WARN]: Can't keep up! Is the server overloaded? Running 6013ms or 120 ticks behind
[08:26:42] [Server thread/INFO]: <ChengXi123> 溺尸塔在哪？
[08:27:01] [Server thread/INFO]: Cora_cold[/127.0.0.1:60020] logged in with entity id 268 at (-526.0074839922519, 68.0, 442.315487523901)
[08:27:01] [Netty Server IO #1/WARN]: Received invalid identifier in minecraft:register: legacy:fml|hs (Non [a-z0-9/._-] character in path of location: legacy:fml|hs)
[08:27:02] [Server thread/INFO]: Cora_cold joined the game
[08:27:17] [Server thread/WARN]: Can't keep up! Is the server overloaded? Running 24140ms or 482 ticks behind
[08:27:59] [Server thread/WARN]: Can't keep up! Is the server overloaded? Running 26924ms or 538 ticks behind
[08:28:32] [Server thread/WARN]: Fetching packet for removed entity class_1542['Air'/650, l='skimit', x=194.92, y=1.06, z=1.52]
[08:28:56] [Server thread/WARN]: Can't keep up! Is the server overloaded? Running 41895ms or 837 ticks behind
[08:29:02] [Thread-50/INFO]: [TextileBackup]: Compression finished
[08:29:02] [Thread-50/INFO]: [TextileBackup]: Deleting: 2020-04-13_13-48-40.zip
[08:29:03] [Thread-50/INFO]: [TextileBackup]: Done!
[08:29:06] [Server thread/WARN]: Fetching packet for removed entity class_1542['Air'/716, l='skimit', x=194.67, y=1.06, z=1.15]
[08:29:19] [Server thread/WARN]: Can't keep up! Is the server overloaded? Running 8171ms or 163 ticks behind
[08:29:40] [Server thread/WARN]: Can't keep up! Is the server overloaded? Running 2954ms or 59 ticks behind
[08:29:58] [Server thread/WARN]: Can't keep up! Is the server overloaded? Running 2068ms or 41 ticks behind
[08:30:20] [Server thread/WARN]: Can't keep up! Is the server overloaded? Running 7483ms or 149 ticks behind
[08:30:47] [Server thread/INFO]: Scanning for legacy world dragon fight...
[08:30:47] [Server thread/INFO]: Found that the dragon has been killed in this world already.
[08:30:47] [Server thread/WARN]: Can't keep up! Is the server overloaded? Running 3954ms or 79 ticks behind
[08:31:04] [Server thread/WARN]: Can't keep up! Is the server overloaded? Running 2023ms or 40 ticks behind
[08:31:41] [Server thread/INFO]: <ChengXi123> 溺尸塔在哪？
[08:31:56] [Server thread/INFO]: <Cora_cold> 应该是这个东西
[08:32:12] [Server thread/INFO]: <ChengXi123> where
[08:32:17] [Server thread/INFO]: <Cora_cold> there
[08:32:29] [Server thread/INFO]: <Cora_cold> -500 388
[08:35:16] [Server thread/WARN]: Can't keep up! Is the server overloaded? Running 2988ms or 59 ticks behind
[08:38:25] [Server thread/INFO]: Cora_cold lost connection: Disconnected
[08:38:25] [Server thread/INFO]: Cora_cold left the game
[08:40:19] [Server thread/WARN]: Can't keep up! Is the server overloaded? Running 2304ms or 46 ticks behind
[08:42:51] [Server thread/INFO]: Manjaro_linux[/127.0.0.1:60591] logged in with entity id 3253 at (-373.69542347307305, 69.0, 512.8479717169787)
[08:42:51] [Server thread/INFO]: Manjaro_linux joined the game
[08:42:52] [Netty Server IO #1/WARN]: Received invalid identifier in minecraft:register: legacy:fml|hs (Non [a-z0-9/._-] character in path of location: legacy:fml|hs)
[08:43:34] [Server thread/WARN]: Can't keep up! Is the server overloaded? Running 2102ms or 42 ticks behind
[08:44:41] [Server thread/INFO]: MTpromax[/127.0.0.1:60664] logged in with entity id 3700 at (-438.20651041386066, 69.0, 438.1237636431957)
[08:44:41] [Server thread/INFO]: MTpromax joined the game
[08:44:42] [Netty Server IO #0/WARN]: Received invalid identifier in minecraft:register: legacy:fml|hs (Non [a-z0-9/._-] character in path of location: legacy:fml|hs)
[08:44:44] [Server thread/INFO]: MTpromax lost connection: You logged in from another location
[08:44:44] [Server thread/INFO]: MTpromax left the game
[08:44:44] [Server thread/WARN]: Can't keep up! Is the server overloaded? Running 2110ms or 42 ticks behind
[08:44:44] [Server thread/WARN]: handleDisconnection() called twice
[08:44:44] [Server thread/INFO]: MTpromax[/127.0.0.1:60666] logged in with entity id 3735 at (-438.20651041386066, 69.0, 438.1237636431957)
[08:44:44] [Netty Server IO #0/WARN]: Received invalid identifier in minecraft:register: legacy:fml|hs (Non [a-z0-9/._-] character in path of location: legacy:fml|hs)
[08:44:44] [Server thread/INFO]: MTpromax joined the game
[08:44:45] [Server thread/INFO]: MTpromax lost connection: Disconnected
[08:44:45] [Server thread/INFO]: MTpromax left the game
[08:45:10] [Server thread/INFO]: MTpromax[/127.0.0.1:60689] logged in with entity id 3747 at (-438.20651041386066, 69.0, 438.1237636431957)
[08:45:10] [Server thread/INFO]: MTpromax joined the game
[08:45:11] [Netty Server IO #1/WARN]: Received invalid identifier in minecraft:register: legacy:fml|hs (Non [a-z0-9/._-] character in path of location: legacy:fml|hs)
[08:45:12] [Server thread/WARN]: 野外捡的 moved wrongly!
[08:45:12] [Server thread/WARN]: 野外捡的 moved wrongly!
[08:45:12] [Server thread/WARN]: 野外捡的 moved wrongly!
[08:45:12] [Server thread/WARN]: 野外捡的 moved wrongly!
[08:45:12] [Server thread/WARN]: 野外捡的 moved wrongly!
[08:45:12] [Server thread/WARN]: 野外捡的 moved wrongly!
[08:45:12] [Server thread/WARN]: 野外捡的 moved wrongly!
[08:45:12] [Server thread/WARN]: 野外捡的 moved wrongly!
[08:45:12] [Server thread/WARN]: 野外捡的 moved wrongly!
[08:45:12] [Server thread/WARN]: 野外捡的 moved wrongly!
[08:45:12] [Server thread/WARN]: 野外捡的 moved wrongly!
[08:45:27] [Server thread/WARN]: Can't keep up! Is the server overloaded? Running 3748ms or 74 ticks behind
[08:45:44] [Server thread/WARN]: Can't keep up! Is the server overloaded? Running 2119ms or 42 ticks behind
[08:46:04] [Server thread/WARN]: Can't keep up! Is the server overloaded? Running 5006ms or 100 ticks behind
[08:46:13] [Server thread/INFO]: <ChengXi123> 谁会造刷怪塔
[08:46:21] [Server thread/WARN]: Can't keep up! Is the server overloaded? Running 2158ms or 43 ticks behind
[08:46:39] [Server thread/WARN]: Can't keep up! Is the server overloaded? Running 2046ms or 40 ticks behind
[08:47:14] [Server thread/INFO]: <Manjaro_linux> 溺尸塔在哪？
[08:47:31] [Server thread/INFO]: <ChengXi123> -500 388
[08:47:38] [Server thread/WARN]: Can't keep up! Is the server overloaded? Running 2020ms or 40 ticks behind
[08:47:56] [Server thread/WARN]: Can't keep up! Is the server overloaded? Running 2314ms or 46 ticks behind
[08:50:45] [Server thread/WARN]: Can't keep up! Is the server overloaded? Running 3109ms or 62 ticks behind
[08:51:10] [Server thread/WARN]: Can't keep up! Is the server overloaded? Running 10106ms or 202 ticks behind
[08:51:31] [Server thread/WARN]: Can't keep up! Is the server overloaded? Running 2305ms or 46 ticks behind
[08:53:45] [Server thread/WARN]: Can't keep up! Is the server overloaded? Running 2011ms or 40 ticks behind
[08:54:01] [Server thread/INFO]: MTpromax lost connection: Timed out
[08:54:01] [Server thread/INFO]: MTpromax left the game
[08:54:01] [Server thread/WARN]: handleDisconnection() called twice
[08:54:46] [Server thread/INFO]: MTpromax[/127.0.0.1:61036] logged in with entity id 5642 at (-370.3086191454978, 69.0, 516.7624999880791)
[08:54:46] [Server thread/INFO]: MTpromax joined the game
[08:54:46] [Netty Server IO #1/WARN]: Received invalid identifier in minecraft:register: legacy:fml|hs (Non [a-z0-9/._-] character in path of location: legacy:fml|hs)
[08:55:23] [Server thread/WARN]: Can't keep up! Is the server overloaded? Running 2032ms or 40 ticks behind
[08:55:44] [Server thread/WARN]: Can't keep up! Is the server overloaded? Running 6235ms or 124 ticks behind
[08:56:11] [Server thread/WARN]: Can't keep up! Is the server overloaded? Running 2849ms or 56 ticks behind
[08:56:31] [Server thread/WARN]: Can't keep up! Is the server overloaded? Running 5784ms or 115 ticks behind
[09:00:31] [Server thread/INFO]: Aod_lcy[/127.0.0.1:61251] logged in with entity id 6854 at (-42.5, 64.0, 239.5)
[09:00:31] [Netty Server IO #1/WARN]: Received invalid identifier in minecraft:register: legacy:fml|hs (Non [a-z0-9/._-] character in path of location: legacy:fml|hs)
[09:00:31] [Server thread/INFO]: Aod_lcy joined the game
[09:00:36] [Server thread/WARN]: Can't keep up! Is the server overloaded? Running 2024ms or 40 ticks behind
[09:00:55] [Server thread/WARN]: Can't keep up! Is the server overloaded? Running 3534ms or 70 ticks behind
[09:00:56] [Server thread/INFO]: <ChengXi123> aod
[09:01:09] [Server thread/INFO]: Aod_lcy lost connection: Disconnected
[09:01:09] [Server thread/INFO]: Aod_lcy left the game
[09:01:13] [Server thread/WARN]: Can't keep up! Is the server overloaded? Running 3710ms or 74 ticks behind
[09:01:36] [Server thread/WARN]: Can't keep up! Is the server overloaded? Running 7182ms or 143 ticks behind
[09:01:57] [Server thread/WARN]: Can't keep up! Is the server overloaded? Running 6500ms or 130 ticks behind
[09:02:00] [Server thread/INFO]: Aod_lcy[/127.0.0.1:61311] logged in with entity id 7460 at (-42.5, 64.0, 239.5)
[09:02:00] [Server thread/INFO]: Aod_lcy joined the game
[09:02:00] [Netty Server IO #1/WARN]: Received invalid identifier in minecraft:register: legacy:fml|hs (Non [a-z0-9/._-] character in path of location: legacy:fml|hs)
[09:02:30] [Server thread/WARN]: Can't keep up! Is the server overloaded? Running 17495ms or 349 ticks behind
[09:02:35] [Server thread/INFO]: <ChengXi123> 你拿掉矿车了吗
[09:03:10] [Server thread/WARN]: Can't keep up! Is the server overloaded? Running 25684ms or 513 ticks behind
[09:03:35] [Server thread/WARN]: Can't keep up! Is the server overloaded? Running 9740ms or 194 ticks behind
[09:03:59] [Server thread/WARN]: Can't keep up! Is the server overloaded? Running 9142ms or 182 ticks behind
[09:04:26] [Server thread/WARN]: Can't keep up! Is the server overloaded? Running 12180ms or 243 ticks behind
[09:04:52] [Server thread/WARN]: Can't keep up! Is the server overloaded? Running 10741ms or 214 ticks behind
[09:05:16] [Server thread/WARN]: Can't keep up! Is the server overloaded? Running 9040ms or 180 ticks behind
[09:05:40] [Server thread/WARN]: Can't keep up! Is the server overloaded? Running 8944ms or 178 ticks behind
[09:06:04] [Server thread/WARN]: Can't keep up! Is the server overloaded? Running 9178ms or 183 ticks behind
[09:06:28] [Server thread/WARN]: Can't keep up! Is the server overloaded? Running 8947ms or 178 ticks behind
[09:06:52] [Server thread/WARN]: Can't keep up! Is the server overloaded? Running 8755ms or 175 ticks behind
[09:07:16] [Server thread/WARN]: Can't keep up! Is the server overloaded? Running 9507ms or 190 ticks behind
[09:07:42] [Server thread/WARN]: Can't keep up! Is the server overloaded? Running 11080ms or 221 ticks behind
[09:08:07] [Server thread/WARN]: Can't keep up! Is the server overloaded? Running 9938ms or 198 ticks behind
[09:08:32] [Server thread/WARN]: Can't keep up! Is the server overloaded? Running 9568ms or 191 ticks behind
[09:08:40] [Server thread/INFO]: ChengXi123 lost connection: Timed out
[09:08:40] [Server thread/INFO]: ChengXi123 left the game
[09:08:40] [Server thread/WARN]: handleDisconnection() called twice
[09:08:53] [Server thread/WARN]: Can't keep up! Is the server overloaded? Running 6702ms or 134 ticks behind
[09:09:15] [Server thread/WARN]: Can't keep up! Is the server overloaded? Running 6722ms or 134 ticks behind
[09:09:32] [Server thread/WARN]: Can't keep up! Is the server overloaded? Running 2199ms or 43 ticks behind
[09:09:41] [Server thread/INFO]: ChengXi123[/127.0.0.1:61590] logged in with entity id 13036 at (-299.4005022896119, 68.0, 415.806577311457)
[09:09:41] [Server thread/INFO]: ChengXi123 joined the game
[09:09:42] [Netty Server IO #1/WARN]: Received invalid identifier in minecraft:register: legacy:fml|hs (Non [a-z0-9/._-] character in path of location: legacy:fml|hs)
[09:09:56] [Server thread/WARN]: Can't keep up! Is the server overloaded? Running 9047ms or 180 ticks behind
[09:10:06] [Server thread/INFO]: Manjaro_linux lost connection: Disconnected
[09:10:06] [Server thread/INFO]: Manjaro_linux left the game
[09:10:10] [Server thread/INFO]: Manjaro_linux[/127.0.0.1:61608] logged in with entity id 13172 at (-397.6848626591732, 69.0, 516.9912616248614)
[09:10:10] [Netty Server IO #0/WARN]: Received invalid identifier in minecraft:register: legacy:fml|hs (Non [a-z0-9/._-] character in path of location: legacy:fml|hs)
[09:10:10] [Server thread/INFO]: Manjaro_linux joined the game
[09:10:29] [Server thread/WARN]: Can't keep up! Is the server overloaded? Running 18278ms or 365 ticks behind
[09:10:48] [Server thread/WARN]: Can't keep up! Is the server overloaded? Running 3683ms or 73 ticks behind
[09:11:21] [Server thread/WARN]: Can't keep up! Is the server overloaded? Running 17922ms or 358 ticks behind
[09:11:48] [Server thread/WARN]: Can't keep up! Is the server overloaded? Running 12034ms or 240 ticks behind
[09:12:18] [Server thread/WARN]: Can't keep up! Is the server overloaded? Running 15068ms or 301 ticks behind
[09:12:49] [Server thread/WARN]: Can't keep up! Is the server overloaded? Running 16334ms or 326 ticks behind
[09:13:16] [Server thread/WARN]: Can't keep up! Is the server overloaded? Running 11770ms or 235 ticks behind
[09:13:29] [Server thread/WARN]: Fetching packet for removed entity class_1642['Zombie'/5507, l='skimit', x=-474.96, y=22.56, z=286.64]
[09:13:44] [Server thread/WARN]: Can't keep up! Is the server overloaded? Running 13028ms or 260 ticks behind
[09:14:13] [Server thread/WARN]: Can't keep up! Is the server overloaded? Running 14509ms or 290 ticks behind
[09:14:39] [Server thread/WARN]: Can't keep up! Is the server overloaded? Running 10073ms or 201 ticks behind
[09:15:04] [Server thread/WARN]: Can't keep up! Is the server overloaded? Running 10772ms or 215 ticks behind
[09:15:32] [Server thread/WARN]: Can't keep up! Is the server overloaded? Running 12543ms or 250 ticks behind
[09:16:04] [Server thread/WARN]: Can't keep up! Is the server overloaded? Running 16880ms or 337 ticks behind
[09:16:30] [Server thread/WARN]: Can't keep up! Is the server overloaded? Running 11567ms or 231 ticks behind
[09:16:55] [Server thread/INFO]: Aod_lcy lost connection: Timed out
[09:16:56] [Server thread/INFO]: Aod_lcy left the game
[09:16:56] [Server thread/WARN]: Can't keep up! Is the server overloaded? Running 10666ms or 213 ticks behind
[09:17:18] [Server thread/INFO]: Aod_lcy[/127.0.0.1:61869] logged in with entity id 14995 at (192.90453235786475, 1.0625, 0.44922268602275117)
[09:17:18] [Server thread/INFO]: Aod_lcy joined the game
[09:17:19] [Netty Server IO #0/WARN]: Received invalid identifier in minecraft:register: legacy:fml|hs (Non [a-z0-9/._-] character in path of location: legacy:fml|hs)
[09:17:23] [Server thread/WARN]: Can't keep up! Is the server overloaded? Running 2003ms or 40 ticks behind
[09:17:33] [Server thread/INFO]: Aod_lcy was slain by Enderman
[09:17:34] [Server thread/INFO]: Yu_Chei[/127.0.0.1:61886] logged in with entity id 15137 at (-466.4928118931867, 74.0625, 456.90354938340016)
[09:17:34] [Netty Server IO #1/WARN]: Received invalid identifier in minecraft:register: legacy:fml|hs (Non [a-z0-9/._-] character in path of location: legacy:fml|hs)
[09:17:34] [Server thread/INFO]: Yu_Chei joined the game
[09:17:43] [Server thread/INFO]: ChengXi123 lost connection: Timed out
[09:17:43] [Server thread/INFO]: ChengXi123 left the game
[09:17:43] [Server thread/WARN]: handleDisconnection() called twice
[09:17:50] [Server thread/INFO]: ChengXi123[/127.0.0.1:61898] logged in with entity id 15313 at (-292.94795948276027, 68.0, 413.5066700189866)
[09:17:50] [Netty Server IO #0/WARN]: Received invalid identifier in minecraft:register: legacy:fml|hs (Non [a-z0-9/._-] character in path of location: legacy:fml|hs)
[09:17:50] [Server thread/INFO]: ChengXi123 joined the game
[09:17:51] [Server thread/INFO]: Aod_lcy fell from a high place
[09:17:55] [Server thread/WARN]: Can't keep up! Is the server overloaded? Running 17442ms or 348 ticks behind
[09:18:25] [Server thread/WARN]: Can't keep up! Is the server overloaded? Running 14327ms or 286 ticks behind
[09:18:49] [Server thread/WARN]: Can't keep up! Is the server overloaded? Running 9107ms or 182 ticks behind
[09:19:25] [Server thread/WARN]: Can't keep up! Is the server overloaded? Running 21030ms or 420 ticks behind
[09:19:52] [Server thread/WARN]: Can't keep up! Is the server overloaded? Running 12362ms or 247 ticks behind
[09:20:16] [Server thread/WARN]: Can't keep up! Is the server overloaded? Running 8923ms or 178 ticks behind
[09:20:33] [Server thread/INFO]: ChengXi123 lost connection: Disconnected
[09:20:33] [Server thread/INFO]: ChengXi123 left the game
[09:20:45] [Server thread/WARN]: Can't keep up! Is the server overloaded? Running 13709ms or 274 ticks behind
[09:21:02] [Server thread/INFO]: Yu_Chei lost connection: Disconnected
[09:21:02] [Server thread/INFO]: Yu_Chei left the game
[09:21:13] [Server thread/WARN]: Can't keep up! Is the server overloaded? Running 13875ms or 277 ticks behind
[09:21:38] [Server thread/WARN]: Can't keep up! Is the server overloaded? Running 9995ms or 199 ticks behind
[09:22:02] [Server thread/WARN]: Can't keep up! Is the server overloaded? Running 8424ms or 168 ticks behind
[09:22:25] [Server thread/WARN]: Can't keep up! Is the server overloaded? Running 8505ms or 170 ticks behind
[09:22:48] [Server thread/WARN]: Can't keep up! Is the server overloaded? Running 7597ms or 151 ticks behind
[09:23:15] [Server thread/WARN]: Can't keep up! Is the server overloaded? Running 12206ms or 244 ticks behind
[09:23:43] [Server thread/WARN]: Can't keep up! Is the server overloaded? Running 13088ms or 261 ticks behind
[09:24:07] [Server thread/WARN]: Can't keep up! Is the server overloaded? Running 9054ms or 181 ticks behind
[09:24:30] [Server thread/WARN]: Can't keep up! Is the server overloaded? Running 8044ms or 160 ticks behind
[09:24:53] [Server thread/WARN]: Can't keep up! Is the server overloaded? Running 7618ms or 152 ticks behind
[09:25:16] [Server thread/WARN]: Can't keep up! Is the server overloaded? Running 7911ms or 158 ticks behind
[09:25:40] [Server thread/WARN]: Can't keep up! Is the server overloaded? Running 8974ms or 179 ticks behind
[09:25:40] [Server thread/INFO]: [TextileBackup]: Backup started by: SERVER on: 2020-04-14_09-25-40
[09:25:40] [Server thread/INFO]: [TextileBackup]: Saving server...
[09:25:42] [Thread-51/INFO]: [TextileBackup]: Starting compression...
[09:26:07] [Server thread/INFO]: ChengXi123[/127.0.0.1:62191] logged in with entity id 18916 at (-288.902697488649, 64.0, 408.38276910658107)
[09:26:07] [Netty Server IO #1/WARN]: Received invalid identifier in minecraft:register: legacy:fml|hs (Non [a-z0-9/._-] character in path of location: legacy:fml|hs)
[09:26:07] [Server thread/INFO]: ChengXi123 joined the game
[09:26:54] [Server Watchdog/FATAL]: A single server tick took 60.42 seconds (should be max 0.05)
[09:26:54] [Server Watchdog/FATAL]: Considering it to be crashed, server will forcibly shutdown.
[09:26:56] [Server Watchdog/ERROR]: This crash report has been saved to: C:\Server\skimit_survival\.\crash-reports\crash-2020-04-14_09.26.55-server.txt
[09:26:56] [Server thread/INFO]: Stopping server
[09:26:56] [Server thread/INFO]: Saving players
