[16:36:09] [main/INFO]: Loading for game Minecraft 1.15.2
[16:36:10] [main/INFO]: [FabricLoader] Loading 4 mods: minecraft@1.15.2, carpet-extra@1.3.15, fabricloader@0.7.8+build.189, carpet@1.3.15
[16:36:10] [main/INFO]: SpongePowered MIXIN Subsystem Version=0.8 Source=file:/C:/Server/skimit_survival/fabric-server-launch.jar Service=Knot/Fabric Env=SERVER
[16:37:24] [main/WARN]: Ambiguity between arguments [teleport, destination] and [teleport, targets] with inputs: [Player, 0123, @e, dd12be42-52a9-4a91-a8a1-11c01849e498]
[16:37:24] [main/WARN]: Ambiguity between arguments [teleport, location] and [teleport, destination] with inputs: [0.1 -0.5 .9, 0 0 0]
[16:37:24] [main/WARN]: Ambiguity between arguments [teleport, location] and [teleport, targets] with inputs: [0.1 -0.5 .9, 0 0 0]
[16:37:24] [main/WARN]: Ambiguity between arguments [teleport, targets] and [teleport, destination] with inputs: [Player, 0123, dd12be42-52a9-4a91-a8a1-11c01849e498]
[16:37:24] [main/WARN]: Ambiguity between arguments [teleport, targets, location] and [teleport, targets, destination] with inputs: [0.1 -0.5 .9, 0 0 0]
[16:37:24] [Server thread/INFO]: Starting minecraft server version 1.15.2
[16:37:24] [Server thread/INFO]: Loading properties
[16:37:24] [Server thread/INFO]: Default game type: SURVIVAL
[16:37:24] [Server thread/INFO]: Generating keypair
[16:37:24] [Server thread/INFO]: Starting Minecraft server on *:26565
[16:37:24] [Server thread/INFO]: Using default channel type
[16:37:26] [Server thread/WARN]: **** SERVER IS RUNNING IN OFFLINE/INSECURE MODE!
[16:37:26] [Server thread/WARN]: The server will make no attempt to authenticate usernames. Beware.
[16:37:26] [Server thread/WARN]: While this makes the game possible to play without internet access, it also opens up the ability for hackers to connect with any username they choose.
[16:37:26] [Server thread/WARN]: To change this, set "online-mode" to "true" in the server.properties file.
[16:37:26] [Server thread/INFO]: Preparing level "skimit"
[16:37:27] [Server thread/INFO]: [CM]: loaded setting commandDraw as false from carpet.conf
[16:37:27] [Server thread/INFO]: [CM]: loaded setting rotatorBlock as true from carpet.conf
[16:37:27] [Server thread/INFO]: [CM]: loaded setting combineXPOrbs as true from carpet.conf
[16:37:27] [Server thread/INFO]: [CM]: loaded setting onePlayerSleeping as true from carpet.conf
[16:37:27] [Server thread/INFO]: [CM]: loaded setting portalSuffocationFix as true from carpet.conf
[16:37:27] [Server thread/INFO]: [CM]: loaded setting leadFix as true from carpet.conf
[16:37:27] [Server thread/INFO]: [CM]: loaded setting antiCheatDisabled as true from carpet.conf
[16:37:27] [Server thread/INFO]: [CM]: loaded setting defaultLoggers as tps from carpet.conf
[16:37:27] [Server thread/INFO]: [CM]: loaded setting commandCameramode as false from carpet.conf
[16:37:27] [Server thread/INFO]: [CM]: loaded setting unloadedEntityFix as true from carpet.conf
[16:37:27] [Server thread/INFO]: [CM]: loaded setting ctrlQCraftingFix as true from carpet.conf
[16:37:27] [Server thread/INFO]: Reloading ResourceManager: Default, bukkit
[16:37:30] [Server thread/INFO]: Loaded 6 recipes
[16:37:32] [Server thread/INFO]: Loaded 825 advancements
[16:37:33] [Server thread/INFO]: Preparing start region for dimension minecraft:overworld
[16:37:36] [Server thread/INFO]: Preparing spawn area: 0%
[16:37:36] [Server thread/INFO]: Preparing spawn area: 0%
[16:37:36] [Server thread/INFO]: Preparing spawn area: 0%
[16:37:36] [Server thread/INFO]: Preparing spawn area: 0%
[16:37:36] [Server thread/INFO]: Preparing spawn area: 0%
[16:37:36] [Server thread/INFO]: Preparing spawn area: 0%
[16:37:36] [Server thread/INFO]: Preparing spawn area: 0%
[16:37:37] [Server thread/INFO]: Preparing spawn area: 0%
[16:37:38] [Server-Worker-3/INFO]: Preparing spawn area: 0%
[16:37:38] [Server-Worker-3/INFO]: Preparing spawn area: 0%
[16:37:38] [Server-Worker-3/INFO]: Preparing spawn area: 0%
[16:37:39] [Server thread/INFO]: Preparing spawn area: 0%
[16:37:39] [Server thread/INFO]: Preparing spawn area: 0%
[16:37:40] [Server thread/INFO]: Preparing spawn area: 83%
[16:37:41] [Server thread/INFO]: Time elapsed: 8000 ms
[16:37:41] [Server thread/INFO]: Done (15.178s)! For help, type "help"
[16:37:41] [Server thread/INFO]: Starting remote control listener
[16:37:41] [RCON Listener #1/INFO]: RCON running on 0.0.0.0:25636
[16:39:01] [Server thread/INFO]: ChengXi123[/127.0.0.1:63986] logged in with entity id 91 at (-9.529885806243644, 60.0, 0.2620882494020133)
[16:39:01] [Server thread/INFO]: ChengXi123 joined the game
[16:39:02] [Server thread/WARN]: Can't keep up! Is the server overloaded? Running 2936ms or 58 ticks behind
[16:39:06] [Server thread/INFO]: Scanning for legacy world dragon fight...
[16:39:06] [Server thread/INFO]: Found that the dragon has been killed in this world already.
[16:39:35] [Server thread/WARN]: Can't keep up! Is the server overloaded? Running 2039ms or 40 ticks behind
[16:39:53] [Server thread/WARN]: Can't keep up! Is the server overloaded? Running 3165ms or 63 ticks behind
[16:40:22] [Server thread/WARN]: Can't keep up! Is the server overloaded? Running 2046ms or 40 ticks behind
[16:40:40] [Server thread/WARN]: Can't keep up! Is the server overloaded? Running 3214ms or 64 ticks behind
[16:41:15] [Server thread/INFO]: Manjaro_linux[/127.0.0.1:64072] logged in with entity id 907 at (4288.172283933175, 664.271011239828, 436.88122133210675)
[16:41:15] [Server thread/INFO]: Manjaro_linux joined the game
[16:41:23] [Server thread/WARN]: Can't keep up! Is the server overloaded? Running 9413ms or 188 ticks behind
[16:42:08] [Server thread/WARN]: Can't keep up! Is the server overloaded? Running 29870ms or 597 ticks behind
[16:43:17] [Server thread/WARN]: Can't keep up! Is the server overloaded? Running 54140ms or 1082 ticks behind
[16:43:46] [Server thread/WARN]: Can't keep up! Is the server overloaded? Running 3460ms or 69 ticks behind
[16:44:07] [Server thread/WARN]: Can't keep up! Is the server overloaded? Running 2497ms or 49 ticks behind
[16:44:54] [Server thread/WARN]: Can't keep up! Is the server overloaded? Running 32371ms or 647 ticks behind
[16:45:11] [Server thread/INFO]: ChengXi123 lost connection: Timed out
[16:45:11] [Server thread/INFO]: ChengXi123 left the game
[16:45:13] [Server thread/WARN]: handleDisconnection() called twice
[16:45:55] [Server thread/WARN]: Can't keep up! Is the server overloaded? Running 45470ms or 909 ticks behind
[16:47:26] [Server thread/INFO]: ChengXi123[/127.0.0.1:64285] logged in with entity id 2499 at (-519.7363164025435, 73.0625, 539.3503136429246)
[16:47:27] [Server thread/INFO]: ChengXi123 joined the game
[16:47:29] [Server thread/WARN]: Can't keep up! Is the server overloaded? Running 2111ms or 42 ticks behind
[16:47:58] [Server thread/WARN]: Can't keep up! Is the server overloaded? Running 13509ms or 270 ticks behind
[16:48:31] [Server thread/WARN]: Can't keep up! Is the server overloaded? Running 2295ms or 45 ticks behind
[16:48:48] [Server thread/WARN]: Can't keep up! Is the server overloaded? Running 2052ms or 41 ticks behind
[16:49:23] [Server thread/WARN]: Can't keep up! Is the server overloaded? Running 2004ms or 40 ticks behind
[16:49:26] [Server thread/WARN]: Fetching packet for removed entity class_1642['Zombie'/1139, l='skimit', x=-326.50, y=19.35, z=548.40]
[16:50:05] [Server thread/WARN]: Can't keep up! Is the server overloaded? Running 27194ms or 543 ticks behind
[16:50:40] [Server thread/WARN]: Can't keep up! Is the server overloaded? Running 20328ms or 406 ticks behind
[16:50:58] [Server thread/WARN]: Can't keep up! Is the server overloaded? Running 3141ms or 62 ticks behind
[16:51:16] [Server thread/WARN]: Can't keep up! Is the server overloaded? Running 2856ms or 57 ticks behind
[16:51:39] [Server thread/WARN]: Can't keep up! Is the server overloaded? Running 7846ms or 156 ticks behind
[16:52:04] [Server thread/WARN]: Can't keep up! Is the server overloaded? Running 9889ms or 197 ticks behind
[16:52:27] [Server thread/WARN]: Can't keep up! Is the server overloaded? Running 2172ms or 43 ticks behind
[16:52:51] [Server thread/WARN]: Can't keep up! Is the server overloaded? Running 2031ms or 40 ticks behind
[16:53:09] [Server thread/WARN]: Can't keep up! Is the server overloaded? Running 2664ms or 53 ticks behind
[16:54:34] [Server thread/WARN]: Can't keep up! Is the server overloaded? Running 2023ms or 40 ticks behind
[16:54:55] [Server thread/WARN]: Can't keep up! Is the server overloaded? Running 6142ms or 122 ticks behind
[16:56:03] [Server thread/INFO]: ChengXi123 lost connection: Disconnected
[16:56:03] [Server thread/INFO]: ChengXi123 left the game
[16:57:44] [Server thread/WARN]: Can't keep up! Is the server overloaded? Running 3855ms or 77 ticks behind
[16:58:35] [Server thread/INFO]: There are 1 of a max 6 players online: Manjaro_linux
[16:59:18] [Server thread/WARN]: Can't keep up! Is the server overloaded? Running 2220ms or 44 ticks behind
[17:00:08] [Server thread/WARN]: Can't keep up! Is the server overloaded? Running 2127ms or 42 ticks behind
[17:00:25] [Server thread/WARN]: Can't keep up! Is the server overloaded? Running 2094ms or 41 ticks behind
[17:00:43] [Server thread/WARN]: Can't keep up! Is the server overloaded? Running 2298ms or 45 ticks behind
[17:01:04] [Server thread/WARN]: Can't keep up! Is the server overloaded? Running 6437ms or 128 ticks behind
[17:02:42] [Server thread/WARN]: Can't keep up! Is the server overloaded? Running 2223ms or 44 ticks behind
[17:03:02] [Server thread/WARN]: Can't keep up! Is the server overloaded? Running 2179ms or 43 ticks behind
[17:08:06] [Server thread/WARN]: Can't keep up! Is the server overloaded? Running 3533ms or 70 ticks behind
[17:11:57] [Server thread/INFO]: Manjaro_linux lost connection: Disconnected
[17:11:57] [Server thread/INFO]: Manjaro_linux left the game
[17:15:46] [Server thread/INFO]: Manjaro_linux[/127.0.0.1:65289] logged in with entity id 10351 at (14667.56793221558, 108.0, 9302.24986377632)
[17:15:46] [Server thread/INFO]: Manjaro_linux joined the game
[17:15:50] [Server thread/WARN]: Can't keep up! Is the server overloaded? Running 2014ms or 40 ticks behind
[17:23:27] [Server thread/WARN]: Can't keep up! Is the server overloaded? Running 2551ms or 51 ticks behind
[17:53:52] [Server thread/WARN]: Fetching packet for removed entity class_1542['Netherrack'/22621, l='skimit', x=1848.13, y=115.00, z=1151.63]
[17:57:43] [Server thread/INFO]: Manjaro_linux lost connection: Disconnected
[17:57:43] [Server thread/INFO]: Manjaro_linux left the game
[18:21:43] [Server thread/INFO]: Aod_lcy[/127.0.0.1:51280] logged in with entity id 23219 at (-371.7849761191089, 69.0, 514.232061764279)
[18:21:43] [Server thread/INFO]: Aod_lcy joined the game
[18:23:13] [Server thread/WARN]: Can't keep up! Is the server overloaded? Running 2054ms or 41 ticks behind
[18:42:23] [Server thread/INFO]: Aod_lcy lost connection: Disconnected
[18:42:23] [Server thread/INFO]: Aod_lcy left the game
[19:25:25] [Server thread/INFO]: yunxiao[/127.0.0.1:53575] logged in with entity id 26724 at (-521.700000025332, 77.0000002, 547.299999974668)
[19:25:25] [Server thread/INFO]: yunxiao joined the game
[19:30:13] [Server thread/INFO]: RZYplus[/127.0.0.1:53756] logged in with entity id 27320 at (-42.5, 64.0, 239.5)
[19:30:13] [Server thread/INFO]: RZYplus joined the game
[19:31:24] [Server thread/WARN]: Can't keep up! Is the server overloaded? Running 2043ms or 40 ticks behind
[19:31:41] [Server thread/WARN]: Can't keep up! Is the server overloaded? Running 2506ms or 50 ticks behind
[19:33:44] [Server thread/INFO]: RZYplus fell from a high place
[19:33:52] [Server thread/INFO]: RZYplus has made the advancement [We Need to Go Deeper]
[19:33:59] [Server thread/WARN]: Can't keep up! Is the server overloaded? Running 2622ms or 52 ticks behind
[19:34:21] [Server thread/INFO]: RZYplus lost connection: Timed out
[19:34:21] [Server thread/INFO]: RZYplus left the game
[19:34:40] [Server thread/INFO]: RZYplus[/127.0.0.1:53915] logged in with entity id 29160 at (-5.5, 115.0, 30.039729549308774)
[19:34:40] [Server thread/INFO]: RZYplus joined the game
[19:34:47] [Server thread/WARN]: Can't keep up! Is the server overloaded? Running 5964ms or 119 ticks behind
[19:36:09] [Server thread/WARN]: Can't keep up! Is the server overloaded? Running 2006ms or 40 ticks behind
[19:36:54] [Server thread/INFO]: RZYplus lost connection: Timed out
[19:36:54] [Server thread/INFO]: RZYplus left the game
[19:37:09] [Server thread/INFO]: RZYplus[/127.0.0.1:54008] logged in with entity id 30009 at (-199.2082573942288, 70.0, -99.5)
[19:37:09] [Server thread/INFO]: RZYplus joined the game
[19:37:50] [Server thread/INFO]: RZYplus lost connection: Timed out
[19:37:50] [Server thread/INFO]: RZYplus left the game
[19:38:23] [Server thread/INFO]: RZYplus[/127.0.0.1:54055] logged in with entity id 30338 at (-199.2082573942288, 70.0, -99.5)
[19:38:23] [Server thread/INFO]: RZYplus joined the game
[19:38:28] [Server thread/WARN]: Can't keep up! Is the server overloaded? Running 2024ms or 40 ticks behind
[19:39:57] [Server thread/WARN]: Can't keep up! Is the server overloaded? Running 2389ms or 47 ticks behind
[19:40:35] [Server thread/INFO]: RZYplus lost connection: Disconnected
[19:40:35] [Server thread/INFO]: RZYplus left the game
[19:40:45] [Server thread/INFO]: CXS[/127.0.0.1:54146] logged in with entity id 31120 at (-43.5002496453669, 64.0, 240.2731875756837)
[19:40:45] [Server thread/INFO]: CXS joined the game
[19:41:04] [Server thread/INFO]: CXS lost connection: Disconnected
[19:41:04] [Server thread/INFO]: CXS left the game
[19:41:14] [Server thread/INFO]: CXS[/127.0.0.1:54170] logged in with entity id 31169 at (-43.69999998807907, 64.0, 241.09415397463118)
[19:41:14] [Server thread/INFO]: CXS joined the game
[19:41:42] [Server thread/INFO]: CXS fell from a high place
[19:41:52] [Server thread/INFO]: CXS fell from a high place
[19:42:06] [Server thread/INFO]: CXS fell from a high place
[19:42:15] [Server thread/INFO]: CXS fell from a high place
[19:42:21] [Server thread/INFO]: CXS fell from a high place
[19:42:25] [Server thread/INFO]: CXS fell from a high place
[19:42:31] [Server thread/INFO]: CXS fell from a high place
[19:42:37] [Server thread/INFO]: CXS fell from a high place
[19:42:49] [Server thread/INFO]: CXS fell from a high place
[19:42:53] [Server thread/INFO]: CXS fell from a high place
[19:43:00] [Server thread/INFO]: CXS fell from a high place
[19:43:13] [Server thread/INFO]: CXS tried to swim in lava
[19:43:20] [Server thread/INFO]: CXS fell from a high place
[19:43:25] [Server thread/INFO]: CXS fell from a high place
[19:43:43] [Server thread/INFO]: CXS tried to swim in lava
[19:43:51] [Server thread/INFO]: CXS fell from a high place
[19:44:00] [Server thread/INFO]: CXS fell from a high place
[19:44:05] [Server thread/INFO]: CXS tried to swim in lava
[19:44:11] [Server thread/INFO]: CXS fell from a high place
[19:44:17] [Server thread/INFO]: CXS fell from a high place
[19:44:23] [Server thread/INFO]: CXS fell from a high place
[19:44:27] [Server thread/INFO]: CXS fell from a high place
[19:44:34] [Server thread/INFO]: CXS fell from a high place
[19:44:43] [Server thread/INFO]: CXS tried to swim in lava
[19:44:48] [Server thread/INFO]: CXS fell from a high place
[19:44:55] [Server thread/INFO]: CXS fell from a high place
[19:45:00] [Server thread/INFO]: CXS fell from a high place
[19:45:09] [Server thread/INFO]: CXS fell from a high place
[19:45:16] [Server thread/INFO]: CXS fell from a high place
[19:45:21] [Server thread/INFO]: CXS fell from a high place
[19:45:28] [Server thread/INFO]: CXS fell from a high place
[19:45:33] [Server thread/INFO]: CXS fell from a high place
[19:45:40] [Server thread/INFO]: CXS fell from a high place
[19:45:48] [Server thread/INFO]: CXS was slain by yunxiao
[19:45:50] [Server thread/WARN]: Mismatch in destroy block pos: class_2338{x=0, y=0, z=0} class_2338{x=-44, y=64, z=240}
[19:45:55] [Server thread/INFO]: CXS fell from a high place
[19:46:02] [Server thread/INFO]: CXS fell from a high place
[19:46:07] [Server thread/INFO]: yunxiao has reached the goal [Postmortal]
[19:46:27] [Server thread/INFO]: CXS fell from a high place
[19:46:35] [Server thread/INFO]: CXS fell from a high place
[19:46:42] [Server thread/INFO]: CXS fell from a high place
[19:46:48] [Server thread/INFO]: CXS fell from a high place
[19:46:54] [Server thread/INFO]: CXS fell from a high place
[19:47:00] [Server thread/INFO]: CXS fell from a high place
[19:47:09] [Server thread/INFO]: CXS fell from a high place
[19:47:17] [Server thread/INFO]: CXS tried to swim in lava
[19:47:23] [Server thread/INFO]: CXS fell from a high place
[19:47:30] [Server thread/INFO]: CXS tried to swim in lava
[19:47:35] [Server thread/INFO]: CXS fell from a high place
[19:47:43] [Server thread/INFO]: CXS tried to swim in lava
[19:47:49] [Server thread/INFO]: CXS fell from a high place
[19:49:48] [Server thread/INFO]: CXS was slain by yunxiao
[19:49:55] [Server thread/INFO]: CXS fell from a high place
[19:50:11] [Server thread/INFO]: CXS fell from a high place
[19:50:17] [Server thread/INFO]: CXS fell from a high place
[19:50:25] [Server thread/INFO]: CXS fell from a high place
[19:50:43] [Server thread/INFO]: CXS fell from a high place
[19:50:56] [Server thread/INFO]: CXS fell from a high place
[19:51:38] [Server thread/INFO]: CXS fell from a high place
[19:52:12] [Server thread/WARN]: Can't keep up! Is the server overloaded? Running 2541ms or 50 ticks behind
[19:52:38] [Server thread/WARN]: Can't keep up! Is the server overloaded? Running 11650ms or 233 ticks behind
[19:52:57] [Server thread/WARN]: Can't keep up! Is the server overloaded? Running 3850ms or 77 ticks behind
[19:53:31] [Server thread/WARN]: Can't keep up! Is the server overloaded? Running 2329ms or 46 ticks behind
[19:53:55] [Server thread/WARN]: Can't keep up! Is the server overloaded? Running 2401ms or 48 ticks behind
[19:54:14] [Server thread/WARN]: Can't keep up! Is the server overloaded? Running 4162ms or 83 ticks behind
[19:54:14] [Server thread/INFO]: CXS experienced kinetic energy
[19:54:29] [Server thread/INFO]: austinfoster[/127.0.0.1:54653] logged in with entity id 34794 at (-430.31911357718985, 70.0, 543.9488303930365)
[19:54:29] [Server thread/INFO]: austinfoster joined the game
[19:54:32] [Server thread/WARN]: Can't keep up! Is the server overloaded? Running 3235ms or 64 ticks behind
[19:55:07] [Server thread/WARN]: Can't keep up! Is the server overloaded? Running 20456ms or 409 ticks behind
[19:55:30] [Server thread/WARN]: Can't keep up! Is the server overloaded? Running 7435ms or 148 ticks behind
[19:55:52] [Server thread/WARN]: Can't keep up! Is the server overloaded? Running 7599ms or 151 ticks behind
[19:55:58] [Server thread/INFO]: CXS was poked to death by a sweet berry bush
[19:56:10] [Server thread/WARN]: Can't keep up! Is the server overloaded? Running 2318ms or 46 ticks behind
[19:56:47] [Server thread/WARN]: Can't keep up! Is the server overloaded? Running 2034ms or 40 ticks behind
[19:56:48] [Server thread/INFO]: yunxiao lost connection: Disconnected
[19:56:48] [Server thread/INFO]: yunxiao left the game
[19:56:51] [Server thread/INFO]: CXS fell from a high place
[19:57:06] [Server thread/INFO]: CXS fell from a high place
[19:57:07] [Server thread/WARN]: Fetching packet for removed entity class_1642['Zombie'/35651, l='skimit', x=1.50, y=4.35, z=248.40]
[19:57:17] [Server thread/INFO]: austinfoster lost connection: Disconnected
[19:57:17] [Server thread/INFO]: austinfoster left the game
[19:58:18] [Server thread/INFO]: yunxiao[/127.0.0.1:54792] logged in with entity id 35939 at (-38.97882897950632, 5.0, 242.50687024076166)
[19:58:18] [Server thread/INFO]: yunxiao joined the game
[19:58:59] [Server thread/INFO]: CXS fell from a high place
[19:59:34] [Server thread/INFO]: yunxiao lost connection: Timed out
[19:59:34] [Server thread/INFO]: yunxiao left the game
[19:59:34] [Server thread/WARN]: handleDisconnection() called twice
[19:59:42] [Server thread/INFO]: CXS fell from a high place
[19:59:46] [Server thread/WARN]: Can't keep up! Is the server overloaded? Running 2312ms or 46 ticks behind
[19:59:57] [Server thread/INFO]: CXS fell from a high place
[20:00:15] [Server thread/INFO]: CXS fell from a high place
[20:00:25] [Server thread/INFO]: yunxiao[/127.0.0.1:54871] logged in with entity id 36166 at (-38.38220991351821, 5.0, 241.9033811480353)
[20:00:25] [Server thread/INFO]: yunxiao joined the game
[20:00:33] [Server thread/INFO]: CXS fell from a high place
[20:01:55] [Server thread/INFO]: CXS lost connection: Disconnected
[20:01:55] [Server thread/INFO]: CXS left the game
[20:04:35] [Server thread/WARN]: Mismatch in destroy block pos: class_2338{x=-22, y=10, z=270} class_2338{x=-22, y=8, z=270}
[20:04:35] [Server thread/WARN]: Mismatch in destroy block pos: class_2338{x=-22, y=10, z=270} class_2338{x=-22, y=8, z=270}
[20:08:17] [Server thread/INFO]: yunxiao has made the advancement [We Need to Go Deeper]
[20:11:34] [Server thread/INFO]: XxiaoyunX[/127.0.0.1:55283] logged in with entity id 37381 at (-520.2124617714932, 73.0625, 535.6138479423614)
[20:11:34] [Server thread/INFO]: XxiaoyunX joined the game
[20:12:44] [Server thread/WARN]: Can't keep up! Is the server overloaded? Running 2016ms or 40 ticks behind
[20:13:02] [Server thread/WARN]: Can't keep up! Is the server overloaded? Running 3327ms or 66 ticks behind
[20:13:24] [Server thread/WARN]: Can't keep up! Is the server overloaded? Running 7017ms or 140 ticks behind
[20:13:43] [Server thread/WARN]: Can't keep up! Is the server overloaded? Running 4349ms or 86 ticks behind
[20:14:04] [Server thread/WARN]: Can't keep up! Is the server overloaded? Running 5655ms or 113 ticks behind
[20:14:25] [Server thread/WARN]: Can't keep up! Is the server overloaded? Running 5603ms or 112 ticks behind
[20:14:43] [Server thread/WARN]: Can't keep up! Is the server overloaded? Running 3243ms or 64 ticks behind
[20:15:01] [Server thread/WARN]: Can't keep up! Is the server overloaded? Running 3477ms or 69 ticks behind
[20:15:19] [Server thread/WARN]: Can't keep up! Is the server overloaded? Running 2873ms or 57 ticks behind
[20:15:51] [Server thread/WARN]: Can't keep up! Is the server overloaded? Running 16591ms or 331 ticks behind
[20:16:10] [Server thread/WARN]: Can't keep up! Is the server overloaded? Running 3956ms or 79 ticks behind
[20:16:23] [Server thread/INFO]: <yunxiao> hi
[20:16:27] [Server thread/INFO]: <XxiaoyunX> hi
[20:19:28] [Server thread/WARN]: Can't keep up! Is the server overloaded? Running 2055ms or 41 ticks behind
[20:19:45] [Server thread/INFO]: <XxiaoyunX> ÄãÔÚÄÄ
[20:19:58] [Server thread/WARN]: Can't keep up! Is the server overloaded? Running 2023ms or 40 ticks behind
[20:20:19] [Server thread/WARN]: Can't keep up! Is the server overloaded? Running 5685ms or 113 ticks behind
[20:20:54] [Server thread/WARN]: Can't keep up! Is the server overloaded? Running 3165ms or 63 ticks behind
[20:21:10] [Server thread/INFO]: XxiaoyunX fell from a high place
[20:21:41] [Server thread/INFO]: yunxiao lost connection: Disconnected
[20:21:41] [Server thread/INFO]: yunxiao left the game
[20:28:48] [Server thread/INFO]: Villager class_1646['Villager'/37564, l='skimit', x=-406.95, y=67.05, z=472.35] died, message: 'Villager suffocated in a wall'
[20:28:50] [Server thread/INFO]: There are 1 of a max 6 players online: XxiaoyunX
[20:30:57] [Server thread/WARN]: Can't keep up! Is the server overloaded? Running 2149ms or 42 ticks behind
[20:32:58] [Server thread/INFO]: yunxiao[/127.0.0.1:56049] logged in with entity id 41006 at (-36.30000001192093, 114.0, -3.699999988079071)
[20:32:58] [Server thread/INFO]: yunxiao joined the game
[20:33:01] [Server thread/WARN]: Can't keep up! Is the server overloaded? Running 2017ms or 40 ticks behind
[20:33:18] [Server thread/INFO]: yunxiao lost connection: Disconnected
[20:33:18] [Server thread/INFO]: yunxiao left the game
[20:33:19] [Server thread/WARN]: Can't keep up! Is the server overloaded? Running 2805ms or 56 ticks behind
[20:34:31] [Server thread/INFO]: There are 1 of a max 6 players online: XxiaoyunX
[20:37:33] [Server thread/INFO]: XxiaoyunX tried to swim in lava
[20:40:08] [Server thread/WARN]: Keeping entity minecraft:cow that already exists with UUID 435cd9d9-b114-48de-862a-91179b1579cf
[20:41:04] [Server thread/WARN]: Can't keep up! Is the server overloaded? Running 2174ms or 43 ticks behind
[20:42:53] [Server thread/INFO]: WZY0330[/127.0.0.1:56412] logged in with entity id 43281 at (3935.7075313045775, 44.0, 1784.699999988079)
[20:42:53] [Server thread/INFO]: WZY0330 joined the game
[20:42:56] [Server thread/WARN]: Can't keep up! Is the server overloaded? Running 2158ms or 43 ticks behind
[20:43:14] [Server thread/INFO]: WZY0330 lost connection: Disconnected
[20:43:14] [Server thread/INFO]: WZY0330 left the game
[20:43:15] [Server thread/WARN]: Can't keep up! Is the server overloaded? Running 4563ms or 91 ticks behind
[20:44:42] [Server thread/WARN]: Can't keep up! Is the server overloaded? Running 2348ms or 46 ticks behind
[20:45:39] [Server thread/WARN]: Fetching packet for removed entity class_1642['Zombie'/43504, l='skimit', x=-206.98, y=25.35, z=422.86]
[20:45:46] [Server thread/INFO]: XxiaoyunX has made the advancement [Bee Our Guest]
[20:46:15] [Server thread/WARN]: Can't keep up! Is the server overloaded? Running 2550ms or 51 ticks behind
[20:51:02] [Server thread/WARN]: Can't keep up! Is the server overloaded? Running 2066ms or 41 ticks behind
[20:51:20] [Server thread/WARN]: Can't keep up! Is the server overloaded? Running 3349ms or 66 ticks behind
[20:53:05] [Server thread/INFO]: XxiaoyunX lost connection: Disconnected
[20:53:05] [Server thread/INFO]: XxiaoyunX left the game
[21:07:01] [Server thread/INFO]: ChengXi123[/127.0.0.1:57282] logged in with entity id 45598 at (187.8521399747379, 1.0625, -1.227822678197448)
[21:07:01] [Server thread/INFO]: ChengXi123 joined the game
[21:09:47] [Server thread/INFO]: Villager class_1646['Villager'/265, l='skimit', x=-138.30, y=75.00, z=434.05] died, message: 'Villager was slain by ChengXi123'
[21:09:47] [Server thread/INFO]: Villager class_1646['Villager'/264, l='skimit', x=-138.41, y=75.00, z=434.70] died, message: 'Villager was slain by ChengXi123'
[21:11:23] [Server thread/WARN]: Can't keep up! Is the server overloaded? Running 2157ms or 43 ticks behind
[21:16:24] [Server thread/WARN]: Can't keep up! Is the server overloaded? Running 2182ms or 43 ticks behind
[21:23:16] [Server thread/INFO]: Alex[local] logged in with entity id 50133 at (-113.5, 6.0, 186.5)
[21:23:16] [Server thread/INFO]: Alex joined the game
[21:23:23] [Server thread/INFO]: Alex tried to swim in lava
[21:23:23] [Server thread/INFO]: Alex lost connection: Killed
[21:23:23] [Server thread/INFO]: Alex left the game
[21:24:04] [Server thread/INFO]: Alex[local] logged in with entity id 50196 at (-110.5, 10.0, 187.5)
[21:24:04] [Server thread/INFO]: Alex joined the game
[21:24:11] [Server thread/INFO]: Alex tried to swim in lava
[21:24:11] [Server thread/INFO]: Alex lost connection: Killed
[21:24:11] [Server thread/INFO]: Alex left the game
[21:24:26] [Server thread/INFO]: Alex[local] logged in with entity id 50237 at (-110.5, 12.0, 187.5)
[21:24:26] [Server thread/INFO]: Alex joined the game
[21:24:38] [Server thread/INFO]: Alex tried to swim in lava
[21:24:38] [Server thread/INFO]: Alex lost connection: Killed
[21:24:38] [Server thread/INFO]: Alex left the game
[21:25:38] [Server thread/INFO]: Alex[local] logged in with entity id 50321 at (-113.5, 256.0, 186.5)
[21:25:38] [Server thread/INFO]: Alex joined the game
[21:25:46] [Server thread/INFO]: Alex tried to swim in lava
[21:25:46] [Server thread/INFO]: Alex lost connection: Killed
[21:25:46] [Server thread/INFO]: Alex left the game
[21:26:01] [Server thread/INFO]: Alex[local] logged in with entity id 50363 at (-113.5, 30000.0, 160.5)
[21:26:01] [Server thread/INFO]: Alex joined the game
[21:27:47] [Server thread/INFO]: Alex lost connection: Killed
[21:27:47] [Server thread/INFO]: Alex left the game
[21:27:57] [Server thread/INFO]: Alex[local] logged in with entity id 50554 at (-113.5, 6.0, 186.5)
[21:27:57] [Server thread/INFO]: Alex joined the game
[21:28:02] [Server thread/INFO]: Alex tried to swim in lava
[21:28:02] [Server thread/INFO]: Alex lost connection: Killed
[21:28:02] [Server thread/INFO]: Alex left the game
[21:28:12] [Server thread/INFO]: Alex[local] logged in with entity id 50578 at (-113.5, 6.0, 180.5)
[21:28:12] [Server thread/INFO]: Alex joined the game
[21:28:17] [Server thread/INFO]: Alex tried to swim in lava
[21:28:17] [Server thread/INFO]: Alex lost connection: Killed
[21:28:17] [Server thread/INFO]: Alex left the game
[21:28:25] [Server thread/INFO]: Alex[local] logged in with entity id 50603 at (-113.5, 6.0, 198.5)
[21:28:25] [Server thread/INFO]: Alex joined the game
[21:28:53] [Server thread/INFO]: Alex was slain by Slime
[21:28:53] [Server thread/INFO]: Alex lost connection: Killed
[21:28:53] [Server thread/INFO]: Alex left the game
[21:29:59] [Server thread/INFO]: Alex[local] logged in with entity id 50770 at (-103.5, 100.0, 180.5)
[21:29:59] [Server thread/INFO]: Alex joined the game
[21:30:10] [Server thread/INFO]: Alex was slain by ChengXi123
[21:30:10] [Server thread/INFO]: Alex lost connection: Killed
[21:30:10] [Server thread/INFO]: Alex left the game
[21:30:16] [Server thread/INFO]: Alex[local] logged in with entity id 50788 at (-103.5, 100.0, 180.5)
[21:30:16] [Server thread/INFO]: Alex joined the game
[21:30:24] [Server thread/INFO]: Alex was slain by ChengXi123
[21:30:24] [Server thread/INFO]: Alex lost connection: Killed
[21:30:24] [Server thread/INFO]: Alex left the game
[21:30:46] [Server thread/INFO]: Alex[local] logged in with entity id 50816 at (-103.5, 200.0, 180.5)
[21:30:46] [Server thread/INFO]: Alex joined the game
[21:30:53] [Server thread/INFO]: Alex was slain by ChengXi123
[21:30:53] [Server thread/INFO]: Alex lost connection: Killed
[21:30:53] [Server thread/INFO]: Alex left the game
[21:32:35] [Server thread/INFO]: Alex[local] logged in with entity id 51098 at (-152.85281751490922, 71.0, 411.8395145585798)
[21:32:35] [Server thread/INFO]: Alex joined the game
[21:32:51] [Server thread/INFO]: Alex was slain by ChengXi123
[21:32:51] [Server thread/INFO]: Alex lost connection: Killed
[21:32:51] [Server thread/INFO]: Alex left the game
[21:33:15] [Server thread/INFO]: Alex[local] logged in with entity id 51148 at (-154.56199631357998, 71.0, 411.5551507784986)
[21:33:15] [Server thread/INFO]: Alex joined the game
[21:33:29] [Server thread/INFO]: Steve[local] logged in with entity id 51171 at (-153.55781388031463, 71.0, 411.47062109695526)
[21:33:29] [Server thread/INFO]: Steve joined the game
[21:37:58] [Server thread/INFO]: [ChengXi123: Cannot shadow fake players]
[21:38:31] [Server thread/INFO]: ChengXi123 lost connection: You logged in from another location
[21:38:31] [Server thread/INFO]: ChengXi123 left the game
[21:38:31] [Server thread/INFO]: ChengXi123[local] logged in with entity id 51585 at (-154.35325055804236, 71.0, 413.9076175515495)
[21:38:31] [Server thread/INFO]: ChengXi123 joined the game
[21:38:31] [Server thread/WARN]: handleDisconnection() called twice
[21:38:42] [Server thread/INFO]: ChengXi123 lost connection: Killed
[21:38:42] [Server thread/INFO]: ChengXi123 left the game
[21:38:42] [Server thread/INFO]: ChengXi123[/127.0.0.1:58436] logged in with entity id 51600 at (-154.35325055804236, 71.0, 413.9076175515495)
[21:38:42] [Server thread/INFO]: ChengXi123 joined the game
[21:39:06] [Server thread/INFO]: Alex was slain by ChengXi123
[21:39:06] [Server thread/INFO]: Alex lost connection: Killed
[21:39:06] [Server thread/INFO]: Alex left the game
[21:39:10] [Server thread/INFO]: Steve was slain by ChengXi123
[21:39:10] [Server thread/INFO]: Steve lost connection: Killed
[21:39:10] [Server thread/INFO]: Steve left the game
[21:39:23] [Server thread/INFO]: 1[local] logged in with entity id 51653 at (-153.5802687168244, 71.0, 415.5583216005532)
[21:39:23] [Server thread/INFO]: 1 joined the game
[21:39:38] [Server thread/INFO]: 2[local] logged in with entity id 51667 at (-154.61225618183508, 71.0, 415.45552204773753)
[21:39:38] [Server thread/INFO]: 2 joined the game
[21:39:53] [Server thread/INFO]: 3[local] logged in with entity id 51686 at (-155.7766695755758, 71.0, 415.63330031241566)
[21:39:53] [Server thread/INFO]: 3 joined the game
[21:40:42] [Server thread/INFO]: 4[local] logged in with entity id 51742 at (-156.7380467318953, 71.0, 415.8373222696578)
[21:40:42] [Server thread/INFO]: 4 joined the game
[21:41:27] [Server thread/WARN]: Can't keep up! Is the server overloaded? Running 2114ms or 42 ticks behind
[21:41:41] [Server thread/INFO]: 5[local] logged in with entity id 51834 at (-157.72863533641726, 71.0, 415.94346611614674)
[21:41:41] [Server thread/INFO]: 5 joined the game
[21:42:26] [Server thread/INFO]: 6[local] logged in with entity id 51905 at (-153.53137050061204, 71.0, 414.0822967926938)
[21:42:26] [Server thread/INFO]: 6 joined the game
[21:42:39] [Server thread/INFO]: 7[local] logged in with entity id 51931 at (-154.71180181388053, 71.0, 414.25906856435984)
[21:42:39] [Server thread/INFO]: 7 joined the game
[21:43:01] [Server thread/INFO]: 8[local] logged in with entity id 51954 at (-156.0147365434538, 71.0, 414.6719711622529)
[21:43:01] [Server thread/INFO]: 8 joined the game
[21:43:15] [Server thread/INFO]: 9[local] logged in with entity id 51971 at (-156.89806258656472, 71.0, 414.60185646935406)
[21:43:15] [Server thread/INFO]: 9 joined the game
[21:43:26] [Server thread/INFO]: 10[local] logged in with entity id 51984 at (-157.76229042904774, 71.0, 414.5274978688745)
[21:43:26] [Server thread/INFO]: 10 joined the game
[21:43:42] [Server thread/INFO]: 11[local] logged in with entity id 52013 at (-153.7558476185223, 71.0, 412.9904450483601)
[21:43:42] [Server thread/INFO]: 11 joined the game
[21:43:51] [Server thread/INFO]: 12[local] logged in with entity id 52018 at (-154.53366864931738, 71.0, 413.0061681279053)
[21:43:51] [Server thread/INFO]: 12 joined the game
[21:44:02] [Server thread/INFO]: 13[local] logged in with entity id 52044 at (-156.12212637905063, 71.0, 413.0386624928088)
[21:44:02] [Server thread/INFO]: 13 joined the game
[21:44:24] [Server thread/INFO]: 14[local] logged in with entity id 52069 at (-156.7860849976419, 71.0, 413.3674563139351)
[21:44:24] [Server thread/INFO]: 14 joined the game
[21:44:35] [Server thread/INFO]: 15[local] logged in with entity id 52079 at (-158.07347218234705, 71.0, 413.4558872254518)
[21:44:35] [Server thread/INFO]: 15 joined the game
[21:44:35] [Server thread/WARN]: Can't keep up! Is the server overloaded? Running 2117ms or 42 ticks behind
[21:47:04] [Server thread/INFO]: 5 was slain by ChengXi123
[21:47:04] [Server thread/INFO]: 5 lost connection: Killed
[21:47:04] [Server thread/INFO]: 5 left the game
[21:47:04] [Server thread/INFO]: 3 was slain by ChengXi123
[21:47:04] [Server thread/INFO]: 3 lost connection: Killed
[21:47:04] [Server thread/INFO]: 3 left the game
[21:47:07] [Server thread/INFO]: 1 was slain by ChengXi123
[21:47:07] [Server thread/INFO]: 1 lost connection: Killed
[21:47:07] [Server thread/INFO]: 1 left the game
[21:47:34] [Server thread/INFO]: 11 was slain by ChengXi123
[21:47:34] [Server thread/INFO]: 11 lost connection: Killed
[21:47:34] [Server thread/INFO]: 11 left the game
[21:47:41] [Server thread/INFO]: 7 was slain by ChengXi123
[21:47:41] [Server thread/INFO]: 7 lost connection: Killed
[21:47:41] [Server thread/INFO]: 7 left the game
[21:47:44] [Server thread/INFO]: 13 was slain by ChengXi123
[21:47:44] [Server thread/INFO]: 13 lost connection: Killed
[21:47:44] [Server thread/INFO]: 13 left the game
[21:47:45] [Server thread/INFO]: 15 was slain by ChengXi123
[21:47:45] [Server thread/INFO]: 15 lost connection: Killed
[21:47:45] [Server thread/INFO]: 15 left the game
[21:47:48] [Server thread/INFO]: 4 was slain by ChengXi123
[21:47:48] [Server thread/INFO]: 4 lost connection: Killed
[21:47:48] [Server thread/INFO]: 4 left the game
[21:47:50] [Server thread/INFO]: 10 was slain by ChengXi123
[21:47:50] [Server thread/INFO]: 10 lost connection: Killed
[21:47:50] [Server thread/INFO]: 10 left the game
[21:47:54] [Server thread/INFO]: 8 was slain by ChengXi123
[21:47:54] [Server thread/INFO]: 8 lost connection: Killed
[21:47:54] [Server thread/INFO]: 8 left the game
[21:47:55] [Server thread/INFO]: 9 was slain by ChengXi123
[21:47:55] [Server thread/INFO]: 9 lost connection: Killed
[21:47:55] [Server thread/INFO]: 9 left the game
[21:47:57] [Server thread/INFO]: 14 was slain by ChengXi123
[21:47:57] [Server thread/INFO]: 14 lost connection: Killed
[21:47:57] [Server thread/INFO]: 14 left the game
[21:47:58] [Server thread/INFO]: 2 was slain by ChengXi123
[21:47:58] [Server thread/INFO]: 2 lost connection: Killed
[21:47:58] [Server thread/INFO]: 2 left the game
[21:48:00] [Server thread/INFO]: 12 was slain by ChengXi123
[21:48:00] [Server thread/INFO]: 12 lost connection: Killed
[21:48:00] [Server thread/INFO]: 12 left the game
[21:48:03] [Server thread/INFO]: 6 was slain by ChengXi123
[21:48:03] [Server thread/INFO]: 6 lost connection: Killed
[21:48:03] [Server thread/INFO]: 6 left the game
[21:49:09] [Server thread/WARN]: Can't keep up! Is the server overloaded? Running 2277ms or 45 ticks behind
[21:49:26] [Server thread/WARN]: Can't keep up! Is the server overloaded? Running 2598ms or 51 ticks behind
[21:50:57] [Server thread/INFO]: ChengXi123 lost connection: Disconnected
[21:50:57] [Server thread/INFO]: ChengXi123 left the game
[22:38:03] [Server thread/INFO]: austinfoster[/127.0.0.1:60591] logged in with entity id 53089 at (-397.7654024722926, 69.0, 509.7109337826179)
[22:38:03] [Server thread/INFO]: austinfoster joined the game
[22:38:07] [Server thread/WARN]: Can't keep up! Is the server overloaded? Running 2006ms or 40 ticks behind
[22:38:25] [Server thread/WARN]: Can't keep up! Is the server overloaded? Running 2156ms or 43 ticks behind
[22:40:50] [Server thread/WARN]: Can't keep up! Is the server overloaded? Running 2011ms or 40 ticks behind
[22:41:42] [Server thread/WARN]: Can't keep up! Is the server overloaded? Running 2501ms or 50 ticks behind
[22:42:01] [Server thread/WARN]: Can't keep up! Is the server overloaded? Running 2125ms or 42 ticks behind
[22:45:52] [Server thread/INFO]: Villager class_1646['Villager'/53116, l='skimit', x=-406.95, y=67.04, z=472.31] died, message: 'Villager suffocated in a wall'
[22:46:47] [Server thread/WARN]: Can't keep up! Is the server overloaded? Running 2215ms or 44 ticks behind
[22:47:22] [Server thread/INFO]: Villager class_1646['Villager'/53117, l='skimit', x=-406.95, y=67.05, z=472.30] died, message: 'Villager suffocated in a wall'
[22:48:32] [Server thread/INFO]: Manjaro_linux[/127.0.0.1:60971] logged in with entity id 54255 at (14668.444837573317, 108.0, 9303.295503941923)
[22:48:32] [Server thread/INFO]: Manjaro_linux joined the game
[22:48:35] [Server thread/WARN]: Can't keep up! Is the server overloaded? Running 2576ms or 51 ticks behind
[22:48:58] [Server thread/WARN]: Can't keep up! Is the server overloaded? Running 8320ms or 166 ticks behind
[22:50:43] [Server thread/WARN]: Can't keep up! Is the server overloaded? Running 2021ms or 40 ticks behind
[22:51:03] [Server thread/WARN]: Can't keep up! Is the server overloaded? Running 2012ms or 40 ticks behind
[22:51:22] [Server thread/WARN]: Can't keep up! Is the server overloaded? Running 4554ms or 91 ticks behind
[22:51:43] [Server thread/WARN]: Can't keep up! Is the server overloaded? Running 2067ms or 41 ticks behind
[22:51:45] [Server thread/INFO]: Manjaro_linux experienced kinetic energy
[22:52:02] [Server thread/WARN]: Can't keep up! Is the server overloaded? Running 4470ms or 89 ticks behind
[22:52:20] [Server thread/WARN]: Can't keep up! Is the server overloaded? Running 3323ms or 66 ticks behind
[22:52:41] [Server thread/INFO]: austinfoster lost connection: Disconnected
[22:52:41] [Server thread/INFO]: austinfoster left the game
[22:52:58] [Server thread/WARN]: Can't keep up! Is the server overloaded? Running 2008ms or 40 ticks behind
[22:57:20] [Server thread/WARN]: Can't keep up! Is the server overloaded? Running 2294ms or 45 ticks behind
[22:57:38] [Server thread/WARN]: Can't keep up! Is the server overloaded? Running 2261ms or 45 ticks behind
[22:58:28] [Server thread/WARN]: Can't keep up! Is the server overloaded? Running 2026ms or 40 ticks behind
[23:14:23] [Server thread/WARN]: Fetching packet for removed entity class_1542['Air'/61493, l='skimit', x=194.92, y=1.06, z=-0.37]
[23:15:08] [Server thread/WARN]: Can't keep up! Is the server overloaded? Running 2427ms or 48 ticks behind
[23:15:46] [Server thread/WARN]: Can't keep up! Is the server overloaded? Running 2528ms or 50 ticks behind
[23:17:13] [Server thread/INFO]: Manjaro_linux lost connection: Timed out
[23:17:13] [Server thread/INFO]: Manjaro_linux left the game
