[05:25:01] [Server thread/INFO]: Unknown or incomplete command, see below for error
[05:25:01] [Server thread/INFO]: _say 服务器将在5分钟后关闭备份存档，6:01继续开启<--[HERE]
[05:30:01] [Server thread/INFO]: Unknown or incomplete command, see below for error
[05:30:01] [Server thread/INFO]: __stop___<--[HERE]
[07:18:37] [Server thread/INFO]: aka213[/127.0.0.1:43722] logged in with entity id 887 at (-168.724815236221, 60.0, 32.87142215280187)
[07:18:37] [Server thread/INFO]: aka213 joined the game
[07:18:37] [Netty Epoll Server IO #0/WARN]: Received invalid identifier in minecraft:register: legacy:fml|hs (Non [a-z0-9/._-] character in path of location: legacy:fml|hs)
[07:18:40] [Netty Epoll Server IO #0/INFO]: Player aka213 joined with a matching carpet client
[07:24:41] [Server thread/WARN]: Mismatch in destroy block pos: class_2338{x=-127, y=96, z=-21} class_2338{x=-126, y=95, z=-22}
[07:35:28] [Server thread/INFO]: ChengXi123[/127.0.0.1:40006] logged in with entity id 2905 at (-526.8786148291827, 77.0, 442.9760755315727)
[07:35:28] [Server thread/INFO]: ChengXi123 joined the game
[07:35:28] [Netty Epoll Server IO #4/WARN]: Received invalid identifier in minecraft:register: legacy:fml|hs (Non [a-z0-9/._-] character in path of location: legacy:fml|hs)
[07:35:30] [Netty Epoll Server IO #4/INFO]: Player ChengXi123 joined with a matching carpet client
[07:36:19] [Server thread/INFO]: ChengXi123 was slain by Zombie
[07:36:21] [Server thread/INFO]: <aka213> 吗的气死我了
[07:36:37] [Server thread/INFO]: <ChengXi123> ?
[07:36:37] [Server thread/INFO]: <aka213> 找了4个小猪灵
[07:36:46] [Server thread/INFO]: <aka213> 3个地狱岩
[07:36:53] [Server thread/INFO]: <aka213> 1个拿腐肉
[07:37:49] [Server thread/INFO]: ChengXi123 lost connection: Disconnected
[07:37:49] [Server thread/INFO]: ChengXi123 left the game
[07:37:50] [Server thread/INFO]: ChengXi123[/127.0.0.1:48829] logged in with entity id 3556 at (-531.1121385658012, 77.0, 447.955356883414)
[07:37:50] [Server thread/INFO]: ChengXi123 joined the game
[07:37:50] [Netty Epoll Server IO #4/WARN]: Received invalid identifier in minecraft:register: legacy:fml|hs (Non [a-z0-9/._-] character in path of location: legacy:fml|hs)
[07:37:51] [Netty Epoll Server IO #4/INFO]: Player ChengXi123 joined with a matching carpet client
[07:38:05] [Server thread/INFO]: <ChengXi123> wwww
[07:39:15] [Server thread/INFO]: <aka213> ???
[07:39:27] [Server thread/WARN]: Fetching packet for removed entity class_1542['Air'/4180, l='ServerLevel[world]', x=-367.30, y=70.26, z=478.50]
[07:39:37] [Server thread/INFO]: <ChengXi123> 我来了
[07:39:46] [Server thread/INFO]: <aka213> 你要不复制1盒附魔书？
[07:42:28] [Server thread/INFO]: <aka213> 有木头吗
[07:42:38] [Server thread/INFO]: <ChengXi123> 没有
[07:42:50] [Server thread/INFO]: <aka213> 我护甲爆了
[07:42:59] [Server thread/INFO]: <ChengXi123> 金甲？
[07:43:02] [Server thread/INFO]: <aka213> en
[07:43:13] [Server thread/INFO]: <ChengXi123> 这里有工作台
[07:46:05] [Server thread/INFO]: <aka213> 我，，，
[07:46:14] [Server thread/INFO]: <aka213> 我迷路饿了
[07:46:27] [Server thread/INFO]: <ChengXi123> 你发个坐标
[07:46:54] [Server thread/INFO]: <ChengXi123> 你后面
[07:47:37] [Server thread/INFO]: <aka213> 工作台？
[07:48:35] [Server thread/INFO]: <ChengXi123> 有火把吗
[07:48:36] [Server thread/INFO]: <aka213> 你带啥了
[07:48:46] [Server thread/INFO]: <ChengXi123> 我带了末影箱
[07:48:48] [Server thread/INFO]: <aka213> 1根火把
[07:51:05] [Server thread/INFO]: <ChengXi123> 没火把，好黑啊
[07:51:09] [Server thread/INFO]: <aka213> ..
[07:51:15] [Server thread/INFO]: <aka213> 我伽马值15
[07:55:10] [Server thread/INFO]: <aka213> 你找到没
[07:55:43] [Server thread/INFO]: <ChengXi123> 抓到了
[07:55:59] [Server thread/INFO]: <ChengXi123> 我们来整理要复制的物品
[07:57:19] [Server thread/INFO]: <ChengXi123> 找不到路过来吗？
[07:57:28] [Server thread/INFO]: <aka213> ***
[07:57:55] [Server thread/INFO]: <aka213> 来了
[07:59:17] [Server thread/INFO]: <aka213> ./...
[07:59:23] [Server thread/INFO]: <aka213> 你这复制的
[07:59:38] [Server thread/INFO]: <aka213> 小猪嗯
[07:59:45] [Server thread/INFO]: <ChengXi123> 合金锭带了吗
[07:59:49] [Server thread/INFO]: <aka213> 带了
[08:00:01] [Server thread/INFO]: <aka213> 我复制？
[08:00:02] [Server thread/INFO]: <ChengXi123> 给我
[08:00:13] [Server thread/INFO]: <ChengXi123> 我放满一盒
[08:00:16] [Server thread/INFO]: <aka213> ok
[08:01:16] [Server thread/INFO]: <ChengXi123> 剑借我一下
[08:01:28] [Server thread/INFO]: <aka213> 跳级
[08:01:42] [Server thread/INFO]: <aka213> 你在干嘛
[08:02:26] [Server thread/INFO]: <ChengXi123> 一人一盒
[08:02:30] [Server thread/INFO]: <aka213> ok
[08:03:09] [Server thread/INFO]: <ChengXi123> 找路回去？还是死回去
[08:03:30] [Server thread/INFO]: <aka213> 我有坐标
[08:03:43] [Server thread/INFO]: <aka213> 我再去找一只
[08:03:47] [Server thread/INFO]: <ChengXi123> 哦
[08:03:55] [Server thread/INFO]: <ChengXi123> 我先回去了
[08:03:57] [Server thread/INFO]: <aka213> ok
[08:04:09] [Server thread/INFO]: ChengXi123 tried to swim in lava
[08:05:48] [Server thread/INFO]: <ChengXi123> 我的剑没满附魔
[08:05:54] [Server thread/INFO]: <aka213> ..
[08:06:08] [Server thread/INFO]: ChengXi123 lost connection: Disconnected
[08:06:08] [Server thread/INFO]: ChengXi123 left the game
[08:06:08] [Server thread/WARN]: handleDisconnection() called twice
[08:06:14] [Server thread/INFO]: ChengXi123[/127.0.0.1:56074] logged in with entity id 8356 at (-525.4178180632504, 81.0, 579.2137755711705)
[08:06:14] [Server thread/INFO]: ChengXi123 joined the game
[08:06:14] [Netty Epoll Server IO #7/WARN]: Received invalid identifier in minecraft:register: legacy:fml|hs (Non [a-z0-9/._-] character in path of location: legacy:fml|hs)
[08:06:15] [Netty Epoll Server IO #7/INFO]: Player ChengXi123 joined with a matching carpet client
[08:06:37] [Server thread/INFO]: <ChengXi123> 抢夺差一级，火焰附加差一级
[08:10:17] [Server thread/INFO]: <ChengXi123> wc,刷铁机的僵尸怎么没了？
[08:11:16] [Server thread/INFO]: <aka213> 我炸了
[08:12:12] [Server thread/INFO]: <aka213> 好不容易找到一只
[08:12:18] [Server thread/INFO]: <aka213> 明明10血
[08:12:26] [Server thread/INFO]: <aka213> 我跳劈打不死
[08:13:02] [Server thread/INFO]: <ChengXi123> 我都是扔东西之前先手撸到5-6滴血
[08:13:54] [Server thread/INFO]: ChengXi123 lost connection: Disconnected
[08:13:54] [Server thread/INFO]: ChengXi123 left the game
[08:18:37] [Server thread/INFO]: [Textile Backup] Backup started by: Timer on: 2020-08-28_08-18-37
[08:18:37] [Server thread/INFO]: [Textile Backup] Saving server...
[08:18:37] [Server thread/INFO]: ThreadedAnvilChunkStorage (world): All chunks are saved
[08:18:38] [Server thread/INFO]: ThreadedAnvilChunkStorage (DIM-1): All chunks are saved
[08:18:38] [Server thread/INFO]: ThreadedAnvilChunkStorage (DIM1): All chunks are saved
[08:18:38] [pool-3-thread-1/INFO]: [Textile Backup] Starting backup
[08:18:42] [pool-3-thread-1/INFO]: [Textile Backup] Deleting: 2020-08-25_12-17-41.zip
[08:18:42] [pool-3-thread-1/INFO]: [Textile Backup] Done!
[08:27:44] [Server thread/INFO]: ChengXi123[/127.0.0.1:52150] logged in with entity id 12449 at (-182.54331044741002, 78.0, 257.30837603645193)
[08:27:44] [Server thread/INFO]: ChengXi123 joined the game
[08:27:44] [Netty Epoll Server IO #6/WARN]: Received invalid identifier in minecraft:register: legacy:fml|hs (Non [a-z0-9/._-] character in path of location: legacy:fml|hs)
[08:27:44] [Netty Epoll Server IO #6/INFO]: Player ChengXi123 joined with a matching carpet client
[08:27:48] [Server thread/INFO]: <aka213> md
[08:27:58] [Server thread/INFO]: <aka213> 这个跟野猪一样的大学生
[08:28:02] [Server thread/INFO]: <aka213> 的东西
[08:28:06] [Server thread/INFO]: <aka213> 是不是有病
[08:28:08] [Server thread/WARN]: Fetching packet for removed entity class_1542['Rotten Flesh'/10134, l='ServerLevel[world]', x=-90.94, y=68.00, z=385.18]
[08:28:20] [Server thread/INFO]: <aka213> 1家三口来打我打不过就跑
[08:30:46] [Server thread/INFO]: <aka213> chengxi1
[08:30:52] [Server thread/INFO]: <ChengXi123> ?
[08:30:59] [Server thread/INFO]: <aka213> 我发财了
[08:31:16] [Server thread/INFO]: <ChengXi123> 搞合金锭
[08:36:14] [Server thread/INFO]: ChengXi123 lost connection: Timed out
[08:36:14] [Server thread/INFO]: ChengXi123 left the game
[08:36:25] [Server thread/INFO]: ChengXi123[/127.0.0.1:51427] logged in with entity id 16348 at (-102.91848260372532, 129.0, 65.82824968468574)
[08:36:25] [Server thread/INFO]: ChengXi123 joined the game
[08:36:25] [Netty Epoll Server IO #1/WARN]: Received invalid identifier in minecraft:register: legacy:fml|hs (Non [a-z0-9/._-] character in path of location: legacy:fml|hs)
[08:36:26] [Netty Epoll Server IO #1/INFO]: Player ChengXi123 joined with a matching carpet client
[08:36:41] [Server thread/INFO]: <ChengXi123> 我去看看
[08:37:25] [Server thread/INFO]: Scanning for legacy world dragon fight...
[08:37:25] [Server thread/INFO]: Found that the dragon has been killed in this world already.
[08:38:13] [Server thread/INFO]: <ChengXi123> 在哪放？
[08:38:28] [Server thread/INFO]: <ChengXi123> 没有发现凋零笼子
[08:39:34] [Server thread/INFO]: <ChengXi123> 怎么放？
[08:40:41] [Server thread/INFO]: <ChengXi123> 可以不用基岩，但他这个连笼子都没有
[08:42:08] [Server thread/INFO]: Alex[local] logged in with entity id 17916 at (-11.300000011920929, 91.0, -39.49312233863575)
[08:42:08] [Server thread/INFO]: Alex joined the game
[08:42:09] [Thread-943/INFO]: [STDERR]: java.lang.NullPointerException
[08:42:09] [Thread-943/INFO]: [STDERR]: 	at de.bluecolored.bluemap.common.plugin.skins.PlayerSkin.readTextureUrl(PlayerSkin.java:146)
[08:42:09] [Thread-943/INFO]: [STDERR]: 	at de.bluecolored.bluemap.common.plugin.skins.PlayerSkin.lambda$loadSkin$1(PlayerSkin.java:108)
[08:42:09] [Thread-943/INFO]: [STDERR]: 	at java.lang.Thread.run(Thread.java:748)
[08:43:54] [Server thread/INFO]: <ChengXi123> 发个假人空手撸黑曜石
[08:46:49] [Server thread/INFO]: ChengXi123 lost connection: Disconnected
[08:46:49] [Server thread/INFO]: ChengXi123 left the game
[08:50:54] [Server thread/INFO]: aka213 has made the advancement [Those Were the Days]
[09:02:10] [Server thread/WARN]: Fetching packet for removed entity class_1542['Air'/22077, l='ServerLevel[world]', x=-401.70, y=70.26, z=460.50]
[09:08:38] [Server thread/INFO]: ChengXi123[/127.0.0.1:46503] logged in with entity id 23693 at (-11.280735189799517, 91.0, -38.368229575003554)
[09:08:38] [Server thread/INFO]: ChengXi123 joined the game
[09:08:38] [Netty Epoll Server IO #4/WARN]: Received invalid identifier in minecraft:register: legacy:fml|hs (Non [a-z0-9/._-] character in path of location: legacy:fml|hs)
[09:08:39] [Netty Epoll Server IO #4/INFO]: Player ChengXi123 joined with a matching carpet client
[09:09:41] [Server thread/INFO]: <ChengXi123> 镜像服我搞坏了
[09:09:55] [Server thread/INFO]: <ChengXi123> 复制了一地固化机
[09:09:57] [Server thread/INFO]: ChengXi123 lost connection: Disconnected
[09:09:57] [Server thread/INFO]: ChengXi123 left the game
[09:18:37] [Server thread/INFO]: [Textile Backup] Backup started by: Timer on: 2020-08-28_09-18-37
[09:18:37] [Server thread/INFO]: [Textile Backup] Saving server...
[09:18:37] [Server thread/INFO]: ThreadedAnvilChunkStorage (world): All chunks are saved
[09:18:38] [Server thread/INFO]: ThreadedAnvilChunkStorage (DIM-1): All chunks are saved
[09:18:39] [Server thread/INFO]: ThreadedAnvilChunkStorage (DIM1): All chunks are saved
[09:18:39] [pool-3-thread-1/INFO]: [Textile Backup] Starting backup
[09:18:39] [Server thread/WARN]: Can't keep up! Is the server overloaded? Running 2087ms or 41 ticks behind
[09:18:44] [pool-3-thread-1/INFO]: [Textile Backup] Deleting: 2020-08-25_13-28-07.zip
[09:18:44] [pool-3-thread-1/INFO]: [Textile Backup] Done!
[09:18:48] [Server thread/INFO]: wuhao[/127.0.0.1:42988] logged in with entity id 26085 at (-51.77975077429454, 129.0, 60.61395289740511)
[09:18:48] [Server thread/INFO]: wuhao joined the game
[09:18:48] [Netty Epoll Server IO #1/WARN]: Received invalid identifier in minecraft:register: legacy:fml|hs (Non [a-z0-9/._-] character in path of location: legacy:fml|hs)
[09:18:49] [Netty Epoll Server IO #1/WARN]: Player wuhao joined with another carpet version: 1.4.8+v200811
[09:20:10] [Server thread/INFO]: ChengXi123[/127.0.0.1:45290] logged in with entity id 26337 at (-12.457953218785043, 92.0, -39.4699803967802)
[09:20:10] [Server thread/INFO]: ChengXi123 joined the game
[09:20:10] [Netty Epoll Server IO #5/WARN]: Received invalid identifier in minecraft:register: legacy:fml|hs (Non [a-z0-9/._-] character in path of location: legacy:fml|hs)
[09:20:10] [Netty Epoll Server IO #5/INFO]: Player ChengXi123 joined with a matching carpet client
[09:20:22] [Server thread/INFO]: ChengXi123 lost connection: Disconnected
[09:20:22] [Server thread/INFO]: ChengXi123 left the game
[09:25:44] [Server thread/INFO]: <aka213> ...
[09:29:24] [Server thread/INFO]: Sgt[local] logged in with entity id 31642 at (-581.2954771824471, 201.0, 1185.732816819571)
[09:29:24] [Server thread/INFO]: Sgt joined the game
[09:34:38] [Server thread/WARN]: Fetching packet for removed entity class_1542['Air'/35162, l='ServerLevel[world]', x=-577.44, y=73.00, z=1180.82]
[09:36:34] [Server thread/INFO]: <aka213> ?
[09:36:37] [Server thread/INFO]: <wuhao> ?
[09:36:43] [Server thread/INFO]: <aka213> 小黑又不刷了
[09:36:58] [Server thread/INFO]: <wuhao> 是不多
[09:37:02] [Server thread/INFO]: <aka213> 末地有人挂机就会这样
[09:37:07] [Server thread/INFO]: <wuhao> 还刷
[09:37:09] [Server thread/INFO]: <aka213> 刷怪超标了
[09:37:17] [Server thread/INFO]: <aka213> 对的
[09:37:56] [Server thread/INFO]: ChengXi123[/127.0.0.1:52176] logged in with entity id 37616 at (-12.457953218785043, 92.0, -39.4699803967802)
[09:37:56] [Server thread/INFO]: ChengXi123 joined the game
[09:37:57] [Netty Epoll Server IO #4/WARN]: Received invalid identifier in minecraft:register: legacy:fml|hs (Non [a-z0-9/._-] character in path of location: legacy:fml|hs)
[09:37:57] [Netty Epoll Server IO #4/INFO]: Player ChengXi123 joined with a matching carpet client
[09:37:57] [Netty Epoll Server IO #4/INFO]: Player ChengXi123 joined with a matching carpet client
[09:38:39] [Server thread/INFO]: <ChengXi123> 暂时不要刷沙机了
[09:38:55] [Server thread/INFO]: <ChengXi123> 打完龙随便炸末地
[09:39:01] [Server thread/INFO]: <aka213> 66
[09:39:13] [Server thread/INFO]: <aka213> 等我
[09:39:29] [Server thread/INFO]: <ChengXi123> 也可以搞个无敌水晶
[09:39:54] [Server thread/INFO]: ChengXi123 lost connection: Disconnected
[09:39:54] [Server thread/INFO]: ChengXi123 left the game
[09:39:58] [Server thread/INFO]: ChengXi123[/127.0.0.1:41581] logged in with entity id 38538 at (-141.0155622053321, 82.0, 195.5202043469892)
[09:39:58] [Server thread/INFO]: ChengXi123 joined the game
[09:39:58] [Netty Epoll Server IO #7/WARN]: Received invalid identifier in minecraft:register: legacy:fml|hs (Non [a-z0-9/._-] character in path of location: legacy:fml|hs)
[09:39:58] [Netty Epoll Server IO #7/INFO]: Player ChengXi123 joined with a matching carpet client
[09:40:16] [Server thread/INFO]: <wuhao> 我准备好了
[09:41:30] [Server thread/INFO]: <aka213> 你们任恩
[09:41:33] [Server thread/INFO]: <aka213> 人呢
[09:41:55] [Server thread/INFO]: <ChengXi123> 恶魂之泪有没有
[09:42:01] [Server thread/INFO]: <aka213> 没带
[09:42:10] [Server thread/INFO]: <wuhao> 有多余的弓吗
[09:42:14] [Server thread/INFO]: <aka213> 有
[09:42:17] [Server thread/INFO]: <aka213> 没带
[09:42:28] [Server thread/INFO]: <aka213> 末影箱子里
[09:42:39] [Server thread/INFO]: <ChengXi123> 我带个末影箱
[09:42:48] [Server thread/INFO]: <aka213> 你们两人呢
[09:42:56] [Server thread/INFO]: <wuhao> 我弄把弓
[09:44:54] [Server thread/INFO]: <ChengXi123> 有没有恶魂之泪
[09:45:11] [Server thread/INFO]: <ChengXi123> 要做水晶
[09:45:56] [Server thread/INFO]: <aka213> 我有2个
[09:46:11] [Server thread/INFO]: <ChengXi123> 还差一个
[09:46:22] [Server thread/INFO]: <aka213> 我找到了
[09:46:28] [Server thread/INFO]: <aka213> 5个
[09:46:51] [Server thread/INFO]: <aka213> 来我家
[09:47:24] [Server thread/INFO]: wushi_[/127.0.0.1:44044] logged in with entity id 46189 at (107.30000001192093, 73.0, -298.19369360545534)
[09:47:24] [Server thread/INFO]: wushi_ joined the game
[09:47:24] [Netty Epoll Server IO #1/WARN]: Received invalid identifier in minecraft:register: legacy:fml|hs (Non [a-z0-9/._-] character in path of location: legacy:fml|hs)
[09:47:29] [Netty Epoll Server IO #1/WARN]: Player wushi_ joined with another carpet version: 1.4.0+v200623
[09:47:39] [Server thread/INFO]: <aka213> wuhao有弓了吗
[09:47:53] [Server thread/INFO]: wuhao has made the advancement [Take Aim]
[09:49:08] [Server thread/INFO]: <ChengXi123> 能打一次了
[09:49:25] [Server thread/INFO]: <ChengXi123> 不要打人
[09:49:31] [Server thread/INFO]: <aka213> 奢侈
[09:49:39] [Server thread/INFO]: <aka213> 这么快就合金稿子了
[09:49:53] [Server thread/INFO]: <ChengXi123> 镐子最重要
[09:49:56] [Server thread/WARN]: Can't keep up! Is the server overloaded? Running 2011ms or 40 ticks behind
[09:50:22] [Server thread/INFO]: <ChengXi123> 末地集合
[09:50:26] [Server thread/WARN]: Can't keep up! Is the server overloaded? Running 2011ms or 40 ticks behind
[09:51:35] [Server thread/INFO]: wushi_ has made the advancement [Oh Shiny]
[09:51:50] [Server thread/INFO]: <wuhao> 有吗箭
[09:52:06] [Server thread/INFO]: <wuhao> ?
[09:52:19] [Server thread/INFO]: 
[09:52:19] [Server thread/INFO]: Tile-Updates:
[09:52:19] [Server thread/INFO]:  Render-Threads are running!
[09:52:19] [Server thread/INFO]:  Scheduled tile-updates: 0 + 5
[09:52:37] [Server thread/INFO]: Incorrect argument for command
[09:52:37] [Server thread/INFO]: bluemap <--[HERE]
[09:53:36] [Server thread/INFO]: <ChengXi123> 鞘翅换掉，换成护甲
[09:54:07] [Server thread/INFO]: <ChengXi123> 准备好了吗？
[09:54:09] [Server thread/INFO]: <aka213> en
[09:54:35] [Server thread/INFO]: <ChengXi123> ?
[09:54:37] [Server thread/INFO]: <aka213> ?
[09:54:54] [Server thread/INFO]: <aka213> 放在那里
[09:55:04] [Server thread/INFO]: <aka213> 估计下面不行
[09:55:37] [Server thread/INFO]: Reloading BlueMap...
[09:55:37] [Thread-71/INFO]: WebServer closed.
[09:55:38] [Thread-1077/INFO]: Loading resources...
[09:55:39] [Thread-1077/INFO]: BlueMap reloaded!
[09:55:39] [Thread-1082/INFO]: WebServer started.
[09:56:11] [Server thread/INFO]: <ChengXi123> 放咯
[09:56:31] [Server thread/INFO]: <wuhao> wushi_不来？
[09:56:47] [Server thread/INFO]: <ChengXi123> 准备好的接1
[09:56:50] [Server thread/INFO]: <aka213> 1
[09:56:51] [Server thread/INFO]: <wuhao> 1
[09:57:23] [Server thread/INFO]: wuhao has reached the goal [The End... Again...]
[09:57:23] [Server thread/INFO]: aka213 has reached the goal [The End... Again...]
[09:57:23] [Server thread/INFO]: ChengXi123 has reached the goal [The End... Again...]
[09:57:23] [Server thread/INFO]: Alex has reached the goal [The End... Again...]
[09:57:26] [Server thread/INFO]: Alex suffocated in a wall
[09:57:26] [Server thread/WARN]: Fetching packet for removed entity class_1303['Experience Orb'/52520, l='ServerLevel[world]', x=-11.35, y=20.00, z=-39.70]
[09:57:26] [Server thread/WARN]: Fetching packet for removed entity class_1303['Experience Orb'/52520, l='ServerLevel[world]', x=-11.35, y=20.00, z=-39.70]
[09:57:26] [Server thread/WARN]: Fetching packet for removed entity class_1303['Experience Orb'/52520, l='ServerLevel[world]', x=-11.35, y=20.00, z=-39.70]
[09:57:26] [Server thread/WARN]: Fetching packet for removed entity class_1303['Experience Orb'/52520, l='ServerLevel[world]', x=-11.35, y=20.00, z=-39.70]
[09:57:26] [Server thread/INFO]: Alex lost connection: Killed
[09:57:26] [Server thread/INFO]: Alex left the game
[09:57:30] [Server thread/INFO]: <aka213> ?
[09:57:55] [Server thread/INFO]: wuhao lost connection: Disconnected
[09:57:55] [Server thread/INFO]: wuhao left the game
[09:59:32] [Server thread/INFO]: 
[09:59:32] [Server thread/INFO]: Tile-Updates:
[09:59:32] [Server thread/INFO]:  Render-Threads are running!
[09:59:32] [Server thread/INFO]:  Scheduled tile-updates: 0 + 7
[09:59:42] [Thread-1093/INFO]: Creating render-task for map: end
[09:59:42] [Thread-1093/INFO]: Collecting chunks...
[09:59:43] [Thread-1093/INFO]: 55726 chunks found!
[09:59:43] [Thread-1093/INFO]: Collecting tiles...
[09:59:43] [Thread-1093/INFO]: 14766 tiles found! Task created.
[10:00:01] [Server thread/INFO]: aka213 was slain by Enderman
[10:00:20] [Server thread/INFO]: Villager class_1646['Fisherman'/22, l='ServerLevel[world]', x=-139.85, y=104.00, z=192.70] died, message: 'Fisherman was shot by wushi_'
[10:00:22] [Server thread/INFO]: Villager class_1646['Fisherman'/21, l='ServerLevel[world]', x=-139.30, y=104.00, z=192.30] died, message: 'Fisherman was shot by wushi_'
[10:00:23] [Server thread/INFO]: Villager class_1646['Fisherman'/20, l='ServerLevel[world]', x=-140.35, y=104.00, z=192.70] died, message: 'Fisherman was shot by wushi_'
[10:00:26] [Server thread/INFO]: Villager class_1646['Villager'/18, l='ServerLevel[world]', x=-141.89, y=104.00, z=204.70] died, message: 'Villager was shot by wushi_'
[10:00:29] [Server thread/INFO]: Villager class_1646['Villager'/17, l='ServerLevel[world]', x=-140.40, y=104.00, z=204.61] died, message: 'Villager was shot by wushi_'
[10:00:30] [Server thread/INFO]: wuhao[/127.0.0.1:44881] logged in with entity id 55035 at (30.709999157020942, 61.0, 19.69999998807907)
[10:00:30] [Server thread/INFO]: wuhao joined the game
[10:00:30] [Netty Epoll Server IO #5/WARN]: Received invalid identifier in minecraft:register: legacy:fml|hs (Non [a-z0-9/._-] character in path of location: legacy:fml|hs)
[10:00:31] [Netty Epoll Server IO #5/WARN]: Player wuhao joined with another carpet version: 1.4.8+v200811
[10:01:04] [Server thread/INFO]: <ChengXi123> aka213东西在黑曜石房子里
[10:01:38] [Server thread/WARN]: Can't keep up! Is the server overloaded? Running 2034ms or 40 ticks behind
[10:01:47] [Server thread/INFO]: wuhao was slain by Ender Dragon
[10:01:51] [Server thread/INFO]: wuhao lost connection: Disconnected
[10:01:51] [Server thread/INFO]: wuhao left the game
[10:01:55] [Server thread/WARN]: Can't keep up! Is the server overloaded? Running 2443ms or 48 ticks behind
[10:02:22] [Server thread/INFO]: <wushi_> 不是没龙的吗？
[10:02:40] [Server thread/INFO]: <ChengXi123> 36
[10:03:18] [Thread-1079/WARN]: Got palette value 12 but palette has size of 12! (Future occasions of this error will not be logged)
[10:03:38] [Server thread/INFO]: <ChengXi123> 最高那个水晶还在
[10:08:15] [Server thread/INFO]: ChengXi123 has made the advancement [Free the End]
[10:08:49] [Server thread/INFO]: <wushi_> 牛皮
[10:09:08] [Server thread/INFO]: <aka213> 还打吗
[10:09:22] [Server thread/INFO]: <wushi_> bu le
[10:09:25] [Server thread/INFO]: <ChengXi123> 去打点烈焰棒和恶魂之泪
[10:09:31] [Server thread/INFO]: <ChengXi123> 不够了
[10:09:49] [Server thread/INFO]: <ChengXi123> 这两天尽可能多打
[10:09:59] [Server thread/INFO]: <aka213> 我要写作业。。
[10:10:03] [Server thread/INFO]: <wushi_> e
[10:10:05] [Server thread/INFO]: <ChengXi123> ..
[10:11:06] [Server thread/INFO]: <aka213> 经验呢
[10:11:32] [Server thread/INFO]: <aka213> ..
[10:11:51] [Server thread/INFO]: 
[10:11:51] [Server thread/INFO]: Tile-Updates:
[10:11:51] [Server thread/INFO]:  Render-Threads are running!
[10:11:51] [Server thread/INFO]:  Scheduled tile-updates: 5 + 0
[10:12:34] [Server thread/INFO]: <aka213> 有事先走了
[10:12:35] [Server thread/INFO]: aka213 lost connection: Disconnected
[10:12:35] [Server thread/INFO]: aka213 left the game
[10:15:18] [Server thread/INFO]: ChengXi123 lost connection: Disconnected
[10:15:18] [Server thread/INFO]: ChengXi123 left the game
[10:17:02] [Server thread/INFO]: ChengXi123[/127.0.0.1:54275] logged in with entity id 68241 at (-111.1015813456035, 89.875, -132.88195933518426)
[10:17:02] [Server thread/INFO]: ChengXi123 joined the game
[10:17:02] [Netty Epoll Server IO #4/WARN]: Received invalid identifier in minecraft:register: legacy:fml|hs (Non [a-z0-9/._-] character in path of location: legacy:fml|hs)
[10:17:03] [Netty Epoll Server IO #4/INFO]: Player ChengXi123 joined with a matching carpet client
[10:18:37] [Server thread/INFO]: [Textile Backup] Backup started by: Timer on: 2020-08-28_10-18-37
[10:18:37] [Server thread/INFO]: [Textile Backup] Saving server...
[10:18:38] [Server thread/INFO]: ThreadedAnvilChunkStorage (world): All chunks are saved
[10:18:39] [Server thread/INFO]: ThreadedAnvilChunkStorage (DIM-1): All chunks are saved
[10:18:39] [Server thread/INFO]: ThreadedAnvilChunkStorage (DIM1): All chunks are saved
[10:18:39] [pool-3-thread-1/INFO]: [Textile Backup] Starting backup
[10:18:39] [Server thread/WARN]: Can't keep up! Is the server overloaded? Running 2215ms or 44 ticks behind
[10:18:46] [pool-3-thread-1/INFO]: [Textile Backup] Deleting: 2020-08-26_08-23-39#shutdown.zip
[10:18:46] [pool-3-thread-1/INFO]: [Textile Backup] Done!
[10:19:54] [Server thread/INFO]: wushi_ was blown up by Creeper
[10:23:54] [Server thread/INFO]: ChengXi123 has completed the challenge [Return to Sender]
[10:27:31] [Server thread/WARN]: Mismatch in destroy block pos: class_2338{x=-446, y=52, z=494} class_2338{x=-445, y=50, z=495}
[10:27:31] [Server thread/WARN]: Mismatch in destroy block pos: class_2338{x=-446, y=52, z=494} class_2338{x=-445, y=50, z=495}
[10:27:31] [Server thread/WARN]: Mismatch in destroy block pos: class_2338{x=-446, y=52, z=494} class_2338{x=-445, y=50, z=495}
[10:27:31] [Server thread/WARN]: Mismatch in destroy block pos: class_2338{x=-446, y=52, z=494} class_2338{x=-445, y=50, z=495}
[10:27:31] [Server thread/WARN]: Mismatch in destroy block pos: class_2338{x=-444, y=51, z=493} class_2338{x=-445, y=50, z=495}
[10:27:31] [Server thread/WARN]: Mismatch in destroy block pos: class_2338{x=-444, y=51, z=493} class_2338{x=-445, y=50, z=495}
[10:27:31] [Server thread/WARN]: Mismatch in destroy block pos: class_2338{x=-444, y=51, z=493} class_2338{x=-445, y=50, z=495}
[10:27:51] [Server thread/WARN]: Mismatch in destroy block pos: class_2338{x=-447, y=52, z=498} class_2338{x=-445, y=50, z=495}
[10:27:57] [Server thread/WARN]: Mismatch in destroy block pos: class_2338{x=-446, y=52, z=490} class_2338{x=-443, y=51, z=488}
[10:27:57] [Server thread/WARN]: Mismatch in destroy block pos: class_2338{x=-446, y=52, z=490} class_2338{x=-443, y=51, z=488}
[10:27:57] [Server thread/WARN]: Mismatch in destroy block pos: class_2338{x=-446, y=52, z=490} class_2338{x=-443, y=51, z=488}
[10:28:33] [Server thread/INFO]: ChengXi123 lost connection: Disconnected
[10:28:33] [Server thread/INFO]: ChengXi123 left the game
[10:32:12] [Server thread/INFO]: Sgt was slain by wushi_
[10:32:12] [Server thread/INFO]: Sgt lost connection: Killed
[10:32:12] [Server thread/INFO]: Sgt left the game
[10:34:24] [Server thread/INFO]: wushi_ lost connection: Disconnected
[10:34:24] [Server thread/INFO]: wushi_ left the game
[10:53:28] [Server thread/INFO]: 
[10:53:28] [Server thread/INFO]: Tile-Updates:
[10:53:28] [Server thread/INFO]:  Render-Threads are running!
[10:53:28] [Server thread/INFO]:  Scheduled tile-updates: 0 + 0
[11:18:37] [Server thread/INFO]: [Textile Backup] Backup started by: Timer on: 2020-08-28_11-18-37
[11:18:37] [Server thread/INFO]: [Textile Backup] Saving server...
[11:18:37] [Server thread/INFO]: ThreadedAnvilChunkStorage (world): All chunks are saved
[11:18:37] [Server thread/INFO]: ThreadedAnvilChunkStorage (DIM-1): All chunks are saved
[11:18:37] [Server thread/INFO]: ThreadedAnvilChunkStorage (DIM1): All chunks are saved
[11:18:37] [pool-3-thread-1/INFO]: [Textile Backup] Starting backup
[11:18:43] [pool-3-thread-1/INFO]: [Textile Backup] Deleting: 2020-08-26_09-07-05#shutdown.zip
[11:18:43] [pool-3-thread-1/INFO]: [Textile Backup] Done!
[11:56:00] [Server thread/INFO]: goudongxi6066[/127.0.0.1:34337] logged in with entity id 79959 at (82.47614, 84.0, -392.7512)
[11:56:00] [Server thread/INFO]: goudongxi6066 joined the game
[11:56:00] [Netty Epoll Server IO #3/WARN]: Received invalid identifier in minecraft:register: legacy:fml|hs (Non [a-z0-9/._-] character in path of location: legacy:fml|hs)
[11:57:11] [Server thread/INFO]: goudongxi6066 lost connection: Disconnected
[11:57:11] [Server thread/INFO]: goudongxi6066 left the game
[12:53:15] [Server thread/INFO]: aka213[/127.0.0.1:47809] logged in with entity id 80263 at (187.3028090782544, 1.0, -4.699999988079071)
[12:53:15] [Server thread/INFO]: aka213 joined the game
[12:53:15] [Netty Epoll Server IO #5/WARN]: Received invalid identifier in minecraft:register: legacy:fml|hs (Non [a-z0-9/._-] character in path of location: legacy:fml|hs)
[12:53:16] [Netty Epoll Server IO #5/INFO]: Player aka213 joined with a matching carpet client
[12:56:00] [Server thread/INFO]: [Textile Backup] Backup started by: Timer on: 2020-08-28_12-56-00
[12:56:00] [Server thread/INFO]: [Textile Backup] Saving server...
[12:56:00] [Server thread/INFO]: ThreadedAnvilChunkStorage (world): All chunks are saved
[12:56:01] [Server thread/INFO]: ThreadedAnvilChunkStorage (DIM-1): All chunks are saved
[12:56:01] [Server thread/INFO]: ThreadedAnvilChunkStorage (DIM1): All chunks are saved
[12:56:01] [pool-3-thread-1/INFO]: [Textile Backup] Starting backup
[12:56:09] [pool-3-thread-1/INFO]: [Textile Backup] Deleting: 2020-08-26_15-11-47#shutdown.zip
[12:56:09] [pool-3-thread-1/INFO]: [Textile Backup] Done!
[13:12:37] [Server thread/INFO]: wuhao[/127.0.0.1:36121] logged in with entity id 84376 at (-41.5, 64.0, 239.5)
[13:12:37] [Server thread/INFO]: wuhao joined the game
[13:12:37] [Netty Epoll Server IO #2/WARN]: Received invalid identifier in minecraft:register: legacy:fml|hs (Non [a-z0-9/._-] character in path of location: legacy:fml|hs)
[13:12:39] [Netty Epoll Server IO #2/WARN]: Player wuhao joined with another carpet version: 1.4.8+v200811
[13:12:57] [Server thread/INFO]: wuhao lost connection: Disconnected
[13:12:57] [Server thread/INFO]: wuhao left the game
[13:13:26] [Server thread/INFO]: aka213 lost connection: Disconnected
[13:13:26] [Server thread/INFO]: aka213 left the game
[13:20:16] [Server thread/INFO]: wuhao[/127.0.0.1:37869] logged in with entity id 84998 at (-41.550236613168835, 64.0, 242.51475883735256)
[13:20:16] [Server thread/INFO]: wuhao joined the game
[13:20:17] [Netty Epoll Server IO #6/WARN]: Received invalid identifier in minecraft:register: legacy:fml|hs (Non [a-z0-9/._-] character in path of location: legacy:fml|hs)
[13:20:17] [Netty Epoll Server IO #6/WARN]: Player wuhao joined with another carpet version: 1.4.8+v200811
[13:20:17] [Netty Epoll Server IO #6/WARN]: Player wuhao joined with another carpet version: 1.4.8+v200811
[13:22:05] [Server thread/INFO]: wuhao lost connection: Disconnected
[13:22:05] [Server thread/INFO]: wuhao left the game
[13:25:34] [Server thread/INFO]: aka213[/127.0.0.1:48759] logged in with entity id 85240 at (1.9099888618926388, 43.0, -4.985347450831414)
[13:25:34] [Server thread/INFO]: aka213 joined the game
[13:25:34] [Netty Epoll Server IO #4/WARN]: Received invalid identifier in minecraft:register: legacy:fml|hs (Non [a-z0-9/._-] character in path of location: legacy:fml|hs)
[13:25:37] [Netty Epoll Server IO #4/INFO]: Player aka213 joined with a matching carpet client
[13:27:02] [Server thread/INFO]: aka213 lost connection: Disconnected
[13:27:02] [Server thread/INFO]: aka213 left the game
[13:27:36] [Server thread/INFO]: aka213[/127.0.0.1:50878] logged in with entity id 86109 at (-442.38639650831715, 69.5, 418.34298302733316)
[13:27:36] [Server thread/INFO]: aka213 joined the game
[13:27:36] [Netty Epoll Server IO #7/WARN]: Received invalid identifier in minecraft:register: legacy:fml|hs (Non [a-z0-9/._-] character in path of location: legacy:fml|hs)
[13:27:37] [Netty Epoll Server IO #7/INFO]: Player aka213 joined with a matching carpet client
[13:29:12] [Server thread/INFO]: aka213 lost connection: Disconnected
[13:29:12] [Server thread/INFO]: aka213 left the game
[13:50:23] [Server thread/INFO]: X_mikl[/127.0.0.1:33771] logged in with entity id 86601 at (-393.5814718428457, 88.0, 451.58332681986707)
[13:50:23] [Server thread/INFO]: X_mikl joined the game
[13:50:23] [Netty Epoll Server IO #1/WARN]: Received invalid identifier in minecraft:register: legacy:fml|hs (Non [a-z0-9/._-] character in path of location: legacy:fml|hs)
[13:50:24] [Netty Epoll Server IO #1/INFO]: Player X_mikl joined with a matching carpet client
[13:51:00] [Server thread/INFO]: X_mikl lost connection: Disconnected
[13:51:00] [Server thread/INFO]: X_mikl left the game
[13:51:38] [Server thread/INFO]: X_mikl[/127.0.0.1:47690] logged in with entity id 87047 at (-374.5310693891962, 69.0, 421.36504871125834)
[13:51:38] [Server thread/INFO]: X_mikl joined the game
[13:51:38] [Netty Epoll Server IO #2/WARN]: Received invalid identifier in minecraft:register: legacy:fml|hs (Non [a-z0-9/._-] character in path of location: legacy:fml|hs)
[13:51:48] [Netty Epoll Server IO #2/INFO]: Player X_mikl joined with a matching carpet client
[13:51:59] [Server thread/INFO]: X_mikl lost connection: Disconnected
[13:51:59] [Server thread/INFO]: X_mikl left the game
[13:52:26] [Server thread/INFO]: X_mikl[/127.0.0.1:44516] logged in with entity id 87282 at (-372.65787083222085, 69.0, 421.3441495177545)
[13:52:26] [Server thread/INFO]: X_mikl joined the game
[13:52:26] [Netty Epoll Server IO #5/WARN]: Received invalid identifier in minecraft:register: legacy:fml|hs (Non [a-z0-9/._-] character in path of location: legacy:fml|hs)
[13:52:27] [Netty Epoll Server IO #5/INFO]: Player X_mikl joined with a matching carpet client
[13:55:19] [Server thread/INFO]: aka213[/127.0.0.1:58597] logged in with entity id 89712 at (-414.9254801044779, 79.0, 492.9260525078323)
[13:55:19] [Server thread/INFO]: aka213 joined the game
[13:55:19] [Netty Epoll Server IO #4/WARN]: Received invalid identifier in minecraft:register: legacy:fml|hs (Non [a-z0-9/._-] character in path of location: legacy:fml|hs)
[13:55:22] [Netty Epoll Server IO #4/INFO]: Player aka213 joined with a matching carpet client
[13:56:00] [Server thread/INFO]: [Textile Backup] Backup started by: Timer on: 2020-08-28_13-56-00
[13:56:00] [Server thread/INFO]: [Textile Backup] Saving server...
[13:56:03] [Server thread/INFO]: ThreadedAnvilChunkStorage (world): All chunks are saved
[13:56:03] [Server thread/INFO]: ThreadedAnvilChunkStorage (DIM-1): All chunks are saved
[13:56:03] [Server thread/INFO]: ThreadedAnvilChunkStorage (DIM1): All chunks are saved
[13:56:03] [pool-3-thread-1/INFO]: [Textile Backup] Starting backup
[13:56:03] [Server thread/WARN]: Can't keep up! Is the server overloaded? Running 2980ms or 59 ticks behind
[13:56:09] [Server thread/INFO]: X_mikl was slain by aka213
[13:56:10] [pool-3-thread-1/INFO]: [Textile Backup] Deleting: 2020-08-26_16-13-03.zip
[13:56:10] [pool-3-thread-1/INFO]: [Textile Backup] Done!
[13:56:47] [Server thread/INFO]: <aka213> ...
[13:56:51] [Server thread/INFO]: <aka213> 你在干嘛
[13:56:54] [Server thread/INFO]: <X_mikl> 弓
[13:57:08] [Server thread/INFO]: <X_mikl> 一个图腾
[13:57:21] [Server thread/INFO]: <X_mikl> 没干什么 a
[13:57:32] [Server thread/INFO]: <aka213> 。。。
[13:58:14] [Server thread/INFO]: Villager class_1646['Farmer'/4011, l='ServerLevel[world]', x=-358.99, y=69.00, z=425.66] died, message: 'Farmer was slain by X_mikl'
[14:02:33] [Server thread/INFO]: X_mikl has completed the challenge [Hot Tourist Destinations]
[14:08:18] [Server thread/INFO]: X_mikl lost connection: Disconnected
[14:08:18] [Server thread/INFO]: X_mikl left the game
[14:14:35] [Server thread/INFO]: wushi6969[/127.0.0.1:58736] logged in with entity id 97345 at (-91.3, 66.0, -340.70493)
[14:14:35] [Server thread/INFO]: wushi6969 joined the game
[14:14:35] [Netty Epoll Server IO #7/WARN]: Received invalid identifier in minecraft:register: legacy:fml|hs (Non [a-z0-9/._-] character in path of location: legacy:fml|hs)
[14:15:18] [Server thread/INFO]: wushi6969 lost connection: Disconnected
[14:15:18] [Server thread/INFO]: wushi6969 left the game
[14:15:57] [Server thread/INFO]: wushi6969[/127.0.0.1:44750] logged in with entity id 97689 at (-91.3, 66.0, -340.70493)
[14:15:57] [Server thread/INFO]: wushi6969 joined the game
[14:15:57] [Netty Epoll Server IO #1/WARN]: Received invalid identifier in minecraft:register: legacy:fml|hs (Non [a-z0-9/._-] character in path of location: legacy:fml|hs)
[14:18:58] [Server thread/INFO]: <aka213> 有人
[14:19:23] [Server thread/INFO]: wushi6969 lost connection: Disconnected
[14:19:23] [Server thread/INFO]: wushi6969 left the game
[14:25:27] [Server thread/INFO]: aka213 lost connection: Disconnected
[14:25:27] [Server thread/INFO]: aka213 left the game
[14:56:00] [Server thread/INFO]: [Textile Backup] Backup started by: Timer on: 2020-08-28_14-56-00
[14:56:00] [Server thread/INFO]: [Textile Backup] Saving server...
[14:56:00] [Server thread/INFO]: ThreadedAnvilChunkStorage (world): All chunks are saved
[14:56:00] [Server thread/INFO]: ThreadedAnvilChunkStorage (DIM-1): All chunks are saved
[14:56:00] [Server thread/INFO]: ThreadedAnvilChunkStorage (DIM1): All chunks are saved
[14:56:00] [pool-3-thread-1/INFO]: [Textile Backup] Starting backup
[14:56:06] [pool-3-thread-1/INFO]: [Textile Backup] Deleting: 2020-08-26_18-46-01.zip
[14:56:06] [pool-3-thread-1/INFO]: [Textile Backup] Done!
[15:00:58] [Server thread/INFO]: Stopping the server
[15:00:58] [Server thread/INFO]: Unknown or incomplete command, see below for error
[15:00:58] [Server thread/INFO]: end<--[HERE]
[15:00:58] [Server thread/INFO]: Unknown or incomplete command, see below for error
[15:00:58] [Server thread/INFO]: exit<--[HERE]
[15:00:59] [Thread-1082/INFO]: WebServer closed.
[15:00:59] [Server thread/INFO]: BlueMap unloaded!
[15:00:59] [Server thread/INFO]: Stopping server
[15:00:59] [Server thread/INFO]: Saving players
[15:00:59] [Server thread/INFO]: Saving worlds
[15:00:59] [Server thread/INFO]: Saving chunks for level 'ServerLevel[world]'/minecraft:overworld
[15:00:59] [Server thread/INFO]: ThreadedAnvilChunkStorage (world): All chunks are saved
[15:00:59] [Server thread/INFO]: Saving chunks for level 'ServerLevel[world]'/minecraft:the_nether
[15:00:59] [Server thread/INFO]: ThreadedAnvilChunkStorage (DIM-1): All chunks are saved
[15:00:59] [Server thread/INFO]: Saving chunks for level 'ServerLevel[world]'/minecraft:the_end
[15:00:59] [Server thread/INFO]: ThreadedAnvilChunkStorage (DIM1): All chunks are saved
[15:00:59] [Server thread/INFO]: ThreadedAnvilChunkStorage (world): All chunks are saved
[15:00:59] [Server thread/INFO]: ThreadedAnvilChunkStorage (DIM-1): All chunks are saved
[15:00:59] [Server thread/INFO]: ThreadedAnvilChunkStorage (DIM1): All chunks are saved
[15:00:59] [Server thread/INFO]: [Textile Backup] Backup started by: Server Shutdown on: 2020-08-28_15-00-59
[15:00:59] [Server thread/INFO]: [Textile Backup] Starting backup
[15:01:06] [Server thread/INFO]: [Textile Backup] Deleting: 2020-08-27_09-00-39.zip
[15:01:06] [Server thread/INFO]: [Textile Backup] Done!
[15:01:06] [Server thread/INFO]: Thread RCON Listener stopped
