[06:01:06] [main/INFO]: Loading for game Minecraft 1.15.2
[06:01:11] [main/WARN]: Mod `jankson` (2.0.0+j1.2.0) uses 'requires' key in fabric.mod.json, which is not supported - use 'depends'
[06:01:11] [main/INFO]: [FabricLoader] Loading 44 mods: minecraft@1.15.2, fabric-networking-blockentity-v0@0.2.3+e08a73050c, fabric-renderer-api-v1@0.2.10+f08b61330c, fabric-keybindings-v0@0.1.1+dfdb52d60c, jankson@2.0.0+j1.2.0, fabricloader@0.7.8+build.189, phosphor@0.5.2+build.6, fabric-renderer-indigo@0.2.23+9290e2ed0c, fabric-containers-v0@0.1.3+b7f9825d0c, lithium@0.4.6, fabric-dimensions-v1@0.3.0+2ad156310c, org_apache_commons_commons-compress@1.9, fabric-biomes-v1@0.1.5+3b05f68e0c, fabric-events-interaction-v0@0.3.0+fac69e320c, fabric-crash-report-info-v1@0.1.2+b7f9825d0c, fabric-api-base@0.1.2+b7f9825d0c, fabric-rendering-v0@1.1.0+534104900c, fabric-rendering-v1@0.1.0+534104900c, fabric-rendering-data-attachment-v1@0.1.3+b7f9825d0c, mm@2.0, fabric-resource-loader-v0@0.1.10+06c939b30c, fabric-textures-v0@1.0.4+821cdba70c, fabric-content-registries-v0@0.1.3+b7f9825d0c, fabric-tag-extensions-v0@0.1.3+abd915800c, fabric-rendering-fluids-v1@0.1.6+12515ed90c, fabric-commands-v0@0.1.2+b7f9825d0c, fabric-registry-sync-v0@0.2.6+f3d8141b0c, com_moandjiezana_toml_toml4j@0.7.2, cotton-logging@1.0.0-rc.4, fabric-blockrenderlayer-v1@1.1.4+c6a8ea890c, textile_backup@1.1.0-1.15, fabric-mining-levels-v0@0.1.1+b7f9825d0c, fabric-renderer-registries-v1@2.0.1+5a0f9a600c, carpet-extra@1.3.15, fabric-events-lifecycle-v0@0.1.2+b7f9825d0c, fabric-loot-tables-v1@0.1.5+e08a73050c, fabric@0.5.1+build.294-1.15, carpet@1.3.15, fabric-item-groups-v0@0.1.6+ec40b2e10c, fabric-models-v0@0.1.0+dfdb52d60c, fabric-particles-v1@0.1.1+dfdb52d60c, fabric-networking-v0@0.1.7+12515ed90c, fabric-object-builders-v0@0.1.3+e4c9a9c30c, cotton-config@1.0.0-rc.7
[06:01:11] [main/INFO]: SpongePowered MIXIN Subsystem Version=0.8 Source=file:/C:/Server/skimit_survival/fabric-server-launch.jar Service=Knot/Fabric Env=SERVER
[06:01:12] [main/INFO]: Lithium's configuration file was loaded successfully
[06:01:13] [main/INFO]: Not applying mixin 'me.jellysquid.mods.lithium.mixin.chunk.no_chunk_locking.MixinPalettedContainer' as no configuration enables it
[06:01:14] [main/INFO]: Not applying mixin 'me.jellysquid.mods.lithium.mixin.redstone.MixinRedstoneWireBlock' as no configuration enables it
[06:01:14] [main/INFO]: Not applying mixin 'me.jellysquid.mods.lithium.mixin.redstone.MixinWorld' as no configuration enables it
[06:01:18] [main/INFO]: Transforming class net/minecraft/class_2382 using patch set 'Modify mutability flags in Vec3i'
[06:01:25] [main/INFO]: Transforming class net/minecraft/class_2338$class_2339 using patch set 'Use mutable fields in Vec3i'
[06:02:36] [main/WARN]: Ambiguity between arguments [teleport, destination] and [teleport, targets] with inputs: [Player, 0123, @e, dd12be42-52a9-4a91-a8a1-11c01849e498]
[06:02:36] [main/WARN]: Ambiguity between arguments [teleport, location] and [teleport, destination] with inputs: [0.1 -0.5 .9, 0 0 0]
[06:02:36] [main/WARN]: Ambiguity between arguments [teleport, location] and [teleport, targets] with inputs: [0.1 -0.5 .9, 0 0 0]
[06:02:36] [main/WARN]: Ambiguity between arguments [teleport, targets] and [teleport, destination] with inputs: [Player, 0123, dd12be42-52a9-4a91-a8a1-11c01849e498]
[06:02:36] [main/WARN]: Ambiguity between arguments [teleport, targets, location] and [teleport, targets, destination] with inputs: [0.1 -0.5 .9, 0 0 0]
[06:02:40] [main/INFO]: Definitely not up to no good
[06:02:40] [main/INFO]: [TextileBackup]: Loading TextileBackup by Szum123321
[06:02:42] [Server thread/INFO]: Starting minecraft server version 1.15.2
[06:02:42] [Server thread/INFO]: Loading properties
[06:02:42] [Server thread/INFO]: Default game type: SURVIVAL
[06:02:42] [Server thread/INFO]: Generating keypair
[06:02:42] [Server thread/INFO]: Starting Minecraft server on *:26565
[06:02:42] [Server thread/INFO]: Using default channel type
[06:02:44] [Server thread/WARN]: **** SERVER IS RUNNING IN OFFLINE/INSECURE MODE!
[06:02:44] [Server thread/WARN]: The server will make no attempt to authenticate usernames. Beware.
[06:02:44] [Server thread/WARN]: While this makes the game possible to play without internet access, it also opens up the ability for hackers to connect with any username they choose.
[06:02:44] [Server thread/WARN]: To change this, set "online-mode" to "true" in the server.properties file.
[06:02:44] [Server thread/INFO]: Preparing level "world"
[06:02:44] [Server thread/INFO]: [CM]: loaded setting commandDraw as false from carpet.conf
[06:02:44] [Server thread/INFO]: [CM]: loaded setting rotatorBlock as true from carpet.conf
[06:02:44] [Server thread/INFO]: [CM]: loaded setting combineXPOrbs as true from carpet.conf
[06:02:44] [Server thread/INFO]: [CM]: loaded setting onePlayerSleeping as true from carpet.conf
[06:02:44] [Server thread/INFO]: [CM]: loaded setting portalSuffocationFix as true from carpet.conf
[06:02:44] [Server thread/INFO]: [CM]: loaded setting leadFix as true from carpet.conf
[06:02:44] [Server thread/INFO]: [CM]: loaded setting antiCheatDisabled as true from carpet.conf
[06:02:44] [Server thread/INFO]: [CM]: loaded setting defaultLoggers as tps,mobcaps from carpet.conf
[06:02:44] [Server thread/INFO]: [CM]: loaded setting commandCameramode as false from carpet.conf
[06:02:44] [Server thread/INFO]: [CM]: loaded setting unloadedEntityFix as true from carpet.conf
[06:02:44] [Server thread/INFO]: [CM]: loaded setting ctrlQCraftingFix as true from carpet.conf
[06:02:44] [Server thread/INFO]: [fabric-registry-sync] Loaded registry data [file 1/4]
[06:02:44] [Server thread/INFO]: Reloading ResourceManager: Default, bukkit, Fabric Mining Levels (v0)
[06:02:48] [Server thread/INFO]: Loaded 6 recipes
[06:02:49] [Server thread/INFO]: Loaded 825 advancements
[06:02:53] [Server thread/INFO]: Preparing start region for dimension minecraft:overworld
[06:02:57] [Server thread/INFO]: Preparing spawn area: 0%
[06:02:57] [Server thread/INFO]: Preparing spawn area: 0%
[06:02:57] [Server thread/INFO]: Preparing spawn area: 0%
[06:02:57] [Server thread/INFO]: Preparing spawn area: 0%
[06:02:57] [Server thread/INFO]: Preparing spawn area: 0%
[06:02:57] [Server thread/INFO]: Preparing spawn area: 0%
[06:02:57] [Server thread/INFO]: Preparing spawn area: 0%
[06:02:57] [Server thread/INFO]: Preparing spawn area: 0%
[06:02:57] [Server thread/INFO]: Preparing spawn area: 0%
[06:02:57] [Server thread/INFO]: Preparing spawn area: 0%
[06:02:58] [Server-Worker-3/INFO]: Preparing spawn area: 0%
[06:02:58] [Server-Worker-3/INFO]: Preparing spawn area: 0%
[06:02:59] [Server-Worker-3/INFO]: Preparing spawn area: 0%
[06:02:59] [Server-Worker-3/INFO]: Preparing spawn area: 0%
[06:03:00] [Server-Worker-3/INFO]: Preparing spawn area: 0%
[06:03:00] [Server thread/INFO]: Preparing spawn area: 0%
[06:03:01] [Server thread/INFO]: Preparing spawn area: 0%
[06:03:02] [Server thread/INFO]: Preparing spawn area: 83%
[06:03:02] [Server thread/INFO]: Preparing spawn area: 83%
[06:03:04] [Server thread/INFO]: Time elapsed: 11098 ms
[06:03:04] [Server thread/INFO]: Done (19.762s)! For help, type "help"
[06:03:04] [Server thread/INFO]: Starting remote control listener
[06:03:04] [RCON Listener #1/INFO]: RCON running on 0.0.0.0:25636
[06:03:06] [Server thread/WARN]: Can't keep up! Is the server overloaded? Running 2588ms or 51 ticks behind
[06:03:27] [Server thread/WARN]: Can't keep up! Is the server overloaded? Running 5254ms or 105 ticks behind
