[20:05:13] [main/INFO]: Loading for game Minecraft 1.16.4
[20:05:16] [ForkJoinPool-1-worker-3/WARN]: The mod "cotton-logging" contains invalid entries in its mod json:
- Unsupported root entry "licence" at line 7 column 12
[20:05:16] [ForkJoinPool-1-worker-3/WARN]: The mod "cotton-config" contains invalid entries in its mod json:
- Unsupported root entry "licence" at line 7 column 12
[20:05:17] [main/WARN]: Warnings were found! 
 - Mod 'BetterF3' (betterf3) recommends version 1.14.6 or later of mod modmenu, which is missing!
	 - You must install version 1.14.6 or later of modmenu.
[20:05:17] [main/INFO]: [FabricLoader] Loading 59 mods: fabric-renderer-api-v1@0.3.3+a4467d2a3a, fabric-keybindings-v0@0.2.0+3fa9f7c53a, fabricloader@0.10.6+build.214, fabric-structure-api-v1@1.1.0+f8ac1db23a, bbor@2.4-1.16.3, com_github_shevek_parallelgzip@master-SNAPSHOT, fabric-containers-v0@0.1.8+045df74f3a, lithium@0.6.0, fabric-object-builder-api-v1@1.9.2+a89534ab3a, fabric-game-rule-api-v1@1.0.3+a4467d2a3a, fabric-api-base@0.2.0+9f0fb4b83a, fabric-rendering-data-attachment-v1@0.1.4+f8ac1db23a, fabric-textures-v0@1.0.5+a4467d2a3a, fabric-rendering-fluids-v1@0.1.12+f8ac1db23a, cotton-logging@1.0.0-rc.4, fabric-blockrenderlayer-v1@1.1.4+c6a8ea893a, fabric-lifecycle-events-v1@1.2.0+74cc3b203a, fabric-renderer-registries-v1@2.2.0+f8ac1db23a, carpet-extra@1.4.16, fabric-loot-tables-v1@1.0.1+432ea1883a, fabric@0.25.7+1.16, carpet@1.4.17, fabric-particles-v1@0.2.2+fb0d9b0e3a, fabric-networking-v0@0.1.10+e00ecb5f3a, cotton-config@1.0.0-rc.7, fabric-networking-blockentity-v0@0.2.5+b50ffc7b3a, minecraft@1.16.4, fabric-screen-handler-api-v1@1.1.0+872498413a, fabric-command-api-v1@1.0.9+a4467d2a3a, jankson@3.0.0+j1.2.0, cloth-basic-math@0.5.1, phosphor@0.6.0+build.7, fabric-tool-attribute-api-v1@1.2.5+c93221003a, bluemap@1.3.0-snap, fabric-renderer-indigo@0.4.3+a4467d2a3a, player-roles@1.1.2, org_apache_commons_commons-compress@1.19, fabric-item-api-v1@1.2.0+f8ac1db23a, fabric-events-interaction-v0@0.4.1+f8ac1db23a, fabric-crash-report-info-v1@0.1.2+b7f9825d3a, fabric-rendering-v0@1.1.1+f8ac1db23a, fabric-key-binding-api-v1@1.0.1+730711c63a, fabric-rendering-v1@1.3.1+f8ac1db23a, cloth-config2@4.7.0-unstable, org_tukaani_xz@1.8, fabric-resource-loader-v0@0.3.2+1944f3e03a, fabric-content-registries-v0@0.1.9+059ea8663a, fabric-tag-extensions-v0@1.0.3+ac8e8c593a, fabric-biome-api-v1@3.0.0+ec7e203b3a, fabric-commands-v0@0.2.0+52d308363a, fabric-registry-sync-v0@0.6.1+a4467d2a3a, textile_backup@2.0.1-1.16.3, fabric-mining-levels-v0@0.1.2+b764ce993a, betterf3@1.1.1, fabric-events-lifecycle-v0@0.2.0+16acbe5b3a, fabric-models-v0@0.1.1+f8ac1db23a, fabric-item-groups-v0@0.2.1+a4467d2a3a, fabric-object-builders-v0@0.7.1+a4467d2a3a, lithium-api@0.6.0
[20:05:17] [main/WARN]: Mod `com_github_shevek_parallelgzip` (master-SNAPSHOT) does not respect SemVer - comparison support is limited.
[20:05:17] [main/INFO]: SpongePowered MIXIN Subsystem Version=0.8.2 Source=file:/srv/survival/fabric-server-launch.jar Service=Knot/Fabric Env=SERVER
[20:05:27] [main/WARN]: @Mixin target net/minecraft/class_3898$class_3208 is public in fabric-networking-[20:05:53] [main/INFO]: [Textile Backup] Starting Textile Backup by Szum123321.
[20:05:58] [main/INFO]: Environment: authHost='https://authserver.mojang.com', accountsHost='https://api.mojang.com', sessionHost='https://sessionserver.mojang.com', servicesHost='https://api.minecraftservices.com', name='PROD'
[20:06:01] [main/WARN]: Ambiguity between arguments [bluemap, marker, create, id, map, x] and [bluemap, marker, create, id, map, label] with inputs: [0, -1, -.5, 1.2, .5, -1234.56]
[20:06:01] [main/WARN]: Ambiguity between arguments [bluemap, render, cancel] and [bluemap, render, world|map] with inputs: [cancel]
[20:06:01] [main/WARN]: Ambiguity between arguments [bluemap, render, prioritize] and [bluemap, render, world|map] with inputs: [prioritize]
[20:06:01] [main/WARN]: Ambiguity between arguments [bluemap, render, radius] and [bluemap, render, world|map] with inputs: [0, -123, 123]
[20:06:01] [main/WARN]: Ambiguity between arguments [bluemap, render, radius] and [bluemap, render, x] with inputs: [0, -123, 123]
[20:06:01] [main/WARN]: Ambiguity between arguments [bluemap, render, x] and [bluemap, render, radius] with inputs: [0, -1]
[20:06:01] [main/WARN]: Ambiguity between arguments [bluemap, render, x] and [bluemap, render, world|map] with inputs: [0, -1, -.5, 1.2, .5, -1234.56]
[20:06:01] [main/WARN]: Ambiguity between arguments [teleport, destination] and [teleport, targets] with inputs: [Player, 0123, @e, dd12be42-52a9-4a91-a8a1-11c01849e498]
[20:06:01] [main/WARN]: Ambiguity between arguments [teleport, location] and [teleport, destination] with inputs: [0.1 -0.5 .9, 0 0 0]
[20:06:01] [main/WARN]: Ambiguity between arguments [teleport, location] and [teleport, targets] with inputs: [0.1 -0.5 .9, 0 0 0]
[20:06:01] [main/WARN]: Ambiguity between arguments [teleport, targets] and [teleport, destination] with inputs: [Player, 0123, dd12be42-52a9-4a91-a8a1-11c01849e498]
[20:06:01] [main/WARN]: Ambiguity between arguments [teleport, targets, location] and [teleport, targets, destination] with inputs: [0.1 -0.5 .9, 0 0 0]
[20:06:02] [main/INFO]: Reloading ResourceManager: Default, bukkit, skimit-DataPack, Fabric Tool Attribute API (v1), Player Roles
[20:06:10] [Worker-Main-2/INFO]: Loaded 7 recipes
[20:06:12] [Worker-Main-2/INFO]: Loaded 927 advancements
[20:06:16] [main/INFO]: Applied 0 biome modifications to 0 of 79 new biomes in 45.66 ms
[20:06:17] [main/WARN]: [fabric-registry-sync] Could not find the following registries: minecraft:biome_source_type, minecraft:block_state_provider_type, minecraft:dimension_type, minecraft:structure_piece, minecraft:carver, minecraft:block_placer_type, minecraft:decorator, minecraft:structure_feature, minecraft:surface_builder, minecraft:foliage_placer_type, minecraft:feature, minecraft:tree_decorator_type, minecraft:structure_pool_element, minecraft:biome, minecraft:chunk_generator_type, minecraft:structure_processor
[20:06:17] [main/INFO]: [fabric-registry-sync] Loaded registry data [file 1/4]
[20:06:17] [Server thread/INFO]: Starting minecraft server version 1.16.4
[20:06:17] [Server thread/INFO]: Loading properties
[20:06:17] [Server thread/INFO]: Default game type: SURVIVAL
[20:06:17] [Server thread/INFO]: Generating keypair
[20:06:18] [Server thread/INFO]: Starting Minecraft server on *:34268
[20:06:18] [Server thread/INFO]: Using epoll channel type
[20:06:19] [Server thread/WARN]: **** SERVER IS RUNNING IN OFFLINE/INSECURE MODE!
[20:06:19] [Server thread/WARN]: The server will make no attempt to authenticate usernames. Beware.
[20:06:19] [Server thread/WARN]: While this makes the game possible to play without internet access, it also opens up the ability for hackers to connect with any username they choose.
[20:06:19] [Server thread/WARN]: To change this, set "online-mode" to "true" in the server.properties file.
[20:06:19] [Server thread/INFO]: Preparing level "world"
[20:06:19] [Server thread/INFO]: [CM]: loaded setting combineXPOrbs as true from carpet.conf
[20:06:19] [Server thread/INFO]: [CM]: loaded setting onePlayerSleeping as true from carpet.conf
[20:06:19] [Server thread/INFO]: [CM]: loaded setting leadFix as true from carpet.conf
[20:06:19] [Server thread/INFO]: [CM]: loaded setting ctrlQCraftingFix as true from carpet.conf
[20:06:19] [Server thread/INFO]: [CM]: loaded setting language as zh_cn from carpet.conf
[20:06:19] [Server thread/INFO]: [CM]: loaded setting commandTick as true from carpet.conf
[20:06:19] [Server thread/INFO]: [CM]: loaded setting commandDraw as false from carpet.conf
[20:06:19] [Server thread/INFO]: [CM]: loaded setting fastRedstoneDust as true from carpet.conf
[20:06:19] [Server thread/INFO]: [CM]: loaded setting rotatorBlock as true from carpet.conf
[20:06:19] [Server thread/INFO]: [CM]: loaded setting commandPlayer as true from carpet.conf
[20:06:19] [Server thread/INFO]: [CM]: loaded setting updateSuppressionCrashFix as true from carpet.conf
[20:06:19] [Server thread/INFO]: [CM]: loaded setting reloadSuffocationFix as true from carpet.conf
[20:06:19] [Server thread/INFO]: [CM]: loaded setting antiCheatDisabled as true from carpet.conf
[20:06:19] [Server thread/INFO]: [CM]: loaded setting commandPing as true from carpet.conf
[20:06:19] [Server thread/INFO]: [CM]: loaded setting defaultLoggers as tps,mobcaps from carpet.conf
[20:06:19] [Server thread/INFO]: [CM]: loaded setting placementRotationFix as true from carpet.conf
[20:06:19] [Server thread/INFO]: [CM]: loaded setting hopperCounters as true from carpet.conf
[20:06:19] [Server thread/INFO]: [CM]: loaded setting flippinCactus as true from carpet.conf
[20:06:19] [Server thread/INFO]: [CM]: loaded setting lagFreeSpawning as true from carpet.conf
[20:06:22] [Server thread/INFO]: create world dimension: minecraft:overworld (seed: 20190827)
[20:06:22] [Server thread/INFO]: create world dimension: minecraft:the_nether (seed: 20190827)
[20:06:22] [Server thread/INFO]: create world dimension: minecraft:the_end (seed: 20190827)
[20:06:22] [Server thread/INFO]: Preparing start region for dimension minecraft:overworld
[20:06:31] [Server thread/INFO]: Preparing spawn area: 0%
[20:06:31] [Server thread/INFO]: Preparing spawn area: 0%
[20:06:31] [Server thread/INFO]: Preparing spawn area: 0%
[20:06:31] [Server thread/INFO]: Preparing spawn area: 0%
[20:06:31] [Server thread/INFO]: Preparing spawn area: 0%
[20:06:31] [Server thread/INFO]: Preparing spawn area: 0%
[20:06:31] [Server thread/INFO]: Preparing spawn area: 0%
[20:06:31] [Server thread/INFO]: Preparing spawn area: 0%
[20:06:31] [Server thread/INFO]: Preparing spawn area: 0%
[20:06:31] [Server thread/INFO]: Preparing spawn area: 0%
[20:06:31] [Server thread/INFO]: Preparing spawn area: 0%
[20:06:31] [Server thread/INFO]: Preparing spawn area: 0%
[20:06:31] [Server thread/INFO]: Preparing spawn area: 0%
[20:06:31] [Server thread/INFO]: Preparing spawn area: 0%
[20:06:31] [Server thread/INFO]: Preparing spawn area: 0%
[20:06:31] [Server thread/INFO]: Preparing spawn area: 0%
[20:06:31] [Server thread/INFO]: Preparing spawn area: 0%
[20:06:31] [Server thread/INFO]: Preparing spawn area: 0%
[20:06:31] [Server thread/INFO]: Preparing spawn area: 0%
[20:06:31] [Server thread/INFO]: Preparing spawn area: 0%
[20:06:32] [Worker-Main-2/INFO]: Preparing spawn area: 0%
[20:06:32] [Server thread/INFO]: Preparing spawn area: 0%
[20:06:33] [Server thread/INFO]: Preparing spawn area: 41%
[20:06:35] [Server thread/INFO]: Time elapsed: 13545 ms
[20:06:35] [Server thread/INFO]: Done (15.825s)! For help, type "help"
[20:06:35] [Server thread/INFO]: Starting remote control listener
[20:06:35] [Server thread/INFO]: Thread RCON Listener started
[20:06:35] [Server thread/INFO]: RCON running on 0.0.0.0:796
[20:06:35] [Thread-67/INFO]: Loading BlueMap...
[20:06:36] [Thread-67/INFO]: Loading resources...
[20:06:36] [Thread-68/INFO]: WebServer started.
[20:06:37] [Server thread/INFO]: Can only manipulate existing players
[20:06:37] [Server thread/INFO]: Can only manipulate existing players
[20:06:37] [Server thread/WARN]: Can't keep up! Is the server overloaded? Running 2091ms or 41 ticks behind
[20:06:42] [Thread-67/INFO]: Loading bluemap assets (1/3)...
[20:06:43] [Thread-67/INFO]: Loading realms assets (2/3)...
[20:06:44] [Thread-67/INFO]: Loading minecraft assets (3/3)...
[20:06:49] [Thread-67/INFO]: BlueMap loaded!
[20:06:56] [Server thread/WARN]: Can't keep up! Is the server overloaded? Running 3405ms or 68 ticks behind
[20:07:01] [Server thread/INFO]: EDGW[/127.0.0.1:40907] logged in with entity id 87 at (-56.5, 129.0, 62.24514650868061)
[20:07:01] [Server thread/INFO]: EDGW joined the game
[20:07:02] [Netty Epoll Server IO #0/WARN]: Received invalid identifier in minecraft:register: legacy:fml|hs (Non [a-z0-9/._-] character in path of location: legacy:fml|hs)
[20:07:02] [Netty Epoll Server IO #0/WARN]: Player EDGW joined with another carpet version: 1.4.11+v200910
[20:07:02] [Netty Epoll Server IO #0/WARN]: Player EDGW joined with another carpet version: 1.4.11+v200910
[20:07:18] [Server thread/WARN]: Can't keep up! Is the server overloaded? Running 2094ms or 41 ticks behind
[20:07:39] [Server thread/WARN]: Can't keep up! Is the server overloaded? Running 6324ms or 126 ticks behind
[20:07:52] [Server thread/INFO]: EDGWA[/127.0.0.1:48289] logged in with entity id 490 at (-1355.6660385650098, 99.17997622354521, 494.4237662883816)
[20:07:52] [Server thread/INFO]: EDGWA joined the game
[20:07:52] [Netty Epoll Server IO #0/WARN]: Received invalid identifier in minecraft:register: legacy:fml|hs (Non [a-z0-9/._-] character in path of location: legacy:fml|hs)
[20:08:00] [Server thread/INFO]: Can only manipulate existing players
[20:08:00] [Server thread/INFO]: Can only manipulate existing players
[20:08:07] [Server thread/WARN]: Can't keep up! Is the server overloaded? Running 12929ms or 258 ticks behind
[20:08:45] [Server thread/WARN]: Can't keep up! Is the server overloaded? Running 22169ms or 443 ticks behind
[20:09:11] [Server thread/INFO]: <EDGW> 我在刷怪塔 等一下
[20:09:12] [Server thread/WARN]: Can't keep up! Is the server overloaded? Running 12538ms or 250 ticks behind
[20:09:43] [Server thread/WARN]: Can't keep up! Is the server overloaded? Running 16191ms or 323 ticks behind
[20:10:00] [Server thread/INFO]: Can only manipulate existing players
[20:10:00] [Server thread/INFO]: Can only manipulate existing players
[20:10:00] [Server thread/INFO]: shuijiao[local] logged in with entity id 1236 at (-42.5, 61.0, 240.5)
[20:10:00] [Server thread/INFO]: shuijiao joined the game
[20:10:12] [Server thread/WARN]: Can't keep up! Is the server overloaded? Running 13972ms or 279 ticks behind
[20:10:48] [Server thread/WARN]: Can't keep up! Is the server overloaded? Running 21092ms or 421 ticks behind
[20:11:28] [Server thread/WARN]: Can't keep up! Is the server overloaded? Running 24888ms or 497 ticks behind
[20:11:43] [Server thread/INFO]: EDGWA lost connection: Timed out
[20:11:43] [Server thread/INFO]: EDGWA left the game
[20:12:01] [Server thread/WARN]: Can't keep up! Is the server overloaded? Running 18323ms or 366 ticks behind
[20:12:24] [Server thread/WARN]: Can't keep up! Is the server overloaded? Running 7563ms or 151 ticks behind
[20:12:43] [Server thread/WARN]: Can't keep up! Is the server overloaded? Running 4509ms or 90 ticks behind
[20:14:29] [Server thread/INFO]: EDGWA[/127.0.0.1:49213] logged in with entity id 2132 at (-255.22878246715166, 129.0, 65.30000001192093)
[20:14:29] [Server thread/INFO]: EDGWA joined the game
[20:14:30] [Netty Epoll Server IO #0/WARN]: Received invalid identifier in minecraft:register: legacy:fml|hs (Non [a-z0-9/._-] character in path of location: legacy:fml|hs)
[20:14:30] [Server thread/WARN]: Can't keep up! Is the server overloaded? Running 2014ms or 40 ticks behind
[20:14:54] [Server thread/WARN]: Can't keep up! Is the server overloaded? Running 9037ms or 180 ticks behind
[20:15:14] [Server thread/WARN]: Can't keep up! Is the server overloaded? Running 4425ms or 88 ticks behind
[20:15:32] [Server thread/WARN]: Can't keep up! Is the server overloaded? Running 3639ms or 72 ticks behind
