[06:20:03] [main/INFO]: Loading for game Minecraft 1.16.4
[06:20:04] [ForkJoinPool-1-worker-3/WARN]: The mod "cotton-logging" contains invalid entries in its mod json:
- Unsupported root entry "licence" at line 7 column 12
[06:20:04] [ForkJoinPool-1-worker-3/WARN]: The mod "cotton-config" contains invalid entries in its mod json:
- Unsupported root entry "licence" at line 7 column 12
[06:20:05] [main/WARN]: Warnings were found! 
 - Mod 'BetterF3' (betterf3) recommends version 1.14.6 or later of mod modmenu, which is missing!
	 - You must install version 1.14.6 or later of modmenu.
[06:20:05] [main/INFO]: [FabricLoader] Loading 59 mods: fabric-renderer-api-v1@0.3.3+a4467d2a3a, fabric-keybindings-v0@0.2.0+3fa9f7c53a, fabricloader@0.10.6+build.214, fabric-structure-api-v1@1.1.0+f8ac1db23a, bbor@2.4-1.16.3, com_github_shevek_parallelgzip@master-SNAPSHOT, fabric-containers-v0@0.1.8+045df74f3a, lithium@0.6.0, fabric-object-builder-api-v1@1.9.2+a89534ab3a, fabric-game-rule-api-v1@1.0.3+a4467d2a3a, fabric-api-base@0.2.0+9f0fb4b83a, fabric-rendering-data-attachment-v1@0.1.4+f8ac1db23a, fabric-textures-v0@1.0.5+a4467d2a3a, fabric-rendering-fluids-v1@0.1.12+f8ac1db23a, cotton-logging@1.0.0-rc.4, fabric-blockrenderlayer-v1@1.1.4+c6a8ea893a, fabric-lifecycle-events-v1@1.2.0+74cc3b203a, fabric-renderer-registries-v1@2.2.0+f8ac1db23a, carpet-extra@1.4.16, fabric-loot-tables-v1@1.0.1+432ea1883a, fabric@0.25.7+1.16, carpet@1.4.17, fabric-particles-v1@0.2.2+fb0d9b0e3a, fabric-networking-v0@0.1.10+e00ecb5f3a, cotton-config@1.0.0-rc.7, fabric-networking-blockentity-v0@0.2.5+b50ffc7b3a, minecraft@1.16.4, fabric-screen-handler-api-v1@1.1.0+872498413a, fabric-command-api-v1@1.0.9+a4467d2a3a, jankson@3.0.0+j1.2.0, cloth-basic-math@0.5.1, phosphor@0.6.0+build.7, fabric-tool-attribute-api-v1@1.2.5+c93221003a, bluemap@1.3.0-snap, fabric-renderer-indigo@0.4.3+a4467d2a3a, player-roles@1.1.2, org_apache_commons_commons-compress@1.19, fabric-item-api-v1@1.2.0+f8ac1db23a, fabric-events-interaction-v0@0.4.1+f8ac1db23a, fabric-crash-report-info-v1@0.1.2+b7f9825d3a, fabric-rendering-v0@1.1.1+f8ac1db23a, fabric-key-binding-api-v1@1.0.1+730711c63a, fabric-rendering-v1@1.3.1+f8ac1db23a, cloth-config2@4.7.0-unstable, org_tukaani_xz@1.8, fabric-resource-loader-v0@0.3.2+1944f3e03a, fabric-content-registries-v0@0.1.9+059ea8663a, fabric-tag-extensions-v0@1.0.3+ac8e8c593a, fabric-biome-api-v1@3.0.0+ec7e203b3a, fabric-commands-v0@0.2.0+52d308363a, fabric-registry-sync-v0@0.6.1+a4467d2a3a, textile_backup@2.0.1-1.16.3, fabric-mining-levels-v0@0.1.2+b764ce993a, betterf3@1.1.1, fabric-events-lifecycle-v0@0.2.0+16acbe5b3a, fabric-models-v0@0.1.1+f8ac1db23a, fabric-item-groups-v0@0.2.1+a4467d2a3a, fabric-object-builders-v0@0.7.1+a4467d2a3a, lithium-api@0.6.0
[06:20:05] [main/WARN]: Mod `com_github_shevek_parallelgzip` (master-SNAPSHOT) does not respect SemVer - comparison support is limited.
[06:20:05] [main/INFO]: SpongePowered MIXIN Subsystem Version=0.8.2 Source=file:/srv/survival/fabric-server-launch.jar Service=Knot/Fabric Env=SERVER
[06:20:11] [main/WARN]: @Mixin target net/minecraft/class_3898$class_3208 is public in fabric-networking-[06:20:29] [main/INFO]: [Textile Backup] Starting Textile Backup by Szum123321.
[06:20:33] [main/INFO]: Environment: authHost='https://authserver.mojang.com', accountsHost='https://api.mojang.com', sessionHost='https://sessionserver.mojang.com', servicesHost='https://api.minecraftservices.com', name='PROD'
[06:20:34] [main/WARN]: Ambiguity between arguments [bluemap, marker, create, id, map, x] and [bluemap, marker, create, id, map, label] with inputs: [0, -1, -.5, 1.2, .5, -1234.56]
[06:20:34] [main/WARN]: Ambiguity between arguments [bluemap, render, cancel] and [bluemap, render, world|map] with inputs: [cancel]
[06:20:34] [main/WARN]: Ambiguity between arguments [bluemap, render, prioritize] and [bluemap, render, world|map] with inputs: [prioritize]
[06:20:34] [main/WARN]: Ambiguity between arguments [bluemap, render, radius] and [bluemap, render, world|map] with inputs: [0, -123, 123]
[06:20:34] [main/WARN]: Ambiguity between arguments [bluemap, render, radius] and [bluemap, render, x] with inputs: [0, -123, 123]
[06:20:34] [main/WARN]: Ambiguity between arguments [bluemap, render, x] and [bluemap, render, radius] with inputs: [0, -1]
[06:20:34] [main/WARN]: Ambiguity between arguments [bluemap, render, x] and [bluemap, render, world|map] with inputs: [0, -1, -.5, 1.2, .5, -1234.56]
[06:20:34] [main/WARN]: Ambiguity between arguments [teleport, destination] and [teleport, targets] with inputs: [Player, 0123, @e, dd12be42-52a9-4a91-a8a1-11c01849e498]
[06:20:34] [main/WARN]: Ambiguity between arguments [teleport, location] and [teleport, destination] with inputs: [0.1 -0.5 .9, 0 0 0]
[06:20:34] [main/WARN]: Ambiguity between arguments [teleport, location] and [teleport, targets] with inputs: [0.1 -0.5 .9, 0 0 0]
[06:20:34] [main/WARN]: Ambiguity between arguments [teleport, targets] and [teleport, destination] with inputs: [Player, 0123, dd12be42-52a9-4a91-a8a1-11c01849e498]
[06:20:34] [main/WARN]: Ambiguity between arguments [teleport, targets, location] and [teleport, targets, destination] with inputs: [0.1 -0.5 .9, 0 0 0]
[06:20:35] [main/INFO]: Reloading ResourceManager: Default, bukkit, skimit-DataPack, Fabric Tool Attribute API (v1), Player Roles
[06:20:40] [Worker-Main-2/INFO]: Loaded 7 recipes
[06:20:41] [Worker-Main-2/INFO]: Loaded 927 advancements
[06:20:44] [main/INFO]: Applied 0 biome modifications to 0 of 79 new biomes in 2.030 ms
[06:20:44] [main/WARN]: [fabric-registry-sync] Could not find the following registries: minecraft:biome_source_type, minecraft:block_state_provider_type, minecraft:dimension_type, minecraft:structure_piece, minecraft:carver, minecraft:block_placer_type, minecraft:decorator, minecraft:structure_feature, minecraft:surface_builder, minecraft:foliage_placer_type, minecraft:feature, minecraft:tree_decorator_type, minecraft:structure_pool_element, minecraft:biome, minecraft:chunk_generator_type, minecraft:structure_processor
[06:20:44] [main/INFO]: [fabric-registry-sync] Loaded registry data [file 1/4]
[06:20:44] [Server thread/INFO]: Starting minecraft server version 1.16.4
[06:20:44] [Server thread/INFO]: Loading properties
[06:20:44] [Server thread/INFO]: Default game type: SURVIVAL
[06:20:44] [Server thread/INFO]: Generating keypair
[06:20:45] [Server thread/INFO]: Starting Minecraft server on *:34268
[06:20:45] [Server thread/INFO]: Using epoll channel type
[06:20:46] [Server thread/WARN]: **** SERVER IS RUNNING IN OFFLINE/INSECURE MODE!
[06:20:46] [Server thread/WARN]: The server will make no attempt to authenticate usernames. Beware.
[06:20:46] [Server thread/WARN]: While this makes the game possible to play without internet access, it also opens up the ability for hackers to connect with any username they choose.
[06:20:46] [Server thread/WARN]: To change this, set "online-mode" to "true" in the server.properties file.
[06:20:46] [Server thread/INFO]: Preparing level "world"
[06:20:46] [Server thread/INFO]: [CM]: loaded setting combineXPOrbs as true from carpet.conf
[06:20:46] [Server thread/INFO]: [CM]: loaded setting onePlayerSleeping as true from carpet.conf
[06:20:46] [Server thread/INFO]: [CM]: loaded setting leadFix as true from carpet.conf
[06:20:46] [Server thread/INFO]: [CM]: loaded setting ctrlQCraftingFix as true from carpet.conf
[06:20:46] [Server thread/INFO]: [CM]: loaded setting language as zh_cn from carpet.conf
[06:20:46] [Server thread/INFO]: [CM]: loaded setting commandTick as true from carpet.conf
[06:20:46] [Server thread/INFO]: [CM]: loaded setting commandDraw as false from carpet.conf
[06:20:46] [Server thread/INFO]: [CM]: loaded setting fastRedstoneDust as true from carpet.conf
[06:20:46] [Server thread/INFO]: [CM]: loaded setting rotatorBlock as true from carpet.conf
[06:20:46] [Server thread/INFO]: [CM]: loaded setting commandPlayer as true from carpet.conf
[06:20:46] [Server thread/INFO]: [CM]: loaded setting updateSuppressionCrashFix as true from carpet.conf
[06:20:46] [Server thread/INFO]: [CM]: loaded setting reloadSuffocationFix as true from carpet.conf
[06:20:46] [Server thread/INFO]: [CM]: loaded setting antiCheatDisabled as true from carpet.conf
[06:20:46] [Server thread/INFO]: [CM]: loaded setting commandPing as true from carpet.conf
[06:20:46] [Server thread/INFO]: [CM]: loaded setting defaultLoggers as tps,mobcaps from carpet.conf
[06:20:46] [Server thread/INFO]: [CM]: loaded setting placementRotationFix as true from carpet.conf
[06:20:46] [Server thread/INFO]: [CM]: loaded setting hopperCounters as true from carpet.conf
[06:20:46] [Server thread/INFO]: [CM]: loaded setting flippinCactus as true from carpet.conf
[06:20:46] [Server thread/INFO]: [CM]: loaded setting lagFreeSpawning as true from carpet.conf
[06:20:47] [Server thread/INFO]: create world dimension: minecraft:overworld (seed: 20190827)
[06:20:47] [Server thread/INFO]: create world dimension: minecraft:the_nether (seed: 20190827)
[06:20:47] [Server thread/INFO]: create world dimension: minecraft:the_end (seed: 20190827)
[06:20:47] [Server thread/INFO]: Preparing start region for dimension minecraft:overworld
[06:20:57] [Server thread/INFO]: Preparing spawn area: 0%
[06:20:57] [Server thread/INFO]: Preparing spawn area: 0%
[06:20:57] [Server thread/INFO]: Preparing spawn area: 0%
[06:20:57] [Server thread/INFO]: Preparing spawn area: 0%
[06:20:57] [Server thread/INFO]: Preparing spawn area: 0%
[06:20:57] [Server thread/INFO]: Preparing spawn area: 0%
[06:20:57] [Server thread/INFO]: Preparing spawn area: 0%
[06:20:57] [Server thread/INFO]: Preparing spawn area: 0%
[06:20:57] [Server thread/INFO]: Preparing spawn area: 0%
[06:20:57] [Server thread/INFO]: Preparing spawn area: 0%
[06:20:57] [Server thread/INFO]: Preparing spawn area: 0%
[06:20:57] [Server thread/INFO]: Preparing spawn area: 0%
[06:20:57] [Server thread/INFO]: Preparing spawn area: 0%
[06:20:57] [Server thread/INFO]: Preparing spawn area: 0%
[06:20:57] [Server thread/INFO]: Preparing spawn area: 0%
[06:20:57] [Server thread/INFO]: Preparing spawn area: 0%
[06:20:57] [Server thread/INFO]: Preparing spawn area: 0%
[06:20:57] [Server thread/INFO]: Preparing spawn area: 0%
[06:20:57] [Server thread/INFO]: Preparing spawn area: 0%
[06:20:57] [Server thread/INFO]: Preparing spawn area: 0%
[06:20:57] [Server thread/INFO]: Preparing spawn area: 0%
[06:20:59] [Server thread/INFO]: Preparing spawn area: 0%
[06:20:59] [Server thread/INFO]: Preparing spawn area: 0%
[06:20:59] [Server thread/INFO]: Preparing spawn area: 98%
[06:21:00] [Server thread/INFO]: Time elapsed: 12936 ms
[06:21:00] [Server thread/INFO]: Done (14.466s)! For help, type "help"
[06:21:00] [Server thread/INFO]: Starting remote control listener
[06:21:00] [Server thread/INFO]: Thread RCON Listener started
[06:21:00] [Server thread/INFO]: RCON running on 0.0.0.0:796
[06:21:01] [Thread-66/INFO]: Loading BlueMap...
[06:21:01] [Thread-66/INFO]: Loading resources...
[06:21:01] [Thread-67/INFO]: WebServer started.
[06:21:03] [Server thread/WARN]: Can't keep up! Is the server overloaded? Running 2013ms or 40 ticks behind
[06:21:06] [Thread-66/INFO]: Loading bluemap assets (1/3)...
[06:21:07] [Thread-66/INFO]: Loading realms assets (2/3)...
[06:21:08] [Thread-66/INFO]: Loading minecraft assets (3/3)...
[06:21:12] [Thread-66/INFO]: BlueMap loaded!
[06:22:00] [Server thread/INFO]: Can only manipulate existing players
[06:22:00] [Server thread/INFO]: Can only manipulate existing players
[06:24:00] [Server thread/INFO]: Can only manipulate existing players
[06:24:00] [Server thread/INFO]: Can only manipulate existing players
[06:26:00] [Server thread/INFO]: Can only manipulate existing players
[06:26:00] [Server thread/INFO]: Can only manipulate existing players
[06:28:00] [Server thread/INFO]: Can only manipulate existing players
[06:28:00] [Server thread/INFO]: Can only manipulate existing players
[06:30:00] [Server thread/INFO]: Can only manipulate existing players
[06:30:00] [Server thread/INFO]: Can only manipulate existing players
[06:30:00] [Server thread/INFO]: shuijiao[local] logged in with entity id 154 at (-42.5, 61.0, 240.5)
[06:30:00] [Server thread/INFO]: shuijiao joined the game
[06:38:00] [Server thread/WARN]: Fetching packet for removed entity class_1542['Air'/947, l='ServerLevel[world]', x=-88.29, y=7.00, z=278.05]
[06:40:00] [Server thread/INFO]: Player shuijiao is already logged on
[06:50:00] [Server thread/INFO]: Player shuijiao is already logged on
[06:51:40] [Server thread/WARN]: Fetching packet for removed entity class_1542['Air'/2345, l='ServerLevel[world]', x=-87.98, y=7.00, z=281.95]
[06:54:40] [Server thread/WARN]: Fetching packet for removed entity class_1542['Air'/2693, l='ServerLevel[world]', x=-87.74, y=7.00, z=278.05]
[07:00:00] [Server thread/INFO]: Player shuijiao is already logged on
[07:00:54] [Server thread/WARN]: Fetching packet for removed entity class_1542['Air'/3370, l='ServerLevel[world]', x=-89.95, y=7.00, z=279.73]
[07:10:00] [Server thread/INFO]: Player shuijiao is already logged on
[07:20:00] [Server thread/INFO]: Player shuijiao is already logged on
[07:30:00] [Server thread/INFO]: Player shuijiao is already logged on
[07:30:46] [Server thread/WARN]: Fetching packet for removed entity class_1542['Air'/6681, l='ServerLevel[world]', x=-89.95, y=7.00, z=279.83]
[07:34:40] [Server thread/WARN]: Fetching packet for removed entity class_1542['Air'/7145, l='ServerLevel[world]', x=-87.97, y=7.00, z=281.95]
[07:40:00] [Server thread/INFO]: Player shuijiao is already logged on
[07:50:00] [Server thread/INFO]: Player shuijiao is already logged on
[07:51:01] [Server thread/WARN]: Fetching packet for removed entity class_1542['Air'/9176, l='ServerLevel[world]', x=-87.32, y=7.00, z=278.05]
[07:55:05] [Server thread/INFO]: Aod_lcy[/127.0.0.1:57391] logged in with entity id 9527 at (-303.15210079789614, 80.84413197854118, 446.59690130963793)
[07:55:05] [Server thread/INFO]: Aod_lcy joined the game
[07:55:05] [Netty Epoll Server IO #1/WARN]: Received invalid identifier in minecraft:register: legacy:fml|hs (Non [a-z0-9/._-] character in path of location: legacy:fml|hs)
[07:55:35] [Server thread/WARN]: Can't keep up! Is the server overloaded? Running 2015ms or 40 ticks behind
[07:56:19] [Server thread/WARN]: Can't keep up! Is the server overloaded? Running 2067ms or 41 ticks behind
[08:00:00] [Server thread/INFO]: Player shuijiao is already logged on
[08:02:45] [Server thread/INFO]: Aod_lcy lost connection: Disconnected
[08:02:45] [Server thread/INFO]: Aod_lcy left the game
[08:04:08] [Server thread/WARN]: Fetching packet for removed entity class_1542['Slimeball'/13498, l='ServerLevel[world]', x=-86.05, y=7.00, z=279.82]
[08:08:33] [Server thread/INFO]: Aod_lcy[/127.0.0.1:48159] logged in with entity id 14032 at (-141.45450901220357, 104.0, 208.06926592174145)
[08:08:33] [Server thread/INFO]: Aod_lcy joined the game
[08:08:33] [Netty Epoll Server IO #0/WARN]: Received invalid identifier in minecraft:register: legacy:fml|hs (Non [a-z0-9/._-] character in path of location: legacy:fml|hs)
[08:09:06] [Server thread/INFO]: Villager class_1646['Fisherman'/88, l='ServerLevel[world]', x=-144.32, y=82.89, z=210.29] died, message: 'Fisherman tried to swim in lava'
[08:10:00] [Server thread/INFO]: Player shuijiao is already logged on
[08:14:23] [Server thread/INFO]: Aod_lcy lost connection: Disconnected
[08:14:23] [Server thread/INFO]: Aod_lcy left the game
[08:14:23] [Server thread/WARN]: Can't keep up! Is the server overloaded? Running 25283ms or 505 ticks behind
[08:14:24] [Server thread/INFO]: Aod_lcy[/127.0.0.1:49205] logged in with entity id 15967 at (-321.30000001192093, 67.69512407429146, 423.01953821326714)
[08:14:24] [Netty Epoll Server IO #1/WARN]: Received invalid identifier in minecraft:register: legacy:fml|hs (Non [a-z0-9/._-] character in path of location: legacy:fml|hs)
[08:14:24] [Server thread/INFO]: Aod_lcy joined the game
[08:20:00] [Server thread/INFO]: Player shuijiao is already logged on
[08:20:35] [Server thread/INFO]: Aod_lcy lost connection: Disconnected
[08:20:35] [Server thread/INFO]: Aod_lcy left the game
[08:25:18] [Server thread/WARN]: Fetching packet for removed entity class_1542['Air'/18684, l='ServerLevel[world]', x=-87.87, y=7.00, z=278.05]
[08:30:00] [Server thread/INFO]: Player shuijiao is already logged on
[08:35:57] [Server thread/WARN]: Fetching packet for removed entity class_1542['Air'/19800, l='ServerLevel[world]', x=-87.51, y=7.00, z=281.95]
[08:36:14] [Server thread/WARN]: Fetching packet for removed entity class_1542['Air'/19829, l='ServerLevel[world]', x=-87.14, y=7.00, z=281.95]
[08:36:52] [Server thread/WARN]: Fetching packet for removed entity class_1542['Air'/19939, l='ServerLevel[world]', x=-87.81, y=7.00, z=278.05]
[08:40:00] [Server thread/INFO]: Player shuijiao is already logged on
[08:50:00] [Server thread/INFO]: Player shuijiao is already logged on
[08:50:21] [Server thread/INFO]: Aod_lcy[/127.0.0.1:34191] logged in with entity id 21284 at (-327.49197730748756, 73.0, 460.407776568896)
[08:50:21] [Server thread/INFO]: Aod_lcy joined the game
[08:50:21] [Netty Epoll Server IO #0/WARN]: Received invalid identifier in minecraft:register: legacy:fml|hs (Non [a-z0-9/._-] character in path of location: legacy:fml|hs)
[08:50:38] [Server thread/INFO]: Aod_lcy lost connection: Disconnected
[08:50:38] [Server thread/INFO]: Aod_lcy left the game
[08:52:45] [Server thread/WARN]: Fetching packet for removed entity class_1542['Air'/21803, l='ServerLevel[world]', x=-85.45, y=7.12, z=278.35]
[09:00:00] [Server thread/INFO]: Player shuijiao is already logged on
[09:06:48] [Server thread/WARN]: Fetching packet for removed entity class_1542['Air'/23500, l='ServerLevel[world]', x=-87.16, y=7.00, z=281.95]
[09:10:00] [Server thread/INFO]: Player shuijiao is already logged on
[09:14:45] [Server thread/WARN]: Fetching packet for removed entity class_1542['Air'/24380, l='ServerLevel[world]', x=-87.74, y=7.00, z=281.95]
[09:17:20] [Server thread/WARN]: Fetching packet for removed entity class_1542['Air'/24618, l='ServerLevel[world]', x=-87.64, y=7.00, z=281.95]
[09:20:00] [Server thread/INFO]: Player shuijiao is already logged on
[09:22:18] [Server thread/WARN]: Fetching packet for removed entity class_1542['Air'/25069, l='ServerLevel[world]', x=-87.93, y=7.00, z=281.95]
[09:26:39] [Server thread/INFO]: Aod_lcy[/127.0.0.1:56991] logged in with entity id 25620 at (-327.7778058414176, 73.0, 465.0129765300366)
[09:26:39] [Server thread/INFO]: Aod_lcy joined the game
[09:26:39] [Netty Epoll Server IO #0/WARN]: Received invalid identifier in minecraft:register: legacy:fml|hs (Non [a-z0-9/._-] character in path of location: legacy:fml|hs)
[09:30:00] [Server thread/INFO]: Player shuijiao is already logged on
[09:40:00] [Server thread/INFO]: Player shuijiao is already logged on
[09:41:27] [Server thread/INFO]: Aod_lcy lost connection: Disconnected
[09:41:27] [Server thread/INFO]: Aod_lcy left the game
[09:43:16] [Server thread/WARN]: Fetching packet for removed entity class_1542['Air'/33586, l='ServerLevel[world]', x=-87.01, y=7.00, z=281.95]
[09:50:00] [Server thread/INFO]: Player shuijiao is already logged on
[09:58:30] [Server thread/WARN]: Fetching packet for removed entity class_1542['Air'/35202, l='ServerLevel[world]', x=-87.35, y=7.00, z=281.95]
[10:00:00] [Server thread/INFO]: Player shuijiao is already logged on
[10:10:00] [Server thread/INFO]: Player shuijiao is already logged on
[10:20:00] [Server thread/INFO]: Player shuijiao is already logged on
[10:30:00] [Server thread/INFO]: Player shuijiao is already logged on
[10:30:00] [Server thread/INFO]: [Textile Backup] Backup started by: Timer on: 2020-11-22_10-30-00
[10:30:00] [Server thread/INFO]: Saving server...
[10:30:00] [Server thread/INFO]: [Textile Backup] Saving server...
[10:30:00] [Server thread/INFO]: ThreadedAnvilChunkStorage (world): All chunks are saved
[10:30:00] [Server thread/INFO]: ThreadedAnvilChunkStorage (DIM-1): All chunks are saved
[10:30:00] [Server thread/INFO]: ThreadedAnvilChunkStorage (DIM1): All chunks are saved
[10:30:00] [pool-3-thread-1/INFO]: Starting backup
[10:30:00] [pool-3-thread-1/INFO]: [Textile Backup] Starting backup
[10:30:00] [pool-3-thread-1/INFO]: Starting compression...
[10:31:04] [pool-3-thread-1/INFO]: Compression took: 01:03.553 seconds.
[10:31:04] [pool-3-thread-1/INFO]: Deleting: 2020-11-19_05-30-00.zip
[10:31:04] [pool-3-thread-1/INFO]: [Textile Backup] Deleting: 2020-11-19_05-30-00.zip
[10:31:04] [pool-3-thread-1/INFO]: Done!
[10:31:04] [pool-3-thread-1/INFO]: [Textile Backup] Done!
[10:36:52] [Server thread/INFO]: 000tt000[/127.0.0.1:54795] logged in with entity id 39324 at (-380.061894911001, 62.0, 697.1183470605089)
[10:36:52] [Server thread/INFO]: 000tt000 joined the game
[10:36:53] [Netty Epoll Server IO #1/WARN]: Received invalid identifier in minecraft:register: legacy:fml|hs (Non [a-z0-9/._-] character in path of location: legacy:fml|hs)
[10:40:00] [Server thread/INFO]: Player shuijiao is already logged on
[10:43:35] [Server thread/INFO]: wuhao[/127.0.0.1:41537] logged in with entity id 40981 at (-1185.415439678285, 64.0, 1300.3101733845706)
[10:43:35] [Server thread/INFO]: wuhao joined the game
[10:43:35] [Netty Epoll Server IO #0/WARN]: Received invalid identifier in minecraft:register: legacy:fml|hs (Non [a-z0-9/._-] character in path of location: legacy:fml|hs)
[10:43:37] [Netty Epoll Server IO #0/WARN]: Player wuhao joined with another carpet version: 1.4.11+v200910
[10:44:23] [Server thread/WARN]: Can't keep up! Is the server overloaded? Running 42639ms or 852 ticks behind
[10:44:25] [Server thread/INFO]: 000tt000 lost connection: Disconnected
[10:44:25] [Server thread/INFO]: 000tt000 left the game
[10:44:26] [Server thread/INFO]: wuhao lost connection: Disconnected
[10:44:26] [Server thread/INFO]: wuhao left the game
[10:44:28] [Server thread/INFO]: 000tt000[/127.0.0.1:37087] logged in with entity id 41196 at (-484.0744947119076, 70.16610926093821, 619.2719461320596)
[10:44:28] [Server thread/INFO]: 000tt000 joined the game
[10:44:30] [Netty Epoll Server IO #1/WARN]: Received invalid identifier in minecraft:register: legacy:fml|hs (Non [a-z0-9/._-] character in path of location: legacy:fml|hs)
[10:44:36] [Server thread/INFO]: wuhao[/127.0.0.1:40177] logged in with entity id 41197 at (-1185.415439678285, 63.0, 1300.3101733845706)
[10:44:36] [Server thread/INFO]: wuhao joined the game
[10:44:38] [Netty Epoll Server IO #1/WARN]: Received invalid identifier in minecraft:register: legacy:fml|hs (Non [a-z0-9/._-] character in path of location: legacy:fml|hs)
[10:44:39] [Netty Epoll Server IO #1/WARN]: Player wuhao joined with another carpet version: 1.4.11+v200910
[10:45:00] [Server thread/WARN]: Can't keep up! Is the server overloaded? Running 22597ms or 451 ticks behind
[10:48:04] [Server thread/INFO]: 000tt000 has made the advancement [The Parrots and the Bats]
[10:49:51] [Server thread/WARN]: Can't keep up! Is the server overloaded? Running 4797ms or 95 ticks behind
[10:50:00] [Server thread/INFO]: Player shuijiao is already logged on
[10:50:57] [Server thread/INFO]: wuhao lost connection: Disconnected
[10:50:57] [Server thread/INFO]: wuhao left the game
[10:53:42] [Server thread/WARN]: Can't keep up! Is the server overloaded? Running 2003ms or 40 ticks behind
[10:56:32] [Server thread/INFO]: wuhao[/127.0.0.1:52735] logged in with entity id 49940 at (-835.4232055840502, 64.0, 1859.0374142586545)
[10:56:33] [Netty Epoll Server IO #1/WARN]: Received invalid identifier in minecraft:register: legacy:fml|hs (Non [a-z0-9/._-] character in path of location: legacy:fml|hs)
[10:56:33] [Netty Epoll Server IO #1/WARN]: Player wuhao joined with another carpet version: 1.4.11+v200910
[10:56:33] [Server thread/INFO]: wuhao joined the game
[10:56:34] [Server thread/WARN]: Can't keep up! Is the server overloaded? Running 2183ms or 43 ticks behind
[10:56:34] [Netty Epoll Server IO #1/WARN]: Player wuhao joined with another carpet version: 1.4.11+v200910
[10:56:42] [Server thread/INFO]: <000tt000> ?
[10:57:15] [Server thread/WARN]: Can't keep up! Is the server overloaded? Running 4724ms or 94 ticks behind
[10:58:22] [Server thread/INFO]: 000tt000 lost connection: Timed out
[10:58:23] [Server thread/INFO]: 000tt000 left the game
[10:58:38] [Server Watchdog/FATAL]: A single server tick took 60.10 seconds (should be max 0.05)
[10:58:54] [Server Watchdog/FATAL]: Considering it to be crashed, server will forcibly shutdown.
[10:58:59] [Server thread/INFO]: wuhao lost connection: Timed out
[10:58:59] [Server thread/INFO]: wuhao left the game
