[00:09:00] [main/INFO]: Loading for game Minecraft 1.16.2
[00:09:01] [main/INFO]: [FabricLoader] Loading 54 mods: fabric-renderer-api-v1@0.2.13+eae12eb84e, fabric-keybindings-v0@0.2.0+3fa9f7c54e, fabricloader@0.9.1+build.205, bbor@2.3-1.16.1, com_github_shevek_parallelgzip@master-SNAPSHOT, lithium@0.5.2, fabric-containers-v0@0.1.8+045df74f4e, fabric-object-builder-api-v1@1.6.0+e81ec80b4e, fabric-game-rule-api-v1@1.0.1+91555cd14e, fabric-api-base@0.1.3+12a8474c4e, fabric-rendering-data-attachment-v1@0.1.3+b7f9825d4e, fabric-textures-v0@1.0.4+eae12eb84e, fabric-rendering-fluids-v1@0.1.10+e5d3217f4e, cotton-logging@1.0.0-rc.4, fabric-blockrenderlayer-v1@1.1.4+c6a8ea894e, fabric-lifecycle-events-v1@1.2.0+74cc3b204e, fabric-renderer-registries-v1@2.1.0+e2862de64e, carpet-extra@1.4.8, fabric-loot-tables-v1@1.0.0+fac8f3664e, fabric@0.18.0+build.397-1.16, carpet@1.4.9, fabric-particles-v1@0.2.1+0a6f2a704e, fabric-networking-v0@0.1.10+e00ecb5f4e, cotton-config@1.0.0-rc.7, fabric-screen-handler-api-v1@1.1.0+872498414e, minecraft@1.16.2, here@0.0.10-mc1.16, fabric-networking-blockentity-v0@0.2.5+b50ffc7b4e, jankson@3.0.0+j1.2.0, fabric-command-api-v1@1.0.8+5ce533984e, phosphor@0.6.0+build.7, bluemap@1.0.0-rc2, fabric-tool-attribute-api-v1@1.2.1+02fb8fda4e, fabric-renderer-indigo@0.3.4+5d32f5834e, player-roles@1.1.0, org_apache_commons_commons-compress@1.19, fabric-crash-report-info-v1@0.1.2+b7f9825d4e, fabric-events-interaction-v0@0.3.3+7066030f4e, fabric-item-api-v1@1.0.0+16acbe5b4e, fabric-rendering-v0@1.1.0+534104904e, fabric-rendering-v1@1.2.0+fc24ff244e, fabric-key-binding-api-v1@1.0.1+730711c64e, org_tukaani_xz@1.8, fabric-resource-loader-v0@0.2.9+e5d3217f4e, fabric-content-registries-v0@0.1.9+059ea8664e, fabric-tag-extensions-v0@1.0.3+ac8e8c594e, fabric-commands-v0@0.2.0+52d308364e, fabric-registry-sync-v0@0.4.3+e5d3217f4e, textile_backup@2.0.0-1.16.2, fabric-mining-levels-v0@0.1.2+b764ce994e, fabric-events-lifecycle-v0@0.2.0+16acbe5b4e, fabric-item-groups-v0@0.2.0+438f96364e, fabric-models-v0@0.1.0+dfdb52d64e, fabric-object-builders-v0@0.6.1+ba4afa574e
[00:09:01] [main/WARN]: Mod `com_github_shevek_parallelgzip` (master-SNAPSHOT) does not respect SemVer - comparison support is limited.
[00:09:01] [main/INFO]: SpongePowered MIXIN Subsystem Version=0.8.1 Source=file:/srv/skimit_survival/fabric-server-launch.jar Service=Knot/Fabric Env=SERVER
[00:09:04] [main/WARN]: @Mixin target net/minecraft/class_3898$class_3208 is public in fabric-networking-[00:09:12] [main/INFO]: Environment: authHost='https://authserver.mojang.com', accountsHost='https://api.mojang.com', sessionHost='https://sessionserver.mojang.com', name='PROD'
[00:09:13] [main/INFO]: [Textile Backup] Starting Textile Backup by Szum123321.
[00:09:14] [main/WARN]: Ambiguity between arguments [bluemap, marker, create, id, map, x] and [bluemap, marker, create, id, map, label] with inputs: [0, -1, -.5, 1.2, .5, -1234.56]
[00:09:14] [main/WARN]: Ambiguity between arguments [bluemap, render, cancel] and [bluemap, render, world|map] with inputs: [cancel]
[00:09:14] [main/WARN]: Ambiguity between arguments [bluemap, render, prioritize] and [bluemap, render, world|map] with inputs: [prioritize]
[00:09:14] [main/WARN]: Ambiguity between arguments [bluemap, render, radius] and [bluemap, render, world|map] with inputs: [0, -123, 123]
[00:09:14] [main/WARN]: Ambiguity between arguments [bluemap, render, radius] and [bluemap, render, x] with inputs: [0, -123, 123]
[00:09:14] [main/WARN]: Ambiguity between arguments [bluemap, render, x] and [bluemap, render, radius] with inputs: [0, -1]
[00:09:14] [main/WARN]: Ambiguity between arguments [bluemap, render, x] and [bluemap, render, world|map] with inputs: [0, -1, -.5, 1.2, .5, -1234.56]
[00:09:14] [main/WARN]: Ambiguity between arguments [teleport, destination] and [teleport, targets] with inputs: [Player, 0123, @e, dd12be42-52a9-4a91-a8a1-11c01849e498]
[00:09:14] [main/WARN]: Ambiguity between arguments [teleport, location] and [teleport, destination] with inputs: [0.1 -0.5 .9, 0 0 0]
[00:09:14] [main/WARN]: Ambiguity between arguments [teleport, location] and [teleport, targets] with inputs: [0.1 -0.5 .9, 0 0 0]
[00:09:14] [main/WARN]: Ambiguity between arguments [teleport, targets] and [teleport, destination] with inputs: [Player, 0123, dd12be42-52a9-4a91-a8a1-11c01849e498]
[00:09:14] [main/WARN]: Ambiguity between arguments [teleport, targets, location] and [teleport, targets, destination] with inputs: [0.1 -0.5 .9, 0 0 0]
[00:09:15] [main/INFO]: Reloading ResourceManager: Default, bukkit, Fabric Tool Attribute API (v1), Player Roles, FZ.sDatapack-1.5.0-SNAPSHOT
[00:09:17] [Worker-Main-4/INFO]: Loaded 7 recipes
[00:09:17] [Worker-Main-4/INFO]: Loaded 927 advancements
[00:09:19] [main/WARN]: [fabric-registry-sync] Could not find the following registries: minecraft:biome_source_type, minecraft:block_state_provider_type, minecraft:dimension_type, minecraft:structure_piece, minecraft:carver, minecraft:block_placer_type, minecraft:decorator, minecraft:structure_feature, minecraft:surface_builder, minecraft:foliage_placer_type, minecraft:feature, minecraft:tree_decorator_type, minecraft:structure_pool_element, minecraft:biome, minecraft:chunk_generator_type, minecraft:structure_processor
[00:09:19] [main/INFO]: [fabric-registry-sync] Loaded registry data [file 1/4]
[00:09:19] [Server thread/INFO]: Starting minecraft server version 1.16.2
[00:09:19] [Server thread/INFO]: Loading properties
[00:09:19] [Server thread/INFO]: Default game type: SURVIVAL
[00:09:19] [Server thread/INFO]: Generating keypair
[00:09:19] [Server thread/INFO]: Starting Minecraft server on *:26555
[00:09:19] [Server thread/INFO]: Using epoll channel type
[00:09:20] [Server thread/WARN]: **** SERVER IS RUNNING IN OFFLINE/INSECURE MODE!
[00:09:20] [Server thread/WARN]: The server will make no attempt to authenticate usernames. Beware.
[00:09:20] [Server thread/WARN]: While this makes the game possible to play without internet access, it also opens up the ability for hackers to connect with any username they choose.
[00:09:20] [Server thread/WARN]: To change this, set "online-mode" to "true" in the server.properties file.
[00:09:20] [Server thread/INFO]: Preparing level "world"
[00:09:20] [Server thread/INFO]: [CM]: loaded setting combineXPOrbs as true from carpet.conf
[00:09:20] [Server thread/INFO]: [CM]: loaded setting onePlayerSleeping as true from carpet.conf
[00:09:20] [Server thread/INFO]: [CM]: loaded setting leadFix as true from carpet.conf
[00:09:20] [Server thread/INFO]: [CM]: loaded setting ctrlQCraftingFix as true from carpet.conf
[00:09:20] [Server thread/INFO]: [CM]: loaded setting language as zh_cn from carpet.conf
[00:09:20] [Server thread/INFO]: [CM]: loaded setting commandTick as true from carpet.conf
[00:09:20] [Server thread/INFO]: [CM]: loaded setting commandDraw as false from carpet.conf
[00:09:20] [Server thread/INFO]: [CM]: loaded setting fastRedstoneDust as true from carpet.conf
[00:09:20] [Server thread/INFO]: [CM]: loaded setting rotatorBlock as true from carpet.conf
[00:09:20] [Server thread/INFO]: [CM]: loaded setting commandPlayer as true from carpet.conf
[00:09:20] [Server thread/INFO]: [CM]: loaded setting reloadSuffocationFix as true from carpet.conf
[00:09:20] [Server thread/INFO]: [CM]: loaded setting antiCheatDisabled as true from carpet.conf
[00:09:20] [Server thread/INFO]: [CM]: loaded setting commandPing as true from carpet.conf
[00:09:20] [Server thread/INFO]: [CM]: loaded setting defaultLoggers as tps,mobcaps from carpet.conf
[00:09:20] [Server thread/INFO]: [CM]: loaded setting unloadedEntityFix as true from carpet.conf
[00:09:20] [Server thread/INFO]: [CM]: loaded setting placementRotationFix as true from carpet.conf
[00:09:20] [Server thread/INFO]: [CM]: loaded setting flippinCactus as true from carpet.conf
[00:09:20] [Server thread/INFO]: [CM]: loaded setting lagFreeSpawning as true from carpet.conf
[00:09:21] [Server thread/INFO]: create world dimension: minecraft:overworld (seed: 20190827)
[00:09:21] [Server thread/INFO]: create world dimension: minecraft:the_nether (seed: 20190827)
[00:09:21] [Server thread/INFO]: create world dimension: minecraft:the_end (seed: 20190827)
[00:09:21] [Server thread/INFO]: Preparing start region for dimension minecraft:overworld
[00:09:25] [Server thread/INFO]: Preparing spawn area: 0%
[00:09:25] [Server thread/INFO]: Preparing spawn area: 0%
[00:09:25] [Server thread/INFO]: Preparing spawn area: 0%
[00:09:25] [Server thread/INFO]: Preparing spawn area: 0%
[00:09:25] [Server thread/INFO]: Preparing spawn area: 0%
[00:09:25] [Server thread/INFO]: Preparing spawn area: 0%
[00:09:25] [Server thread/INFO]: Preparing spawn area: 0%
[00:09:25] [Server thread/INFO]: Preparing spawn area: 0%
[00:09:25] [Server thread/INFO]: Preparing spawn area: 0%
[00:09:26] [Server thread/INFO]: Preparing spawn area: 83%
[00:09:28] [Server thread/INFO]: Time elapsed: 6773 ms
[00:09:28] [Server thread/INFO]: Done (7.679s)! For help, type "help"
[00:09:28] [Server thread/INFO]: Starting remote control listener
[00:09:28] [Server thread/INFO]: Thread RCON Listener started
[00:09:28] [Server thread/INFO]: RCON running on 0.0.0.0:796
[00:09:28] [Thread-62/INFO]: Loading BlueMap...
[00:09:28] [Thread-62/INFO]: Loading resources...
[00:09:36] [Thread-68/INFO]: WebServer started.
[00:09:36] [Thread-62/INFO]: BlueMap loaded!
[00:09:44] [Thread-70/INFO]: Creating render-task for map: world
[00:09:44] [Thread-70/INFO]: Collecting chunks...
[00:09:45] [Thread-70/INFO]: 46398 chunks found!
[00:09:45] [Thread-70/INFO]: Collecting tiles...
[00:09:45] [Thread-70/INFO]: 12424 tiles found! Task created.
[00:09:45] [Thread-70/INFO]: All render tasks created! Use /bluemap to view the progress!
[00:10:38] [Server thread/INFO]: Role configuration successfully reloaded
[00:12:15] [Server thread/INFO]: EDGWA[/127.0.0.1:44885] logged in with entity id 78 at (-385.02052322552106, 69.0, 505.5943832123319)
[00:12:16] [Server thread/INFO]: EDGWA joined the game
[00:12:16] [Netty Epoll Server IO #7/WARN]: Received invalid identifier in minecraft:register: legacy:fml|hs (Non [a-z0-9/._-] character in path of location: legacy:fml|hs)
[00:13:00] [Server thread/INFO]: EDGWA lost connection: Disconnected
[00:13:00] [Server thread/INFO]: EDGWA left the game
[00:13:10] [Server thread/INFO]: EDGWA[/127.0.0.1:45500] logged in with entity id 1040 at (-366.38280530944763, 69.6037636546968, 520.1186524730164)
[00:13:10] [Server thread/INFO]: EDGWA joined the game
[00:13:10] [Netty Epoll Server IO #4/WARN]: Received invalid identifier in minecraft:register: legacy:fml|hs (Non [a-z0-9/._-] character in path of location: legacy:fml|hs)
[00:13:36] [Thread-66/WARN]: Got palette value 14 but palette has size of 14! (Future occasions of this error will not be logged)
[00:15:21] [Server thread/INFO]: Role configuration successfully reloaded
[00:19:02] [Server thread/INFO]: MAX_XiaoKui[/127.0.0.1:36422] logged in with entity id 5310 at (-99.16743528104324, 114.0, 523.5880372049949)
[00:19:03] [Server thread/INFO]: MAX_XiaoKui joined the game
[00:19:03] [Netty Epoll Server IO #0/WARN]: Received invalid identifier in minecraft:register: legacy:fml|hs (Non [a-z0-9/._-] character in path of location: legacy:fml|hs)
[00:19:03] [Netty Epoll Server IO #0/INFO]: Player MAX_XiaoKui joined with a matching carpet client
[00:19:03] [Netty Epoll Server IO #0/INFO]: Player MAX_XiaoKui joined with a matching carpet client
[00:19:08] [Server thread/INFO]: <EDGWA> hi
[00:19:24] [Server thread/INFO]: <MAX_XiaoKui> 我一会就下= =
[00:19:29] [Server thread/INFO]: <EDGWA> 。。。。
[00:23:19] [Server thread/INFO]: <EDGWA> ???
[00:26:25] [Server thread/WARN]: Fetching packet for removed entity class_1542['Air'/11958, l='ServerLevel[world]', x=-316.88, y=78.02, z=464.34]
[00:26:57] [Server thread/WARN]: Fetching packet for removed entity class_1542['Air'/12670, l='ServerLevel[world]', x=-401.70, y=70.26, z=480.50]
[00:28:07] [Server thread/INFO]: <EDGWA> 又要当苦力了
[00:29:30] [Server thread/INFO]: <EDGWA> 先走了
[00:29:39] [Server thread/INFO]: EDGWA lost connection: Disconnected
[00:29:39] [Server thread/INFO]: EDGWA left the game
[00:29:49] [Server thread/INFO]: MAX_XiaoKui lost connection: Disconnected
[00:29:49] [Server thread/INFO]: MAX_XiaoKui left the game
[00:31:16] [Server thread/INFO]: MAX_XiaoKui[/127.0.0.1:33643] logged in with entity id 16606 at (-80.37213039033608, 114.0, 525.4999996119247)
[00:31:16] [Server thread/INFO]: MAX_XiaoKui joined the game
[00:31:16] [Netty Epoll Server IO #1/WARN]: Received invalid identifier in minecraft:register: legacy:fml|hs (Non [a-z0-9/._-] character in path of location: legacy:fml|hs)
[00:31:16] [Netty Epoll Server IO #1/INFO]: Player MAX_XiaoKui joined with a matching carpet client
[00:31:17] [Netty Epoll Server IO #1/INFO]: Player MAX_XiaoKui joined with a matching carpet client
[00:32:49] [Server thread/INFO]: EDGWA[/127.0.0.1:60976] logged in with entity id 16751 at (-385.4489913160323, 69.0, 418.03765722299596)
[00:32:49] [Server thread/INFO]: EDGWA joined the game
[00:32:49] [Netty Epoll Server IO #6/WARN]: Received invalid identifier in minecraft:register: legacy:fml|hs (Non [a-z0-9/._-] character in path of location: legacy:fml|hs)
[00:35:35] [Server thread/INFO]: MAX_XiaoKui lost connection: Disconnected
[00:35:35] [Server thread/INFO]: MAX_XiaoKui left the game
[00:44:21] [Server thread/INFO]: Stopping the server
[00:44:21] [Server thread/INFO]: Unknown or incomplete command, see below for error
[00:44:21] [Server thread/INFO]: end<--[HERE]
[00:44:21] [Server thread/INFO]: Unknown or incomplete command, see below for error
[00:44:21] [Server thread/INFO]: exit<--[HERE]
[00:44:21] [Thread-68/INFO]: WebServer closed.
[00:44:21] [Server thread/INFO]: BlueMap unloaded!
[00:44:21] [Server thread/INFO]: Stopping server
[00:44:21] [Server thread/INFO]: Saving players
[00:44:21] [Server thread/INFO]: EDGWA lost connection: Internal Exception: java.lang.StackOverflowError
[00:44:21] [Server thread/INFO]: EDGWA left the game
[00:44:21] [Server thread/INFO]: Saving worlds
[00:44:21] [Server thread/INFO]: Saving chunks for level 'ServerLevel[world]'/minecraft:overworld
[00:44:22] [Server thread/INFO]: ThreadedAnvilChunkStorage (world): All chunks are saved
[00:44:22] [Server thread/INFO]: Saving chunks for level 'ServerLevel[world]'/minecraft:the_nether
[00:44:22] [Server thread/INFO]: ThreadedAnvilChunkStorage (DIM-1): All chunks are saved
[00:44:22] [Server thread/INFO]: Saving chunks for level 'ServerLevel[world]'/minecraft:the_end
[00:44:22] [Server thread/INFO]: ThreadedAnvilChunkStorage (DIM1): All chunks are saved
[00:44:22] [Server thread/INFO]: ThreadedAnvilChunkStorage (world): All chunks are saved
[00:44:22] [Server thread/INFO]: ThreadedAnvilChunkStorage (DIM-1): All chunks are saved
[00:44:22] [Server thread/INFO]: ThreadedAnvilChunkStorage (DIM1): All chunks are saved
[00:44:22] [Server thread/INFO]: [Textile Backup] Backup started by: Server Shutdown on: 2020-08-29_00-44-22
[00:44:22] [Server thread/INFO]: [Textile Backup] Starting backup
[00:44:30] [Server thread/INFO]: [Textile Backup] Deleting: 2020-08-27_20-51-50.zip
[00:44:30] [Server thread/INFO]: [Textile Backup] Done!
[00:44:30] [Server thread/INFO]: Thread RCON Listener stopped
