[16:16:23] [main/WARN]: Warnings were found! 
 - Mod betterf3 recommends mod {modmenu @ [>=1.14.6]}, which is missing!
[16:16:23] [main/INFO]: [FabricLoader] Loading 58 mods: fabric-renderer-api-v1@0.3.1+f8ac1db295, fabric-keybindings-v0@0.2.0+3fa9f7c595, fabricloader@0.9.3+build.207, fabric-structure-api-v1@1.1.0+f8ac1db295, bbor@2.3-1.16.2, com_github_shevek_parallelgzip@master-SNAPSHOT, fabric-containers-v0@0.1.8+045df74f95, fabric-object-builder-api-v1@1.8.1+f8ac1db295, fabric-game-rule-api-v1@1.0.2+f8ac1db295, fabric-api-base@0.1.3+12a8474c95, fabric-rendering-data-attachment-v1@0.1.4+f8ac1db295, fabric-textures-v0@1.0.4+eae12eb895, fabric-rendering-fluids-v1@0.1.12+f8ac1db295, cotton-logging@1.0.0-rc.4, fabric-blockrenderlayer-v1@1.1.4+c6a8ea8995, fabric-lifecycle-events-v1@1.2.0+74cc3b2095, fabric-renderer-registries-v1@2.2.0+f8ac1db295, carpet-extra@1.4.8, fabric-loot-tables-v1@1.0.1+432ea18895, fabric@0.22.1+build.409-1.16, carpet@1.4.11, fabric-particles-v1@0.2.2+fb0d9b0e95, fabric-networking-v0@0.1.10+e00ecb5f95, cotton-config@1.0.0-rc.7, fabric-networking-blockentity-v0@0.2.5+b50ffc7b95, fabric-screen-handler-api-v1@1.1.0+8724984195, minecraft@1.16.2, here@0.0.10-mc1.16, jankson@3.0.0+j1.2.0, cloth-basic-math@0.5.1, fabric-command-api-v1@1.0.8+5ce5339895, phosphor@0.6.0+build.7, bluemap@1.0.0, fabric-tool-attribute-api-v1@1.2.3+f8ac1db295, fabric-renderer-indigo@0.4.1+f8ac1db295, player-roles@1.1.0, org_apache_commons_commons-compress@1.19, fabric-crash-report-info-v1@0.1.2+b7f9825d95, fabric-events-interaction-v0@0.4.1+f8ac1db295, fabric-item-api-v1@1.2.0+f8ac1db295, fabric-rendering-v0@1.1.1+f8ac1db295, fabric-rendering-v1@1.3.1+f8ac1db295, fabric-key-binding-api-v1@1.0.1+730711c695, cloth-config2@4.7.0-unstable, org_tukaani_xz@1.8, fabric-resource-loader-v0@0.3.1+facf3bbf95, fabric-content-registries-v0@0.1.9+059ea86695, fabric-tag-extensions-v0@1.0.3+ac8e8c5995, fabric-biome-api-v1@2.0.0+c29459ab95, fabric-registry-sync-v0@0.5.2+3c53fe3395, fabric-commands-v0@0.2.0+52d3083695, textile_backup@2.0.1-1.16.3, betterf3@1.1.1, fabric-mining-levels-v0@0.1.2+b764ce9995, fabric-events-lifecycle-v0@0.2.0+16acbe5b95, fabric-models-v0@0.1.1+f8ac1db295, fabric-item-groups-v0@0.2.0+438f963695, fabric-object-builders-v0@0.7.0+432ea18895
[16:16:23] [main/WARN]: Mod `com_github_shevek_parallelgzip` (master-SNAPSHOT) does not respect SemVer - comparison support is limited.
[16:16:24] [main/INFO]: SpongePowered MIXIN Subsystem Version=0.8.1 Source=file:/D:/Users/MAX_XiaoKui0156/Server/survival/fabric-server-launch.jar Service=Knot/Fabric Env=SERVER
[16:16:30] [main/INFO]: [Textile Backup] Starting Textile Backup by Szum123321.
[16:16:31] [main/INFO]: Environment: authHost='https://authserver.mojang.com', accountsHost='https://api.mojang.com', sessionHost='https://sessionserver.mojang.com', name='PROD'
[16:16:31] [main/WARN]: Ambiguity between arguments [bluemap, marker, create, id, map, x] and [bluemap, marker, create, id, map, label] with inputs: [0, -1, -.5, 1.2, .5, -1234.56]
[16:16:31] [main/WARN]: Ambiguity between arguments [bluemap, render, cancel] and [bluemap, render, world|map] with inputs: [cancel]
[16:16:31] [main/WARN]: Ambiguity between arguments [bluemap, render, prioritize] and [bluemap, render, world|map] with inputs: [prioritize]
[16:16:31] [main/WARN]: Ambiguity between arguments [bluemap, render, radius] and [bluemap, render, world|map] with inputs: [0, -123, 123]
[16:16:31] [main/WARN]: Ambiguity between arguments [bluemap, render, radius] and [bluemap, render, x] with inputs: [0, -123, 123]
[16:16:31] [main/WARN]: Ambiguity between arguments [bluemap, render, x] and [bluemap, render, radius] with inputs: [0, -1]
[16:16:31] [main/WARN]: Ambiguity between arguments [bluemap, render, x] and [bluemap, render, world|map] with inputs: [0, -1, -.5, 1.2, .5, -1234.56]
[16:16:31] [main/WARN]: Ambiguity between arguments [teleport, destination] and [teleport, targets] with inputs: [Player, 0123, @e, dd12be42-52a9-4a91-a8a1-11c01849e498]
[16:16:31] [main/WARN]: Ambiguity between arguments [teleport, location] and [teleport, destination] with inputs: [0.1 -0.5 .9, 0 0 0]
[16:16:31] [main/WARN]: Ambiguity between arguments [teleport, location] and [teleport, targets] with inputs: [0.1 -0.5 .9, 0 0 0]
[16:16:31] [main/WARN]: Ambiguity between arguments [teleport, targets] and [teleport, destination] with inputs: [Player, 0123, dd12be42-52a9-4a91-a8a1-11c01849e498]
[16:16:31] [main/WARN]: Ambiguity between arguments [teleport, targets, location] and [teleport, targets, destination] with inputs: [0.1 -0.5 .9, 0 0 0]
[16:16:31] [main/INFO]: Reloading ResourceManager: Default, bukkit, FZ.sDatapack-1.5.0-SNAPSHOT, Fabric Tool Attribute API (v1), Player Roles
[16:16:32] [Worker-Main-11/INFO]: Loaded 7 recipes
[16:16:33] [Worker-Main-11/INFO]: Loaded 927 advancements
[16:16:34] [main/WARN]: [fabric-registry-sync] Could not find the following registries: minecraft:biome_source_type, minecraft:block_state_provider_type, minecraft:dimension_type, minecraft:structure_piece, minecraft:carver, minecraft:block_placer_type, minecraft:decorator, minecraft:structure_feature, minecraft:surface_builder, minecraft:foliage_placer_type, minecraft:feature, minecraft:tree_decorator_type, minecraft:structure_pool_element, minecraft:biome, minecraft:chunk_generator_type, minecraft:structure_processor
[16:16:34] [main/INFO]: [fabric-registry-sync] Loaded registry data [file 1/4]
[16:16:34] [Server thread/INFO]: Starting minecraft server version 1.16.2
[16:16:34] [Server thread/INFO]: Loading properties
[16:16:34] [Server thread/INFO]: Default game type: SURVIVAL
[16:16:34] [Server thread/INFO]: Generating keypair
[16:16:34] [Server thread/INFO]: Starting Minecraft server on *:34268
[16:16:34] [Server thread/INFO]: Using default channel type
[16:16:34] [Server thread/WARN]: **** SERVER IS RUNNING IN OFFLINE/INSECURE MODE!
[16:16:34] [Server thread/WARN]: The server will make no attempt to authenticate usernames. Beware.
[16:16:34] [Server thread/WARN]: While this makes the game possible to play without internet access, it also opens up the ability for hackers to connect with any username they choose.
[16:16:34] [Server thread/WARN]: To change this, set "online-mode" to "true" in the server.properties file.
[16:16:34] [Server thread/INFO]: Preparing level "world"
[16:16:34] [Server thread/ERROR]: [CM]: Carpet Mod Setting unloadedEntityFix is not a valid - ignoring...
[16:16:34] [Server thread/INFO]: [CM]: loaded setting combineXPOrbs as true from carpet.conf
[16:16:34] [Server thread/INFO]: [CM]: loaded setting onePlayerSleeping as true from carpet.conf
[16:16:34] [Server thread/INFO]: [CM]: loaded setting leadFix as true from carpet.conf
[16:16:34] [Server thread/INFO]: [CM]: loaded setting ctrlQCraftingFix as true from carpet.conf
[16:16:34] [Server thread/INFO]: [CM]: loaded setting language as zh_cn from carpet.conf
[16:16:34] [Server thread/INFO]: [CM]: loaded setting commandTick as true from carpet.conf
[16:16:34] [Server thread/INFO]: [CM]: loaded setting commandDraw as false from carpet.conf
[16:16:34] [Server thread/INFO]: [CM]: loaded setting fastRedstoneDust as true from carpet.conf
[16:16:34] [Server thread/INFO]: [CM]: loaded setting rotatorBlock as true from carpet.conf
[16:16:34] [Server thread/INFO]: [CM]: loaded setting commandPlayer as true from carpet.conf
[16:16:34] [Server thread/INFO]: [CM]: loaded setting reloadSuffocationFix as true from carpet.conf
[16:16:34] [Server thread/INFO]: [CM]: loaded setting antiCheatDisabled as true from carpet.conf
[16:16:34] [Server thread/INFO]: [CM]: loaded setting commandPing as true from carpet.conf
[16:16:34] [Server thread/INFO]: [CM]: loaded setting defaultLoggers as tps,mobcaps from carpet.conf
[16:16:34] [Server thread/INFO]: [CM]: loaded setting placementRotationFix as true from carpet.conf
[16:16:34] [Server thread/INFO]: [CM]: loaded setting hopperCounters as true from carpet.conf
[16:16:34] [Server thread/INFO]: [CM]: loaded setting flippinCactus as true from carpet.conf
[16:16:34] [Server thread/INFO]: [CM]: loaded setting lagFreeSpawning as true from carpet.conf
[16:16:34] [Server thread/INFO]: create world dimension: minecraft:overworld (seed: 20190827)
[16:16:34] [Server thread/INFO]: create world dimension: minecraft:the_nether (seed: 20190827)
[16:16:34] [Server thread/INFO]: create world dimension: minecraft:the_end (seed: 20190827)
[16:16:34] [Server thread/INFO]: Preparing start region for dimension minecraft:overworld
[16:16:35] [Server thread/INFO]: Preparing spawn area: 0%
[16:16:35] [Server thread/INFO]: Preparing spawn area: 0%
[16:16:35] [Server thread/INFO]: Time elapsed: 1209 ms
[16:16:35] [Server thread/INFO]: Done (1.443s)! For help, type "help"
[16:16:35] [Server thread/INFO]: Starting remote control listener
[16:16:35] [Server thread/INFO]: Thread RCON Listener started
[16:16:35] [Server thread/INFO]: RCON running on 0.0.0.0:796
[16:16:35] [Thread-63/INFO]: Loading BlueMap...
[16:16:36] [Thread-63/INFO]: Loading resources...
[16:16:36] [Thread-64/INFO]: WebServer started.
[16:16:38] [Thread-63/INFO]: Loading bluemap assets (1/3)...
[16:16:38] [Thread-63/INFO]: Loading realms assets (2/3)...
[16:16:38] [Thread-63/INFO]: Loading minecraft assets (3/3)...
[16:16:39] [Thread-63/INFO]: BlueMap loaded!
[16:17:00] [Server thread/INFO]: Can only manipulate existing players
[16:17:00] [Server thread/INFO]: Can only manipulate existing players
[16:18:00] [Server thread/INFO]: Can only manipulate existing players
[16:18:00] [Server thread/INFO]: Can only manipulate existing players
[16:19:00] [Server thread/INFO]: Can only manipulate existing players
[16:19:00] [Server thread/INFO]: Can only manipulate existing players
[16:20:00] [Server thread/INFO]: Can only manipulate existing players
[16:20:00] [Server thread/INFO]: Can only manipulate existing players
[16:20:00] [Server thread/INFO]: shuijiao[local] logged in with entity id 131 at (-41.5, 62.0, 240.5)
[16:20:00] [Server thread/INFO]: shuijiao joined the game
[16:20:00] [Thread-83/INFO]: [STDERR]: java.lang.NullPointerException: Cannot invoke "com.google.gson.JsonObject.get(String)" because the return value of "com.google.gson.JsonObject.getAsJsonObject(String)" is null
[16:20:00] [Thread-83/INFO]: [STDERR]: 	at de.bluecolored.bluemap.common.plugin.skins.PlayerSkin.readTextureUrl(PlayerSkin.java:146)
[16:20:00] [Thread-83/INFO]: [STDERR]: 	at de.bluecolored.bluemap.common.plugin.skins.PlayerSkin.lambda$loadSkin$1(PlayerSkin.java:108)
[16:20:00] [Thread-83/INFO]: [STDERR]: 	at java.base/java.lang.Thread.run(Thread.java:832)
[16:26:43] [Server thread/WARN]: Fetching packet for removed entity class_1542['Air'/869, l='ServerLevel[world]', x=-87.67, y=7.00, z=281.95]
[16:30:00] [Server thread/INFO]: Player shuijiao is already logged on
[16:40:00] [Server thread/INFO]: Player shuijiao is already logged on
[16:50:00] [Server thread/INFO]: Player shuijiao is already logged on
[16:56:55] [Server thread/WARN]: Fetching packet for removed entity class_1542['Air'/3959, l='ServerLevel[world]', x=-86.05, y=7.00, z=280.06]
[17:00:00] [Server thread/INFO]: Player shuijiao is already logged on
[17:01:45] [Server thread/WARN]: Fetching packet for removed entity class_1542['Air'/4447, l='ServerLevel[world]', x=-86.05, y=7.00, z=280.62]
[17:01:47] [Server thread/WARN]: Fetching packet for removed entity class_1542['Air'/4451, l='ServerLevel[world]', x=-86.05, y=7.00, z=279.95]
[17:10:00] [Server thread/INFO]: Player shuijiao is already logged on
[17:20:00] [Server thread/INFO]: Player shuijiao is already logged on
[17:27:48] [Server thread/WARN]: Fetching packet for removed entity class_1542['Air'/7152, l='ServerLevel[world]', x=-88.65, y=7.00, z=278.05]
[17:30:00] [Server thread/INFO]: Player shuijiao is already logged on
[17:40:00] [Server thread/INFO]: Player shuijiao is already logged on
[17:43:33] [Server thread/WARN]: Fetching packet for removed entity class_1542['Air'/8777, l='ServerLevel[world]', x=-89.95, y=7.00, z=280.65]
[17:50:00] [Server thread/INFO]: Player shuijiao is already logged on
[17:52:32] [Server thread/INFO]: Stopping the server
[17:52:32] [Server thread/INFO]: Unknown or incomplete command, see below for error
[17:52:32] [Server thread/INFO]: end<--[HERE]
[17:52:32] [Server thread/INFO]: Unknown or incomplete command, see below for error
[17:52:32] [Server thread/INFO]: exit<--[HERE]
[17:52:32] [Thread-64/INFO]: WebServer closed.
[17:52:32] [Server thread/INFO]: BlueMap unloaded!
[17:52:32] [Server thread/INFO]: Stopping server
[17:52:32] [Server thread/INFO]: Saving players
[17:52:32] [Server thread/INFO]: Saving worlds
[17:52:32] [Server thread/INFO]: Saving chunks for level 'ServerLevel[world]'/minecraft:overworld
[17:52:32] [Server thread/INFO]: ThreadedAnvilChunkStorage (world): All chunks are saved
[17:52:32] [Server thread/INFO]: Saving chunks for level 'ServerLevel[world]'/minecraft:the_nether
[17:52:32] [Server thread/INFO]: ThreadedAnvilChunkStorage (DIM-1): All chunks are saved
[17:52:32] [Server thread/INFO]: Saving chunks for level 'ServerLevel[world]'/minecraft:the_end
[17:52:32] [Server thread/INFO]: ThreadedAnvilChunkStorage (DIM1): All chunks are saved
[17:52:32] [Server thread/INFO]: ThreadedAnvilChunkStorage (world): All chunks are saved
[17:52:32] [Server thread/INFO]: ThreadedAnvilChunkStorage (DIM-1): All chunks are saved
[17:52:32] [Server thread/INFO]: ThreadedAnvilChunkStorage (DIM1): All chunks are saved
[17:52:32] [Server thread/INFO]: [Textile Backup] Backup started by: Server Shutdown on: 2020-10-30_17-52-32
[17:52:32] [Server thread/INFO]: Starting backup
[17:52:32] [Server thread/INFO]: [Textile Backup] Starting backup
[17:52:32] [Server thread/INFO]: Starting compression...
[17:52:36] [Server thread/INFO]: Compression took: 03.662 seconds.
[17:52:36] [Server thread/INFO]: Done!
[17:52:36] [Server thread/INFO]: [Textile Backup] Done!
[17:52:36] [Server thread/INFO]: Thread RCON Listener stopped
