[00:51:57] [Server thread/INFO]: Player shuijiao is already logged on
[01:51:57] [Server thread/INFO]: Player shuijiao is already logged on
[02:51:55] [Server thread/INFO]: Player shuijiao is already logged on
[03:51:55] [Server thread/INFO]: Player shuijiao is already logged on
[04:51:56] [Server thread/INFO]: Player shuijiao is already logged on
[05:51:56] [Server thread/INFO]: Player shuijiao is already logged on
[06:39:46] [Server thread/WARN]: Fetching packet for removed entity class_1542['Air'/257596, l='ServerLevel[world]', x=-90.04, y=7.00, z=280.15]
[06:51:54] [Server thread/INFO]: Player shuijiao is already logged on
[07:51:54] [Server thread/INFO]: Player shuijiao is already logged on
[08:51:54] [Server thread/INFO]: Player shuijiao is already logged on
[09:50:04] [Server thread/INFO]: Runz[/101.132.153.204:37161] logged in with entity id 263137 at (523.5, 93.0, -2196.5)
[09:50:04] [Server thread/INFO]: Runz joined the game
[09:50:04] [Netty Epoll Server IO #0/WARN]: Received invalid identifier in minecraft:register: legacy:fml|hs (Non [a-z0-9/._-] character in path of location: legacy:fml|hs)
[09:50:32] [Server thread/INFO]: Runz lost connection: Disconnected
[09:50:32] [Server thread/INFO]: Runz left the game
[09:51:54] [Server thread/INFO]: Player shuijiao is already logged on
[10:18:23] [Server thread/WARN]: Can't keep up! Is the server overloaded? Running 3029ms or 60 ticks behind
[10:51:54] [Server thread/INFO]: Player shuijiao is already logged on
[11:51:54] [Server thread/INFO]: Player shuijiao is already logged on
[12:51:54] [Server thread/INFO]: Player shuijiao is already logged on
[13:06:21] [Server thread/INFO]: Runz[/101.132.153.204:50341] logged in with entity id 268969 at (523.5, 93.0, -2196.5)
[13:06:21] [Server thread/INFO]: Runz joined the game
[13:06:21] [Netty Epoll Server IO #6/WARN]: Received invalid identifier in minecraft:register: legacy:fml|hs (Non [a-z0-9/._-] character in path of location: legacy:fml|hs)
[13:06:41] [Server thread/INFO]: Runz lost connection: Disconnected
[13:06:41] [Server thread/INFO]: Runz left the game
[13:51:54] [Server thread/INFO]: Player shuijiao is already logged on
[14:04:47] [Server thread/INFO]: Disconnecting com.mojang.authlib.GameProfile@335050da[id=b798973d-b4b2-386e-83be-d8b3a64dc459,name=Ya_Dan,properties={},legacy=false] (/101.132.153.204:58619): You are not white-listed on this server!
[14:04:48] [Server thread/INFO]: com.mojang.authlib.GameProfile@335050da[id=b798973d-b4b2-386e-83be-d8b3a64dc459,name=Ya_Dan,properties={},legacy=false] (/101.132.153.204:58619) lost connection: You are not white-listed on this server!
[14:51:54] [Server thread/INFO]: Player shuijiao is already logged on
[15:51:53] [Server thread/INFO]: Player shuijiao is already logged on
[16:23:33] [Server thread/WARN]: Can't keep up! Is the server overloaded? Running 4298ms or 85 ticks behind
[16:51:52] [Server thread/INFO]: Player shuijiao is already logged on
[17:51:52] [Server thread/INFO]: Player shuijiao is already logged on
[18:27:00] [Server thread/WARN]: Fetching packet for removed entity class_1542['Air'/278262, l='ServerLevel[world]', x=-91.43, y=7.00, z=280.26]
[18:51:52] [Server thread/INFO]: Player shuijiao is already logged on
[19:51:52] [Server thread/INFO]: Player shuijiao is already logged on
[20:51:54] [Server thread/INFO]: Player shuijiao is already logged on
[21:51:51] [Server thread/INFO]: Player shuijiao is already logged on
[22:14:09] [Server thread/INFO]: Runz[/101.132.153.204:33757] logged in with entity id 284956 at (524.0368806696663, 93.5625, -2196.6603745993084)
[22:14:09] [Server thread/INFO]: Runz joined the game
[22:14:09] [Netty Epoll Server IO #3/WARN]: Received invalid identifier in minecraft:register: legacy:fml|hs (Non [a-z0-9/._-] character in path of location: legacy:fml|hs)
[22:15:01] [Server thread/INFO]: <Runz> 我需要美女陪玩
[22:15:51] [Server thread/INFO]: <Runz> 我需要帅哥
[22:17:21] [Server thread/INFO]: <Runz> 可恶
[22:17:40] [Server thread/INFO]: <Runz> 我好容易死
[22:18:53] [Server thread/INFO]: <Runz> 我在一座山上思考了七天七夜
[22:19:03] [Server thread/INFO]: <Runz> 还是没想好造什么房子
[22:19:29] [Server thread/INFO]: na2hco3_CN[/101.132.153.204:58405] logged in with entity id 285947 at (113.08090716887322, 49.0, 0.20142165494922876)
[22:19:29] [Server thread/INFO]: na2hco3_CN joined the game
[22:19:29] [Netty Epoll Server IO #2/WARN]: Received invalid identifier in minecraft:register: legacy:fml|hs (Non [a-z0-9/._-] character in path of location: legacy:fml|hs)
[22:19:30] [Netty Epoll Server IO #2/WARN]: Player na2hco3_CN joined with another carpet version: 1.4.8+v200811
[22:19:51] [Server thread/INFO]: <Runz> 因为你不是美女
[22:20:08] [Server thread/INFO]: <na2hco3_CN> ri ni da ye
[22:20:19] [Server thread/INFO]: <Runz> 你在哪
[22:20:25] [Server thread/INFO]: <na2hco3_CN> home
[22:20:53] [Server thread/INFO]: <Runz> 来转一圈不
[22:21:00] [Server thread/INFO]: <na2hco3_CN> where
[22:21:04] [Server thread/INFO]: na2hco3_CN fell from a high place
[22:21:16] [Server thread/INFO]: <Runz> 524 93 -2196
[22:21:16] [Server thread/INFO]: <na2hco3_CN> 我好容易死
[22:22:25] [Server thread/INFO]: <na2hco3_CN> 你要啥
[22:22:29] [Server thread/INFO]: <na2hco3_CN> 我给你带点
[22:22:39] [Server thread/INFO]: <Runz> 美女
[22:22:43] [Server thread/INFO]: <na2hco3_CN> gun
[22:23:07] [Server thread/INFO]: <na2hco3_CN> zuo biao
[22:23:18] [Server thread/INFO]: <Runz> 524 93 -2196
[22:23:26] [Server thread/INFO]: <Runz> 我就要住这里
[22:23:30] [Server thread/INFO]: <Runz> 这里风景宜人
[22:24:56] [Server thread/INFO]: <na2hco3_CN> 64 128 -274
[22:26:53] [Server thread/WARN]: Can't keep up! Is the server overloaded? Running 4838ms or 96 ticks behind
[22:27:03] [Server thread/INFO]: China_mxb[/101.132.153.204:50871] logged in with entity id 289034 at (-483.4748380505501, 69.0, 491.562395253478)
[22:27:03] [Server thread/INFO]: China_mxb joined the game
[22:27:03] [Netty Epoll Server IO #2/WARN]: Received invalid identifier in minecraft:register: legacy:fml|hs (Non [a-z0-9/._-] character in path of location: legacy:fml|hs)
[22:27:07] [Netty Epoll Server IO #2/WARN]: Player China_mxb joined with another carpet version: 1.4.11+v200910
[22:27:18] [Server thread/INFO]: <Runz> 黑天了
[22:27:21] [Server thread/INFO]: <Runz> 抱紧自己
[22:28:08] [Server thread/INFO]: China_mxb lost connection: Disconnected
[22:28:08] [Server thread/INFO]: China_mxb left the game
[22:28:44] [Server thread/WARN]: Can't keep up! Is the server overloaded? Running 6432ms or 128 ticks behind
[22:28:44] [Server thread/INFO]: <na2hco3_CN> ?
[22:28:47] [Server thread/INFO]: <Runz> 为啥没tp
[22:29:06] [Server thread/INFO]: <na2hco3_CN> 无op服。。。
[22:30:41] [Server thread/INFO]: <Runz> sha
[22:30:43] [Server thread/INFO]: <Runz> 啥
[22:30:46] [Server thread/INFO]: <Runz> op是啥
[22:30:52] [Server thread/INFO]: <Runz> 还有你在哪
[22:30:55] [Server thread/INFO]: na2hco3_CN has made the advancement [Who is Cutting Onions?]
[22:30:59] [Server thread/INFO]: <Runz> 将是把我包围了
[22:31:02] [Server thread/INFO]: <Runz> 僵尸
[22:31:14] [Server thread/INFO]: <na2hco3_CN> 你家那的地狱门
[22:32:20] [Server thread/INFO]: <na2hco3_CN> 你打个/here
[22:32:28] [Server thread/INFO]: <Runz> 我去找你
[22:33:26] [Server thread/INFO]: <Runz> 艹
[22:34:20] [Server thread/INFO]: Runz was blown up by Creeper
[22:34:26] [Server thread/INFO]: <Runz> .
[22:35:34] [Server thread/INFO]: <na2hco3_CN> 你家呢
[22:36:08] [Server thread/INFO]: <Runz> 完了
[22:36:11] [Server thread/INFO]: <Runz> 东西炸没了
[22:36:45] [Server thread/INFO]: <Runz> o
[22:36:47] [Server thread/INFO]: <Runz> 找到了
[22:36:47] [Server thread/INFO]: <na2hco3_CN> 你家呢
[22:36:54] [Server thread/INFO]: <Runz> 跟我来
[22:36:57] [Server thread/INFO]: <na2hco3_CN> 我去搞个地狱门
[22:37:19] [Server thread/INFO]: <Runz> 我要住着
[22:38:00] [Server thread/INFO]: <na2hco3_CN> 风 景 宜 人
[22:38:28] [Server thread/INFO]: <na2hco3_CN> 门造哪
[22:38:39] [Server thread/INFO]: <Runz> 我不知道造啥
[22:38:52] [Server thread/WARN]: Can't keep up! Is the server overloaded? Running 8202ms or 164 ticks behind
[22:38:58] [Server thread/INFO]: <Runz> 你出个主意
[22:39:33] [Server thread/INFO]: <na2hco3_CN> 现代别墅？
[22:39:37] [Server thread/INFO]: <na2hco3_CN> 我觉得可以
[22:39:51] [Server thread/INFO]: <Runz> 我没钱
[22:40:34] [Server thread/INFO]: <Runz> 我要挖石英
[22:41:17] [Server thread/INFO]: <na2hco3_CN> 末影箱放一下
[22:41:22] [Server thread/INFO]: <Runz> 我米有
[22:41:28] [Server thread/INFO]: <na2hco3_CN> 刚刚给你了
[22:41:41] [Server thread/INFO]: <Runz> 感谢大佬
[22:42:19] [Server thread/INFO]: <na2hco3_CN> 白色混凝土先用
[22:42:39] [Server thread/INFO]: <na2hco3_CN> 石英老贵重了
[22:42:44] [Server thread/INFO]: <na2hco3_CN> 而且
[22:43:12] [Server thread/INFO]: <Runz> 啊
[22:43:26] [Server thread/INFO]: <Runz> 为啥石英贵重
[22:43:33] [Server thread/INFO]: <na2hco3_CN> 不好挖
[22:43:59] [Server thread/INFO]: <Runz> 好家伙
[22:44:01] [Server thread/INFO]: <Runz> 对
[22:44:08] [Server thread/INFO]: <Runz> 有了死亡掉落
[22:44:26] [Server thread/INFO]: <Runz> 地狱就非常的危险
[22:44:37] [Server thread/INFO]: <na2hco3_CN> 所以
[22:44:38] [Server thread/INFO]: <Runz> 你在哪
[22:44:43] [Server thread/INFO]: <na2hco3_CN> 下届
[22:45:06] [Server thread/INFO]: <na2hco3_CN> 我把你基岩下层的末地门拆了啊
[22:45:22] [Server thread/INFO]: <Runz> 啥
[22:45:42] [Server thread/INFO]: <na2hco3_CN> 基岩上我搞了个
[22:46:14] [Server thread/INFO]: <na2hco3_CN> 这样你去市中心方便点
[22:46:31] [Server thread/INFO]: <Runz> ii
[22:46:33] [Server thread/INFO]: <Runz> oo
[22:46:40] [Server thread/INFO]: <Runz> 我咋上基岩上面
[22:46:42] [Server thread/INFO]: <na2hco3_CN> 你先回主世界
[22:47:22] [Server thread/INFO]: <na2hco3_CN> 你再进来试试
[22:47:38] [Server thread/INFO]: <Runz> 为什么
[22:47:45] [Server thread/INFO]: <Runz> 为什么会这样
[22:48:02] [Server thread/INFO]: <na2hco3_CN> 因为我来的时候再上面造了个
[22:48:09] [Server thread/INFO]: <Runz> 神奇
[22:48:23] [Server thread/INFO]: <na2hco3_CN> shit
[22:48:36] [Server thread/INFO]: <na2hco3_CN> 我该把装备放末影箱里自杀的
[22:48:42] [Server thread/INFO]: <na2hco3_CN> 算了
[22:48:46] [Server thread/INFO]: <na2hco3_CN> 飞吧
[22:48:51] [Server thread/INFO]: <Runz> tpa na
[22:49:09] [Server thread/INFO]: <na2hco3_CN> my
[22:49:09] [Server thread/WARN]: Can't keep up! Is the server overloaded? Running 9200ms or 184 ticks behind
[22:49:21] [Server thread/INFO]: <na2hco3_CN> mei you
[22:49:25] [Server thread/INFO]: <Runz> na
[22:49:26] [Server thread/WARN]: Can't keep up! Is the server overloaded? Running 2420ms or 48 ticks behind
[22:49:31] [Server thread/INFO]: <Runz> 我在造个地狱门
[22:49:31] [Server thread/INFO]: <na2hco3_CN> ?
[22:49:35] [Server thread/INFO]: <Runz> 把你接回来
[22:49:40] [Server thread/INFO]: <na2hco3_CN> 我都到了
[22:50:10] [Server thread/INFO]: <Runz> 好快
[22:50:15] [Server thread/INFO]: <na2hco3_CN> 而且你在造只会去基岩上的
[22:50:31] [Server thread/INFO]: <Runz> 那个遗迹
[22:51:46] [Server thread/INFO]: <na2hco3_CN> 这个方向走
[22:51:51] [Server thread/INFO]: Player shuijiao is already logged on
[22:52:00] [Server thread/INFO]: <Runz> 好近
[22:52:09] [Server thread/INFO]: <na2hco3_CN> 300格
[22:52:16] [Server thread/INFO]: <na2hco3_CN> 不近
[22:52:27] [Server thread/INFO]: <na2hco3_CN> 来回两个烟花
[22:52:29] [Server thread/INFO]: <na2hco3_CN> 太贵了
[22:52:34] [Server thread/INFO]: <Runz> 1个
[22:52:49] [Server thread/WARN]: Can't keep up! Is the server overloaded? Running 9465ms or 189 ticks behind
[22:53:12] [Server thread/INFO]: <Runz> 感觉跳飞就挺快的
[22:53:16] [Server thread/INFO]: <Runz> 不用烟花
[22:54:53] [Server thread/INFO]: <Runz> 为啥刷这么多怪
[22:55:39] [Server thread/INFO]: <Runz> 苦力怕一爆炸太让人困扰了
[22:55:50] [Server thread/INFO]: <na2hco3_CN> 因为这是困难
[22:56:09] [Server thread/INFO]: <Runz> ..
[22:57:10] [Server thread/INFO]: <Runz> 好家伙
[22:57:32] [Server thread/INFO]: <Runz> 拥有这么多信标的男人是有多肝
[22:57:49] [Server thread/INFO]: <na2hco3_CN> 你在哪
[22:58:03] [Server thread/INFO]: <Runz> 我在地狱
[22:58:09] [Server thread/INFO]: <Runz> 低于挺远的一个地方
[22:58:13] [Server thread/INFO]: <Runz> 地狱
[22:58:20] [Server thread/INFO]: <na2hco3_CN> 信标不是很好搞
[22:58:30] [Server thread/INFO]: <na2hco3_CN> here
[22:58:31] [Server thread/INFO]: <Runz> 凋零头
[22:58:35] [Server thread/INFO]: <Runz> 好难搞
[22:58:40] [Server thread/INFO]: <na2hco3_CN> 当时刷了
[22:59:17] [Server thread/WARN]: Can't keep up! Is the server overloaded? Running 10866ms or 217 ticks behind
[22:59:41] [Server thread/INFO]: <na2hco3_CN> xiaolou 家？
[22:59:51] [Server thread/WARN]: Can't keep up! Is the server overloaded? Running 9102ms or 182 ticks behind
[22:59:52] [Server thread/INFO]: <Runz> 我现在在你家了
[23:00:31] [Server thread/INFO]: <Runz> 你的飞船是肝了多久
[23:00:41] [Server thread/INFO]: <na2hco3_CN> 1天
[23:00:47] [Server thread/INFO]: <Runz> 好家伙
[23:01:01] [Server thread/INFO]: <na2hco3_CN> 当时混凝土固化机效率不够
[23:01:06] [Server thread/INFO]: <Runz> 这么多材料我就要收集好几天
[23:01:16] [Server thread/INFO]: <na2hco3_CN> 收集了好久
[23:01:34] [Server thread/INFO]: <na2hco3_CN> 现在这材料soez
[23:01:47] [Server thread/INFO]: <na2hco3_CN> 你要沪宁图吗
[23:01:54] [Server thread/INFO]: <na2hco3_CN> 混凝土
[23:02:01] [Server thread/INFO]: <Runz> 昂
[23:02:04] [Server thread/INFO]: <Runz> 暂时不要
[23:02:24] [Server thread/INFO]: <Runz> 往日的荣光
[23:02:34] [Server thread/INFO]: <na2hco3_CN> 你家真打算用石英造？
[23:02:42] [Server thread/INFO]: <Runz> 步步
[23:02:44] [Server thread/INFO]: <Runz> 不不
[23:02:59] [Server thread/INFO]: <Runz> 我还没想好
[23:03:12] [Server thread/INFO]: <na2hco3_CN> 石英挖半年连我家下面柱子一圈都早不玩
[23:03:12] [Server thread/INFO]: <Runz> 我之前还想整个石头城堡
[23:03:14] [Server thread/INFO]: <Runz> hhh
[23:03:21] [Server thread/INFO]: <na2hco3_CN> 石头》
[23:03:41] [Server thread/INFO]: <na2hco3_CN> 有刷石机和大熔炉
[23:04:24] [Server thread/INFO]: <Runz> ang
[23:04:43] [Server thread/INFO]: <na2hco3_CN> 材料除了石英都是soez
[23:04:56] [Server thread/INFO]: <na2hco3_CN> 钻石块当我没说
[23:04:59] [Server thread/INFO]: <Runz> 哈哈哈
[23:05:11] [Server thread/INFO]: <Runz> 贴？
[23:05:13] [Server thread/INFO]: <Runz> 铁
[23:05:27] [Server thread/INFO]: <na2hco3_CN> 有但是大建筑就算了
[23:05:41] [Server thread/INFO]: <Runz> 哪个是腐竹家啊
[23:05:48] [Server thread/INFO]: <na2hco3_CN> 刷铁机已经停产了
[23:05:53] [Server thread/INFO]: <Runz> oo
[23:05:55] [Server thread/INFO]: <na2hco3_CN> 他家被炸了
[23:05:58] [Server thread/INFO]: <Runz> ...
[23:05:59] [Server thread/INFO]: <na2hco3_CN> 搬来我家了
[23:06:21] [Server thread/INFO]: <na2hco3_CN> （其实是被拆迁办拆的）
[23:06:26] [Server thread/INFO]: <Runz> 好家伙
[23:06:32] [Server thread/INFO]: <Runz> 这个刷女巫
[23:06:34] [Server thread/INFO]: <Runz> 好强
[23:06:38] [Server thread/INFO]: <na2hco3_CN> ？？？
[23:06:54] [Server thread/INFO]: <na2hco3_CN> 那个是挂了好几个小时的。。。
[23:07:08] [Server thread/INFO]: <na2hco3_CN> 十
[23:07:16] [Server thread/INFO]: <Runz> 这是啥原理
[23:07:26] [Server thread/INFO]: <na2hco3_CN> 刷怪范围
[23:07:36] [Server thread/INFO]: <na2hco3_CN> 刷怪上限
[23:07:48] [Server thread/INFO]: <Runz> o
[23:07:55] [Server thread/INFO]: <na2hco3_CN> 女巫的小屋只刷女巫
[23:08:38] [Server thread/INFO]: <na2hco3_CN> xiaokui 在么
[23:08:51] [Server thread/INFO]: <na2hco3_CN> 1.16.2有没有自动钓鱼mod
[23:09:15] [Server thread/INFO]: <na2hco3_CN> 来♂
[23:09:44] [Server thread/INFO]: <na2hco3_CN> 啊这
[23:09:56] [Server thread/INFO]: <na2hco3_CN> 真的会有人用你的客户端么
[23:10:10] [Server thread/INFO]: <na2hco3_CN> az
[23:10:29] [Server thread/INFO]: <na2hco3_CN> 靠谱
[23:10:32] [Server thread/INFO]: na2hco3_CN lost connection: Disconnected
[23:10:32] [Server thread/INFO]: na2hco3_CN left the game
[23:12:09] [Server thread/INFO]: na2hco3_CN[/101.132.153.204:38677] logged in with entity id 305788 at (-82.53518523756105, 114.0, 516.4124590218087)
[23:12:09] [Server thread/INFO]: na2hco3_CN joined the game
[23:12:09] [Netty Epoll Server IO #0/WARN]: Received invalid identifier in minecraft:register: legacy:fml|hs (Non [a-z0-9/._-] character in path of location: legacy:fml|hs)
[23:12:10] [Netty Epoll Server IO #0/WARN]: Player na2hco3_CN joined with another carpet version: 1.4.8+v200811
[23:14:24] [Server thread/INFO]: <na2hco3_CN> 有没有除了附魔外可以加快钓鱼的有东西
[23:14:38] [Server thread/INFO]: <na2hco3_CN> 可恶
[23:14:45] [Server thread/INFO]: <na2hco3_CN> 钓鱼没用
[23:16:42] [Server thread/INFO]: Runz lost connection: Disconnected
[23:16:42] [Server thread/INFO]: Runz left the game
[23:16:56] [Server thread/INFO]: <na2hco3_CN> 啊这
[23:19:39] [Server thread/WARN]: Can't keep up! Is the server overloaded? Running 9886ms or 197 ticks behind
[23:26:44] [Server thread/WARN]: Horse (vehicle of na2hco3_CN) moved wrongly! 0.40569626489059374
[23:26:44] [Server thread/WARN]: Horse (vehicle of na2hco3_CN) moved wrongly! 0.4248729462076426
[23:26:44] [Server thread/WARN]: Horse (vehicle of na2hco3_CN) moved wrongly! 0.49541618285888944
[23:27:15] [Server thread/WARN]: Horse (vehicle of na2hco3_CN) moved wrongly! 0.2702135973729014
[23:27:15] [Server thread/WARN]: Horse (vehicle of na2hco3_CN) moved wrongly! 0.8374764596712225
[23:27:15] [Server thread/WARN]: Horse (vehicle of na2hco3_CN) moved wrongly! 1.4047393219804576
[23:39:53] [Server thread/WARN]: Can't keep up! Is the server overloaded? Running 11569ms or 231 ticks behind
[23:40:12] [Server thread/WARN]: Mismatch in destroy block pos: class_2338{x=0, y=65, z=556} class_2338{x=0, y=64, z=556}
[23:40:12] [Server thread/WARN]: Mismatch in destroy block pos: class_2338{x=0, y=65, z=556} class_2338{x=0, y=64, z=556}
[23:40:12] [Server thread/WARN]: Mismatch in destroy block pos: class_2338{x=0, y=65, z=556} class_2338{x=0, y=64, z=556}
[23:40:13] [Server thread/WARN]: Mismatch in destroy block pos: class_2338{x=0, y=65, z=556} class_2338{x=0, y=64, z=556}
[23:40:13] [Server thread/WARN]: Mismatch in destroy block pos: class_2338{x=0, y=65, z=556} class_2338{x=0, y=64, z=556}
[23:40:13] [Server thread/WARN]: Mismatch in destroy block pos: class_2338{x=0, y=65, z=556} class_2338{x=0, y=64, z=556}
[23:40:13] [Server thread/WARN]: Mismatch in destroy block pos: class_2338{x=0, y=65, z=556} class_2338{x=0, y=64, z=556}
[23:40:13] [Server thread/WARN]: Mismatch in destroy block pos: class_2338{x=0, y=65, z=556} class_2338{x=0, y=64, z=556}
[23:40:13] [Server thread/WARN]: Mismatch in destroy block pos: class_2338{x=0, y=65, z=556} class_2338{x=0, y=64, z=556}
[23:40:20] [Server thread/WARN]: Mismatch in destroy block pos: class_2338{x=1, y=66, z=549} class_2338{x=1, y=66, z=548}
[23:40:22] [Server thread/WARN]: Mismatch in destroy block pos: class_2338{x=1, y=65, z=547} class_2338{x=0, y=66, z=547}
[23:40:48] [Server thread/WARN]: Mismatch in destroy block pos: class_2338{x=0, y=66, z=527} class_2338{x=0, y=64, z=529}
[23:40:57] [Server thread/WARN]: Mismatch in destroy block pos: class_2338{x=0, y=64, z=520} class_2338{x=1, y=64, z=520}
[23:40:57] [Server thread/WARN]: Mismatch in destroy block pos: class_2338{x=0, y=64, z=520} class_2338{x=1, y=64, z=520}
[23:40:57] [Server thread/WARN]: Mismatch in destroy block pos: class_2338{x=0, y=64, z=520} class_2338{x=1, y=64, z=520}
[23:40:57] [Server thread/WARN]: Mismatch in destroy block pos: class_2338{x=0, y=64, z=520} class_2338{x=1, y=64, z=520}
[23:40:59] [Server thread/WARN]: Mismatch in destroy block pos: class_2338{x=0, y=65, z=518} class_2338{x=0, y=65, z=519}
[23:41:52] [Server thread/INFO]: Disconnecting com.mojang.authlib.GameProfile@3c525112[id=eb469164-f2d0-3b7e-a18d-ea62d03a91f5,name=Slick_618,properties={},legacy=false] (/101.132.153.204:55579): You are not white-listed on this server!
[23:41:52] [Server thread/INFO]: com.mojang.authlib.GameProfile@3c525112[id=eb469164-f2d0-3b7e-a18d-ea62d03a91f5,name=Slick_618,properties={},legacy=false] (/101.132.153.204:55579) lost connection: You are not white-listed on this server!
[23:41:55] [Server thread/INFO]: Disconnecting com.mojang.authlib.GameProfile@68862a1c[id=eb469164-f2d0-3b7e-a18d-ea62d03a91f5,name=Slick_618,properties={},legacy=false] (/101.132.153.204:34005): You are not white-listed on this server!
[23:41:55] [Server thread/INFO]: com.mojang.authlib.GameProfile@68862a1c[id=eb469164-f2d0-3b7e-a18d-ea62d03a91f5,name=Slick_618,properties={},legacy=false] (/101.132.153.204:34005) lost connection: You are not white-listed on this server!
[23:51:53] [Server thread/INFO]: Player shuijiao is already logged on
[23:53:23] [Server thread/INFO]: na2hco3_CN lost connection: Disconnected
[23:53:23] [Server thread/INFO]: na2hco3_CN left the game
