[11:45:44] [main/INFO]: Loading for game Minecraft 1.15.2
[11:45:45] [main/INFO]: [FabricLoader] Loading 4 mods: minecraft@1.15.2, carpet-extra@1.3.15, fabricloader@0.7.8+build.189, carpet@1.3.15
[11:45:46] [main/INFO]: SpongePowered MIXIN Subsystem Version=0.8 Source=file:/home/admin/mcsmanager/server/server_core/skimit_survival/fabric-server-launch.jar Service=Knot/Fabric Env=SERVER
[11:46:04] [main/WARN]: Ambiguity between arguments [teleport, destination] and [teleport, targets] with inputs: [Player, 0123, @e, dd12be42-52a9-4a91-a8a1-11c01849e498]
[11:46:04] [main/WARN]: Ambiguity between arguments [teleport, location] and [teleport, destination] with inputs: [0.1 -0.5 .9, 0 0 0]
[11:46:04] [main/WARN]: Ambiguity between arguments [teleport, location] and [teleport, targets] with inputs: [0.1 -0.5 .9, 0 0 0]
[11:46:04] [main/WARN]: Ambiguity between arguments [teleport, targets] and [teleport, destination] with inputs: [Player, 0123, dd12be42-52a9-4a91-a8a1-11c01849e498]
[11:46:04] [main/WARN]: Ambiguity between arguments [teleport, targets, location] and [teleport, targets, destination] with inputs: [0.1 -0.5 .9, 0 0 0]
[11:46:05] [Server thread/INFO]: Starting minecraft server version 1.15.2
[11:46:05] [Server thread/INFO]: Loading properties
[11:46:05] [Server thread/INFO]: Default game type: SURVIVAL
[11:46:05] [Server thread/INFO]: Generating keypair
[11:46:06] [Server thread/INFO]: Starting Minecraft server on *:26565
[11:46:07] [Server thread/INFO]: Using epoll channel type
[11:46:07] [Server thread/WARN]: **** SERVER IS RUNNING IN OFFLINE/INSECURE MODE!
[11:46:07] [Server thread/WARN]: The server will make no attempt to authenticate usernames. Beware.
[11:46:07] [Server thread/WARN]: While this makes the game possible to play without internet access, it also opens up the ability for hackers to connect with any username they choose.
[11:46:07] [Server thread/WARN]: To change this, set "online-mode" to "true" in the server.properties file.
[11:46:07] [Server thread/INFO]: Preparing level "world"
[11:46:08] [Server thread/INFO]: Reloading ResourceManager: Default, bukkit
[11:46:13] [Server thread/INFO]: Loaded 6 recipes
[11:46:14] [Server thread/INFO]: Loaded 825 advancements
[11:46:21] [Server thread/INFO]: Preparing start region for dimension minecraft:overworld
[11:46:26] [Server thread/INFO]: Preparing spawn area: 0%
[11:46:26] [Server thread/INFO]: Preparing spawn area: 0%
[11:46:26] [Server thread/INFO]: Preparing spawn area: 0%
[11:46:26] [Server thread/INFO]: Preparing spawn area: 0%
[11:46:26] [Server thread/INFO]: Preparing spawn area: 0%
[11:46:26] [Server thread/INFO]: Preparing spawn area: 0%
[11:46:26] [Server thread/INFO]: Preparing spawn area: 0%
[11:46:26] [Server thread/INFO]: Preparing spawn area: 0%
[11:46:26] [Server thread/INFO]: Preparing spawn area: 0%
[11:46:26] [Server thread/INFO]: Preparing spawn area: 0%
[11:46:58] [Server-Worker-1/INFO]: Preparing spawn area: 0%
[11:46:58] [Server-Worker-1/INFO]: Preparing spawn area: 0%
[11:46:58] [Server-Worker-1/INFO]: Preparing spawn area: 0%
[11:46:58] [Server-Worker-1/INFO]: Preparing spawn area: 0%
[11:46:58] [Server-Worker-1/INFO]: Preparing spawn area: 0%
[11:46:58] [Server-Worker-1/INFO]: Preparing spawn area: 0%
[11:46:58] [Server-Worker-1/INFO]: Preparing spawn area: 0%
[11:46:58] [Server-Worker-1/INFO]: Preparing spawn area: 0%
[11:46:58] [Server-Worker-1/INFO]: Preparing spawn area: 0%
[11:46:58] [Server-Worker-1/INFO]: Preparing spawn area: 0%
[11:46:58] [Server-Worker-1/INFO]: Preparing spawn area: 0%
[11:46:58] [Server-Worker-1/INFO]: Preparing spawn area: 0%
[11:46:58] [Server-Worker-1/INFO]: Preparing spawn area: 0%
[11:46:58] [Server-Worker-1/INFO]: Preparing spawn area: 0%
[11:46:58] [Server-Worker-1/INFO]: Preparing spawn area: 0%
[11:46:58] [Server-Worker-1/INFO]: Preparing spawn area: 0%
[11:46:58] [Server-Worker-1/INFO]: Preparing spawn area: 0%
[11:46:58] [Server-Worker-1/INFO]: Preparing spawn area: 0%
[11:46:58] [Server-Worker-1/INFO]: Preparing spawn area: 0%
[11:46:58] [Server-Worker-1/INFO]: Preparing spawn area: 0%
[11:46:58] [Server-Worker-1/INFO]: Preparing spawn area: 0%
[11:46:58] [Server-Worker-1/INFO]: Preparing spawn area: 0%
[11:46:58] [Server-Worker-1/INFO]: Preparing spawn area: 0%
[11:46:58] [Server-Worker-1/INFO]: Preparing spawn area: 0%
[11:46:58] [Server-Worker-1/INFO]: Preparing spawn area: 0%
[11:46:58] [Server-Worker-1/INFO]: Preparing spawn area: 0%
[11:46:58] [Server-Worker-1/INFO]: Preparing spawn area: 0%
[11:46:58] [Server-Worker-1/INFO]: Preparing spawn area: 0%
[11:46:58] [Server-Worker-1/INFO]: Preparing spawn area: 0%
[11:46:58] [Server-Worker-1/INFO]: Preparing spawn area: 0%
[11:46:58] [Server-Worker-1/INFO]: Preparing spawn area: 0%
[11:46:58] [Server-Worker-1/INFO]: Preparing spawn area: 0%
[11:46:58] [Server-Worker-1/INFO]: Preparing spawn area: 0%
[11:46:58] [Server-Worker-1/INFO]: Preparing spawn area: 0%
[11:46:58] [Server-Worker-1/INFO]: Preparing spawn area: 0%
[11:46:58] [Server-Worker-1/INFO]: Preparing spawn area: 0%
[11:46:58] [Server-Worker-1/INFO]: Preparing spawn area: 0%
[11:46:58] [Server-Worker-1/INFO]: Preparing spawn area: 0%
[11:46:58] [Server-Worker-1/INFO]: Preparing spawn area: 0%
[11:46:58] [Server-Worker-1/INFO]: Preparing spawn area: 0%
[11:46:58] [Server-Worker-1/INFO]: Preparing spawn area: 0%
[11:46:58] [Server-Worker-1/INFO]: Preparing spawn area: 0%
[11:46:58] [Server-Worker-1/INFO]: Preparing spawn area: 0%
[11:46:58] [Server-Worker-1/INFO]: Preparing spawn area: 0%
[11:46:58] [Server-Worker-1/INFO]: Preparing spawn area: 0%
[11:46:58] [Server-Worker-1/INFO]: Preparing spawn area: 0%
[11:46:58] [Server-Worker-1/INFO]: Preparing spawn area: 0%
[11:46:58] [Server-Worker-1/INFO]: Preparing spawn area: 0%
[11:46:58] [Server-Worker-1/INFO]: Preparing spawn area: 0%
[11:46:58] [Server-Worker-1/INFO]: Preparing spawn area: 0%
[11:46:58] [Server-Worker-1/INFO]: Preparing spawn area: 0%
[11:46:58] [Server-Worker-1/INFO]: Preparing spawn area: 0%
[11:46:58] [Server-Worker-1/INFO]: Preparing spawn area: 0%
[11:46:58] [Server-Worker-1/INFO]: Preparing spawn area: 0%
[11:46:58] [Server-Worker-1/INFO]: Preparing spawn area: 0%
[11:46:58] [Server-Worker-1/INFO]: Preparing spawn area: 0%
[11:46:58] [Server-Worker-1/INFO]: Preparing spawn area: 0%
[11:46:58] [Server-Worker-1/INFO]: Preparing spawn area: 0%
[11:46:58] [Server-Worker-1/INFO]: Preparing spawn area: 0%
[11:46:58] [Server-Worker-1/INFO]: Preparing spawn area: 0%
[11:46:58] [Server-Worker-1/INFO]: Preparing spawn area: 0%
[11:46:58] [Server-Worker-1/INFO]: Preparing spawn area: 0%
[11:46:58] [Server-Worker-1/INFO]: Preparing spawn area: 0%
[11:46:58] [Server thread/INFO]: Preparing spawn area: 0%
[11:46:59] [Server thread/INFO]: Preparing spawn area: 44%
[11:46:59] [Server thread/INFO]: Time elapsed: 38044 ms
[11:46:59] [Server thread/INFO]: Done (51.870s)! For help, type "help"
[11:46:59] [Server thread/INFO]: Starting remote control listener
[11:46:59] [RCON Listener #1/INFO]: RCON running on 0.0.0.0:22140
[11:55:06] [Server thread/INFO]: MAX_XiaoKui[/127.0.0.1:48711] logged in with entity id 83 at (-388.6428914198362, 69.0, 547.3951809760258)
[11:55:06] [Server thread/INFO]: MAX_XiaoKui joined the game
[11:55:36] [Server thread/WARN]: MAX_XiaoKui moved too quickly! -9.744710676166676,2.752203340253729,0.6021957369546271
[12:00:05] [Server thread/INFO]: Unknown command
[12:00:05] [Server thread/INFO]: player<--[HERE]
[12:00:16] [Server thread/INFO]: Incorrect argument for command
[12:00:16] [Server thread/INFO]: ...ayer hsds join<--[HERE]
[12:00:22] [Server thread/INFO]: Incorrect argument for command
[12:00:22] [Server thread/INFO]: ...ayer hsds login<--[HERE]
[12:00:35] [Server thread/INFO]: hsds[local] logged in with entity id 1138 at (-43.0, 63.0, 239.0)
[12:00:35] [Server thread/INFO]: hsds joined the game
[12:00:35] [Server thread/WARN]: Can't keep up! Is the server overloaded? Running 2902ms or 58 ticks behind
[12:01:01] [Server thread/INFO]: Incorrect argument for command
[12:01:01] [Server thread/INFO]: ...ayer kill hsds<--[HERE]
[12:01:11] [Server thread/INFO]: Incorrect argument for command
[12:01:11] [Server thread/INFO]: ...ayer hsds quit<--[HERE]
[12:01:17] [Server thread/INFO]: hsds lost connection: Killed
[12:01:17] [Server thread/INFO]: hsds left the game
[12:05:56] [Server thread/INFO]: Manjaro_linux[/127.0.0.1:49183] logged in with entity id 1797 at (-124.88350813190704, 71.0, 441.32640911966087)
[12:05:56] [Server thread/INFO]: Manjaro_linux joined the game
[12:06:01] [Server thread/INFO]: <MAX_XiaoKui> !
[12:06:19] [Server thread/WARN]: Can't keep up! Is the server overloaded? Running 3244ms or 64 ticks behind
[12:06:20] [Server thread/WARN]: Fetching packet for removed entity class_1542['Cobblestone'/2038, l='world', x=-370.29, y=71.72, z=479.40]
[12:06:32] [Server thread/INFO]: Manjaro_linux fell from a high place
[12:06:39] [Server thread/WARN]: Can't keep up! Is the server overloaded? Running 5726ms or 114 ticks behind
[12:06:59] [Server thread/WARN]: Fetching packet for removed entity class_1542['Cobblestone'/2410, l='world', x=-372.57, y=71.69, z=479.47]
[12:07:17] [Server thread/WARN]: Fetching packet for removed entity class_1542['Cobblestone'/2490, l='world', x=-371.52, y=71.70, z=479.55]
[12:08:52] [Server thread/INFO]: Manjaro_linux went up in flames
[12:09:31] [Server thread/INFO]: Manjaro_linux lost connection: Disconnected
[12:09:31] [Server thread/INFO]: Manjaro_linux left the game
[12:59:49] [Server thread/INFO]: Could not parse command: Non [a-z0-9/._-] character in path of location: minecraft:*
[12:59:49] [Server thread/INFO]: ...inecraft.* ["挖掘榜"]<--[HERE]
[13:00:00] [Server thread/INFO]: Could not parse command: Non [a-z0-9/._-] character in path of location: minecraft:*
[13:00:00] [Server thread/INFO]: ...ft.mined:* ["挖掘榜"]<--[HERE]
[13:00:05] [Server thread/INFO]: Unknown criteria 'minecraft.mined'
[13:05:35] [Server thread/INFO]: Created new objective [游戏时长(分钟)]
[13:08:06] [Server thread/INFO]: Incorrect argument for command
[13:08:06] [Server thread/INFO]: ...ne_minute deathCount ["游戏时长(分钟)"]<--[HERE]
[13:08:16] [Server thread/INFO]: Expected whitespace to end one argument, but found trailing data
[13:08:16] [Server thread/INFO]: ...es remove "游戏时长(分钟)"<--[HERE]
[13:08:44] [Server thread/INFO]: Expected whitespace to end one argument, but found trailing data
[13:08:44] [Server thread/INFO]: ...es remove ["游戏时长(分钟)"]<--[HERE]
[13:08:55] [Server thread/INFO]: Removed objective [游戏时长(分钟)]
[13:09:48] [Server thread/INFO]: Unknown criteria 'minecraft.custom:minecraft.'
[13:09:54] [Server thread/INFO]: Could not parse command: Non [a-z0-9/._-] character in path of location: minecraft:统计
[13:09:54] [Server thread/INFO]: ...necraft.统计 ["游戏时长(分钟)"]<--[HERE]
[13:10:20] [Server thread/INFO]: Unknown criteria 'minecraft.custom:minecraft.statistics'
[13:10:57] [Server thread/INFO]: Unknown criteria 'minecraft.custom:minecraft.statistic'
[13:11:03] [Server thread/INFO]: Unknown criteria 'minecraft.custom'
[13:11:52] [Server thread/INFO]: MAX_XiaoKui was slain by Zombie
[13:12:06] [Server thread/INFO]: Created new objective [游戏时长(分钟)]
[13:12:31] [Server thread/INFO]: Unknown criteria 'minecraft.custom:minecraft.play_one_hour'
[13:13:09] [Server thread/INFO]: Expected whitespace to end one argument, but found trailing data
[13:13:09] [Server thread/INFO]: ...y sidebar ["游戏时长(小时)"]<--[HERE]
[13:13:19] [Server thread/INFO]: Expected whitespace to end one argument, but found trailing data
[13:13:19] [Server thread/INFO]: ...y sidebar "游戏时长(小时)"<--[HERE]
[13:13:23] [Server thread/INFO]: Expected whitespace to end one argument, but found trailing data
[13:13:23] [Server thread/INFO]: ...y sidebar 游戏时长(小时)<--[HERE]
[13:13:47] [Server thread/INFO]: Set display slot sidebar to show objective 游戏时长(分钟)
[13:14:30] [Server thread/INFO]: MAX_XiaoKui was slain by Zombie
[13:14:45] [Server thread/WARN]: Can't keep up! Is the server overloaded? Running 2204ms or 44 ticks behind
[13:14:45] [Server thread/WARN]: MAX_XiaoKui moved too quickly! 3.5921352086274965,1.1661092609382138,9.353524935913072
[13:18:27] [Server Watchdog/FATAL]: A single server tick took 101.30 seconds (should be max 0.05)
[13:18:49] [Server Watchdog/FATAL]: Considering it to be crashed, server will forcibly shutdown.
[13:18:53] [Server thread/INFO]: MAX_XiaoKui lost connection: Timed out
[13:18:53] [Server thread/INFO]: MAX_XiaoKui left the game
[13:18:54] [Server Watchdog/ERROR]: This crash report has been saved to: /home/admin/mcsmanager/server/server_core/skimit_survival/./crash-reports/crash-2020-03-21_13.18.53-server.txt
