[00:07:14] [Server thread/INFO]: [TextileBackup]: Backup started by: SERVER on: 2020-05-30_00-07-14
[00:07:14] [Server thread/INFO]: [TextileBackup]: Saving server...
[00:07:14] [Thread-59/INFO]: [TextileBackup]: Starting compression...
[00:08:57] [Thread-59/INFO]: [TextileBackup]: Compression finished
[00:08:57] [Thread-59/INFO]: [TextileBackup]: Deleting: 2020-05-27_19-38-04.zip
[00:08:57] [Thread-59/INFO]: [TextileBackup]: Done!
[01:07:14] [Server thread/INFO]: [TextileBackup]: Backup started by: SERVER on: 2020-05-30_01-07-14
[01:07:14] [Server thread/INFO]: [TextileBackup]: Saving server...
[01:07:14] [Thread-60/INFO]: [TextileBackup]: Starting compression...
[01:08:15] [Thread-60/INFO]: [TextileBackup]: Compression finished
[01:08:15] [Thread-60/INFO]: [TextileBackup]: Deleting: 2020-05-28_05-30-01.zip
[01:08:15] [Thread-60/INFO]: [TextileBackup]: Done!
[02:07:14] [Server thread/INFO]: [TextileBackup]: Backup started by: SERVER on: 2020-05-30_02-07-14
[02:07:14] [Server thread/INFO]: [TextileBackup]: Saving server...
[02:07:15] [Thread-61/INFO]: [TextileBackup]: Starting compression...
[02:08:18] [Thread-61/INFO]: [TextileBackup]: Compression finished
[02:08:18] [Thread-61/INFO]: [TextileBackup]: Deleting: 2020-05-28_10-35-48.zip
[02:08:18] [Thread-61/INFO]: [TextileBackup]: Done!
[03:07:14] [Server thread/INFO]: [TextileBackup]: Backup started by: SERVER on: 2020-05-30_03-07-14
[03:07:14] [Server thread/INFO]: [TextileBackup]: Saving server...
[03:07:15] [Thread-62/INFO]: [TextileBackup]: Starting compression...
[03:08:18] [Thread-62/INFO]: [TextileBackup]: Compression finished
[03:08:18] [Thread-62/INFO]: [TextileBackup]: Deleting: 2020-05-28_12-19-30.zip
[03:08:18] [Thread-62/INFO]: [TextileBackup]: Done!
[04:07:14] [Server thread/INFO]: [TextileBackup]: Backup started by: SERVER on: 2020-05-30_04-07-14
[04:07:14] [Server thread/INFO]: [TextileBackup]: Saving server...
[04:07:15] [Thread-63/INFO]: [TextileBackup]: Starting compression...
[04:08:28] [Thread-63/INFO]: [TextileBackup]: Compression finished
[04:08:28] [Thread-63/INFO]: [TextileBackup]: Deleting: 2020-05-29_05-30-01.zip
[04:08:28] [Thread-63/INFO]: [TextileBackup]: Done!
[05:07:14] [Server thread/INFO]: [TextileBackup]: Backup started by: SERVER on: 2020-05-30_05-07-14
[05:07:14] [Server thread/INFO]: [TextileBackup]: Saving server...
[05:07:15] [Thread-64/INFO]: [TextileBackup]: Starting compression...
[05:08:19] [Thread-64/INFO]: [TextileBackup]: Compression finished
[05:08:19] [Thread-64/INFO]: [TextileBackup]: Deleting: 2020-05-29_19-04-01.zip
[05:08:19] [Thread-64/INFO]: [TextileBackup]: Done!
[05:25:01] [Server thread/INFO]: [Server] 服务器将在5分钟后关闭备份存档，6:01继续开启
[05:30:01] [Server thread/INFO]: Stopping the server
[05:30:01] [Server thread/INFO]: Unknown command
[05:30:01] [Server thread/INFO]: end<--[HERE]
[05:30:01] [Server thread/INFO]: Unknown command
[05:30:01] [Server thread/INFO]: exit<--[HERE]
[05:30:01] [Server thread/INFO]: Stopping server
[05:30:01] [Server thread/INFO]: Saving players
[05:30:01] [Server thread/INFO]: Saving worlds
[05:30:01] [Server thread/INFO]: Saving chunks for level 'skimit'/minecraft:the_nether
[05:30:01] [Server thread/INFO]: ThreadedAnvilChunkStorage (DIM-1): All chunks are saved
[05:30:01] [Server thread/INFO]: Saving chunks for level 'skimit'/minecraft:overworld
[05:30:01] [Server thread/INFO]: ThreadedAnvilChunkStorage (skimit): All chunks are saved
[05:30:01] [Server thread/INFO]: Saving chunks for level 'skimit'/minecraft:the_end
[05:30:01] [Server thread/INFO]: ThreadedAnvilChunkStorage (DIM1): All chunks are saved
[05:30:01] [Server thread/INFO]: [TextileBackup]: Backup started by: SERVER on: 2020-05-30_05-30-01
[05:30:01] [Server thread/INFO]: [TextileBackup]: Saving server...
[05:30:01] [Thread-65/INFO]: [TextileBackup]: Starting compression...
[05:30:01] [Server thread/INFO]: ThreadedAnvilChunkStorage (DIM-1): All chunks are saved
[05:30:01] [Server thread/INFO]: ThreadedAnvilChunkStorage (skimit): All chunks are saved
[05:30:01] [Server thread/INFO]: ThreadedAnvilChunkStorage (DIM1): All chunks are saved
[05:30:55] [Thread-65/INFO]: [TextileBackup]: Compression finished
[05:30:55] [Thread-65/INFO]: [TextileBackup]: Deleting: 2020-05-29_20-07-14.zip
[05:30:55] [Thread-65/INFO]: [TextileBackup]: Done!
