[19:44:28] [main/INFO]: Loading for game Minecraft 1.15.2
[19:44:30] [main/INFO]: [FabricLoader] Loading 4 mods: minecraft@1.15.2, carpet-extra@1.3.15, fabricloader@0.7.8+build.189, carpet@1.3.15
[19:44:30] [main/INFO]: SpongePowered MIXIN Subsystem Version=0.8 Source=file:/home/admin/mcsmanager/server/server_core/skimit_survival/fabric-server-launch.jar Service=Knot/Fabric Env=SERVER
[19:44:54] [main/WARN]: Ambiguity between arguments [teleport, destination] and [teleport, targets] with inputs: [Player, 0123, @e, dd12be42-52a9-4a91-a8a1-11c01849e498]
[19:44:54] [main/WARN]: Ambiguity between arguments [teleport, location] and [teleport, destination] with inputs: [0.1 -0.5 .9, 0 0 0]
[19:44:54] [main/WARN]: Ambiguity between arguments [teleport, location] and [teleport, targets] with inputs: [0.1 -0.5 .9, 0 0 0]
[19:44:54] [main/WARN]: Ambiguity between arguments [teleport, targets] and [teleport, destination] with inputs: [Player, 0123, dd12be42-52a9-4a91-a8a1-11c01849e498]
[19:44:54] [main/WARN]: Ambiguity between arguments [teleport, targets, location] and [teleport, targets, destination] with inputs: [0.1 -0.5 .9, 0 0 0]
[19:44:55] [Server thread/INFO]: Starting minecraft server version 1.15.2
[19:44:55] [Server thread/INFO]: Loading properties
[19:44:55] [Server thread/INFO]: Default game type: SURVIVAL
[19:44:55] [Server thread/INFO]: Generating keypair
[19:44:56] [Server thread/INFO]: Starting Minecraft server on *:26565
[19:44:56] [Server thread/INFO]: Using epoll channel type
[19:44:57] [Server thread/WARN]: **** SERVER IS RUNNING IN OFFLINE/INSECURE MODE!
[19:44:57] [Server thread/WARN]: The server will make no attempt to authenticate usernames. Beware.
[19:44:57] [Server thread/WARN]: While this makes the game possible to play without internet access, it also opens up the ability for hackers to connect with any username they choose.
[19:44:57] [Server thread/WARN]: To change this, set "online-mode" to "true" in the server.properties file.
[19:44:57] [Server thread/INFO]: Preparing level "world"
[19:44:57] [Server thread/INFO]: Reloading ResourceManager: Default
[19:45:04] [Server thread/INFO]: Loaded 6 recipes
[19:45:05] [Server thread/INFO]: Loaded 825 advancements
[19:45:13] [Server thread/INFO]: Preparing start region for dimension minecraft:overworld
[19:45:17] [Server thread/INFO]: Preparing spawn area: 0%
[19:45:17] [Server thread/INFO]: Preparing spawn area: 0%
[19:45:17] [Server thread/INFO]: Preparing spawn area: 0%
[19:45:17] [Server thread/INFO]: Preparing spawn area: 0%
[19:45:17] [Server thread/INFO]: Preparing spawn area: 0%
[19:45:17] [Server thread/INFO]: Preparing spawn area: 0%
[19:45:17] [Server thread/INFO]: Preparing spawn area: 0%
[19:45:17] [Server thread/INFO]: Preparing spawn area: 0%
[19:45:17] [Server thread/INFO]: Preparing spawn area: 0%
[19:45:18] [Server thread/INFO]: Preparing spawn area: 0%
[19:45:18] [Server thread/INFO]: Preparing spawn area: 0%
[19:45:48] [Server-Worker-1/INFO]: Preparing spawn area: 0%
[19:45:48] [Server-Worker-1/INFO]: Preparing spawn area: 0%
[19:45:48] [Server-Worker-1/INFO]: Preparing spawn area: 0%
[19:45:48] [Server-Worker-1/INFO]: Preparing spawn area: 0%
[19:45:48] [Server-Worker-1/INFO]: Preparing spawn area: 0%
[19:45:48] [Server-Worker-1/INFO]: Preparing spawn area: 0%
[19:45:48] [Server-Worker-1/INFO]: Preparing spawn area: 0%
[19:45:48] [Server-Worker-1/INFO]: Preparing spawn area: 0%
[19:45:48] [Server-Worker-1/INFO]: Preparing spawn area: 0%
[19:45:48] [Server-Worker-1/INFO]: Preparing spawn area: 0%
[19:45:48] [Server-Worker-1/INFO]: Preparing spawn area: 0%
[19:45:48] [Server-Worker-1/INFO]: Preparing spawn area: 0%
[19:45:48] [Server-Worker-1/INFO]: Preparing spawn area: 0%
[19:45:48] [Server-Worker-1/INFO]: Preparing spawn area: 0%
[19:45:48] [Server-Worker-1/INFO]: Preparing spawn area: 0%
[19:45:48] [Server-Worker-1/INFO]: Preparing spawn area: 0%
[19:45:48] [Server-Worker-1/INFO]: Preparing spawn area: 0%
[19:45:48] [Server-Worker-1/INFO]: Preparing spawn area: 0%
[19:45:48] [Server-Worker-1/INFO]: Preparing spawn area: 0%
[19:45:48] [Server-Worker-1/INFO]: Preparing spawn area: 0%
[19:45:48] [Server-Worker-1/INFO]: Preparing spawn area: 0%
[19:45:48] [Server-Worker-1/INFO]: Preparing spawn area: 0%
[19:45:48] [Server-Worker-1/INFO]: Preparing spawn area: 0%
[19:45:48] [Server-Worker-1/INFO]: Preparing spawn area: 0%
[19:45:48] [Server-Worker-1/INFO]: Preparing spawn area: 0%
[19:45:48] [Server-Worker-1/INFO]: Preparing spawn area: 0%
[19:45:48] [Server-Worker-1/INFO]: Preparing spawn area: 0%
[19:45:48] [Server-Worker-1/INFO]: Preparing spawn area: 0%
[19:45:48] [Server-Worker-1/INFO]: Preparing spawn area: 0%
[19:45:48] [Server-Worker-1/INFO]: Preparing spawn area: 0%
[19:45:48] [Server-Worker-1/INFO]: Preparing spawn area: 0%
[19:45:48] [Server-Worker-1/INFO]: Preparing spawn area: 0%
[19:45:48] [Server-Worker-1/INFO]: Preparing spawn area: 0%
[19:45:48] [Server-Worker-1/INFO]: Preparing spawn area: 0%
[19:45:48] [Server-Worker-1/INFO]: Preparing spawn area: 0%
[19:45:48] [Server-Worker-1/INFO]: Preparing spawn area: 0%
[19:45:48] [Server-Worker-1/INFO]: Preparing spawn area: 0%
[19:45:48] [Server-Worker-1/INFO]: Preparing spawn area: 0%
[19:45:48] [Server-Worker-1/INFO]: Preparing spawn area: 0%
[19:45:48] [Server-Worker-1/INFO]: Preparing spawn area: 0%
[19:45:48] [Server-Worker-1/INFO]: Preparing spawn area: 0%
[19:45:48] [Server-Worker-1/INFO]: Preparing spawn area: 0%
[19:45:48] [Server-Worker-1/INFO]: Preparing spawn area: 0%
[19:45:48] [Server-Worker-1/INFO]: Preparing spawn area: 0%
[19:45:48] [Server-Worker-1/INFO]: Preparing spawn area: 0%
[19:45:48] [Server-Worker-1/INFO]: Preparing spawn area: 0%
[19:45:48] [Server-Worker-1/INFO]: Preparing spawn area: 0%
[19:45:48] [Server-Worker-1/INFO]: Preparing spawn area: 0%
[19:45:48] [Server-Worker-1/INFO]: Preparing spawn area: 0%
[19:45:48] [Server-Worker-1/INFO]: Preparing spawn area: 0%
[19:45:48] [Server-Worker-1/INFO]: Preparing spawn area: 0%
[19:45:48] [Server-Worker-1/INFO]: Preparing spawn area: 0%
[19:45:48] [Server-Worker-1/INFO]: Preparing spawn area: 0%
[19:45:48] [Server-Worker-1/INFO]: Preparing spawn area: 0%
[19:45:48] [Server-Worker-1/INFO]: Preparing spawn area: 0%
[19:45:48] [Server-Worker-1/INFO]: Preparing spawn area: 0%
[19:45:48] [Server-Worker-1/INFO]: Preparing spawn area: 0%
[19:45:48] [Server-Worker-1/INFO]: Preparing spawn area: 0%
[19:45:48] [Server-Worker-1/INFO]: Preparing spawn area: 0%
[19:45:48] [Server-Worker-1/INFO]: Preparing spawn area: 0%
[19:45:48] [Server thread/INFO]: Preparing spawn area: 0%
[19:45:49] [Server thread/INFO]: Preparing spawn area: 69%
[19:45:49] [Server thread/INFO]: Time elapsed: 36758 ms
[19:45:49] [Server thread/INFO]: Done (52.456s)! For help, type "help"
[19:45:49] [Server thread/INFO]: Starting remote control listener
[19:45:49] [RCON Listener #1/INFO]: RCON running on 0.0.0.0:22140
[19:45:50] [Server thread/INFO]: com.mojang.authlib.GameProfile@b34b053[id=<null>,name=MAX_ShouWang,properties={},legacy=false] (/127.0.0.1:39038) lost connection: Timed out
[19:45:50] [Server thread/INFO]: com.mojang.authlib.GameProfile@3e2ff0ee[id=<null>,name=MAX_ShouWang,properties={},legacy=false] (/127.0.0.1:46506) lost connection: Timed out
[19:46:46] [Server thread/INFO]: MAX_ShouWang[/127.0.0.1:59236] logged in with entity id 108 at (-43.76108235766375, 115.0, 57.64125281157047)
[19:46:46] [Server thread/INFO]: MAX_ShouWang joined the game
[19:46:59] [Server thread/WARN]: Can't keep up! Is the server overloaded? Running 2341ms or 46 ticks behind
[19:50:54] [Server thread/WARN]: Can't keep up! Is the server overloaded? Running 2136ms or 42 ticks behind
[19:58:24] [Server thread/INFO]: MAX_XiaoKui[/127.0.0.1:40493] logged in with entity id 1766 at (-43.47002829406056, 64.0, 239.55295119733736)
[19:58:24] [Server thread/INFO]: MAX_XiaoKui joined the game
[19:58:41] [Server thread/WARN]: MAX_XiaoKui moved too quickly! -0.23931556631651318,-10.269203453786233,-0.1559412283177437
[20:05:55] [Server thread/WARN]: MAX_ShouWang moved too quickly! -10.044804827966175,1.252203340253729,1.014960733892508
[20:05:57] [Server thread/WARN]: Can't keep up! Is the server overloaded? Running 2033ms or 40 ticks behind
[20:08:26] [Server thread/INFO]: MAX_XiaoKui lost connection: Timed out
[20:08:26] [Server thread/INFO]: MAX_XiaoKui left the game
[20:08:34] [Server thread/INFO]: MAX_XiaoKui[/127.0.0.1:38002] logged in with entity id 4325 at (-176.37294094259386, 80.0, 372.4480853392179)
[20:08:34] [Server thread/INFO]: MAX_XiaoKui joined the game
[20:08:53] [Server thread/WARN]: MAX_XiaoKui moved too quickly! -0.016798201484277797,-1.1767592750642422,-10.14626049278894
[20:10:58] [Server thread/WARN]: MAX_XiaoKui moved too quickly! -0.004231050681767101,-10.408991223757695,-0.05670220278913973
[20:10:58] [Server thread/WARN]: Can't keep up! Is the server overloaded? Running 2014ms or 40 ticks behind
[20:15:59] [Server thread/WARN]: MAX_XiaoKui moved too quickly! 0.6136470208548985,-11.06498040220226,1.2679249307425522
[20:16:50] [Server thread/INFO]: MAX_XiaoKui fell from a high place
[20:17:57] [Server thread/INFO]: MAX_XiaoKui burned to death
[20:18:59] [Server thread/INFO]: Yu_Chei[/127.0.0.1:44020] logged in with entity id 6667 at (-400.91651055118206, 69.0, 520.0635940523064)
[20:18:59] [Server thread/INFO]: Yu_Chei joined the game
[20:19:58] [Server thread/INFO]: Yu_Chei lost connection: Disconnected
[20:19:58] [Server thread/INFO]: Yu_Chei left the game
[20:22:32] [Server thread/INFO]: MAX_ShouWang lost connection: Disconnected
[20:22:32] [Server thread/INFO]: MAX_ShouWang left the game
[20:22:36] [Server thread/INFO]: MAX_ShouWang[/127.0.0.1:39614] logged in with entity id 7376 at (-366.8688758010295, 77.0, 563.6999999880791)
[20:22:36] [Server thread/INFO]: MAX_ShouWang joined the game
[20:24:40] [Server thread/WARN]: MAX_XiaoKui moved too quickly! -3.2795316029547337,1.0013359791121417,-9.61425297157649
[20:29:07] [Server thread/INFO]: MAX_ShouWang lost connection: Timed out
[20:29:07] [Server thread/INFO]: MAX_ShouWang left the game
[20:29:25] [Server thread/INFO]: MAX_ShouWang[/127.0.0.1:58219] logged in with entity id 9282 at (-346.40090634706604, 69.0, 463.5633431215173)
[20:29:25] [Server thread/INFO]: MAX_ShouWang joined the game
[20:29:48] [Server thread/WARN]: Fetching packet for removed entity class_1642['Zombie'/9248, l='world', x=-314.03, y=21.35, z=543.93]
[20:30:17] [Server thread/INFO]: MAX_XiaoKui fell from a high place
[20:31:01] [Server thread/WARN]: Can't keep up! Is the server overloaded? Running 2225ms or 44 ticks behind
[20:31:27] [Server thread/WARN]: MAX_XiaoKui moved too quickly! 3.1755109898476555,2.0,-9.37982900608199
[20:31:27] [Server thread/WARN]: MAX_ShouWang moved too quickly! 8.148467375561836,1.2491870787446828,-5.82467441495703
[20:31:36] [Server thread/WARN]: Can't keep up! Is the server overloaded? Running 20308ms or 406 ticks behind
[20:31:58] [Server thread/INFO]: MAX_XiaoKui burned to death
[20:32:14] [Server thread/WARN]: Can't keep up! Is the server overloaded? Running 3310ms or 66 ticks behind
[20:33:21] [Server thread/INFO]: MAX_ShouWang lost connection: Timed out
[20:33:26] [Server thread/INFO]: MAX_ShouWang left the game
[20:34:26] [Server Watchdog/FATAL]: A single server tick took 60.62 seconds (should be max 0.05)
[20:35:14] [Server Watchdog/FATAL]: Considering it to be crashed, server will forcibly shutdown.
[20:35:16] [Server thread/INFO]: MAX_XiaoKui lost connection: Timed out
[20:35:16] [Server thread/INFO]: MAX_XiaoKui left the game
[20:35:20] [Server thread/WARN]: handleDisconnection() called twice
[20:35:27] [Server Watchdog/ERROR]: This crash report has been saved to: /home/admin/mcsmanager/server/server_core/skimit_survival/./crash-reports/crash-2020-03-22_20.35.27-server.txt
[20:35:29] [Server thread/INFO]: Stopping server
