[05:54:46] [main/INFO]: Loading for game Minecraft 1.16.1
[05:54:47] [main/INFO]: [FabricLoader] Loading 55 mods: fabric-renderer-api-v1@0.2.13+eae12eb802, fabric-keybindings-v0@0.2.0+3fa9f7c502, fabricloader@0.9.0+build.204, bbor@2.3-1.16.1, com_github_shevek_parallelgzip@master-SNAPSHOT, lithium@0.5.1-SNAPSHOT, fabric-containers-v0@0.1.8+045df74f02, fabric-dimensions-v1@1.0.0+a71b305302, fabric-object-builder-api-v1@1.5.6+a2d21ddd02, fabric-game-rule-api-v1@1.0.0+fe81e12502, fabric-api-base@0.1.3+12a8474c02, fabric-rendering-data-attachment-v1@0.1.3+b7f9825d02, fabric-textures-v0@1.0.4+eae12eb802, fabric-rendering-fluids-v1@0.1.8+b7084faa02, cotton-logging@1.0.0-rc.4, fabric-blockrenderlayer-v1@1.1.4+c6a8ea8902, fabric-lifecycle-events-v1@1.2.0+e83e061c02, fabric-renderer-registries-v1@2.0.1+5a0f9a6002, carpet-extra@1.4.0, fabric-loot-tables-v1@1.0.0+386eb69e02, fabric@0.16.2+build.385-1.16.1, carpet@1.4.0, fabric-particles-v1@0.2.1+0a6f2a7002, fabric-networking-v0@0.1.10+e00ecb5f02, cotton-config@1.0.0-rc.7, fabric-screen-handler-api-v1@1.1.0+97324d1102, minecraft@1.16.1, here@0.0.10-mc1.16, fabric-networking-blockentity-v0@0.2.5+b50ffc7b02, jankson@3.0.0+j1.2.0, fabric-command-api-v1@1.0.8+5ce5339802, phosphor@0.6.0+build.7, fabric-tool-attribute-api-v1@1.2.0+55e0cc5f02, fabric-renderer-indigo@0.3.4+34d6c87102, player-roles@1.0.2, org_apache_commons_commons-compress@1.19, fabric-biomes-v1@0.2.7+059ea86602, fabric-crash-report-info-v1@0.1.2+b7f9825d02, fabric-events-interaction-v0@0.3.3+7066030f02, fabric-item-api-v1@1.0.0+16acbe5b02, fabric-rendering-v0@1.1.0+5341049002, fabric-rendering-v1@1.1.2+346247d702, fabric-key-binding-api-v1@1.0.1+f404f3be02, org_tukaani_xz@1.8, fabric-resource-loader-v0@0.2.6+f41e209802, fabric-content-registries-v0@0.1.9+059ea86602, fabric-tag-extensions-v0@0.2.7+a4c57d8e02, fabric-commands-v0@0.2.0+52d3083602, fabric-registry-sync-v0@0.3.8+7dba2d6c02, textile_backup@1.4.0-1.16.1, fabric-mining-levels-v0@0.1.2+b764ce9902, fabric-events-lifecycle-v0@0.2.0+16acbe5b02, fabric-models-v0@0.1.0+dfdb52d602, fabric-item-groups-v0@0.2.0+438f963602, fabric-object-builders-v0@0.6.1+a2d21ddd02
[05:54:47] [main/WARN]: Mod `com_github_shevek_parallelgzip` (master-SNAPSHOT) does not respect SemVer - comparison support is limited.
[05:54:47] [main/INFO]: SpongePowered MIXIN Subsystem Version=0.8 Source=file:/srv/skimit_survival/fabric-server-launch.jar Service=Knot/Fabric Env=SERVER
[05:54:50] [main/WARN]: @Mixin target net/minecraft/class_3898$class_3208 is public in fabric-networking-[05:54:58] [main/INFO]: Environment: authHost='https://authserver.mojang.com', accountsHost='https://api.mojang.com', sessionHost='https://sessionserver.mojang.com', name='PROD'
[05:55:00] [main/WARN]: Ambiguity between arguments [teleport, destination] and [teleport, targets] with inputs: [Player, 0123, @e, dd12be42-52a9-4a91-a8a1-11c01849e498]
[05:55:00] [main/WARN]: Ambiguity between arguments [teleport, location] and [teleport, destination] with inputs: [0.1 -0.5 .9, 0 0 0]
[05:55:00] [main/WARN]: Ambiguity between arguments [teleport, location] and [teleport, targets] with inputs: [0.1 -0.5 .9, 0 0 0]
[05:55:00] [main/WARN]: Ambiguity between arguments [teleport, targets] and [teleport, destination] with inputs: [Player, 0123, dd12be42-52a9-4a91-a8a1-11c01849e498]
[05:55:00] [main/WARN]: Ambiguity between arguments [teleport, targets, location] and [teleport, targets, destination] with inputs: [0.1 -0.5 .9, 0 0 0]
[05:55:00] [main/INFO]: Reloading ResourceManager: Default, bukkit, Fabric Tool Attribute API (v1), FZ.sDatapack-1.5.0-SNAPSHOT-dev.20200411.0751.zip, Player Roles
[05:55:02] [Worker-Main-6/INFO]: Loaded 7 recipes
[05:55:03] [Worker-Main-6/INFO]: Loaded 927 advancements
[05:55:04] [main/WARN]: [fabric-registry-sync] Could not find the following registries: minecraft:biome_source_type, minecraft:dimension_type, minecraft:chunk_generator_type
[05:55:04] [main/INFO]: [fabric-registry-sync] Loaded registry data [file 1/4]
[05:55:04] [Server thread/INFO]: Starting minecraft server version 1.16.1
[05:55:04] [Server thread/INFO]: Loading properties
[05:55:04] [Server thread/INFO]: Default game type: SURVIVAL
[05:55:04] [Server thread/INFO]: Generating keypair
[05:55:05] [Server thread/INFO]: Starting Minecraft server on *:26555
[05:55:05] [Server thread/INFO]: Using epoll channel type
[05:55:05] [Server thread/WARN]: **** SERVER IS RUNNING IN OFFLINE/INSECURE MODE!
[05:55:05] [Server thread/WARN]: The server will make no attempt to authenticate usernames. Beware.
[05:55:05] [Server thread/WARN]: While this makes the game possible to play without internet access, it also opens up the ability for hackers to connect with any username they choose.
[05:55:05] [Server thread/WARN]: To change this, set "online-mode" to "true" in the server.properties file.
[05:55:05] [Server thread/INFO]: Preparing level "world"
[05:55:05] [Server thread/INFO]: [CM]: loaded setting commandDraw as false from carpet.conf
[05:55:05] [Server thread/INFO]: [CM]: loaded setting rotatorBlock as true from carpet.conf
[05:55:05] [Server thread/INFO]: [CM]: loaded setting combineXPOrbs as true from carpet.conf
[05:55:05] [Server thread/INFO]: [CM]: loaded setting onePlayerSleeping as true from carpet.conf
[05:55:05] [Server thread/INFO]: [CM]: loaded setting portalSuffocationFix as true from carpet.conf
[05:55:05] [Server thread/INFO]: [CM]: loaded setting leadFix as true from carpet.conf
[05:55:05] [Server thread/INFO]: [CM]: loaded setting antiCheatDisabled as true from carpet.conf
[05:55:05] [Server thread/INFO]: [CM]: loaded setting defaultLoggers as tps,mobcaps from carpet.conf
[05:55:05] [Server thread/INFO]: [CM]: loaded setting unloadedEntityFix as true from carpet.conf
[05:55:05] [Server thread/INFO]: [CM]: loaded setting ctrlQCraftingFix as true from carpet.conf
[05:55:05] [Server thread/INFO]: [CM]: loaded setting language as zh_cn from carpet.conf
[05:55:05] [Server thread/INFO]: [CM]: loaded setting commandTick as false from carpet.conf
[05:55:06] [Server thread/INFO]: create world dimension: minecraft:overworld (seed: 20190827)
[05:55:06] [Server thread/INFO]: create world dimension: minecraft:the_nether (seed: 20190827)
[05:55:06] [Server thread/INFO]: create world dimension: minecraft:the_end (seed: 20190827)
[05:55:06] [Server thread/INFO]: Preparing start region for dimension minecraft:overworld
[05:55:09] [Server thread/INFO]: Preparing spawn area: 0%
[05:55:09] [Server thread/INFO]: Preparing spawn area: 0%
[05:55:09] [Server thread/INFO]: Preparing spawn area: 0%
[05:55:09] [Server thread/INFO]: Preparing spawn area: 0%
[05:55:09] [Server thread/INFO]: Preparing spawn area: 0%
[05:55:09] [Server thread/INFO]: Preparing spawn area: 0%
[05:55:09] [Server thread/INFO]: Preparing spawn area: 0%
[05:55:10] [Server thread/INFO]: Preparing spawn area: 0%
[05:55:10] [Server thread/INFO]: Preparing spawn area: 45%
[05:55:12] [Server thread/INFO]: Time elapsed: 6331 ms
[05:55:12] [Server thread/INFO]: Done (7.233s)! For help, type "help"
[05:55:12] [Server thread/INFO]: Starting remote control listener
[05:55:12] [Server thread/INFO]: Thread RCON Listener started
[05:55:12] [RCON Listener #1/INFO]: RCON running on 0.0.0.0:796
[05:56:40] [Server thread/INFO]: MAX_XiaoKui[/127.0.0.1:38225] logged in with entity id 240 at (-136.70329478098802, 85.0, 217.10299525216578)
[05:56:40] [Server thread/INFO]: MAX_XiaoKui joined the game
[05:56:40] [Netty Epoll Server IO #5/WARN]: Received invalid identifier in minecraft:register: legacy:fml|hs (Non [a-z0-9/._-] character in path of location: legacy:fml|hs)
[05:56:41] [Netty Epoll Server IO #5/INFO]: Player MAX_XiaoKui joined with a matching carpet client
[05:59:12] [Server thread/INFO]: nvwu[local] logged in with entity id 1154 at (240.31017323859538, 184.0, 214.30000001192093)
[05:59:12] [Server thread/INFO]: nvwu joined the game
[05:59:16] [Server thread/INFO]: MAX_XiaoKui lost connection: Disconnected
[05:59:16] [Server thread/INFO]: MAX_XiaoKui left the game
[06:04:05] [Server thread/INFO]: Stopping the server
[06:04:05] [Server thread/INFO]: Unknown or incomplete command, see below for error
[06:04:05] [Server thread/INFO]: end<--[HERE]
[06:04:05] [Server thread/INFO]: Unknown or incomplete command, see below for error
[06:04:05] [Server thread/INFO]: exit<--[HERE]
[06:04:05] [Server thread/INFO]: Stopping server
[06:04:05] [Server thread/INFO]: Saving players
[06:04:05] [Server thread/INFO]: Saving worlds
[06:04:05] [Server thread/INFO]: Saving chunks for level 'ServerLevel[world]'/minecraft:overworld
[06:04:05] [Server thread/INFO]: ThreadedAnvilChunkStorage (world): All chunks are saved
[06:04:05] [Server thread/INFO]: Saving chunks for level 'ServerLevel[world]'/minecraft:the_nether
[06:04:05] [Server thread/INFO]: ThreadedAnvilChunkStorage (DIM-1): All chunks are saved
[06:04:05] [Server thread/INFO]: Saving chunks for level 'ServerLevel[world]'/minecraft:the_end
[06:04:05] [Server thread/INFO]: ThreadedAnvilChunkStorage (DIM1): All chunks are saved
[06:04:05] [Server thread/INFO]: Backup started by: Server Shutdown on: 2020-08-12_06-04-05
[06:04:05] [pool-3-thread-1/INFO]: Starting backup
[06:04:05] [Server thread/INFO]: ThreadedAnvilChunkStorage (world): All chunks are saved
[06:04:05] [pool-3-thread-1/INFO]: Starting compression...
[06:04:05] [Server thread/INFO]: ThreadedAnvilChunkStorage (DIM-1): All chunks are saved
[06:04:05] [Server thread/INFO]: ThreadedAnvilChunkStorage (DIM1): All chunks are saved
[06:04:05] [Server thread/INFO]: Thread RCON Listener stopped
[06:04:08] [pool-3-thread-1/INFO]: Compression took: 03.190 seconds.
[06:04:08] [pool-3-thread-1/INFO]: Deleting: 2020-08-11_15-09-51.zip
[06:04:08] [pool-3-thread-1/INFO]: Done!
