[20:20:03] [main/INFO]: Loading for game Minecraft 1.16.2
[20:20:05] [ForkJoinPool-1-worker-3/WARN]: The mod "cotton-logging" contains invalid entries in its mod json:
- Unsupported root entry "licence" at line 7 column 12
[20:20:05] [ForkJoinPool-1-worker-3/WARN]: The mod "cotton-config" contains invalid entries in its mod json:
- Unsupported root entry "licence" at line 7 column 12
[20:20:05] [main/WARN]: Warnings were found! 
 - Mod 'BetterF3' (betterf3) recommends version 1.14.6 or later of mod modmenu, which is missing!
	 - You must install version 1.14.6 or later of modmenu.
[20:20:05] [main/INFO]: [FabricLoader] Loading 58 mods: fabric-renderer-api-v1@0.3.1+f8ac1db295, fabric-keybindings-v0@0.2.0+3fa9f7c595, fabricloader@0.10.6+build.214, fabric-structure-api-v1@1.1.0+f8ac1db295, bbor@2.4-1.16.3, com_github_shevek_parallelgzip@master-SNAPSHOT, fabric-containers-v0@0.1.8+045df74f95, fabric-object-builder-api-v1@1.8.1+f8ac1db295, fabric-game-rule-api-v1@1.0.2+f8ac1db295, fabric-api-base@0.1.3+12a8474c95, fabric-rendering-data-attachment-v1@0.1.4+f8ac1db295, fabric-textures-v0@1.0.4+eae12eb895, fabric-rendering-fluids-v1@0.1.12+f8ac1db295, cotton-logging@1.0.0-rc.4, fabric-blockrenderlayer-v1@1.1.4+c6a8ea8995, fabric-lifecycle-events-v1@1.2.0+74cc3b2095, fabric-renderer-registries-v1@2.2.0+f8ac1db295, fabric-loot-tables-v1@1.0.1+432ea18895, carpet-extra@1.4.14, fabric@0.22.1+build.409-1.16, carpet@1.4.14, fabric-particles-v1@0.2.2+fb0d9b0e95, fabric-networking-v0@0.1.10+e00ecb5f95, cotton-config@1.0.0-rc.7, fabric-networking-blockentity-v0@0.2.5+b50ffc7b95, here@0.0.10-mc1.16, minecraft@1.16.2, fabric-screen-handler-api-v1@1.1.0+8724984195, fabric-command-api-v1@1.0.8+5ce5339895, jankson@3.0.0+j1.2.0, cloth-basic-math@0.5.1, phosphor@0.6.0+build.7, fabric-tool-attribute-api-v1@1.2.3+f8ac1db295, bluemap@1.0.0, fabric-renderer-indigo@0.4.1+f8ac1db295, player-roles@1.1.1, org_apache_commons_commons-compress@1.19, fabric-item-api-v1@1.2.0+f8ac1db295, fabric-events-interaction-v0@0.4.1+f8ac1db295, fabric-crash-report-info-v1@0.1.2+b7f9825d95, fabric-rendering-v0@1.1.1+f8ac1db295, fabric-key-binding-api-v1@1.0.1+730711c695, fabric-rendering-v1@1.3.1+f8ac1db295, cloth-config2@4.7.0-unstable, org_tukaani_xz@1.8, fabric-resource-loader-v0@0.3.1+facf3bbf95, fabric-content-registries-v0@0.1.9+059ea86695, fabric-tag-extensions-v0@1.0.3+ac8e8c5995, fabric-biome-api-v1@2.0.0+c29459ab95, fabric-registry-sync-v0@0.5.2+3c53fe3395, fabric-commands-v0@0.2.0+52d3083695, textile_backup@2.0.1-1.16.3, fabric-mining-levels-v0@0.1.2+b764ce9995, betterf3@1.1.1, fabric-events-lifecycle-v0@0.2.0+16acbe5b95, fabric-models-v0@0.1.1+f8ac1db295, fabric-item-groups-v0@0.2.0+438f963695, fabric-object-builders-v0@0.7.0+432ea18895
[20:20:05] [main/WARN]: Mod `com_github_shevek_parallelgzip` (master-SNAPSHOT) does not respect SemVer - comparison support is limited.
[20:20:05] [main/INFO]: SpongePowered MIXIN Subsystem Version=0.8.2 Source=file:/srv/survival/fabric-server-launch.jar Service=Knot/Fabric Env=SERVER
[20:20:31] [main/INFO]: [Textile Backup] Starting Textile Backup by Szum123321.
[20:20:34] [main/INFO]: Environment: authHost='https://authserver.mojang.com', accountsHost='https://api.mojang.com', sessionHost='https://sessionserver.mojang.com', name='PROD'
[20:20:36] [main/WARN]: Ambiguity between arguments [bluemap, marker, create, id, map, x] and [bluemap, marker, create, id, map, label] with inputs: [0, -1, -.5, 1.2, .5, -1234.56]
[20:20:36] [main/WARN]: Ambiguity between arguments [bluemap, render, cancel] and [bluemap, render, world|map] with inputs: [cancel]
[20:20:36] [main/WARN]: Ambiguity between arguments [bluemap, render, prioritize] and [bluemap, render, world|map] with inputs: [prioritize]
[20:20:36] [main/WARN]: Ambiguity between arguments [bluemap, render, radius] and [bluemap, render, world|map] with inputs: [0, -123, 123]
[20:20:36] [main/WARN]: Ambiguity between arguments [bluemap, render, radius] and [bluemap, render, x] with inputs: [0, -123, 123]
[20:20:36] [main/WARN]: Ambiguity between arguments [bluemap, render, x] and [bluemap, render, radius] with inputs: [0, -1]
[20:20:36] [main/WARN]: Ambiguity between arguments [bluemap, render, x] and [bluemap, render, world|map] with inputs: [0, -1, -.5, 1.2, .5, -1234.56]
[20:20:36] [main/WARN]: Ambiguity between arguments [teleport, destination] and [teleport, targets] with inputs: [Player, 0123, @e, dd12be42-52a9-4a91-a8a1-11c01849e498]
[20:20:36] [main/WARN]: Ambiguity between arguments [teleport, location] and [teleport, destination] with inputs: [0.1 -0.5 .9, 0 0 0]
[20:20:36] [main/WARN]: Ambiguity between arguments [teleport, location] and [teleport, targets] with inputs: [0.1 -0.5 .9, 0 0 0]
[20:20:36] [main/WARN]: Ambiguity between arguments [teleport, targets] and [teleport, destination] with inputs: [Player, 0123, dd12be42-52a9-4a91-a8a1-11c01849e498]
[20:20:36] [main/WARN]: Ambiguity between arguments [teleport, targets, location] and [teleport, targets, destination] with inputs: [0.1 -0.5 .9, 0 0 0]
[20:20:37] [main/INFO]: Reloading ResourceManager: Default, bukkit, Fabric Tool Attribute API (v1), Player Roles, skimit-DataPack
[20:20:42] [Worker-Main-2/INFO]: Loaded 7 recipes
[20:20:43] [Worker-Main-2/INFO]: Loaded 927 advancements
[20:20:48] [main/WARN]: [fabric-registry-sync] Could not find the following registries: minecraft:biome_source_type, minecraft:block_state_provider_type, minecraft:dimension_type, minecraft:structure_piece, minecraft:carver, minecraft:block_placer_type, minecraft:decorator, minecraft:structure_feature, minecraft:surface_builder, minecraft:foliage_placer_type, minecraft:feature, minecraft:tree_decorator_type, minecraft:structure_pool_element, minecraft:biome, minecraft:chunk_generator_type, minecraft:structure_processor
[20:20:48] [main/INFO]: [fabric-registry-sync] Loaded registry data [file 1/4]
[20:20:49] [Server thread/INFO]: Starting minecraft server version 1.16.2
[20:20:49] [Server thread/INFO]: Loading properties
[20:20:49] [Server thread/INFO]: Default game type: SURVIVAL
[20:20:49] [Server thread/INFO]: Generating keypair
[20:20:50] [Server thread/INFO]: Starting Minecraft server on *:34268
[20:20:50] [Server thread/INFO]: Using epoll channel type
[20:20:50] [Server thread/WARN]: **** SERVER IS RUNNING IN OFFLINE/INSECURE MODE!
[20:20:50] [Server thread/WARN]: The server will make no attempt to authenticate usernames. Beware.
[20:20:50] [Server thread/WARN]: While this makes the game possible to play without internet access, it also opens up the ability for hackers to connect with any username they choose.
[20:20:50] [Server thread/WARN]: To change this, set "online-mode" to "true" in the server.properties file.
[20:20:51] [Server thread/INFO]: Preparing level "world"
[20:20:51] [Server thread/INFO]: [CM]: loaded setting combineXPOrbs as true from carpet.conf
[20:20:51] [Server thread/INFO]: [CM]: loaded setting onePlayerSleeping as true from carpet.conf
[20:20:51] [Server thread/INFO]: [CM]: loaded setting leadFix as true from carpet.conf
[20:20:51] [Server thread/INFO]: [CM]: loaded setting ctrlQCraftingFix as true from carpet.conf
[20:20:51] [Server thread/INFO]: [CM]: loaded setting language as zh_cn from carpet.conf
[20:20:51] [Server thread/INFO]: [CM]: loaded setting commandTick as true from carpet.conf
[20:20:51] [Server thread/INFO]: [CM]: loaded setting commandDraw as false from carpet.conf
[20:20:51] [Server thread/INFO]: [CM]: loaded setting fastRedstoneDust as true from carpet.conf
[20:20:51] [Server thread/INFO]: [CM]: loaded setting rotatorBlock as true from carpet.conf
[20:20:51] [Server thread/INFO]: [CM]: loaded setting commandPlayer as true from carpet.conf
[20:20:51] [Server thread/INFO]: [CM]: loaded setting updateSuppressionCrashFix as true from carpet.conf
[20:20:51] [Server thread/INFO]: [CM]: loaded setting reloadSuffocationFix as true from carpet.conf
[20:20:51] [Server thread/INFO]: [CM]: loaded setting antiCheatDisabled as true from carpet.conf
[20:20:51] [Server thread/INFO]: [CM]: loaded setting commandPing as true from carpet.conf
[20:20:51] [Server thread/INFO]: [CM]: loaded setting defaultLoggers as tps,mobcaps from carpet.conf
[20:20:51] [Server thread/INFO]: [CM]: loaded setting placementRotationFix as true from carpet.conf
[20:20:51] [Server thread/INFO]: [CM]: loaded setting hopperCounters as true from carpet.conf
[20:20:51] [Server thread/INFO]: [CM]: loaded setting flippinCactus as true from carpet.conf
[20:20:51] [Server thread/INFO]: [CM]: loaded setting lagFreeSpawning as true from carpet.conf
[20:20:52] [Server thread/INFO]: create world dimension: minecraft:overworld (seed: 20190827)
[20:20:52] [Server thread/INFO]: create world dimension: minecraft:the_nether (seed: 20190827)
[20:20:52] [Server thread/INFO]: create world dimension: minecraft:the_end (seed: 20190827)
[20:20:52] [Server thread/INFO]: Preparing start region for dimension minecraft:overworld
[20:21:01] [Server thread/INFO]: Preparing spawn area: 0%
[20:21:01] [Server thread/INFO]: Preparing spawn area: 0%
[20:21:01] [Server thread/INFO]: Preparing spawn area: 0%
[20:21:01] [Server thread/INFO]: Preparing spawn area: 0%
[20:21:01] [Server thread/INFO]: Preparing spawn area: 0%
[20:21:01] [Server thread/INFO]: Preparing spawn area: 0%
[20:21:01] [Server thread/INFO]: Preparing spawn area: 0%
[20:21:01] [Server thread/INFO]: Preparing spawn area: 0%
[20:21:01] [Server thread/INFO]: Preparing spawn area: 0%
[20:21:01] [Server thread/INFO]: Preparing spawn area: 0%
[20:21:01] [Server thread/INFO]: Preparing spawn area: 0%
[20:21:01] [Server thread/INFO]: Preparing spawn area: 0%
[20:21:01] [Server thread/INFO]: Preparing spawn area: 0%
[20:21:01] [Server thread/INFO]: Preparing spawn area: 0%
[20:21:01] [Server thread/INFO]: Preparing spawn area: 0%
[20:21:01] [Server thread/INFO]: Preparing spawn area: 0%
[20:21:01] [Server thread/INFO]: Preparing spawn area: 0%
[20:21:01] [Server thread/INFO]: Preparing spawn area: 0%
[20:21:02] [Server thread/INFO]: Preparing spawn area: 0%
[20:21:02] [Server thread/INFO]: Preparing spawn area: 0%
[20:21:02] [Server thread/INFO]: Preparing spawn area: 85%
[20:21:04] [Server thread/INFO]: Time elapsed: 11535 ms
[20:21:04] [Server thread/INFO]: Done (12.855s)! For help, type "help"
[20:21:04] [Server thread/INFO]: Starting remote control listener
[20:21:04] [Server thread/INFO]: Thread RCON Listener started
[20:21:04] [Server thread/INFO]: RCON running on 0.0.0.0:796
[20:21:04] [Thread-66/INFO]: Loading BlueMap...
[20:21:06] [Thread-66/INFO]: Loading resources...
[20:21:06] [Thread-67/INFO]: WebServer started.
[20:21:06] [Server thread/WARN]: Can't keep up! Is the server overloaded? Running 2143ms or 42 ticks behind
[20:21:11] [Thread-66/INFO]: Loading bluemap assets (1/3)...
[20:21:12] [Thread-66/INFO]: Loading realms assets (2/3)...
[20:21:12] [Thread-66/INFO]: Loading minecraft assets (3/3)...
[20:21:17] [Thread-66/INFO]: BlueMap loaded!
[20:22:00] [Server thread/INFO]: Can only manipulate existing players
[20:22:00] [Server thread/INFO]: Can only manipulate existing players
[20:24:00] [Server thread/INFO]: Can only manipulate existing players
[20:24:00] [Server thread/INFO]: Can only manipulate existing players
[20:26:00] [Server thread/INFO]: Can only manipulate existing players
[20:26:00] [Server thread/INFO]: Can only manipulate existing players
[20:28:00] [Server thread/INFO]: Can only manipulate existing players
[20:28:00] [Server thread/INFO]: Can only manipulate existing players
[20:30:00] [Server thread/INFO]: Can only manipulate existing players
[20:30:00] [Server thread/INFO]: Can only manipulate existing players
[20:30:00] [Server thread/INFO]: shuijiao[local] logged in with entity id 137 at (-42.5, 61.0, 240.5)
[20:30:00] [Server thread/INFO]: shuijiao joined the game
[20:30:01] [Thread-77/INFO]: [STDERR]: java.lang.NullPointerException: Cannot invoke "com.google.gson.JsonObject.get(String)" because the return value of "com.google.gson.JsonObject.getAsJsonObject(String)" is null
[20:30:01] [Thread-77/INFO]: [STDERR]: 	at de.bluecolored.bluemap.common.plugin.skins.PlayerSkin.readTextureUrl(PlayerSkin.java:146)
[20:30:01] [Thread-77/INFO]: [STDERR]: 	at de.bluecolored.bluemap.common.plugin.skins.PlayerSkin.lambda$loadSkin$1(PlayerSkin.java:108)
[20:30:01] [Thread-77/INFO]: [STDERR]: 	at java.base/java.lang.Thread.run(Thread.java:832)
[20:40:00] [Server thread/INFO]: Player shuijiao is already logged on
[20:50:00] [Server thread/INFO]: Player shuijiao is already logged on
[20:58:45] [Server thread/INFO]: wuhao[/127.0.0.1:45029] logged in with entity id 2452 at (-7088.300000011921, 3.0, -6906.084870421681)
[20:58:45] [Server thread/INFO]: wuhao joined the game
[20:58:45] [Netty Epoll Server IO #0/WARN]: Received invalid identifier in minecraft:register: legacy:fml|hs (Non [a-z0-9/._-] character in path of location: legacy:fml|hs)
[20:58:46] [Server thread/WARN]: Can't keep up! Is the server overloaded? Running 2099ms or 41 ticks behind
[20:58:47] [Netty Epoll Server IO #0/WARN]: Player wuhao joined with another carpet version: 1.4.9+v200815
[21:00:00] [Server thread/INFO]: Player shuijiao is already logged on
[21:01:03] [Server thread/WARN]: Fetching packet for removed entity class_1542['Lever'/3163, l='ServerLevel[world]', x=-7087.34, y=5.66, z=-6904.37]
[21:02:37] [Server thread/WARN]: Fetching packet for removed entity class_1542['Lever'/3530, l='ServerLevel[world]', x=-7085.26, y=5.73, z=-6905.50]
[21:03:16] [Server thread/WARN]: Fetching packet for removed entity class_1542['Lever'/3694, l='ServerLevel[world]', x=-7088.70, y=5.73, z=-6903.62]
[21:08:24] [Server thread/WARN]: Fetching packet for removed entity class_1542['Lever'/4906, l='ServerLevel[world]', x=-7086.31, y=5.73, z=-6914.41]
[21:10:00] [Server thread/INFO]: Player shuijiao is already logged on
[21:10:35] [Server thread/WARN]: Fetching packet for removed entity class_1542['Lever'/5593, l='ServerLevel[world]', x=-7090.67, y=5.70, z=-6914.52]
[21:12:24] [Server thread/WARN]: Fetching packet for removed entity class_1542['Lever'/6018, l='ServerLevel[world]', x=-7089.45, y=5.70, z=-6903.71]
[21:15:04] [Server thread/WARN]: Fetching packet for removed entity class_1542['Lever'/6743, l='ServerLevel[world]', x=-7089.44, y=5.69, z=-6905.71]
[21:17:36] [Server thread/WARN]: Fetching packet for removed entity class_1542['Lever'/7334, l='ServerLevel[world]', x=-7090.60, y=5.69, z=-6906.68]
[21:18:16] [Server thread/WARN]: Fetching packet for removed entity class_1542['Lever'/7484, l='ServerLevel[world]', x=-7090.31, y=5.73, z=-6902.58]
[21:20:00] [Server thread/INFO]: Player shuijiao is already logged on
[21:22:31] [Server thread/INFO]: wuhao lost connection: Disconnected
[21:22:31] [Server thread/INFO]: wuhao left the game
[21:30:00] [Server thread/INFO]: Player shuijiao is already logged on
[21:40:00] [Server thread/INFO]: Player shuijiao is already logged on
[21:50:00] [Server thread/INFO]: Player shuijiao is already logged on
[22:00:00] [Server thread/INFO]: Player shuijiao is already logged on
[22:10:00] [Server thread/INFO]: Player shuijiao is already logged on
[22:20:00] [Server thread/INFO]: Player shuijiao is already logged on
[22:30:00] [Server thread/INFO]: Player shuijiao is already logged on
[22:40:00] [Server thread/INFO]: Player shuijiao is already logged on
[22:46:48] [Server thread/WARN]: Can't keep up! Is the server overloaded? Running 33834ms or 676 ticks behind
[22:50:00] [Server thread/INFO]: Player shuijiao is already logged on
[23:00:00] [Server thread/INFO]: Player shuijiao is already logged on
[23:10:00] [Server thread/INFO]: Player shuijiao is already logged on
[23:20:00] [Server thread/INFO]: Player shuijiao is already logged on
[23:30:00] [Server thread/INFO]: Player shuijiao is already logged on
[23:40:00] [Server thread/INFO]: Player shuijiao is already logged on
[23:50:00] [Server thread/INFO]: Player shuijiao is already logged on
