[14:36:29] [main/INFO]: Loading for game Minecraft 1.16.4
[14:36:29] [ForkJoinPool-1-worker-1/WARN]: The mod "cotton-logging" contains invalid entries in its mod json:
- Unsupported root entry "licence" at line 7 column 12
[14:36:29] [ForkJoinPool-1-worker-1/WARN]: The mod "cotton-config" contains invalid entries in its mod json:
- Unsupported root entry "licence" at line 7 column 12
[14:36:30] [main/WARN]: Warnings were found! 
 - Mod 'BetterF3' (betterf3) recommends version 1.14.6 or later of mod modmenu, which is missing!
	 - You must install version 1.14.6 or later of modmenu.
[14:36:30] [main/INFO]: [FabricLoader] Loading 59 mods: fabric-renderer-api-v1@0.3.3+a4467d2a3a, fabric-keybindings-v0@0.2.0+3fa9f7c53a, fabricloader@0.10.8, fabric-structure-api-v1@1.1.0+f8ac1db23a, bbor@2.4-1.16.3, com_github_shevek_parallelgzip@master-SNAPSHOT, lithium@0.6.0, fabric-containers-v0@0.1.8+045df74f3a, fabric-object-builder-api-v1@1.9.2+a89534ab3a, fabric-game-rule-api-v1@1.0.3+a4467d2a3a, fabric-api-base@0.2.0+9f0fb4b83a, fabric-rendering-data-attachment-v1@0.1.4+f8ac1db23a, fabric-textures-v0@1.0.5+a4467d2a3a, fabric-rendering-fluids-v1@0.1.12+f8ac1db23a, cotton-logging@1.0.0-rc.4, fabric-blockrenderlayer-v1@1.1.4+c6a8ea893a, fabric-lifecycle-events-v1@1.2.0+74cc3b203a, fabric-renderer-registries-v1@2.2.0+f8ac1db23a, carpet-extra@1.4.16, fabric-loot-tables-v1@1.0.1+432ea1883a, fabric@0.25.7+1.16, carpet@1.4.17, fabric-particles-v1@0.2.2+fb0d9b0e3a, fabric-networking-v0@0.1.10+e00ecb5f3a, cotton-config@1.0.0-rc.7, fabric-screen-handler-api-v1@1.1.0+872498413a, minecraft@1.16.4, fabric-networking-blockentity-v0@0.2.5+b50ffc7b3a, jankson@3.0.0+j1.2.0, cloth-basic-math@0.5.1, fabric-command-api-v1@1.0.9+a4467d2a3a, phosphor@0.6.0+build.7, bluemap@1.3.0-snap, fabric-tool-attribute-api-v1@1.2.5+c93221003a, fabric-renderer-indigo@0.4.3+a4467d2a3a, player-roles@1.1.2, org_apache_commons_commons-compress@1.19, fabric-crash-report-info-v1@0.1.2+b7f9825d3a, fabric-events-interaction-v0@0.4.1+f8ac1db23a, fabric-item-api-v1@1.2.0+f8ac1db23a, fabric-rendering-v0@1.1.1+f8ac1db23a, fabric-rendering-v1@1.3.1+f8ac1db23a, fabric-key-binding-api-v1@1.0.1+730711c63a, cloth-config2@4.7.0-unstable, org_tukaani_xz@1.8, fabric-resource-loader-v0@0.3.2+1944f3e03a, fabric-content-registries-v0@0.1.9+059ea8663a, fabric-tag-extensions-v0@1.0.3+ac8e8c593a, fabric-biome-api-v1@3.0.0+ec7e203b3a, fabric-commands-v0@0.2.0+52d308363a, fabric-registry-sync-v0@0.6.1+a4467d2a3a, textile_backup@2.0.1-1.16.3, betterf3@1.1.1, fabric-mining-levels-v0@0.1.2+b764ce993a, fabric-events-lifecycle-v0@0.2.0+16acbe5b3a, fabric-models-v0@0.1.1+f8ac1db23a, fabric-item-groups-v0@0.2.1+a4467d2a3a, fabric-object-builders-v0@0.7.1+a4467d2a3a, lithium-api@0.6.0
[14:36:30] [main/WARN]: Mod `com_github_shevek_parallelgzip` (master-SNAPSHOT) does not respect SemVer - comparison support is limited.
[14:36:30] [main/INFO]: SpongePowered MIXIN Subsystem Version=0.8.2 Source=file:/home/container/fabric-server-launch.jar Service=Knot/Fabric Env=SERVER
[14:36:33] [main/WARN]: @Mixin target net/minecraft/class_3898$class_3208 is public in fabric-networking-[14:36:43] [main/INFO]: [Textile Backup] Starting Textile Backup by Szum123321.
[14:36:44] [main/INFO]: Environment: authHost='https://authserver.mojang.com', accountsHost='https://api.mojang.com', sessionHost='https://sessionserver.mojang.com', servicesHost='https://api.minecraftservices.com', name='PROD'
[14:36:45] [main/WARN]: Ambiguity between arguments [bluemap, marker, create, id, map, x] and [bluemap, marker, create, id, map, label] with inputs: [0, -1, -.5, 1.2, .5, -1234.56]
[14:36:45] [main/WARN]: Ambiguity between arguments [bluemap, render, cancel] and [bluemap, render, world|map] with inputs: [cancel]
[14:36:45] [main/WARN]: Ambiguity between arguments [bluemap, render, prioritize] and [bluemap, render, world|map] with inputs: [prioritize]
[14:36:45] [main/WARN]: Ambiguity between arguments [bluemap, render, radius] and [bluemap, render, world|map] with inputs: [0, -123, 123]
[14:36:45] [main/WARN]: Ambiguity between arguments [bluemap, render, radius] and [bluemap, render, x] with inputs: [0, -123, 123]
[14:36:45] [main/WARN]: Ambiguity between arguments [bluemap, render, x] and [bluemap, render, radius] with inputs: [0, -1]
[14:36:45] [main/WARN]: Ambiguity between arguments [bluemap, render, x] and [bluemap, render, world|map] with inputs: [0, -1, -.5, 1.2, .5, -1234.56]
[14:36:45] [main/WARN]: Ambiguity between arguments [teleport, destination] and [teleport, targets] with inputs: [Player, 0123, @e, dd12be42-52a9-4a91-a8a1-11c01849e498]
[14:36:45] [main/WARN]: Ambiguity between arguments [teleport, location] and [teleport, destination] with inputs: [0.1 -0.5 .9, 0 0 0]
[14:36:45] [main/WARN]: Ambiguity between arguments [teleport, location] and [teleport, targets] with inputs: [0.1 -0.5 .9, 0 0 0]
[14:36:45] [main/WARN]: Ambiguity between arguments [teleport, targets] and [teleport, destination] with inputs: [Player, 0123, dd12be42-52a9-4a91-a8a1-11c01849e498]
[14:36:45] [main/WARN]: Ambiguity between arguments [teleport, targets, location] and [teleport, targets, destination] with inputs: [0.1 -0.5 .9, 0 0 0]
[14:36:45] [main/INFO]: Reloading ResourceManager: Default, bukkit, skimit-DataPack, Fabric Tool Attribute API (v1), Player Roles
[14:36:46] [Worker-Main-4/INFO]: Loaded 7 recipes
[14:36:47] [Worker-Main-4/INFO]: Loaded 927 advancements
[14:36:49] [main/INFO]: Applied 0 biome modifications to 0 of 79 new biomes in 3.634 ms
[14:36:49] [main/WARN]: [fabric-registry-sync] Could not find the following registries: minecraft:biome_source_type, minecraft:block_state_provider_type, minecraft:dimension_type, minecraft:structure_piece, minecraft:carver, minecraft:block_placer_type, minecraft:decorator, minecraft:structure_feature, minecraft:surface_builder, minecraft:foliage_placer_type, minecraft:feature, minecraft:tree_decorator_type, minecraft:structure_pool_element, minecraft:biome, minecraft:chunk_generator_type, minecraft:structure_processor
[14:36:49] [main/INFO]: [fabric-registry-sync] Loaded registry data [file 1/4]
[14:36:49] [Server thread/INFO]: Starting minecraft server version 1.16.4
[14:36:49] [Server thread/INFO]: Loading properties
[14:36:49] [Server thread/INFO]: Default game type: SURVIVAL
[14:36:49] [Server thread/INFO]: Generating keypair
[14:36:49] [Server thread/INFO]: Starting Minecraft server on 0.0.0.0:10799
[14:36:49] [Server thread/INFO]: Using epoll channel type
[14:36:49] [Server thread/WARN]: **** SERVER IS RUNNING IN OFFLINE/INSECURE MODE!
[14:36:49] [Server thread/WARN]: The server will make no attempt to authenticate usernames. Beware.
[14:36:49] [Server thread/WARN]: While this makes the game possible to play without internet access, it also opens up the ability for hackers to connect with any username they choose.
[14:36:49] [Server thread/WARN]: To change this, set "online-mode" to "true" in the server.properties file.
[14:36:49] [Server thread/INFO]: Preparing level "world"
[14:36:50] [Server thread/INFO]: [CM]: loaded setting combineXPOrbs as true from carpet.conf
[14:36:50] [Server thread/INFO]: [CM]: loaded setting onePlayerSleeping as true from carpet.conf
[14:36:50] [Server thread/INFO]: [CM]: loaded setting leadFix as true from carpet.conf
[14:36:50] [Server thread/INFO]: [CM]: loaded setting ctrlQCraftingFix as true from carpet.conf
[14:36:50] [Server thread/INFO]: [CM]: loaded setting language as zh_cn from carpet.conf
[14:36:50] [Server thread/INFO]: [CM]: loaded setting commandTick as true from carpet.conf
[14:36:50] [Server thread/INFO]: [CM]: loaded setting commandDraw as false from carpet.conf
[14:36:50] [Server thread/INFO]: [CM]: loaded setting fastRedstoneDust as true from carpet.conf
[14:36:50] [Server thread/INFO]: [CM]: loaded setting rotatorBlock as true from carpet.conf
[14:36:50] [Server thread/INFO]: [CM]: loaded setting commandPlayer as true from carpet.conf
[14:36:50] [Server thread/INFO]: [CM]: loaded setting updateSuppressionCrashFix as true from carpet.conf
[14:36:50] [Server thread/INFO]: [CM]: loaded setting reloadSuffocationFix as true from carpet.conf
[14:36:50] [Server thread/INFO]: [CM]: loaded setting antiCheatDisabled as true from carpet.conf
[14:36:50] [Server thread/INFO]: [CM]: loaded setting commandPing as true from carpet.conf
[14:36:50] [Server thread/INFO]: [CM]: loaded setting defaultLoggers as tps,mobcaps from carpet.conf
[14:36:50] [Server thread/INFO]: [CM]: loaded setting placementRotationFix as true from carpet.conf
[14:36:50] [Server thread/INFO]: [CM]: loaded setting hopperCounters as true from carpet.conf
[14:36:50] [Server thread/INFO]: [CM]: loaded setting flippinCactus as true from carpet.conf
[14:36:50] [Server thread/INFO]: [CM]: loaded setting lagFreeSpawning as true from carpet.conf
[14:36:50] [Server thread/INFO]: create world dimension: minecraft:overworld (seed: 20190827)
[14:36:50] [Server thread/INFO]: create world dimension: minecraft:the_nether (seed: 20190827)
[14:36:50] [Server thread/INFO]: create world dimension: minecraft:the_end (seed: 20190827)
[14:36:50] [Server thread/INFO]: Preparing start region for dimension minecraft:overworld
[14:36:52] [Server thread/INFO]: Preparing spawn area: 0%
[14:36:52] [Server thread/INFO]: Preparing spawn area: 0%
[14:36:52] [Server thread/INFO]: Preparing spawn area: 0%
[14:36:52] [Server thread/INFO]: Preparing spawn area: 0%
[14:36:52] [Server thread/INFO]: Preparing spawn area: 0%
[14:36:54] [Server thread/INFO]: Preparing spawn area: 0%
[14:36:54] [Server thread/INFO]: Preparing spawn area: 0%
[14:36:54] [Server thread/INFO]: Preparing spawn area: 47%
[14:36:55] [Server thread/INFO]: Time elapsed: 4300 ms
[14:36:55] [Server thread/INFO]: Done (5.080s)! For help, type "help"
[14:36:55] [Server thread/INFO]: Starting GS4 status listener
[14:36:55] [Server thread/INFO]: Thread Query Listener started
[14:36:55] [Query Listener #1/INFO]: Query running on 0.0.0.0:10799
[14:36:55] [Thread-67/INFO]: Loading BlueMap...
[14:36:55] [Thread-67/INFO]: Downloading https://launcher.mojang.com/v1/objects/653e97a2d1d76f87653f02242d243cdee48a5144/client.jar to bluemap/minecraft-client-1.16.jar ...
[14:36:55] [Thread-68/INFO]: WebServer started.
[14:37:13] [Thread-67/INFO]: Loading resources...
[14:37:13] [Thread-67/INFO]: Loading bluemap assets (1/3)...
[14:37:14] [Thread-67/INFO]: Loading realms assets (2/3)...
[14:37:14] [Thread-67/INFO]: Loading minecraft assets (3/3)...
[14:37:17] [Thread-67/INFO]: BlueMap loaded!
[14:37:27] [Server thread/INFO]: ThreadedAnvilChunkStorage (world): All chunks are saved
[14:37:27] [Thread-76/INFO]: Creating render-task for map: world
[14:37:27] [Thread-76/INFO]: Collecting chunks...
[14:37:28] [Thread-76/INFO]: 155614 chunks found!
[14:37:28] [Thread-76/INFO]: Collecting tiles...
[14:37:28] [Thread-76/INFO]: 40560 tiles found! Task created.
[14:37:28] [Thread-76/INFO]: All render tasks created! Use /bluemap to view the progress!
[14:37:34] [Server thread/INFO]: ThreadedAnvilChunkStorage (DIM-1): All chunks are saved
[14:37:34] [Thread-77/INFO]: Creating render-task for map: nether
[14:37:34] [Thread-77/INFO]: Collecting chunks...
[14:37:35] [Thread-77/INFO]: 43484 chunks found!
[14:37:35] [Thread-77/INFO]: Collecting tiles...
[14:37:35] [Thread-77/INFO]: 11485 tiles found! Task created.
[14:37:40] [Server thread/INFO]: ThreadedAnvilChunkStorage (DIM1): All chunks are saved
[14:37:40] [Thread-78/INFO]: Creating render-task for map: end
[14:37:40] [Thread-78/INFO]: Collecting chunks...
[14:37:41] [Thread-78/INFO]: 57567 chunks found!
[14:37:41] [Thread-78/INFO]: Collecting tiles...
[14:37:41] [Thread-78/INFO]: 15288 tiles found! Task created.
[14:37:45] [Server thread/INFO]: 
[14:37:45] [Server thread/INFO]: Tile-Updates:
[14:37:45] [Server thread/INFO]:  Render-Threads are running!
[14:37:45] [Server thread/INFO]:  Scheduled tile-updates: 0
[14:37:45] [Server thread/INFO]: Current task:
[14:37:45] [Server thread/INFO]:  [X] Task world-render for map skimit生存-主世界
[14:37:45] [Server thread/INFO]:  rendered 52 tiles (0.1% | 3.1t/s) in 16 seconds
[14:37:45] [Server thread/INFO]:  with 40508 tiles to go. ETA: 3 hours 40 minutes 2 seconds
[14:37:45] [Server thread/INFO]: Waiting tasks:
[14:37:45] [Server thread/INFO]:  [X][^] Task world-render for map skimit生存-下界 (11485 tiles)
[14:37:45] [Server thread/INFO]:  [X][^] Task world-render for map skimit生存-末路之地 (15288 tiles)
[14:39:12] [Server thread/INFO]: 
[14:39:12] [Server thread/INFO]: Average tick time: 1.194ms
[14:39:12] [Server thread/INFO]: Top 10 counts:
[14:39:12] [Server thread/INFO]: Top 10 CPU hogs:
[14:59:18] [Server thread/INFO]: aka213[/101.132.153.204:59653] logged in with entity id 132 at (-62.74336663102992, 128.0, 56.27994378551899)
[14:59:18] [Server thread/INFO]: aka213 joined the game
[14:59:18] [Netty Epoll Server IO #0/WARN]: Received invalid identifier in minecraft:register: legacy:fml|hs (Non [a-z0-9/._-] character in path of location: legacy:fml|hs)
[14:59:19] [Netty Epoll Server IO #0/WARN]: Player aka213 joined with another carpet version: 1.4.9+v200815
[15:00:13] [Server thread/INFO]: 
[15:00:13] [Server thread/INFO]: Average tick time: 23.417ms
[15:00:13] [Server thread/INFO]: Top 10 counts:
[15:00:13] [Server thread/INFO]:  - enderman in the_nether: 228.0
[15:00:13] [Server thread/INFO]:  - zombified_piglin in the_nether: 58.9
[15:00:13] [Server thread/INFO]:  - strider in the_nether: 49.0
[15:00:13] [Server thread/INFO]:  - shulker_box in the_nether: 25.0
[15:00:13] [Server thread/INFO]:  - item_frame in the_nether: 22.0
[15:00:13] [Server thread/INFO]:  - piglin in the_nether: 8.1
[15:00:13] [Server thread/INFO]:  - chest in the_nether: 8.0
[15:00:13] [Server thread/INFO]:  - ender_chest in the_nether: 5.0
[15:00:13] [Server thread/INFO]:  - item in the_nether: 4.0
[15:00:13] [Server thread/INFO]:  - ghast in the_nether: 1.0
[15:00:13] [Server thread/INFO]: Top 10 CPU hogs:
[15:00:13] [Server thread/INFO]:  - enderman in the_nether: 11.60ms
[15:00:13] [Server thread/INFO]:  - zombified_piglin in the_nether: 2.11ms
[15:00:13] [Server thread/INFO]:  - strider in the_nether: 1.29ms
[15:00:13] [Server thread/INFO]:  - piglin in the_nether: 0.95ms
[15:00:13] [Server thread/INFO]:  - player in the_nether: 0.12ms
[15:00:13] [Server thread/INFO]:  - item in the_nether: 0.10ms
[15:00:13] [Server thread/INFO]:  - trader_llama in the_nether: 0.08ms
[15:00:13] [Server thread/INFO]:  - ghast in the_nether: 0.08ms
[15:00:13] [Server thread/INFO]:  - shulker_box in the_nether: 0.03ms
[15:00:13] [Server thread/INFO]:  - item_frame in the_nether: 0.02ms
[15:00:18] [Server thread/INFO]: aka213 lost connection: Disconnected
[15:00:18] [Server thread/INFO]: aka213 left the game
[15:00:42] [Server thread/WARN]: Can't keep up! Is the server overloaded? Running 2637ms or 52 ticks behind
[15:00:58] [Server thread/INFO]: aka213[/101.132.153.204:38331] logged in with entity id 561 at (-52.794711952724526, 129.0, 61.74005408476011)
[15:00:58] [Server thread/INFO]: aka213 joined the game
[15:00:58] [Netty Epoll Server IO #3/WARN]: Received invalid identifier in minecraft:register: legacy:fml|hs (Non [a-z0-9/._-] character in path of location: legacy:fml|hs)
[15:00:59] [Netty Epoll Server IO #3/WARN]: Player aka213 joined with another carpet version: 1.4.9+v200815
[15:01:11] [Server thread/INFO]: aka213 lost connection: Disconnected
[15:01:11] [Server thread/INFO]: aka213 left the game
[15:02:55] [Server thread/WARN]: Can't keep up! Is the server overloaded? Running 2966ms or 59 ticks behind
[15:07:29] [Server thread/WARN]: Can't keep up! Is the server overloaded? Running 3720ms or 74 ticks behind
[15:10:30] [Server thread/WARN]: Can't keep up! Is the server overloaded? Running 3111ms or 62 ticks behind
[15:11:00] [Server thread/INFO]: 
[15:11:00] [Server thread/INFO]: Tile-Updates:
[15:11:00] [Server thread/INFO]:  Render-Threads are running!
[15:11:00] [Server thread/INFO]:  Scheduled tile-updates: 0
[15:11:00] [Server thread/INFO]: Current task:
[15:11:00] [Server thread/INFO]:  [X] Task world-render for map skimit生存-主世界
[15:11:00] [Server thread/INFO]:  rendered 10041 tiles (24.8% | 5.0t/s) in 33 minutes 29 seconds
[15:11:00] [Server thread/INFO]:  with 30519 tiles to go. ETA: 1 hour 41 minutes 48 seconds
[15:11:00] [Server thread/INFO]: Waiting tasks:
[15:11:00] [Server thread/INFO]:  [X][^] Task world-render for map skimit生存-下界 (11485 tiles)
[15:11:00] [Server thread/INFO]:  [X][^] Task world-render for map skimit生存-末路之地 (15288 tiles)
[15:13:35] [Server thread/WARN]: Can't keep up! Is the server overloaded? Running 3513ms or 70 ticks behind
[17:01:40] [Server thread/INFO]: x_aling[/101.132.153.204:36101] logged in with entity id 945 at (-42.5, 64.0, 239.5)
[17:01:40] [Server thread/INFO]: x_aling joined the game
[17:01:40] [Netty Epoll Server IO #6/WARN]: Received invalid identifier in minecraft:register: legacy:fml|hs (Non [a-z0-9/._-] character in path of location: legacy:fml|hs)
[17:03:58] [Server thread/INFO]: x_aling lost connection: Disconnected
[17:03:58] [Server thread/INFO]: x_aling left the game
[18:59:18] [Server thread/INFO]: [Textile Backup] Backup started by: Timer on: 2020-11-29_18-59-18
[18:59:18] [Server thread/INFO]: Saving server...
[18:59:18] [Server thread/INFO]: [Textile Backup] Saving server...
[18:59:18] [Server thread/INFO]: ThreadedAnvilChunkStorage (world): All chunks are saved
[18:59:18] [Server thread/INFO]: ThreadedAnvilChunkStorage (DIM-1): All chunks are saved
[18:59:18] [Server thread/INFO]: ThreadedAnvilChunkStorage (DIM1): All chunks are saved
[18:59:18] [pool-3-thread-1/INFO]: Starting backup
[18:59:18] [pool-3-thread-1/INFO]: [Textile Backup] Starting backup
[18:59:18] [pool-3-thread-1/INFO]: Starting compression...
[18:59:19] [pool-3-thread-1/ERROR]: [Textile Backup] An exception occurred!
java.util.concurrent.ExecutionException: java.io.IOException: No space left on device
	at java.util.concurrent.FutureTask.report(FutureTask.java:122) ~[?:1.8.0_275]
	at java.util.concurrent.FutureTask.get(FutureTask.java:192) ~[?:1.8.0_275]
	at org.apache.commons.compress.archivers.zip.ParallelScatterZipCreator.writeTo(ParallelScatterZipCreator.java:266) ~[9d1cfd0a-169e-430d-ad36-3f9f52d07189.jar:?]
	at net.szum123321.textile_backup.core.create.compressors.ParallelZipCompressor.createArchive(ParallelZipCompressor.java:77) [%5B%E5%A4%87%E4%BB%BD%5Dtextile_backup-2.0.1-1.16.3.jar:?]
	at net.szum123321.textile_backup.core.create.MakeBackupRunnable.run(MakeBackupRunnable.java:76) [%5B%E5%A4%87%E4%BB%BD%5Dtextile_backup-2.0.1-1.16.3.jar:?]
	at java.util.concurrent.Executors$RunnableAdapter.call(Executors.java:511) [?:1.8.0_275]
	at java.util.concurrent.FutureTask.run(FutureTask.java:266) [?:1.8.0_275]
	at java.util.concurrent.ThreadPoolExecutor.runWorker(ThreadPoolExecutor.java:1149) [?:1.8.0_275]
	at java.util.concurrent.ThreadPoolExecutor$Worker.run(ThreadPoolExecutor.java:624) [?:1.8.0_275]
	at java.lang.Thread.run(Thread.java:748) [?:1.8.0_275]
Caused by: java.io.IOException: No space left on device
	at sun.nio.ch.FileDispatcherImpl.write0(Native Method) ~[?:1.8.0_275]
	at sun.nio.ch.FileDispatcherImpl.write(FileDispatcherImpl.java:60) ~[?:1.8.0_275]
	at sun.nio.ch.IOUtil.writeFromNativeBuffer(IOUtil.java:93) ~[?:1.8.0_275]
	at sun.nio.ch.IOUtil.write(IOUtil.java:65) ~[?:1.8.0_275]
	at sun.nio.ch.FileChannelImpl.write(FileChannelImpl.java:211) ~[?:1.8.0_275]
	at java.nio.channels.Channels.writeFullyImpl(Channels.java:78) ~[?:1.8.0_275]
	at java.nio.channels.Channels.writeFully(Channels.java:101) ~[?:1.8.0_275]
	at java.nio.channels.Channels.access$000(Channels.java:61) ~[?:1.8.0_275]
	at java.nio.channels.Channels$1.write(Channels.java:174) ~[?:1.8.0_275]
	at org.apache.commons.compress.parallel.FileBasedScatterGatherBackingStore.writeOut(FileBasedScatterGatherBackingStore.java:65) ~[9d1cfd0a-169e-430d-ad36-3f9f52d07189.jar:?]
	at org.apache.commons.compress.archivers.zip.StreamCompressor$ScatterGatherBackingStoreCompressor.writeOut(StreamCompressor.java:291) ~[9d1cfd0a-169e-430d-ad36-3f9f52d07189.jar:?]
	at org.apache.commons.compress.archivers.zip.StreamCompressor.writeCounted(StreamCompressor.java:273) ~[9d1cfd0a-169e-430d-ad36-3f9f52d07189.jar:?]
	at org.apache.commons.compress.archivers.zip.StreamCompressor.deflate(StreamCompressor.java:264) ~[9d1cfd0a-169e-430d-ad36-3f9f52d07189.jar:?]
	at org.apache.commons.compress.archivers.zip.StreamCompressor.deflateUntilInputIsNeeded(StreamCompressor.java:257) ~[9d1cfd0a-169e-430d-ad36-3f9f52d07189.jar:?]
	at org.apache.commons.compress.archivers.zip.StreamCompressor.writeDeflated(StreamCompressor.java:238) ~[9d1cfd0a-169e-430d-ad36-3f9f52d07189.jar:?]
	at org.apache.commons.compress.archivers.zip.StreamCompressor.write(StreamCompressor.java:205) ~[9d1cfd0a-169e-430d-ad36-3f9f52d07189.jar:?]
	at org.apache.commons.compress.archivers.zip.StreamCompressor.deflate(StreamCompressor.java:184) ~[9d1cfd0a-169e-430d-ad36-3f9f52d07189.jar:?]
	at org.apache.commons.compress.archivers.zip.ScatterZipOutputStream.addArchiveEntry(ScatterZipOutputStream.java:100) ~[9d1cfd0a-169e-430d-ad36-3f9f52d07189.jar:?]
	at org.apache.commons.compress.archivers.zip.ParallelScatterZipCreator$3.call(ParallelScatterZipCreator.java:210) ~[9d1cfd0a-169e-430d-ad36-3f9f52d07189.jar:?]
	at org.apache.commons.compress.archivers.zip.ParallelScatterZipCreator$3.call(ParallelScatterZipCreator.java:206) ~[9d1cfd0a-169e-430d-ad36-3f9f52d07189.jar:?]
	... 4 more
[18:59:19] [pool-3-thread-1/ERROR]: Something went wrong while compressing files!
[18:59:19] [pool-3-thread-1/INFO]: Compression took: 00.968 seconds.
[18:59:20] [pool-3-thread-1/INFO]: Done!
[18:59:20] [pool-3-thread-1/INFO]: [Textile Backup] Done!
