[23:56:56] [main/INFO]: Loading for game Minecraft 1.16.4
[23:56:57] [ForkJoinPool-1-worker-3/WARN]: The mod "cotton-logging" contains invalid entries in its mod json:
- Unsupported root entry "licence" at line 7 column 12
[23:56:57] [ForkJoinPool-1-worker-3/WARN]: The mod "cotton-config" contains invalid entries in its mod json:
- Unsupported root entry "licence" at line 7 column 12
[23:56:57] [main/FATAL]: A critical error occurred
net.fabricmc.loader.discovery.ModResolutionException: Could not find required mod: textile_backup requires {fabric @ [*]}
	at net.fabricmc.loader.discovery.ModResolver.findCompatibleSet(ModResolver.java:173) ~[fabric-server-launch.jar:?]
	at net.fabricmc.loader.discovery.ModResolver.resolve(ModResolver.java:739) ~[fabric-server-launch.jar:?]
	at net.fabricmc.loader.FabricLoader.setup(FabricLoader.java:210) ~[fabric-server-launch.jar:?]
	at net.fabricmc.loader.FabricLoader.load(FabricLoader.java:200) [fabric-server-launch.jar:?]
	at net.fabricmc.loader.launch.knot.Knot.init(Knot.java:128) [fabric-server-launch.jar:?]
	at net.fabricmc.loader.launch.knot.KnotServer.main(KnotServer.java:27) [fabric-server-launch.jar:?]
	at jdk.internal.reflect.NativeMethodAccessorImpl.invoke0(Native Method) ~[?:?]
	at jdk.internal.reflect.NativeMethodAccessorImpl.invoke(NativeMethodAccessorImpl.java:64) ~[?:?]
	at jdk.internal.reflect.DelegatingMethodAccessorImpl.invoke(DelegatingMethodAccessorImpl.java:43) ~[?:?]
	at java.lang.reflect.Method.invoke(Method.java:564) ~[?:?]
	at net.fabricmc.loader.launch.server.FabricServerLauncher.launch(FabricServerLauncher.java:62) [fabric-server-launch.jar:?]
	at net.fabricmc.loader.launch.server.FabricServerLauncher.setup(FabricServerLauncher.java:106) [fabric-server-launch.jar:?]
	at net.fabricmc.loader.launch.server.FabricServerLauncher.main(FabricServerLauncher.java:50) [fabric-server-launch.jar:?]
Caused by: net.fabricmc.loader.util.sat4j.specs.ContradictionException: Creating Empty clause ?
	at net.fabricmc.loader.util.sat4j.minisat.constraints.cnf.Clauses.propagationCheck(Clauses.java:117) ~[fabric-server-launch.jar:?]
	at net.fabricmc.loader.util.sat4j.minisat.constraints.cnf.Clauses.sanityCheck(Clauses.java:97) ~[fabric-server-launch.jar:?]
	at net.fabricmc.loader.util.sat4j.minisat.constraints.MixedDataStructureDanielWL.createClause(MixedDataStructureDanielWL.java:81) ~[fabric-server-launch.jar:?]
	at net.fabricmc.loader.util.sat4j.minisat.core.Solver.addClause(Solver.java:401) ~[fabric-server-launch.jar:?]
	at net.fabricmc.loader.discovery.ModResolver.findCompatibleSet(ModResolver.java:170) ~[fabric-server-launch.jar:?]
	... 12 more
