[02:06:25] [main/INFO]: Loading for game Minecraft 1.16.2
[02:06:25] [main/INFO]: [FabricLoader] Loading 52 mods: fabric-renderer-api-v1@0.2.13+eae12eb84e, fabric-keybindings-v0@0.2.0+3fa9f7c54e, fabricloader@0.9.1+build.205, bbor@2.3-1.16.1, com_github_shevek_parallelgzip@master-SNAPSHOT, fabric-containers-v0@0.1.8+045df74f4e, fabric-object-builder-api-v1@1.5.7+ad64ee684e, fabric-game-rule-api-v1@1.0.1+91555cd14e, fabric-api-base@0.1.3+12a8474c4e, fabric-rendering-data-attachment-v1@0.1.3+b7f9825d4e, fabric-textures-v0@1.0.4+eae12eb84e, fabric-rendering-fluids-v1@0.1.10+e5d3217f4e, cotton-logging@1.0.0-rc.4, fabric-blockrenderlayer-v1@1.1.4+c6a8ea894e, fabric-lifecycle-events-v1@1.2.0+74cc3b204e, fabric-renderer-registries-v1@2.1.0+e2862de64e, carpet-extra@1.4.5, fabric-loot-tables-v1@1.0.0+fac8f3664e, fabric@0.17.2+build.396-1.16, carpet@1.4.7, fabric-particles-v1@0.2.1+0a6f2a704e, fabric-networking-v0@0.1.10+e00ecb5f4e, cotton-config@1.0.0-rc.7, fabric-screen-handler-api-v1@1.1.0+872498414e, minecraft@1.16.2, here@0.0.10-mc1.16, fabric-networking-blockentity-v0@0.2.5+b50ffc7b4e, jankson@3.0.0+j1.2.0, fabric-command-api-v1@1.0.8+5ce533984e, phosphor@0.6.0+build.7, fabric-tool-attribute-api-v1@1.2.1+02fb8fda4e, fabric-renderer-indigo@0.3.4+5d32f5834e, player-roles@1.0.2, org_apache_commons_commons-compress@1.19, fabric-crash-report-info-v1@0.1.2+b7f9825d4e, fabric-events-interaction-v0@0.3.3+7066030f4e, fabric-item-api-v1@1.0.0+16acbe5b4e, fabric-rendering-v0@1.1.0+534104904e, fabric-rendering-v1@1.1.2+346247d74e, fabric-key-binding-api-v1@1.0.1+730711c64e, org_tukaani_xz@1.8, fabric-resource-loader-v0@0.2.9+e5d3217f4e, fabric-content-registries-v0@0.1.9+059ea8664e, fabric-tag-extensions-v0@1.0.3+ac8e8c594e, fabric-commands-v0@0.2.0+52d308364e, fabric-registry-sync-v0@0.4.3+e5d3217f4e, textile_backup@1.4.0-1.16.1, fabric-mining-levels-v0@0.1.2+b764ce994e, fabric-events-lifecycle-v0@0.2.0+16acbe5b4e, fabric-item-groups-v0@0.2.0+438f96364e, fabric-models-v0@0.1.0+dfdb52d64e, fabric-object-builders-v0@0.6.1+ba4afa574e
[02:06:25] [main/WARN]: Mod `com_github_shevek_parallelgzip` (master-SNAPSHOT) does not respect SemVer - comparison support is limited.
[02:06:25] [main/INFO]: SpongePowered MIXIN Subsystem Version=0.8.1 Source=file:/srv/skimit_survival/fabric-server-launch.jar Service=Knot/Fabric Env=SERVER
[02:06:37] [main/INFO]: Environment: authHost='https://authserver.mojang.com', accountsHost='https://api.mojang.com', sessionHost='https://sessionserver.mojang.com', name='PROD'
[02:06:38] [main/INFO]: Found new data pack fabric/player-roles, loading it automatically
[02:06:39] [main/WARN]: Ambiguity between arguments [teleport, destination] and [teleport, targets] with inputs: [Player, 0123, @e, dd12be42-52a9-4a91-a8a1-11c01849e498]
[02:06:39] [main/WARN]: Ambiguity between arguments [teleport, location] and [teleport, destination] with inputs: [0.1 -0.5 .9, 0 0 0]
[02:06:39] [main/WARN]: Ambiguity between arguments [teleport, location] and [teleport, targets] with inputs: [0.1 -0.5 .9, 0 0 0]
[02:06:39] [main/WARN]: Ambiguity between arguments [teleport, targets] and [teleport, destination] with inputs: [Player, 0123, dd12be42-52a9-4a91-a8a1-11c01849e498]
[02:06:39] [main/WARN]: Ambiguity between arguments [teleport, targets, location] and [teleport, targets, destination] with inputs: [0.1 -0.5 .9, 0 0 0]
[02:06:39] [main/INFO]: Reloading ResourceManager: Default, bukkit, Fabric Tool Attribute API (v1), FZ.sDatapack-1.5.0-SNAPSHOT-dev.20200411.0751.zip, Player Roles
[02:06:41] [Worker-Main-5/INFO]: Loaded 7 recipes
[02:06:42] [Worker-Main-5/INFO]: Loaded 927 advancements
[02:06:44] [main/WARN]: [fabric-registry-sync] Could not find the following registries: minecraft:biome_source_type, minecraft:block_state_provider_type, minecraft:dimension_type, minecraft:structure_piece, minecraft:carver, minecraft:block_placer_type, minecraft:decorator, minecraft:structure_feature, minecraft:surface_builder, minecraft:foliage_placer_type, minecraft:feature, minecraft:tree_decorator_type, minecraft:structure_pool_element, minecraft:biome, minecraft:chunk_generator_type, minecraft:structure_processor
[02:06:44] [main/INFO]: [fabric-registry-sync] Loaded registry data [file 1/4]
[02:06:44] [Server thread/INFO]: Starting minecraft server version 1.16.2
[02:06:44] [Server thread/INFO]: Loading properties
[02:06:44] [Server thread/INFO]: Default game type: SURVIVAL
[02:06:44] [Server thread/INFO]: Generating keypair
[02:06:45] [Server thread/INFO]: Starting Minecraft server on *:26555
[02:06:45] [Server thread/INFO]: Using epoll channel type
[02:06:45] [Server thread/WARN]: **** SERVER IS RUNNING IN OFFLINE/INSECURE MODE!
[02:06:45] [Server thread/WARN]: The server will make no attempt to authenticate usernames. Beware.
[02:06:45] [Server thread/WARN]: While this makes the game possible to play without internet access, it also opens up the ability for hackers to connect with any username they choose.
[02:06:45] [Server thread/WARN]: To change this, set "online-mode" to "true" in the server.properties file.
[02:06:45] [Server thread/INFO]: Preparing level "world"
[02:06:45] [Server thread/ERROR]: [CM]: Carpet Mod Setting portalSuffocationFix is not a valid - ignoring...
[02:06:45] [Server thread/INFO]: [CM]: loaded setting commandDraw as false from carpet.conf
[02:06:45] [Server thread/INFO]: [CM]: loaded setting rotatorBlock as true from carpet.conf
[02:06:45] [Server thread/INFO]: [CM]: loaded setting combineXPOrbs as true from carpet.conf
[02:06:45] [Server thread/INFO]: [CM]: loaded setting onePlayerSleeping as true from carpet.conf
[02:06:45] [Server thread/INFO]: [CM]: loaded setting leadFix as true from carpet.conf
[02:06:45] [Server thread/INFO]: [CM]: loaded setting antiCheatDisabled as true from carpet.conf
[02:06:45] [Server thread/INFO]: [CM]: loaded setting defaultLoggers as tps,mobcaps from carpet.conf
[02:06:45] [Server thread/INFO]: [CM]: loaded setting unloadedEntityFix as true from carpet.conf
[02:06:45] [Server thread/INFO]: [CM]: loaded setting ctrlQCraftingFix as true from carpet.conf
[02:06:45] [Server thread/INFO]: [CM]: loaded setting language as zh_cn from carpet.conf
[02:06:45] [Server thread/INFO]: [CM]: loaded setting commandTick as false from carpet.conf
[02:06:46] [Server thread/INFO]: create world dimension: minecraft:overworld (seed: 20190827)
[02:06:46] [Server thread/INFO]: create world dimension: minecraft:the_nether (seed: 20190827)
[02:06:46] [Server thread/INFO]: create world dimension: minecraft:the_end (seed: 20190827)
[02:06:46] [Server thread/INFO]: Preparing start region for dimension minecraft:overworld
[02:06:53] [Server thread/INFO]: Preparing spawn area: 0%
[02:06:53] [Server thread/INFO]: Preparing spawn area: 0%
[02:06:53] [Server thread/INFO]: Preparing spawn area: 0%
[02:06:53] [Server thread/INFO]: Preparing spawn area: 0%
[02:06:53] [Server thread/INFO]: Preparing spawn area: 0%
[02:06:53] [Server thread/INFO]: Preparing spawn area: 0%
[02:06:53] [Server thread/INFO]: Preparing spawn area: 0%
[02:06:53] [Server thread/INFO]: Preparing spawn area: 0%
[02:06:53] [Server thread/INFO]: Preparing spawn area: 0%
[02:06:53] [Server thread/INFO]: Preparing spawn area: 0%
[02:06:53] [Server thread/INFO]: Preparing spawn area: 0%
[02:06:53] [Server thread/INFO]: Preparing spawn area: 0%
[02:06:53] [Server thread/INFO]: Preparing spawn area: 0%
[02:06:53] [Server thread/INFO]: Preparing spawn area: 0%
[02:06:54] [Server thread/INFO]: Preparing spawn area: 0%
[02:06:54] [Server thread/INFO]: Preparing spawn area: 0%
[02:06:54] [Server thread/INFO]: Preparing spawn area: 0%
[02:06:54] [Server thread/INFO]: Preparing spawn area: 83%
[02:06:56] [Server thread/INFO]: Time elapsed: 10175 ms
[02:06:56] [Server thread/INFO]: Done (10.947s)! For help, type "help"
[02:06:56] [Server thread/INFO]: Starting remote control listener
[02:06:56] [Server thread/INFO]: Thread RCON Listener started
[02:06:56] [Server thread/INFO]: RCON running on 0.0.0.0:796
[02:15:31] [Server thread/INFO]: MAX_XiaoKui[/127.0.0.1:57797] logged in with entity id 246 at (-136.70329478098802, 85.0, 217.10299525216578)
[02:15:31] [Server thread/INFO]: MAX_XiaoKui joined the game
[02:15:31] [Server thread/INFO]: MAX_XiaoKui lost connection: Disconnected
[02:15:31] [Server thread/INFO]: MAX_XiaoKui left the game
[02:15:34] [Server thread/INFO]: MAX_XiaoKui[/127.0.0.1:48598] logged in with entity id 248 at (-136.70329478098802, 85.0, 217.10299525216578)
[02:15:34] [Server thread/INFO]: MAX_XiaoKui joined the game
[02:15:34] [Server thread/INFO]: MAX_XiaoKui lost connection: Disconnected
[02:15:34] [Server thread/INFO]: MAX_XiaoKui left the game
[02:23:45] [Server thread/INFO]: MAX_XiaoKui[/127.0.0.1:41873] logged in with entity id 252 at (-136.70329478098802, 85.0, 217.10299525216578)
[02:23:45] [Server thread/INFO]: MAX_XiaoKui joined the game
[02:23:45] [Server thread/INFO]: MAX_XiaoKui lost connection: Disconnected
[02:23:45] [Server thread/INFO]: MAX_XiaoKui left the game
[02:30:03] [Server thread/INFO]: MAX_XiaoKui[/127.0.0.1:39550] logged in with entity id 256 at (-136.70329478098802, 85.0, 217.10299525216578)
[02:30:03] [Server thread/INFO]: MAX_XiaoKui joined the game
[02:30:03] [Server thread/INFO]: MAX_XiaoKui lost connection: Disconnected
[02:30:03] [Server thread/INFO]: MAX_XiaoKui left the game
[03:15:31] [Server thread/INFO]: Backup started by: Timer on: 2020-08-12_03-15-31
[03:15:31] [Server thread/INFO]: Saving server...
[03:15:31] [Server thread/INFO]: ThreadedAnvilChunkStorage (world): All chunks are saved
[03:15:31] [Server thread/INFO]: ThreadedAnvilChunkStorage (DIM-1): All chunks are saved
[03:15:31] [Server thread/INFO]: ThreadedAnvilChunkStorage (DIM1): All chunks are saved
[03:15:31] [pool-3-thread-1/INFO]: Starting backup
[03:15:31] [pool-3-thread-1/INFO]: Starting compression...
[03:15:34] [pool-3-thread-1/INFO]: Compression took: 03.252 seconds.
[03:15:34] [pool-3-thread-1/INFO]: Deleting: 2020-08-11_12-09-50.zip
[03:15:34] [pool-3-thread-1/INFO]: Done!
[04:05:28] [Server thread/INFO]: MAX_XiaoKui[/127.0.0.1:50082] logged in with entity id 260 at (-136.70329478098802, 85.0, 217.10299525216578)
[04:05:28] [Server thread/INFO]: MAX_XiaoKui joined the game
[04:05:28] [Server thread/INFO]: MAX_XiaoKui lost connection: Disconnected
[04:05:28] [Server thread/INFO]: MAX_XiaoKui left the game
[05:01:30] [Server thread/INFO]: Stopping the server
[05:01:30] [Server thread/INFO]: Unknown or incomplete command, see below for error
[05:01:30] [Server thread/INFO]: end<--[HERE]
[05:01:30] [Server thread/INFO]: Unknown or incomplete command, see below for error
[05:01:30] [Server thread/INFO]: exit<--[HERE]
[05:01:30] [Server thread/INFO]: Stopping server
[05:01:30] [Server thread/INFO]: Saving players
[05:01:30] [Server thread/INFO]: Saving worlds
[05:01:30] [Server thread/INFO]: Saving chunks for level 'ServerLevel[world]'/minecraft:overworld
[05:01:31] [Server thread/INFO]: ThreadedAnvilChunkStorage (world): All chunks are saved
[05:01:31] [Server thread/INFO]: Saving chunks for level 'ServerLevel[world]'/minecraft:the_nether
[05:01:31] [Server thread/INFO]: ThreadedAnvilChunkStorage (DIM-1): All chunks are saved
[05:01:31] [Server thread/INFO]: Saving chunks for level 'ServerLevel[world]'/minecraft:the_end
[05:01:31] [Server thread/INFO]: ThreadedAnvilChunkStorage (DIM1): All chunks are saved
[05:01:31] [Server thread/INFO]: Backup started by: Server Shutdown on: 2020-08-12_05-01-31
[05:01:31] [pool-3-thread-1/INFO]: Starting backup
[05:01:31] [pool-3-thread-1/INFO]: Starting compression...
[05:01:31] [Server thread/INFO]: ThreadedAnvilChunkStorage (world): All chunks are saved
[05:01:31] [Server thread/INFO]: ThreadedAnvilChunkStorage (DIM-1): All chunks are saved
[05:01:31] [Server thread/INFO]: ThreadedAnvilChunkStorage (DIM1): All chunks are saved
[05:01:31] [Server thread/INFO]: Thread RCON Listener stopped
[05:01:34] [pool-3-thread-1/INFO]: Compression took: 02.989 seconds.
[05:01:34] [pool-3-thread-1/INFO]: Deleting: 2020-08-11_13-09-49.zip
[05:01:34] [pool-3-thread-1/INFO]: Done!
