[00:52:58] [Server thread/INFO]: Player shuijiao is already logged on
[01:52:57] [Server thread/INFO]: Player shuijiao is already logged on
[02:52:59] [Server thread/INFO]: Player shuijiao is already logged on
[02:58:22] [Server thread/INFO]: na2hco3_CN[/101.132.153.204:41767] logged in with entity id 48820 at (-107.38678529089168, 63.0, 525.4735144680851)
[02:58:22] [Server thread/INFO]: na2hco3_CN joined the game
[02:58:22] [Netty Epoll Server IO #0/WARN]: Received invalid identifier in minecraft:register: legacy:fml|hs (Non [a-z0-9/._-] character in path of location: legacy:fml|hs)
[02:58:23] [Netty Epoll Server IO #0/WARN]: Player na2hco3_CN joined with another carpet version: 1.4.8+v200811
[03:01:01] [Server thread/WARN]: Mismatch in destroy block pos: class_2338{x=-17, y=67, z=553} class_2338{x=-17, y=67, z=554}
[03:01:01] [Server thread/WARN]: Mismatch in destroy block pos: class_2338{x=-17, y=67, z=553} class_2338{x=-17, y=67, z=554}
[03:04:52] [Server thread/WARN]: Mismatch in destroy block pos: class_2338{x=-46, y=67, z=510} class_2338{x=-39, y=67, z=510}
[03:04:52] [Server thread/WARN]: Mismatch in destroy block pos: class_2338{x=-46, y=67, z=510} class_2338{x=-39, y=67, z=510}
[03:04:52] [Server thread/WARN]: Mismatch in destroy block pos: class_2338{x=-46, y=67, z=510} class_2338{x=-39, y=67, z=510}
[03:04:52] [Server thread/WARN]: Mismatch in destroy block pos: class_2338{x=-46, y=67, z=510} class_2338{x=-39, y=67, z=510}
[03:04:52] [Server thread/WARN]: Mismatch in destroy block pos: class_2338{x=-46, y=67, z=510} class_2338{x=-39, y=67, z=510}
[03:04:52] [Server thread/WARN]: Mismatch in destroy block pos: class_2338{x=-46, y=67, z=510} class_2338{x=-39, y=67, z=510}
[03:12:28] [Server thread/WARN]: Mismatch in destroy block pos: class_2338{x=-67, y=67, z=466} class_2338{x=-66, y=66, z=466}
[03:12:28] [Server thread/WARN]: Mismatch in destroy block pos: class_2338{x=-67, y=67, z=466} class_2338{x=-66, y=66, z=466}
[03:15:27] [Server thread/WARN]: Mismatch in destroy block pos: class_2338{x=-45, y=66, z=501} class_2338{x=-46, y=66, z=501}
[03:15:27] [Server thread/WARN]: Mismatch in destroy block pos: class_2338{x=-45, y=66, z=501} class_2338{x=-46, y=66, z=501}
[03:16:50] [Server thread/WARN]: Mismatch in destroy block pos: class_2338{x=-44, y=65, z=563} class_2338{x=-44, y=66, z=562}
[03:16:50] [Server thread/WARN]: Mismatch in destroy block pos: class_2338{x=-44, y=65, z=563} class_2338{x=-44, y=66, z=562}
[03:16:56] [Server thread/WARN]: Mismatch in destroy block pos: class_2338{x=-44, y=63, z=571} class_2338{x=-44, y=64, z=571}
[03:16:58] [Server thread/WARN]: Mismatch in destroy block pos: class_2338{x=-44, y=63, z=573} class_2338{x=-43, y=63, z=572}
[03:16:58] [Server thread/WARN]: Mismatch in destroy block pos: class_2338{x=-44, y=63, z=573} class_2338{x=-43, y=63, z=571}
[03:16:58] [Server thread/WARN]: Mismatch in destroy block pos: class_2338{x=-44, y=63, z=573} class_2338{x=-43, y=63, z=571}
[03:16:58] [Server thread/WARN]: Mismatch in destroy block pos: class_2338{x=-44, y=63, z=573} class_2338{x=-43, y=63, z=571}
[03:16:59] [Server thread/WARN]: Mismatch in destroy block pos: class_2338{x=-44, y=63, z=573} class_2338{x=-43, y=63, z=571}
[03:16:59] [Server thread/WARN]: Mismatch in destroy block pos: class_2338{x=-44, y=63, z=573} class_2338{x=-43, y=63, z=571}
[03:16:59] [Server thread/WARN]: Mismatch in destroy block pos: class_2338{x=-44, y=63, z=573} class_2338{x=-43, y=63, z=571}
[03:16:59] [Server thread/WARN]: Mismatch in destroy block pos: class_2338{x=-44, y=63, z=573} class_2338{x=-43, y=63, z=571}
[03:17:00] [Server thread/WARN]: Mismatch in destroy block pos: class_2338{x=-44, y=63, z=575} class_2338{x=-43, y=64, z=575}
[03:18:36] [Server thread/INFO]: [na2hco3_CN: Triggered [config] (set value to 1478966211)]
[03:18:38] [Server thread/INFO]: [na2hco3_CN: Triggered [config] (set value to 1478966210)]
[03:18:51] [Server thread/WARN]: Mismatch in destroy block pos: class_2338{x=-55, y=65, z=573} class_2338{x=-54, y=63, z=574}
[03:18:55] [Server thread/INFO]: [na2hco3_CN: Triggered [config] (set value to 1478966212)]
[03:19:01] [Server thread/INFO]: [na2hco3_CN: Triggered [config] (set value to 1478966216)]
[03:19:06] [Server thread/INFO]: [na2hco3_CN: Triggered [config] (set value to 1478966217)]
[03:19:12] [Server thread/INFO]: [na2hco3_CN: Triggered [config] (set value to 1478966212)]
[03:21:01] [Server thread/WARN]: Mismatch in destroy block pos: class_2338{x=-62, y=65, z=560} class_2338{x=-64, y=63, z=559}
[03:27:11] [Server thread/WARN]: Mismatch in destroy block pos: class_2338{x=-58, y=65, z=546} class_2338{x=-59, y=64, z=544}
[03:27:14] [Server thread/WARN]: Mismatch in destroy block pos: class_2338{x=-59, y=65, z=548} class_2338{x=-58, y=64, z=548}
[03:35:31] [Server thread/INFO]: [na2hco3_CN: Triggered [config] (set value to 1478966210)]
[03:40:32] [Server thread/INFO]: Scanning for legacy world dragon fight...
[03:40:32] [Server thread/INFO]: Found that the dragon has been killed in this world already.
[03:42:46] [Server thread/WARN]: Fetching packet for removed entity class_1542['Air'/72082, l='ServerLevel[world]', x=-42.50, y=204.00, z=240.00]
[03:42:46] [Server thread/WARN]: Fetching packet for removed entity class_1542['Air'/72083, l='ServerLevel[world]', x=-42.50, y=204.00, z=240.00]
[03:42:46] [Server thread/WARN]: Fetching packet for removed entity class_1542['Air'/72084, l='ServerLevel[world]', x=-42.50, y=204.00, z=240.00]
[03:42:47] [Server thread/WARN]: Fetching packet for removed entity class_1542['Air'/72107, l='ServerLevel[world]', x=-42.50, y=204.00, z=240.00]
[03:42:47] [Server thread/WARN]: Fetching packet for removed entity class_1542['Air'/72108, l='ServerLevel[world]', x=-42.50, y=204.00, z=240.00]
[03:42:47] [Server thread/WARN]: Fetching packet for removed entity class_1542['Air'/72109, l='ServerLevel[world]', x=-42.50, y=204.00, z=240.00]
[03:43:01] [Server thread/WARN]: Fetching packet for removed entity class_1542['Air'/72596, l='ServerLevel[world]', x=-42.50, y=204.00, z=240.00]
[03:43:01] [Server thread/WARN]: Fetching packet for removed entity class_1542['Air'/72597, l='ServerLevel[world]', x=-42.50, y=204.00, z=240.00]
[03:43:01] [Server thread/WARN]: Fetching packet for removed entity class_1542['Air'/72598, l='ServerLevel[world]', x=-42.50, y=204.00, z=240.00]
[03:47:19] [Server thread/INFO]: na2hco3_CN lost connection: Disconnected
[03:47:19] [Server thread/INFO]: na2hco3_CN left the game
[03:52:59] [Server thread/INFO]: Player shuijiao is already logged on
[04:52:57] [Server thread/INFO]: Player shuijiao is already logged on
[05:52:58] [Server thread/INFO]: Player shuijiao is already logged on
[06:52:58] [Server thread/INFO]: Player shuijiao is already logged on
[07:46:17] [Server thread/WARN]: Fetching packet for removed entity class_1542['Air'/79189, l='ServerLevel[world]', x=-89.44, y=7.00, z=282.27]
[07:52:59] [Server thread/INFO]: Player shuijiao is already logged on
[08:52:56] [Server thread/INFO]: Player shuijiao is already logged on
[09:52:57] [Server thread/INFO]: Player shuijiao is already logged on
[10:52:57] [Server thread/INFO]: Player shuijiao is already logged on
[11:52:57] [Server thread/INFO]: Player shuijiao is already logged on
[12:52:58] [Server thread/INFO]: Player shuijiao is already logged on
[13:52:58] [Server thread/INFO]: Player shuijiao is already logged on
[14:52:55] [Server thread/INFO]: Player shuijiao is already logged on
[15:52:56] [Server thread/INFO]: Player shuijiao is already logged on
[16:52:56] [Server thread/INFO]: Player shuijiao is already logged on
[17:52:56] [Server thread/INFO]: Player shuijiao is already logged on
[18:52:56] [Server thread/INFO]: Player shuijiao is already logged on
[19:52:57] [Server thread/INFO]: Player shuijiao is already logged on
[20:52:57] [Server thread/INFO]: Player shuijiao is already logged on
[21:43:13] [Server thread/INFO]: na2hco3_CN[/101.132.153.204:44719] logged in with entity id 90917 at (-167.7177319233665, 63.0, 516.952300181056)
[21:43:13] [Server thread/INFO]: na2hco3_CN joined the game
[21:43:13] [Netty Epoll Server IO #1/WARN]: Received invalid identifier in minecraft:register: legacy:fml|hs (Non [a-z0-9/._-] character in path of location: legacy:fml|hs)
[21:43:13] [Netty Epoll Server IO #1/WARN]: Player na2hco3_CN joined with another carpet version: 1.4.8+v200811
[21:52:36] [Server thread/WARN]: Unable to resolve BlockEntity for ItemStack: minecraft:air
[21:52:36] [Server thread/WARN]: Unable to resolve BlockEntity for ItemStack: minecraft:air
[21:52:55] [Server thread/INFO]: Player shuijiao is already logged on
[22:00:57] [Server thread/INFO]: <na2hco3_CN> -188 -685
[22:01:04] [Server thread/WARN]: Entity class_1674['Fireball'/95999, l='ServerLevel[world]', x=-245.33, y=547.52, z=-544.33] left loaded chunk area
[22:01:16] [Server thread/INFO]: <na2hco3_CN> -23 -86
[22:51:11] [Server thread/INFO]: Villager class_1646['Butcher'/106974, l='ServerLevel[world]', x=-192.24, y=64.90, z=-684.27] died, message: 'Butcher suffocated in a wall'
[22:52:55] [Server thread/INFO]: Player shuijiao is already logged on
[22:57:01] [Server thread/WARN]: Mismatch in destroy block pos: class_2338{x=-193, y=65, z=-685} class_2338{x=-192, y=64, z=-682}
[23:01:26] [Server thread/INFO]: Villager class_1646['Villager'/106973, l='ServerLevel[world]', x=-189.75, y=65.06, z=-681.75] died, message: 'Villager was slain by Husk'
[23:03:22] [Server thread/INFO]: <na2hco3_CN> 我日你先人
[23:03:30] [Server thread/INFO]: <na2hco3_CN> 主世界做了
[23:22:30] [Server thread/INFO]: na2hco3_CN lost connection: Disconnected
[23:22:30] [Server thread/INFO]: na2hco3_CN left the game
[23:22:37] [Server thread/INFO]: na2hco3_CN[/101.132.153.204:44751] logged in with entity id 113564 at (-87.09248393130316, 114.0, 518.1609982807545)
[23:22:37] [Server thread/INFO]: na2hco3_CN joined the game
[23:22:37] [Netty Epoll Server IO #6/WARN]: Received invalid identifier in minecraft:register: legacy:fml|hs (Non [a-z0-9/._-] character in path of location: legacy:fml|hs)
[23:22:37] [Netty Epoll Server IO #6/WARN]: Player na2hco3_CN joined with another carpet version: 1.4.8+v200811
[23:52:55] [Server thread/INFO]: Player shuijiao is already logged on
