[00:00:00] [Server thread/INFO]: Player shuijiao is already logged on
[00:10:00] [Server thread/INFO]: Player shuijiao is already logged on
[00:20:00] [Server thread/INFO]: Player shuijiao is already logged on
[00:30:00] [Server thread/INFO]: Player shuijiao is already logged on
[00:40:00] [Server thread/INFO]: Player shuijiao is already logged on
[00:50:00] [Server thread/INFO]: Player shuijiao is already logged on
[01:00:00] [Server thread/INFO]: Player shuijiao is already logged on
[01:10:00] [Server thread/INFO]: Player shuijiao is already logged on
[01:20:00] [Server thread/INFO]: Player shuijiao is already logged on
[01:30:00] [Server thread/INFO]: Player shuijiao is already logged on
[01:40:00] [Server thread/INFO]: [Textile Backup] Backup started by: Timer on: 2020-10-14_01-40-00
[01:40:00] [Server thread/INFO]: Saving server...
[01:40:00] [Server thread/INFO]: [Textile Backup] Saving server...
[01:40:00] [Server thread/INFO]: ThreadedAnvilChunkStorage (world): All chunks are saved
[01:40:00] [Server thread/INFO]: ThreadedAnvilChunkStorage (DIM-1): All chunks are saved
[01:40:00] [Server thread/INFO]: ThreadedAnvilChunkStorage (DIM1): All chunks are saved
[01:40:00] [pool-3-thread-1/INFO]: Starting backup
[01:40:00] [pool-3-thread-1/INFO]: [Textile Backup] Starting backup
[01:40:00] [pool-3-thread-1/INFO]: Starting compression...
[01:40:00] [Server thread/INFO]: Player shuijiao is already logged on
[01:40:03] [pool-3-thread-1/INFO]: Compression took: 03.182 seconds.
[01:40:03] [pool-3-thread-1/INFO]: Deleting: 2020-10-04_15-10-02.zip
[01:40:03] [pool-3-thread-1/INFO]: [Textile Backup] Deleting: 2020-10-04_15-10-02.zip
[01:40:03] [pool-3-thread-1/INFO]: Done!
[01:40:03] [pool-3-thread-1/INFO]: [Textile Backup] Done!
[01:50:00] [Server thread/INFO]: Player shuijiao is already logged on
[02:00:00] [Server thread/INFO]: Player shuijiao is already logged on
[02:10:00] [Server thread/INFO]: Player shuijiao is already logged on
[02:20:00] [Server thread/INFO]: Player shuijiao is already logged on
[02:30:00] [Server thread/INFO]: Player shuijiao is already logged on
[02:40:00] [Server thread/INFO]: Player shuijiao is already logged on
[02:50:00] [Server thread/INFO]: Player shuijiao is already logged on
[03:00:00] [Server thread/INFO]: Player shuijiao is already logged on
[03:10:00] [Server thread/INFO]: Player shuijiao is already logged on
[03:15:15] [Server thread/WARN]: Fetching packet for removed entity class_1542['Air'/4045077, l='ServerLevel[world]', x=-367.30, y=70.26, z=460.50]
[03:20:00] [Server thread/INFO]: Player shuijiao is already logged on
[03:25:41] [Server thread/WARN]: Fetching packet for removed entity class_1542['Air'/4053377, l='ServerLevel[world]', x=-367.30, y=70.26, z=460.50]
[03:30:00] [Server thread/INFO]: Player shuijiao is already logged on
[03:40:00] [Server thread/INFO]: Player shuijiao is already logged on
[03:47:27] [Server thread/WARN]: Fetching packet for removed entity class_1542['Air'/4070752, l='ServerLevel[world]', x=-367.30, y=70.26, z=438.50]
[03:50:00] [Server thread/INFO]: Player shuijiao is already logged on
[04:00:00] [Server thread/INFO]: Player shuijiao is already logged on
[04:10:00] [Server thread/INFO]: Player shuijiao is already logged on
[04:20:00] [Server thread/INFO]: Player shuijiao is already logged on
[04:30:00] [Server thread/INFO]: Player shuijiao is already logged on
[04:40:00] [Server thread/INFO]: Player shuijiao is already logged on
[04:50:00] [Server thread/INFO]: Player shuijiao is already logged on
[05:00:00] [Server thread/INFO]: Player shuijiao is already logged on
[05:10:00] [Server thread/INFO]: Player shuijiao is already logged on
[05:13:53] [Server thread/WARN]: Fetching packet for removed entity class_1542['Air'/4139902, l='ServerLevel[world]', x=-367.30, y=70.26, z=440.50]
[05:20:00] [Server thread/INFO]: Player shuijiao is already logged on
[05:25:01] [Server thread/INFO]: [Server] 5??????????????????
[05:30:00] [Server thread/INFO]: Player shuijiao is already logged on
[05:30:01] [Server thread/INFO]: Stopping the server
[05:30:01] [Server thread/INFO]: Unknown or incomplete command, see below for error
[05:30:01] [Server thread/INFO]: end<--[HERE]
[05:30:01] [Server thread/INFO]: Unknown or incomplete command, see below for error
[05:30:01] [Server thread/INFO]: exit<--[HERE]
[05:30:01] [Thread-61/INFO]: WebServer closed.
[05:30:01] [Server thread/INFO]: BlueMap unloaded!
[05:30:01] [Server thread/INFO]: Stopping server
[05:30:01] [Server thread/INFO]: Saving players
[05:30:01] [Server thread/INFO]: Saving worlds
[05:30:01] [Server thread/INFO]: Saving chunks for level 'ServerLevel[world]'/minecraft:overworld
[05:30:01] [Server thread/INFO]: ThreadedAnvilChunkStorage (world): All chunks are saved
[05:30:01] [Server thread/INFO]: Saving chunks for level 'ServerLevel[world]'/minecraft:the_nether
[05:30:01] [Server thread/INFO]: ThreadedAnvilChunkStorage (DIM-1): All chunks are saved
[05:30:01] [Server thread/INFO]: Saving chunks for level 'ServerLevel[world]'/minecraft:the_end
[05:30:01] [Server thread/INFO]: ThreadedAnvilChunkStorage (DIM1): All chunks are saved
[05:30:01] [Server thread/INFO]: ThreadedAnvilChunkStorage (world): All chunks are saved
[05:30:01] [Server thread/INFO]: ThreadedAnvilChunkStorage (DIM-1): All chunks are saved
[05:30:01] [Server thread/INFO]: ThreadedAnvilChunkStorage (DIM1): All chunks are saved
[05:30:01] [Server thread/INFO]: [Textile Backup] Backup started by: Server Shutdown on: 2020-10-14_05-30-01
[05:30:01] [Server thread/INFO]: Starting backup
[05:30:01] [Server thread/INFO]: [Textile Backup] Starting backup
[05:30:01] [Server thread/INFO]: Starting compression...
[05:30:05] [Server thread/INFO]: Compression took: 03.478 seconds.
[05:30:05] [Server thread/INFO]: Deleting: 2020-10-04_17-10-01.zip
[05:30:05] [Server thread/INFO]: [Textile Backup] Deleting: 2020-10-04_17-10-01.zip
[05:30:05] [Server thread/INFO]: Done!
[05:30:05] [Server thread/INFO]: [Textile Backup] Done!
[05:30:05] [Server thread/INFO]: Thread RCON Listener stopped
