[00:03:35] [Server thread/INFO]: commandPlayer: true, [永久更改?]
[00:03:35] [Server thread/INFO]: 规则“玩家控制 (commandPlayer)”将会被默认设置为true
[00:13:36] [Server thread/INFO]: commandPlayer: true, [永久更改?]
[00:13:36] [Server thread/INFO]: 规则“玩家控制 (commandPlayer)”将会被默认设置为true
[00:23:36] [Server thread/INFO]: commandPlayer: true, [永久更改?]
[00:23:36] [Server thread/INFO]: 规则“玩家控制 (commandPlayer)”将会被默认设置为true
[00:29:58] [Server thread/WARN]: Can't keep up! Is the server overloaded? Running 3862ms or 77 ticks behind
[00:33:37] [Server thread/INFO]: commandPlayer: true, [永久更改?]
[00:33:37] [Server thread/INFO]: 规则“玩家控制 (commandPlayer)”将会被默认设置为true
[00:43:34] [Server thread/INFO]: commandPlayer: true, [永久更改?]
[00:43:34] [Server thread/INFO]: 规则“玩家控制 (commandPlayer)”将会被默认设置为true
[00:52:44] [Server thread/INFO]: Player shuijiao is already logged on
[00:53:35] [Server thread/INFO]: commandPlayer: true, [永久更改?]
[00:53:35] [Server thread/INFO]: 规则“玩家控制 (commandPlayer)”将会被默认设置为true
[01:03:35] [Server thread/INFO]: commandPlayer: true, [永久更改?]
[01:03:35] [Server thread/INFO]: 规则“玩家控制 (commandPlayer)”将会被默认设置为true
[01:13:36] [Server thread/INFO]: commandPlayer: true, [永久更改?]
[01:13:36] [Server thread/INFO]: 规则“玩家控制 (commandPlayer)”将会被默认设置为true
[01:23:36] [Server thread/INFO]: commandPlayer: true, [永久更改?]
[01:23:36] [Server thread/INFO]: 规则“玩家控制 (commandPlayer)”将会被默认设置为true
[01:33:37] [Server thread/INFO]: commandPlayer: true, [永久更改?]
[01:33:37] [Server thread/INFO]: 规则“玩家控制 (commandPlayer)”将会被默认设置为true
[01:43:34] [Server thread/INFO]: commandPlayer: true, [永久更改?]
[01:43:34] [Server thread/INFO]: 规则“玩家控制 (commandPlayer)”将会被默认设置为true
[01:52:44] [Server thread/INFO]: Player shuijiao is already logged on
[01:53:35] [Server thread/INFO]: commandPlayer: true, [永久更改?]
[01:53:35] [Server thread/INFO]: 规则“玩家控制 (commandPlayer)”将会被默认设置为true
[02:03:35] [Server thread/INFO]: commandPlayer: true, [永久更改?]
[02:03:35] [Server thread/INFO]: 规则“玩家控制 (commandPlayer)”将会被默认设置为true
[02:13:36] [Server thread/INFO]: commandPlayer: true, [永久更改?]
[02:13:36] [Server thread/INFO]: 规则“玩家控制 (commandPlayer)”将会被默认设置为true
[02:23:34] [Server thread/INFO]: commandPlayer: true, [永久更改?]
[02:23:34] [Server thread/INFO]: 规则“玩家控制 (commandPlayer)”将会被默认设置为true
[02:33:34] [Server thread/INFO]: commandPlayer: true, [永久更改?]
[02:33:34] [Server thread/INFO]: 规则“玩家控制 (commandPlayer)”将会被默认设置为true
[02:43:35] [Server thread/INFO]: commandPlayer: true, [永久更改?]
[02:43:35] [Server thread/INFO]: 规则“玩家控制 (commandPlayer)”将会被默认设置为true
[02:52:45] [Server thread/INFO]: Player shuijiao is already logged on
[02:53:36] [Server thread/INFO]: commandPlayer: true, [永久更改?]
[02:53:36] [Server thread/INFO]: 规则“玩家控制 (commandPlayer)”将会被默认设置为true
[03:03:36] [Server thread/INFO]: commandPlayer: true, [永久更改?]
[03:03:36] [Server thread/INFO]: 规则“玩家控制 (commandPlayer)”将会被默认设置为true
[03:13:34] [Server thread/INFO]: commandPlayer: true, [永久更改?]
[03:13:34] [Server thread/INFO]: 规则“玩家控制 (commandPlayer)”将会被默认设置为true
[03:23:34] [Server thread/INFO]: commandPlayer: true, [永久更改?]
[03:23:34] [Server thread/INFO]: 规则“玩家控制 (commandPlayer)”将会被默认设置为true
[03:33:35] [Server thread/INFO]: commandPlayer: true, [永久更改?]
[03:33:35] [Server thread/INFO]: 规则“玩家控制 (commandPlayer)”将会被默认设置为true
[03:43:35] [Server thread/INFO]: commandPlayer: true, [永久更改?]
[03:43:35] [Server thread/INFO]: 规则“玩家控制 (commandPlayer)”将会被默认设置为true
[03:52:45] [Server thread/INFO]: Player shuijiao is already logged on
[03:53:36] [Server thread/INFO]: commandPlayer: true, [永久更改?]
[03:53:36] [Server thread/INFO]: 规则“玩家控制 (commandPlayer)”将会被默认设置为true
[04:03:36] [Server thread/INFO]: commandPlayer: true, [永久更改?]
[04:03:36] [Server thread/INFO]: 规则“玩家控制 (commandPlayer)”将会被默认设置为true
[04:13:34] [Server thread/INFO]: commandPlayer: true, [永久更改?]
[04:13:34] [Server thread/INFO]: 规则“玩家控制 (commandPlayer)”将会被默认设置为true
[04:23:34] [Server thread/INFO]: commandPlayer: true, [永久更改?]
[04:23:34] [Server thread/INFO]: 规则“玩家控制 (commandPlayer)”将会被默认设置为true
[04:33:35] [Server thread/INFO]: commandPlayer: true, [永久更改?]
[04:33:35] [Server thread/INFO]: 规则“玩家控制 (commandPlayer)”将会被默认设置为true
[04:43:35] [Server thread/INFO]: commandPlayer: true, [永久更改?]
[04:43:35] [Server thread/INFO]: 规则“玩家控制 (commandPlayer)”将会被默认设置为true
[04:52:42] [Server thread/INFO]: Player shuijiao is already logged on
[04:53:34] [Server thread/INFO]: commandPlayer: true, [永久更改?]
[04:53:34] [Server thread/INFO]: 规则“玩家控制 (commandPlayer)”将会被默认设置为true
[05:03:35] [Server thread/INFO]: commandPlayer: true, [永久更改?]
[05:03:35] [Server thread/INFO]: 规则“玩家控制 (commandPlayer)”将会被默认设置为true
[05:13:35] [Server thread/INFO]: commandPlayer: true, [永久更改?]
[05:13:35] [Server thread/INFO]: 规则“玩家控制 (commandPlayer)”将会被默认设置为true
[05:23:36] [Server thread/INFO]: commandPlayer: true, [永久更改?]
[05:23:36] [Server thread/INFO]: 规则“玩家控制 (commandPlayer)”将会被默认设置为true
[05:33:33] [Server thread/INFO]: commandPlayer: true, [永久更改?]
[05:33:33] [Server thread/INFO]: 规则“玩家控制 (commandPlayer)”将会被默认设置为true
[05:43:34] [Server thread/INFO]: commandPlayer: true, [永久更改?]
[05:43:34] [Server thread/INFO]: 规则“玩家控制 (commandPlayer)”将会被默认设置为true
[05:52:43] [Server thread/INFO]: Player shuijiao is already logged on
[05:53:34] [Server thread/INFO]: commandPlayer: true, [永久更改?]
[05:53:34] [Server thread/INFO]: 规则“玩家控制 (commandPlayer)”将会被默认设置为true
[06:03:35] [Server thread/INFO]: commandPlayer: true, [永久更改?]
[06:03:35] [Server thread/INFO]: 规则“玩家控制 (commandPlayer)”将会被默认设置为true
[06:13:35] [Server thread/INFO]: commandPlayer: true, [永久更改?]
[06:13:35] [Server thread/INFO]: 规则“玩家控制 (commandPlayer)”将会被默认设置为true
[06:23:36] [Server thread/INFO]: commandPlayer: true, [永久更改?]
[06:23:36] [Server thread/INFO]: 规则“玩家控制 (commandPlayer)”将会被默认设置为true
[06:33:36] [Server thread/INFO]: commandPlayer: true, [永久更改?]
[06:33:36] [Server thread/INFO]: 规则“玩家控制 (commandPlayer)”将会被默认设置为true
[06:43:34] [Server thread/INFO]: commandPlayer: true, [永久更改?]
[06:43:34] [Server thread/INFO]: 规则“玩家控制 (commandPlayer)”将会被默认设置为true
[06:52:43] [Server thread/INFO]: Player shuijiao is already logged on
[06:53:34] [Server thread/INFO]: commandPlayer: true, [永久更改?]
[06:53:34] [Server thread/INFO]: 规则“玩家控制 (commandPlayer)”将会被默认设置为true
[07:03:35] [Server thread/INFO]: commandPlayer: true, [永久更改?]
[07:03:35] [Server thread/INFO]: 规则“玩家控制 (commandPlayer)”将会被默认设置为true
[07:13:35] [Server thread/INFO]: commandPlayer: true, [永久更改?]
[07:13:35] [Server thread/INFO]: 规则“玩家控制 (commandPlayer)”将会被默认设置为true
[07:23:34] [Server thread/INFO]: commandPlayer: true, [永久更改?]
[07:23:34] [Server thread/INFO]: 规则“玩家控制 (commandPlayer)”将会被默认设置为true
[07:33:35] [Server thread/INFO]: commandPlayer: true, [永久更改?]
[07:33:35] [Server thread/INFO]: 规则“玩家控制 (commandPlayer)”将会被默认设置为true
[07:43:35] [Server thread/INFO]: commandPlayer: true, [永久更改?]
[07:43:35] [Server thread/INFO]: 规则“玩家控制 (commandPlayer)”将会被默认设置为true
[07:52:45] [Server thread/INFO]: Player shuijiao is already logged on
[07:53:36] [Server thread/INFO]: commandPlayer: true, [永久更改?]
[07:53:36] [Server thread/INFO]: 规则“玩家控制 (commandPlayer)”将会被默认设置为true
[08:03:36] [Server thread/INFO]: commandPlayer: true, [永久更改?]
[08:03:36] [Server thread/INFO]: 规则“玩家控制 (commandPlayer)”将会被默认设置为true
[08:13:34] [Server thread/INFO]: commandPlayer: true, [永久更改?]
[08:13:34] [Server thread/INFO]: 规则“玩家控制 (commandPlayer)”将会被默认设置为true
[08:23:34] [Server thread/INFO]: commandPlayer: true, [永久更改?]
[08:23:34] [Server thread/INFO]: 规则“玩家控制 (commandPlayer)”将会被默认设置为true
[08:33:35] [Server thread/INFO]: commandPlayer: true, [永久更改?]
[08:33:35] [Server thread/INFO]: 规则“玩家控制 (commandPlayer)”将会被默认设置为true
[08:43:35] [Server thread/INFO]: commandPlayer: true, [永久更改?]
[08:43:35] [Server thread/INFO]: 规则“玩家控制 (commandPlayer)”将会被默认设置为true
[08:52:42] [Server thread/INFO]: Player shuijiao is already logged on
[08:53:33] [Server thread/INFO]: commandPlayer: true, [永久更改?]
[08:53:33] [Server thread/INFO]: 规则“玩家控制 (commandPlayer)”将会被默认设置为true
[09:03:33] [Server thread/INFO]: commandPlayer: true, [永久更改?]
[09:03:33] [Server thread/INFO]: 规则“玩家控制 (commandPlayer)”将会被默认设置为true
[09:13:34] [Server thread/INFO]: commandPlayer: true, [永久更改?]
[09:13:34] [Server thread/INFO]: 规则“玩家控制 (commandPlayer)”将会被默认设置为true
[09:23:34] [Server thread/INFO]: commandPlayer: true, [永久更改?]
[09:23:34] [Server thread/INFO]: 规则“玩家控制 (commandPlayer)”将会被默认设置为true
[09:33:35] [Server thread/INFO]: commandPlayer: true, [永久更改?]
[09:33:35] [Server thread/INFO]: 规则“玩家控制 (commandPlayer)”将会被默认设置为true
[09:43:32] [Server thread/INFO]: commandPlayer: true, [永久更改?]
[09:43:32] [Server thread/INFO]: 规则“玩家控制 (commandPlayer)”将会被默认设置为true
[09:52:42] [Server thread/INFO]: Player shuijiao is already logged on
[09:53:33] [Server thread/INFO]: commandPlayer: true, [永久更改?]
[09:53:33] [Server thread/INFO]: 规则“玩家控制 (commandPlayer)”将会被默认设置为true
[10:03:33] [Server thread/INFO]: commandPlayer: true, [永久更改?]
[10:03:33] [Server thread/INFO]: 规则“玩家控制 (commandPlayer)”将会被默认设置为true
[10:13:34] [Server thread/INFO]: commandPlayer: true, [永久更改?]
[10:13:34] [Server thread/INFO]: 规则“玩家控制 (commandPlayer)”将会被默认设置为true
[10:23:35] [Server thread/INFO]: commandPlayer: true, [永久更改?]
[10:23:35] [Server thread/INFO]: 规则“玩家控制 (commandPlayer)”将会被默认设置为true
[10:33:32] [Server thread/INFO]: commandPlayer: true, [永久更改?]
[10:33:32] [Server thread/INFO]: 规则“玩家控制 (commandPlayer)”将会被默认设置为true
[10:43:33] [Server thread/INFO]: commandPlayer: true, [永久更改?]
[10:43:33] [Server thread/INFO]: 规则“玩家控制 (commandPlayer)”将会被默认设置为true
[10:52:42] [Server thread/INFO]: Player shuijiao is already logged on
[10:53:33] [Server thread/INFO]: commandPlayer: true, [永久更改?]
[10:53:33] [Server thread/INFO]: 规则“玩家控制 (commandPlayer)”将会被默认设置为true
[11:03:34] [Server thread/INFO]: commandPlayer: true, [永久更改?]
[11:03:34] [Server thread/INFO]: 规则“玩家控制 (commandPlayer)”将会被默认设置为true
[11:13:34] [Server thread/INFO]: commandPlayer: true, [永久更改?]
[11:13:34] [Server thread/INFO]: 规则“玩家控制 (commandPlayer)”将会被默认设置为true
[11:23:35] [Server thread/INFO]: commandPlayer: true, [永久更改?]
[11:23:35] [Server thread/INFO]: 规则“玩家控制 (commandPlayer)”将会被默认设置为true
[11:33:32] [Server thread/INFO]: commandPlayer: true, [永久更改?]
[11:33:32] [Server thread/INFO]: 规则“玩家控制 (commandPlayer)”将会被默认设置为true
[11:43:33] [Server thread/INFO]: commandPlayer: true, [永久更改?]
[11:43:33] [Server thread/INFO]: 规则“玩家控制 (commandPlayer)”将会被默认设置为true
[11:52:42] [Server thread/INFO]: Player shuijiao is already logged on
[11:53:33] [Server thread/INFO]: commandPlayer: true, [永久更改?]
[11:53:33] [Server thread/INFO]: 规则“玩家控制 (commandPlayer)”将会被默认设置为true
[12:03:34] [Server thread/INFO]: commandPlayer: true, [永久更改?]
[12:03:34] [Server thread/INFO]: 规则“玩家控制 (commandPlayer)”将会被默认设置为true
[12:13:34] [Server thread/INFO]: commandPlayer: true, [永久更改?]
[12:13:34] [Server thread/INFO]: 规则“玩家控制 (commandPlayer)”将会被默认设置为true
[12:23:35] [Server thread/INFO]: commandPlayer: true, [永久更改?]
[12:23:35] [Server thread/INFO]: 规则“玩家控制 (commandPlayer)”将会被默认设置为true
[12:33:32] [Server thread/INFO]: commandPlayer: true, [永久更改?]
[12:33:32] [Server thread/INFO]: 规则“玩家控制 (commandPlayer)”将会被默认设置为true
[12:43:33] [Server thread/INFO]: commandPlayer: true, [永久更改?]
[12:43:33] [Server thread/INFO]: 规则“玩家控制 (commandPlayer)”将会被默认设置为true
[12:52:42] [Server thread/INFO]: Player shuijiao is already logged on
[12:53:33] [Server thread/INFO]: commandPlayer: true, [永久更改?]
[12:53:33] [Server thread/INFO]: 规则“玩家控制 (commandPlayer)”将会被默认设置为true
[13:03:34] [Server thread/INFO]: commandPlayer: true, [永久更改?]
[13:03:34] [Server thread/INFO]: 规则“玩家控制 (commandPlayer)”将会被默认设置为true
[13:13:34] [Server thread/INFO]: commandPlayer: true, [永久更改?]
[13:13:34] [Server thread/INFO]: 规则“玩家控制 (commandPlayer)”将会被默认设置为true
[13:23:32] [Server thread/INFO]: commandPlayer: true, [永久更改?]
[13:23:32] [Server thread/INFO]: 规则“玩家控制 (commandPlayer)”将会被默认设置为true
[13:33:32] [Server thread/INFO]: commandPlayer: true, [永久更改?]
[13:33:32] [Server thread/INFO]: 规则“玩家控制 (commandPlayer)”将会被默认设置为true
[13:43:36] [Server thread/INFO]: commandPlayer: true, [永久更改?]
[13:43:36] [Server thread/INFO]: 规则“玩家控制 (commandPlayer)”将会被默认设置为true
[13:52:42] [Server thread/INFO]: Player shuijiao is already logged on
[13:53:34] [Server thread/INFO]: commandPlayer: true, [永久更改?]
[13:53:34] [Server thread/INFO]: 规则“玩家控制 (commandPlayer)”将会被默认设置为true
[14:03:34] [Server thread/INFO]: commandPlayer: true, [永久更改?]
[14:03:34] [Server thread/INFO]: 规则“玩家控制 (commandPlayer)”将会被默认设置为true
[14:13:35] [Server thread/INFO]: commandPlayer: true, [永久更改?]
[14:13:35] [Server thread/INFO]: 规则“玩家控制 (commandPlayer)”将会被默认设置为true
[14:20:23] [Server thread/INFO]: na2hco3_CN[/101.132.153.204:53795] logged in with entity id 355193 at (-87.11082047099096, 114.0, 522.495597034825)
[14:20:23] [Server thread/INFO]: na2hco3_CN joined the game
[14:20:23] [Netty Epoll Server IO #3/WARN]: Received invalid identifier in minecraft:register: legacy:fml|hs (Non [a-z0-9/._-] character in path of location: legacy:fml|hs)
[14:20:23] [Netty Epoll Server IO #3/WARN]: Player na2hco3_CN joined with another carpet version: 1.4.8+v200811
[14:22:30] [Server thread/INFO]: [na2hco3_CN: Triggered [config] (set value to 1478966211)]
[14:22:31] [Server thread/INFO]: [na2hco3_CN: Triggered [config] (set value to 1478966210)]
[14:23:04] [Server thread/INFO]: [na2hco3_CN: Triggered [config] (set value to 1478966211)]
[14:23:05] [Server thread/INFO]: [na2hco3_CN: Triggered [config] (set value to 1478966210)]
[14:23:32] [Server thread/INFO]: commandPlayer: true, [永久更改?]
[14:23:32] [Server thread/INFO]: 规则“玩家控制 (commandPlayer)”将会被默认设置为true
[14:23:37] [Server thread/INFO]: [na2hco3_CN: Triggered [config] (set value to 1478966211)]
[14:23:38] [Server thread/INFO]: [na2hco3_CN: Triggered [config] (set value to 1478966210)]
[14:24:04] [Server thread/INFO]: [na2hco3_CN: Triggered [config] (set value to 1478966211)]
[14:24:05] [Server thread/INFO]: [na2hco3_CN: Triggered [config] (set value to 1478966210)]
[14:27:06] [Server thread/INFO]: Added nvwuta to team [carpetBot]
[14:27:45] [Server thread/INFO]: nvwuta[local] logged in with entity id 357599 at (241.5951246540591, 184.0, 215.00686232891297)
[14:27:45] [Server thread/INFO]: 假的 nvwuta joined the game
[14:27:45] [Server thread/WARN]: Can't keep up! Is the server overloaded? Running 21559ms or 431 ticks behind
[14:27:45] [Server thread/INFO]: [na2hco3_CN: Player nvwuta is already logged on]
[14:33:33] [Server thread/INFO]: commandPlayer: true, [永久更改?]
[14:33:33] [Server thread/INFO]: 规则“玩家控制 (commandPlayer)”将会被默认设置为true
[14:35:18] [Server thread/WARN]: Fetching packet for removed entity class_1542['Air'/362779, l='ServerLevel[world]', x=467.70, y=244.06, z=-265.37]
[14:35:20] [Server thread/WARN]: Fetching packet for removed entity class_1542['Air'/362796, l='ServerLevel[world]', x=467.70, y=244.06, z=-265.70]
[14:35:26] [Server thread/WARN]: Fetching packet for removed entity class_1542['Air'/362923, l='ServerLevel[world]', x=467.30, y=244.06, z=-265.33]
[14:35:36] [Server thread/WARN]: Fetching packet for removed entity class_1542['Air'/363094, l='ServerLevel[world]', x=467.70, y=244.06, z=-265.70]
[14:35:40] [Server thread/WARN]: Fetching packet for removed entity class_1542['Air'/363154, l='ServerLevel[world]', x=467.70, y=244.06, z=-265.17]
[14:41:10] [Server thread/WARN]: Fetching packet for removed entity class_1542['Air'/366753, l='ServerLevel[world]', x=467.70, y=244.06, z=-263.30]
[14:43:34] [Server thread/INFO]: commandPlayer: true, [永久更改?]
[14:43:34] [Server thread/INFO]: 规则“玩家控制 (commandPlayer)”将会被默认设置为true
[14:52:43] [Server thread/INFO]: Player shuijiao is already logged on
[14:53:34] [Server thread/INFO]: commandPlayer: true, [永久更改?]
[14:53:34] [Server thread/INFO]: 规则“玩家控制 (commandPlayer)”将会被默认设置为true
[15:03:32] [Server thread/INFO]: commandPlayer: true, [永久更改?]
[15:03:32] [Server thread/INFO]: 规则“玩家控制 (commandPlayer)”将会被默认设置为true
[15:03:33] [Server thread/INFO]: na2hco3_CN lost connection: Disconnected
[15:03:33] [Server thread/INFO]: na2hco3_CN left the game
[15:13:32] [Server thread/INFO]: commandPlayer: true, [永久更改?]
[15:13:32] [Server thread/INFO]: 规则“玩家控制 (commandPlayer)”将会被默认设置为true
[15:15:22] [Server thread/WARN]: Can't keep up! Is the server overloaded? Running 2345ms or 46 ticks behind
[15:23:33] [Server thread/INFO]: commandPlayer: true, [永久更改?]
[15:23:33] [Server thread/INFO]: 规则“玩家控制 (commandPlayer)”将会被默认设置为true
[15:33:33] [Server thread/INFO]: commandPlayer: true, [永久更改?]
[15:33:33] [Server thread/INFO]: 规则“玩家控制 (commandPlayer)”将会被默认设置为true
[15:43:34] [Server thread/INFO]: commandPlayer: true, [永久更改?]
[15:43:34] [Server thread/INFO]: 规则“玩家控制 (commandPlayer)”将会被默认设置为true
[15:52:40] [Server thread/INFO]: Player shuijiao is already logged on
[15:53:31] [Server thread/INFO]: commandPlayer: true, [永久更改?]
[15:53:31] [Server thread/INFO]: 规则“玩家控制 (commandPlayer)”将会被默认设置为true
[16:03:32] [Server thread/INFO]: commandPlayer: true, [永久更改?]
[16:03:32] [Server thread/INFO]: 规则“玩家控制 (commandPlayer)”将会被默认设置为true
[16:13:32] [Server thread/INFO]: commandPlayer: true, [永久更改?]
[16:13:32] [Server thread/INFO]: 规则“玩家控制 (commandPlayer)”将会被默认设置为true
[16:23:33] [Server thread/INFO]: commandPlayer: true, [永久更改?]
[16:23:33] [Server thread/INFO]: 规则“玩家控制 (commandPlayer)”将会被默认设置为true
[16:33:33] [Server thread/INFO]: commandPlayer: true, [永久更改?]
[16:33:33] [Server thread/INFO]: 规则“玩家控制 (commandPlayer)”将会被默认设置为true
[16:43:31] [Server thread/INFO]: commandPlayer: true, [永久更改?]
[16:43:31] [Server thread/INFO]: 规则“玩家控制 (commandPlayer)”将会被默认设置为true
[16:52:40] [Server thread/INFO]: Player shuijiao is already logged on
[16:53:32] [Server thread/INFO]: commandPlayer: true, [永久更改?]
[16:53:32] [Server thread/INFO]: 规则“玩家控制 (commandPlayer)”将会被默认设置为true
[17:03:32] [Server thread/INFO]: commandPlayer: true, [永久更改?]
[17:03:32] [Server thread/INFO]: 规则“玩家控制 (commandPlayer)”将会被默认设置为true
[17:13:33] [Server thread/INFO]: commandPlayer: true, [永久更改?]
[17:13:33] [Server thread/INFO]: 规则“玩家控制 (commandPlayer)”将会被默认设置为true
[17:23:33] [Server thread/INFO]: commandPlayer: true, [永久更改?]
[17:23:33] [Server thread/INFO]: 规则“玩家控制 (commandPlayer)”将会被默认设置为true
[17:33:34] [Server thread/INFO]: commandPlayer: true, [永久更改?]
[17:33:34] [Server thread/INFO]: 规则“玩家控制 (commandPlayer)”将会被默认设置为true
[17:43:34] [Server thread/INFO]: commandPlayer: true, [永久更改?]
[17:43:34] [Server thread/INFO]: 规则“玩家控制 (commandPlayer)”将会被默认设置为true
[17:52:40] [Server thread/INFO]: Player shuijiao is already logged on
[17:53:32] [Server thread/INFO]: commandPlayer: true, [永久更改?]
[17:53:32] [Server thread/INFO]: 规则“玩家控制 (commandPlayer)”将会被默认设置为true
[18:03:32] [Server thread/INFO]: commandPlayer: true, [永久更改?]
[18:03:32] [Server thread/INFO]: 规则“玩家控制 (commandPlayer)”将会被默认设置为true
[18:13:33] [Server thread/INFO]: commandPlayer: true, [永久更改?]
[18:13:33] [Server thread/INFO]: 规则“玩家控制 (commandPlayer)”将会被默认设置为true
[18:23:32] [Server thread/INFO]: commandPlayer: true, [永久更改?]
[18:23:32] [Server thread/INFO]: 规则“玩家控制 (commandPlayer)”将会被默认设置为true
[18:33:32] [Server thread/INFO]: commandPlayer: true, [永久更改?]
[18:33:32] [Server thread/INFO]: 规则“玩家控制 (commandPlayer)”将会被默认设置为true
[18:43:33] [Server thread/INFO]: commandPlayer: true, [永久更改?]
[18:43:33] [Server thread/INFO]: 规则“玩家控制 (commandPlayer)”将会被默认设置为true
[18:52:42] [Server thread/INFO]: Player shuijiao is already logged on
[18:53:33] [Server thread/INFO]: commandPlayer: true, [永久更改?]
[18:53:33] [Server thread/INFO]: 规则“玩家控制 (commandPlayer)”将会被默认设置为true
[19:03:31] [Server thread/INFO]: commandPlayer: true, [永久更改?]
[19:03:31] [Server thread/INFO]: 规则“玩家控制 (commandPlayer)”将会被默认设置为true
[19:13:31] [Server thread/INFO]: commandPlayer: true, [永久更改?]
[19:13:31] [Server thread/INFO]: 规则“玩家控制 (commandPlayer)”将会被默认设置为true
[19:23:32] [Server thread/INFO]: commandPlayer: true, [永久更改?]
[19:23:32] [Server thread/INFO]: 规则“玩家控制 (commandPlayer)”将会被默认设置为true
[19:33:32] [Server thread/INFO]: commandPlayer: true, [永久更改?]
[19:33:32] [Server thread/INFO]: 规则“玩家控制 (commandPlayer)”将会被默认设置为true
[19:43:33] [Server thread/INFO]: commandPlayer: true, [永久更改?]
[19:43:33] [Server thread/INFO]: 规则“玩家控制 (commandPlayer)”将会被默认设置为true
[19:52:42] [Server thread/INFO]: Player shuijiao is already logged on
[19:53:33] [Server thread/INFO]: commandPlayer: true, [永久更改?]
[19:53:33] [Server thread/INFO]: 规则“玩家控制 (commandPlayer)”将会被默认设置为true
[20:03:31] [Server thread/INFO]: commandPlayer: true, [永久更改?]
[20:03:31] [Server thread/INFO]: 规则“玩家控制 (commandPlayer)”将会被默认设置为true
[20:13:31] [Server thread/INFO]: commandPlayer: true, [永久更改?]
[20:13:31] [Server thread/INFO]: 规则“玩家控制 (commandPlayer)”将会被默认设置为true
[20:23:32] [Server thread/INFO]: commandPlayer: true, [永久更改?]
[20:23:32] [Server thread/INFO]: 规则“玩家控制 (commandPlayer)”将会被默认设置为true
[20:33:32] [Server thread/INFO]: commandPlayer: true, [永久更改?]
[20:33:33] [Server thread/INFO]: 规则“玩家控制 (commandPlayer)”将会被默认设置为true
[20:43:33] [Server thread/INFO]: commandPlayer: true, [永久更改?]
[20:43:33] [Server thread/INFO]: 规则“玩家控制 (commandPlayer)”将会被默认设置为true
[20:52:42] [Server thread/INFO]: Player shuijiao is already logged on
[20:53:34] [Server thread/INFO]: commandPlayer: true, [永久更改?]
[20:53:34] [Server thread/INFO]: 规则“玩家控制 (commandPlayer)”将会被默认设置为true
[20:55:26] [Server thread/WARN]: Fetching packet for removed entity class_1542['Air'/410349, l='ServerLevel[world]', x=-90.23, y=7.00, z=282.55]
[21:03:31] [Server thread/INFO]: commandPlayer: true, [永久更改?]
[21:03:31] [Server thread/INFO]: 规则“玩家控制 (commandPlayer)”将会被默认设置为true
[21:13:32] [Server thread/INFO]: commandPlayer: true, [永久更改?]
[21:13:32] [Server thread/INFO]: 规则“玩家控制 (commandPlayer)”将会被默认设置为true
[21:23:32] [Server thread/INFO]: commandPlayer: true, [永久更改?]
[21:23:32] [Server thread/INFO]: 规则“玩家控制 (commandPlayer)”将会被默认设置为true
[21:33:33] [Server thread/INFO]: commandPlayer: true, [永久更改?]
[21:33:33] [Server thread/INFO]: 规则“玩家控制 (commandPlayer)”将会被默认设置为true
[21:43:30] [Server thread/INFO]: commandPlayer: true, [永久更改?]
[21:43:30] [Server thread/INFO]: 规则“玩家控制 (commandPlayer)”将会被默认设置为true
[21:49:29] [Server thread/INFO]: MikeOvO[/101.132.153.204:48713] logged in with entity id 415892 at (-42.5, 64.0, 239.5)
[21:49:29] [Server thread/INFO]: MikeOvO joined the game
[21:49:29] [Netty Epoll Server IO #5/WARN]: Received invalid identifier in minecraft:register: legacy:fml|hs (Non [a-z0-9/._-] character in path of location: legacy:fml|hs)
[21:51:18] [Server thread/INFO]: na2hco3_CN[/101.132.153.204:57681] logged in with entity id 416219 at (-90.82594041461448, 114.0, 518.1936584319183)
[21:51:18] [Server thread/INFO]: na2hco3_CN joined the game
[21:51:18] [Netty Epoll Server IO #0/WARN]: Received invalid identifier in minecraft:register: legacy:fml|hs (Non [a-z0-9/._-] character in path of location: legacy:fml|hs)
[21:51:19] [Netty Epoll Server IO #0/WARN]: Player na2hco3_CN joined with another carpet version: 1.4.8+v200811
[21:51:48] [Server thread/INFO]: na2hco3_CN lost connection: Timed out
[21:51:48] [Server thread/INFO]: na2hco3_CN left the game
[21:52:40] [Server thread/INFO]: Player shuijiao is already logged on
[21:53:31] [Server thread/INFO]: commandPlayer: true, [永久更改?]
[21:53:31] [Server thread/INFO]: 规则“玩家控制 (commandPlayer)”将会被默认设置为true
[21:53:32] [Server thread/INFO]: na2hco3_CN[/101.132.153.204:48409] logged in with entity id 416765 at (-84.82771247993375, 114.0, 519.687472115569)
[21:53:32] [Server thread/INFO]: na2hco3_CN joined the game
[21:53:33] [Netty Epoll Server IO #3/WARN]: Received invalid identifier in minecraft:register: legacy:fml|hs (Non [a-z0-9/._-] character in path of location: legacy:fml|hs)
[21:53:33] [Netty Epoll Server IO #3/WARN]: Player na2hco3_CN joined with another carpet version: 1.4.8+v200811
[21:54:05] [Server thread/INFO]: MikeOvO has made the advancement [A Seedy Place]
[21:54:49] [Server thread/INFO]: <na2hco3_CN> 起了个怪的
[21:55:28] [Server thread/INFO]: <MikeOvO> ?
[21:56:32] [Server thread/INFO]: <na2hco3_CN> 腐竹还有2分钟的时间提供支持
[21:56:48] [Server thread/INFO]: na2hco3_CN lost connection: Timed out
[21:56:48] [Server thread/INFO]: na2hco3_CN left the game
[21:56:50] [Server thread/INFO]: <MikeOvO> 1.16.4有没有好的破基岩方法啊
[21:58:14] [Server thread/INFO]: na2hco3_CN[/101.132.153.204:36549] logged in with entity id 418010 at (-84.82771247993375, 114.0, 519.687472115569)
[21:58:14] [Server thread/INFO]: na2hco3_CN joined the game
[21:58:14] [Netty Epoll Server IO #1/WARN]: Received invalid identifier in minecraft:register: legacy:fml|hs (Non [a-z0-9/._-] character in path of location: legacy:fml|hs)
[21:58:14] [Netty Epoll Server IO #1/WARN]: Player na2hco3_CN joined with another carpet version: 1.4.8+v200811
[21:58:31] [Server thread/INFO]: <na2hco3_CN> 我重启一下机器人
[21:58:36] [Server thread/INFO]: <MikeOvO> .
[21:58:45] [Server thread/INFO]: <MikeOvO> 出生点有床吗?
[21:59:18] [Server thread/INFO]: <MikeOvO> ?
[21:59:47] [Server thread/INFO]: <MikeOvO> 我都准备跟村民抢床了
[22:00:04] [Server thread/INFO]: MikeOvO has made the advancement [Sweet Dreams]
[22:00:21] [Server thread/INFO]: <MikeOvO> 不刷贴了
[22:00:26] [Server thread/INFO]: <MikeOvO> 铁
[22:00:28] [Server thread/INFO]: <na2hco3_CN> 这个杀马服务是个啥
[22:00:29] [Server thread/INFO]: <na2hco3_CN> 啊这
[22:00:42] [Server thread/INFO]: <na2hco3_CN> 好像之前服务器有点小bug
[22:00:50] [Server thread/INFO]: <na2hco3_CN> 生物消失不见了
[22:00:56] [Server thread/INFO]: <MikeOvO> = =
[22:01:12] [Server thread/INFO]: <MikeOvO> 没修理吗?
[22:01:19] [Server thread/INFO]: <na2hco3_CN> 反正不用铁做建筑都够用了
[22:01:42] [Server thread/INFO]: <na2hco3_CN> 跟我走？
[22:01:47] [Server thread/INFO]: <na2hco3_CN> 拿一下新手套装
[22:01:49] [Server thread/INFO]: <MikeOvO> 我在刷铁塔下面找到一个床
[22:02:46] [Server thread/INFO]: <MikeOvO> = =
[22:03:26] [Server thread/INFO]: MikeOvO has reached the goal [Sky's the Limit]
[22:03:27] [Server thread/INFO]: <MikeOvO> 建筑大佬
[22:03:31] [Server thread/INFO]: commandPlayer: true, [永久更改?]
[22:03:31] [Server thread/INFO]: 规则“玩家控制 (commandPlayer)”将会被默认设置为true
[22:03:48] [Server thread/INFO]: <MikeOvO> 钻石块我就不用了
[22:03:55] [Server thread/INFO]: <na2hco3_CN> az
[22:04:11] [Server thread/INFO]: <MikeOvO> 我自己单机也不挖钻石
[22:04:29] [Server thread/INFO]: <na2hco3_CN> 那你要东西的话就直说吧
[22:04:40] [Server thread/INFO]: <na2hco3_CN> 关于服务器的机械
[22:04:47] [Server thread/INFO]: <na2hco3_CN> 群文件里有坐标
[22:04:50] [Server thread/INFO]: <MikeOvO> 给我一把剑,我就出去找地方生存了
[22:04:58] [Server thread/INFO]: <MikeOvO> 我看看
[22:05:32] [Server thread/INFO]: <na2hco3_CN> 啊这
[22:05:38] [Server thread/INFO]: <na2hco3_CN> 满配的剑好像
[22:05:46] [Server thread/INFO]: <na2hco3_CN> 没有多余的。。。
[22:06:12] [Server thread/INFO]: <MikeOvO> 没建村民繁殖机吗?
[22:06:25] [Server thread/INFO]: <na2hco3_CN> 这
[22:06:27] [Server thread/INFO]: <na2hco3_CN> 没有
[22:06:31] [Server thread/INFO]: <MikeOvO> 谢谢
[22:06:42] [Server thread/INFO]: <MikeOvO> 我下去找物资了
[22:06:47] [Server thread/INFO]: <na2hco3_CN> 反正不是我的仓库
[22:06:49] [Server thread/INFO]: <na2hco3_CN> hhh
[22:06:53] [Server thread/INFO]: <MikeOvO> =- =
[22:07:06] [Server thread/INFO]: <na2hco3_CN> 不介意住我家啊
[22:07:32] [Server thread/INFO]: <MikeOvO> 我都是一张床,走哪儿睡哪儿..
[22:07:36] [Server thread/INFO]: <na2hco3_CN> 大佬
[22:07:51] [Server thread/INFO]: <na2hco3_CN> 我也想搞村民放置
[22:07:55] [Server thread/INFO]: <na2hco3_CN> 繁殖
[22:07:58] [Server thread/INFO]: <na2hco3_CN> 但是
[22:08:03] [Server thread/INFO]: <na2hco3_CN> 运输太麻烦了
[22:08:03] [Server thread/INFO]: <MikeOvO> ?
[22:08:05] [Server thread/INFO]: <MikeOvO> = =
[22:08:06] [Server thread/INFO]: <na2hco3_CN> 就没搞
[22:08:34] [Server thread/INFO]: <MikeOvO> 找一个村庄,坐在村庄边上导行了
[22:09:03] [Server thread/WARN]: Can't keep up! Is the server overloaded? Running 4446ms or 88 ticks behind
[22:09:06] [Server thread/INFO]: <MikeOvO> .
[22:09:32] [Server thread/INFO]: <MikeOvO> 我先去游览一番
[22:09:41] [Server thread/INFO]: <na2hco3_CN> 哦哦
[22:09:48] [Server thread/INFO]: <na2hco3_CN> 需要我的话叫我一声
[22:09:51] [Server thread/INFO]: <MikeOvO> 嗯
[22:12:27] [Server thread/INFO]: <na2hco3_CN> 树场和大熔炉在中心工业区东边
[22:12:37] [Server thread/INFO]: <MikeOvO> 好的,谢谢
[22:12:47] [Server thread/INFO]: <na2hco3_CN> 啊，刷石机也在那
[22:13:32] [Server thread/INFO]: commandPlayer: true, [永久更改?]
[22:13:32] [Server thread/INFO]: 规则“玩家控制 (commandPlayer)”将会被默认设置为true
[22:13:39] [Server thread/INFO]: <na2hco3_CN> 我服常驻玩家太少了
[22:13:59] [Server thread/INFO]: <MikeOvO> 史莱姆农场里面堆了一堆女巫= =
[22:14:07] [Server thread/INFO]: <MikeOvO> 我都没敢过去= =
[22:14:13] [Server thread/INFO]: <MikeOvO> 秒死啊
[22:15:05] [Server thread/WARN]: Can't keep up! Is the server overloaded? Running 5666ms or 113 ticks behind
[22:15:39] [Server thread/WARN]: Can't keep up! Is the server overloaded? Running 5488ms or 109 ticks behind
[22:15:57] [Server thread/WARN]: Can't keep up! Is the server overloaded? Running 3156ms or 63 ticks behind
[22:16:28] [Server thread/INFO]: <na2hco3_CN> az
[22:16:33] [Server thread/INFO]: <na2hco3_CN> 要帮忙嘛
[22:16:33] [Server thread/INFO]: <MikeOvO> ?
[22:16:49] [Server thread/INFO]: <na2hco3_CN> 刚刚去了下撤硕
[22:16:50] [Server thread/INFO]: <MikeOvO> 我在找刷石机= =
[22:18:02] [Server thread/INFO]: <MikeOvO> 我找找
[22:18:43] [Server thread/INFO]: <na2hco3_CN> 啊
[22:19:02] [Server thread/INFO]: <na2hco3_CN> 下矿到特殊石头不要可以卖给我
[22:19:07] [Server thread/WARN]: Can't keep up! Is the server overloaded? Running 5233ms or 104 ticks behind
[22:19:12] [Server thread/INFO]: <MikeOvO> 还能买卖?
[22:19:29] [Server thread/INFO]: <na2hco3_CN> 虽然我不知道拿啥玩意换
[22:19:35] [Server thread/INFO]: <MikeOvO> = =
[22:20:47] [Server thread/INFO]: <MikeOvO> = =
[22:21:47] [Server thread/INFO]: <MikeOvO> 好的,谢谢
[22:22:39] [Server thread/INFO]: <MikeOvO> ok了
[22:22:43] [Server thread/INFO]: <na2hco3_CN> 不愧是技术员腐竹
[22:23:32] [Server thread/INFO]: commandPlayer: true, [永久更改?]
[22:23:32] [Server thread/INFO]: 规则“玩家控制 (commandPlayer)”将会被默认设置为true
[22:23:56] [Server thread/WARN]: Can't keep up! Is the server overloaded? Running 5279ms or 105 ticks behind
[22:24:14] [Server thread/INFO]: <MikeOvO> 突然天亮?
[22:24:22] [Server thread/INFO]: <na2hco3_CN> 我睡觉了
[22:24:26] [Server thread/INFO]: <MikeOvO> .
[22:24:37] [Server thread/INFO]: <MikeOvO> 终于找到刷石机了
[22:24:56] [Server thread/INFO]: <MikeOvO> 我去
[22:25:02] [Server thread/INFO]: <MikeOvO> 坏了?
[22:25:07] [Server thread/INFO]: <na2hco3_CN> ?
[22:25:11] [Server thread/INFO]: <MikeOvO> TNT呢?
[22:25:34] [Server thread/INFO]: <na2hco3_CN> 啊这
[22:25:47] [Server thread/INFO]: <na2hco3_CN> 可能特性了
[22:25:53] [Server thread/INFO]: <MikeOvO> 你身上带了TNT和矿车了吗?
[22:25:57] [Server thread/INFO]: <na2hco3_CN> 弄
[22:25:58] [Server thread/INFO]: <na2hco3_CN> 弄
[22:26:00] [Server thread/INFO]: <na2hco3_CN> no
[22:26:10] [Server thread/INFO]: MikeOvO has made the advancement [Stone Age]
[22:26:15] [Server thread/INFO]: <na2hco3_CN> 下面有存货
[22:26:18] [Server thread/INFO]: <na2hco3_CN> 不着急
[22:26:24] [Server thread/INFO]: <na2hco3_CN> 用的人自己回修
[22:26:35] [Server thread/INFO]: <na2hco3_CN> 自己挖可还行
[22:26:43] [Server thread/INFO]: <MikeOvO> 我准备用呢= =
[22:26:45] [Server thread/INFO]: <na2hco3_CN> jing
[22:26:57] [Server thread/INFO]: <na2hco3_CN> 经验可以去小黑塔或者猪人塔
[22:27:02] [Server thread/INFO]: <MikeOvO> 嗯
[22:27:10] [Server thread/INFO]: <MikeOvO> 对了,哪儿有活塞啊?
[22:27:44] [Server thread/INFO]: <na2hco3_CN> 自己合成吧
[22:27:51] [Server thread/INFO]: <na2hco3_CN> 没有存货
[22:28:00] [Server thread/INFO]: <MikeOvO> 对偶,你给我木头了= =
[22:28:15] [Server thread/INFO]: <na2hco3_CN> 树场就在旁边
[22:28:21] [Server thread/INFO]: <MikeOvO> 嗯
[22:29:04] [Server thread/INFO]: MikeOvO has made the advancement [Acquire Hardware]
[22:30:10] [Server thread/INFO]: <na2hco3_CN> 烟花建议省着点用
[22:30:14] [Server thread/INFO]: <MikeOvO> ?
[22:30:23] [Server thread/INFO]: <MikeOvO> 烟花不够吗?
[22:30:29] [Server thread/INFO]: <na2hco3_CN> 合成麻烦
[22:30:32] [Server thread/INFO]: <MikeOvO> = =
[22:30:40] [Server thread/INFO]: <na2hco3_CN> 而且火药储量不多了
[22:30:45] [Server thread/INFO]: <MikeOvO> 女巫塔呢?
[22:30:51] [Server thread/INFO]: <na2hco3_CN> 主世界有人
[22:30:52] [Server thread/INFO]: <MikeOvO> 刚才还看到了
[22:30:55] [Server thread/INFO]: <na2hco3_CN> 效率报告
[22:30:58] [Server thread/INFO]: <na2hco3_CN> 极低
[22:31:21] [Server thread/INFO]: <na2hco3_CN> 上次已经用完了
[22:31:26] [Server thread/INFO]: <MikeOvO> = =
[22:31:43] [Server thread/INFO]: <MikeOvO> 不是,我找女巫塔那红石
[22:31:47] [Server thread/INFO]: <na2hco3_CN> 女巫塔的火药都是刚刚上班的时候挂的
[22:31:49] [Server thread/INFO]: <na2hco3_CN> az
[22:31:56] [Server thread/INFO]: <na2hco3_CN> 红石。。。
[22:32:06] [Server thread/INFO]: <na2hco3_CN> 我扔了两箱
[22:32:08] [Server thread/INFO]: <MikeOvO> 红石也缺吗?
[22:32:11] [Server thread/INFO]: <MikeOvO> = =
[22:32:18] [Server thread/INFO]: <MikeOvO> 这么败家.......
[22:32:40] [Server thread/INFO]: <na2hco3_CN> 因为爆箱了就不能收集火药了
[22:32:50] [Server thread/WARN]: Fetching packet for removed entity class_1542['Air'/435599, l='ServerLevel[world]', x=-367.30, y=70.26, z=480.50]
[22:32:58] [Server thread/WARN]: Fetching packet for removed entity class_1542['Air'/435653, l='ServerLevel[world]', x=-367.30, y=74.26, z=458.50]
[22:32:59] [Server thread/INFO]: <na2hco3_CN> 不过一箱红石也后用了
[22:33:01] [Server thread/INFO]: <na2hco3_CN> 够
[22:33:33] [Server thread/INFO]: commandPlayer: true, [永久更改?]
[22:33:33] [Server thread/INFO]: 规则“玩家控制 (commandPlayer)”将会被默认设置为true
[22:34:55] [Server thread/INFO]: <na2hco3_CN> ok，新人服务完毕
[22:34:59] [Server thread/INFO]: <MikeOvO> ?
[22:35:03] [Server thread/INFO]: <na2hco3_CN> 请选择支付放室
[22:35:06] [Server thread/INFO]: <na2hco3_CN> 方式
[22:35:07] [Server thread/INFO]: <na2hco3_CN> 1
[22:35:08] [Server thread/INFO]: MikeOvO has made the advancement [What a Deal!]
[22:35:15] [Server thread/INFO]: <na2hco3_CN> 继续游玩半小时
[22:35:18] [Server thread/INFO]: <na2hco3_CN> 2
[22:35:21] [Server thread/INFO]: <na2hco3_CN> 继续游玩1小时
[22:35:23] [Server thread/INFO]: <na2hco3_CN> 3
[22:35:26] [Server thread/INFO]: <na2hco3_CN> 继续游玩2小时
[22:35:31] [Server thread/INFO]: <na2hco3_CN> 4
[22:35:32] [Server thread/INFO]: <na2hco3_CN> 4
[22:35:37] [Server thread/INFO]: <na2hco3_CN> 继续游玩3小时
[22:35:42] [Server thread/INFO]: <MikeOvO> ?
[22:35:43] [Server thread/INFO]: <na2hco3_CN> 草
[22:35:49] [Server thread/WARN]: Can't keep up! Is the server overloaded? Running 4124ms or 82 ticks behind
[22:35:57] [Server thread/INFO]: <na2hco3_CN> 这个成交成就太应景了
[22:36:45] [Server thread/INFO]: <na2hco3_CN> 其实说这么多
[22:36:51] [Server thread/INFO]: <na2hco3_CN> 我只是想说
[22:36:56] [Server thread/INFO]: <MikeOvO> ?
[22:36:59] [Server thread/INFO]: <na2hco3_CN> 打彩六去了
[22:37:06] [Server thread/INFO]: <na2hco3_CN> 有事@我
[22:37:07] [Server thread/INFO]: na2hco3_CN lost connection: Disconnected
[22:37:07] [Server thread/INFO]: na2hco3_CN left the game
[22:37:13] [Server thread/INFO]: <MikeOvO> 好的
[22:37:51] [Server thread/INFO]: MikeOvO has made the advancement [Monster Hunter]
[22:42:19] [Server thread/WARN]: Can't keep up! Is the server overloaded? Running 3131ms or 62 ticks behind
[22:43:33] [Server thread/INFO]: commandPlayer: true, [永久更改?]
[22:43:33] [Server thread/INFO]: 规则“玩家控制 (commandPlayer)”将会被默认设置为true
[22:45:13] [Server thread/INFO]: MikeOvO lost connection: Timed out
[22:45:13] [Server thread/INFO]: MikeOvO left the game
[22:52:40] [Server thread/INFO]: Player shuijiao is already logged on
[22:53:31] [Server thread/INFO]: commandPlayer: true, [永久更改?]
[22:53:31] [Server thread/INFO]: 规则“玩家控制 (commandPlayer)”将会被默认设置为true
[23:03:31] [Server thread/INFO]: commandPlayer: true, [永久更改?]
[23:03:31] [Server thread/INFO]: 规则“玩家控制 (commandPlayer)”将会被默认设置为true
[23:11:05] [Server thread/WARN]: Can't keep up! Is the server overloaded? Running 7173ms or 143 ticks behind
[23:13:32] [Server thread/INFO]: commandPlayer: true, [永久更改?]
[23:13:32] [Server thread/INFO]: 规则“玩家控制 (commandPlayer)”将会被默认设置为true
[23:23:32] [Server thread/INFO]: commandPlayer: true, [永久更改?]
[23:23:32] [Server thread/INFO]: 规则“玩家控制 (commandPlayer)”将会被默认设置为true
[23:33:30] [Server thread/INFO]: commandPlayer: true, [永久更改?]
[23:33:30] [Server thread/INFO]: 规则“玩家控制 (commandPlayer)”将会被默认设置为true
[23:43:30] [Server thread/INFO]: commandPlayer: true, [永久更改?]
[23:43:30] [Server thread/INFO]: 规则“玩家控制 (commandPlayer)”将会被默认设置为true
[23:52:43] [Server thread/INFO]: Player shuijiao is already logged on
[23:53:34] [Server thread/INFO]: commandPlayer: true, [永久更改?]
[23:53:34] [Server thread/INFO]: 规则“玩家控制 (commandPlayer)”将会被默认设置为true
