[06:01:06] [main/INFO]: Loading for game Minecraft 1.15.2
[06:01:11] [main/WARN]: Mod `jankson` (2.0.0+j1.2.0) uses 'requires' key in fabric.mod.json, which is not supported - use 'depends'
[06:01:11] [main/INFO]: [FabricLoader] Loading 40 mods: minecraft@1.15.2, fabric-networking-blockentity-v0@0.2.3+e08a73050c, fabric-renderer-api-v1@0.2.10+f08b61330c, fabric-keybindings-v0@0.1.1+dfdb52d60c, jankson@2.0.0+j1.2.0, fabricloader@0.7.8+build.189, fabric-renderer-indigo@0.2.23+9290e2ed0c, fabric-containers-v0@0.1.3+b7f9825d0c, fabric-dimensions-v1@0.3.0+2ad156310c, org_apache_commons_commons-compress@1.9, fabric-biomes-v1@0.1.5+3b05f68e0c, fabric-events-interaction-v0@0.3.0+fac69e320c, fabric-crash-report-info-v1@0.1.2+b7f9825d0c, fabric-api-base@0.1.2+b7f9825d0c, fabric-rendering-v0@1.1.0+534104900c, fabric-rendering-v1@0.1.0+534104900c, fabric-rendering-data-attachment-v1@0.1.3+b7f9825d0c, fabric-resource-loader-v0@0.1.10+06c939b30c, fabric-textures-v0@1.0.4+821cdba70c, fabric-content-registries-v0@0.1.3+b7f9825d0c, fabric-tag-extensions-v0@0.1.3+abd915800c, fabric-rendering-fluids-v1@0.1.6+12515ed90c, fabric-commands-v0@0.1.2+b7f9825d0c, fabric-registry-sync-v0@0.2.6+f3d8141b0c, cotton-logging@1.0.0-rc.4, fabric-blockrenderlayer-v1@1.1.4+c6a8ea890c, textile_backup@1.1.0-1.15, fabric-mining-levels-v0@0.1.1+b7f9825d0c, fabric-renderer-registries-v1@2.0.1+5a0f9a600c, carpet-extra@1.3.15, fabric-events-lifecycle-v0@0.1.2+b7f9825d0c, fabric-loot-tables-v1@0.1.5+e08a73050c, fabric@0.5.1+build.294-1.15, carpet@1.3.15, fabric-item-groups-v0@0.1.6+ec40b2e10c, fabric-models-v0@0.1.0+dfdb52d60c, fabric-particles-v1@0.1.1+dfdb52d60c, fabric-networking-v0@0.1.7+12515ed90c, fabric-object-builders-v0@0.1.3+e4c9a9c30c, cotton-config@1.0.0-rc.7
[06:01:11] [main/INFO]: SpongePowered MIXIN Subsystem Version=0.8 Source=file:/C:/Server/skimit_survival/fabric-server-launch.jar Service=Knot/Fabric Env=SERVER
[06:02:30] [main/WARN]: Ambiguity between arguments [teleport, destination] and [teleport, targets] with inputs: [Player, 0123, @e, dd12be42-52a9-4a91-a8a1-11c01849e498]
[06:02:30] [main/WARN]: Ambiguity between arguments [teleport, location] and [teleport, destination] with inputs: [0.1 -0.5 .9, 0 0 0]
[06:02:30] [main/WARN]: Ambiguity between arguments [teleport, location] and [teleport, targets] with inputs: [0.1 -0.5 .9, 0 0 0]
[06:02:30] [main/WARN]: Ambiguity between arguments [teleport, targets] and [teleport, destination] with inputs: [Player, 0123, dd12be42-52a9-4a91-a8a1-11c01849e498]
[06:02:30] [main/WARN]: Ambiguity between arguments [teleport, targets, location] and [teleport, targets, destination] with inputs: [0.1 -0.5 .9, 0 0 0]
[06:02:33] [main/INFO]: [TextileBackup]: Loading TextileBackup by Szum123321
[06:02:36] [Server thread/INFO]: Starting minecraft server version 1.15.2
[06:02:36] [Server thread/INFO]: Loading properties
[06:02:36] [Server thread/INFO]: Default game type: SURVIVAL
[06:02:36] [Server thread/INFO]: Generating keypair
[06:02:36] [Server thread/INFO]: Starting Minecraft server on *:26565
[06:02:36] [Server thread/INFO]: Using default channel type
[06:02:37] [Server thread/WARN]: **** SERVER IS RUNNING IN OFFLINE/INSECURE MODE!
[06:02:37] [Server thread/WARN]: The server will make no attempt to authenticate usernames. Beware.
[06:02:37] [Server thread/WARN]: While this makes the game possible to play without internet access, it also opens up the ability for hackers to connect with any username they choose.
[06:02:37] [Server thread/WARN]: To change this, set "online-mode" to "true" in the server.properties file.
[06:02:38] [Server thread/INFO]: Preparing level "skimit"
[06:02:38] [Server thread/INFO]: [CM]: loaded setting commandDraw as false from carpet.conf
[06:02:38] [Server thread/INFO]: [CM]: loaded setting rotatorBlock as true from carpet.conf
[06:02:38] [Server thread/INFO]: [CM]: loaded setting combineXPOrbs as true from carpet.conf
[06:02:38] [Server thread/INFO]: [CM]: loaded setting onePlayerSleeping as true from carpet.conf
[06:02:38] [Server thread/INFO]: [CM]: loaded setting portalSuffocationFix as true from carpet.conf
[06:02:38] [Server thread/INFO]: [CM]: loaded setting leadFix as true from carpet.conf
[06:02:38] [Server thread/INFO]: [CM]: loaded setting antiCheatDisabled as true from carpet.conf
[06:02:38] [Server thread/INFO]: [CM]: loaded setting defaultLoggers as tps from carpet.conf
[06:02:38] [Server thread/INFO]: [CM]: loaded setting commandCameramode as false from carpet.conf
[06:02:38] [Server thread/INFO]: [CM]: loaded setting unloadedEntityFix as true from carpet.conf
[06:02:38] [Server thread/INFO]: [CM]: loaded setting ctrlQCraftingFix as true from carpet.conf
[06:02:39] [Server thread/INFO]: [fabric-registry-sync] Loaded registry data [file 1/4]
[06:02:39] [Server thread/INFO]: Reloading ResourceManager: Default, bukkit, Fabric Mining Levels (v0)
[06:02:42] [Server thread/INFO]: Loaded 6 recipes
[06:02:43] [Server thread/INFO]: Loaded 825 advancements
[06:02:44] [Server thread/INFO]: Preparing start region for dimension minecraft:overworld
[06:02:48] [Server thread/INFO]: Preparing spawn area: 0%
[06:02:48] [Server thread/INFO]: Preparing spawn area: 0%
[06:02:48] [Server thread/INFO]: Preparing spawn area: 0%
[06:02:48] [Server thread/INFO]: Preparing spawn area: 0%
[06:02:48] [Server thread/INFO]: Preparing spawn area: 0%
[06:02:48] [Server thread/INFO]: Preparing spawn area: 0%
[06:02:48] [Server thread/INFO]: Preparing spawn area: 0%
[06:02:48] [Server thread/INFO]: Preparing spawn area: 0%
[06:02:48] [Server-Worker-2/INFO]: Preparing spawn area: 0%
[06:02:49] [Server thread/INFO]: Preparing spawn area: 0%
[06:02:50] [Server-Worker-2/INFO]: Preparing spawn area: 0%
[06:02:50] [Server-Worker-2/INFO]: Preparing spawn area: 0%
[06:02:50] [Server-Worker-2/INFO]: Preparing spawn area: 0%
[06:02:51] [Server-Worker-2/INFO]: Preparing spawn area: 0%
[06:02:51] [Server thread/INFO]: Preparing spawn area: 0%
[06:02:52] [Server thread/INFO]: Preparing spawn area: 21%
[06:02:53] [Server thread/INFO]: Preparing spawn area: 83%
[06:02:53] [Server thread/INFO]: Time elapsed: 8864 ms
[06:02:53] [Server thread/INFO]: Done (15.140s)! For help, type "help"
[06:02:53] [Server thread/INFO]: Starting remote control listener
[06:02:53] [RCON Listener #1/INFO]: RCON running on 0.0.0.0:25636
[06:02:56] [Server thread/WARN]: Can't keep up! Is the server overloaded? Running 2555ms or 51 ticks behind
[08:11:37] [Server thread/INFO]: xiaolouQAQ[/127.0.0.1:63882] logged in with entity id 85 at (-529.5713529459115, 68.0, 444.82444855578325)
[08:11:37] [Netty Server IO #0/WARN]: Received invalid identifier in minecraft:register: legacy:fml|hs (Non [a-z0-9/._-] character in path of location: legacy:fml|hs)
[08:11:37] [Server thread/INFO]: xiaolouQAQ joined the game
[08:11:38] [Server thread/INFO]: [TextileBackup]: Backup started by: SERVER on: 2020-04-16_08-11-38
[08:11:38] [Server thread/INFO]: [TextileBackup]: Saving server...
[08:11:39] [Server thread/WARN]: Can't keep up! Is the server overloaded? Running 2371ms or 47 ticks behind
[08:11:39] [Thread-50/INFO]: [TextileBackup]: Starting compression...
[08:12:26] [Server thread/WARN]: Can't keep up! Is the server overloaded? Running 2059ms or 41 ticks behind
[08:12:43] [Server thread/INFO]: ChengXi123[/127.0.0.1:63919] logged in with entity id 303 at (227.41506722961176, 69.5, 219.72175733990798)
[08:12:43] [Server thread/INFO]: ChengXi123 joined the game
[08:12:45] [Netty Server IO #0/WARN]: Received invalid identifier in minecraft:register: legacy:fml|hs (Non [a-z0-9/._-] character in path of location: legacy:fml|hs)
[08:12:58] [Server thread/INFO]: <xiaolouQAQ> 早
[08:13:01] [Server thread/WARN]: Can't keep up! Is the server overloaded? Running 20546ms or 410 ticks behind
[08:13:04] [Server thread/INFO]: <ChengXi123> 早
[08:13:24] [Server thread/INFO]: <ChengXi123> 你有时间吗
[08:13:31] [Server thread/INFO]: <xiaolouQAQ> 我在上课
[08:13:34] [Server thread/INFO]: <xiaolouQAQ> 下午有
[08:13:37] [Server thread/WARN]: Can't keep up! Is the server overloaded? Running 21155ms or 423 ticks behind
[08:14:03] [Server thread/INFO]: <ChengXi123> 我老师还没来
[08:14:07] [Server thread/INFO]: <xiaolouQAQ> hhhh
[08:14:09] [Server thread/INFO]: <ChengXi123> 我35分才上课
[08:14:18] [Server thread/INFO]: <xiaolouQAQ> en
[08:14:23] [Server thread/WARN]: Can't keep up! Is the server overloaded? Running 30278ms or 605 ticks behind
[08:14:29] [Server thread/INFO]: MTpromax[/127.0.0.1:63986] logged in with entity id 502 at (-468.30757370028493, 70.79673560066871, 447.02883391648015)
[08:14:29] [Netty Server IO #1/WARN]: Received invalid identifier in minecraft:register: legacy:fml|hs (Non [a-z0-9/._-] character in path of location: legacy:fml|hs)
[08:14:29] [Server thread/INFO]: MTpromax joined the game
[08:14:30] [Server thread/INFO]: <xiaolouQAQ> 我八点
[08:14:38] [Thread-50/INFO]: [TextileBackup]: Compression finished
[08:14:38] [Thread-50/INFO]: [TextileBackup]: Deleting: 2020-04-15_10-06-00.zip
[08:14:38] [Thread-50/INFO]: [TextileBackup]: Done!
[08:14:52] [Server thread/WARN]: Can't keep up! Is the server overloaded? Running 14420ms or 288 ticks behind
[08:15:11] [Server thread/WARN]: Can't keep up! Is the server overloaded? Running 4301ms or 86 ticks behind
[08:15:31] [Server thread/WARN]: Can't keep up! Is the server overloaded? Running 4712ms or 94 ticks behind
[08:15:37] [Server thread/INFO]: <xiaolouQAQ> 这附近有村庄吗
[08:15:39] [Server thread/INFO]: <xiaolouQAQ> 村民
[08:16:30] [Server thread/INFO]: MTpromax lost connection: Timed out
[08:16:30] [Server thread/INFO]: MTpromax left the game
[08:16:30] [Server thread/WARN]: handleDisconnection() called twice
[08:16:39] [Server thread/INFO]: MTpromax[/127.0.0.1:64065] logged in with entity id 1017 at (-419.34456676596955, 73.0791284673199, 415.3456819453512)
[08:16:39] [Netty Server IO #1/WARN]: Received invalid identifier in minecraft:register: legacy:fml|hs (Non [a-z0-9/._-] character in path of location: legacy:fml|hs)
[08:16:39] [Server thread/INFO]: MTpromax joined the game
[08:17:04] [Server thread/WARN]: Can't keep up! Is the server overloaded? Running 2065ms or 41 ticks behind
[08:17:24] [Server thread/WARN]: Can't keep up! Is the server overloaded? Running 4684ms or 93 ticks behind
[08:17:41] [Server thread/WARN]: Can't keep up! Is the server overloaded? Running 2030ms or 40 ticks behind
[08:18:11] [Server thread/WARN]: Can't keep up! Is the server overloaded? Running 2028ms or 40 ticks behind
[08:18:47] [Server thread/WARN]: Can't keep up! Is the server overloaded? Running 2126ms or 42 ticks behind
[08:19:16] [Server thread/WARN]: Can't keep up! Is the server overloaded? Running 2153ms or 43 ticks behind
[08:19:54] [Server thread/WARN]: Can't keep up! Is the server overloaded? Running 3433ms or 68 ticks behind
[08:20:13] [Server thread/WARN]: Can't keep up! Is the server overloaded? Running 3546ms or 70 ticks behind
[08:20:49] [Server thread/WARN]: Can't keep up! Is the server overloaded? Running 2019ms or 40 ticks behind
[08:21:11] [Server thread/WARN]: Can't keep up! Is the server overloaded? Running 6548ms or 130 ticks behind
[08:21:41] [Server thread/WARN]: Can't keep up! Is the server overloaded? Running 15566ms or 311 ticks behind
[08:22:03] [Server thread/WARN]: Can't keep up! Is the server overloaded? Running 7148ms or 142 ticks behind
[08:22:27] [Server thread/WARN]: Can't keep up! Is the server overloaded? Running 2591ms or 51 ticks behind
[08:22:57] [Server thread/WARN]: Can't keep up! Is the server overloaded? Running 14870ms or 297 ticks behind
[08:23:16] [Server thread/WARN]: Can't keep up! Is the server overloaded? Running 4236ms or 84 ticks behind
[08:25:56] [Server thread/WARN]: Can't keep up! Is the server overloaded? Running 5894ms or 117 ticks behind
[08:26:46] [Server thread/WARN]: Can't keep up! Is the server overloaded? Running 2008ms or 40 ticks behind
[08:29:05] [Server thread/WARN]: Can't keep up! Is the server overloaded? Running 2037ms or 40 ticks behind
[08:29:29] [Server thread/WARN]: Can't keep up! Is the server overloaded? Running 9393ms or 187 ticks behind
[08:29:49] [Server thread/WARN]: Can't keep up! Is the server overloaded? Running 5038ms or 100 ticks behind
[08:30:13] [Server thread/WARN]: Can't keep up! Is the server overloaded? Running 2004ms or 40 ticks behind
[08:30:34] [Server thread/WARN]: Can't keep up! Is the server overloaded? Running 5527ms or 110 ticks behind
[08:30:56] [Server thread/WARN]: Can't keep up! Is the server overloaded? Running 7030ms or 140 ticks behind
[08:31:14] [Server thread/WARN]: Can't keep up! Is the server overloaded? Running 2878ms or 57 ticks behind
[08:31:35] [Server thread/WARN]: Can't keep up! Is the server overloaded? Running 2984ms or 59 ticks behind
[08:31:59] [Server thread/WARN]: Can't keep up! Is the server overloaded? Running 9320ms or 186 ticks behind
[08:36:47] [Server thread/WARN]: Can't keep up! Is the server overloaded? Running 2216ms or 44 ticks behind
[08:41:45] [Server thread/INFO]: <ChengXi123> MTpromax你过来看看
[08:41:49] [Server thread/WARN]: Can't keep up! Is the server overloaded? Running 2179ms or 43 ticks behind
[08:41:53] [Server thread/INFO]: <MTpromax> 你在哪
[08:42:06] [Server thread/WARN]: Can't keep up! Is the server overloaded? Running 2442ms or 48 ticks behind
[08:43:18] [Server thread/INFO]: Manjaro_linux[/127.0.0.1:65011] logged in with entity id 6471 at (-24.226838528751834, 12.419999986886978, 293.0058200936719)
[08:43:18] [Netty Server IO #0/WARN]: Received invalid identifier in minecraft:register: legacy:fml|hs (Non [a-z0-9/._-] character in path of location: legacy:fml|hs)
[08:43:18] [Server thread/INFO]: Manjaro_linux joined the game
[08:43:23] [Server thread/INFO]: <xiaolouQAQ> ???
[08:43:29] [Server thread/INFO]: <ChengXi123> xiaolouQAQ你刚刚头转了180度
[08:43:36] [Server thread/INFO]: <xiaolouQAQ> 卡了吗
[08:43:47] [Server thread/INFO]: <Manjaro_linux> t
[08:43:59] [Server thread/INFO]: <ChengXi123> ?
[08:44:09] [Server thread/INFO]: <xiaolouQAQ> 溺尸塔好慢
[08:44:28] [Server thread/WARN]: Can't keep up! Is the server overloaded? Running 2019ms or 40 ticks behind
[08:44:47] [Server thread/WARN]: Can't keep up! Is the server overloaded? Running 3920ms or 78 ticks behind
[08:45:10] [Server thread/WARN]: Can't keep up! Is the server overloaded? Running 7923ms or 158 ticks behind
[08:45:28] [Server thread/WARN]: Can't keep up! Is the server overloaded? Running 3538ms or 70 ticks behind
[08:45:47] [Server thread/WARN]: Can't keep up! Is the server overloaded? Running 3579ms or 71 ticks behind
[08:46:01] [Server thread/INFO]: <ChengXi123> 谁有时间
[08:46:10] [Server thread/WARN]: Can't keep up! Is the server overloaded? Running 8671ms or 173 ticks behind
[08:46:11] [Server thread/INFO]: <MTpromax> 干哈
[08:46:28] [Server thread/WARN]: Can't keep up! Is the server overloaded? Running 2998ms or 59 ticks behind
[08:46:35] [Server thread/INFO]: MTpromax lost connection: Timed out
[08:46:35] [Server thread/INFO]: MTpromax left the game
[08:46:35] [Server thread/WARN]: handleDisconnection() called twice
[08:46:35] [Server thread/INFO]: ChengXi123 lost connection: Disconnected
[08:46:35] [Server thread/INFO]: ChengXi123 left the game
[08:46:41] [Server thread/INFO]: MTpromax[/127.0.0.1:65134] logged in with entity id 7286 at (-475.34738423650754, 69.0, 441.7568437461959)
[08:46:41] [Netty Server IO #1/WARN]: Received invalid identifier in minecraft:register: legacy:fml|hs (Non [a-z0-9/._-] character in path of location: legacy:fml|hs)
[08:46:41] [Server thread/INFO]: MTpromax joined the game
[08:46:44] [Server thread/INFO]: ChengXi123[/127.0.0.1:65137] logged in with entity id 7289 at (240.5091176409676, 69.5, 214.05255009885335)
[08:46:44] [Server thread/INFO]: ChengXi123 joined the game
[08:46:45] [Netty Server IO #0/WARN]: Received invalid identifier in minecraft:register: legacy:fml|hs (Non [a-z0-9/._-] character in path of location: legacy:fml|hs)
[08:46:50] [Server thread/WARN]: Can't keep up! Is the server overloaded? Running 6998ms or 139 ticks behind
[08:46:56] [Server thread/INFO]: <ChengXi123> 搭方块
[08:47:10] [Server thread/WARN]: Can't keep up! Is the server overloaded? Running 4568ms or 91 ticks behind
[08:47:27] [Server thread/INFO]: <xiaolouQAQ> 末地有小黑塔吗
[08:47:28] [Server thread/WARN]: Can't keep up! Is the server overloaded? Running 3656ms or 73 ticks behind
[08:47:29] [Server thread/INFO]: <MTpromax> 在哪里答
[08:47:49] [Server thread/INFO]: <ChengXi123> 226 194
[08:47:56] [Server thread/WARN]: Can't keep up! Is the server overloaded? Running 12917ms or 258 ticks behind
[08:48:17] [Server thread/WARN]: Can't keep up! Is the server overloaded? Running 5866ms or 117 ticks behind
[08:48:31] [Server thread/INFO]: <MTpromax> 我这里坐标显示不了
[08:48:38] [Server thread/WARN]: Can't keep up! Is the server overloaded? Running 5923ms or 118 ticks behind
[08:48:54] [Server thread/INFO]: <ChengXi123> 女巫小屋
[08:48:59] [Server thread/WARN]: Can't keep up! Is the server overloaded? Running 5466ms or 109 ticks behind
[08:49:06] [Server thread/INFO]: <MTpromax> 在哪里
[08:49:28] [Server thread/WARN]: Can't keep up! Is the server overloaded? Running 14281ms or 285 ticks behind
[08:49:53] [Server thread/WARN]: Can't keep up! Is the server overloaded? Running 10601ms or 212 ticks behind
[08:50:13] [Server thread/INFO]: Manjaro_linux fell from a high place
[08:50:18] [Server thread/WARN]: Can't keep up! Is the server overloaded? Running 10047ms or 200 ticks behind
[08:50:22] [Server thread/INFO]: <Manjaro_linux> twtf
[08:50:25] [Server thread/INFO]: <ChengXi123> .
[08:50:51] [Server thread/WARN]: Can't keep up! Is the server overloaded? Running 17116ms or 342 ticks behind
[08:50:55] [Server thread/INFO]: <ChengXi123> 睡觉睡觉
[08:51:14] [Server thread/WARN]: Can't keep up! Is the server overloaded? Running 8929ms or 178 ticks behind
[08:51:35] [Server thread/WARN]: Can't keep up! Is the server overloaded? Running 5971ms or 119 ticks behind
[08:51:53] [Server thread/INFO]: <ChengXi123> 睡觉
[08:51:55] [Server thread/WARN]: Can't keep up! Is the server overloaded? Running 4155ms or 83 ticks behind
[08:52:14] [Server thread/WARN]: Can't keep up! Is the server overloaded? Running 4239ms or 84 ticks behind
[08:52:35] [Server thread/WARN]: Can't keep up! Is the server overloaded? Running 6417ms or 128 ticks behind
[08:52:54] [Server thread/WARN]: Can't keep up! Is the server overloaded? Running 4300ms or 86 ticks behind
[08:53:15] [Server thread/WARN]: Can't keep up! Is the server overloaded? Running 5613ms or 112 ticks behind
[08:53:34] [Server thread/WARN]: Can't keep up! Is the server overloaded? Running 3479ms or 69 ticks behind
[08:53:47] [Server thread/INFO]: <MTpromax> ChengXi123 你有多少组合金欢原木
[08:53:56] [Server thread/WARN]: Can't keep up! Is the server overloaded? Running 2146ms or 42 ticks behind
[08:53:57] [Server thread/INFO]: <Manjaro_linux> 你怎搭
[08:54:01] [Server thread/INFO]: <ChengXi123> 自己去看
[08:54:11] [Server thread/INFO]: <ChengXi123> 填完
[08:54:15] [Server thread/WARN]: Can't keep up! Is the server overloaded? Running 4154ms or 83 ticks behind
[08:54:16] [Server thread/INFO]: <Manjaro_linux> 给我点板砖
[08:54:24] [Server thread/INFO]: <ChengXi123> 没有了
[08:54:33] [Server thread/WARN]: Can't keep up! Is the server overloaded? Running 2971ms or 59 ticks behind
[08:54:52] [Server thread/WARN]: Can't keep up! Is the server overloaded? Running 4140ms or 82 ticks behind
[08:55:25] [Server thread/WARN]: Can't keep up! Is the server overloaded? Running 17818ms or 356 ticks behind
[08:55:47] [Server thread/WARN]: Can't keep up! Is the server overloaded? Running 6689ms or 133 ticks behind
[08:56:14] [Server thread/WARN]: Can't keep up! Is the server overloaded? Running 12066ms or 241 ticks behind
[08:56:34] [Server thread/WARN]: Can't keep up! Is the server overloaded? Running 5698ms or 113 ticks behind
[08:56:58] [Server thread/WARN]: Can't keep up! Is the server overloaded? Running 8856ms or 177 ticks behind
[08:57:18] [Server thread/WARN]: Can't keep up! Is the server overloaded? Running 4665ms or 93 ticks behind
[08:57:38] [Server thread/WARN]: Can't keep up! Is the server overloaded? Running 4831ms or 96 ticks behind
[08:57:54] [Server thread/INFO]: <Manjaro_linux> 没了
[08:57:58] [Server thread/WARN]: Can't keep up! Is the server overloaded? Running 5497ms or 109 ticks behind
[08:58:19] [Server thread/WARN]: Can't keep up! Is the server overloaded? Running 6114ms or 122 ticks behind
[08:58:24] [Server thread/INFO]: <xiaolouQAQ> 你们要命名牌吗
[08:58:39] [Server thread/WARN]: Can't keep up! Is the server overloaded? Running 4927ms or 98 ticks behind
[08:58:40] [Server thread/INFO]: <Manjaro_linux> 村民交易一大堆
[08:58:59] [Server thread/INFO]: <ChengXi123> 帮我挖掉小屋
[08:59:00] [Server thread/WARN]: Can't keep up! Is the server overloaded? Running 5574ms or 111 ticks behind
[08:59:20] [Server thread/WARN]: Can't keep up! Is the server overloaded? Running 5530ms or 110 ticks behind
[08:59:40] [Server thread/WARN]: Can't keep up! Is the server overloaded? Running 4848ms or 96 ticks behind
[09:00:04] [Server thread/WARN]: Can't keep up! Is the server overloaded? Running 9570ms or 191 ticks behind
[09:00:29] [Server thread/WARN]: Can't keep up! Is the server overloaded? Running 9805ms or 196 ticks behind
[09:00:53] [Server thread/WARN]: Can't keep up! Is the server overloaded? Running 8659ms or 173 ticks behind
[09:01:14] [Server thread/WARN]: Can't keep up! Is the server overloaded? Running 6415ms or 128 ticks behind
[09:01:18] [Server thread/INFO]: MTpromax tried to swim in lava
[09:01:35] [Server thread/WARN]: Can't keep up! Is the server overloaded? Running 5824ms or 116 ticks behind
[09:01:54] [Server thread/WARN]: Can't keep up! Is the server overloaded? Running 3770ms or 75 ticks behind
[09:02:13] [Server thread/WARN]: Can't keep up! Is the server overloaded? Running 4124ms or 82 ticks behind
[09:02:29] [Server thread/INFO]: Aod_lcy[/127.0.0.1:49325] logged in with entity id 11841 at (-327.98725695489986, 17.0, 497.8138212379623)
[09:02:29] [Netty Server IO #1/WARN]: Received invalid identifier in minecraft:register: legacy:fml|hs (Non [a-z0-9/._-] character in path of location: legacy:fml|hs)
[09:02:29] [Server thread/INFO]: Aod_lcy joined the game
[09:03:02] [Server thread/WARN]: Can't keep up! Is the server overloaded? Running 33788ms or 675 ticks behind
[09:03:11] [Server thread/INFO]: Aod_lcy lost connection: Disconnected
[09:03:11] [Server thread/INFO]: Aod_lcy left the game
[09:03:17] [Server thread/INFO]: Aod_lcy[/127.0.0.1:49359] logged in with entity id 11955 at (-327.98725695489986, 17.0, 497.8138212379623)
[09:03:17] [Server thread/INFO]: Aod_lcy joined the game
[09:03:17] [Netty Server IO #0/WARN]: Received invalid identifier in minecraft:register: legacy:fml|hs (Non [a-z0-9/._-] character in path of location: legacy:fml|hs)
[09:03:31] [Server thread/WARN]: Can't keep up! Is the server overloaded? Running 14060ms or 281 ticks behind
[09:03:47] [Server thread/INFO]: Aod_lcy lost connection: Disconnected
[09:03:47] [Server thread/INFO]: Aod_lcy left the game
[09:03:57] [Server thread/WARN]: Can't keep up! Is the server overloaded? Running 11289ms or 225 ticks behind
[09:04:18] [Server thread/WARN]: Can't keep up! Is the server overloaded? Running 5598ms or 111 ticks behind
[09:04:40] [Server thread/WARN]: Can't keep up! Is the server overloaded? Running 7895ms or 157 ticks behind
[09:04:59] [Server thread/WARN]: Can't keep up! Is the server overloaded? Running 3278ms or 65 ticks behind
[09:05:02] [Server thread/INFO]: <Manjaro_linux> 用铲子啊
[09:05:17] [Server thread/WARN]: Can't keep up! Is the server overloaded? Running 3781ms or 75 ticks behind
[09:05:21] [Server thread/INFO]: <ChengXi123> 就改一下定位
[09:05:37] [Server thread/WARN]: Can't keep up! Is the server overloaded? Running 4946ms or 98 ticks behind
[09:05:39] [Server thread/INFO]: MTpromax tried to swim in lava
[09:06:02] [Server thread/WARN]: Can't keep up! Is the server overloaded? Running 9281ms or 185 ticks behind
[09:06:23] [Server thread/WARN]: Can't keep up! Is the server overloaded? Running 6331ms or 126 ticks behind
[09:06:43] [Server thread/WARN]: Can't keep up! Is the server overloaded? Running 4932ms or 98 ticks behind
[09:06:51] [Server thread/INFO]: Aod_lcy[/127.0.0.1:49493] logged in with entity id 12780 at (-347.858475191329, 20.0, 502.14975657797345)
[09:06:51] [Server thread/INFO]: Aod_lcy joined the game
[09:06:53] [Netty Server IO #1/WARN]: Received invalid identifier in minecraft:register: legacy:fml|hs (Non [a-z0-9/._-] character in path of location: legacy:fml|hs)
[09:07:08] [Server thread/WARN]: Can't keep up! Is the server overloaded? Running 9902ms or 198 ticks behind
[09:07:33] [Server thread/WARN]: Can't keep up! Is the server overloaded? Running 10671ms or 213 ticks behind
[09:07:48] [Server thread/INFO]: <ChengXi123> 这个方形要搭高一格
[09:07:55] [Server thread/WARN]: Can't keep up! Is the server overloaded? Running 7170ms or 143 ticks behind
[09:08:18] [Server thread/WARN]: Can't keep up! Is the server overloaded? Running 7382ms or 147 ticks behind
[09:08:45] [Server thread/WARN]: Can't keep up! Is the server overloaded? Running 12135ms or 242 ticks behind
[09:09:13] [Server thread/INFO]: <ChengXi123> 今天人挺多啊
[09:09:15] [Server thread/WARN]: Can't keep up! Is the server overloaded? Running 15511ms or 310 ticks behind
[09:09:39] [Server thread/WARN]: Can't keep up! Is the server overloaded? Running 8663ms or 173 ticks behind
[09:10:09] [Server thread/WARN]: Can't keep up! Is the server overloaded? Running 15330ms or 306 ticks behind
[09:10:35] [Server thread/WARN]: Can't keep up! Is the server overloaded? Running 10446ms or 208 ticks behind
[09:11:23] [Server thread/WARN]: Can't keep up! Is the server overloaded? Running 33585ms or 671 ticks behind
[09:11:50] [Server thread/INFO]: [TextileBackup]: Backup started by: SERVER on: 2020-04-16_09-11-50
[09:11:50] [Server thread/INFO]: [TextileBackup]: Saving server...
[09:11:54] [Thread-51/INFO]: [TextileBackup]: Starting compression...
[09:12:10] [Server thread/WARN]: Can't keep up! Is the server overloaded? Running 31631ms or 632 ticks behind
[09:12:14] [Server thread/INFO]: <xiaolouQAQ> 1
[09:12:29] [Server thread/INFO]: <xiaolouQAQ> 食物都吃不了了
[09:13:21] [Server Watchdog/FATAL]: A single server tick took 60.42 seconds (should be max 0.05)
[09:13:21] [Server Watchdog/FATAL]: Considering it to be crashed, server will forcibly shutdown.
[09:13:23] [Server Watchdog/ERROR]: This crash report has been saved to: C:\Server\skimit_survival\.\crash-reports\crash-2020-04-16_09.13.22-server.txt
[09:13:23] [Server thread/INFO]: Stopping server
[09:13:24] [Server thread/INFO]: Saving players
