[21:10:13] [main/INFO]: Loading for game Minecraft 1.15.2
[21:10:15] [main/INFO]: [FabricLoader] Loading 4 mods: minecraft@1.15.2, carpet-extra@1.3.15, fabricloader@0.7.8+build.189, carpet@1.3.15
[21:10:15] [main/INFO]: SpongePowered MIXIN Subsystem Version=0.8 Source=file:/C:/Server/skimit_survival/fabric-server-launch.jar Service=Knot/Fabric Env=SERVER
[21:11:38] [main/WARN]: Ambiguity between arguments [teleport, destination] and [teleport, targets] with inputs: [Player, 0123, @e, dd12be42-52a9-4a91-a8a1-11c01849e498]
[21:11:38] [main/WARN]: Ambiguity between arguments [teleport, location] and [teleport, destination] with inputs: [0.1 -0.5 .9, 0 0 0]
[21:11:38] [main/WARN]: Ambiguity between arguments [teleport, location] and [teleport, targets] with inputs: [0.1 -0.5 .9, 0 0 0]
[21:11:38] [main/WARN]: Ambiguity between arguments [teleport, targets] and [teleport, destination] with inputs: [Player, 0123, dd12be42-52a9-4a91-a8a1-11c01849e498]
[21:11:38] [main/WARN]: Ambiguity between arguments [teleport, targets, location] and [teleport, targets, destination] with inputs: [0.1 -0.5 .9, 0 0 0]
[21:11:39] [Server thread/INFO]: Starting minecraft server version 1.15.2
[21:11:39] [Server thread/INFO]: Loading properties
[21:11:39] [Server thread/INFO]: Default game type: SURVIVAL
[21:11:39] [Server thread/INFO]: Generating keypair
[21:11:39] [Server thread/INFO]: Starting Minecraft server on *:26565
[21:11:39] [Server thread/INFO]: Using default channel type
[21:11:40] [Server thread/WARN]: **** SERVER IS RUNNING IN OFFLINE/INSECURE MODE!
[21:11:40] [Server thread/WARN]: The server will make no attempt to authenticate usernames. Beware.
[21:11:40] [Server thread/WARN]: While this makes the game possible to play without internet access, it also opens up the ability for hackers to connect with any username they choose.
[21:11:40] [Server thread/WARN]: To change this, set "online-mode" to "true" in the server.properties file.
[21:11:40] [Server thread/INFO]: Preparing level "skimit"
[21:11:41] [Server thread/INFO]: [CM]: loaded setting commandDraw as false from carpet.conf
[21:11:41] [Server thread/INFO]: [CM]: loaded setting rotatorBlock as true from carpet.conf
[21:11:41] [Server thread/INFO]: [CM]: loaded setting combineXPOrbs as true from carpet.conf
[21:11:41] [Server thread/INFO]: [CM]: loaded setting onePlayerSleeping as true from carpet.conf
[21:11:41] [Server thread/INFO]: [CM]: loaded setting portalSuffocationFix as true from carpet.conf
[21:11:41] [Server thread/INFO]: [CM]: loaded setting leadFix as true from carpet.conf
[21:11:41] [Server thread/INFO]: [CM]: loaded setting antiCheatDisabled as true from carpet.conf
[21:11:41] [Server thread/INFO]: [CM]: loaded setting defaultLoggers as tps from carpet.conf
[21:11:41] [Server thread/INFO]: [CM]: loaded setting commandCameramode as false from carpet.conf
[21:11:41] [Server thread/INFO]: [CM]: loaded setting unloadedEntityFix as true from carpet.conf
[21:11:41] [Server thread/INFO]: [CM]: loaded setting ctrlQCraftingFix as true from carpet.conf
[21:11:41] [Server thread/INFO]: [CM]: loaded setting commandTick as false from carpet.conf
[21:11:42] [Server thread/INFO]: Reloading ResourceManager: Default, bukkit
[21:11:44] [Server thread/INFO]: Loaded 6 recipes
[21:11:46] [Server thread/INFO]: Loaded 825 advancements
[21:11:47] [Server thread/INFO]: Preparing start region for dimension minecraft:overworld
[21:11:51] [Server thread/INFO]: Preparing spawn area: 0%
[21:11:51] [Server thread/INFO]: Preparing spawn area: 0%
[21:11:51] [Server thread/INFO]: Preparing spawn area: 0%
[21:11:51] [Server thread/INFO]: Preparing spawn area: 0%
[21:11:51] [Server thread/INFO]: Preparing spawn area: 0%
[21:11:51] [Server thread/INFO]: Preparing spawn area: 0%
[21:11:51] [Server thread/INFO]: Preparing spawn area: 0%
[21:11:51] [Server thread/INFO]: Preparing spawn area: 0%
[21:11:51] [Server thread/INFO]: Preparing spawn area: 0%
[21:11:52] [Server-Worker-2/INFO]: Preparing spawn area: 0%
[21:11:52] [Server-Worker-2/INFO]: Preparing spawn area: 0%
[21:11:54] [Server thread/INFO]: Preparing spawn area: 0%
[21:11:54] [Server thread/INFO]: Preparing spawn area: 0%
[21:11:54] [Server thread/INFO]: Preparing spawn area: 0%
[21:11:54] [Server thread/INFO]: Preparing spawn area: 83%
[21:11:56] [Server thread/INFO]: Time elapsed: 8971 ms
[21:11:56] [Server thread/INFO]: Done (15.743s)! For help, type "help"
[21:11:56] [Server thread/INFO]: Starting remote control listener
[21:11:56] [RCON Listener #1/INFO]: RCON running on 0.0.0.0:22140
