[00:00:00] [Server thread/INFO]: Player shuijiao is already logged on
[00:10:00] [Server thread/INFO]: Player shuijiao is already logged on
[00:20:00] [Server thread/INFO]: Player shuijiao is already logged on
[00:30:00] [Server thread/INFO]: Player shuijiao is already logged on
[00:40:00] [Server thread/INFO]: Player shuijiao is already logged on
[00:50:00] [Server thread/INFO]: Player shuijiao is already logged on
[01:00:00] [Server thread/INFO]: Player shuijiao is already logged on
[01:10:00] [Server thread/INFO]: Player shuijiao is already logged on
[01:20:00] [Server thread/INFO]: Player shuijiao is already logged on
[01:30:00] [Server thread/INFO]: Player shuijiao is already logged on
[01:40:00] [Server thread/INFO]: Player shuijiao is already logged on
[01:50:00] [Server thread/INFO]: Player shuijiao is already logged on
[02:00:00] [Server thread/INFO]: Player shuijiao is already logged on
[02:10:00] [Server thread/INFO]: Player shuijiao is already logged on
[02:20:00] [Server thread/INFO]: Player shuijiao is already logged on
[02:30:00] [Server thread/INFO]: Player shuijiao is already logged on
[02:40:00] [Server thread/INFO]: Player shuijiao is already logged on
[02:50:00] [Server thread/INFO]: [Textile Backup] Backup started by: Timer on: 2020-11-10_02-50-00
[02:50:00] [Server thread/INFO]: Saving server...
[02:50:00] [Server thread/INFO]: [Textile Backup] Saving server...
[02:50:00] [Server thread/INFO]: ThreadedAnvilChunkStorage (world): All chunks are saved
[02:50:00] [Server thread/INFO]: ThreadedAnvilChunkStorage (DIM-1): All chunks are saved
[02:50:00] [Server thread/INFO]: ThreadedAnvilChunkStorage (DIM1): All chunks are saved
[02:50:00] [Server thread/INFO]: Player shuijiao is already logged on
[02:50:00] [pool-3-thread-1/INFO]: Starting backup
[02:50:00] [pool-3-thread-1/INFO]: [Textile Backup] Starting backup
[02:50:00] [pool-3-thread-1/INFO]: Starting compression...
[02:51:11] [pool-3-thread-1/INFO]: Compression took: 01:10.761 seconds.
[02:51:11] [pool-3-thread-1/INFO]: Deleting: 2020-11-07_10-50-00.zip
[02:51:11] [pool-3-thread-1/INFO]: [Textile Backup] Deleting: 2020-11-07_10-50-00.zip
[02:51:11] [pool-3-thread-1/INFO]: Done!
[02:51:11] [pool-3-thread-1/INFO]: [Textile Backup] Done!
[03:00:00] [Server thread/INFO]: Player shuijiao is already logged on
[03:10:00] [Server thread/INFO]: Player shuijiao is already logged on
[03:20:00] [Server thread/INFO]: Player shuijiao is already logged on
[03:30:00] [Server thread/INFO]: Player shuijiao is already logged on
[03:40:00] [Server thread/INFO]: Player shuijiao is already logged on
[03:50:00] [Server thread/INFO]: Player shuijiao is already logged on
[04:00:00] [Server thread/INFO]: Player shuijiao is already logged on
[04:10:00] [Server thread/INFO]: Player shuijiao is already logged on
[04:20:00] [Server thread/INFO]: Player shuijiao is already logged on
[04:30:00] [Server thread/INFO]: Player shuijiao is already logged on
[04:32:51] [Server thread/WARN]: Can't keep up! Is the server overloaded? Running 27090ms or 541 ticks behind
[04:40:00] [Server thread/INFO]: Player shuijiao is already logged on
[04:50:00] [Server thread/INFO]: Player shuijiao is already logged on
[05:00:00] [Server thread/INFO]: Player shuijiao is already logged on
[05:08:21] [Server thread/WARN]: Fetching packet for removed entity class_1542['Air'/68393, l='ServerLevel[world]', x=-88.95, y=7.00, z=282.27]
[05:10:00] [Server thread/INFO]: Player shuijiao is already logged on
[05:20:00] [Server thread/INFO]: Player shuijiao is already logged on
[05:30:00] [Server thread/INFO]: Player shuijiao is already logged on
[05:40:00] [Server thread/INFO]: Player shuijiao is already logged on
[05:50:00] [Server thread/INFO]: Player shuijiao is already logged on
[06:00:00] [Server thread/INFO]: Player shuijiao is already logged on
[06:10:00] [Server thread/INFO]: Player shuijiao is already logged on
[06:20:00] [Server thread/INFO]: Player shuijiao is already logged on
[06:30:00] [Server thread/INFO]: Player shuijiao is already logged on
[06:40:00] [Server thread/INFO]: Player shuijiao is already logged on
[06:50:00] [Server thread/INFO]: [Textile Backup] Backup started by: Timer on: 2020-11-10_06-50-00
[06:50:00] [Server thread/INFO]: Saving server...
[06:50:00] [Server thread/INFO]: [Textile Backup] Saving server...
[06:50:00] [Server thread/INFO]: ThreadedAnvilChunkStorage (world): All chunks are saved
[06:50:00] [Server thread/INFO]: ThreadedAnvilChunkStorage (DIM-1): All chunks are saved
[06:50:00] [Server thread/INFO]: ThreadedAnvilChunkStorage (DIM1): All chunks are saved
[06:50:00] [Server thread/INFO]: Player shuijiao is already logged on
[06:50:00] [pool-3-thread-1/INFO]: Starting backup
[06:50:00] [pool-3-thread-1/INFO]: [Textile Backup] Starting backup
[06:50:00] [pool-3-thread-1/INFO]: Starting compression...
[06:51:13] [pool-3-thread-1/INFO]: Compression took: 01:12.915 seconds.
[06:51:13] [pool-3-thread-1/INFO]: Deleting: 2020-11-07_17-10-00.zip
[06:51:13] [pool-3-thread-1/INFO]: [Textile Backup] Deleting: 2020-11-07_17-10-00.zip
[06:51:13] [pool-3-thread-1/INFO]: Done!
[06:51:13] [pool-3-thread-1/INFO]: [Textile Backup] Done!
[07:00:00] [Server thread/INFO]: Player shuijiao is already logged on
[07:10:00] [Server thread/INFO]: Player shuijiao is already logged on
[07:20:00] [Server thread/INFO]: Player shuijiao is already logged on
[07:30:00] [Server thread/INFO]: Player shuijiao is already logged on
[07:40:00] [Server thread/INFO]: Player shuijiao is already logged on
[07:50:00] [Server thread/INFO]: Player shuijiao is already logged on
[08:00:00] [Server thread/INFO]: Player shuijiao is already logged on
[08:10:00] [Server thread/INFO]: Player shuijiao is already logged on
[08:20:00] [Server thread/INFO]: Player shuijiao is already logged on
[08:30:00] [Server thread/INFO]: Player shuijiao is already logged on
[08:40:00] [Server thread/INFO]: Player shuijiao is already logged on
[08:50:00] [Server thread/INFO]: Player shuijiao is already logged on
[09:00:00] [Server thread/INFO]: Player shuijiao is already logged on
[09:10:00] [Server thread/INFO]: Player shuijiao is already logged on
[09:20:00] [Server thread/INFO]: Player shuijiao is already logged on
[09:30:00] [Server thread/INFO]: Player shuijiao is already logged on
[09:40:00] [Server thread/INFO]: Player shuijiao is already logged on
[09:50:00] [Server thread/INFO]: Player shuijiao is already logged on
[10:00:00] [Server thread/INFO]: Player shuijiao is already logged on
[10:10:00] [Server thread/INFO]: Player shuijiao is already logged on
[10:20:00] [Server thread/INFO]: Player shuijiao is already logged on
[10:30:00] [Server thread/INFO]: Player shuijiao is already logged on
[10:40:00] [Server thread/INFO]: Player shuijiao is already logged on
[10:50:00] [Server thread/INFO]: [Textile Backup] Backup started by: Timer on: 2020-11-10_10-50-00
[10:50:00] [Server thread/INFO]: Saving server...
[10:50:00] [Server thread/INFO]: [Textile Backup] Saving server...
[10:50:00] [Server thread/INFO]: ThreadedAnvilChunkStorage (world): All chunks are saved
[10:50:00] [Server thread/INFO]: ThreadedAnvilChunkStorage (DIM-1): All chunks are saved
[10:50:00] [Server thread/INFO]: ThreadedAnvilChunkStorage (DIM1): All chunks are saved
[10:50:00] [Server thread/INFO]: Player shuijiao is already logged on
[10:50:00] [pool-3-thread-1/INFO]: Starting backup
[10:50:00] [pool-3-thread-1/INFO]: [Textile Backup] Starting backup
[10:50:00] [pool-3-thread-1/INFO]: Starting compression...
[10:51:14] [pool-3-thread-1/INFO]: Compression took: 01:14.052 seconds.
[10:51:14] [pool-3-thread-1/INFO]: Deleting: 2020-11-07_19-57-00#shutdown.zip
[10:51:14] [pool-3-thread-1/INFO]: [Textile Backup] Deleting: 2020-11-07_19-57-00#shutdown.zip
[10:51:14] [pool-3-thread-1/INFO]: Deleting: 2020-11-08_00-10-01.zip
[10:51:14] [pool-3-thread-1/INFO]: [Textile Backup] Deleting: 2020-11-08_00-10-01.zip
[10:51:14] [pool-3-thread-1/INFO]: Done!
[10:51:14] [pool-3-thread-1/INFO]: [Textile Backup] Done!
[10:51:55] [Server thread/WARN]: Can't keep up! Is the server overloaded? Running 26665ms or 533 ticks behind
[10:52:24] [Server thread/WARN]: Can't keep up! Is the server overloaded? Running 2018ms or 40 ticks behind
[11:00:00] [Server thread/INFO]: Player shuijiao is already logged on
[11:10:00] [Server thread/INFO]: Player shuijiao is already logged on
[11:20:00] [Server thread/INFO]: Player shuijiao is already logged on
[11:30:00] [Server thread/INFO]: Player shuijiao is already logged on
[11:40:00] [Server thread/INFO]: Player shuijiao is already logged on
[11:50:00] [Server thread/INFO]: Player shuijiao is already logged on
[11:53:33] [Server thread/WARN]: Can't keep up! Is the server overloaded? Running 10010ms or 200 ticks behind
[11:54:10] [Server thread/WARN]: Can't keep up! Is the server overloaded? Running 22346ms or 446 ticks behind
[12:04:27] [Server Watchdog/FATAL]: A single server tick took 60.24 seconds (should be max 0.05)
[12:06:19] [Server Watchdog/FATAL]: Considering it to be crashed, server will forcibly shutdown.
