[00:03:18] [Server thread/INFO]: Unknown or incomplete command, see below for error
[00:03:18] [Server thread/INFO]: unban mc_yangdong<--[HERE]
[00:03:47] [Server thread/INFO]: Unknown or incomplete command, see below for error
[00:03:47] [Server thread/INFO]: unban soy_25<--[HERE]
[00:03:51] [Server thread/INFO]: Nothing changed. The player is already banned
[00:03:55] [Server thread/INFO]: Unknown or incomplete command, see below for error
[00:03:55] [Server thread/INFO]: unban mc_yangdong<--[HERE]
[00:05:42] [Server thread/INFO]: Unknown or incomplete command, see below for error
[00:05:42] [Server thread/INFO]: pardon<--[HERE]
[00:05:49] [Server thread/INFO]: Unbanned mc_yangdong
[00:06:58] [Server thread/INFO]: Nothing changed. The player is already banned
[00:08:35] [Server thread/INFO]: Unknown or incomplete command, see below for error
[00:08:35] [Server thread/INFO]: roles reload<--[HERE]
[00:08:40] [Server thread/INFO]: Role configuration successfully reloaded
[00:08:46] [Server thread/INFO]: Stopping the server
[00:08:46] [Server thread/INFO]: Unknown or incomplete command, see below for error
[00:08:46] [Server thread/INFO]: end<--[HERE]
[00:08:46] [Server thread/INFO]: Unknown or incomplete command, see below for error
[00:08:46] [Server thread/INFO]: exit<--[HERE]
[00:08:46] [Thread-68/INFO]: WebServer closed.
[00:08:46] [Server thread/INFO]: BlueMap unloaded!
[00:08:46] [Server thread/INFO]: Stopping server
[00:08:46] [Server thread/INFO]: Saving players
[00:08:46] [Server thread/INFO]: Saving worlds
[00:08:46] [Server thread/INFO]: Saving chunks for level 'ServerLevel[world]'/minecraft:overworld
[00:08:47] [Server thread/INFO]: ThreadedAnvilChunkStorage (world): All chunks are saved
[00:08:47] [Server thread/INFO]: Saving chunks for level 'ServerLevel[world]'/minecraft:the_nether
[00:08:47] [Server thread/INFO]: ThreadedAnvilChunkStorage (DIM-1): All chunks are saved
[00:08:47] [Server thread/INFO]: Saving chunks for level 'ServerLevel[world]'/minecraft:the_end
[00:08:47] [Server thread/INFO]: ThreadedAnvilChunkStorage (DIM1): All chunks are saved
[00:08:47] [Server thread/INFO]: ThreadedAnvilChunkStorage (world): All chunks are saved
[00:08:47] [Server thread/INFO]: ThreadedAnvilChunkStorage (DIM-1): All chunks are saved
[00:08:47] [Server thread/INFO]: ThreadedAnvilChunkStorage (DIM1): All chunks are saved
[00:08:47] [Server thread/INFO]: [Textile Backup] Backup started by: Server Shutdown on: 2020-08-29_00-08-47
[00:08:47] [Server thread/INFO]: [Textile Backup] Starting backup
[00:08:51] [Server thread/INFO]: [Textile Backup] Deleting: 2020-08-27_19-25-41#shutdown.zip
[00:08:51] [Server thread/INFO]: [Textile Backup] Done!
[00:08:51] [Server thread/INFO]: Thread RCON Listener stopped
