[05:25:01] [Server thread/INFO]: [Server] 服务器将在5分钟后关闭备份存档，6:01继续开启
[05:30:01] [Server thread/INFO]: Stopping the server
[05:30:01] [Server thread/INFO]: Unknown command
[05:30:01] [Server thread/INFO]: end<--[HERE]
[05:30:01] [Server thread/INFO]: Unknown command
[05:30:01] [Server thread/INFO]: exit<--[HERE]
[05:30:01] [Server thread/INFO]: Stopping server
[05:30:01] [Server thread/INFO]: Saving players
[05:30:01] [Server thread/INFO]: Saving worlds
[05:30:01] [Server thread/INFO]: Saving chunks for level 'skimit'/minecraft:overworld
[05:30:01] [Server thread/INFO]: ThreadedAnvilChunkStorage (skimit): All chunks are saved
[05:30:01] [Server thread/INFO]: Saving chunks for level 'skimit'/minecraft:the_end
[05:30:01] [Server thread/INFO]: ThreadedAnvilChunkStorage (DIM1): All chunks are saved
[05:30:01] [Server thread/INFO]: Saving chunks for level 'skimit'/minecraft:the_nether
[05:30:01] [Server thread/INFO]: ThreadedAnvilChunkStorage (DIM-1): All chunks are saved
[05:30:01] [Server thread/INFO]: [TextileBackup]: Backup started by: SERVER on: 2020-05-29_05-30-01
[05:30:01] [Server thread/INFO]: [TextileBackup]: Saving server...
[05:30:01] [Server thread/INFO]: ThreadedAnvilChunkStorage (skimit): All chunks are saved
[05:30:01] [Thread-56/INFO]: [TextileBackup]: Starting compression...
[05:30:01] [Server thread/INFO]: ThreadedAnvilChunkStorage (DIM1): All chunks are saved
[05:30:01] [Server thread/INFO]: ThreadedAnvilChunkStorage (DIM-1): All chunks are saved
[05:30:52] [Thread-56/INFO]: [TextileBackup]: Compression finished
[05:30:52] [Thread-56/INFO]: [TextileBackup]: Deleting: 2020-05-26_05-30-01.zip
[05:30:52] [Thread-56/INFO]: [TextileBackup]: Done!
