[02:05:26] [Server thread/INFO]: Mk_Bolo[/172.18.0.1:50312] logged in with entity id 724138 at (-415.04026135709404, 70.0, 527.3172526803759)
[02:05:26] [Server thread/INFO]: Mk_Bolo joined the game
[02:05:27] [Netty Epoll Server IO #3/WARN]: Received invalid identifier in minecraft:register: legacy:fml|hs (Non [a-z0-9/._-] character in path of location: legacy:fml|hs)
[02:06:15] [Server thread/INFO]: [Mk_Bolo: ]
[02:06:15] [Server thread/INFO]: [Mk_Bolo: Average tick time: 18.675ms]
[02:06:15] [Server thread/INFO]: [Mk_Bolo: Top 10 counts:]
[02:06:15] [Server thread/INFO]: [Mk_Bolo:  - hopper in overworld: 1342.0]
[02:06:15] [Server thread/INFO]: [Mk_Bolo:  - chest in overworld: 988.0]
[02:06:15] [Server thread/INFO]: [Mk_Bolo:  - item in overworld: 399.7]
[02:06:15] [Server thread/INFO]: [Mk_Bolo:  - furnace in overworld: 237.0]
[02:06:15] [Server thread/INFO]: [Mk_Bolo:  - shulker_box in overworld: 167.0]
[02:06:15] [Server thread/INFO]: [Mk_Bolo:  - zombie in overworld: 130.0]
[02:06:15] [Server thread/INFO]: [Mk_Bolo:  - item_frame in overworld: 80.0]
[02:06:15] [Server thread/INFO]: [Mk_Bolo:  - pig in overworld: 61.0]
[02:06:15] [Server thread/INFO]: [Mk_Bolo:  - beacon in overworld: 49.0]
[02:06:15] [Server thread/INFO]: [Mk_Bolo:  - chicken in overworld: 44.0]
[02:06:15] [Server thread/INFO]: [Mk_Bolo: Top 10 CPU hogs:]
[02:06:15] [Server thread/INFO]: [Mk_Bolo:  - hopper in overworld: 2.93ms]
[02:06:15] [Server thread/INFO]: [Mk_Bolo:  - zombie in overworld: 2.63ms]
[02:06:15] [Server thread/INFO]: [Mk_Bolo:  - villager in overworld: 1.08ms]
[02:06:15] [Server thread/INFO]: [Mk_Bolo:  - drowned in overworld: 0.97ms]
[02:06:15] [Server thread/INFO]: [Mk_Bolo:  - skeleton in overworld: 0.64ms]
[02:06:15] [Server thread/INFO]: [Mk_Bolo:  - chest in overworld: 0.41ms]
[02:06:15] [Server thread/INFO]: [Mk_Bolo:  - item in overworld: 0.40ms]
[02:06:15] [Server thread/INFO]: [Mk_Bolo:  - iron_golem in overworld: 0.33ms]
[02:06:15] [Server thread/INFO]: [Mk_Bolo:  - creeper in overworld: 0.30ms]
[02:06:15] [Server thread/INFO]: [Mk_Bolo:  - enderman in overworld: 0.29ms]
[02:06:22] [Server thread/INFO]: Mk_Bolo lost connection: Disconnected
[02:06:22] [Server thread/INFO]: Mk_Bolo left the game
[06:05:27] [Server thread/INFO]: [Textile Backup] Backup started by: Timer on: 2020-12-07_06-05-27
[06:05:27] [Server thread/INFO]: Saving server...
[06:05:27] [Server thread/INFO]: [Textile Backup] Saving server...
[06:05:27] [Server thread/INFO]: ThreadedAnvilChunkStorage (world): All chunks are saved
[06:05:27] [Server thread/INFO]: ThreadedAnvilChunkStorage (DIM-1): All chunks are saved
[06:05:27] [Server thread/INFO]: ThreadedAnvilChunkStorage (DIM1): All chunks are saved
[06:05:27] [pool-3-thread-1/INFO]: Starting backup
[06:05:27] [pool-3-thread-1/INFO]: [Textile Backup] Starting backup
[06:05:27] [pool-3-thread-1/INFO]: Starting compression...
[06:05:27] [pool-3-thread-1/ERROR]: [Textile Backup] An exception occurred!
java.util.concurrent.ExecutionException: java.io.IOException: No space left on device
	at java.util.concurrent.FutureTask.report(FutureTask.java:122) ~[?:1.8.0_275]
	at java.util.concurrent.FutureTask.get(FutureTask.java:192) ~[?:1.8.0_275]
	at org.apache.commons.compress.archivers.zip.ParallelScatterZipCreator.writeTo(ParallelScatterZipCreator.java:266) ~[7d724b66-2d03-45f0-aed7-29fa581bbf8b.jar:?]
	at net.szum123321.textile_backup.core.create.compressors.ParallelZipCompressor.createArchive(ParallelZipCompressor.java:77) [%5B%E5%A4%87%E4%BB%BD%5Dtextile_backup-2.0.1-1.16.3.jar:?]
	at net.szum123321.textile_backup.core.create.MakeBackupRunnable.run(MakeBackupRunnable.java:76) [%5B%E5%A4%87%E4%BB%BD%5Dtextile_backup-2.0.1-1.16.3.jar:?]
	at java.util.concurrent.Executors$RunnableAdapter.call(Executors.java:511) [?:1.8.0_275]
	at java.util.concurrent.FutureTask.run(FutureTask.java:266) [?:1.8.0_275]
	at java.util.concurrent.ThreadPoolExecutor.runWorker(ThreadPoolExecutor.java:1149) [?:1.8.0_275]
	at java.util.concurrent.ThreadPoolExecutor$Worker.run(ThreadPoolExecutor.java:624) [?:1.8.0_275]
	at java.lang.Thread.run(Thread.java:748) [?:1.8.0_275]
Caused by: java.io.IOException: No space left on device
	at sun.nio.ch.FileDispatcherImpl.write0(Native Method) ~[?:1.8.0_275]
	at sun.nio.ch.FileDispatcherImpl.write(FileDispatcherImpl.java:60) ~[?:1.8.0_275]
	at sun.nio.ch.IOUtil.writeFromNativeBuffer(IOUtil.java:93) ~[?:1.8.0_275]
	at sun.nio.ch.IOUtil.write(IOUtil.java:65) ~[?:1.8.0_275]
	at sun.nio.ch.FileChannelImpl.write(FileChannelImpl.java:211) ~[?:1.8.0_275]
	at java.nio.channels.Channels.writeFullyImpl(Channels.java:78) ~[?:1.8.0_275]
	at java.nio.channels.Channels.writeFully(Channels.java:101) ~[?:1.8.0_275]
	at java.nio.channels.Channels.access$000(Channels.java:61) ~[?:1.8.0_275]
	at java.nio.channels.Channels$1.write(Channels.java:174) ~[?:1.8.0_275]
	at org.apache.commons.compress.parallel.FileBasedScatterGatherBackingStore.writeOut(FileBasedScatterGatherBackingStore.java:65) ~[7d724b66-2d03-45f0-aed7-29fa581bbf8b.jar:?]
	at org.apache.commons.compress.archivers.zip.StreamCompressor$ScatterGatherBackingStoreCompressor.writeOut(StreamCompressor.java:291) ~[7d724b66-2d03-45f0-aed7-29fa581bbf8b.jar:?]
	at org.apache.commons.compress.archivers.zip.StreamCompressor.writeCounted(StreamCompressor.java:273) ~[7d724b66-2d03-45f0-aed7-29fa581bbf8b.jar:?]
	at org.apache.commons.compress.archivers.zip.StreamCompressor.deflate(StreamCompressor.java:264) ~[7d724b66-2d03-45f0-aed7-29fa581bbf8b.jar:?]
	at org.apache.commons.compress.archivers.zip.StreamCompressor.deflateUntilInputIsNeeded(StreamCompressor.java:257) ~[7d724b66-2d03-45f0-aed7-29fa581bbf8b.jar:?]
	at org.apache.commons.compress.archivers.zip.StreamCompressor.writeDeflated(StreamCompressor.java:238) ~[7d724b66-2d03-45f0-aed7-29fa581bbf8b.jar:?]
	at org.apache.commons.compress.archivers.zip.StreamCompressor.write(StreamCompressor.java:205) ~[7d724b66-2d03-45f0-aed7-29fa581bbf8b.jar:?]
	at org.apache.commons.compress.archivers.zip.StreamCompressor.deflate(StreamCompressor.java:184) ~[7d724b66-2d03-45f0-aed7-29fa581bbf8b.jar:?]
	at org.apache.commons.compress.archivers.zip.ScatterZipOutputStream.addArchiveEntry(ScatterZipOutputStream.java:100) ~[7d724b66-2d03-45f0-aed7-29fa581bbf8b.jar:?]
	at org.apache.commons.compress.archivers.zip.ParallelScatterZipCreator$3.call(ParallelScatterZipCreator.java:210) ~[7d724b66-2d03-45f0-aed7-29fa581bbf8b.jar:?]
	at org.apache.commons.compress.archivers.zip.ParallelScatterZipCreator$3.call(ParallelScatterZipCreator.java:206) ~[7d724b66-2d03-45f0-aed7-29fa581bbf8b.jar:?]
	... 4 more
[06:05:27] [pool-3-thread-1/ERROR]: Something went wrong while compressing files!
[06:05:27] [pool-3-thread-1/INFO]: Compression took: 00.684 seconds.
[06:05:29] [pool-3-thread-1/INFO]: Done!
[06:05:29] [pool-3-thread-1/INFO]: [Textile Backup] Done!
[12:59:29] [Server thread/INFO]: na2hco3_CN[/172.18.0.1:34998] logged in with entity id 724567 at (-180.74963353028917, 63.0, 524.856622865732)
[12:59:29] [Server thread/INFO]: na2hco3_CN joined the game
[12:59:29] [Netty Epoll Server IO #2/WARN]: Received invalid identifier in minecraft:register: legacy:fml|hs (Non [a-z0-9/._-] character in path of location: legacy:fml|hs)
[12:59:32] [Netty Epoll Server IO #2/WARN]: Player na2hco3_CN joined with another carpet version: 1.4.8+v200811
[13:06:56] [Server thread/INFO]: xzz[local] logged in with entity id 725408 at (-86.67860956210203, 68.0, 457.5231072369638)
[13:06:56] [Server thread/INFO]: xzz joined the game
[13:06:56] [Server thread/WARN]: Can't keep up! Is the server overloaded? Running 21518ms or 430 ticks behind
[13:06:56] [Server thread/INFO]: [na2hco3_CN: Cannot shadow fake players]
[13:08:53] [Server thread/WARN]: Mismatch in destroy block pos: class_2338{x=-144, y=71, z=536} class_2338{x=-143, y=71, z=536}
[13:09:47] [Server thread/WARN]: Mismatch in destroy block pos: class_2338{x=-196, y=68, z=533} class_2338{x=-195, y=68, z=533}
[13:10:20] [Server thread/WARN]: Mismatch in destroy block pos: class_2338{x=-204, y=65, z=530} class_2338{x=-203, y=65, z=530}
[13:10:20] [Server thread/WARN]: Mismatch in destroy block pos: class_2338{x=-204, y=65, z=530} class_2338{x=-203, y=65, z=530}
[13:10:20] [Server thread/WARN]: Mismatch in destroy block pos: class_2338{x=-204, y=65, z=530} class_2338{x=-203, y=65, z=530}
[13:10:20] [Server thread/WARN]: Mismatch in destroy block pos: class_2338{x=-204, y=65, z=530} class_2338{x=-203, y=65, z=530}
[13:10:52] [Server thread/WARN]: Mismatch in destroy block pos: class_2338{x=-168, y=63, z=528} class_2338{x=-168, y=63, z=529}
[13:18:24] [Server thread/WARN]: Mismatch in destroy block pos: class_2338{x=-188, y=76, z=542} class_2338{x=-187, y=76, z=542}
[13:18:24] [Server thread/WARN]: Mismatch in destroy block pos: class_2338{x=-188, y=76, z=542} class_2338{x=-187, y=76, z=542}
[13:18:24] [Server thread/WARN]: Mismatch in destroy block pos: class_2338{x=-188, y=76, z=542} class_2338{x=-187, y=76, z=542}
[13:18:24] [Server thread/WARN]: Mismatch in destroy block pos: class_2338{x=-188, y=76, z=542} class_2338{x=-187, y=76, z=542}
[13:18:24] [Server thread/WARN]: Mismatch in destroy block pos: class_2338{x=-188, y=76, z=542} class_2338{x=-187, y=76, z=542}
[13:19:57] [Server thread/WARN]: Mismatch in destroy block pos: class_2338{x=-143, y=70, z=536} class_2338{x=-144, y=70, z=536}
[13:19:57] [Server thread/WARN]: Mismatch in destroy block pos: class_2338{x=-143, y=70, z=536} class_2338{x=-144, y=70, z=536}
[13:20:05] [Server thread/WARN]: Mismatch in destroy block pos: class_2338{x=-147, y=68, z=535} class_2338{x=-148, y=69, z=535}
[13:20:05] [Server thread/WARN]: Mismatch in destroy block pos: class_2338{x=-147, y=68, z=535} class_2338{x=-149, y=69, z=535}
[13:20:05] [Server thread/WARN]: Mismatch in destroy block pos: class_2338{x=-151, y=69, z=535} class_2338{x=-149, y=69, z=535}
[13:20:05] [Server thread/WARN]: Mismatch in destroy block pos: class_2338{x=-152, y=69, z=535} class_2338{x=-149, y=69, z=535}
[13:20:14] [Server thread/WARN]: Mismatch in destroy block pos: class_2338{x=-193, y=69, z=535} class_2338{x=-192, y=69, z=535}
[13:20:14] [Server thread/WARN]: Mismatch in destroy block pos: class_2338{x=-193, y=69, z=535} class_2338{x=-192, y=69, z=535}
[13:20:14] [Server thread/WARN]: Mismatch in destroy block pos: class_2338{x=-193, y=69, z=535} class_2338{x=-192, y=69, z=535}
[13:20:14] [Server thread/WARN]: Mismatch in destroy block pos: class_2338{x=-193, y=69, z=535} class_2338{x=-192, y=69, z=535}
[13:20:21] [Server thread/WARN]: Mismatch in destroy block pos: class_2338{x=-192, y=68, z=534} class_2338{x=-194, y=68, z=534}
[13:20:29] [Server thread/WARN]: Mismatch in destroy block pos: class_2338{x=-156, y=68, z=534} class_2338{x=-155, y=68, z=534}
[13:20:40] [Server thread/WARN]: Mismatch in destroy block pos: class_2338{x=-207, y=67, z=533} class_2338{x=-206, y=67, z=533}
[13:20:40] [Server thread/WARN]: Mismatch in destroy block pos: class_2338{x=-207, y=67, z=533} class_2338{x=-206, y=67, z=533}
[13:20:40] [Server thread/WARN]: Mismatch in destroy block pos: class_2338{x=-207, y=67, z=533} class_2338{x=-206, y=67, z=533}
[13:20:45] [Server thread/WARN]: Mismatch in destroy block pos: class_2338{x=-205, y=66, z=532} class_2338{x=-204, y=66, z=532}
[13:41:16] [Server thread/WARN]: Mismatch in destroy block pos: class_2338{x=-295, y=42, z=467} class_2338{x=-303, y=42, z=468}
[14:15:55] [Server thread/INFO]: xzz was slain by Phantom
[14:15:55] [Server thread/INFO]: xzz lost connection: Killed
[14:15:55] [Server thread/INFO]: xzz left the game
[14:29:58] [Server thread/WARN]: Mismatch in destroy block pos: class_2338{x=-209, y=63, z=529} class_2338{x=-208, y=63, z=529}
[14:33:41] [Server thread/INFO]: na2hco3_CN lost connection: Disconnected
[14:33:41] [Server thread/INFO]: na2hco3_CN left the game
[16:59:29] [Server thread/INFO]: [Textile Backup] Backup started by: Timer on: 2020-12-07_16-59-29
[16:59:29] [Server thread/INFO]: Saving server...
[16:59:29] [Server thread/INFO]: [Textile Backup] Saving server...
[16:59:29] [Server thread/INFO]: ThreadedAnvilChunkStorage (world): All chunks are saved
[16:59:29] [Server thread/INFO]: ThreadedAnvilChunkStorage (DIM-1): All chunks are saved
[16:59:29] [Server thread/INFO]: ThreadedAnvilChunkStorage (DIM1): All chunks are saved
[16:59:29] [pool-3-thread-1/INFO]: Starting backup
[16:59:29] [pool-3-thread-1/INFO]: [Textile Backup] Starting backup
[16:59:29] [pool-3-thread-1/INFO]: Starting compression...
[16:59:29] [pool-3-thread-1/ERROR]: [Textile Backup] An exception occurred!
java.util.concurrent.ExecutionException: java.io.IOException: No space left on device
	at java.util.concurrent.FutureTask.report(FutureTask.java:122) ~[?:1.8.0_275]
	at java.util.concurrent.FutureTask.get(FutureTask.java:192) ~[?:1.8.0_275]
	at org.apache.commons.compress.archivers.zip.ParallelScatterZipCreator.writeTo(ParallelScatterZipCreator.java:266) ~[7d724b66-2d03-45f0-aed7-29fa581bbf8b.jar:?]
	at net.szum123321.textile_backup.core.create.compressors.ParallelZipCompressor.createArchive(ParallelZipCompressor.java:77) [%5B%E5%A4%87%E4%BB%BD%5Dtextile_backup-2.0.1-1.16.3.jar:?]
	at net.szum123321.textile_backup.core.create.MakeBackupRunnable.run(MakeBackupRunnable.java:76) [%5B%E5%A4%87%E4%BB%BD%5Dtextile_backup-2.0.1-1.16.3.jar:?]
	at java.util.concurrent.Executors$RunnableAdapter.call(Executors.java:511) [?:1.8.0_275]
	at java.util.concurrent.FutureTask.run(FutureTask.java:266) [?:1.8.0_275]
	at java.util.concurrent.ThreadPoolExecutor.runWorker(ThreadPoolExecutor.java:1149) [?:1.8.0_275]
	at java.util.concurrent.ThreadPoolExecutor$Worker.run(ThreadPoolExecutor.java:624) [?:1.8.0_275]
	at java.lang.Thread.run(Thread.java:748) [?:1.8.0_275]
Caused by: java.io.IOException: No space left on device
	at sun.nio.ch.FileDispatcherImpl.write0(Native Method) ~[?:1.8.0_275]
	at sun.nio.ch.FileDispatcherImpl.write(FileDispatcherImpl.java:60) ~[?:1.8.0_275]
	at sun.nio.ch.IOUtil.writeFromNativeBuffer(IOUtil.java:93) ~[?:1.8.0_275]
	at sun.nio.ch.IOUtil.write(IOUtil.java:65) ~[?:1.8.0_275]
	at sun.nio.ch.FileChannelImpl.write(FileChannelImpl.java:211) ~[?:1.8.0_275]
	at java.nio.channels.Channels.writeFullyImpl(Channels.java:78) ~[?:1.8.0_275]
	at java.nio.channels.Channels.writeFully(Channels.java:101) ~[?:1.8.0_275]
	at java.nio.channels.Channels.access$000(Channels.java:61) ~[?:1.8.0_275]
	at java.nio.channels.Channels$1.write(Channels.java:174) ~[?:1.8.0_275]
	at org.apache.commons.compress.parallel.FileBasedScatterGatherBackingStore.writeOut(FileBasedScatterGatherBackingStore.java:65) ~[7d724b66-2d03-45f0-aed7-29fa581bbf8b.jar:?]
	at org.apache.commons.compress.archivers.zip.StreamCompressor$ScatterGatherBackingStoreCompressor.writeOut(StreamCompressor.java:291) ~[7d724b66-2d03-45f0-aed7-29fa581bbf8b.jar:?]
	at org.apache.commons.compress.archivers.zip.StreamCompressor.writeCounted(StreamCompressor.java:273) ~[7d724b66-2d03-45f0-aed7-29fa581bbf8b.jar:?]
	at org.apache.commons.compress.archivers.zip.StreamCompressor.deflate(StreamCompressor.java:264) ~[7d724b66-2d03-45f0-aed7-29fa581bbf8b.jar:?]
	at org.apache.commons.compress.archivers.zip.StreamCompressor.deflateUntilInputIsNeeded(StreamCompressor.java:257) ~[7d724b66-2d03-45f0-aed7-29fa581bbf8b.jar:?]
	at org.apache.commons.compress.archivers.zip.StreamCompressor.writeDeflated(StreamCompressor.java:238) ~[7d724b66-2d03-45f0-aed7-29fa581bbf8b.jar:?]
	at org.apache.commons.compress.archivers.zip.StreamCompressor.write(StreamCompressor.java:205) ~[7d724b66-2d03-45f0-aed7-29fa581bbf8b.jar:?]
	at org.apache.commons.compress.archivers.zip.StreamCompressor.deflate(StreamCompressor.java:184) ~[7d724b66-2d03-45f0-aed7-29fa581bbf8b.jar:?]
	at org.apache.commons.compress.archivers.zip.ScatterZipOutputStream.addArchiveEntry(ScatterZipOutputStream.java:100) ~[7d724b66-2d03-45f0-aed7-29fa581bbf8b.jar:?]
	at org.apache.commons.compress.archivers.zip.ParallelScatterZipCreator$3.call(ParallelScatterZipCreator.java:210) ~[7d724b66-2d03-45f0-aed7-29fa581bbf8b.jar:?]
	at org.apache.commons.compress.archivers.zip.ParallelScatterZipCreator$3.call(ParallelScatterZipCreator.java:206) ~[7d724b66-2d03-45f0-aed7-29fa581bbf8b.jar:?]
	... 4 more
[16:59:29] [pool-3-thread-1/ERROR]: Something went wrong while compressing files!
[16:59:29] [pool-3-thread-1/INFO]: Compression took: 00.687 seconds.
[16:59:31] [pool-3-thread-1/INFO]: Done!
[16:59:31] [pool-3-thread-1/INFO]: [Textile Backup] Done!
[20:38:33] [Server thread/INFO]: Tinkling[/172.18.0.1:34778] logged in with entity id 743741 at (-42.5, 64.0, 239.5)
[20:38:33] [Server thread/INFO]: Tinkling joined the game
[20:38:33] [Netty Epoll Server IO #7/WARN]: Received invalid identifier in minecraft:register: legacy:fml|hs (Non [a-z0-9/._-] character in path of location: legacy:fml|hs)
[20:39:40] [Server thread/INFO]: Tinkling lost connection: Disconnected
[20:39:40] [Server thread/INFO]: Tinkling left the game
[20:40:55] [Server thread/INFO]: Tinkling[/172.18.0.1:34922] logged in with entity id 743765 at (-41.65355040727234, 64.0, 239.617769962585)
[20:40:55] [Server thread/INFO]: Tinkling joined the game
[20:40:55] [Netty Epoll Server IO #2/WARN]: Received invalid identifier in minecraft:register: legacy:fml|hs (Non [a-z0-9/._-] character in path of location: legacy:fml|hs)
[20:41:24] [Server thread/INFO]: Tinkling lost connection: Disconnected
[20:41:24] [Server thread/INFO]: Tinkling left the game
[23:47:40] [Server thread/INFO]: na2hco3_CN[/172.18.0.1:46208] logged in with entity id 743787 at (-162.13950726978626, 99.0, 535.3787221798776)
[23:47:40] [Server thread/INFO]: na2hco3_CN joined the game
[23:47:40] [Netty Epoll Server IO #7/WARN]: Received invalid identifier in minecraft:register: legacy:fml|hs (Non [a-z0-9/._-] character in path of location: legacy:fml|hs)
[23:47:43] [Netty Epoll Server IO #7/WARN]: Player na2hco3_CN joined with another carpet version: 1.4.8+v200811
[23:54:46] [Server thread/INFO]: na2hco3_CN lost connection: Disconnected
[23:54:46] [Server thread/INFO]: na2hco3_CN left the game
[23:55:02] [Server thread/INFO]: na2hco3_CN[/172.18.0.1:46648] logged in with entity id 745300 at (-205.7378720299303, 42.0, 516.3735032583577)
[23:55:02] [Server thread/INFO]: na2hco3_CN joined the game
[23:55:02] [Netty Epoll Server IO #7/WARN]: Received invalid identifier in minecraft:register: legacy:fml|hs (Non [a-z0-9/._-] character in path of location: legacy:fml|hs)
[23:55:02] [Netty Epoll Server IO #7/WARN]: Player na2hco3_CN joined with another carpet version: 1.4.8+v200811
