[20:07:04] [main/INFO]: Loading for game Minecraft 1.16.4
[20:07:07] [ForkJoinPool-1-worker-3/WARN]: The mod "cotton-logging" contains invalid entries in its mod json:
- Unsupported root entry "licence" at line 7 column 12
[20:07:07] [ForkJoinPool-1-worker-3/WARN]: The mod "cotton-config" contains invalid entries in its mod json:
- Unsupported root entry "licence" at line 7 column 12
[20:07:08] [main/WARN]: Warnings were found! 
 - Mod 'BetterF3' (betterf3) recommends version 1.14.6 or later of mod modmenu, which is missing!
	 - You must install version 1.14.6 or later of modmenu.
[20:07:08] [main/INFO]: [FabricLoader] Loading 59 mods: fabric-renderer-api-v1@0.3.3+a4467d2a3a, fabric-keybindings-v0@0.2.0+3fa9f7c53a, fabricloader@0.10.6+build.214, fabric-structure-api-v1@1.1.0+f8ac1db23a, bbor@2.4-1.16.3, com_github_shevek_parallelgzip@master-SNAPSHOT, fabric-containers-v0@0.1.8+045df74f3a, lithium@0.6.0, fabric-object-builder-api-v1@1.9.2+a89534ab3a, fabric-game-rule-api-v1@1.0.3+a4467d2a3a, fabric-api-base@0.2.0+9f0fb4b83a, fabric-rendering-data-attachment-v1@0.1.4+f8ac1db23a, fabric-textures-v0@1.0.5+a4467d2a3a, fabric-rendering-fluids-v1@0.1.12+f8ac1db23a, cotton-logging@1.0.0-rc.4, fabric-blockrenderlayer-v1@1.1.4+c6a8ea893a, fabric-lifecycle-events-v1@1.2.0+74cc3b203a, fabric-renderer-registries-v1@2.2.0+f8ac1db23a, carpet-extra@1.4.16, fabric-loot-tables-v1@1.0.1+432ea1883a, fabric@0.25.7+1.16, carpet@1.4.17, fabric-particles-v1@0.2.2+fb0d9b0e3a, fabric-networking-v0@0.1.10+e00ecb5f3a, cotton-config@1.0.0-rc.7, fabric-networking-blockentity-v0@0.2.5+b50ffc7b3a, minecraft@1.16.4, fabric-screen-handler-api-v1@1.1.0+872498413a, fabric-command-api-v1@1.0.9+a4467d2a3a, jankson@3.0.0+j1.2.0, cloth-basic-math@0.5.1, phosphor@0.6.0+build.7, fabric-tool-attribute-api-v1@1.2.5+c93221003a, bluemap@1.3.0-snap, fabric-renderer-indigo@0.4.3+a4467d2a3a, player-roles@1.1.2, org_apache_commons_commons-compress@1.19, fabric-item-api-v1@1.2.0+f8ac1db23a, fabric-events-interaction-v0@0.4.1+f8ac1db23a, fabric-crash-report-info-v1@0.1.2+b7f9825d3a, fabric-rendering-v0@1.1.1+f8ac1db23a, fabric-key-binding-api-v1@1.0.1+730711c63a, fabric-rendering-v1@1.3.1+f8ac1db23a, cloth-config2@4.7.0-unstable, org_tukaani_xz@1.8, fabric-resource-loader-v0@0.3.2+1944f3e03a, fabric-content-registries-v0@0.1.9+059ea8663a, fabric-tag-extensions-v0@1.0.3+ac8e8c593a, fabric-biome-api-v1@3.0.0+ec7e203b3a, fabric-commands-v0@0.2.0+52d308363a, fabric-registry-sync-v0@0.6.1+a4467d2a3a, textile_backup@2.0.1-1.16.3, fabric-mining-levels-v0@0.1.2+b764ce993a, betterf3@1.1.1, fabric-events-lifecycle-v0@0.2.0+16acbe5b3a, fabric-models-v0@0.1.1+f8ac1db23a, fabric-item-groups-v0@0.2.1+a4467d2a3a, fabric-object-builders-v0@0.7.1+a4467d2a3a, lithium-api@0.6.0
[20:07:08] [main/WARN]: Mod `com_github_shevek_parallelgzip` (master-SNAPSHOT) does not respect SemVer - comparison support is limited.
[20:07:08] [main/INFO]: SpongePowered MIXIN Subsystem Version=0.8.2 Source=file:/srv/survival/fabric-server-launch.jar Service=Knot/Fabric Env=SERVER
[20:07:18] [main/WARN]: @Mixin target net/minecraft/class_3898$class_3208 is public in fabric-networking-[20:07:47] [main/INFO]: [Textile Backup] Starting Textile Backup by Szum123321.
[20:07:53] [main/INFO]: Environment: authHost='https://authserver.mojang.com', accountsHost='https://api.mojang.com', sessionHost='https://sessionserver.mojang.com', servicesHost='https://api.minecraftservices.com', name='PROD'
[20:07:55] [main/WARN]: Ambiguity between arguments [bluemap, marker, create, id, map, x] and [bluemap, marker, create, id, map, label] with inputs: [0, -1, -.5, 1.2, .5, -1234.56]
[20:07:55] [main/WARN]: Ambiguity between arguments [bluemap, render, cancel] and [bluemap, render, world|map] with inputs: [cancel]
[20:07:55] [main/WARN]: Ambiguity between arguments [bluemap, render, prioritize] and [bluemap, render, world|map] with inputs: [prioritize]
[20:07:55] [main/WARN]: Ambiguity between arguments [bluemap, render, radius] and [bluemap, render, world|map] with inputs: [0, -123, 123]
[20:07:55] [main/WARN]: Ambiguity between arguments [bluemap, render, radius] and [bluemap, render, x] with inputs: [0, -123, 123]
[20:07:55] [main/WARN]: Ambiguity between arguments [bluemap, render, x] and [bluemap, render, radius] with inputs: [0, -1]
[20:07:55] [main/WARN]: Ambiguity between arguments [bluemap, render, x] and [bluemap, render, world|map] with inputs: [0, -1, -.5, 1.2, .5, -1234.56]
[20:07:55] [main/WARN]: Ambiguity between arguments [teleport, destination] and [teleport, targets] with inputs: [Player, 0123, @e, dd12be42-52a9-4a91-a8a1-11c01849e498]
[20:07:55] [main/WARN]: Ambiguity between arguments [teleport, location] and [teleport, destination] with inputs: [0.1 -0.5 .9, 0 0 0]
[20:07:55] [main/WARN]: Ambiguity between arguments [teleport, location] and [teleport, targets] with inputs: [0.1 -0.5 .9, 0 0 0]
[20:07:55] [main/WARN]: Ambiguity between arguments [teleport, targets] and [teleport, destination] with inputs: [Player, 0123, dd12be42-52a9-4a91-a8a1-11c01849e498]
[20:07:55] [main/WARN]: Ambiguity between arguments [teleport, targets, location] and [teleport, targets, destination] with inputs: [0.1 -0.5 .9, 0 0 0]
[20:07:56] [main/INFO]: Reloading ResourceManager: Default, bukkit, skimit-DataPack, Fabric Tool Attribute API (v1), Player Roles
[20:08:03] [Worker-Main-2/INFO]: Loaded 7 recipes
[20:08:04] [Worker-Main-2/INFO]: Loaded 927 advancements
[20:08:10] [main/INFO]: Applied 0 biome modifications to 0 of 79 new biomes in 21.48 ms
[20:08:10] [main/WARN]: [fabric-registry-sync] Could not find the following registries: minecraft:biome_source_type, minecraft:block_state_provider_type, minecraft:dimension_type, minecraft:structure_piece, minecraft:carver, minecraft:block_placer_type, minecraft:decorator, minecraft:structure_feature, minecraft:surface_builder, minecraft:foliage_placer_type, minecraft:feature, minecraft:tree_decorator_type, minecraft:structure_pool_element, minecraft:biome, minecraft:chunk_generator_type, minecraft:structure_processor
[20:08:10] [main/INFO]: [fabric-registry-sync] Loaded registry data [file 1/4]
[20:08:11] [Server thread/INFO]: Starting minecraft server version 1.16.4
[20:08:11] [Server thread/INFO]: Loading properties
[20:08:11] [Server thread/INFO]: Default game type: SURVIVAL
[20:08:11] [Server thread/INFO]: Generating keypair
[20:08:12] [Server thread/INFO]: Starting Minecraft server on *:34268
[20:08:12] [Server thread/INFO]: Using epoll channel type
[20:08:13] [Server thread/WARN]: **** SERVER IS RUNNING IN OFFLINE/INSECURE MODE!
[20:08:13] [Server thread/WARN]: The server will make no attempt to authenticate usernames. Beware.
[20:08:13] [Server thread/WARN]: While this makes the game possible to play without internet access, it also opens up the ability for hackers to connect with any username they choose.
[20:08:13] [Server thread/WARN]: To change this, set "online-mode" to "true" in the server.properties file.
[20:08:13] [Server thread/INFO]: Preparing level "world"
[20:08:13] [Server thread/INFO]: [CM]: loaded setting combineXPOrbs as true from carpet.conf
[20:08:13] [Server thread/INFO]: [CM]: loaded setting onePlayerSleeping as true from carpet.conf
[20:08:13] [Server thread/INFO]: [CM]: loaded setting leadFix as true from carpet.conf
[20:08:13] [Server thread/INFO]: [CM]: loaded setting ctrlQCraftingFix as true from carpet.conf
[20:08:13] [Server thread/INFO]: [CM]: loaded setting language as zh_cn from carpet.conf
[20:08:13] [Server thread/INFO]: [CM]: loaded setting commandTick as true from carpet.conf
[20:08:13] [Server thread/INFO]: [CM]: loaded setting commandDraw as false from carpet.conf
[20:08:13] [Server thread/INFO]: [CM]: loaded setting fastRedstoneDust as true from carpet.conf
[20:08:13] [Server thread/INFO]: [CM]: loaded setting rotatorBlock as true from carpet.conf
[20:08:13] [Server thread/INFO]: [CM]: loaded setting commandPlayer as true from carpet.conf
[20:08:13] [Server thread/INFO]: [CM]: loaded setting updateSuppressionCrashFix as true from carpet.conf
[20:08:13] [Server thread/INFO]: [CM]: loaded setting reloadSuffocationFix as true from carpet.conf
[20:08:13] [Server thread/INFO]: [CM]: loaded setting antiCheatDisabled as true from carpet.conf
[20:08:13] [Server thread/INFO]: [CM]: loaded setting commandPing as true from carpet.conf
[20:08:13] [Server thread/INFO]: [CM]: loaded setting defaultLoggers as tps,mobcaps from carpet.conf
[20:08:13] [Server thread/INFO]: [CM]: loaded setting placementRotationFix as true from carpet.conf
[20:08:13] [Server thread/INFO]: [CM]: loaded setting hopperCounters as true from carpet.conf
[20:08:13] [Server thread/INFO]: [CM]: loaded setting flippinCactus as true from carpet.conf
[20:08:13] [Server thread/INFO]: [CM]: loaded setting lagFreeSpawning as true from carpet.conf
[20:08:15] [Server thread/INFO]: create world dimension: minecraft:overworld (seed: 20190827)
[20:08:15] [Server thread/INFO]: create world dimension: minecraft:the_nether (seed: 20190827)
[20:08:15] [Server thread/INFO]: create world dimension: minecraft:the_end (seed: 20190827)
[20:08:15] [Server thread/INFO]: Preparing start region for dimension minecraft:overworld
[20:08:26] [Server thread/INFO]: Preparing spawn area: 0%
[20:08:26] [Server thread/INFO]: Preparing spawn area: 0%
[20:08:26] [Server thread/INFO]: Preparing spawn area: 0%
[20:08:26] [Server thread/INFO]: Preparing spawn area: 0%
[20:08:26] [Server thread/INFO]: Preparing spawn area: 0%
[20:08:26] [Server thread/INFO]: Preparing spawn area: 0%
[20:08:26] [Server thread/INFO]: Preparing spawn area: 0%
[20:08:26] [Server thread/INFO]: Preparing spawn area: 0%
[20:08:26] [Server thread/INFO]: Preparing spawn area: 0%
[20:08:26] [Server thread/INFO]: Preparing spawn area: 0%
[20:08:26] [Server thread/INFO]: Preparing spawn area: 0%
[20:08:26] [Server thread/INFO]: Preparing spawn area: 0%
[20:08:26] [Server thread/INFO]: Preparing spawn area: 0%
[20:08:26] [Server thread/INFO]: Preparing spawn area: 0%
[20:08:26] [Server thread/INFO]: Preparing spawn area: 0%
[20:08:26] [Server thread/INFO]: Preparing spawn area: 0%
[20:08:26] [Server thread/INFO]: Preparing spawn area: 0%
[20:08:26] [Server thread/INFO]: Preparing spawn area: 0%
[20:08:26] [Server thread/INFO]: Preparing spawn area: 0%
[20:08:26] [Server thread/INFO]: Preparing spawn area: 0%
[20:08:26] [Server thread/INFO]: Preparing spawn area: 0%
[20:08:26] [Server thread/INFO]: Preparing spawn area: 0%
[20:08:27] [Server thread/INFO]: Preparing spawn area: 0%
[20:08:27] [Server thread/INFO]: Preparing spawn area: 30%
[20:08:28] [Server thread/INFO]: Preparing spawn area: 66%
[20:08:30] [Server thread/INFO]: Time elapsed: 14742 ms
[20:08:30] [Server thread/INFO]: Done (16.914s)! For help, type "help"
[20:08:30] [Server thread/INFO]: Starting remote control listener
[20:08:30] [Server thread/INFO]: Thread RCON Listener started
[20:08:30] [Server thread/INFO]: RCON running on 0.0.0.0:796
[20:08:30] [Thread-67/INFO]: Loading BlueMap...
[20:08:31] [Thread-67/INFO]: Loading resources...
[20:08:31] [Thread-68/INFO]: WebServer started.
[20:08:34] [Server thread/INFO]: Can only manipulate existing players
[20:08:34] [Server thread/INFO]: Can only manipulate existing players
[20:08:34] [Server thread/WARN]: Can't keep up! Is the server overloaded? Running 3272ms or 65 ticks behind
[20:08:37] [Thread-67/INFO]: Loading bluemap assets (1/3)...
[20:08:38] [Thread-67/INFO]: Loading realms assets (2/3)...
[20:08:39] [Thread-67/INFO]: Loading minecraft assets (3/3)...
[20:08:45] [Thread-67/INFO]: BlueMap loaded!
[20:09:00] [Server thread/WARN]: Can't keep up! Is the server overloaded? Running 11599ms or 231 ticks behind
[20:10:00] [Server thread/INFO]: Can only manipulate existing players
[20:10:00] [Server thread/INFO]: Can only manipulate existing players
[20:10:00] [Server thread/INFO]: shuijiao[local] logged in with entity id 205 at (-42.5, 61.0, 240.5)
[20:10:00] [Server thread/INFO]: shuijiao joined the game
[20:10:02] [Server thread/WARN]: Can't keep up! Is the server overloaded? Running 2030ms or 40 ticks behind
[20:10:22] [Server thread/WARN]: Can't keep up! Is the server overloaded? Running 5439ms or 108 ticks behind
[20:13:35] [Server thread/WARN]: Fetching packet for removed entity class_1542['Air'/558, l='ServerLevel[world]', x=-80.87, y=5.00, z=277.55]
[20:13:43] [Server thread/INFO]: EDGW[/127.0.0.1:58347] logged in with entity id 564 at (-1930.1519469732411, 76.59865221443755, 1003.8437039115938)
[20:13:44] [Server thread/INFO]: EDGW joined the game
[20:13:44] [Netty Epoll Server IO #1/WARN]: Received invalid identifier in minecraft:register: legacy:fml|hs (Non [a-z0-9/._-] character in path of location: legacy:fml|hs)
[20:13:44] [Netty Epoll Server IO #1/WARN]: Player EDGW joined with another carpet version: 1.4.11+v200910
[20:13:45] [Server thread/WARN]: Can't keep up! Is the server overloaded? Running 2008ms or 40 ticks behind
[20:13:56] [Server thread/INFO]: <EDGW> 我来也
[20:14:03] [Server thread/WARN]: Can't keep up! Is the server overloaded? Running 3476ms or 69 ticks behind
[20:14:25] [Server thread/WARN]: Can't keep up! Is the server overloaded? Running 6850ms or 137 ticks behind
[20:15:15] [Server thread/WARN]: Can't keep up! Is the server overloaded? Running 2001ms or 40 ticks behind
[20:15:17] [Server thread/INFO]: EDGW lost connection: Disconnected
[20:15:17] [Server thread/INFO]: EDGW left the game
[20:15:19] [Server thread/INFO]: EDGW[/127.0.0.1:55915] logged in with entity id 1548 at (-258.258295511283, 129.0, 66.69999998807907)
[20:15:19] [Server thread/INFO]: EDGW joined the game
[20:15:19] [Netty Epoll Server IO #1/WARN]: Received invalid identifier in minecraft:register: legacy:fml|hs (Non [a-z0-9/._-] character in path of location: legacy:fml|hs)
[20:15:21] [Netty Epoll Server IO #1/WARN]: Player EDGW joined with another carpet version: 1.4.11+v200910
[20:15:34] [Server thread/WARN]: Can't keep up! Is the server overloaded? Running 3894ms or 77 ticks behind
[20:15:42] [Server thread/WARN]: Trying to add entity with duplicated UUID 1e37d07d-eba6-4a9d-8646-a26014876864. Existing minecraft:zombified_piglin#1710, new: minecraft:zombified_piglin#1759
[20:15:42] [Server thread/WARN]: Trying to add entity with duplicated UUID 164670af-fa79-4bc1-a4c0-58612493969d. Existing minecraft:piglin#1758, new: minecraft:piglin#1774
[20:15:42] [Server thread/WARN]: Trying to add entity with duplicated UUID 811f5a86-bcce-4c61-833f-902fa964cfe5. Existing minecraft:piglin#1757, new: minecraft:piglin#1776
[20:15:47] [Server thread/WARN]: Trying to add entity with duplicated UUID 0558490f-5b4c-4bea-8861-39fd2e57c0f7. Existing minecraft:enderman#1848, new: minecraft:enderman#1855
[20:15:47] [Server thread/WARN]: Trying to add entity with duplicated UUID 1a9d2422-0621-4fe4-95ba-628b0ade4355. Existing minecraft:enderman#1849, new: minecraft:enderman#1856
[20:15:55] [Server thread/WARN]: Can't keep up! Is the server overloaded? Running 2029ms or 40 ticks behind
[20:16:18] [Server thread/WARN]: Can't keep up! Is the server overloaded? Running 2030ms or 40 ticks behind
[20:16:38] [Server thread/WARN]: Can't keep up! Is the server overloaded? Running 5354ms or 107 ticks behind
[20:16:39] [Server thread/INFO]: EDGW lost connection: Disconnected
[20:16:39] [Server thread/INFO]: EDGW left the game
[20:16:46] [Server thread/INFO]: EDGW[/127.0.0.1:60799] logged in with entity id 2530 at (229.306589570264, 129.0, 131.52496565024887)
[20:16:46] [Netty Epoll Server IO #1/WARN]: Received invalid identifier in minecraft:register: legacy:fml|hs (Non [a-z0-9/._-] character in path of location: legacy:fml|hs)
[20:16:46] [Server thread/INFO]: EDGW joined the game
[20:16:48] [Netty Epoll Server IO #1/WARN]: Player EDGW joined with another carpet version: 1.4.11+v200910
[20:17:23] [Server thread/WARN]: Can't keep up! Is the server overloaded? Running 3991ms or 79 ticks behind
[20:17:30] [Server thread/INFO]: EDGW lost connection: Disconnected
[20:17:30] [Server thread/INFO]: EDGW left the game
[20:17:32] [Server thread/INFO]: EDGW[/127.0.0.1:60575] logged in with entity id 2933 at (487.205303317216, 129.0, 220.37309004313)
[20:17:32] [Server thread/INFO]: EDGW joined the game
[20:17:32] [Netty Epoll Server IO #1/WARN]: Received invalid identifier in minecraft:register: legacy:fml|hs (Non [a-z0-9/._-] character in path of location: legacy:fml|hs)
[20:17:38] [Netty Epoll Server IO #1/WARN]: Player EDGW joined with another carpet version: 1.4.11+v200910
[20:17:41] [Server thread/WARN]: Can't keep up! Is the server overloaded? Running 2326ms or 46 ticks behind
[20:17:58] [Server thread/WARN]: Can't keep up! Is the server overloaded? Running 2848ms or 56 ticks behind
[20:18:17] [Server thread/WARN]: Can't keep up! Is the server overloaded? Running 4185ms or 83 ticks behind
[20:18:36] [Server thread/INFO]: aka213[/127.0.0.1:48723] logged in with entity id 3104 at (-507.9622515955993, 71.0, 548.3000000119209)
[20:18:36] [Server thread/INFO]: aka213 joined the game
[20:18:36] [Netty Epoll Server IO #1/WARN]: Received invalid identifier in minecraft:register: legacy:fml|hs (Non [a-z0-9/._-] character in path of location: legacy:fml|hs)
[20:18:37] [Server thread/WARN]: Can't keep up! Is the server overloaded? Running 2791ms or 55 ticks behind
[20:18:39] [Netty Epoll Server IO #1/WARN]: Player aka213 joined with another carpet version: 1.4.9+v200815
[20:19:00] [Server thread/WARN]: Can't keep up! Is the server overloaded? Running 8078ms or 161 ticks behind
[20:19:03] [Server thread/INFO]: <aka213> 你在哪
[20:19:11] [Server thread/INFO]: <EDGW> 地狱
[20:19:22] [Server thread/WARN]: Can't keep up! Is the server overloaded? Running 6380ms or 127 ticks behind
[20:19:54] [Server thread/WARN]: Can't keep up! Is the server overloaded? Running 2041ms or 40 ticks behind
[20:20:47] [Server thread/INFO]: EDGW lost connection: Disconnected
[20:20:47] [Server thread/INFO]: EDGW left the game
[20:20:49] [Server thread/INFO]: aka213 lost connection: Disconnected
[20:20:49] [Server thread/INFO]: aka213 left the game
[20:20:54] [Server Watchdog/FATAL]: A single server tick took 60.04 seconds (should be max 0.05)
[20:20:54] [Server Watchdog/FATAL]: Considering it to be crashed, server will forcibly shutdown.
[20:20:54] [Server thread/INFO]: com.mojang.authlib.GameProfile@7d9e364e[id=<null>,name=EDGW,properties={},legacy=false] (/127.0.0.1:44525) lost connection: Disconnected
