[19:01:07] [main/INFO]: Loading for game Minecraft 1.15.2
[19:01:11] [main/WARN]: Mod `jankson` (2.0.0+j1.2.0) uses 'requires' key in fabric.mod.json, which is not supported - use 'depends'
[19:01:11] [main/INFO]: [FabricLoader] Loading 40 mods: minecraft@1.15.2, fabric-networking-blockentity-v0@0.2.3+e08a73050c, fabric-renderer-api-v1@0.2.10+f08b61330c, fabric-keybindings-v0@0.1.1+dfdb52d60c, jankson@2.0.0+j1.2.0, fabricloader@0.7.8+build.189, fabric-renderer-indigo@0.2.23+9290e2ed0c, fabric-containers-v0@0.1.3+b7f9825d0c, fabric-dimensions-v1@0.3.0+2ad156310c, org_apache_commons_commons-compress@1.9, fabric-biomes-v1@0.1.5+3b05f68e0c, fabric-events-interaction-v0@0.3.0+fac69e320c, fabric-crash-report-info-v1@0.1.2+b7f9825d0c, fabric-api-base@0.1.2+b7f9825d0c, fabric-rendering-v0@1.1.0+534104900c, fabric-rendering-v1@0.1.0+534104900c, fabric-rendering-data-attachment-v1@0.1.3+b7f9825d0c, fabric-resource-loader-v0@0.1.10+06c939b30c, fabric-textures-v0@1.0.4+821cdba70c, fabric-content-registries-v0@0.1.3+b7f9825d0c, fabric-tag-extensions-v0@0.1.3+abd915800c, fabric-rendering-fluids-v1@0.1.6+12515ed90c, fabric-commands-v0@0.1.2+b7f9825d0c, fabric-registry-sync-v0@0.2.6+f3d8141b0c, cotton-logging@1.0.0-rc.4, fabric-blockrenderlayer-v1@1.1.4+c6a8ea890c, textile_backup@1.1.0-1.15, fabric-mining-levels-v0@0.1.1+b7f9825d0c, fabric-renderer-registries-v1@2.0.1+5a0f9a600c, carpet-extra@1.3.15, fabric-events-lifecycle-v0@0.1.2+b7f9825d0c, fabric-loot-tables-v1@0.1.5+e08a73050c, fabric@0.5.1+build.294-1.15, carpet@1.3.15, fabric-item-groups-v0@0.1.6+ec40b2e10c, fabric-models-v0@0.1.0+dfdb52d60c, fabric-particles-v1@0.1.1+dfdb52d60c, fabric-networking-v0@0.1.7+12515ed90c, fabric-object-builders-v0@0.1.3+e4c9a9c30c, cotton-config@1.0.0-rc.7
[19:01:11] [main/INFO]: SpongePowered MIXIN Subsystem Version=0.8 Source=file:/C:/Server/skimit_survival/fabric-server-launch.jar Service=Knot/Fabric Env=SERVER
[19:02:44] [main/WARN]: Ambiguity between arguments [teleport, destination] and [teleport, targets] with inputs: [Player, 0123, @e, dd12be42-52a9-4a91-a8a1-11c01849e498]
[19:02:44] [main/WARN]: Ambiguity between arguments [teleport, location] and [teleport, destination] with inputs: [0.1 -0.5 .9, 0 0 0]
[19:02:44] [main/WARN]: Ambiguity between arguments [teleport, location] and [teleport, targets] with inputs: [0.1 -0.5 .9, 0 0 0]
[19:02:44] [main/WARN]: Ambiguity between arguments [teleport, targets] and [teleport, destination] with inputs: [Player, 0123, dd12be42-52a9-4a91-a8a1-11c01849e498]
[19:02:44] [main/WARN]: Ambiguity between arguments [teleport, targets, location] and [teleport, targets, destination] with inputs: [0.1 -0.5 .9, 0 0 0]
[19:02:47] [main/INFO]: [TextileBackup]: Loading TextileBackup by Szum123321
[19:02:49] [Server thread/INFO]: Starting minecraft server version 1.15.2
[19:02:49] [Server thread/INFO]: Loading properties
[19:02:49] [Server thread/INFO]: Default game type: SURVIVAL
[19:02:49] [Server thread/INFO]: Generating keypair
[19:02:50] [Server thread/INFO]: Starting Minecraft server on *:26565
[19:02:50] [Server thread/INFO]: Using default channel type
[19:02:51] [Server thread/WARN]: **** SERVER IS RUNNING IN OFFLINE/INSECURE MODE!
[19:02:51] [Server thread/WARN]: The server will make no attempt to authenticate usernames. Beware.
[19:02:51] [Server thread/WARN]: While this makes the game possible to play without internet access, it also opens up the ability for hackers to connect with any username they choose.
[19:02:51] [Server thread/WARN]: To change this, set "online-mode" to "true" in the server.properties file.
[19:02:51] [Server thread/INFO]: Preparing level "skimit"
[19:02:51] [Server thread/INFO]: [CM]: loaded setting commandDraw as false from carpet.conf
[19:02:51] [Server thread/INFO]: [CM]: loaded setting rotatorBlock as true from carpet.conf
[19:02:51] [Server thread/INFO]: [CM]: loaded setting combineXPOrbs as true from carpet.conf
[19:02:51] [Server thread/INFO]: [CM]: loaded setting onePlayerSleeping as true from carpet.conf
[19:02:51] [Server thread/INFO]: [CM]: loaded setting portalSuffocationFix as true from carpet.conf
[19:02:51] [Server thread/INFO]: [CM]: loaded setting leadFix as true from carpet.conf
[19:02:51] [Server thread/INFO]: [CM]: loaded setting antiCheatDisabled as true from carpet.conf
[19:02:51] [Server thread/INFO]: [CM]: loaded setting defaultLoggers as tps from carpet.conf
[19:02:51] [Server thread/INFO]: [CM]: loaded setting commandCameramode as false from carpet.conf
[19:02:51] [Server thread/INFO]: [CM]: loaded setting unloadedEntityFix as true from carpet.conf
[19:02:51] [Server thread/INFO]: [CM]: loaded setting ctrlQCraftingFix as true from carpet.conf
[19:02:52] [Server thread/INFO]: [fabric-registry-sync] Loaded registry data [file 1/4]
[19:02:52] [Server thread/INFO]: Reloading ResourceManager: Default, bukkit, Fabric Mining Levels (v0)
[19:02:54] [Server thread/INFO]: Loaded 6 recipes
[19:02:57] [Server thread/INFO]: Loaded 825 advancements
[19:02:59] [Server thread/INFO]: Preparing start region for dimension minecraft:overworld
[19:03:04] [Server thread/INFO]: Preparing spawn area: 0%
[19:03:04] [Server thread/INFO]: Preparing spawn area: 0%
[19:03:04] [Server thread/INFO]: Preparing spawn area: 0%
[19:03:04] [Server thread/INFO]: Preparing spawn area: 0%
[19:03:04] [Server thread/INFO]: Preparing spawn area: 0%
[19:03:04] [Server thread/INFO]: Preparing spawn area: 0%
[19:03:04] [Server thread/INFO]: Preparing spawn area: 0%
[19:03:04] [Server thread/INFO]: Preparing spawn area: 0%
[19:03:04] [Server thread/INFO]: Preparing spawn area: 0%
[19:03:04] [Server thread/INFO]: Preparing spawn area: 0%
[19:03:04] [Server thread/INFO]: Preparing spawn area: 0%
[19:03:04] [Server-Worker-3/INFO]: Preparing spawn area: 0%
[19:03:05] [Server-Worker-3/INFO]: Preparing spawn area: 0%
[19:03:05] [Server-Worker-3/INFO]: Preparing spawn area: 0%
[19:03:06] [Server-Worker-3/INFO]: Preparing spawn area: 0%
[19:03:06] [Server-Worker-3/INFO]: Preparing spawn area: 0%
[19:03:07] [Server thread/INFO]: Preparing spawn area: 0%
[19:03:07] [Server thread/INFO]: Preparing spawn area: 83%
[19:03:08] [Server thread/INFO]: Time elapsed: 9832 ms
[19:03:08] [Server thread/INFO]: Done (17.177s)! For help, type "help"
[19:03:08] [Server thread/INFO]: Starting remote control listener
[19:03:08] [RCON Listener #1/INFO]: RCON running on 0.0.0.0:25636
[19:03:11] [Server thread/WARN]: Can't keep up! Is the server overloaded? Running 2559ms or 51 ticks behind
[19:46:49] [Server thread/INFO]: xiaolouQAQ[/127.0.0.1:55174] logged in with entity id 119 at (-531.7455550278405, 67.0, 464.8868219097233)
[19:46:49] [Netty Server IO #1/WARN]: Received invalid identifier in minecraft:register: legacy:fml|hs (Non [a-z0-9/._-] character in path of location: legacy:fml|hs)
[19:46:49] [Server thread/INFO]: xiaolouQAQ joined the game
[19:46:50] [Server thread/INFO]: [TextileBackup]: Backup started by: SERVER on: 2020-04-16_19-46-50
[19:46:50] [Server thread/INFO]: [TextileBackup]: Saving server...
[19:46:50] [Thread-50/INFO]: [TextileBackup]: Starting compression...
[19:46:50] [Server thread/WARN]: Can't keep up! Is the server overloaded? Running 2015ms or 40 ticks behind
[19:47:13] [Server thread/WARN]: Can't keep up! Is the server overloaded? Running 7654ms or 153 ticks behind
[19:47:34] [Server thread/WARN]: Can't keep up! Is the server overloaded? Running 6361ms or 127 ticks behind
[19:47:53] [Server thread/WARN]: Can't keep up! Is the server overloaded? Running 3657ms or 73 ticks behind
[19:48:13] [Server thread/WARN]: Can't keep up! Is the server overloaded? Running 4818ms or 96 ticks behind
[19:48:36] [Server thread/WARN]: Can't keep up! Is the server overloaded? Running 8149ms or 162 ticks behind
[19:48:59] [Server thread/WARN]: Can't keep up! Is the server overloaded? Running 8634ms or 172 ticks behind
[19:49:17] [Server thread/WARN]: Can't keep up! Is the server overloaded? Running 2855ms or 57 ticks behind
[19:49:22] [Thread-50/INFO]: [TextileBackup]: Compression finished
[19:49:22] [Thread-50/INFO]: [TextileBackup]: Deleting: 2020-04-16_10-03-35.zip
[19:49:22] [Thread-50/INFO]: [TextileBackup]: Deleting: 2020-04-16_11-03-48.zip
[19:49:22] [Thread-50/INFO]: [TextileBackup]: Done!
[19:55:15] [Server thread/INFO]: <xiaolouQAQ> 1
[19:55:34] [Server thread/INFO]: Yu_Chei[/127.0.0.1:55485] logged in with entity id 1067 at (-140.43388306556295, 71.0, 429.47839573575584)
[19:55:34] [Netty Server IO #1/WARN]: Received invalid identifier in minecraft:register: legacy:fml|hs (Non [a-z0-9/._-] character in path of location: legacy:fml|hs)
[19:55:34] [Server thread/INFO]: Yu_Chei joined the game
[19:55:36] [Server thread/WARN]: Can't keep up! Is the server overloaded? Running 2296ms or 45 ticks behind
[19:55:58] [Server thread/WARN]: Can't keep up! Is the server overloaded? Running 6649ms or 132 ticks behind
[19:56:25] [Server thread/WARN]: Can't keep up! Is the server overloaded? Running 2026ms or 40 ticks behind
[19:56:52] [Server thread/WARN]: Can't keep up! Is the server overloaded? Running 11278ms or 225 ticks behind
[19:57:22] [Server thread/WARN]: Can't keep up! Is the server overloaded? Running 2009ms or 40 ticks behind
[19:58:12] [Server thread/WARN]: Can't keep up! Is the server overloaded? Running 2014ms or 40 ticks behind
[19:59:04] [Server thread/WARN]: Can't keep up! Is the server overloaded? Running 2153ms or 43 ticks behind
[19:59:27] [Server thread/WARN]: Can't keep up! Is the server overloaded? Running 3777ms or 75 ticks behind
[19:59:42] [Server thread/INFO]: xiaolouQAQ lost connection: Disconnected
[19:59:42] [Server thread/INFO]: xiaolouQAQ left the game
[19:59:46] [Server thread/WARN]: Can't keep up! Is the server overloaded? Running 4109ms or 82 ticks behind
[20:00:19] [Server thread/INFO]: Yu_Chei lost connection: Disconnected
[20:00:19] [Server thread/INFO]: Yu_Chei left the game
[20:04:39] [Server thread/INFO]: ChengXi123[/127.0.0.1:55820] logged in with entity id 2151 at (-370.2932419083634, 69.0, 511.3564091763234)
[20:04:39] [Netty Server IO #1/WARN]: Received invalid identifier in minecraft:register: legacy:fml|hs (Non [a-z0-9/._-] character in path of location: legacy:fml|hs)
[20:04:39] [Server thread/INFO]: ChengXi123 joined the game
[20:04:45] [Server thread/WARN]: Can't keep up! Is the server overloaded? Running 2001ms or 40 ticks behind
[20:07:40] [Server thread/INFO]: Villager class_1646['Villager'/1111, l='skimit', x=-138.36, y=75.00, z=434.05] died, message: 'Villager was slain by ChengXi123'
[20:07:41] [Server thread/INFO]: Villager class_1646['Villager'/1110, l='skimit', x=-138.30, y=75.00, z=434.70] died, message: 'Villager was slain by ChengXi123'
[20:09:35] [Server thread/WARN]: Can't keep up! Is the server overloaded? Running 2560ms or 51 ticks behind
[20:14:38] [Server thread/WARN]: Can't keep up! Is the server overloaded? Running 2088ms or 41 ticks behind
[20:14:41] [Server thread/INFO]: ChengXi123 lost connection: Timed out
[20:14:41] [Server thread/INFO]: ChengXi123 left the game
[20:14:42] [Server thread/WARN]: handleDisconnection() called twice
[20:40:22] [RCON Listener #1/INFO]: Rcon connection from: /49.232.48.83
[21:31:04] [Server thread/INFO]: Yu_Chei[/127.0.0.1:58966] logged in with entity id 3460 at (-455.33289959506743, 71.0, 472.95286933955236)
[21:31:04] [Netty Server IO #1/WARN]: Received invalid identifier in minecraft:register: legacy:fml|hs (Non [a-z0-9/._-] character in path of location: legacy:fml|hs)
[21:31:05] [Server thread/INFO]: Yu_Chei joined the game
[21:31:05] [Server thread/INFO]: [TextileBackup]: Backup started by: SERVER on: 2020-04-16_21-31-05
[21:31:05] [Server thread/INFO]: [TextileBackup]: Saving server...
[21:31:05] [Thread-51/INFO]: [TextileBackup]: Starting compression...
[21:31:11] [Server thread/WARN]: Can't keep up! Is the server overloaded? Running 2265ms or 45 ticks behind
[21:32:01] [Server thread/WARN]: Can't keep up! Is the server overloaded? Running 34852ms or 697 ticks behind
[21:32:40] [Server thread/WARN]: Can't keep up! Is the server overloaded? Running 24804ms or 496 ticks behind
[21:33:21] [Thread-51/INFO]: [TextileBackup]: Compression finished
[21:33:21] [Thread-51/INFO]: [TextileBackup]: Deleting: 2020-04-16_11-06-14.zip
[21:33:21] [Thread-51/INFO]: [TextileBackup]: Done!
[21:33:22] [Server thread/WARN]: Can't keep up! Is the server overloaded? Running 27074ms or 541 ticks behind
[21:39:52] [Server thread/INFO]: xiaolouQAQ[/127.0.0.1:59287] logged in with entity id 4389 at (-528.4357146943797, 68.0, 443.81034038501997)
[21:39:52] [Netty Server IO #0/WARN]: Received invalid identifier in minecraft:register: legacy:fml|hs (Non [a-z0-9/._-] character in path of location: legacy:fml|hs)
[21:39:53] [Server thread/INFO]: xiaolouQAQ joined the game
[21:39:59] [Server thread/WARN]: Can't keep up! Is the server overloaded? Running 2354ms or 47 ticks behind
[21:40:16] [Server thread/WARN]: Can't keep up! Is the server overloaded? Running 2428ms or 48 ticks behind
[21:40:56] [Server thread/WARN]: Can't keep up! Is the server overloaded? Running 2011ms or 40 ticks behind
[21:41:15] [Server thread/WARN]: Can't keep up! Is the server overloaded? Running 2154ms or 43 ticks behind
[21:41:36] [Server thread/WARN]: Can't keep up! Is the server overloaded? Running 5785ms or 115 ticks behind
[21:42:32] [Server thread/WARN]: Can't keep up! Is the server overloaded? Running 2013ms or 40 ticks behind
[21:42:49] [Server thread/WARN]: Can't keep up! Is the server overloaded? Running 2157ms or 43 ticks behind
[21:43:06] [Server thread/WARN]: Can't keep up! Is the server overloaded? Running 2211ms or 44 ticks behind
[21:43:30] [Server thread/WARN]: Can't keep up! Is the server overloaded? Running 2055ms or 41 ticks behind
[21:43:48] [Server thread/WARN]: Can't keep up! Is the server overloaded? Running 2007ms or 40 ticks behind
[21:44:06] [Server thread/WARN]: Can't keep up! Is the server overloaded? Running 2325ms or 46 ticks behind
[21:46:01] [Server thread/WARN]: Can't keep up! Is the server overloaded? Running 2001ms or 40 ticks behind
[21:46:18] [Server thread/WARN]: Can't keep up! Is the server overloaded? Running 2007ms or 40 ticks behind
[21:46:35] [Server thread/WARN]: Can't keep up! Is the server overloaded? Running 2066ms or 41 ticks behind
[21:46:58] [Server thread/WARN]: Can't keep up! Is the server overloaded? Running 8019ms or 160 ticks behind
[21:47:17] [Server thread/WARN]: Can't keep up! Is the server overloaded? Running 3576ms or 71 ticks behind
[21:47:53] [Server thread/WARN]: Can't keep up! Is the server overloaded? Running 2007ms or 40 ticks behind
[21:48:15] [Server thread/WARN]: Can't keep up! Is the server overloaded? Running 2004ms or 40 ticks behind
[21:48:36] [Server thread/WARN]: Can't keep up! Is the server overloaded? Running 2003ms or 40 ticks behind
[21:48:56] [Server thread/WARN]: Can't keep up! Is the server overloaded? Running 2028ms or 40 ticks behind
[21:49:31] [Server thread/WARN]: Can't keep up! Is the server overloaded? Running 2031ms or 40 ticks behind
[21:49:49] [Server thread/WARN]: Can't keep up! Is the server overloaded? Running 2410ms or 48 ticks behind
[21:50:10] [Server thread/WARN]: Can't keep up! Is the server overloaded? Running 2064ms or 41 ticks behind
[21:50:27] [Server thread/WARN]: Can't keep up! Is the server overloaded? Running 2447ms or 48 ticks behind
[21:50:44] [Server thread/WARN]: Can't keep up! Is the server overloaded? Running 2193ms or 43 ticks behind
[21:51:01] [Server thread/WARN]: Can't keep up! Is the server overloaded? Running 2276ms or 45 ticks behind
[21:51:19] [Server thread/WARN]: Can't keep up! Is the server overloaded? Running 2338ms or 46 ticks behind
[21:51:42] [Server thread/WARN]: Can't keep up! Is the server overloaded? Running 2003ms or 40 ticks behind
[21:51:59] [Server thread/WARN]: Can't keep up! Is the server overloaded? Running 2205ms or 44 ticks behind
[21:52:18] [Server thread/WARN]: Can't keep up! Is the server overloaded? Running 2029ms or 40 ticks behind
[21:52:39] [Server thread/WARN]: Can't keep up! Is the server overloaded? Running 6583ms or 131 ticks behind
[21:53:00] [Server thread/WARN]: Can't keep up! Is the server overloaded? Running 2013ms or 40 ticks behind
[21:53:34] [Server thread/WARN]: Can't keep up! Is the server overloaded? Running 2038ms or 40 ticks behind
[21:53:42] [Server thread/INFO]: <Yu_Chei> xiaolouQAQ你要来帮忙吗
[21:53:49] [Server thread/INFO]: <xiaolouQAQ> 你在干嘛
[21:54:00] [Server thread/INFO]: <Yu_Chei> 你过来
[21:54:05] [Server thread/WARN]: Can't keep up! Is the server overloaded? Running 2006ms or 40 ticks behind
[21:54:22] [Server thread/INFO]: <xiaolouQAQ> 好
[21:54:55] [Server thread/WARN]: Can't keep up! Is the server overloaded? Running 2150ms or 43 ticks behind
[21:55:16] [Server thread/INFO]: <xiaolouQAQ> 挖空吗，
[21:56:42] [Server thread/WARN]: Can't keep up! Is the server overloaded? Running 2020ms or 40 ticks behind
[21:57:05] [Server thread/WARN]: Can't keep up! Is the server overloaded? Running 2140ms or 42 ticks behind
[21:57:23] [Server thread/WARN]: Can't keep up! Is the server overloaded? Running 2452ms or 49 ticks behind
[21:57:44] [Server thread/WARN]: Can't keep up! Is the server overloaded? Running 2028ms or 40 ticks behind
[21:58:35] [Server thread/WARN]: Can't keep up! Is the server overloaded? Running 2136ms or 42 ticks behind
[21:58:58] [Server thread/WARN]: Can't keep up! Is the server overloaded? Running 2047ms or 40 ticks behind
[22:01:00] [Server thread/WARN]: Can't keep up! Is the server overloaded? Running 2046ms or 40 ticks behind
[22:01:21] [Server thread/WARN]: Can't keep up! Is the server overloaded? Running 3172ms or 63 ticks behind
[22:01:39] [Server thread/WARN]: Can't keep up! Is the server overloaded? Running 2001ms or 40 ticks behind
[22:02:08] [Server thread/WARN]: Can't keep up! Is the server overloaded? Running 2001ms or 40 ticks behind
[22:02:28] [Server thread/WARN]: Can't keep up! Is the server overloaded? Running 2104ms or 42 ticks behind
[22:02:57] [Server thread/WARN]: Can't keep up! Is the server overloaded? Running 2008ms or 40 ticks behind
[22:03:16] [Server thread/WARN]: Can't keep up! Is the server overloaded? Running 3641ms or 72 ticks behind
[22:03:39] [Server thread/WARN]: Can't keep up! Is the server overloaded? Running 2096ms or 41 ticks behind
[22:03:59] [Server thread/INFO]: <xiaolouQAQ> 哪边刷经验快
[22:04:24] [Server thread/WARN]: Can't keep up! Is the server overloaded? Running 2094ms or 41 ticks behind
[22:04:46] [Server thread/WARN]: Can't keep up! Is the server overloaded? Running 2001ms or 40 ticks behind
[22:05:06] [Server thread/WARN]: Can't keep up! Is the server overloaded? Running 4222ms or 84 ticks behind
[22:05:23] [Server thread/WARN]: Can't keep up! Is the server overloaded? Running 2389ms or 47 ticks behind
[22:05:41] [Server thread/WARN]: Can't keep up! Is the server overloaded? Running 2659ms or 53 ticks behind
[22:05:58] [Server thread/WARN]: Can't keep up! Is the server overloaded? Running 2749ms or 54 ticks behind
[22:06:17] [Server thread/WARN]: Can't keep up! Is the server overloaded? Running 4231ms or 84 ticks behind
[22:06:35] [Server thread/WARN]: Can't keep up! Is the server overloaded? Running 2456ms or 49 ticks behind
[22:06:53] [Server thread/WARN]: Can't keep up! Is the server overloaded? Running 2980ms or 59 ticks behind
[22:07:17] [Server thread/WARN]: Can't keep up! Is the server overloaded? Running 2044ms or 40 ticks behind
[22:07:45] [Server thread/WARN]: Can't keep up! Is the server overloaded? Running 2007ms or 40 ticks behind
[22:08:13] [Server thread/WARN]: Can't keep up! Is the server overloaded? Running 2013ms or 40 ticks behind
[22:08:31] [Server thread/WARN]: Can't keep up! Is the server overloaded? Running 2840ms or 56 ticks behind
[22:08:54] [Server thread/WARN]: Can't keep up! Is the server overloaded? Running 8349ms or 166 ticks behind
[22:09:17] [Server thread/WARN]: Can't keep up! Is the server overloaded? Running 7283ms or 145 ticks behind
[22:09:34] [Server thread/WARN]: Can't keep up! Is the server overloaded? Running 2189ms or 43 ticks behind
[22:09:52] [Server thread/WARN]: Can't keep up! Is the server overloaded? Running 3056ms or 61 ticks behind
[22:10:09] [Server thread/WARN]: Can't keep up! Is the server overloaded? Running 2001ms or 40 ticks behind
[22:10:26] [Server thread/WARN]: Can't keep up! Is the server overloaded? Running 2386ms or 47 ticks behind
[22:10:44] [Server thread/WARN]: Can't keep up! Is the server overloaded? Running 2806ms or 56 ticks behind
[22:11:02] [Server thread/WARN]: Can't keep up! Is the server overloaded? Running 2851ms or 57 ticks behind
[22:11:21] [Server thread/WARN]: Can't keep up! Is the server overloaded? Running 2002ms or 40 ticks behind
[22:11:49] [Server thread/WARN]: Can't keep up! Is the server overloaded? Running 2009ms or 40 ticks behind
[22:12:08] [Server thread/WARN]: Can't keep up! Is the server overloaded? Running 2107ms or 42 ticks behind
[22:12:42] [Server thread/WARN]: Can't keep up! Is the server overloaded? Running 2018ms or 40 ticks behind
[22:13:04] [Server thread/WARN]: Can't keep up! Is the server overloaded? Running 2013ms or 40 ticks behind
[22:13:25] [Server thread/WARN]: Can't keep up! Is the server overloaded? Running 2001ms or 40 ticks behind
[22:13:57] [Server thread/WARN]: Can't keep up! Is the server overloaded? Running 2002ms or 40 ticks behind
[22:14:14] [Server thread/WARN]: Can't keep up! Is the server overloaded? Running 2100ms or 42 ticks behind
[22:14:31] [Server thread/WARN]: Can't keep up! Is the server overloaded? Running 2422ms or 48 ticks behind
[22:14:55] [Server thread/WARN]: Can't keep up! Is the server overloaded? Running 8725ms or 174 ticks behind
[22:15:15] [Server thread/WARN]: Can't keep up! Is the server overloaded? Running 5229ms or 104 ticks behind
[22:16:07] [Server thread/INFO]: xiaolouQAQ lost connection: Disconnected
[22:16:07] [Server thread/INFO]: xiaolouQAQ left the game
[22:19:48] [Server thread/WARN]: Can't keep up! Is the server overloaded? Running 2215ms or 44 ticks behind
[22:20:06] [Server thread/WARN]: Can't keep up! Is the server overloaded? Running 3137ms or 62 ticks behind
[22:29:54] [Server thread/WARN]: Can't keep up! Is the server overloaded? Running 2711ms or 54 ticks behind
[22:31:05] [Server thread/INFO]: [TextileBackup]: Backup started by: SERVER on: 2020-04-16_22-31-05
[22:31:05] [Server thread/INFO]: [TextileBackup]: Saving server...
[22:31:06] [Thread-52/INFO]: [TextileBackup]: Starting compression...
[22:31:06] [Server thread/WARN]: Can't keep up! Is the server overloaded? Running 2066ms or 41 ticks behind
[22:31:35] [Server thread/INFO]: <Yu_Chei> Yu_Chei
[22:31:36] [Server thread/WARN]: Can't keep up! Is the server overloaded? Running 14675ms or 293 ticks behind
[22:32:18] [Server thread/WARN]: Can't keep up! Is the server overloaded? Running 26619ms or 532 ticks behind
[22:33:00] [Server thread/WARN]: Can't keep up! Is the server overloaded? Running 27570ms or 551 ticks behind
[22:33:26] [Thread-52/INFO]: [TextileBackup]: Compression finished
[22:33:26] [Thread-52/INFO]: [TextileBackup]: Deleting: 2020-04-16_12-03-29.zip
[22:33:26] [Thread-52/INFO]: [TextileBackup]: Done!
[22:33:32] [Server thread/WARN]: Can't keep up! Is the server overloaded? Running 17171ms or 343 ticks behind
[22:45:05] [Server thread/WARN]: Can't keep up! Is the server overloaded? Running 2084ms or 41 ticks behind
[22:51:25] [Server thread/WARN]: Can't keep up! Is the server overloaded? Running 2040ms or 40 ticks behind
[22:56:27] [Server thread/WARN]: Can't keep up! Is the server overloaded? Running 2529ms or 50 ticks behind
[22:57:38] [Server thread/WARN]: Can't keep up! Is the server overloaded? Running 3176ms or 63 ticks behind
[22:58:45] [Server thread/WARN]: Can't keep up! Is the server overloaded? Running 2776ms or 55 ticks behind
[22:59:23] [Server thread/INFO]: Yu_Chei lost connection: Disconnected
[22:59:23] [Server thread/INFO]: Yu_Chei left the game
