[14:14:14] [main/INFO]: Loading for game Minecraft 1.15.2
[14:14:15] [main/INFO]: [FabricLoader] Loading 4 mods: minecraft@1.15.2, carpet-extra@1.3.15, fabricloader@0.7.8+build.189, carpet@1.3.15
[14:14:15] [main/INFO]: SpongePowered MIXIN Subsystem Version=0.8 Source=file:/C:/Server/skimit_survival/fabric-server-launch.jar Service=Knot/Fabric Env=SERVER
[14:14:38] [main/WARN]: Ambiguity between arguments [teleport, destination] and [teleport, targets] with inputs: [Player, 0123, @e, dd12be42-52a9-4a91-a8a1-11c01849e498]
[14:14:38] [main/WARN]: Ambiguity between arguments [teleport, location] and [teleport, destination] with inputs: [0.1 -0.5 .9, 0 0 0]
[14:14:38] [main/WARN]: Ambiguity between arguments [teleport, location] and [teleport, targets] with inputs: [0.1 -0.5 .9, 0 0 0]
[14:14:38] [main/WARN]: Ambiguity between arguments [teleport, targets] and [teleport, destination] with inputs: [Player, 0123, dd12be42-52a9-4a91-a8a1-11c01849e498]
[14:14:38] [main/WARN]: Ambiguity between arguments [teleport, targets, location] and [teleport, targets, destination] with inputs: [0.1 -0.5 .9, 0 0 0]
[14:14:40] [Server thread/INFO]: Starting minecraft server version 1.15.2
[14:14:40] [Server thread/INFO]: Loading properties
[14:14:40] [Server thread/INFO]: Default game type: SURVIVAL
[14:14:40] [Server thread/INFO]: Generating keypair
[14:14:41] [Server thread/INFO]: Starting Minecraft server on *:26565
[14:14:41] [Server thread/INFO]: Using default channel type
[14:14:48] [Server thread/WARN]: **** SERVER IS RUNNING IN OFFLINE/INSECURE MODE!
[14:14:48] [Server thread/WARN]: The server will make no attempt to authenticate usernames. Beware.
[14:14:48] [Server thread/WARN]: While this makes the game possible to play without internet access, it also opens up the ability for hackers to connect with any username they choose.
[14:14:48] [Server thread/WARN]: To change this, set "online-mode" to "true" in the server.properties file.
[14:14:48] [Server thread/INFO]: Preparing level "skimit"
[14:14:49] [Server thread/INFO]: [CM]: loaded setting commandDraw as false from carpet.conf
[14:14:49] [Server thread/INFO]: [CM]: loaded setting rotatorBlock as true from carpet.conf
[14:14:49] [Server thread/INFO]: [CM]: loaded setting combineXPOrbs as true from carpet.conf
[14:14:49] [Server thread/INFO]: [CM]: loaded setting onePlayerSleeping as true from carpet.conf
[14:14:49] [Server thread/INFO]: [CM]: loaded setting portalSuffocationFix as true from carpet.conf
[14:14:49] [Server thread/INFO]: [CM]: loaded setting leadFix as true from carpet.conf
[14:14:49] [Server thread/INFO]: [CM]: loaded setting antiCheatDisabled as true from carpet.conf
[14:14:49] [Server thread/INFO]: [CM]: loaded setting defaultLoggers as tps from carpet.conf
[14:14:49] [Server thread/INFO]: [CM]: loaded setting commandCameramode as false from carpet.conf
[14:14:49] [Server thread/INFO]: [CM]: loaded setting unloadedEntityFix as true from carpet.conf
[14:14:49] [Server thread/INFO]: [CM]: loaded setting ctrlQCraftingFix as true from carpet.conf
[14:14:49] [Server thread/INFO]: [CM]: loaded setting commandTick as false from carpet.conf
[14:14:49] [Server thread/INFO]: Reloading ResourceManager: Default, bukkit
[14:14:53] [Server thread/INFO]: Loaded 6 recipes
[14:14:56] [Server thread/INFO]: Loaded 825 advancements
[14:15:33] [Server thread/INFO]: Preparing start region for dimension minecraft:overworld
[14:15:37] [Server thread/INFO]: Preparing spawn area: 0%
[14:15:37] [Server thread/INFO]: Preparing spawn area: 0%
[14:15:37] [Server thread/INFO]: Preparing spawn area: 0%
[14:15:37] [Server thread/INFO]: Preparing spawn area: 0%
[14:15:37] [Server thread/INFO]: Preparing spawn area: 0%
[14:15:37] [Server thread/INFO]: Preparing spawn area: 0%
[14:15:37] [Server thread/INFO]: Preparing spawn area: 0%
[14:15:37] [Server thread/INFO]: Preparing spawn area: 0%
[14:15:37] [Server thread/INFO]: Preparing spawn area: 0%
[14:15:38] [Server thread/INFO]: Preparing spawn area: 0%
[14:15:38] [Server-Worker-1/INFO]: Preparing spawn area: 0%
[14:15:40] [Server thread/INFO]: Preparing spawn area: 0%
[14:15:40] [Server thread/INFO]: Preparing spawn area: 0%
[14:15:40] [Server thread/INFO]: Preparing spawn area: 0%
[14:15:41] [Server thread/INFO]: Preparing spawn area: 83%
[14:15:41] [Server thread/INFO]: Preparing spawn area: 83%
[14:15:42] [Server thread/INFO]: Time elapsed: 9175 ms
[14:15:42] [Server thread/INFO]: Done (54.176s)! For help, type "help"
[14:15:42] [Server thread/INFO]: Starting remote control listener
[14:15:45] [RCON Listener #1/INFO]: RCON running on 0.0.0.0:25636
[19:04:22] [Server thread/INFO]: yao_di[/127.0.0.1:59648] logged in with entity id 101 at (-370.91917290168556, 69.5625, 498.54538030247863)
[19:04:22] [Server thread/INFO]: yao_di joined the game
[19:04:22] [Server thread/WARN]: Can't keep up! Is the server overloaded? Running 2095ms or 41 ticks behind
[19:05:06] [Server thread/WARN]: Can't keep up! Is the server overloaded? Running 28558ms or 571 ticks behind
[19:06:56] [Server thread/INFO]: yao_di lost connection: Disconnected
[19:06:56] [Server thread/INFO]: yao_di left the game
[21:25:26] [Server thread/INFO]: ChengXi123[/127.0.0.1:64733] logged in with entity id 985 at (-40.03739979614416, 75.0, 236.4586981440747)
[21:25:26] [Server thread/INFO]: ChengXi123 joined the game
[21:26:06] [Server thread/WARN]: Can't keep up! Is the server overloaded? Running 4335ms or 86 ticks behind
[21:26:24] [Server thread/WARN]: Can't keep up! Is the server overloaded? Running 2833ms or 56 ticks behind
[21:26:53] [Server thread/WARN]: Can't keep up! Is the server overloaded? Running 14088ms or 281 ticks behind
[21:27:19] [Server thread/WARN]: Can't keep up! Is the server overloaded? Running 11005ms or 220 ticks behind
[21:28:27] [Server thread/WARN]: Can't keep up! Is the server overloaded? Running 2019ms or 40 ticks behind
[21:28:49] [Server thread/WARN]: Can't keep up! Is the server overloaded? Running 7230ms or 144 ticks behind
[21:29:09] [Server thread/WARN]: Can't keep up! Is the server overloaded? Running 5521ms or 110 ticks behind
[21:29:32] [Server thread/WARN]: Can't keep up! Is the server overloaded? Running 7360ms or 147 ticks behind
[21:29:53] [Server thread/WARN]: Can't keep up! Is the server overloaded? Running 6107ms or 122 ticks behind
[21:30:16] [Server thread/WARN]: Can't keep up! Is the server overloaded? Running 7656ms or 153 ticks behind
[21:31:18] [Server thread/WARN]: Can't keep up! Is the server overloaded? Running 2043ms or 40 ticks behind
[21:31:42] [Server thread/WARN]: Can't keep up! Is the server overloaded? Running 8895ms or 177 ticks behind
[21:32:06] [Server thread/WARN]: Can't keep up! Is the server overloaded? Running 8718ms or 174 ticks behind
[21:32:27] [Server thread/WARN]: Can't keep up! Is the server overloaded? Running 6590ms or 131 ticks behind
[21:32:49] [Server thread/WARN]: Can't keep up! Is the server overloaded? Running 6558ms or 131 ticks behind
[21:33:18] [Server thread/WARN]: Can't keep up! Is the server overloaded? Running 14589ms or 291 ticks behind
[21:33:40] [Server thread/WARN]: Can't keep up! Is the server overloaded? Running 6473ms or 129 ticks behind
[21:34:01] [Server thread/WARN]: Can't keep up! Is the server overloaded? Running 6456ms or 129 ticks behind
[21:34:22] [Server thread/WARN]: Can't keep up! Is the server overloaded? Running 6080ms or 121 ticks behind
[21:38:29] [Server thread/WARN]: Can't keep up! Is the server overloaded? Running 2101ms or 42 ticks behind
[21:39:46] [Server thread/WARN]: Fetching packet for removed entity class_1642['Zombie'/2339, l='skimit', x=-362.41, y=35.35, z=567.07]
[21:39:48] [Server thread/WARN]: Can't keep up! Is the server overloaded? Running 2103ms or 42 ticks behind
[21:40:14] [Server thread/WARN]: Can't keep up! Is the server overloaded? Running 10625ms or 212 ticks behind
[21:40:39] [Server thread/WARN]: Can't keep up! Is the server overloaded? Running 9917ms or 198 ticks behind
[21:40:56] [Server thread/WARN]: Can't keep up! Is the server overloaded? Running 2932ms or 58 ticks behind
[21:51:47] [Server thread/WARN]: Fetching packet for removed entity class_1542['Sand'/6895, l='skimit', x=-5.85, y=115.00, z=29.13]
[21:51:47] [Server thread/WARN]: Fetching packet for removed entity class_1542['Black Concrete Powder'/6896, l='skimit', x=-5.75, y=115.00, z=30.52]
[21:51:58] [Server thread/WARN]: Can't keep up! Is the server overloaded? Running 2082ms or 41 ticks behind
[21:52:04] [Server thread/WARN]: Fetching packet for removed entity class_1642['Zombie'/5053, l='skimit', x=-350.50, y=30.35, z=510.40]
[21:52:24] [Server thread/WARN]: Can't keep up! Is the server overloaded? Running 11253ms or 225 ticks behind
[21:54:55] [Server thread/WARN]: Can't keep up! Is the server overloaded? Running 2084ms or 41 ticks behind
[21:55:15] [Server thread/WARN]: Can't keep up! Is the server overloaded? Running 5005ms or 100 ticks behind
[21:55:39] [Server thread/WARN]: Can't keep up! Is the server overloaded? Running 8952ms or 179 ticks behind
[21:56:01] [Server thread/WARN]: Can't keep up! Is the server overloaded? Running 7258ms or 145 ticks behind
[21:56:23] [Server thread/WARN]: Can't keep up! Is the server overloaded? Running 7283ms or 145 ticks behind
[21:56:42] [Server thread/WARN]: Can't keep up! Is the server overloaded? Running 3365ms or 67 ticks behind
[22:00:59] [Server thread/INFO]: ChengXi123 lost connection: Disconnected
[22:00:59] [Server thread/INFO]: ChengXi123 left the game
[22:14:46] [Server thread/INFO]: WZY0330[/127.0.0.1:50148] logged in with entity id 8882 at (3933.9464517395145, 44.0, 1781.0976640165616)
[22:14:46] [Server thread/INFO]: WZY0330 joined the game
[22:15:05] [Server thread/INFO]: WZY0330 lost connection: Disconnected
[22:15:05] [Server thread/INFO]: WZY0330 left the game
