[18:14:54] [main/INFO]: Loading for game Minecraft 1.16.4
[18:14:54] [ForkJoinPool-1-worker-1/WARN]: The mod "cotton-logging" contains invalid entries in its mod json:
- Unsupported root entry "licence" at line 7 column 12
[18:14:54] [ForkJoinPool-1-worker-1/WARN]: The mod "cotton-config" contains invalid entries in its mod json:
- Unsupported root entry "licence" at line 7 column 12
[18:14:54] [main/WARN]: Warnings were found! 
 - Mod 'BetterF3' (betterf3) recommends version 1.14.6 or later of mod modmenu, which is missing!
	 - You must install version 1.14.6 or later of modmenu.
[18:14:54] [main/INFO]: [FabricLoader] Loading 60 mods: fabric-renderer-api-v1@0.3.3+6a2618f53a, fabric-keybindings-v0@0.2.0+6a2618f53a, fabricloader@0.10.8, fabric-structure-api-v1@1.1.1+f1d8af063a, bbor@2.4-1.16.3, com_github_shevek_parallelgzip@master-SNAPSHOT, lithium@0.6.0, fabric-containers-v0@0.1.8+6a2618f53a, fabric-dimensions-v1@2.0.1+9a6c75813a, fabric-object-builder-api-v1@1.9.2+6a2618f53a, fabric-game-rule-api-v1@1.0.3+a4467d2a3a, fabric-api-base@0.2.0+ab87788d3a, fabric-rendering-data-attachment-v1@0.1.4+6a2618f53a, fabric-textures-v0@1.0.5+6a2618f53a, fabric-rendering-fluids-v1@0.1.12+6a2618f53a, cotton-logging@1.0.0-rc.4, fabric-blockrenderlayer-v1@1.1.4+6a2618f53a, fabric-lifecycle-events-v1@1.2.0+6a2618f53a, fabric-renderer-registries-v1@2.2.0+6a2618f53a, carpet-extra@1.4.16, fabric-loot-tables-v1@1.0.1+6a2618f53a, fabric@0.27.1+1.16, carpet@1.4.20, fabric-particles-v1@0.2.2+6a2618f53a, fabric-networking-v0@0.1.10+6a2618f53a, cotton-config@1.0.0-rc.7, fabric-screen-handler-api-v1@1.1.0+6a2618f53a, minecraft@1.16.4, fabric-networking-blockentity-v0@0.2.5+6a2618f53a, cloth-basic-math@0.5.1, jankson@3.0.0+j1.2.0, fabric-command-api-v1@1.0.9+6a2618f53a, phosphor@0.6.0+build.7, bluemap@1.3.0-snap, fabric-tool-attribute-api-v1@1.2.5+6a2618f53a, fabric-renderer-indigo@0.4.3+6a2618f53a, player-roles@1.2.0, org_apache_commons_commons-compress@1.19, fabric-crash-report-info-v1@0.1.2+b7f9825d3a, fabric-events-interaction-v0@0.4.1+6a2618f53a, fabric-item-api-v1@1.2.0+6a2618f53a, fabric-rendering-v0@1.1.1+6a2618f53a, fabric-rendering-v1@1.4.0+6a2618f53a, fabric-key-binding-api-v1@1.0.1+730711c63a, cloth-config2@4.7.0-unstable, org_tukaani_xz@1.8, fabric-resource-loader-v0@0.3.2+1944f3e03a, fabric-content-registries-v0@0.2.0+e77439c73a, fabric-tag-extensions-v0@1.1.0+e77439c73a, fabric-biome-api-v1@3.1.0+2e23b97c3a, fabric-commands-v0@0.2.0+6a2618f53a, fabric-registry-sync-v0@0.7.1+285766753a, textile_backup@2.0.1-1.16.3, betterf3@1.1.1, fabric-mining-levels-v0@0.1.2+6a2618f53a, fabric-events-lifecycle-v0@0.2.0+6a2618f53a, fabric-models-v0@0.1.1+6a2618f53a, fabric-item-groups-v0@0.2.1+6a2618f53a, fabric-object-builders-v0@0.7.1+6a2618f53a, lithium-api@0.6.0
[18:14:54] [main/WARN]: Mod `com_github_shevek_parallelgzip` (master-SNAPSHOT) does not respect SemVer - comparison support is limited.
[18:14:54] [main/INFO]: SpongePowered MIXIN Subsystem Version=0.8.2 Source=file:/home/container/fabric-server-launch.jar Service=Knot/Fabric Env=SERVER
[18:14:57] [main/WARN]: @Mixin target net/minecraft/class_3898$class_3208 is public in fabric-networking-[18:15:05] [main/INFO]: [Textile Backup] Starting Textile Backup by Szum123321.
[18:15:07] [main/INFO]: Environment: authHost='https://authserver.mojang.com', accountsHost='https://api.mojang.com', sessionHost='https://sessionserver.mojang.com', servicesHost='https://api.minecraftservices.com', name='PROD'
[18:15:08] [main/WARN]: Ambiguity between arguments [bluemap, marker, create, id, map, x] and [bluemap, marker, create, id, map, label] with inputs: [0, -1, -.5, 1.2, .5, -1234.56]
[18:15:08] [main/WARN]: Ambiguity between arguments [bluemap, render, cancel] and [bluemap, render, world|map] with inputs: [cancel]
[18:15:08] [main/WARN]: Ambiguity between arguments [bluemap, render, prioritize] and [bluemap, render, world|map] with inputs: [prioritize]
[18:15:08] [main/WARN]: Ambiguity between arguments [bluemap, render, radius] and [bluemap, render, world|map] with inputs: [0, -123, 123]
[18:15:08] [main/WARN]: Ambiguity between arguments [bluemap, render, radius] and [bluemap, render, x] with inputs: [0, -123, 123]
[18:15:08] [main/WARN]: Ambiguity between arguments [bluemap, render, x] and [bluemap, render, radius] with inputs: [0, -1]
[18:15:08] [main/WARN]: Ambiguity between arguments [bluemap, render, x] and [bluemap, render, world|map] with inputs: [0, -1, -.5, 1.2, .5, -1234.56]
[18:15:08] [main/WARN]: Ambiguity between arguments [teleport, destination] and [teleport, targets] with inputs: [Player, 0123, @e, dd12be42-52a9-4a91-a8a1-11c01849e498]
[18:15:08] [main/WARN]: Ambiguity between arguments [teleport, location] and [teleport, destination] with inputs: [0.1 -0.5 .9, 0 0 0]
[18:15:08] [main/WARN]: Ambiguity between arguments [teleport, location] and [teleport, targets] with inputs: [0.1 -0.5 .9, 0 0 0]
[18:15:08] [main/WARN]: Ambiguity between arguments [teleport, targets] and [teleport, destination] with inputs: [Player, 0123, dd12be42-52a9-4a91-a8a1-11c01849e498]
[18:15:08] [main/WARN]: Ambiguity between arguments [teleport, targets, location] and [teleport, targets, destination] with inputs: [0.1 -0.5 .9, 0 0 0]
[18:15:08] [main/INFO]: Reloading ResourceManager: Default, bukkit, skimit-DataPack, Fabric Tool Attribute API (v1), Player Roles
[18:15:10] [Worker-Main-4/INFO]: Loaded 7 recipes
[18:15:10] [Worker-Main-4/INFO]: Loaded 938 advancements
[18:15:11] [main/INFO]: Applied 0 biome modifications to 0 of 79 new biomes in 3.016 ms
[18:15:11] [main/WARN]: [fabric-registry-sync] Could not find the following registries: minecraft:biome_source_type, minecraft:block_state_provider_type, minecraft:dimension_type, minecraft:structure_piece, minecraft:carver, minecraft:block_placer_type, minecraft:decorator, minecraft:structure_feature, minecraft:surface_builder, minecraft:foliage_placer_type, minecraft:feature, minecraft:tree_decorator_type, minecraft:structure_pool_element, minecraft:biome, minecraft:chunk_generator_type, minecraft:structure_processor
[18:15:11] [main/INFO]: [fabric-registry-sync] Loaded registry data [file 1/4]
[18:15:11] [Server thread/INFO]: Starting minecraft server version 1.16.4
[18:15:11] [Server thread/INFO]: Loading properties
[18:15:11] [Server thread/INFO]: Default game type: SURVIVAL
[18:15:11] [Server thread/INFO]: Generating keypair
[18:15:12] [Server thread/INFO]: Starting Minecraft server on 0.0.0.0:10799
[18:15:12] [Server thread/INFO]: Using epoll channel type
[18:15:12] [Server thread/WARN]: **** SERVER IS RUNNING IN OFFLINE/INSECURE MODE!
[18:15:12] [Server thread/WARN]: The server will make no attempt to authenticate usernames. Beware.
[18:15:12] [Server thread/WARN]: While this makes the game possible to play without internet access, it also opens up the ability for hackers to connect with any username they choose.
[18:15:12] [Server thread/WARN]: To change this, set "online-mode" to "true" in the server.properties file.
[18:15:12] [Server thread/INFO]: Preparing level "world"
[18:15:12] [Server thread/INFO]: [CM]: loaded setting combineXPOrbs as true from carpet.conf
[18:15:12] [Server thread/INFO]: [CM]: loaded setting onePlayerSleeping as true from carpet.conf
[18:15:12] [Server thread/INFO]: [CM]: loaded setting leadFix as true from carpet.conf
[18:15:12] [Server thread/INFO]: [CM]: loaded setting ctrlQCraftingFix as true from carpet.conf
[18:15:12] [Server thread/INFO]: [CM]: loaded setting language as zh_cn from carpet.conf
[18:15:12] [Server thread/INFO]: [CM]: loaded setting commandScriptACE as ops from carpet.conf
[18:15:12] [Server thread/INFO]: [CM]: loaded setting commandTick as true from carpet.conf
[18:15:12] [Server thread/INFO]: [CM]: loaded setting commandDraw as false from carpet.conf
[18:15:12] [Server thread/INFO]: [CM]: loaded setting rotatorBlock as true from carpet.conf
[18:15:12] [Server thread/INFO]: [CM]: loaded setting commandPlayer as ops from carpet.conf
[18:15:12] [Server thread/INFO]: [CM]: loaded setting updateSuppressionCrashFix as true from carpet.conf
[18:15:12] [Server thread/INFO]: [CM]: loaded setting commandScript as true from carpet.conf
[18:15:12] [Server thread/INFO]: [CM]: loaded setting reloadSuffocationFix as true from carpet.conf
[18:15:12] [Server thread/INFO]: [CM]: loaded setting antiCheatDisabled as true from carpet.conf
[18:15:12] [Server thread/INFO]: [CM]: loaded setting commandPing as true from carpet.conf
[18:15:12] [Server thread/INFO]: [CM]: loaded setting scriptsAutoload as true from carpet.conf
[18:15:12] [Server thread/INFO]: [CM]: loaded setting defaultLoggers as tps,mobcaps from carpet.conf
[18:15:12] [Server thread/INFO]: [CM]: loaded setting placementRotationFix as true from carpet.conf
[18:15:12] [Server thread/INFO]: [CM]: loaded setting hopperCounters as true from carpet.conf
[18:15:12] [Server thread/INFO]: [CM]: loaded setting flippinCactus as true from carpet.conf
[18:15:12] [Server thread/INFO]: [CM]: loaded setting lagFreeSpawning as true from carpet.conf
[18:15:13] [Server thread/INFO]: create world dimension: minecraft:overworld (seed: 20190827)
[18:15:13] [Server thread/INFO]: create world dimension: minecraft:the_nether (seed: 20190827)
[18:15:13] [Server thread/INFO]: create world dimension: minecraft:the_end (seed: 20190827)
[18:15:13] [Server thread/INFO]: Preparing start region for dimension minecraft:overworld
[18:15:15] [Server thread/INFO]: Preparing spawn area: 0%
[18:15:15] [Server thread/INFO]: Preparing spawn area: 0%
[18:15:15] [Server thread/INFO]: Preparing spawn area: 0%
[18:15:15] [Server thread/INFO]: Preparing spawn area: 0%
[18:15:15] [Server thread/INFO]: Preparing spawn area: 0%
[18:15:15] [Server thread/INFO]: Preparing spawn area: 0%
[18:15:16] [Server thread/INFO]: Preparing spawn area: 22%
[18:15:16] [Server thread/INFO]: Time elapsed: 3606 ms
[18:15:16] [Server thread/INFO]: world scarpet apps
[18:15:16] [Server thread/INFO]: Done (4.384s)! For help, type "help"
[18:15:16] [Server thread/INFO]: Starting GS4 status listener
[18:15:16] [Server thread/INFO]: Thread Query Listener started
[18:15:16] [Query Listener #1/INFO]: Query running on 0.0.0.0:10799
[18:15:16] [Thread-67/INFO]: Loading BlueMap...
[18:15:17] [Thread-67/INFO]: Loading resources...
[18:15:17] [Thread-68/INFO]: WebServer started.
[18:15:18] [Thread-67/INFO]: Loading bluemap assets (1/3)...
[18:15:19] [Thread-67/INFO]: Loading realms assets (2/3)...
[18:15:19] [Thread-67/INFO]: Loading minecraft assets (3/3)...
[18:15:21] [Server thread/INFO]: No such app found:  restore_scores
[18:15:21] [Thread-67/INFO]: BlueMap loaded!
[18:15:24] [Server thread/INFO]: [Textile Backup] Backup started from: Server Console on: 2020-12-12_18-15-24
[18:15:24] [Server thread/INFO]: Saving server...
[18:15:24] [Server thread/INFO]: [Textile Backup] Saving server...
[18:15:25] [Server thread/INFO]: ThreadedAnvilChunkStorage (world): All chunks are saved
[18:15:25] [Server thread/INFO]: ThreadedAnvilChunkStorage (DIM-1): All chunks are saved
[18:15:25] [Server thread/INFO]: ThreadedAnvilChunkStorage (DIM1): All chunks are saved
[18:15:25] [pool-3-thread-1/INFO]: Starting backup
[18:15:25] [pool-3-thread-1/INFO]: [Textile Backup] Starting backup
[18:15:25] [pool-3-thread-1/INFO]: Starting compression...
[18:15:27] [pool-3-thread-1/ERROR]: [Textile Backup] An exception occurred!
java.util.concurrent.ExecutionException: java.io.IOException: No space left on device
	at java.util.concurrent.FutureTask.report(FutureTask.java:122) ~[?:1.8.0_275]
	at java.util.concurrent.FutureTask.get(FutureTask.java:192) ~[?:1.8.0_275]
	at org.apache.commons.compress.archivers.zip.ParallelScatterZipCreator.writeTo(ParallelScatterZipCreator.java:266) ~[81aa4c64-044a-4389-9110-ae168d8817db.jar:?]
	at net.szum123321.textile_backup.core.create.compressors.ParallelZipCompressor.createArchive(ParallelZipCompressor.java:77) [%5B%E5%A4%87%E4%BB%BD%5Dtextile_backup-2.0.1-1.16.3.jar:?]
	at net.szum123321.textile_backup.core.create.MakeBackupRunnable.run(MakeBackupRunnable.java:76) [%5B%E5%A4%87%E4%BB%BD%5Dtextile_backup-2.0.1-1.16.3.jar:?]
	at java.util.concurrent.Executors$RunnableAdapter.call(Executors.java:511) [?:1.8.0_275]
	at java.util.concurrent.FutureTask.run(FutureTask.java:266) [?:1.8.0_275]
	at java.util.concurrent.ThreadPoolExecutor.runWorker(ThreadPoolExecutor.java:1149) [?:1.8.0_275]
	at java.util.concurrent.ThreadPoolExecutor$Worker.run(ThreadPoolExecutor.java:624) [?:1.8.0_275]
	at java.lang.Thread.run(Thread.java:748) [?:1.8.0_275]
Caused by: java.io.IOException: No space left on device
	at sun.nio.ch.FileDispatcherImpl.write0(Native Method) ~[?:1.8.0_275]
	at sun.nio.ch.FileDispatcherImpl.write(FileDispatcherImpl.java:60) ~[?:1.8.0_275]
	at sun.nio.ch.IOUtil.writeFromNativeBuffer(IOUtil.java:93) ~[?:1.8.0_275]
	at sun.nio.ch.IOUtil.write(IOUtil.java:65) ~[?:1.8.0_275]
	at sun.nio.ch.FileChannelImpl.write(FileChannelImpl.java:211) ~[?:1.8.0_275]
	at java.nio.channels.Channels.writeFullyImpl(Channels.java:78) ~[?:1.8.0_275]
	at java.nio.channels.Channels.writeFully(Channels.java:101) ~[?:1.8.0_275]
	at java.nio.channels.Channels.access$000(Channels.java:61) ~[?:1.8.0_275]
	at java.nio.channels.Channels$1.write(Channels.java:174) ~[?:1.8.0_275]
	at org.apache.commons.compress.parallel.FileBasedScatterGatherBackingStore.writeOut(FileBasedScatterGatherBackingStore.java:65) ~[81aa4c64-044a-4389-9110-ae168d8817db.jar:?]
	at org.apache.commons.compress.archivers.zip.StreamCompressor$ScatterGatherBackingStoreCompressor.writeOut(StreamCompressor.java:291) ~[81aa4c64-044a-4389-9110-ae168d8817db.jar:?]
	at org.apache.commons.compress.archivers.zip.StreamCompressor.writeCounted(StreamCompressor.java:273) ~[81aa4c64-044a-4389-9110-ae168d8817db.jar:?]
	at org.apache.commons.compress.archivers.zip.StreamCompressor.deflate(StreamCompressor.java:264) ~[81aa4c64-044a-4389-9110-ae168d8817db.jar:?]
	at org.apache.commons.compress.archivers.zip.StreamCompressor.deflateUntilInputIsNeeded(StreamCompressor.java:257) ~[81aa4c64-044a-4389-9110-ae168d8817db.jar:?]
	at org.apache.commons.compress.archivers.zip.StreamCompressor.writeDeflated(StreamCompressor.java:238) ~[81aa4c64-044a-4389-9110-ae168d8817db.jar:?]
	at org.apache.commons.compress.archivers.zip.StreamCompressor.write(StreamCompressor.java:205) ~[81aa4c64-044a-4389-9110-ae168d8817db.jar:?]
	at org.apache.commons.compress.archivers.zip.StreamCompressor.deflate(StreamCompressor.java:184) ~[81aa4c64-044a-4389-9110-ae168d8817db.jar:?]
	at org.apache.commons.compress.archivers.zip.ScatterZipOutputStream.addArchiveEntry(ScatterZipOutputStream.java:100) ~[81aa4c64-044a-4389-9110-ae168d8817db.jar:?]
	at org.apache.commons.compress.archivers.zip.ParallelScatterZipCreator$3.call(ParallelScatterZipCreator.java:210) ~[81aa4c64-044a-4389-9110-ae168d8817db.jar:?]
	at org.apache.commons.compress.archivers.zip.ParallelScatterZipCreator$3.call(ParallelScatterZipCreator.java:206) ~[81aa4c64-044a-4389-9110-ae168d8817db.jar:?]
	... 4 more
[18:15:27] [pool-3-thread-1/ERROR]: Something went wrong while compressing files!
[18:15:27] [pool-3-thread-1/INFO]: Compression took: 01.757 seconds.
[18:15:27] [pool-3-thread-1/INFO]: Done!
[18:15:27] [pool-3-thread-1/INFO]: [Textile Backup] Done!
[18:40:54] [Server thread/INFO]: MAXXiaoKui5106[/101.132.153.204:37041] logged in with entity id 77 at (-59.5, 122.0, 521.5)
[18:40:54] [Server thread/INFO]: MAXXiaoKui5106 joined the game
[18:40:54] [Netty Epoll Server IO #3/WARN]: Received invalid identifier in minecraft:register: legacy:fml|hs (Non [a-z0-9/._-] character in path of location: legacy:fml|hs)
[18:40:57] [Server thread/INFO]: ChengXi123[/101.132.153.204:35151] logged in with entity id 335 at (-660.0435330710113, 42.0, 467.5287080452252)
[18:40:57] [Server thread/INFO]: ChengXi123 joined the game
[18:40:57] [Netty Epoll Server IO #4/WARN]: Received invalid identifier in minecraft:register: legacy:fml|hs (Non [a-z0-9/._-] character in path of location: legacy:fml|hs)
[18:40:59] [Netty Epoll Server IO #4/WARN]: Player ChengXi123 joined with another carpet version: 1.4.9+v200815
[18:41:09] [Server thread/INFO]: MAXXiaoKui5106 lost connection: Timed out
[18:41:09] [Server thread/INFO]: MAXXiaoKui5106 left the game
[18:55:43] [Server thread/INFO]: <ChengXi123> 工作台自爆了？
[18:56:25] [Server thread/INFO]: <ChengXi123> 我合成个木板就炸了
[18:57:22] [Server thread/INFO]: <ChengXi123> 固化机刷怪？
[18:57:58] [Server thread/INFO]: <ChengXi123> 没有啊
[18:59:08] [Server thread/INFO]: ChengXi123 lost connection: Disconnected
[18:59:08] [Server thread/INFO]: ChengXi123 left the game
[18:59:12] [Server thread/INFO]: ChengXi123[/101.132.153.204:49143] logged in with entity id 3095 at (-46.6553593347508, 200.0, 236.69999998807907)
[18:59:12] [Server thread/INFO]: ChengXi123 joined the game
[18:59:12] [Netty Epoll Server IO #7/WARN]: Received invalid identifier in minecraft:register: legacy:fml|hs (Non [a-z0-9/._-] character in path of location: legacy:fml|hs)
[18:59:13] [Netty Epoll Server IO #7/WARN]: Player ChengXi123 joined with another carpet version: 1.4.9+v200815
[19:01:08] [Server thread/INFO]: <ChengXi123> 好
[19:01:10] [Server thread/INFO]: ChengXi123 lost connection: Disconnected
[19:01:10] [Server thread/INFO]: ChengXi123 left the game
[19:10:09] [Server thread/INFO]: ChengXi123[/101.132.153.204:45351] logged in with entity id 3371 at (-199.4549786437001, 57.0, 239.8375607715008)
[19:10:09] [Server thread/INFO]: ChengXi123 joined the game
[19:10:09] [Netty Epoll Server IO #3/WARN]: Received invalid identifier in minecraft:register: legacy:fml|hs (Non [a-z0-9/._-] character in path of location: legacy:fml|hs)
[19:10:10] [Netty Epoll Server IO #3/WARN]: Player ChengXi123 joined with another carpet version: 1.4.9+v200815
[19:15:19] [Server thread/INFO]: ChengXi123 fell from a high place
[19:22:55] [Server thread/INFO]: ChengXi123 lost connection: Timed out
[19:22:55] [Server thread/INFO]: ChengXi123 left the game
[19:23:17] [Server thread/INFO]: ChengXi123[/101.132.153.204:54643] logged in with entity id 4054 at (-50.30000001192093, 220.0, 244.02830948853196)
[19:23:17] [Server thread/INFO]: ChengXi123 joined the game
[19:23:17] [Netty Epoll Server IO #1/WARN]: Received invalid identifier in minecraft:register: legacy:fml|hs (Non [a-z0-9/._-] character in path of location: legacy:fml|hs)
[19:23:17] [Netty Epoll Server IO #1/WARN]: Player ChengXi123 joined with another carpet version: 1.4.9+v200815
[19:24:43] [Server thread/INFO]: <ChengXi123> 难道真的是工作台爆炸？
[19:25:18] [Server thread/INFO]: <ChengXi123> 我刚刚合成木板炸了
[19:36:16] [Server thread/WARN]: Fetching packet for removed entity class_1542['Air'/7526, l='ServerLevel[world]', x=-43.50, y=84.00, z=239.50]
[19:45:34] [Server thread/INFO]: ChengXi123 lost connection: Disconnected
[19:45:34] [Server thread/INFO]: ChengXi123 left the game
[20:09:10] [Server thread/INFO]: EDGW[/101.132.153.204:55151] logged in with entity id 8838 at (-306.0240354669157, 42.0, 469.2185793217748)
[20:09:10] [Server thread/INFO]: EDGW joined the game
[20:09:10] [Netty Epoll Server IO #2/WARN]: Received invalid identifier in minecraft:register: legacy:fml|hs (Non [a-z0-9/._-] character in path of location: legacy:fml|hs)
[20:09:24] [Netty Epoll Server IO #2/WARN]: Player EDGW joined with another carpet version: 1.4.11+v200910
[20:15:58] [Server thread/INFO]: <EDGW> .
[20:16:29] [Server thread/INFO]: <EDGW> .
[20:18:34] [Server thread/INFO]: EDGW experienced kinetic energy
[20:27:04] [Server thread/WARN]: Fetching packet for removed entity class_1542['Air'/12069, l='ServerLevel[world]', x=-367.30, y=70.26, z=438.50]
[20:28:24] [Server thread/INFO]: <EDGW> 反正你时间比较多 以后你就在线时造地图画怎样
[20:29:32] [Server thread/INFO]: <EDGW> 投影文件给你 整个地图画大小512*512，以128*128方块为单位造
[20:30:34] [Server thread/INFO]: <EDGW> 因为我是真的时间不够
[20:31:26] [Server thread/INFO]: <EDGW> 你就一天造1/4到1/2幅就好了，我写的那个连点器给你，投影文件给你 很快的
[20:36:28] [Server thread/INFO]: <EDGW> 不清楚 这是造好后第三次了
[20:37:25] [Server thread/INFO]: <EDGW> 半个多月没开了
[20:46:37] [Server thread/WARN]: Fetching packet for removed entity class_1542['Air'/14904, l='ServerLevel[world]', x=-367.30, y=74.26, z=460.50]
[20:48:26] [Server thread/WARN]: Fetching packet for removed entity class_1542['Air'/15113, l='ServerLevel[world]', x=-367.30, y=70.26, z=460.50]
[20:57:02] [Server thread/INFO]: <EDGW> 投影给我看看
[20:57:07] [Server thread/INFO]: <EDGW> 我搞
[20:57:37] [Server thread/INFO]: <EDGW> 之前海底神殿也没时间，我也2天把框架搞起来了
[20:58:06] [Server thread/INFO]: ChengXi123[/101.132.153.204:33935] logged in with entity id 16712 at (-47.17983600408743, 201.0, 236.27595406474205)
[20:58:06] [Server thread/INFO]: ChengXi123 joined the game
[20:58:06] [Netty Epoll Server IO #4/WARN]: Received invalid identifier in minecraft:register: legacy:fml|hs (Non [a-z0-9/._-] character in path of location: legacy:fml|hs)
[20:58:06] [Netty Epoll Server IO #4/WARN]: Player ChengXi123 joined with another carpet version: 1.4.9+v200815
[20:59:06] [Server thread/INFO]: <EDGW> 原来那个粉末分类机改装一下效率够吗
[20:59:15] [Server thread/INFO]: <EDGW> 应该不够吧
[20:59:33] [Server thread/INFO]: <ChengXi123> 粉末那个也是一个漏斗
[20:59:41] [Server thread/INFO]: <EDGW> 也对
[20:59:45] [Server thread/INFO]: <ChengXi123> 但是有装箱
[21:01:27] [Server thread/INFO]: <ChengXi123> 也可以改几个粉末的用来收集混凝土
[21:01:32] [Server thread/INFO]: <EDGW> en
[21:01:40] [Server thread/INFO]: <EDGW> 效率每秒多少
[21:02:35] [Server thread/INFO]: <ChengXi123> 跟那个临时的一样
[21:02:41] [Server thread/INFO]: <EDGW> emmm
[21:02:45] [Server thread/INFO]: <EDGW> 那有啥用
[21:02:53] [Server thread/INFO]: <ChengXi123> 装箱
[21:03:11] [Server thread/INFO]: <EDGW> 这个机器在4号线开工没多久时就造好了
[21:03:18] [Server thread/INFO]: <EDGW> 四号线造了几个月
[21:03:33] [Server thread/INFO]: <EDGW> 3个隧道就花了好几个月
[21:03:57] [Server thread/INFO]: <EDGW> 所以这个临时都过几个月了 肯定得拆掉啊
[21:04:37] [Server thread/INFO]: [EDGW: Triggered [scoreSwitch]]
[21:05:18] [Server thread/INFO]: <ChengXi123> 你要什么颜色的
[21:05:55] [Server thread/INFO]: aka213[/101.132.153.204:46043] logged in with entity id 18808 at (-52.84155904696851, 130.0, 63.17194730380777)
[21:05:55] [Server thread/INFO]: aka213 joined the game
[21:05:55] [Netty Epoll Server IO #4/WARN]: Received invalid identifier in minecraft:register: legacy:fml|hs (Non [a-z0-9/._-] character in path of location: legacy:fml|hs)
[21:05:59] [Netty Epoll Server IO #4/WARN]: Player aka213 joined with another carpet version: 1.4.9+v200815
[21:06:17] [Server thread/INFO]: <aka213> 老铁们我来了
[21:08:24] [Server thread/INFO]: <aka213> 不知道
[21:09:19] [Server thread/INFO]: na2hco3_CN[/101.132.153.204:36869] logged in with entity id 21317 at (-185.6670904371686, 63.0, 527.3857199975185)
[21:09:19] [Server thread/INFO]: na2hco3_CN joined the game
[21:09:19] [Netty Epoll Server IO #1/WARN]: Received invalid identifier in minecraft:register: legacy:fml|hs (Non [a-z0-9/._-] character in path of location: legacy:fml|hs)
[21:09:20] [Netty Epoll Server IO #1/WARN]: Player na2hco3_CN joined with another carpet version: 1.4.8+v200811
[21:09:25] [Server thread/INFO]: <aka213> hi
[21:09:33] [Server thread/INFO]: <na2hco3_CN> 老铁们我来了
[21:10:05] [Server thread/INFO]: <aka213> 你们在干嘛呢
[21:10:10] [Server thread/INFO]: <na2hco3_CN> 摸鱼
[21:10:18] [Server thread/INFO]: <aka213> ?
[21:10:21] [Server thread/INFO]: <ChengXi123> 等回答
[21:10:25] [Server thread/INFO]: <aka213> 刚刚谁偷袭我
[21:10:29] [Server thread/INFO]: <aka213> 不讲武德
[21:10:38] [Server thread/INFO]: <na2hco3_CN> cao
[21:10:40] [Server thread/INFO]: <ChengXi123> 两个年轻人
[21:10:53] [Server thread/INFO]: <aka213> 啊原来是两个年轻人
[21:10:57] [Server thread/INFO]: <aka213> 偷袭我
[21:11:24] [Server thread/INFO]: <aka213> 耗子尾汁
[21:13:06] [Server thread/INFO]: <aka213> na来出生点玩
[21:13:20] [Server thread/INFO]: <na2hco3_CN> oo
[21:14:06] [Server thread/INFO]: <na2hco3_CN> 不讲我的年轻人aka
[21:14:10] [Server thread/INFO]: <na2hco3_CN> 武德
[21:14:12] [Server thread/INFO]: <aka213> az
[21:14:28] [Server thread/INFO]: <aka213> 你们为什么不换搞皮肤
[21:14:42] [Server thread/INFO]: <aka213> 我的工具人已经为我画了圣诞
[21:14:43] [Server thread/INFO]: <na2hco3_CN> 做皮肤有点累
[21:14:45] [Server thread/INFO]: <aka213> dog
[21:14:52] [Server thread/INFO]: <aka213> 夏日dog
[21:14:54] [Server thread/INFO]: <na2hco3_CN> 有一个就行了
[21:15:06] [Server thread/INFO]: <aka213> 过一段时间让搞个春节dog
[21:15:16] [Server thread/INFO]: EDGW was slain by aka213
[21:15:19] [Server thread/INFO]: <aka213> az
[21:15:27] [Server thread/INFO]: <aka213> 死了
[21:15:43] [Server thread/INFO]: <aka213> 我背包满了
[21:15:51] [Server thread/INFO]: <ChengXi123> 打人不要拿武器
[21:15:51] [Server thread/INFO]: <aka213> 你们谁收尸
[21:16:10] [Server thread/INFO]: <na2hco3_CN> az
[21:16:19] [Server thread/INFO]: <aka213> 下去个收尸
[21:17:44] [Server thread/INFO]: <aka213> 下去个收尸
[21:17:45] [Server thread/INFO]: <aka213> 下去个收尸
[21:17:46] [Server thread/INFO]: <aka213> 下去个收尸
[21:17:47] [Server thread/INFO]: <aka213> 下去个收尸
[21:17:48] [Server thread/INFO]: <aka213> 下去个收尸
[21:17:56] [Server thread/INFO]: <ChengXi123> 收了
[21:17:59] [Server thread/INFO]: <aka213> ok
[21:18:44] [Server thread/INFO]: <aka213> na2hco3_CN给你个任务
[21:18:51] [Server thread/INFO]: <na2hco3_CN> ?
[21:19:01] [Server thread/INFO]: <aka213> 帮我造个房子
[21:19:06] [Server thread/INFO]: <na2hco3_CN> ???
[21:19:58] [Server thread/INFO]: <EDGW> 谁把我杀死了???
[21:20:07] [Server thread/INFO]: <aka213> 误伤
[21:20:15] [Server thread/INFO]: <aka213> chengxi收了
[21:20:20] [Server thread/INFO]: <aka213> 你问她要
[21:20:37] [Server thread/INFO]: <aka213> 哦对了
[21:20:42] [Server thread/INFO]: <aka213> 我忘记我有房子了
[21:20:49] [Server thread/INFO]: <na2hco3_CN> ...
[21:20:56] [Server thread/INFO]: <aka213> 我要丛林大别野
[21:20:59] [Server thread/INFO]: <aka213> 谢谢
[21:21:19] [Server thread/INFO]: <aka213> 给你3组星标
[21:21:43] [Server thread/INFO]: <ChengXi123> EDGW你要什么颜色的
[21:22:25] [Server thread/INFO]: <aka213> 下来
[21:22:28] [Server thread/INFO]: <aka213> 下了拜拜
[21:22:29] [Server thread/INFO]: aka213 lost connection: Disconnected
[21:22:29] [Server thread/INFO]: aka213 left the game
[21:24:24] [Server thread/INFO]: ChengXi123 lost connection: Disconnected
[21:24:24] [Server thread/INFO]: ChengXi123 left the game
[21:24:33] [Server thread/INFO]: <na2hco3_CN> az
[21:33:39] [Server thread/WARN]: Fetching packet for removed entity class_1542['Minecart'/27289, l='ServerLevel[world]', x=-326.51, y=42.00, z=462.43]
[21:37:36] [Server thread/INFO]: na2hco3_CN lost connection: Timed out
[21:37:36] [Server thread/INFO]: na2hco3_CN left the game
[21:40:39] [Server thread/INFO]: na2hco3_CN[/101.132.153.204:53287] logged in with entity id 28999 at (-214.82992931269735, 42.0, 467.4911043612597)
[21:40:39] [Server thread/INFO]: na2hco3_CN joined the game
[21:40:39] [Netty Epoll Server IO #1/WARN]: Received invalid identifier in minecraft:register: legacy:fml|hs (Non [a-z0-9/._-] character in path of location: legacy:fml|hs)
[21:40:39] [Netty Epoll Server IO #1/WARN]: Player na2hco3_CN joined with another carpet version: 1.4.8+v200811
[21:41:14] [Server thread/WARN]: Fetching packet for removed entity class_1542['Air'/29214, l='ServerLevel[world]', x=-367.30, y=70.26, z=458.50]
[21:41:17] [Server thread/WARN]: Fetching packet for removed entity class_1542['Air'/29220, l='ServerLevel[world]', x=-367.30, y=70.26, z=478.50]
[21:48:18] [Server thread/INFO]: Scanning for legacy world dragon fight...
[21:48:18] [Server thread/INFO]: Found that the dragon has been killed in this world already.
[21:59:16] [Server thread/INFO]: <na2hco3_CN> az
[21:59:37] [Server thread/INFO]: EDGW lost connection: Disconnected
[21:59:37] [Server thread/INFO]: EDGW left the game
[21:59:42] [Server thread/INFO]: EDGW[/101.132.153.204:36919] logged in with entity id 43754 at (-462.5, 76.0, 492.5)
[21:59:42] [Server thread/INFO]: EDGW joined the game
[21:59:42] [Netty Epoll Server IO #6/WARN]: Received invalid identifier in minecraft:register: legacy:fml|hs (Non [a-z0-9/._-] character in path of location: legacy:fml|hs)
[21:59:44] [Netty Epoll Server IO #6/WARN]: Player EDGW joined with another carpet version: 1.4.11+v200910
[21:59:49] [Server thread/INFO]: EDGW lost connection: Disconnected
[21:59:49] [Server thread/INFO]: EDGW left the game
[22:05:25] [Server thread/INFO]: <na2hco3_CN> 可能得多炸好几遍了
[22:05:42] [Server thread/INFO]: <na2hco3_CN> 水和岩浆可能也变多了
[22:15:43] [Server thread/INFO]: na2hco3_CN lost connection: Disconnected
[22:15:43] [Server thread/INFO]: na2hco3_CN left the game
[22:20:00] [Server thread/INFO]: EDGW[/101.132.153.204:34395] logged in with entity id 47953 at (-462.5, 76.0, 492.5)
[22:20:00] [Server thread/INFO]: EDGW joined the game
[22:20:00] [Netty Epoll Server IO #5/WARN]: Received invalid identifier in minecraft:register: legacy:fml|hs (Non [a-z0-9/._-] character in path of location: legacy:fml|hs)
[22:20:01] [Netty Epoll Server IO #5/WARN]: Player EDGW joined with another carpet version: 1.4.11+v200910
[22:22:48] [Server thread/WARN]: Fetching packet for removed entity class_1542['Air'/48458, l='ServerLevel[world]', x=-367.30, y=70.26, z=438.50]
[22:29:07] [Server thread/INFO]: EDGW was slain by Zombie
[22:36:09] [Server thread/INFO]: <EDGW> 完蛋
[22:40:46] [Server thread/WARN]: Fetching packet for removed entity class_1542['Air'/50661, l='ServerLevel[world]', x=-367.30, y=70.26, z=480.50]
[23:17:55] [Server thread/INFO]: na2hco3_CN[/101.132.153.204:46505] logged in with entity id 55743 at (-175.17342870252426, 72.0, 538.2428726993882)
[23:17:55] [Server thread/INFO]: na2hco3_CN joined the game
[23:17:55] [Netty Epoll Server IO #0/WARN]: Received invalid identifier in minecraft:register: legacy:fml|hs (Non [a-z0-9/._-] character in path of location: legacy:fml|hs)
[23:17:56] [Netty Epoll Server IO #0/WARN]: Player na2hco3_CN joined with another carpet version: 1.4.8+v200811
[23:20:06] [Server thread/INFO]: <na2hco3_CN> 开刷沙机？
[23:21:48] [Server thread/INFO]: <na2hco3_CN> 开着的
[23:22:34] [Server thread/INFO]: <na2hco3_CN> 机器人指令是啥来着
[23:22:56] [Server thread/INFO]: <na2hco3_CN> player好像不行了
[23:24:09] [Server thread/INFO]: <na2hco3_CN> 人
[23:24:11] [Server thread/INFO]: <na2hco3_CN> 呢
[23:39:58] [Server thread/INFO]: <na2hco3_CN> 谁这么缺德
[23:40:14] [Server thread/INFO]: <na2hco3_CN> 末地挖这么多虚空洞
[23:54:24] [Server thread/INFO]: na2hco3_CN lost connection: Disconnected
[23:54:24] [Server thread/INFO]: na2hco3_CN left the game
[23:54:41] [Server thread/INFO]: na2hco3_CN[/101.132.153.204:44199] logged in with entity id 68604 at (-12.413490999340878, 60.0, 0.6428907691153557)
[23:54:41] [Server thread/INFO]: na2hco3_CN joined the game
[23:54:41] [Netty Epoll Server IO #6/WARN]: Received invalid identifier in minecraft:register: legacy:fml|hs (Non [a-z0-9/._-] character in path of location: legacy:fml|hs)
[23:54:42] [Netty Epoll Server IO #6/WARN]: Player na2hco3_CN joined with another carpet version: 1.4.8+v200811
[23:58:48] [Server thread/INFO]: hinvia[/101.132.153.204:35375] logged in with entity id 72604 at (-42.5, 64.0, 239.5)
[23:58:48] [Server thread/INFO]: hinvia joined the game
[23:58:48] [Netty Epoll Server IO #3/WARN]: Received invalid identifier in minecraft:register: legacy:fml|hs (Non [a-z0-9/._-] character in path of location: legacy:fml|hs)
[23:58:54] [Server thread/INFO]: <na2hco3_CN> 这谁
[23:59:17] [Server thread/INFO]: hinvia lost connection: Disconnected
[23:59:17] [Server thread/INFO]: hinvia left the game
