[00:00:00] [Server thread/INFO]: Can only manipulate existing players
[00:00:00] [Server thread/INFO]: Can only manipulate existing players
[00:00:00] [Server thread/INFO]: shuijiao[local] logged in with entity id 1291 at (-41.5, 62.0, 240.5)
[00:00:00] [Server thread/INFO]: shuijiao joined the game
[00:00:00] [Thread-93/INFO]: [STDERR]: java.lang.NullPointerException
[00:00:00] [Thread-93/INFO]: [STDERR]: 	at de.bluecolored.bluemap.common.plugin.skins.PlayerSkin.readTextureUrl(PlayerSkin.java:146)
[00:00:00] [Thread-93/INFO]: [STDERR]: 	at de.bluecolored.bluemap.common.plugin.skins.PlayerSkin.lambda$loadSkin$1(PlayerSkin.java:108)
[00:00:00] [Thread-93/INFO]: [STDERR]: 	at java.base/java.lang.Thread.run(Thread.java:832)
[00:07:40] [Server thread/INFO]: Stopping the server
[00:07:40] [Server thread/INFO]: Unknown or incomplete command, see below for error
[00:07:40] [Server thread/INFO]: end<--[HERE]
[00:07:40] [Server thread/INFO]: Unknown or incomplete command, see below for error
[00:07:40] [Server thread/INFO]: exit<--[HERE]
[00:07:40] [Thread-62/INFO]: WebServer closed.
[00:07:41] [Server thread/INFO]: BlueMap unloaded!
[00:07:41] [Server thread/INFO]: Stopping server
[00:07:41] [Server thread/INFO]: Saving players
[00:07:41] [Server thread/INFO]: MAX_XiaoKui lost connection: Disconnected
[00:07:41] [Server thread/INFO]: MAX_XiaoKui left the game
[00:07:41] [Server thread/INFO]: Saving worlds
[00:07:41] [Server thread/INFO]: Saving chunks for level 'ServerLevel[world]'/minecraft:overworld
[00:07:41] [Server thread/INFO]: ThreadedAnvilChunkStorage (world): All chunks are saved
[00:07:41] [Server thread/INFO]: Saving chunks for level 'ServerLevel[world]'/minecraft:the_nether
[00:07:41] [Server thread/INFO]: ThreadedAnvilChunkStorage (DIM-1): All chunks are saved
[00:07:41] [Server thread/INFO]: Saving chunks for level 'ServerLevel[world]'/minecraft:the_end
[00:07:41] [Server thread/INFO]: ThreadedAnvilChunkStorage (DIM1): All chunks are saved
[00:07:41] [Server thread/INFO]: ThreadedAnvilChunkStorage (world): All chunks are saved
[00:07:41] [Server thread/INFO]: ThreadedAnvilChunkStorage (DIM-1): All chunks are saved
[00:07:41] [Server thread/INFO]: ThreadedAnvilChunkStorage (DIM1): All chunks are saved
[00:07:41] [Server thread/INFO]: [Textile Backup] Backup started by: Server Shutdown on: 2020-09-12_00-07-41
[00:07:41] [Server thread/INFO]: [Textile Backup] Starting backup
[00:07:49] [Server thread/INFO]: [Textile Backup] Done!
[00:07:49] [Server thread/INFO]: Thread RCON Listener stopped
