[05:25:01] [Server thread/INFO]: [Server] 服务器将在5分钟后关闭备份存档，6:01继续开启
[05:30:01] [Server thread/INFO]: Stopping the server
[05:30:01] [Server thread/INFO]: Unknown or incomplete command, see below for error
[05:30:01] [Server thread/INFO]: end<--[HERE]
[05:30:01] [Server thread/INFO]: Unknown or incomplete command, see below for error
[05:30:01] [Server thread/INFO]: exit<--[HERE]
[05:30:01] [Server thread/INFO]: Stopping server
[05:30:01] [Server thread/INFO]: Saving players
[05:30:01] [Server thread/INFO]: Saving worlds
[05:30:01] [Server thread/INFO]: Saving chunks for level 'ServerLevel[world]'/minecraft:overworld
[05:30:01] [Server thread/INFO]: ThreadedAnvilChunkStorage (world): All chunks are saved
[05:30:01] [Server thread/INFO]: Saving chunks for level 'ServerLevel[world]'/minecraft:the_nether
[05:30:01] [Server thread/INFO]: ThreadedAnvilChunkStorage (DIM-1): All chunks are saved
[05:30:01] [Server thread/INFO]: Saving chunks for level 'ServerLevel[world]'/minecraft:the_end
[05:30:01] [Server thread/INFO]: ThreadedAnvilChunkStorage (DIM1): All chunks are saved
[05:30:01] [Server thread/INFO]: Backup started by: SERVER on: 2020-07-13_05-30-01
[05:30:01] [Server thread/INFO]: Saving server...
[05:30:01] [Thread-677/INFO]: Starting backup
[05:30:01] [Thread-677/INFO]: Starting compression...
[05:30:13] [Thread-677/INFO]: Compression took: 11.8036206s
[05:30:13] [Thread-677/INFO]: Deleting: 2020-07-12_05-15-20.zip
[05:30:13] [Thread-677/INFO]: Done!
[05:30:13] [Server thread/INFO]: ThreadedAnvilChunkStorage (world): All chunks are saved
[05:30:13] [Server thread/INFO]: ThreadedAnvilChunkStorage (DIM-1): All chunks are saved
[05:30:13] [Server thread/INFO]: ThreadedAnvilChunkStorage (DIM1): All chunks are saved
[05:30:13] [Server thread/INFO]: Thread RCON Listener stopped
