[17:40:03] [main/INFO]: Loading for game Minecraft 1.16.4
[17:40:05] [ForkJoinPool-1-worker-3/WARN]: The mod "cotton-logging" contains invalid entries in its mod json:
- Unsupported root entry "licence" at line 7 column 12
[17:40:05] [ForkJoinPool-1-worker-3/WARN]: The mod "cotton-config" contains invalid entries in its mod json:
- Unsupported root entry "licence" at line 7 column 12
[17:40:05] [main/WARN]: Warnings were found! 
 - Mod 'BetterF3' (betterf3) recommends version 1.14.6 or later of mod modmenu, which is missing!
	 - You must install version 1.14.6 or later of modmenu.
[17:40:05] [main/INFO]: [FabricLoader] Loading 59 mods: fabric-renderer-api-v1@0.3.3+a4467d2a3a, fabric-keybindings-v0@0.2.0+3fa9f7c53a, fabricloader@0.10.6+build.214, fabric-structure-api-v1@1.1.0+f8ac1db23a, bbor@2.4-1.16.3, com_github_shevek_parallelgzip@master-SNAPSHOT, fabric-containers-v0@0.1.8+045df74f3a, lithium@0.6.0, fabric-object-builder-api-v1@1.9.2+a89534ab3a, fabric-game-rule-api-v1@1.0.3+a4467d2a3a, fabric-api-base@0.2.0+9f0fb4b83a, fabric-rendering-data-attachment-v1@0.1.4+f8ac1db23a, fabric-textures-v0@1.0.5+a4467d2a3a, fabric-rendering-fluids-v1@0.1.12+f8ac1db23a, cotton-logging@1.0.0-rc.4, fabric-blockrenderlayer-v1@1.1.4+c6a8ea893a, fabric-lifecycle-events-v1@1.2.0+74cc3b203a, fabric-renderer-registries-v1@2.2.0+f8ac1db23a, carpet-extra@1.4.16, fabric-loot-tables-v1@1.0.1+432ea1883a, fabric@0.25.7+1.16, carpet@1.4.17, fabric-particles-v1@0.2.2+fb0d9b0e3a, fabric-networking-v0@0.1.10+e00ecb5f3a, cotton-config@1.0.0-rc.7, fabric-networking-blockentity-v0@0.2.5+b50ffc7b3a, minecraft@1.16.4, fabric-screen-handler-api-v1@1.1.0+872498413a, fabric-command-api-v1@1.0.9+a4467d2a3a, jankson@3.0.0+j1.2.0, cloth-basic-math@0.5.1, phosphor@0.6.0+build.7, fabric-tool-attribute-api-v1@1.2.5+c93221003a, bluemap@1.3.0-snap, fabric-renderer-indigo@0.4.3+a4467d2a3a, player-roles@1.1.2, org_apache_commons_commons-compress@1.19, fabric-item-api-v1@1.2.0+f8ac1db23a, fabric-events-interaction-v0@0.4.1+f8ac1db23a, fabric-crash-report-info-v1@0.1.2+b7f9825d3a, fabric-rendering-v0@1.1.1+f8ac1db23a, fabric-key-binding-api-v1@1.0.1+730711c63a, fabric-rendering-v1@1.3.1+f8ac1db23a, cloth-config2@4.7.0-unstable, org_tukaani_xz@1.8, fabric-resource-loader-v0@0.3.2+1944f3e03a, fabric-content-registries-v0@0.1.9+059ea8663a, fabric-tag-extensions-v0@1.0.3+ac8e8c593a, fabric-biome-api-v1@3.0.0+ec7e203b3a, fabric-commands-v0@0.2.0+52d308363a, fabric-registry-sync-v0@0.6.1+a4467d2a3a, textile_backup@2.0.1-1.16.3, fabric-mining-levels-v0@0.1.2+b764ce993a, betterf3@1.1.1, fabric-events-lifecycle-v0@0.2.0+16acbe5b3a, fabric-models-v0@0.1.1+f8ac1db23a, fabric-item-groups-v0@0.2.1+a4467d2a3a, fabric-object-builders-v0@0.7.1+a4467d2a3a, lithium-api@0.6.0
[17:40:05] [main/WARN]: Mod `com_github_shevek_parallelgzip` (master-SNAPSHOT) does not respect SemVer - comparison support is limited.
[17:40:05] [main/INFO]: SpongePowered MIXIN Subsystem Version=0.8.2 Source=file:/srv/survival/fabric-server-launch.jar Service=Knot/Fabric Env=SERVER
[17:40:11] [main/WARN]: @Mixin target net/minecraft/class_3898$class_3208 is public in fabric-networking-[17:40:33] [main/INFO]: [Textile Backup] Starting Textile Backup by Szum123321.
[17:40:37] [main/INFO]: Environment: authHost='https://authserver.mojang.com', accountsHost='https://api.mojang.com', sessionHost='https://sessionserver.mojang.com', servicesHost='https://api.minecraftservices.com', name='PROD'
[17:40:38] [main/WARN]: Ambiguity between arguments [bluemap, marker, create, id, map, x] and [bluemap, marker, create, id, map, label] with inputs: [0, -1, -.5, 1.2, .5, -1234.56]
[17:40:38] [main/WARN]: Ambiguity between arguments [bluemap, render, cancel] and [bluemap, render, world|map] with inputs: [cancel]
[17:40:38] [main/WARN]: Ambiguity between arguments [bluemap, render, prioritize] and [bluemap, render, world|map] with inputs: [prioritize]
[17:40:38] [main/WARN]: Ambiguity between arguments [bluemap, render, radius] and [bluemap, render, world|map] with inputs: [0, -123, 123]
[17:40:38] [main/WARN]: Ambiguity between arguments [bluemap, render, radius] and [bluemap, render, x] with inputs: [0, -123, 123]
[17:40:38] [main/WARN]: Ambiguity between arguments [bluemap, render, x] and [bluemap, render, radius] with inputs: [0, -1]
[17:40:38] [main/WARN]: Ambiguity between arguments [bluemap, render, x] and [bluemap, render, world|map] with inputs: [0, -1, -.5, 1.2, .5, -1234.56]
[17:40:39] [main/WARN]: Ambiguity between arguments [teleport, destination] and [teleport, targets] with inputs: [Player, 0123, @e, dd12be42-52a9-4a91-a8a1-11c01849e498]
[17:40:39] [main/WARN]: Ambiguity between arguments [teleport, location] and [teleport, destination] with inputs: [0.1 -0.5 .9, 0 0 0]
[17:40:39] [main/WARN]: Ambiguity between arguments [teleport, location] and [teleport, targets] with inputs: [0.1 -0.5 .9, 0 0 0]
[17:40:39] [main/WARN]: Ambiguity between arguments [teleport, targets] and [teleport, destination] with inputs: [Player, 0123, dd12be42-52a9-4a91-a8a1-11c01849e498]
[17:40:39] [main/WARN]: Ambiguity between arguments [teleport, targets, location] and [teleport, targets, destination] with inputs: [0.1 -0.5 .9, 0 0 0]
[17:40:39] [main/INFO]: Reloading ResourceManager: Default, bukkit, skimit-DataPack, Fabric Tool Attribute API (v1), Player Roles
[17:40:45] [Worker-Main-2/INFO]: Loaded 7 recipes
[17:40:46] [Worker-Main-2/INFO]: Loaded 927 advancements
[17:40:50] [main/INFO]: Applied 0 biome modifications to 0 of 79 new biomes in 3.665 ms
[17:40:50] [main/WARN]: [fabric-registry-sync] Could not find the following registries: minecraft:biome_source_type, minecraft:block_state_provider_type, minecraft:dimension_type, minecraft:structure_piece, minecraft:carver, minecraft:block_placer_type, minecraft:decorator, minecraft:structure_feature, minecraft:surface_builder, minecraft:foliage_placer_type, minecraft:feature, minecraft:tree_decorator_type, minecraft:structure_pool_element, minecraft:biome, minecraft:chunk_generator_type, minecraft:structure_processor
[17:40:50] [main/INFO]: [fabric-registry-sync] Loaded registry data [file 1/4]
[17:40:50] [Server thread/INFO]: Starting minecraft server version 1.16.4
[17:40:50] [Server thread/INFO]: Loading properties
[17:40:50] [Server thread/INFO]: Default game type: SURVIVAL
[17:40:50] [Server thread/INFO]: Generating keypair
[17:40:51] [Server thread/INFO]: Starting Minecraft server on *:34268
[17:40:51] [Server thread/INFO]: Using epoll channel type
[17:40:52] [Server thread/WARN]: **** SERVER IS RUNNING IN OFFLINE/INSECURE MODE!
[17:40:52] [Server thread/WARN]: The server will make no attempt to authenticate usernames. Beware.
[17:40:52] [Server thread/WARN]: While this makes the game possible to play without internet access, it also opens up the ability for hackers to connect with any username they choose.
[17:40:52] [Server thread/WARN]: To change this, set "online-mode" to "true" in the server.properties file.
[17:40:52] [Server thread/INFO]: Preparing level "world"
[17:40:52] [Server thread/INFO]: [CM]: loaded setting combineXPOrbs as true from carpet.conf
[17:40:52] [Server thread/INFO]: [CM]: loaded setting onePlayerSleeping as true from carpet.conf
[17:40:52] [Server thread/INFO]: [CM]: loaded setting leadFix as true from carpet.conf
[17:40:52] [Server thread/INFO]: [CM]: loaded setting ctrlQCraftingFix as true from carpet.conf
[17:40:52] [Server thread/INFO]: [CM]: loaded setting language as zh_cn from carpet.conf
[17:40:52] [Server thread/INFO]: [CM]: loaded setting commandTick as true from carpet.conf
[17:40:52] [Server thread/INFO]: [CM]: loaded setting commandDraw as false from carpet.conf
[17:40:52] [Server thread/INFO]: [CM]: loaded setting fastRedstoneDust as true from carpet.conf
[17:40:52] [Server thread/INFO]: [CM]: loaded setting rotatorBlock as true from carpet.conf
[17:40:52] [Server thread/INFO]: [CM]: loaded setting commandPlayer as true from carpet.conf
[17:40:52] [Server thread/INFO]: [CM]: loaded setting updateSuppressionCrashFix as true from carpet.conf
[17:40:52] [Server thread/INFO]: [CM]: loaded setting reloadSuffocationFix as true from carpet.conf
[17:40:52] [Server thread/INFO]: [CM]: loaded setting antiCheatDisabled as true from carpet.conf
[17:40:52] [Server thread/INFO]: [CM]: loaded setting commandPing as true from carpet.conf
[17:40:52] [Server thread/INFO]: [CM]: loaded setting defaultLoggers as tps,mobcaps from carpet.conf
[17:40:52] [Server thread/INFO]: [CM]: loaded setting placementRotationFix as true from carpet.conf
[17:40:52] [Server thread/INFO]: [CM]: loaded setting hopperCounters as true from carpet.conf
[17:40:52] [Server thread/INFO]: [CM]: loaded setting flippinCactus as true from carpet.conf
[17:40:52] [Server thread/INFO]: [CM]: loaded setting lagFreeSpawning as true from carpet.conf
[17:40:54] [Server thread/INFO]: create world dimension: minecraft:overworld (seed: 20190827)
[17:40:54] [Server thread/INFO]: create world dimension: minecraft:the_nether (seed: 20190827)
[17:40:54] [Server thread/INFO]: create world dimension: minecraft:the_end (seed: 20190827)
[17:40:54] [Server thread/INFO]: Preparing start region for dimension minecraft:overworld
[17:41:03] [Server thread/INFO]: Preparing spawn area: 0%
[17:41:03] [Server thread/INFO]: Preparing spawn area: 0%
[17:41:03] [Server thread/INFO]: Preparing spawn area: 0%
[17:41:03] [Server thread/INFO]: Preparing spawn area: 0%
[17:41:03] [Server thread/INFO]: Preparing spawn area: 0%
[17:41:03] [Server thread/INFO]: Preparing spawn area: 0%
[17:41:03] [Server thread/INFO]: Preparing spawn area: 0%
[17:41:03] [Server thread/INFO]: Preparing spawn area: 0%
[17:41:03] [Server thread/INFO]: Preparing spawn area: 0%
[17:41:03] [Server thread/INFO]: Preparing spawn area: 0%
[17:41:03] [Server thread/INFO]: Preparing spawn area: 0%
[17:41:03] [Server thread/INFO]: Preparing spawn area: 0%
[17:41:03] [Server thread/INFO]: Preparing spawn area: 0%
[17:41:03] [Server thread/INFO]: Preparing spawn area: 0%
[17:41:03] [Server thread/INFO]: Preparing spawn area: 0%
[17:41:03] [Server thread/INFO]: Preparing spawn area: 0%
[17:41:03] [Server thread/INFO]: Preparing spawn area: 0%
[17:41:03] [Server thread/INFO]: Preparing spawn area: 0%
[17:41:03] [Server thread/INFO]: Preparing spawn area: 0%
[17:41:04] [Server thread/INFO]: Preparing spawn area: 0%
[17:41:04] [Server thread/INFO]: Preparing spawn area: 0%
[17:41:05] [Server thread/INFO]: Preparing spawn area: 83%
[17:41:06] [Server thread/INFO]: Time elapsed: 12130 ms
[17:41:06] [Server thread/INFO]: Done (14.156s)! For help, type "help"
[17:41:06] [Server thread/INFO]: Starting remote control listener
[17:41:06] [Server thread/INFO]: Thread RCON Listener started
[17:41:06] [Server thread/INFO]: RCON running on 0.0.0.0:796
[17:41:07] [Thread-67/INFO]: Loading BlueMap...
[17:41:07] [Thread-67/INFO]: Loading resources...
[17:41:07] [Thread-68/INFO]: WebServer started.
[17:41:09] [Server thread/WARN]: Can't keep up! Is the server overloaded? Running 2020ms or 40 ticks behind
[17:41:12] [Thread-67/INFO]: Loading bluemap assets (1/3)...
[17:41:13] [Thread-67/INFO]: Loading realms assets (2/3)...
[17:41:14] [Thread-67/INFO]: Loading minecraft assets (3/3)...
[17:41:19] [Thread-67/INFO]: BlueMap loaded!
[17:41:28] [Server thread/INFO]: Aod_lcy[/127.0.0.1:53361] logged in with entity id 174 at (1361.256421564131, 30.0, 1408.8184401518922)
[17:41:28] [Server thread/INFO]: Aod_lcy joined the game
[17:41:28] [Netty Epoll Server IO #1/WARN]: Received invalid identifier in minecraft:register: legacy:fml|hs (Non [a-z0-9/._-] character in path of location: legacy:fml|hs)
[17:41:29] [Server thread/WARN]: Can't keep up! Is the server overloaded? Running 2004ms or 40 ticks behind
[17:41:47] [Server thread/INFO]: Scanning for legacy world dragon fight...
[17:41:47] [Server thread/INFO]: Found that the dragon has been killed in this world already.
[17:41:51] [Server thread/WARN]: Can't keep up! Is the server overloaded? Running 7317ms or 146 ticks behind
[17:42:00] [Server thread/INFO]: Can only manipulate existing players
[17:42:00] [Server thread/INFO]: Can only manipulate existing players
[17:44:00] [Server thread/INFO]: Can only manipulate existing players
[17:44:00] [Server thread/INFO]: Can only manipulate existing players
[17:46:00] [Server thread/INFO]: Can only manipulate existing players
[17:46:00] [Server thread/INFO]: Can only manipulate existing players
[17:48:00] [Server thread/INFO]: Can only manipulate existing players
[17:48:00] [Server thread/INFO]: Can only manipulate existing players
[17:50:00] [Server thread/INFO]: Can only manipulate existing players
[17:50:00] [Server thread/INFO]: Can only manipulate existing players
[17:50:00] [Server thread/INFO]: shuijiao[local] logged in with entity id 4261 at (-42.5, 61.0, 240.5)
[17:50:00] [Server thread/INFO]: shuijiao joined the game
[17:59:36] [Server thread/WARN]: Trying to add entity with duplicated UUID e6d6ae1b-fd63-45e9-ac65-4097e9910bc8. Existing minecraft:enderman#8550, new: minecraft:enderman#8595
[17:59:36] [Server thread/WARN]: Trying to add entity with duplicated UUID 26ddbd73-51c4-416a-a357-1873ae9d1e84. Existing minecraft:enderman#8551, new: minecraft:enderman#8599
[17:59:36] [Server thread/WARN]: Trying to add entity with duplicated UUID 64c8218d-381d-79cd-54a2-30a2cccf6411. Existing minecraft:zombie#8556, new: minecraft:zombie#8613
[17:59:39] [Server thread/WARN]: Trying to add entity with duplicated UUID 493eab32-39be-4311-b387-311727fdcf88. Existing minecraft:enderman#8701, new: minecraft:enderman#8766
[18:00:00] [Server thread/INFO]: Player shuijiao is already logged on
[18:02:10] [Server thread/WARN]: Can't keep up! Is the server overloaded? Running 49448ms or 988 ticks behind
[18:02:11] [Server thread/INFO]: Aod_lcy lost connection: Disconnected
[18:02:11] [Server thread/INFO]: Aod_lcy left the game
[18:03:14] [Server thread/WARN]: Fetching packet for removed entity class_1542['Air'/10195, l='ServerLevel[world]', x=-86.05, y=7.00, z=279.94]
[18:10:00] [Server thread/INFO]: Player shuijiao is already logged on
[18:16:46] [Server thread/WARN]: Fetching packet for removed entity class_1542['Air'/11641, l='ServerLevel[world]', x=-88.01, y=7.00, z=281.95]
[18:20:00] [Server thread/INFO]: Player shuijiao is already logged on
[18:30:00] [Server thread/INFO]: Player shuijiao is already logged on
[18:40:00] [Server thread/INFO]: Player shuijiao is already logged on
[18:50:00] [Server thread/INFO]: Player shuijiao is already logged on
[19:00:00] [Server thread/INFO]: Player shuijiao is already logged on
[19:10:00] [Server thread/INFO]: Player shuijiao is already logged on
[19:13:46] [Server thread/WARN]: Can't keep up! Is the server overloaded? Running 10292ms or 205 ticks behind
[19:14:13] [Server thread/WARN]: Can't keep up! Is the server overloaded? Running 13825ms or 276 ticks behind
[19:14:51] [Server thread/WARN]: Can't keep up! Is the server overloaded? Running 22499ms or 449 ticks behind
[19:15:15] [Server thread/WARN]: Can't keep up! Is the server overloaded? Running 3132ms or 62 ticks behind
[19:16:07] [Server thread/WARN]: Can't keep up! Is the server overloaded? Running 37411ms or 748 ticks behind
[19:16:50] [Server thread/WARN]: Can't keep up! Is the server overloaded? Running 26947ms or 538 ticks behind
[19:19:13] [Server Watchdog/FATAL]: A single server tick took 60.15 seconds (should be max 0.05)
[19:19:55] [Server Watchdog/FATAL]: Considering it to be crashed, server will forcibly shutdown.
