[00:51:30] [Server thread/INFO]: Player shuijiao is already logged on
[01:51:30] [Server thread/INFO]: Player shuijiao is already logged on
[02:51:31] [Server thread/INFO]: Player shuijiao is already logged on
[03:51:31] [Server thread/INFO]: Player shuijiao is already logged on
[04:51:29] [Server thread/INFO]: Player shuijiao is already logged on
[05:51:30] [Server thread/INFO]: Player shuijiao is already logged on
[06:51:31] [Server thread/INFO]: Player shuijiao is already logged on
[07:51:31] [Server thread/INFO]: Player shuijiao is already logged on
[07:57:57] [Server thread/INFO]: ChengXi123[/101.132.153.204:36321] logged in with entity id 97193 at (-419.27077568885863, 71.0, 533.3579372136305)
[07:57:57] [Server thread/INFO]: ChengXi123 joined the game
[07:57:57] [Netty Epoll Server IO #6/WARN]: Received invalid identifier in minecraft:register: legacy:fml|hs (Non [a-z0-9/._-] character in path of location: legacy:fml|hs)
[07:57:57] [Server thread/INFO]: ChengXi123 lost connection: Disconnected
[07:57:57] [Server thread/INFO]: ChengXi123 left the game
[08:51:28] [Server thread/INFO]: Player shuijiao is already logged on
[09:51:28] [Server thread/INFO]: Player shuijiao is already logged on
[10:14:59] [Server thread/INFO]: wuhao[/101.132.153.204:45247] logged in with entity id 98402 at (-139.98844886840243, 77.0, 446.491705496019)
[10:14:59] [Server thread/INFO]: wuhao joined the game
[10:14:59] [Netty Epoll Server IO #5/WARN]: Received invalid identifier in minecraft:register: legacy:fml|hs (Non [a-z0-9/._-] character in path of location: legacy:fml|hs)
[10:15:01] [Netty Epoll Server IO #5/WARN]: Player wuhao joined with another carpet version: 1.4.11+v200910
[10:15:40] [Server thread/INFO]: wuhao lost connection: Disconnected
[10:15:40] [Server thread/INFO]: wuhao left the game
[10:51:28] [Server thread/INFO]: Player shuijiao is already logged on
[11:24:50] [Server thread/INFO]: Disconnecting com.mojang.authlib.GameProfile@3f4c08a[id=87f258cc-a679-30f0-af86-012fde26534d,name=Dream__long,properties={},legacy=false] (/101.132.153.204:36309): You are not white-listed on this server!
[11:24:50] [Server thread/INFO]: com.mojang.authlib.GameProfile@3f4c08a[id=87f258cc-a679-30f0-af86-012fde26534d,name=Dream__long,properties={},legacy=false] (/101.132.153.204:36309) lost connection: You are not white-listed on this server!
[11:25:00] [Server thread/INFO]: Disconnecting com.mojang.authlib.GameProfile@3214d9fd[id=87f258cc-a679-30f0-af86-012fde26534d,name=Dream__long,properties={},legacy=false] (/101.132.153.204:56013): You are not white-listed on this server!
[11:25:00] [Server thread/INFO]: com.mojang.authlib.GameProfile@3214d9fd[id=87f258cc-a679-30f0-af86-012fde26534d,name=Dream__long,properties={},legacy=false] (/101.132.153.204:56013) lost connection: You are not white-listed on this server!
[11:51:28] [Server thread/INFO]: Player shuijiao is already logged on
[12:51:29] [Server thread/INFO]: Player shuijiao is already logged on
[13:32:21] [Server thread/INFO]: Disconnecting com.mojang.authlib.GameProfile@419d5c36[id=87f258cc-a679-30f0-af86-012fde26534d,name=Dream__long,properties={},legacy=false] (/101.132.153.204:43817): You are not white-listed on this server!
[13:32:21] [Server thread/INFO]: com.mojang.authlib.GameProfile@419d5c36[id=87f258cc-a679-30f0-af86-012fde26534d,name=Dream__long,properties={},legacy=false] (/101.132.153.204:43817) lost connection: You are not white-listed on this server!
[13:51:28] [Server thread/INFO]: Player shuijiao is already logged on
[14:51:27] [Server thread/INFO]: Player shuijiao is already logged on
[15:51:27] [Server thread/INFO]: Player shuijiao is already logged on
[15:54:23] [Server thread/INFO]: wuhao[/101.132.153.204:35199] logged in with entity id 102281 at (-139.65416242934316, 77.0, 455.3846240244294)
[15:54:23] [Server thread/INFO]: wuhao joined the game
[15:54:23] [Netty Epoll Server IO #6/WARN]: Received invalid identifier in minecraft:register: legacy:fml|hs (Non [a-z0-9/._-] character in path of location: legacy:fml|hs)
[15:54:25] [Netty Epoll Server IO #6/WARN]: Player wuhao joined with another carpet version: 1.4.11+v200910
[16:03:28] [Server thread/INFO]: Scanning for legacy world dragon fight...
[16:03:28] [Server thread/INFO]: Found that the dragon has been killed in this world already.
[16:24:09] [Server thread/WARN]: Unable to resolve BlockEntity for ItemStack: minecraft:bee_nest
[16:24:25] [Server thread/INFO]: wuhao fell from a high place
[16:24:37] [Server thread/INFO]: wuhao lost connection: Disconnected
[16:24:37] [Server thread/INFO]: wuhao left the game
[16:24:54] [Server thread/INFO]: wuhao[/101.132.153.204:53937] logged in with entity id 110088 at (-98.43845415115165, 68.0, 385.6229035757373)
[16:24:54] [Server thread/INFO]: wuhao joined the game
[16:24:54] [Netty Epoll Server IO #4/WARN]: Received invalid identifier in minecraft:register: legacy:fml|hs (Non [a-z0-9/._-] character in path of location: legacy:fml|hs)
[16:24:55] [Netty Epoll Server IO #4/WARN]: Player wuhao joined with another carpet version: 1.4.11+v200910
[16:32:14] [Server thread/INFO]: wuhao has completed the challenge [Subspace Bubble]
[16:35:33] [Server thread/INFO]: <wuhao> 。。。那个早没了
[16:36:21] [Server thread/WARN]: Fetching packet for removed entity class_1542['Lever'/115735, l='ServerLevel[world]', x=-7085.59, y=4.69, z=-6907.73]
[16:49:37] [Server thread/WARN]: Fetching packet for removed entity class_1542['Lever'/117546, l='ServerLevel[world]', x=-7085.41, y=4.65, z=-6913.27]
[16:51:29] [Server thread/INFO]: Player shuijiao is already logged on
[16:54:22] [Server thread/WARN]: Fetching packet for removed entity class_1542['Torch'/118210, l='ServerLevel[world]', x=-7080.25, y=4.50, z=-6910.26]
[16:55:15] [Server thread/WARN]: Fetching packet for removed entity class_1542['Torch'/118355, l='ServerLevel[world]', x=-7093.64, y=4.51, z=-6917.63]
[16:56:24] [Server thread/WARN]: Fetching packet for removed entity class_1542['Lever'/118520, l='ServerLevel[world]', x=-7091.29, y=4.72, z=-6912.58]
[17:01:41] [Server thread/WARN]: Fetching packet for removed entity class_1542['Lever'/119317, l='ServerLevel[world]', x=-7091.64, y=4.31, z=-6913.45]
[17:02:04] [Server thread/WARN]: Fetching packet for removed entity class_1542['Lever'/119382, l='ServerLevel[world]', x=-7091.72, y=4.54, z=-6913.33]
[17:02:04] [Server thread/WARN]: Fetching packet for removed entity class_1542['Cobblestone'/119383, l='ServerLevel[world]', x=-7091.45, y=3.67, z=-6913.64]
[17:02:44] [Server thread/WARN]: Fetching packet for removed entity class_1542['Torch'/119491, l='ServerLevel[world]', x=-7089.37, y=2.40, z=-6913.32]
[17:06:55] [Server thread/WARN]: Fetching packet for removed entity class_1542['Lever'/120069, l='ServerLevel[world]', x=-7091.63, y=4.32, z=-6913.42]
[17:07:41] [Server thread/WARN]: Fetching packet for removed entity class_1542['Lever'/120191, l='ServerLevel[world]', x=-7089.71, y=4.37, z=-6913.45]
[17:07:41] [Server thread/WARN]: Fetching packet for removed entity class_1542['Torch'/120192, l='ServerLevel[world]', x=-7094.40, y=3.28, z=-6913.60]
[17:11:13] [Server thread/WARN]: Fetching packet for removed entity class_1542['Lever'/120700, l='ServerLevel[world]', x=-7084.55, y=4.73, z=-6911.59]
[17:13:21] [Server thread/WARN]: Fetching packet for removed entity class_1542['Lever'/121039, l='ServerLevel[world]', x=-7087.52, y=4.63, z=-6910.56]
[17:13:54] [Server thread/WARN]: Fetching packet for removed entity class_1542['Lever'/121149, l='ServerLevel[world]', x=-7087.64, y=4.68, z=-6910.48]
[17:13:54] [Server thread/WARN]: Fetching packet for removed entity class_1542['Cobblestone'/121150, l='ServerLevel[world]', x=-7087.42, y=3.51, z=-6910.53]
[17:14:32] [Server thread/WARN]: Fetching packet for removed entity class_1542['Lever'/121235, l='ServerLevel[world]', x=-7087.44, y=4.58, z=-6910.37]
[17:16:19] [Server thread/WARN]: Fetching packet for removed entity class_1542['Torch'/121525, l='ServerLevel[world]', x=-7086.58, y=2.63, z=-6917.28]
[17:16:19] [Server thread/WARN]: Fetching packet for removed entity class_1542['Cobblestone'/121526, l='ServerLevel[world]', x=-7088.44, y=2.70, z=-6912.41]
[17:17:01] [Server thread/WARN]: Fetching packet for removed entity class_1542['Torch'/121641, l='ServerLevel[world]', x=-7086.32, y=2.70, z=-6910.39]
[17:17:01] [Server thread/WARN]: Fetching packet for removed entity class_1542['Cobblestone'/121642, l='ServerLevel[world]', x=-7088.52, y=2.59, z=-6911.60]
[17:17:01] [Server thread/WARN]: Fetching packet for removed entity class_1542['Lever'/121643, l='ServerLevel[world]', x=-7087.64, y=2.64, z=-6912.30]
[17:17:35] [Server thread/INFO]: wuhao lost connection: Disconnected
[17:17:35] [Server thread/INFO]: wuhao left the game
[17:51:29] [Server thread/INFO]: Player shuijiao is already logged on
[18:51:28] [Server thread/INFO]: Player shuijiao is already logged on
[19:24:46] [Server thread/INFO]: Disconnecting com.mojang.authlib.GameProfile@50669ea6[id=86e131a2-26b5-3745-a946-98d803398295,name=xiaoxiaorui,properties={},legacy=false] (/101.132.153.204:58041): You are not white-listed on this server!
[19:24:46] [Server thread/INFO]: com.mojang.authlib.GameProfile@50669ea6[id=86e131a2-26b5-3745-a946-98d803398295,name=xiaoxiaorui,properties={},legacy=false] (/101.132.153.204:58041) lost connection: You are not white-listed on this server!
[19:25:03] [Server thread/INFO]: Disconnecting com.mojang.authlib.GameProfile@711dd2c8[id=86e131a2-26b5-3745-a946-98d803398295,name=xiaoxiaorui,properties={},legacy=false] (/101.132.153.204:37941): You are not white-listed on this server!
[19:25:03] [Server thread/INFO]: com.mojang.authlib.GameProfile@711dd2c8[id=86e131a2-26b5-3745-a946-98d803398295,name=xiaoxiaorui,properties={},legacy=false] (/101.132.153.204:37941) lost connection: You are not white-listed on this server!
[19:28:22] [Server thread/INFO]: Disconnecting com.mojang.authlib.GameProfile@6d1e769a[id=86e131a2-26b5-3745-a946-98d803398295,name=xiaoxiaorui,properties={},legacy=false] (/101.132.153.204:58581): You are not white-listed on this server!
[19:28:22] [Server thread/INFO]: com.mojang.authlib.GameProfile@6d1e769a[id=86e131a2-26b5-3745-a946-98d803398295,name=xiaoxiaorui,properties={},legacy=false] (/101.132.153.204:58581) lost connection: You are not white-listed on this server!
[19:37:09] [Server thread/INFO]: Disconnecting com.mojang.authlib.GameProfile@5638c421[id=86e131a2-26b5-3745-a946-98d803398295,name=xiaoxiaorui,properties={},legacy=false] (/101.132.153.204:43733): You are not white-listed on this server!
[19:37:09] [Server thread/INFO]: com.mojang.authlib.GameProfile@5638c421[id=86e131a2-26b5-3745-a946-98d803398295,name=xiaoxiaorui,properties={},legacy=false] (/101.132.153.204:43733) lost connection: You are not white-listed on this server!
[19:38:44] [Server thread/INFO]: Added xiaoxiaorui to the whitelist
[19:39:25] [Server thread/INFO]: xiaoxiaorui[/101.132.153.204:36575] logged in with entity id 123032 at (-42.5, 64.0, 239.5)
[19:39:25] [Server thread/INFO]: xiaoxiaorui joined the game
[19:39:25] [Netty Epoll Server IO #2/WARN]: Received invalid identifier in minecraft:register: legacy:fml|hs (Non [a-z0-9/._-] character in path of location: legacy:fml|hs)
[19:39:26] [Netty Epoll Server IO #2/WARN]: Player xiaoxiaorui joined with another carpet version: 1.4.17+v201111
[19:43:35] [Server thread/INFO]: xiaoxiaorui lost connection: Disconnected
[19:43:35] [Server thread/INFO]: xiaoxiaorui left the game
[19:46:31] [Server thread/INFO]: xiaoxiaorui[/101.132.153.204:49753] logged in with entity id 123261 at (-78.33137368976813, 70.0, 382.84917215561006)
[19:46:31] [Server thread/INFO]: xiaoxiaorui joined the game
[19:46:31] [Netty Epoll Server IO #4/WARN]: Received invalid identifier in minecraft:register: legacy:fml|hs (Non [a-z0-9/._-] character in path of location: legacy:fml|hs)
[19:46:31] [Netty Epoll Server IO #4/WARN]: Player xiaoxiaorui joined with another carpet version: 1.4.17+v201111
[19:46:52] [Server thread/INFO]: xiaoxiaorui has made the advancement [Sweet Dreams]
[19:47:46] [Server thread/INFO]: [xiaoxiaorui: Triggered [config] (set value to 1478966210)]
[19:47:52] [Server thread/INFO]: [xiaoxiaorui: Triggered [config] (set value to 1838019371)]
[19:47:54] [Server thread/INFO]: [xiaoxiaorui: Triggered [config] (set value to 1838019379)]
[19:48:00] [Server thread/INFO]: [xiaoxiaorui: Triggered [config] (set value to 1838019375)]
[19:51:29] [Server thread/INFO]: Player shuijiao is already logged on
[19:52:10] [Server thread/INFO]: [xiaoxiaorui: Triggered [config] (set value to 1838019372)]
[19:55:39] [Server thread/INFO]: xiaoxiaorui has made the advancement [Take Aim]
[19:59:58] [Server thread/INFO]: xiaoxiaorui has made the advancement [Acquire Hardware]
[20:00:19] [Server thread/INFO]: xiaoxiaorui lost connection: Disconnected
[20:00:19] [Server thread/INFO]: xiaoxiaorui left the game
[20:51:26] [Server thread/INFO]: Player shuijiao is already logged on
[21:51:27] [Server thread/INFO]: Player shuijiao is already logged on
[22:51:27] [Server thread/INFO]: Player shuijiao is already logged on
[23:51:27] [Server thread/INFO]: Player shuijiao is already logged on
