[06:01:07] [main/INFO]: Loading for game Minecraft 1.15.2
[06:01:11] [main/WARN]: Mod `jankson` (2.0.0+j1.2.0) uses 'requires' key in fabric.mod.json, which is not supported - use 'depends'
[06:01:11] [main/INFO]: [FabricLoader] Loading 40 mods: minecraft@1.15.2, fabric-networking-blockentity-v0@0.2.3+e08a73050c, fabric-renderer-api-v1@0.2.10+f08b61330c, fabric-keybindings-v0@0.1.1+dfdb52d60c, jankson@2.0.0+j1.2.0, fabricloader@0.7.8+build.189, fabric-renderer-indigo@0.2.23+9290e2ed0c, fabric-containers-v0@0.1.3+b7f9825d0c, fabric-dimensions-v1@0.3.0+2ad156310c, org_apache_commons_commons-compress@1.9, fabric-biomes-v1@0.1.5+3b05f68e0c, fabric-events-interaction-v0@0.3.0+fac69e320c, fabric-crash-report-info-v1@0.1.2+b7f9825d0c, fabric-api-base@0.1.2+b7f9825d0c, fabric-rendering-v0@1.1.0+534104900c, fabric-rendering-v1@0.1.0+534104900c, fabric-rendering-data-attachment-v1@0.1.3+b7f9825d0c, fabric-resource-loader-v0@0.1.10+06c939b30c, fabric-textures-v0@1.0.4+821cdba70c, fabric-content-registries-v0@0.1.3+b7f9825d0c, fabric-tag-extensions-v0@0.1.3+abd915800c, fabric-rendering-fluids-v1@0.1.6+12515ed90c, fabric-commands-v0@0.1.2+b7f9825d0c, fabric-registry-sync-v0@0.2.6+f3d8141b0c, cotton-logging@1.0.0-rc.4, fabric-blockrenderlayer-v1@1.1.4+c6a8ea890c, textile_backup@1.1.0-1.15, fabric-mining-levels-v0@0.1.1+b7f9825d0c, fabric-renderer-registries-v1@2.0.1+5a0f9a600c, carpet-extra@1.3.15, fabric-events-lifecycle-v0@0.1.2+b7f9825d0c, fabric-loot-tables-v1@0.1.5+e08a73050c, fabric@0.5.1+build.294-1.15, carpet@1.3.15, fabric-item-groups-v0@0.1.6+ec40b2e10c, fabric-models-v0@0.1.0+dfdb52d60c, fabric-particles-v1@0.1.1+dfdb52d60c, fabric-networking-v0@0.1.7+12515ed90c, fabric-object-builders-v0@0.1.3+e4c9a9c30c, cotton-config@1.0.0-rc.7
[06:01:11] [main/INFO]: SpongePowered MIXIN Subsystem Version=0.8 Source=file:/C:/Server/skimit_survival/fabric-server-launch.jar Service=Knot/Fabric Env=SERVER
[06:02:24] [main/WARN]: Ambiguity between arguments [teleport, destination] and [teleport, targets] with inputs: [Player, 0123, @e, dd12be42-52a9-4a91-a8a1-11c01849e498]
[06:02:24] [main/WARN]: Ambiguity between arguments [teleport, location] and [teleport, destination] with inputs: [0.1 -0.5 .9, 0 0 0]
[06:02:24] [main/WARN]: Ambiguity between arguments [teleport, location] and [teleport, targets] with inputs: [0.1 -0.5 .9, 0 0 0]
[06:02:24] [main/WARN]: Ambiguity between arguments [teleport, targets] and [teleport, destination] with inputs: [Player, 0123, dd12be42-52a9-4a91-a8a1-11c01849e498]
[06:02:24] [main/WARN]: Ambiguity between arguments [teleport, targets, location] and [teleport, targets, destination] with inputs: [0.1 -0.5 .9, 0 0 0]
[06:02:36] [main/INFO]: [TextileBackup]: Loading TextileBackup by Szum123321
[06:02:38] [Server thread/INFO]: Starting minecraft server version 1.15.2
[06:02:38] [Server thread/INFO]: Loading properties
[06:02:38] [Server thread/INFO]: Default game type: SURVIVAL
[06:02:38] [Server thread/INFO]: Generating keypair
[06:02:39] [Server thread/INFO]: Starting Minecraft server on *:26565
[06:02:39] [Server thread/INFO]: Using default channel type
[06:02:40] [Server thread/WARN]: **** SERVER IS RUNNING IN OFFLINE/INSECURE MODE!
[06:02:40] [Server thread/WARN]: The server will make no attempt to authenticate usernames. Beware.
[06:02:40] [Server thread/WARN]: While this makes the game possible to play without internet access, it also opens up the ability for hackers to connect with any username they choose.
[06:02:40] [Server thread/WARN]: To change this, set "online-mode" to "true" in the server.properties file.
[06:02:41] [Server thread/INFO]: Preparing level "skimit"
[06:02:41] [Server thread/INFO]: [CM]: loaded setting commandDraw as false from carpet.conf
[06:02:41] [Server thread/INFO]: [CM]: loaded setting rotatorBlock as true from carpet.conf
[06:02:41] [Server thread/INFO]: [CM]: loaded setting combineXPOrbs as true from carpet.conf
[06:02:41] [Server thread/INFO]: [CM]: loaded setting onePlayerSleeping as true from carpet.conf
[06:02:41] [Server thread/INFO]: [CM]: loaded setting portalSuffocationFix as true from carpet.conf
[06:02:41] [Server thread/INFO]: [CM]: loaded setting leadFix as true from carpet.conf
[06:02:41] [Server thread/INFO]: [CM]: loaded setting antiCheatDisabled as true from carpet.conf
[06:02:41] [Server thread/INFO]: [CM]: loaded setting defaultLoggers as tps from carpet.conf
[06:02:41] [Server thread/INFO]: [CM]: loaded setting commandCameramode as false from carpet.conf
[06:02:41] [Server thread/INFO]: [CM]: loaded setting unloadedEntityFix as true from carpet.conf
[06:02:41] [Server thread/INFO]: [CM]: loaded setting ctrlQCraftingFix as true from carpet.conf
[06:02:43] [Server thread/INFO]: [fabric-registry-sync] Loaded registry data [file 1/4]
[06:02:43] [Server thread/INFO]: Reloading ResourceManager: Default, bukkit, Fabric Mining Levels (v0)
[06:02:45] [Server thread/INFO]: Loaded 6 recipes
[06:02:47] [Server thread/INFO]: Loaded 825 advancements
[06:02:48] [Server thread/INFO]: Preparing start region for dimension minecraft:overworld
[06:02:51] [Server thread/INFO]: Preparing spawn area: 0%
[06:02:51] [Server thread/INFO]: Preparing spawn area: 0%
[06:02:51] [Server thread/INFO]: Preparing spawn area: 0%
[06:02:51] [Server thread/INFO]: Preparing spawn area: 0%
[06:02:51] [Server thread/INFO]: Preparing spawn area: 0%
[06:02:51] [Server thread/INFO]: Preparing spawn area: 0%
[06:02:51] [Server thread/INFO]: Preparing spawn area: 0%
[06:02:51] [Server thread/INFO]: Preparing spawn area: 0%
[06:02:52] [Server thread/INFO]: Preparing spawn area: 0%
[06:02:53] [Server-Worker-2/INFO]: Preparing spawn area: 0%
[06:02:55] [Server thread/INFO]: Preparing spawn area: 0%
[06:02:55] [Server thread/INFO]: Preparing spawn area: 0%
[06:02:55] [Server thread/INFO]: Preparing spawn area: 0%
[06:02:55] [Server thread/INFO]: Preparing spawn area: 0%
[06:02:55] [Server thread/INFO]: Preparing spawn area: 0%
[06:02:55] [Server thread/INFO]: Preparing spawn area: 83%
[06:02:57] [Server thread/INFO]: Time elapsed: 9231 ms
[06:02:57] [Server thread/INFO]: Done (15.634s)! For help, type "help"
[06:02:57] [Server thread/INFO]: Starting remote control listener
[06:02:57] [RCON Listener #1/INFO]: RCON running on 0.0.0.0:25636
[06:02:59] [Server thread/WARN]: Can't keep up! Is the server overloaded? Running 2560ms or 51 ticks behind
[07:41:59] [Server thread/INFO]: Cora_cold[/127.0.0.1:54754] logged in with entity id 115 at (-46.48392636408167, 68.0, 256.2738287245149)
[07:41:59] [Server thread/INFO]: Cora_cold joined the game
[07:41:59] [Netty Server IO #1/WARN]: Received invalid identifier in minecraft:register: legacy:fml|hs (Non [a-z0-9/._-] character in path of location: legacy:fml|hs)
[07:42:02] [Server thread/WARN]: Can't keep up! Is the server overloaded? Running 3726ms or 74 ticks behind
[07:42:02] [Server thread/INFO]: [TextileBackup]: Backup started by: SERVER on: 2020-04-25_07-42-02
[07:42:02] [Server thread/INFO]: [TextileBackup]: Saving server...
[07:42:03] [Thread-50/INFO]: [TextileBackup]: Starting compression...
[07:42:20] [Server thread/WARN]: Can't keep up! Is the server overloaded? Running 2539ms or 50 ticks behind
[07:42:37] [Server thread/WARN]: Can't keep up! Is the server overloaded? Running 2573ms or 51 ticks behind
[07:42:57] [Server thread/WARN]: Can't keep up! Is the server overloaded? Running 5116ms or 102 ticks behind
[07:43:20] [Server thread/WARN]: Can't keep up! Is the server overloaded? Running 7497ms or 149 ticks behind
[07:43:29] [Server thread/WARN]: Mismatch in destroy block pos: class_2338{x=-133, y=8, z=254} class_2338{x=-132, y=8, z=256}
[07:43:47] [Server thread/WARN]: Can't keep up! Is the server overloaded? Running 12698ms or 253 ticks behind
[07:44:06] [Server thread/WARN]: Can't keep up! Is the server overloaded? Running 3522ms or 70 ticks behind
[07:44:12] [Thread-50/INFO]: [TextileBackup]: Compression finished
[07:44:12] [Thread-50/INFO]: [TextileBackup]: Deleting: 2020-04-24_11-30-39.zip
[07:44:12] [Thread-50/INFO]: [TextileBackup]: Done!
[07:45:32] [Server thread/WARN]: Fetching packet for removed entity class_1542['Air'/950, l='skimit', x=-167.37, y=2.00, z=200.33]
[07:46:39] [Server thread/WARN]: Can't keep up! Is the server overloaded? Running 2557ms or 51 ticks behind
[07:53:42] [Server thread/WARN]: Can't keep up! Is the server overloaded? Running 2767ms or 55 ticks behind
[07:57:57] [Server thread/WARN]: Fetching packet for removed entity class_1542['Iron Ingot'/4555, l='skimit', x=-140.31, y=82.51, z=182.93]
[07:59:45] [Server thread/INFO]: Cora_cold lost connection: Disconnected
[07:59:45] [Server thread/INFO]: Cora_cold left the game
[08:13:32] [Server thread/INFO]: ChengXi123[/127.0.0.1:55892] logged in with entity id 5162 at (-308.0508043875739, 64.0, 392.7535792286457)
[08:13:32] [Netty Server IO #0/WARN]: Received invalid identifier in minecraft:register: legacy:fml|hs (Non [a-z0-9/._-] character in path of location: legacy:fml|hs)
[08:13:32] [Server thread/INFO]: ChengXi123 joined the game
[08:18:44] [Server thread/WARN]: Can't keep up! Is the server overloaded? Running 2113ms or 42 ticks behind
[08:22:49] [Server thread/WARN]: Fetching packet for removed entity class_1542['Air'/6514, l='skimit', x=-166.34, y=1.00, z=199.34]
[08:28:49] [Server thread/WARN]: Can't keep up! Is the server overloaded? Running 2684ms or 53 ticks behind
[08:29:06] [Server thread/WARN]: Can't keep up! Is the server overloaded? Running 2220ms or 44 ticks behind
[08:29:25] [Server thread/WARN]: Can't keep up! Is the server overloaded? Running 3734ms or 74 ticks behind
[08:30:11] [Server thread/WARN]: Can't keep up! Is the server overloaded? Running 2098ms or 41 ticks behind
[08:31:29] [Server thread/WARN]: Can't keep up! Is the server overloaded? Running 2072ms or 41 ticks behind
[08:34:01] [Server thread/WARN]: Can't keep up! Is the server overloaded? Running 2439ms or 48 ticks behind
[08:38:35] [Server thread/WARN]: Can't keep up! Is the server overloaded? Running 2128ms or 42 ticks behind
[08:39:04] [Server thread/WARN]: Can't keep up! Is the server overloaded? Running 2196ms or 43 ticks behind
[08:39:17] [Server thread/INFO]: ChengXi123 lost connection: Disconnected
[08:39:17] [Server thread/INFO]: ChengXi123 left the game
[08:39:30] [Server thread/INFO]: ChengXi123[/127.0.0.1:56818] logged in with entity id 10145 at (-315.69999998807907, 69.0, 409.69999998807907)
[08:39:30] [Netty Server IO #0/WARN]: Received invalid identifier in minecraft:register: legacy:fml|hs (Non [a-z0-9/._-] character in path of location: legacy:fml|hs)
[08:39:30] [Server thread/INFO]: ChengXi123 joined the game
[08:39:33] [Server thread/WARN]: Can't keep up! Is the server overloaded? Running 2019ms or 40 ticks behind
[08:42:02] [Server thread/INFO]: [TextileBackup]: Backup started by: SERVER on: 2020-04-25_08-42-02
[08:42:02] [Server thread/INFO]: [TextileBackup]: Saving server...
[08:42:04] [Thread-51/INFO]: [TextileBackup]: Starting compression...
[08:42:04] [Server thread/WARN]: Can't keep up! Is the server overloaded? Running 2084ms or 41 ticks behind
[08:42:31] [Server thread/WARN]: Can't keep up! Is the server overloaded? Running 11714ms or 234 ticks behind
[08:42:50] [Server thread/WARN]: Can't keep up! Is the server overloaded? Running 3980ms or 79 ticks behind
[08:43:30] [Server thread/WARN]: Can't keep up! Is the server overloaded? Running 25165ms or 503 ticks behind
[08:44:04] [Server thread/WARN]: Can't keep up! Is the server overloaded? Running 19024ms or 380 ticks behind
[08:44:27] [Server thread/WARN]: Can't keep up! Is the server overloaded? Running 7875ms or 157 ticks behind
[08:45:10] [Thread-51/INFO]: [TextileBackup]: Compression finished
[08:45:10] [Thread-51/INFO]: [TextileBackup]: Deleting: 2020-04-24_12-30-24.zip
[08:45:14] [Thread-51/INFO]: [TextileBackup]: Done!
[08:45:17] [Server thread/WARN]: Can't keep up! Is the server overloaded? Running 35399ms or 707 ticks behind
[08:45:38] [Server thread/WARN]: Can't keep up! Is the server overloaded? Running 5934ms or 118 ticks behind
[08:46:00] [Server thread/WARN]: Can't keep up! Is the server overloaded? Running 2205ms or 44 ticks behind
[09:00:42] [Server thread/INFO]: ChengXi123 lost connection: Disconnected
[09:00:42] [Server thread/INFO]: ChengXi123 left the game
[09:03:19] [Server thread/INFO]: ChengXi123[/127.0.0.1:57666] logged in with entity id 13742 at (-393.2541414795201, 69.0, 529.1595461589595)
[09:03:19] [Server thread/INFO]: ChengXi123 joined the game
[09:03:19] [Netty Server IO #1/WARN]: Received invalid identifier in minecraft:register: legacy:fml|hs (Non [a-z0-9/._-] character in path of location: legacy:fml|hs)
[09:06:00] [Server thread/WARN]: Can't keep up! Is the server overloaded? Running 2149ms or 42 ticks behind
[09:09:19] [Server thread/INFO]: ChengXi123 lost connection: Disconnected
[09:09:19] [Server thread/INFO]: ChengXi123 left the game
[09:11:19] [Server thread/INFO]: ChengXi123[/127.0.0.1:57967] logged in with entity id 16025 at (-37.330619166587326, 68.0, 236.78211673180323)
[09:11:19] [Netty Server IO #0/WARN]: Received invalid identifier in minecraft:register: legacy:fml|hs (Non [a-z0-9/._-] character in path of location: legacy:fml|hs)
[09:11:19] [Server thread/INFO]: ChengXi123 joined the game
[09:39:22] [Server thread/INFO]: ChengXi123 lost connection: Disconnected
[09:39:22] [Server thread/INFO]: ChengXi123 left the game
[09:43:09] [Server thread/INFO]: ChengXi123[/127.0.0.1:59109] logged in with entity id 21294 at (-40.201243458466664, 68.0, 235.65042657157667)
[09:43:09] [Netty Server IO #1/WARN]: Received invalid identifier in minecraft:register: legacy:fml|hs (Non [a-z0-9/._-] character in path of location: legacy:fml|hs)
[09:43:09] [Server thread/INFO]: ChengXi123 joined the game
[09:43:09] [Server thread/INFO]: [TextileBackup]: Backup started by: SERVER on: 2020-04-25_09-43-09
[09:43:09] [Server thread/INFO]: [TextileBackup]: Saving server...
[09:43:10] [Thread-52/INFO]: [TextileBackup]: Starting compression...
[09:43:19] [Server thread/WARN]: Can't keep up! Is the server overloaded? Running 2038ms or 40 ticks behind
[09:43:51] [Server thread/WARN]: Can't keep up! Is the server overloaded? Running 2322ms or 46 ticks behind
[09:44:10] [Server thread/WARN]: Can't keep up! Is the server overloaded? Running 4233ms or 84 ticks behind
[09:44:27] [Server thread/WARN]: Can't keep up! Is the server overloaded? Running 2164ms or 43 ticks behind
[09:44:46] [Server thread/WARN]: Can't keep up! Is the server overloaded? Running 4195ms or 83 ticks behind
[09:45:07] [Server thread/WARN]: Can't keep up! Is the server overloaded? Running 5135ms or 102 ticks behind
[09:45:23] [Thread-52/INFO]: [TextileBackup]: Compression finished
[09:45:23] [Thread-52/INFO]: [TextileBackup]: Deleting: 2020-04-24_13-30-24.zip
[09:45:23] [Thread-52/INFO]: [TextileBackup]: Done!
[09:45:24] [Server thread/WARN]: Can't keep up! Is the server overloaded? Running 2783ms or 55 ticks behind
[09:50:51] [Server thread/INFO]: ChengXi123 lost connection: Disconnected
[09:50:51] [Server thread/INFO]: ChengXi123 left the game
[09:53:21] [Server thread/INFO]: ChengXi123[/127.0.0.1:59480] logged in with entity id 22905 at (-37.19077682338796, 68.0, 228.8651153649997)
[09:53:21] [Server thread/INFO]: ChengXi123 joined the game
[09:53:22] [Netty Server IO #1/WARN]: Received invalid identifier in minecraft:register: legacy:fml|hs (Non [a-z0-9/._-] character in path of location: legacy:fml|hs)
[10:09:23] [Server thread/INFO]: ChengXi123 lost connection: Timed out
[10:09:23] [Server thread/INFO]: ChengXi123 left the game
[10:09:23] [Server thread/WARN]: handleDisconnection() called twice
[10:09:29] [Server thread/INFO]: ChengXi123[/127.0.0.1:60062] logged in with entity id 25990 at (-40.42663590893495, 73.0, 239.86462755846017)
[10:09:29] [Netty Server IO #0/WARN]: Received invalid identifier in minecraft:register: legacy:fml|hs (Non [a-z0-9/._-] character in path of location: legacy:fml|hs)
[10:09:29] [Server thread/INFO]: ChengXi123 joined the game
[10:11:04] [Server thread/WARN]: Can't keep up! Is the server overloaded? Running 2252ms or 45 ticks behind
[10:11:25] [Server thread/WARN]: Can't keep up! Is the server overloaded? Running 6495ms or 129 ticks behind
[10:11:51] [Server thread/WARN]: Can't keep up! Is the server overloaded? Running 10537ms or 210 ticks behind
[10:12:09] [Server thread/WARN]: Can't keep up! Is the server overloaded? Running 3328ms or 66 ticks behind
[10:12:30] [Server thread/WARN]: Can't keep up! Is the server overloaded? Running 5473ms or 109 ticks behind
[10:12:48] [Server thread/WARN]: Can't keep up! Is the server overloaded? Running 3948ms or 78 ticks behind
[10:13:08] [Server thread/WARN]: Can't keep up! Is the server overloaded? Running 4272ms or 85 ticks behind
[10:13:26] [Server thread/WARN]: Can't keep up! Is the server overloaded? Running 3247ms or 64 ticks behind
[10:13:45] [Server thread/WARN]: Can't keep up! Is the server overloaded? Running 3900ms or 78 ticks behind
[10:14:03] [Server thread/WARN]: Can't keep up! Is the server overloaded? Running 3458ms or 69 ticks behind
[10:14:22] [Server thread/WARN]: Can't keep up! Is the server overloaded? Running 3792ms or 75 ticks behind
[10:14:40] [Server thread/WARN]: Can't keep up! Is the server overloaded? Running 3255ms or 65 ticks behind
[10:14:59] [Server thread/WARN]: Can't keep up! Is the server overloaded? Running 4056ms or 81 ticks behind
[10:15:18] [Server thread/WARN]: Can't keep up! Is the server overloaded? Running 3597ms or 71 ticks behind
[10:15:37] [Server thread/WARN]: Can't keep up! Is the server overloaded? Running 4009ms or 80 ticks behind
[10:15:55] [Server thread/WARN]: Can't keep up! Is the server overloaded? Running 3358ms or 67 ticks behind
[10:16:12] [Server thread/WARN]: Can't keep up! Is the server overloaded? Running 2102ms or 42 ticks behind
[10:32:38] [Server thread/WARN]: Can't keep up! Is the server overloaded? Running 2090ms or 41 ticks behind
[10:39:25] [Server thread/INFO]: ChengXi123 lost connection: Disconnected
[10:39:25] [Server thread/INFO]: ChengXi123 left the game
[10:39:32] [Server thread/INFO]: ChengXi123[/127.0.0.1:61137] logged in with entity id 35672 at (-40.351144670860904, 73.0, 223.70604245752338)
[10:39:32] [Netty Server IO #0/WARN]: Received invalid identifier in minecraft:register: legacy:fml|hs (Non [a-z0-9/._-] character in path of location: legacy:fml|hs)
[10:39:32] [Server thread/INFO]: ChengXi123 joined the game
[10:43:09] [Server thread/INFO]: [TextileBackup]: Backup started by: SERVER on: 2020-04-25_10-43-09
[10:43:09] [Server thread/INFO]: [TextileBackup]: Saving server...
[10:43:09] [Thread-53/INFO]: [TextileBackup]: Starting compression...
[10:43:19] [Server thread/WARN]: Can't keep up! Is the server overloaded? Running 2505ms or 50 ticks behind
[10:43:38] [Server thread/WARN]: Can't keep up! Is the server overloaded? Running 3907ms or 78 ticks behind
[10:43:57] [Server thread/WARN]: Can't keep up! Is the server overloaded? Running 3930ms or 78 ticks behind
[10:44:17] [Server thread/WARN]: Can't keep up! Is the server overloaded? Running 5217ms or 104 ticks behind
[10:44:40] [Server thread/WARN]: Can't keep up! Is the server overloaded? Running 8096ms or 161 ticks behind
[10:44:58] [Server thread/WARN]: Can't keep up! Is the server overloaded? Running 2620ms or 52 ticks behind
[10:45:05] [Thread-53/INFO]: [TextileBackup]: Compression finished
[10:45:05] [Thread-53/INFO]: [TextileBackup]: Deleting: 2020-04-24_14-50-34.zip
[10:45:05] [Thread-53/INFO]: [TextileBackup]: Done!
[10:46:23] [Server thread/INFO]: ChengXi123 lost connection: Disconnected
[10:46:23] [Server thread/INFO]: ChengXi123 left the game
[10:50:30] [Server thread/INFO]: ChengXi123[/127.0.0.1:61539] logged in with entity id 37149 at (-39.03234162153438, 73.0, 220.30728590250868)
[10:50:30] [Netty Server IO #1/WARN]: Received invalid identifier in minecraft:register: legacy:fml|hs (Non [a-z0-9/._-] character in path of location: legacy:fml|hs)
[10:50:30] [Server thread/INFO]: ChengXi123 joined the game
[10:53:01] [Server thread/INFO]: Aod_lcy[/127.0.0.1:61636] logged in with entity id 37616 at (-343.8283378203556, 69.0, 440.66683168951806)
[10:53:01] [Netty Server IO #0/WARN]: Received invalid identifier in minecraft:register: legacy:fml|hs (Non [a-z0-9/._-] character in path of location: legacy:fml|hs)
[10:53:01] [Server thread/INFO]: Aod_lcy joined the game
[10:53:30] [Server thread/INFO]: <ChengXi123> 你弄了个垃圾处理机吗？
[10:53:31] [Server thread/INFO]: Aod_lcy lost connection: Timed out
[10:53:31] [Server thread/INFO]: Aod_lcy left the game
[10:53:31] [Server thread/WARN]: handleDisconnection() called twice
[10:54:26] [Server thread/INFO]: Aod_lcy[/127.0.0.1:61694] logged in with entity id 38038 at (-343.8283378203556, 69.0, 440.66683168951806)
[10:54:26] [Netty Server IO #0/WARN]: Received invalid identifier in minecraft:register: legacy:fml|hs (Non [a-z0-9/._-] character in path of location: legacy:fml|hs)
[10:54:26] [Server thread/INFO]: Aod_lcy joined the game
[10:54:32] [Server thread/WARN]: Can't keep up! Is the server overloaded? Running 2045ms or 40 ticks behind
[10:57:50] [Server thread/INFO]: Aod_lcy lost connection: Disconnected
[10:57:50] [Server thread/INFO]: Aod_lcy left the game
[11:08:00] [Server thread/INFO]: Villager class_1646[''/2697, l='skimit', x=-138.30, y=75.00, z=434.70] died, message: '? ? ? 0 was slain by ChengXi123'
[11:08:03] [Server thread/INFO]: Villager class_1646[''/2701, l='skimit', x=-138.84, y=75.00, z=433.89] died, message: '? ? ? 0 was slain by ChengXi123'
[11:08:07] [Server thread/WARN]: Can't keep up! Is the server overloaded? Running 2224ms or 44 ticks behind
[11:08:08] [Server thread/INFO]: Villager class_1646[''/2702, l='skimit', x=-139.57, y=75.20, z=433.24] died, message: '? ? ? 0 was slain by ChengXi123'
[11:08:10] [Server thread/INFO]: Villager class_1646[''/2698, l='skimit', x=-139.31, y=75.23, z=432.22] died, message: '? ? ? 0 was slain by ChengXi123'
[11:08:13] [Server thread/INFO]: Villager class_1646[''/2699, l='skimit', x=-139.33, y=75.61, z=430.50] died, message: '? ? ? 0 was slain by ChengXi123'
[11:08:14] [Server thread/INFO]: Villager class_1646[''/2700, l='skimit', x=-139.46, y=75.35, z=429.50] died, message: '? ? ? 0 was slain by ChengXi123'
[11:09:27] [Server thread/INFO]: ChengXi123 lost connection: Disconnected
[11:09:27] [Server thread/INFO]: ChengXi123 left the game
[11:10:44] [Server thread/INFO]: ChengXi123[/127.0.0.1:62296] logged in with entity id 41828 at (-298.5420622389842, 64.0, 401.89026139282834)
[11:10:44] [Netty Server IO #0/WARN]: Received invalid identifier in minecraft:register: legacy:fml|hs (Non [a-z0-9/._-] character in path of location: legacy:fml|hs)
[11:10:44] [Server thread/INFO]: ChengXi123 joined the game
[11:11:49] [Server thread/WARN]: Can't keep up! Is the server overloaded? Running 2123ms or 42 ticks behind
[11:28:11] [Server thread/WARN]: Can't keep up! Is the server overloaded? Running 2088ms or 41 ticks behind
[11:28:20] [Server thread/WARN]: Fetching packet for removed entity class_1642['Zombie'/45646, l='skimit', x=-369.50, y=15.35, z=507.40]
[11:28:31] [Server thread/WARN]: Can't keep up! Is the server overloaded? Running 5581ms or 111 ticks behind
[11:33:18] [Server thread/WARN]: Can't keep up! Is the server overloaded? Running 2022ms or 40 ticks behind
[11:35:50] [Server thread/WARN]: Can't keep up! Is the server overloaded? Running 2196ms or 43 ticks behind
[11:36:00] [Server thread/INFO]: Scanning for legacy world dragon fight...
[11:36:00] [Server thread/INFO]: Found that the dragon has been killed in this world already.
[11:37:07] [Server thread/INFO]: Alex[local] logged in with entity id 48565 at (9.308368332279853, 61.0, 0.7952032448693351)
[11:37:07] [Server thread/INFO]: Alex joined the game
[11:37:31] [Server thread/WARN]: Can't keep up! Is the server overloaded? Running 2110ms or 42 ticks behind
[11:37:53] [Server thread/WARN]: Can't keep up! Is the server overloaded? Running 7153ms or 143 ticks behind
[11:38:13] [Server thread/WARN]: Can't keep up! Is the server overloaded? Running 5047ms or 100 ticks behind
[11:38:35] [Server thread/WARN]: Can't keep up! Is the server overloaded? Running 7367ms or 147 ticks behind
[11:39:02] [Server thread/WARN]: Can't keep up! Is the server overloaded? Running 12110ms or 242 ticks behind
[11:39:25] [Server thread/WARN]: Can't keep up! Is the server overloaded? Running 8035ms or 160 ticks behind
[11:39:49] [Server thread/WARN]: Can't keep up! Is the server overloaded? Running 9270ms or 185 ticks behind
[11:40:15] [Server thread/WARN]: Can't keep up! Is the server overloaded? Running 10509ms or 210 ticks behind
[11:40:40] [Server thread/WARN]: Can't keep up! Is the server overloaded? Running 9756ms or 195 ticks behind
[11:41:03] [Server thread/WARN]: Can't keep up! Is the server overloaded? Running 8188ms or 163 ticks behind
[11:41:27] [Server thread/WARN]: Can't keep up! Is the server overloaded? Running 9047ms or 180 ticks behind
[11:41:50] [Server thread/WARN]: Can't keep up! Is the server overloaded? Running 8267ms or 165 ticks behind
[11:42:16] [Server thread/WARN]: Can't keep up! Is the server overloaded? Running 10661ms or 213 ticks behind
[11:42:41] [Server thread/WARN]: Can't keep up! Is the server overloaded? Running 10076ms or 201 ticks behind
[11:43:08] [Server thread/WARN]: Can't keep up! Is the server overloaded? Running 11821ms or 236 ticks behind
[11:43:10] [Server thread/INFO]: [TextileBackup]: Backup started by: SERVER on: 2020-04-25_11-43-10
[11:43:10] [Server thread/INFO]: [TextileBackup]: Saving server...
[11:43:11] [Thread-54/INFO]: [TextileBackup]: Starting compression...
[11:44:11] [Server thread/WARN]: Can't keep up! Is the server overloaded? Running 48753ms or 975 ticks behind
[11:45:09] [Server thread/WARN]: Can't keep up! Is the server overloaded? Running 42941ms or 858 ticks behind
[11:46:03] [Thread-54/INFO]: [TextileBackup]: Compression finished
[11:46:03] [Thread-54/INFO]: [TextileBackup]: Deleting: 2020-04-24_15-50-36.zip
[11:46:03] [Thread-54/INFO]: [TextileBackup]: Done!
[11:46:04] [Server thread/WARN]: Can't keep up! Is the server overloaded? Running 40036ms or 800 ticks behind
[11:46:28] [Server thread/WARN]: Can't keep up! Is the server overloaded? Running 8424ms or 168 ticks behind
[11:46:50] [Server thread/WARN]: Can't keep up! Is the server overloaded? Running 7615ms or 152 ticks behind
[11:47:12] [Server thread/WARN]: Can't keep up! Is the server overloaded? Running 7188ms or 143 ticks behind
[11:47:34] [Server thread/WARN]: Can't keep up! Is the server overloaded? Running 7041ms or 140 ticks behind
[11:47:58] [Server thread/WARN]: Can't keep up! Is the server overloaded? Running 8744ms or 174 ticks behind
[11:48:22] [Server thread/WARN]: Can't keep up! Is the server overloaded? Running 8507ms or 170 ticks behind
[11:48:26] [Server thread/WARN]: Fetching packet for removed entity class_1642['Zombie'/45646, l='skimit', x=-369.50, y=15.35, z=507.40]
[11:48:51] [Server thread/WARN]: Can't keep up! Is the server overloaded? Running 14019ms or 280 ticks behind
[11:49:11] [Server thread/WARN]: Can't keep up! Is the server overloaded? Running 5122ms or 102 ticks behind
[11:49:30] [Server thread/WARN]: Can't keep up! Is the server overloaded? Running 4824ms or 96 ticks behind
[11:49:52] [Server thread/WARN]: Can't keep up! Is the server overloaded? Running 6268ms or 125 ticks behind
[11:50:12] [Server thread/WARN]: Can't keep up! Is the server overloaded? Running 5043ms or 100 ticks behind
[11:50:31] [Server thread/WARN]: Can't keep up! Is the server overloaded? Running 4037ms or 80 ticks behind
[11:50:52] [Server thread/WARN]: Can't keep up! Is the server overloaded? Running 5964ms or 119 ticks behind
[11:51:10] [Server thread/WARN]: Can't keep up! Is the server overloaded? Running 2890ms or 57 ticks behind
[11:51:34] [Server thread/WARN]: Can't keep up! Is the server overloaded? Running 2157ms or 43 ticks behind
[11:52:08] [Server thread/WARN]: Can't keep up! Is the server overloaded? Running 2007ms or 40 ticks behind
[11:52:17] [Server thread/WARN]: Fetching packet for removed entity class_1542['Light Gray Concrete Powder'/121856, l='skimit', x=-40.94, y=77.00, z=224.60]
[11:52:31] [Server thread/WARN]: Can't keep up! Is the server overloaded? Running 8561ms or 171 ticks behind
[11:52:59] [Server thread/WARN]: Can't keep up! Is the server overloaded? Running 12570ms or 251 ticks behind
[11:53:24] [Server thread/WARN]: Can't keep up! Is the server overloaded? Running 9911ms or 198 ticks behind
[11:53:48] [Server thread/WARN]: Can't keep up! Is the server overloaded? Running 9383ms or 187 ticks behind
[11:54:12] [Server thread/WARN]: Can't keep up! Is the server overloaded? Running 8785ms or 175 ticks behind
[11:54:36] [Server thread/WARN]: Can't keep up! Is the server overloaded? Running 9474ms or 189 ticks behind
[11:54:59] [Server thread/WARN]: Can't keep up! Is the server overloaded? Running 7398ms or 147 ticks behind
[11:55:20] [Server thread/WARN]: Can't keep up! Is the server overloaded? Running 6403ms or 128 ticks behind
[11:55:50] [Server thread/WARN]: Can't keep up! Is the server overloaded? Running 14494ms or 289 ticks behind
[11:56:15] [Server thread/WARN]: Can't keep up! Is the server overloaded? Running 9987ms or 199 ticks behind
[11:56:40] [Server thread/WARN]: Can't keep up! Is the server overloaded? Running 10508ms or 210 ticks behind
[11:57:05] [Server thread/WARN]: Can't keep up! Is the server overloaded? Running 10294ms or 205 ticks behind
[11:57:30] [Server thread/WARN]: Can't keep up! Is the server overloaded? Running 9758ms or 195 ticks behind
[11:57:56] [Server thread/WARN]: Can't keep up! Is the server overloaded? Running 10917ms or 218 ticks behind
[11:58:32] [Server thread/WARN]: Can't keep up! Is the server overloaded? Running 20839ms or 416 ticks behind
[11:58:58] [Server thread/WARN]: Can't keep up! Is the server overloaded? Running 11099ms or 221 ticks behind
[11:59:20] [Server thread/WARN]: Can't keep up! Is the server overloaded? Running 7591ms or 151 ticks behind
[11:59:44] [Server thread/WARN]: Can't keep up! Is the server overloaded? Running 9121ms or 182 ticks behind
[12:00:07] [Server thread/WARN]: Can't keep up! Is the server overloaded? Running 7948ms or 158 ticks behind
[12:00:31] [Server thread/WARN]: Can't keep up! Is the server overloaded? Running 8485ms or 169 ticks behind
[12:00:54] [Server thread/WARN]: Can't keep up! Is the server overloaded? Running 8133ms or 162 ticks behind
[12:01:17] [Server thread/WARN]: Can't keep up! Is the server overloaded? Running 8049ms or 160 ticks behind
[12:01:40] [Server thread/WARN]: Can't keep up! Is the server overloaded? Running 8237ms or 164 ticks behind
[12:02:06] [Server thread/WARN]: Can't keep up! Is the server overloaded? Running 10622ms or 212 ticks behind
[12:02:25] [Server thread/WARN]: Can't keep up! Is the server overloaded? Running 4043ms or 80 ticks behind
[12:02:59] [Server thread/WARN]: Can't keep up! Is the server overloaded? Running 2110ms or 42 ticks behind
[12:03:29] [Server thread/INFO]: Alex was slain by ChengXi123
[12:03:29] [Server thread/INFO]: Alex lost connection: Killed
[12:03:29] [Server thread/INFO]: Alex left the game
[12:06:52] [Server thread/INFO]: ChengXi123 lost connection: Disconnected
[12:06:52] [Server thread/INFO]: ChengXi123 left the game
[12:13:04] [Server thread/INFO]: XxiaoyunX[/127.0.0.1:64512] logged in with entity id 185162 at (-372.01923376092344, 72.0, 397.1545343008037)
[12:13:04] [Netty Server IO #0/WARN]: Received invalid identifier in minecraft:register: legacy:fml|hs (Non [a-z0-9/._-] character in path of location: legacy:fml|hs)
[12:13:04] [Server thread/INFO]: XxiaoyunX joined the game
[12:13:28] [Server thread/WARN]: Can't keep up! Is the server overloaded? Running 2225ms or 44 ticks behind
[12:17:58] [Server thread/WARN]: Can't keep up! Is the server overloaded? Running 2218ms or 44 ticks behind
[12:18:32] [Server thread/WARN]: Can't keep up! Is the server overloaded? Running 2765ms or 55 ticks behind
[12:18:49] [Server thread/WARN]: Can't keep up! Is the server overloaded? Running 2657ms or 53 ticks behind
[12:23:39] [Server thread/WARN]: Can't keep up! Is the server overloaded? Running 2180ms or 43 ticks behind
[12:33:39] [Server thread/WARN]: Can't keep up! Is the server overloaded? Running 2090ms or 41 ticks behind
[12:33:57] [Server thread/WARN]: Can't keep up! Is the server overloaded? Running 3695ms or 73 ticks behind
[12:40:55] [Server thread/WARN]: Can't keep up! Is the server overloaded? Running 2154ms or 43 ticks behind
[12:43:09] [Server thread/INFO]: [TextileBackup]: Backup started by: SERVER on: 2020-04-25_12-43-09
[12:43:09] [Server thread/INFO]: [TextileBackup]: Saving server...
[12:43:12] [Server thread/WARN]: Can't keep up! Is the server overloaded? Running 3129ms or 62 ticks behind
[12:43:13] [Thread-55/INFO]: [TextileBackup]: Starting compression...
[12:43:30] [Server thread/WARN]: Can't keep up! Is the server overloaded? Running 2143ms or 42 ticks behind
[12:43:53] [Server thread/WARN]: Can't keep up! Is the server overloaded? Running 3147ms or 62 ticks behind
[12:44:31] [Server thread/WARN]: Can't keep up! Is the server overloaded? Running 2016ms or 40 ticks behind
[12:45:13] [Server thread/WARN]: Can't keep up! Is the server overloaded? Running 26713ms or 534 ticks behind
[12:45:16] [Thread-55/INFO]: [TextileBackup]: Compression finished
[12:45:16] [Thread-55/INFO]: [TextileBackup]: Deleting: 2020-04-24_16-50-46.zip
[12:45:16] [Thread-55/INFO]: [TextileBackup]: Done!
[12:46:33] [Server thread/INFO]: XxiaoyunX lost connection: Disconnected
[12:46:33] [Server thread/INFO]: XxiaoyunX left the game
[13:55:17] [Server thread/INFO]: ChengXi123[/127.0.0.1:51849] logged in with entity id 192568 at (-39.397788346228936, 68.0, 222.89688782910025)
[13:55:17] [Netty Server IO #0/WARN]: Received invalid identifier in minecraft:register: legacy:fml|hs (Non [a-z0-9/._-] character in path of location: legacy:fml|hs)
[13:55:17] [Server thread/INFO]: ChengXi123 joined the game
[13:55:18] [Server thread/INFO]: [TextileBackup]: Backup started by: SERVER on: 2020-04-25_13-55-18
[13:55:18] [Server thread/INFO]: [TextileBackup]: Saving server...
[13:55:18] [Thread-56/INFO]: [TextileBackup]: Starting compression...
[13:55:34] [Server thread/WARN]: Can't keep up! Is the server overloaded? Running 2344ms or 46 ticks behind
[13:55:54] [Server thread/WARN]: Can't keep up! Is the server overloaded? Running 5072ms or 101 ticks behind
[13:56:16] [Server thread/WARN]: Can't keep up! Is the server overloaded? Running 6613ms or 132 ticks behind
[13:56:33] [Server thread/WARN]: Can't keep up! Is the server overloaded? Running 2266ms or 45 ticks behind
[13:56:51] [Server thread/WARN]: Can't keep up! Is the server overloaded? Running 2008ms or 40 ticks behind
[13:57:12] [Server thread/WARN]: Can't keep up! Is the server overloaded? Running 5999ms or 119 ticks behind
[13:57:14] [Thread-56/INFO]: [TextileBackup]: Compression finished
[13:57:14] [Thread-56/INFO]: [TextileBackup]: Deleting: 2020-04-24_17-50-36.zip
[13:57:15] [Thread-56/INFO]: [TextileBackup]: Done!
[13:59:06] [Server thread/WARN]: Can't keep up! Is the server overloaded? Running 2059ms or 41 ticks behind
[13:59:24] [Server thread/WARN]: Can't keep up! Is the server overloaded? Running 2346ms or 46 ticks behind
[13:59:51] [Server thread/WARN]: Can't keep up! Is the server overloaded? Running 3009ms or 60 ticks behind
[14:00:15] [Server thread/WARN]: Can't keep up! Is the server overloaded? Running 9203ms or 184 ticks behind
[14:05:08] [Server thread/WARN]: Fetching packet for removed entity class_1642['Zombie'/193920, l='skimit', x=-175.50, y=31.35, z=416.40]
[14:09:37] [Server thread/INFO]: ChengXi123 lost connection: Disconnected
[14:09:37] [Server thread/INFO]: ChengXi123 left the game
[14:10:21] [Server thread/INFO]: ChengXi123[/127.0.0.1:52398] logged in with entity id 195601 at (-144.26946618849146, 9.0, 257.3509299026987)
[14:10:21] [Netty Server IO #0/WARN]: Received invalid identifier in minecraft:register: legacy:fml|hs (Non [a-z0-9/._-] character in path of location: legacy:fml|hs)
[14:10:21] [Server thread/INFO]: ChengXi123 joined the game
[14:13:00] [Server thread/WARN]: Fetching packet for removed entity class_1542['Iron Ingot'/196106, l='skimit', x=-140.76, y=82.00, z=182.91]
[14:16:42] [Server thread/WARN]: Fetching packet for removed entity class_1542['Iron Ingot'/196649, l='skimit', x=-140.58, y=82.00, z=183.04]
[14:20:03] [Server thread/WARN]: Can't keep up! Is the server overloaded? Running 2208ms or 44 ticks behind
[14:25:04] [Server thread/WARN]: Can't keep up! Is the server overloaded? Running 2259ms or 45 ticks behind
[14:32:14] [Server thread/WARN]: Fetching packet for removed entity class_1542['Air'/200528, l='skimit', x=-133.44, y=6.00, z=228.50]
[14:33:41] [Server thread/WARN]: Can't keep up! Is the server overloaded? Running 2492ms or 49 ticks behind
[14:34:57] [Server thread/WARN]: Fetching packet for removed entity class_1542['Air'/201303, l='skimit', x=-137.97, y=6.00, z=239.17]
[14:35:51] [Server thread/INFO]: ChengXi123 was slain by Slime
[14:39:37] [Server thread/INFO]: ChengXi123 lost connection: Disconnected
[14:39:37] [Server thread/INFO]: ChengXi123 left the game
[14:39:44] [Server thread/INFO]: ChengXi123[/127.0.0.1:53456] logged in with entity id 202408 at (-174.54460918776195, 5.0, 370.2836807670118)
[14:39:44] [Netty Server IO #0/WARN]: Received invalid identifier in minecraft:register: legacy:fml|hs (Non [a-z0-9/._-] character in path of location: legacy:fml|hs)
[14:39:44] [Server thread/INFO]: ChengXi123 joined the game
[14:40:09] [Server thread/WARN]: Can't keep up! Is the server overloaded? Running 2123ms or 42 ticks behind
[14:42:16] [Server thread/WARN]: Fetching packet for removed entity class_1542['Air'/202916, l='skimit', x=-163.42, y=6.00, z=253.37]
[14:45:13] [Server thread/WARN]: Can't keep up! Is the server overloaded? Running 2756ms or 55 ticks behind
[14:46:21] [Server thread/WARN]: Fetching packet for removed entity class_1542['Air'/204052, l='skimit', x=-137.77, y=6.00, z=216.07]
[14:48:13] [Server thread/WARN]: Fetching packet for removed entity class_1542['Air'/204402, l='skimit', x=-119.54, y=6.00, z=247.13]
[14:50:17] [Server thread/WARN]: Can't keep up! Is the server overloaded? Running 2536ms or 50 ticks behind
[14:53:13] [Server thread/WARN]: Fetching packet for removed entity class_1542['Air'/205647, l='skimit', x=-117.94, y=6.00, z=235.51]
[14:54:44] [Server thread/WARN]: Fetching packet for removed entity class_1542['Air'/205965, l='skimit', x=-139.27, y=6.00, z=249.13]
[14:55:17] [Server thread/INFO]: [TextileBackup]: Backup started by: SERVER on: 2020-04-25_14-55-17
[14:55:17] [Server thread/INFO]: [TextileBackup]: Saving server...
[14:55:17] [Thread-57/INFO]: [TextileBackup]: Starting compression...
[14:55:23] [Server thread/WARN]: Can't keep up! Is the server overloaded? Running 2160ms or 43 ticks behind
[14:55:48] [Server thread/WARN]: Can't keep up! Is the server overloaded? Running 10371ms or 207 ticks behind
[14:56:08] [Server thread/WARN]: Can't keep up! Is the server overloaded? Running 4652ms or 93 ticks behind
[14:56:34] [Server thread/WARN]: Can't keep up! Is the server overloaded? Running 11333ms or 226 ticks behind
[14:57:01] [Server thread/WARN]: Can't keep up! Is the server overloaded? Running 11507ms or 230 ticks behind
[14:57:30] [Server thread/WARN]: Can't keep up! Is the server overloaded? Running 14457ms or 289 ticks behind
[14:57:31] [Thread-57/INFO]: [TextileBackup]: Compression finished
[14:57:31] [Thread-57/INFO]: [TextileBackup]: Deleting: 2020-04-24_18-50-33.zip
[14:57:32] [Thread-57/INFO]: [TextileBackup]: Done!
[15:16:11] [Server thread/WARN]: Can't keep up! Is the server overloaded? Running 2058ms or 41 ticks behind
[15:16:17] [Server thread/INFO]: ChengXi123 was slain by Slime
[15:16:37] [Server thread/WARN]: Can't keep up! Is the server overloaded? Running 2116ms or 42 ticks behind
[15:16:55] [Server thread/WARN]: Can't keep up! Is the server overloaded? Running 3478ms or 69 ticks behind
[15:21:19] [Server thread/WARN]: Can't keep up! Is the server overloaded? Running 2425ms or 48 ticks behind
[15:25:19] [Server thread/INFO]: ChengXi123 lost connection: Disconnected
[15:25:19] [Server thread/INFO]: ChengXi123 left the game
[15:26:41] [Server thread/INFO]: ChengXi123[/127.0.0.1:55162] logged in with entity id 212045 at (-167.27809908659822, 6.0, 207.12311808339078)
[15:26:41] [Netty Server IO #0/WARN]: Received invalid identifier in minecraft:register: legacy:fml|hs (Non [a-z0-9/._-] character in path of location: legacy:fml|hs)
[15:26:41] [Server thread/INFO]: ChengXi123 joined the game
[15:31:22] [Server thread/WARN]: Can't keep up! Is the server overloaded? Running 2079ms or 41 ticks behind
[15:31:50] [Server thread/WARN]: Can't keep up! Is the server overloaded? Running 2029ms or 40 ticks behind
[15:32:07] [Server thread/WARN]: Can't keep up! Is the server overloaded? Running 2120ms or 42 ticks behind
[15:36:27] [Server thread/WARN]: Can't keep up! Is the server overloaded? Running 2186ms or 43 ticks behind
[15:37:04] [Server thread/WARN]: Fetching packet for removed entity class_1542['Air'/214520, l='skimit', x=-151.23, y=6.00, z=221.36]
[15:37:22] [Server thread/WARN]: Fetching packet for removed entity class_1542['Air'/214542, l='skimit', x=-147.91, y=6.00, z=221.63]
[15:37:44] [Server thread/WARN]: Fetching packet for removed entity class_1542['Air'/214614, l='skimit', x=-146.53, y=6.00, z=222.46]
[15:37:53] [Server thread/WARN]: Fetching packet for removed entity class_1542['Air'/214629, l='skimit', x=-148.03, y=6.00, z=224.89]
[15:37:55] [Server thread/WARN]: Fetching packet for removed entity class_1542['Air'/214631, l='skimit', x=-149.11, y=6.00, z=224.68]
[15:38:13] [Server thread/INFO]: ChengXi123 lost connection: Disconnected
[15:38:13] [Server thread/INFO]: ChengXi123 left the game
[15:39:51] [Server thread/INFO]: Cora_cold[/127.0.0.1:55637] logged in with entity id 214735 at (-69.4047417161078, 77.0, 240.30000001192093)
[15:39:51] [Netty Server IO #1/WARN]: Received invalid identifier in minecraft:register: legacy:fml|hs (Non [a-z0-9/._-] character in path of location: legacy:fml|hs)
[15:39:51] [Server thread/INFO]: Cora_cold joined the game
[15:40:13] [Server thread/INFO]: ChengXi123[/127.0.0.1:55653] logged in with entity id 214899 at (-149.1331573839372, 6.0, 221.512160642374)
[15:40:13] [Netty Server IO #0/WARN]: Received invalid identifier in minecraft:register: legacy:fml|hs (Non [a-z0-9/._-] character in path of location: legacy:fml|hs)
[15:40:13] [Server thread/INFO]: ChengXi123 joined the game
[15:40:29] [Server thread/INFO]: <Cora_cold> 我放这里的的钻石原矿呢？
[15:40:33] [Server thread/INFO]: <Cora_cold> 你是不是下线了
[15:40:33] [Server thread/INFO]: ChengXi123 lost connection: Disconnected
[15:40:33] [Server thread/INFO]: ChengXi123 left the game
[15:43:52] [Server thread/INFO]: ChengXi123[/127.0.0.1:55790] logged in with entity id 216108 at (-178.5209362872501, 5.0, 365.3848749007814)
[15:43:52] [Netty Server IO #0/WARN]: Received invalid identifier in minecraft:register: legacy:fml|hs (Non [a-z0-9/._-] character in path of location: legacy:fml|hs)
[15:43:52] [Server thread/INFO]: ChengXi123 joined the game
[15:44:08] [Server thread/WARN]: Fetching packet for removed entity class_1542['Diorite'/216204, l='skimit', x=-109.54, y=8.00, z=330.91]
[15:44:54] [Server thread/WARN]: Mismatch in destroy block pos: class_2338{x=-125, y=8, z=317} class_2338{x=-127, y=6, z=304}
[15:44:54] [Server thread/WARN]: Mismatch in destroy block pos: class_2338{x=-125, y=8, z=317} class_2338{x=-127, y=6, z=304}
[15:44:54] [Server thread/WARN]: Mismatch in destroy block pos: class_2338{x=-125, y=8, z=317} class_2338{x=-127, y=6, z=304}
[15:44:54] [Server thread/WARN]: Mismatch in destroy block pos: class_2338{x=-125, y=8, z=317} class_2338{x=-127, y=6, z=304}
[15:46:25] [Server thread/WARN]: Mismatch in destroy block pos: class_2338{x=-129, y=4, z=312} class_2338{x=-128, y=5, z=312}
[15:46:25] [Server thread/WARN]: Mismatch in destroy block pos: class_2338{x=-129, y=4, z=312} class_2338{x=-128, y=5, z=312}
[15:46:25] [Server thread/WARN]: Mismatch in destroy block pos: class_2338{x=-129, y=4, z=312} class_2338{x=-128, y=5, z=312}
[15:46:25] [Server thread/WARN]: Mismatch in destroy block pos: class_2338{x=-129, y=4, z=312} class_2338{x=-128, y=5, z=312}
[15:46:25] [Server thread/WARN]: Mismatch in destroy block pos: class_2338{x=-129, y=4, z=312} class_2338{x=-128, y=5, z=312}
[15:46:25] [Server thread/WARN]: Mismatch in destroy block pos: class_2338{x=-129, y=4, z=312} class_2338{x=-128, y=5, z=312}
[15:46:30] [Server thread/WARN]: Can't keep up! Is the server overloaded? Running 2527ms or 50 ticks behind
[15:47:03] [Server thread/INFO]: ChengXi123 was slain by Slime
[15:47:09] [Server thread/INFO]: <Cora_cold> ?
[15:48:04] [Server thread/WARN]: Mismatch in destroy block pos: class_2338{x=-128, y=4, z=317} class_2338{x=-128, y=3, z=317}
[15:48:44] [Server thread/WARN]: Mismatch in destroy block pos: class_2338{x=-126, y=3, z=331} class_2338{x=-127, y=3, z=332}
[15:48:50] [Server thread/INFO]: <Cora_cold> ?
[15:48:55] [Server thread/WARN]: Can't keep up! Is the server overloaded? Running 2043ms or 40 ticks behind
[15:49:14] [Server thread/WARN]: Mismatch in destroy block pos: class_2338{x=-125, y=5, z=333} class_2338{x=-123, y=6, z=332}
[15:49:18] [Server thread/WARN]: Mismatch in destroy block pos: class_2338{x=-124, y=4, z=337} class_2338{x=-123, y=3, z=336}
[15:49:19] [Server thread/WARN]: Mismatch in destroy block pos: class_2338{x=-126, y=4, z=336} class_2338{x=-125, y=4, z=336}
[15:49:19] [Server thread/WARN]: Mismatch in destroy block pos: class_2338{x=-126, y=4, z=336} class_2338{x=-125, y=4, z=336}
[15:49:19] [Server thread/WARN]: Mismatch in destroy block pos: class_2338{x=-126, y=4, z=336} class_2338{x=-125, y=4, z=336}
[15:49:39] [Server thread/WARN]: Mismatch in destroy block pos: class_2338{x=-124, y=3, z=339} class_2338{x=-123, y=4, z=339}
[15:50:11] [Server thread/WARN]: Mismatch in destroy block pos: class_2338{x=-117, y=7, z=334} class_2338{x=-117, y=6, z=335}
[15:50:11] [Server thread/WARN]: Mismatch in destroy block pos: class_2338{x=-117, y=7, z=334} class_2338{x=-117, y=6, z=335}
[15:50:12] [Server thread/WARN]: Mismatch in destroy block pos: class_2338{x=-117, y=7, z=334} class_2338{x=-117, y=6, z=335}
[15:50:13] [Server thread/WARN]: Mismatch in destroy block pos: class_2338{x=-116, y=4, z=335} class_2338{x=-116, y=2, z=335}
[15:50:15] [Server thread/WARN]: Mismatch in destroy block pos: class_2338{x=-114, y=4, z=334} class_2338{x=-113, y=4, z=335}
[15:51:08] [Server thread/INFO]: ChengXi123 lost connection: Disconnected
[15:51:08] [Server thread/INFO]: ChengXi123 left the game
[15:51:34] [Server thread/WARN]: Can't keep up! Is the server overloaded? Running 2205ms or 44 ticks behind
[15:52:17] [Server thread/INFO]: Cora_cold lost connection: Disconnected
[15:52:17] [Server thread/INFO]: Cora_cold left the game
[15:53:35] [Server thread/INFO]: Cora_cold[/127.0.0.1:56137] logged in with entity id 218958 at (-158.9750827429195, 6.0, 209.2712192398486)
[15:53:35] [Server thread/INFO]: Cora_cold joined the game
[15:53:36] [Netty Server IO #1/WARN]: Received invalid identifier in minecraft:register: legacy:fml|hs (Non [a-z0-9/._-] character in path of location: legacy:fml|hs)
[15:55:17] [Server thread/INFO]: [TextileBackup]: Backup started by: SERVER on: 2020-04-25_15-55-17
[15:55:17] [Server thread/INFO]: [TextileBackup]: Saving server...
[15:55:19] [Thread-58/INFO]: [TextileBackup]: Starting compression...
[15:55:20] [Server thread/WARN]: Can't keep up! Is the server overloaded? Running 2156ms or 43 ticks behind
[15:56:04] [Server thread/INFO]: ChengXi123[/127.0.0.1:56226] logged in with entity id 219617 at (-149.42949917413884, 6.0, 226.28733025877673)
[15:56:04] [Netty Server IO #0/WARN]: Received invalid identifier in minecraft:register: legacy:fml|hs (Non [a-z0-9/._-] character in path of location: legacy:fml|hs)
[15:56:04] [Server thread/INFO]: ChengXi123 joined the game
[15:56:09] [Server thread/WARN]: Can't keep up! Is the server overloaded? Running 34064ms or 681 ticks behind
[15:56:14] [Server thread/INFO]: <Cora_cold> 哪个史莱姆怎么收集啊
[15:57:05] [Server thread/WARN]: Can't keep up! Is the server overloaded? Running 41350ms or 827 ticks behind
[15:57:09] [Server thread/INFO]: <Cora_cold> 哪个史莱姆怎么收集啊
[15:57:36] [Thread-58/INFO]: [TextileBackup]: Compression finished
[15:57:36] [Thread-58/INFO]: [TextileBackup]: Deleting: 2020-04-24_21-03-21.zip
[15:57:38] [Thread-58/INFO]: [TextileBackup]: Done!
[15:57:39] [Server thread/WARN]: Can't keep up! Is the server overloaded? Running 19220ms or 384 ticks behind
[15:57:59] [Server thread/INFO]: <ChengXi123> 我只是不想铺地板的时候被打死
[15:58:13] [Server thread/WARN]: Can't keep up! Is the server overloaded? Running 2222ms or 44 ticks behind
[15:58:40] [Server thread/INFO]: <Cora_cold> 还是多放几个吧
[15:58:45] [Server thread/INFO]: <Cora_cold> 围起来有用吗？
[16:00:08] [Server thread/INFO]: <Cora_cold> ?
[16:01:34] [Server thread/INFO]: <Cora_cold> 这个有用吗？
[16:01:56] [Server thread/INFO]: <ChengXi123> 应该有吧
[16:02:22] [Server thread/INFO]: <ChengXi123> 铁傀儡是用来杀史莱姆啊
[16:02:31] [Server thread/INFO]: <Cora_cold> 史莱姆好
[16:02:37] [Server thread/INFO]: <ChengXi123> 你干嘛把他杀了
[16:02:44] [Server thread/INFO]: <Cora_cold> 好憨
[16:03:00] [Server thread/INFO]: <Cora_cold> 影响铺路
[16:03:06] [Server thread/INFO]: ChengXi123 lost connection: Disconnected
[16:03:06] [Server thread/INFO]: ChengXi123 left the game
[16:08:14] [Server thread/WARN]: Can't keep up! Is the server overloaded? Running 2021ms or 40 ticks behind
[16:10:29] [Server thread/WARN]: Can't keep up! Is the server overloaded? Running 2107ms or 42 ticks behind
[16:12:13] [Server thread/WARN]: Can't keep up! Is the server overloaded? Running 2023ms or 40 ticks behind
[16:12:33] [Server thread/WARN]: Can't keep up! Is the server overloaded? Running 5341ms or 106 ticks behind
[16:19:33] [Server thread/INFO]: Cora_cold lost connection: Disconnected
[16:19:33] [Server thread/INFO]: Cora_cold left the game
[19:00:07] [Server thread/INFO]: XxiaoyunX[/127.0.0.1:62895] logged in with entity id 223949 at (-147.54506846473254, 71.0, 459.4826040806855)
[19:00:07] [Netty Server IO #1/WARN]: Received invalid identifier in minecraft:register: legacy:fml|hs (Non [a-z0-9/._-] character in path of location: legacy:fml|hs)
[19:00:07] [Server thread/INFO]: XxiaoyunX joined the game
[19:00:08] [Server thread/INFO]: [TextileBackup]: Backup started by: SERVER on: 2020-04-25_19-00-08
[19:00:08] [Server thread/INFO]: [TextileBackup]: Saving server...
[19:00:09] [Thread-59/INFO]: [TextileBackup]: Starting compression...
[19:00:10] [Server thread/WARN]: Can't keep up! Is the server overloaded? Running 2561ms or 51 ticks behind
[19:00:45] [Server thread/WARN]: Can't keep up! Is the server overloaded? Running 20197ms or 403 ticks behind
[19:01:19] [Server thread/WARN]: Can't keep up! Is the server overloaded? Running 18874ms or 377 ticks behind
[19:01:42] [Server thread/WARN]: Can't keep up! Is the server overloaded? Running 8697ms or 173 ticks behind
[19:02:08] [Server thread/WARN]: Can't keep up! Is the server overloaded? Running 10858ms or 217 ticks behind
[19:02:24] [Thread-59/INFO]: [TextileBackup]: Compression finished
[19:02:24] [Thread-59/INFO]: [TextileBackup]: Deleting: 2020-04-25_05-30-01.zip
[19:02:25] [Server thread/WARN]: Can't keep up! Is the server overloaded? Running 2062ms or 41 ticks behind
[19:02:25] [Thread-59/INFO]: [TextileBackup]: Done!
[19:05:58] [Server thread/WARN]: Can't keep up! Is the server overloaded? Running 2185ms or 43 ticks behind
[19:06:23] [Server thread/WARN]: Can't keep up! Is the server overloaded? Running 2207ms or 44 ticks behind
[19:06:40] [Server thread/INFO]: XxiaoyunX lost connection: Disconnected
[19:06:40] [Server thread/INFO]: XxiaoyunX left the game
[21:51:43] [Server thread/INFO]: ChengXi123[/127.0.0.1:52756] logged in with entity id 226114 at (-156.65965580933442, 6.0, 212.32373279293566)
[21:51:43] [Netty Server IO #0/WARN]: Received invalid identifier in minecraft:register: legacy:fml|hs (Non [a-z0-9/._-] character in path of location: legacy:fml|hs)
[21:51:43] [Server thread/INFO]: ChengXi123 joined the game
[21:51:44] [Server thread/WARN]: Can't keep up! Is the server overloaded? Running 2069ms or 41 ticks behind
[21:51:44] [Server thread/INFO]: [TextileBackup]: Backup started by: SERVER on: 2020-04-25_21-51-44
[21:51:44] [Server thread/INFO]: [TextileBackup]: Saving server...
[21:51:45] [Thread-60/INFO]: [TextileBackup]: Starting compression...
[21:52:08] [Server thread/WARN]: Can't keep up! Is the server overloaded? Running 9286ms or 185 ticks behind
[21:52:28] [Server thread/WARN]: Can't keep up! Is the server overloaded? Running 5357ms or 107 ticks behind
[21:52:55] [Server thread/WARN]: Can't keep up! Is the server overloaded? Running 11590ms or 231 ticks behind
[21:53:16] [Server thread/WARN]: Can't keep up! Is the server overloaded? Running 6076ms or 121 ticks behind
[21:53:34] [Server thread/WARN]: Can't keep up! Is the server overloaded? Running 2366ms or 47 ticks behind
[21:53:57] [Thread-60/INFO]: [TextileBackup]: Compression finished
[21:53:57] [Thread-60/INFO]: [TextileBackup]: Deleting: 2020-04-25_07-42-03.zip
[21:53:57] [Thread-60/INFO]: [TextileBackup]: Done!
[21:54:33] [Server thread/WARN]: Fetching packet for removed entity class_1542['Air'/226676, l='skimit', x=-136.72, y=6.00, z=220.74]
[21:57:02] [Server thread/WARN]: Can't keep up! Is the server overloaded? Running 2122ms or 42 ticks behind
[21:57:25] [Server thread/WARN]: Can't keep up! Is the server overloaded? Running 8727ms or 174 ticks behind
[22:00:23] [Server thread/WARN]: Can't keep up! Is the server overloaded? Running 2505ms or 50 ticks behind
[22:06:06] [Server thread/WARN]: Can't keep up! Is the server overloaded? Running 2022ms or 40 ticks behind
[22:06:23] [Server thread/WARN]: Can't keep up! Is the server overloaded? Running 2113ms or 42 ticks behind
[22:07:32] [Server thread/WARN]: Can't keep up! Is the server overloaded? Running 2017ms or 40 ticks behind
[22:10:04] [Server thread/INFO]: ChengXi123 lost connection: Disconnected
[22:10:04] [Server thread/INFO]: ChengXi123 left the game
[22:10:20] [Server thread/INFO]: ChengXi123[/127.0.0.1:53422] logged in with entity id 229840 at (-113.42974314961253, 3.0, 228.0268064787929)
[22:10:20] [Netty Server IO #0/WARN]: Received invalid identifier in minecraft:register: legacy:fml|hs (Non [a-z0-9/._-] character in path of location: legacy:fml|hs)
[22:10:21] [Server thread/INFO]: ChengXi123 joined the game
[22:11:19] [Server thread/WARN]: Can't keep up! Is the server overloaded? Running 2147ms or 42 ticks behind
[22:11:41] [Server thread/WARN]: Can't keep up! Is the server overloaded? Running 7091ms or 141 ticks behind
[22:15:39] [Server thread/WARN]: Can't keep up! Is the server overloaded? Running 2139ms or 42 ticks behind
[22:15:58] [Server thread/WARN]: Can't keep up! Is the server overloaded? Running 4504ms or 90 ticks behind
[22:18:25] [Server thread/INFO]: ChengXi123 lost connection: Disconnected
[22:18:25] [Server thread/INFO]: ChengXi123 left the game
