[05:30:11] [main/INFO]: Loading for game Minecraft 1.15.2
[05:30:11] [main/INFO]: [FabricLoader] Loading 4 mods: minecraft@1.15.2, carpet-extra@1.3.15, fabricloader@0.7.8+build.189, carpet@1.3.15
[05:30:12] [main/INFO]: SpongePowered MIXIN Subsystem Version=0.8 Source=file:/C:/Server/skimit_survival/fabric-server-launch.jar Service=Knot/Fabric Env=SERVER
[05:31:17] [main/WARN]: Ambiguity between arguments [teleport, destination] and [teleport, targets] with inputs: [Player, 0123, @e, dd12be42-52a9-4a91-a8a1-11c01849e498]
[05:31:17] [main/WARN]: Ambiguity between arguments [teleport, location] and [teleport, destination] with inputs: [0.1 -0.5 .9, 0 0 0]
[05:31:17] [main/WARN]: Ambiguity between arguments [teleport, location] and [teleport, targets] with inputs: [0.1 -0.5 .9, 0 0 0]
[05:31:17] [main/WARN]: Ambiguity between arguments [teleport, targets] and [teleport, destination] with inputs: [Player, 0123, dd12be42-52a9-4a91-a8a1-11c01849e498]
[05:31:17] [main/WARN]: Ambiguity between arguments [teleport, targets, location] and [teleport, targets, destination] with inputs: [0.1 -0.5 .9, 0 0 0]
[05:31:18] [Server thread/INFO]: Starting minecraft server version 1.15.2
[05:31:18] [Server thread/INFO]: Loading properties
[05:31:18] [Server thread/INFO]: Default game type: SURVIVAL
[05:31:18] [Server thread/INFO]: Generating keypair
[05:31:18] [Server thread/INFO]: Starting Minecraft server on *:26565
[05:31:18] [Server thread/INFO]: Using default channel type
[05:31:19] [Server thread/WARN]: **** SERVER IS RUNNING IN OFFLINE/INSECURE MODE!
[05:31:19] [Server thread/WARN]: The server will make no attempt to authenticate usernames. Beware.
[05:31:19] [Server thread/WARN]: While this makes the game possible to play without internet access, it also opens up the ability for hackers to connect with any username they choose.
[05:31:19] [Server thread/WARN]: To change this, set "online-mode" to "true" in the server.properties file.
[05:31:19] [Server thread/INFO]: Preparing level "skimit"
[05:31:21] [Server thread/INFO]: Reloading ResourceManager: Default, bukkit
[05:31:23] [Server thread/INFO]: Loaded 6 recipes
[05:31:25] [Server thread/INFO]: Loaded 825 advancements
[05:31:26] [Server thread/INFO]: Preparing start region for dimension minecraft:overworld
[05:31:29] [Server thread/INFO]: Preparing spawn area: 0%
[05:31:29] [Server thread/INFO]: Preparing spawn area: 0%
[05:31:29] [Server thread/INFO]: Preparing spawn area: 0%
[05:31:29] [Server thread/INFO]: Preparing spawn area: 0%
[05:31:29] [Server thread/INFO]: Preparing spawn area: 0%
[05:31:29] [Server thread/INFO]: Preparing spawn area: 0%
[05:31:29] [Server thread/INFO]: Preparing spawn area: 0%
[05:31:30] [Server thread/INFO]: Preparing spawn area: 0%
[05:31:31] [Server-Worker-2/INFO]: Preparing spawn area: 0%
[05:31:31] [Server-Worker-2/INFO]: Preparing spawn area: 0%
[05:31:32] [Server thread/INFO]: Preparing spawn area: 0%
[05:31:32] [Server thread/INFO]: Preparing spawn area: 0%
[05:31:32] [Server thread/INFO]: Preparing spawn area: 0%
[05:31:33] [Server thread/INFO]: Preparing spawn area: 83%
[05:31:34] [Server thread/INFO]: Time elapsed: 8288 ms
[05:31:34] [Server thread/INFO]: Done (14.963s)! For help, type "help"
[05:31:34] [Server thread/INFO]: Starting remote control listener
[05:31:34] [RCON Listener #1/INFO]: RCON running on 0.0.0.0:22140
[07:01:37] [Server thread/INFO]: Manjaro_linux[/127.0.0.1:58896] logged in with entity id 94 at (-167.89233913837086, 71.875, 409.55205675448207)
[07:01:37] [Server thread/INFO]: Manjaro_linux joined the game
[07:01:39] [Server thread/WARN]: Can't keep up! Is the server overloaded? Running 2267ms or 45 ticks behind
[07:02:03] [Server thread/WARN]: Can't keep up! Is the server overloaded? Running 8512ms or 170 ticks behind
[07:02:38] [Server thread/INFO]: Manjaro_linux was shot by Skeleton
[07:03:15] [Server thread/INFO]: Manjaro_linux was slain by Spider
[07:04:47] [Server thread/INFO]: Manjaro_linux was shot by Skeleton
[07:04:51] [Server thread/INFO]: Manjaro_linux lost connection: Disconnected
[07:04:51] [Server thread/INFO]: Manjaro_linux left the game
[07:31:03] [Server thread/INFO]: Stopping the server
[07:31:03] [Server thread/INFO]: Unknown command
[07:31:03] [Server thread/INFO]: end<--[HERE]
[07:31:03] [Server thread/INFO]: Unknown command
[07:31:03] [Server thread/INFO]: exit<--[HERE]
[07:31:03] [Server thread/INFO]: Stopping server
[07:31:03] [Server thread/INFO]: Saving players
[07:31:03] [Server thread/INFO]: Saving worlds
[07:31:03] [Server thread/INFO]: Saving chunks for level 'skimit'/minecraft:the_end
[07:31:03] [Server thread/INFO]: ThreadedAnvilChunkStorage (DIM1): All chunks are saved
[07:31:03] [Server thread/INFO]: Saving chunks for level 'skimit'/minecraft:the_nether
[07:31:03] [Server thread/INFO]: ThreadedAnvilChunkStorage (DIM-1): All chunks are saved
[07:31:03] [Server thread/INFO]: Saving chunks for level 'skimit'/minecraft:overworld
[07:31:03] [Server thread/INFO]: ThreadedAnvilChunkStorage (skimit): All chunks are saved
[07:31:03] [Server thread/INFO]: ThreadedAnvilChunkStorage (DIM1): All chunks are saved
[07:31:03] [Server thread/INFO]: ThreadedAnvilChunkStorage (DIM-1): All chunks are saved
[07:31:03] [Server thread/INFO]: ThreadedAnvilChunkStorage (skimit): All chunks are saved
