[15:01:06] [main/INFO]: Loading for game Minecraft 1.15.2
[15:01:11] [main/WARN]: Mod `jankson` (2.0.0+j1.2.0) uses 'requires' key in fabric.mod.json, which is not supported - use 'depends'
[15:01:11] [main/INFO]: [FabricLoader] Loading 44 mods: minecraft@1.15.2, fabric-networking-blockentity-v0@0.2.3+e08a73050c, fabric-renderer-api-v1@0.2.10+f08b61330c, fabric-keybindings-v0@0.1.1+dfdb52d60c, jankson@2.0.0+j1.2.0, fabricloader@0.7.8+build.189, phosphor@0.5.2+build.6, fabric-renderer-indigo@0.2.23+9290e2ed0c, fabric-containers-v0@0.1.3+b7f9825d0c, lithium@0.4.6, fabric-dimensions-v1@0.3.0+2ad156310c, org_apache_commons_commons-compress@1.9, fabric-biomes-v1@0.1.5+3b05f68e0c, fabric-events-interaction-v0@0.3.0+fac69e320c, fabric-crash-report-info-v1@0.1.2+b7f9825d0c, fabric-api-base@0.1.2+b7f9825d0c, fabric-rendering-v0@1.1.0+534104900c, fabric-rendering-v1@0.1.0+534104900c, fabric-rendering-data-attachment-v1@0.1.3+b7f9825d0c, mm@2.0, fabric-resource-loader-v0@0.1.10+06c939b30c, fabric-textures-v0@1.0.4+821cdba70c, fabric-content-registries-v0@0.1.3+b7f9825d0c, fabric-tag-extensions-v0@0.1.3+abd915800c, fabric-rendering-fluids-v1@0.1.6+12515ed90c, fabric-commands-v0@0.1.2+b7f9825d0c, fabric-registry-sync-v0@0.2.6+f3d8141b0c, com_moandjiezana_toml_toml4j@0.7.2, cotton-logging@1.0.0-rc.4, fabric-blockrenderlayer-v1@1.1.4+c6a8ea890c, textile_backup@1.1.0-1.15, fabric-mining-levels-v0@0.1.1+b7f9825d0c, fabric-renderer-registries-v1@2.0.1+5a0f9a600c, carpet-extra@1.3.15, fabric-events-lifecycle-v0@0.1.2+b7f9825d0c, fabric-loot-tables-v1@0.1.5+e08a73050c, fabric@0.5.1+build.294-1.15, carpet@1.3.15, fabric-item-groups-v0@0.1.6+ec40b2e10c, fabric-models-v0@0.1.0+dfdb52d60c, fabric-particles-v1@0.1.1+dfdb52d60c, fabric-networking-v0@0.1.7+12515ed90c, fabric-object-builders-v0@0.1.3+e4c9a9c30c, cotton-config@1.0.0-rc.7
[15:01:11] [main/INFO]: SpongePowered MIXIN Subsystem Version=0.8 Source=file:/C:/Server/skimit_survival/fabric-server-launch.jar Service=Knot/Fabric Env=SERVER
[15:01:12] [main/INFO]: Lithium's configuration file was loaded successfully
[15:01:13] [main/INFO]: Not applying mixin 'me.jellysquid.mods.lithium.mixin.chunk.no_chunk_locking.MixinPalettedContainer' as no configuration enables it
[15:01:14] [main/INFO]: Not applying mixin 'me.jellysquid.mods.lithium.mixin.redstone.MixinRedstoneWireBlock' as no configuration enables it
[15:01:14] [main/INFO]: Not applying mixin 'me.jellysquid.mods.lithium.mixin.redstone.MixinWorld' as no configuration enables it
[15:01:18] [main/INFO]: Transforming class net/minecraft/class_2382 using patch set 'Modify mutability flags in Vec3i'
[15:01:25] [main/INFO]: Transforming class net/minecraft/class_2338$class_2339 using patch set 'Use mutable fields in Vec3i'
[15:02:38] [main/WARN]: Ambiguity between arguments [teleport, destination] and [teleport, targets] with inputs: [Player, 0123, @e, dd12be42-52a9-4a91-a8a1-11c01849e498]
[15:02:38] [main/WARN]: Ambiguity between arguments [teleport, location] and [teleport, destination] with inputs: [0.1 -0.5 .9, 0 0 0]
[15:02:38] [main/WARN]: Ambiguity between arguments [teleport, location] and [teleport, targets] with inputs: [0.1 -0.5 .9, 0 0 0]
[15:02:38] [main/WARN]: Ambiguity between arguments [teleport, targets] and [teleport, destination] with inputs: [Player, 0123, dd12be42-52a9-4a91-a8a1-11c01849e498]
[15:02:38] [main/WARN]: Ambiguity between arguments [teleport, targets, location] and [teleport, targets, destination] with inputs: [0.1 -0.5 .9, 0 0 0]
[15:02:42] [main/INFO]: Definitely not up to no good
[15:02:42] [main/INFO]: [TextileBackup]: Loading TextileBackup by Szum123321
[15:02:44] [Server thread/INFO]: Starting minecraft server version 1.15.2
[15:02:44] [Server thread/INFO]: Loading properties
[15:02:44] [Server thread/INFO]: Default game type: SURVIVAL
[15:02:44] [Server thread/INFO]: Generating keypair
[15:02:44] [Server thread/INFO]: Starting Minecraft server on *:26565
[15:02:45] [Server thread/INFO]: Using default channel type
[15:02:45] [Server thread/WARN]: **** SERVER IS RUNNING IN OFFLINE/INSECURE MODE!
[15:02:45] [Server thread/WARN]: The server will make no attempt to authenticate usernames. Beware.
[15:02:45] [Server thread/WARN]: While this makes the game possible to play without internet access, it also opens up the ability for hackers to connect with any username they choose.
[15:02:45] [Server thread/WARN]: To change this, set "online-mode" to "true" in the server.properties file.
[15:02:46] [Server thread/INFO]: Preparing level "skimit"
[15:02:46] [Server thread/INFO]: [CM]: loaded setting commandDraw as false from carpet.conf
[15:02:46] [Server thread/INFO]: [CM]: loaded setting rotatorBlock as true from carpet.conf
[15:02:46] [Server thread/INFO]: [CM]: loaded setting combineXPOrbs as true from carpet.conf
[15:02:46] [Server thread/INFO]: [CM]: loaded setting onePlayerSleeping as true from carpet.conf
[15:02:46] [Server thread/INFO]: [CM]: loaded setting portalSuffocationFix as true from carpet.conf
[15:02:46] [Server thread/INFO]: [CM]: loaded setting leadFix as true from carpet.conf
[15:02:46] [Server thread/INFO]: [CM]: loaded setting antiCheatDisabled as true from carpet.conf
[15:02:46] [Server thread/INFO]: [CM]: loaded setting defaultLoggers as tps,mobcaps from carpet.conf
[15:02:46] [Server thread/INFO]: [CM]: loaded setting commandCameramode as false from carpet.conf
[15:02:46] [Server thread/INFO]: [CM]: loaded setting unloadedEntityFix as true from carpet.conf
[15:02:46] [Server thread/INFO]: [CM]: loaded setting ctrlQCraftingFix as true from carpet.conf
[15:02:46] [Server thread/INFO]: [fabric-registry-sync] Loaded registry data [file 1/4]
[15:02:46] [Server thread/INFO]: Reloading ResourceManager: Default, bukkit, Fabric Mining Levels (v0)
[15:02:49] [Server thread/INFO]: Loaded 6 recipes
[15:02:51] [Server thread/INFO]: Loaded 825 advancements
[15:02:56] [Server thread/INFO]: Preparing start region for dimension minecraft:overworld
[15:03:03] [Server thread/INFO]: Preparing spawn area: 0%
[15:03:03] [Server thread/INFO]: Preparing spawn area: 0%
[15:03:03] [Server thread/INFO]: Preparing spawn area: 0%
[15:03:03] [Server thread/INFO]: Preparing spawn area: 0%
[15:03:03] [Server thread/INFO]: Preparing spawn area: 0%
[15:03:03] [Server thread/INFO]: Preparing spawn area: 0%
[15:03:03] [Server thread/INFO]: Preparing spawn area: 0%
[15:03:03] [Server thread/INFO]: Preparing spawn area: 0%
[15:03:03] [Server thread/INFO]: Preparing spawn area: 0%
[15:03:03] [Server thread/INFO]: Preparing spawn area: 0%
[15:03:03] [Server thread/INFO]: Preparing spawn area: 0%
[15:03:03] [Server thread/INFO]: Preparing spawn area: 0%
[15:03:03] [Server thread/INFO]: Preparing spawn area: 0%
[15:03:03] [Server thread/INFO]: Preparing spawn area: 0%
[15:03:03] [Server-Worker-3/INFO]: Preparing spawn area: 0%
[15:03:04] [Server-Worker-3/INFO]: Preparing spawn area: 0%
[15:03:04] [Server-Worker-3/INFO]: Preparing spawn area: 0%
[15:03:05] [Server-Worker-3/INFO]: Preparing spawn area: 0%
[15:03:06] [Server-Worker-3/INFO]: Preparing spawn area: 0%
[15:03:06] [Server-Worker-3/INFO]: Preparing spawn area: 0%
[15:03:06] [Server thread/INFO]: Preparing spawn area: 0%
[15:03:07] [Server thread/INFO]: Preparing spawn area: 0%
[15:03:07] [Server thread/INFO]: Preparing spawn area: 83%
[15:03:09] [Server thread/INFO]: Time elapsed: 13375 ms
[15:03:09] [Server thread/INFO]: Done (23.793s)! For help, type "help"
[15:03:09] [Server thread/INFO]: Starting remote control listener
[15:03:09] [RCON Listener #1/INFO]: RCON running on 0.0.0.0:25636
[15:03:12] [Server thread/WARN]: Can't keep up! Is the server overloaded? Running 2562ms or 51 ticks behind
[15:05:05] [Server thread/WARN]: Can't keep up! Is the server overloaded? Running 2247ms or 44 ticks behind
[16:45:17] [Server thread/INFO]: Cora_cold[/127.0.0.1:64941] logged in with entity id 335 at (-140.69999998807907, 4.0, 281.47358705923705)
[16:45:17] [Netty Server IO #0/WARN]: Received invalid identifier in minecraft:register: legacy:fml|hs (Non [a-z0-9/._-] character in path of location: legacy:fml|hs)
[16:45:17] [Server thread/INFO]: Cora_cold joined the game
[16:45:20] [Server thread/WARN]: Can't keep up! Is the server overloaded? Running 4466ms or 89 ticks behind
[16:45:20] [Server thread/INFO]: [TextileBackup]: Backup started by: SERVER on: 2020-05-24_16-45-20
[16:45:20] [Server thread/INFO]: [TextileBackup]: Saving server...
[16:45:21] [Thread-54/INFO]: [TextileBackup]: Starting compression...
[16:45:38] [Server thread/WARN]: Can't keep up! Is the server overloaded? Running 2852ms or 57 ticks behind
[16:45:58] [Server thread/WARN]: Can't keep up! Is the server overloaded? Running 5278ms or 105 ticks behind
[16:46:15] [Server thread/WARN]: Can't keep up! Is the server overloaded? Running 2260ms or 45 ticks behind
[16:46:48] [Server thread/WARN]: Can't keep up! Is the server overloaded? Running 2025ms or 40 ticks behind
[16:47:14] [Server thread/WARN]: Can't keep up! Is the server overloaded? Running 2076ms or 41 ticks behind
[16:47:56] [Thread-54/INFO]: [TextileBackup]: Compression finished
[16:47:56] [Thread-54/INFO]: [TextileBackup]: Deleting: 2020-05-24_05-30-01.zip
[16:47:56] [Thread-54/INFO]: [TextileBackup]: Done!
[16:49:28] [Server thread/INFO]: WhiteSky_Bai[/127.0.0.1:65073] logged in with entity id 1275 at (-113.05808360426278, 6.0, 258.58020418150863)
[16:49:28] [Netty Server IO #0/WARN]: Received invalid identifier in minecraft:register: legacy:fml|hs (Non [a-z0-9/._-] character in path of location: legacy:fml|hs)
[16:49:28] [Server thread/INFO]: WhiteSky_Bai joined the game
[16:51:56] [Server thread/WARN]: Mismatch in destroy block pos: class_2338{x=-74, y=3, z=288} class_2338{x=-74, y=4, z=288}
[16:52:25] [Server thread/INFO]: <WhiteSky_Bai> 能不能铺上半砖
[16:52:30] [Server thread/INFO]: <WhiteSky_Bai> 不然一直刷怪
[16:52:32] [Server thread/INFO]: <WhiteSky_Bai> 会很卡
[16:52:37] [Server thread/INFO]: <Cora_cold> 没事
[16:53:23] [Server thread/WARN]: Mismatch in destroy block pos: class_2338{x=-55, y=3, z=293} class_2338{x=-55, y=4, z=293}
[16:54:35] [Server thread/INFO]: <WhiteSky_Bai> 这是要干啥
[16:54:42] [Server thread/INFO]: <Cora_cold> 地下刷怪
[16:54:55] [Server thread/INFO]: <WhiteSky_Bai> aoao
[16:55:14] [Server thread/INFO]: <WhiteSky_Bai> 我推荐把出生点挖空
[16:55:27] [Server thread/INFO]: <WhiteSky_Bai> 出生点的区块是一直更新的
[16:55:28] [Server thread/INFO]: <WhiteSky_Bai> = =
[16:55:36] [Server thread/INFO]: <WhiteSky_Bai> 你就算没人也会一大堆怪
[17:01:29] [Server thread/INFO]: <WhiteSky_Bai> 太烦了
[17:01:37] [Server thread/INFO]: <WhiteSky_Bai> 我好想铺半砖
[17:01:49] [Server thread/INFO]: Naando[/127.0.0.1:65483] logged in with entity id 5472 at (302.5059849855256, 34.875, 72.30000001192093)
[17:01:49] [Netty Server IO #0/WARN]: Received invalid identifier in minecraft:register: legacy:fml|hs (Non [a-z0-9/._-] character in path of location: legacy:fml|hs)
[17:01:49] [Server thread/INFO]: Naando joined the game
[17:01:50] [Server thread/INFO]: <Cora_cold> 这东西我已经铺半个月了
[17:01:51] [Server thread/WARN]: Can't keep up! Is the server overloaded? Running 2009ms or 40 ticks behind
[17:01:56] [Server thread/INFO]: <Cora_cold> 不想再改了
[17:02:00] [Server thread/INFO]: <WhiteSky_Bai> em
[17:02:03] [Server thread/INFO]: <Cora_cold> 快开学了赶紧弄完
[17:02:03] [Server thread/INFO]: <WhiteSky_Bai> 刷怪啊
[17:02:17] [Server thread/WARN]: Can't keep up! Is the server overloaded? Running 2004ms or 40 ticks behind
[17:02:27] [Server thread/INFO]: <Naando> 老子换了个猛男皮肤回来了
[17:02:27] [Server thread/INFO]: <WhiteSky_Bai> 真的卡
[17:02:52] [Server thread/INFO]: <Naando> 非常猛男
[17:03:10] [Server thread/WARN]: Can't keep up! Is the server overloaded? Running 3009ms or 60 ticks behind
[17:03:38] [Server thread/WARN]: Can't keep up! Is the server overloaded? Running 13095ms or 261 ticks behind
[17:04:08] [Server thread/WARN]: Can't keep up! Is the server overloaded? Running 15074ms or 301 ticks behind
[17:04:27] [Server thread/INFO]: <Cora_cold> naando你在哪里？
[17:04:28] [Server thread/INFO]: <Cora_cold> 地狱？
[17:04:31] [Server thread/INFO]: <Naando> 村庄
[17:04:35] [Server thread/INFO]: <Cora_cold> o
[17:04:35] [Server thread/WARN]: Can't keep up! Is the server overloaded? Running 11714ms or 234 ticks behind
[17:05:00] [Server thread/WARN]: Can't keep up! Is the server overloaded? Running 2003ms or 40 ticks behind
[17:05:12] [Server thread/INFO]: <Naando> 这个皮肤非常的"猛男"
[17:05:19] [Server thread/WARN]: Can't keep up! Is the server overloaded? Running 2035ms or 40 ticks behind
[17:05:38] [Server thread/WARN]: Can't keep up! Is the server overloaded? Running 3543ms or 70 ticks behind
[17:05:39] [Server thread/INFO]: <WhiteSky_Bai> ka
[17:05:55] [Server thread/WARN]: Can't keep up! Is the server overloaded? Running 2589ms or 51 ticks behind
[17:06:14] [Server thread/WARN]: Can't keep up! Is the server overloaded? Running 4377ms or 87 ticks behind
[17:06:43] [Server thread/INFO]: <Naando> 我在矿坑里面
[17:06:49] [Server thread/INFO]: <Cora_cold> 那要不再铺一层上半砖
[17:07:01] [Server thread/INFO]: <Naando> 卧槽峡谷
[17:07:14] [Server thread/INFO]: <Naando> 3个大峡谷连一起了
[17:07:57] [Server thread/WARN]: Mismatch in destroy block pos: class_2338{x=-59, y=5, z=304} class_2338{x=-58, y=5, z=304}
[17:07:57] [Server thread/WARN]: Mismatch in destroy block pos: class_2338{x=-58, y=5, z=304} class_2338{x=-59, y=4, z=304}
[17:08:08] [Server thread/WARN]: Mismatch in destroy block pos: class_2338{x=-58, y=5, z=304} class_2338{x=-59, y=4, z=304}
[17:09:27] [Server thread/INFO]: <Naando> 我现在在村庄
[17:09:38] [Server thread/WARN]: Can't keep up! Is the server overloaded? Running 3277ms or 65 ticks behind
[17:09:42] [Server thread/INFO]: <Naando> 你们可以过来看看我朋友换上的猛男皮肤
[17:10:03] [Server thread/WARN]: Can't keep up! Is the server overloaded? Running 10326ms or 206 ticks behind
[17:10:12] [Server thread/INFO]: Naando has made the advancement [Sticky Situation]
[17:10:59] [Server thread/WARN]: Can't keep up! Is the server overloaded? Running 3867ms or 77 ticks behind
[17:11:21] [Server thread/INFO]: Scanning for legacy world dragon fight...
[17:11:21] [Server thread/INFO]: Found that the dragon has been killed in this world already.
[17:11:24] [Server thread/WARN]: Can't keep up! Is the server overloaded? Running 9338ms or 186 ticks behind
[17:12:04] [Server thread/INFO]: <Naando> 人呢
[17:12:10] [Server thread/INFO]: <Naando> 我觉得我可以帮忙
[17:12:45] [Server thread/INFO]: <Cora_cold> white 你说还铺半砖吗
[17:13:33] [Server thread/INFO]: <Naando> 我来帮忙啊
[17:13:38] [Server thread/INFO]: <Naando> 带我一个
[17:13:46] [Server thread/INFO]: <WhiteSky_Bai> 小黑刷怪塔在哪
[17:13:47] [Server thread/INFO]: <WhiteSky_Bai> = =
[17:13:51] [Server thread/INFO]: <WhiteSky_Bai> 我想附个魔
[17:13:55] [Server thread/INFO]: <Naando> 末地啊
[17:13:59] [Server thread/INFO]: <WhiteSky_Bai> 、、
[17:14:08] [Server thread/INFO]: <Cora_cold> 出生点传送门，左边的就是
[17:14:08] [Server thread/INFO]: <WhiteSky_Bai> 先去末地船？
[17:14:13] [Server thread/INFO]: <Naando> 我带你？
[17:14:26] [Server thread/WARN]: Can't keep up! Is the server overloaded? Running 2017ms or 40 ticks behind
[17:14:37] [Server thread/INFO]: <Naando> 先去末地
[17:14:41] [Server thread/INFO]: <Naando> 偶不对
[17:14:46] [Server thread/INFO]: <Naando> 先去地狱
[17:14:46] [Server thread/INFO]: <Cora_cold> 早知道就铺半砖了
[17:14:48] [Server thread/INFO]: WhiteSky_Bai has made the advancement [Remote Getaway]
[17:14:52] [Server thread/WARN]: Can't keep up! Is the server overloaded? Running 2160ms or 43 ticks behind
[17:14:57] [Server thread/INFO]: <Cora_cold> ？？？
[17:15:03] [Server thread/INFO]: <Cora_cold> 黑曜石平台下面就是
[17:15:12] [Server thread/WARN]: Can't keep up! Is the server overloaded? Running 5575ms or 111 ticks behind
[17:15:33] [Server thread/INFO]: <Naando> 所以你人在末地吗
[17:15:42] [Server thread/WARN]: Can't keep up! Is the server overloaded? Running 2017ms or 40 ticks behind
[17:16:08] [Server thread/WARN]: Can't keep up! Is the server overloaded? Running 2038ms or 40 ticks behind
[17:16:14] [Server thread/INFO]: <Cora_cold> white 你说还铺半砖吗
[17:16:18] [Server thread/INFO]: <WhiteSky_Bai> 铺啊
[17:16:21] [Server thread/INFO]: <WhiteSky_Bai> 我怎么回去
[17:16:27] [Server thread/INFO]: <Cora_cold> 折跃？
[17:16:31] [Server thread/INFO]: <Cora_cold> 不知道
[17:16:32] [Server thread/INFO]: <WhiteSky_Bai> 新版本我都没怎么玩过
[17:16:33] [Server thread/INFO]: <WhiteSky_Bai> = =
[17:16:36] [Server thread/INFO]: <WhiteSky_Bai> 救命啊
[17:16:43] [Server thread/INFO]: <Naando> 你在末地吗
[17:16:51] [Server thread/INFO]: <WhiteSky_Bai> 末地二层
[17:16:59] [Server thread/INFO]: <Naando> o
[17:17:06] [Server thread/INFO]: <WhiteSky_Bai> 怎么回去
[17:17:07] [Server thread/WARN]: Can't keep up! Is the server overloaded? Running 2009ms or 40 ticks behind
[17:17:37] [Server thread/INFO]: <Cora_cold> 曹
[17:17:49] [Server thread/INFO]: <Cora_cold> 你俩吃金苹果上瘾了？
[17:18:08] [Server thread/INFO]: <Naando> 我拿的金屁股一天都没吃完啊
[17:18:12] [Server thread/INFO]: <Naando> 我就拿了20个
[17:18:21] [Server thread/INFO]: <Cora_cold> 我就吃过两歌
[17:18:23] [Server thread/INFO]: <Cora_cold> 个
[17:18:24] [Server thread/INFO]: WhiteSky_Bai lost connection: Disconnected
[17:18:24] [Server thread/INFO]: WhiteSky_Bai left the game
[17:18:36] [Server thread/INFO]: Naando has made the advancement [Remote Getaway]
[17:20:41] [Server thread/WARN]: Can't keep up! Is the server overloaded? Running 2124ms or 42 ticks behind
[17:21:01] [Server thread/INFO]: Naando was slain by Enderman
[17:21:05] [Server thread/INFO]: <Naando> c
[17:21:11] [Server thread/INFO]: <Cora_cold> 就这？
[17:21:17] [Server thread/INFO]: <Naando> tm欺负我没穿装备
[17:21:45] [Server thread/INFO]: <Naando> 算了那些装备不要了
[17:21:51] [Server thread/INFO]: <Naando> 一个字
[17:21:53] [Server thread/INFO]: <Naando> 懒
[17:22:08] [Server thread/INFO]: <Naando> 那个
[17:22:10] [Server thread/INFO]: <Naando> c
[17:22:29] [Server thread/INFO]: <Naando> Cora_cold你有烈焰棒吗
[17:22:35] [Server thread/INFO]: <Cora_cold> 没有
[17:22:40] [Server thread/INFO]: <Cora_cold> 现在还没找到刷怪笼
[17:22:42] [Server thread/INFO]: <Naando> 那咋办
[17:22:55] [Server thread/INFO]: <Cora_cold> 谁也没打算去地狱发展
[17:23:06] [Server thread/INFO]: <Cora_cold> chengxi打算等更新之后再发展地狱
[17:23:21] [Server thread/INFO]: <Naando> 酿造机没粉了
[17:25:22] [Server thread/WARN]: Can't keep up! Is the server overloaded? Running 2083ms or 41 ticks behind
[17:26:15] [Server thread/INFO]: WhiteSky_Bai[/127.0.0.1:49926] logged in with entity id 17482 at (95.81481628489865, 31.0, -1.138538585743556)
[17:26:15] [Netty Server IO #0/WARN]: Received invalid identifier in minecraft:register: legacy:fml|hs (Non [a-z0-9/._-] character in path of location: legacy:fml|hs)
[17:26:15] [Server thread/INFO]: WhiteSky_Bai joined the game
[17:26:18] [Server thread/WARN]: Can't keep up! Is the server overloaded? Running 2014ms or 40 ticks behind
[17:27:44] [Server thread/WARN]: Can't keep up! Is the server overloaded? Running 2041ms or 40 ticks behind
[17:28:01] [Server thread/WARN]: Can't keep up! Is the server overloaded? Running 2156ms or 43 ticks behind
[17:28:19] [Server thread/WARN]: Can't keep up! Is the server overloaded? Running 3562ms or 71 ticks behind
[17:28:39] [Server thread/WARN]: Can't keep up! Is the server overloaded? Running 4882ms or 97 ticks behind
[17:28:55] [Server thread/INFO]: Naando has made the advancement [Into Fire]
[17:29:50] [Server thread/INFO]: <Naando> 有杆子了
[17:30:15] [Server thread/WARN]: Can't keep up! Is the server overloaded? Running 2053ms or 41 ticks behind
[17:30:33] [Server thread/WARN]: Can't keep up! Is the server overloaded? Running 2005ms or 40 ticks behind
[17:30:56] [Server thread/INFO]: <Cora_cold> bai
[17:31:02] [Server thread/INFO]: <WhiteSky_Bai> a
[17:31:05] [Server thread/INFO]: <Cora_cold> 直接铺上半砖？
[17:31:06] [Server thread/WARN]: Can't keep up! Is the server overloaded? Running 17187ms or 343 ticks behind
[17:31:12] [Server thread/INFO]: <WhiteSky_Bai> 下半砖不刷怪
[17:31:24] [Server thread/WARN]: Can't keep up! Is the server overloaded? Running 2926ms or 58 ticks behind
[17:31:30] [Server thread/INFO]: <Cora_cold> 这个层的整砖还要吗？
[17:31:41] [Server thread/WARN]: Can't keep up! Is the server overloaded? Running 2523ms or 50 ticks behind
[17:31:41] [Server thread/INFO]: <Cora_cold> 挖了还是直接在上面铺
[17:31:42] [Server thread/INFO]: <WhiteSky_Bai> 那都无所谓啊
[17:31:48] [Server thread/INFO]: <WhiteSky_Bai> 只要不刷怪都可以
[17:31:58] [Server thread/INFO]: <WhiteSky_Bai> 不然真的占用很大内存
[17:31:59] [Server thread/WARN]: Can't keep up! Is the server overloaded? Running 3365ms or 67 ticks behind
[17:32:00] [Server thread/INFO]: <Cora_cold> 要不让他刷着吧
[17:32:08] [Server thread/INFO]: <Cora_cold> 我打算铺火把
[17:32:17] [Server thread/WARN]: Can't keep up! Is the server overloaded? Running 2182ms or 43 ticks behind
[17:32:33] [Server thread/INFO]: <Cora_cold> 不然要很久
[17:32:34] [Server thread/INFO]: <WhiteSky_Bai> 史莱姆的刷怪机制是啥
[17:32:35] [Server thread/WARN]: Can't keep up! Is the server overloaded? Running 3265ms or 65 ticks behind
[17:32:47] [Server thread/INFO]: <Cora_cold> 40层一下
[17:32:53] [Server thread/INFO]: <Cora_cold> 史莱姆区块
[17:32:57] [Server thread/INFO]: <Naando> 你怎么不问问神奇海螺呢
[17:32:59] [Server thread/INFO]: <WhiteSky_Bai> 需要亮度吗
[17:32:59] [Server thread/WARN]: Can't keep up! Is the server overloaded? Running 2092ms or 41 ticks behind
[17:33:03] [Server thread/INFO]: <Naando> no
[17:33:07] [Server thread/INFO]: <Cora_cold> 不需要
[17:33:10] [Server thread/INFO]: <Naando> 其实吧
[17:33:21] [Server thread/WARN]: Can't keep up! Is the server overloaded? Running 2005ms or 40 ticks behind
[17:33:38] [Server thread/WARN]: Can't keep up! Is the server overloaded? Running 2623ms or 52 ticks behind
[17:33:56] [Server thread/WARN]: Can't keep up! Is the server overloaded? Running 2200ms or 44 ticks behind
[17:34:39] [Server thread/WARN]: Can't keep up! Is the server overloaded? Running 2037ms or 40 ticks behind
[17:35:14] [Server thread/INFO]: <WhiteSky_Bai> 猛男在干啥
[17:35:18] [Server thread/WARN]: Mismatch in destroy block pos: class_2338{x=17, y=6, z=179} class_2338{x=15, y=6, z=180}
[17:35:19] [Server thread/WARN]: Mismatch in destroy block pos: class_2338{x=17, y=6, z=179} class_2338{x=18, y=6, z=179}
[17:35:43] [Server thread/WARN]: Can't keep up! Is the server overloaded? Running 2239ms or 44 ticks behind
[17:36:19] [Server thread/INFO]: <Cora_cold> ?
[17:36:26] [Server thread/WARN]: Can't keep up! Is the server overloaded? Running 2010ms or 40 ticks behind
[17:36:34] [Server thread/INFO]: <Cora_cold> 还有很大的湖要抽
[17:36:44] [Server thread/WARN]: Can't keep up! Is the server overloaded? Running 2307ms or 46 ticks behind
[17:36:45] [Server thread/INFO]: <WhiteSky_Bai> 我觉得混凝土更好使
[17:36:57] [Server thread/INFO]: <Cora_cold> 算了
[17:37:09] [Server thread/INFO]: <Cora_cold> 都换成圆石吧
[17:37:22] [Server thread/INFO]: <WhiteSky_Bai> 啥样无所谓
[17:37:25] [Server thread/INFO]: <Naando> 看似我在酿药其实我在吃饭
[17:37:30] [Server thread/INFO]: <WhiteSky_Bai> 到时候加个半砖
[17:37:41] [Server thread/INFO]: <Cora_cold> 我不打算加半砖
[17:37:47] [Server thread/INFO]: <Cora_cold> 我铺火把
[17:37:50] [Server thread/INFO]: <WhiteSky_Bai> 有空加一点
[17:38:02] [Server thread/INFO]: <WhiteSky_Bai> 火把的话史莱姆会刷
[17:38:24] [Server thread/INFO]: <Cora_cold> 史莱姆再说
[17:39:32] [Server thread/INFO]: <WhiteSky_Bai> 你不觉得烦吗
[17:39:52] [Server thread/INFO]: <Cora_cold> 着急铺好
[17:40:07] [Server thread/INFO]: <WhiteSky_Bai> 我来铺
[17:40:08] [Server thread/INFO]: <WhiteSky_Bai> = =
[17:40:09] [Server thread/INFO]: <WhiteSky_Bai> md
[17:40:12] [Server thread/INFO]: <WhiteSky_Bai> 烦死人
[17:40:13] [Server thread/INFO]: <WhiteSky_Bai> w
[17:40:51] [Server thread/WARN]: Can't keep up! Is the server overloaded? Running 2001ms or 40 ticks behind
[17:41:34] [Server thread/WARN]: Can't keep up! Is the server overloaded? Running 3362ms or 67 ticks behind
[17:41:56] [Server thread/WARN]: Can't keep up! Is the server overloaded? Running 7438ms or 148 ticks behind
[17:42:16] [Server thread/WARN]: Can't keep up! Is the server overloaded? Running 2045ms or 40 ticks behind
[17:42:52] [Server thread/INFO]: <Cora_cold> 你知道史莱姆区块吗？
[17:43:01] [Server thread/INFO]: <WhiteSky_Bai> 听说过
[17:43:02] [Server thread/INFO]: <WhiteSky_Bai> = =
[17:43:16] [Server thread/INFO]: <WhiteSky_Bai> 没做过刷怪笼
[17:43:19] [Server thread/INFO]: <Cora_cold> 你知道在哪里 吗？
[17:43:27] [Server thread/INFO]: <Cora_cold> 你不是没有地图吗？
[17:43:28] [Server thread/INFO]: <WhiteSky_Bai> 不造
[17:43:40] [Server thread/INFO]: <WhiteSky_Bai> 全铺上就不刷怪了
[17:43:42] [Server thread/INFO]: <WhiteSky_Bai> 管他的
[17:43:45] [Server thread/INFO]: <Cora_cold> ,,,,,,
[17:44:32] [Server thread/INFO]: <Cora_cold> 用这个石头？
[17:44:39] [Server thread/INFO]: <Cora_cold> emmmm
[17:44:43] [Server thread/INFO]: <WhiteSky_Bai> 你还下来看看？
[17:44:56] [Server thread/INFO]: <WhiteSky_Bai> 我只做表面工作
[17:45:02] [Server thread/INFO]: <WhiteSky_Bai> 反正这没人看
[17:45:20] [Server thread/INFO]: [TextileBackup]: Backup started by: SERVER on: 2020-05-24_17-45-20
[17:45:20] [Server thread/INFO]: [TextileBackup]: Saving server...
[17:45:22] [Thread-55/INFO]: [TextileBackup]: Starting compression...
[17:45:23] [Server thread/WARN]: Can't keep up! Is the server overloaded? Running 2070ms or 41 ticks behind
[17:46:01] [Server thread/WARN]: Can't keep up! Is the server overloaded? Running 23034ms or 460 ticks behind
[17:46:05] [Server thread/INFO]: <WhiteSky_Bai> 你也铺吧
[17:46:20] [Server thread/INFO]: <WhiteSky_Bai> 只要是下半砖就不会刷怪
[17:46:35] [Server thread/WARN]: Can't keep up! Is the server overloaded? Running 18680ms or 373 ticks behind
[17:46:46] [Server thread/INFO]: <Cora_cold> 我快开学了
[17:46:59] [Server thread/INFO]: <Cora_cold> 这样铺的话开学前铺不完
[17:47:04] [Server thread/INFO]: <Cora_cold> 只能给你们铺了
[17:47:14] [Server thread/WARN]: Can't keep up! Is the server overloaded? Running 24126ms or 482 ticks behind
[17:47:20] [Server thread/INFO]: <WhiteSky_Bai> 开学就不能玩了？
[17:47:28] [Server thread/INFO]: <Cora_cold> 对啊
[17:47:36] [Server thread/INFO]: <Cora_cold> 石砖吗？
[17:47:41] [Server thread/INFO]: <WhiteSky_Bai> 无所谓
[17:47:44] [Server thread/INFO]: <WhiteSky_Bai> 反正没人看
[17:47:47] [Server thread/WARN]: Can't keep up! Is the server overloaded? Running 18386ms or 367 ticks behind
[17:47:55] [Server thread/INFO]: <WhiteSky_Bai> 先铺一点十一点
[17:48:14] [Server thread/WARN]: Can't keep up! Is the server overloaded? Running 11554ms or 231 ticks behind
[17:48:29] [Thread-55/INFO]: [TextileBackup]: Compression finished
[17:48:29] [Thread-55/INFO]: [TextileBackup]: Deleting: 2020-05-24_06-38-45.zip
[17:48:35] [Thread-55/INFO]: [TextileBackup]: Done!
[17:48:45] [Server thread/WARN]: Can't keep up! Is the server overloaded? Running 16263ms or 325 ticks behind
[17:48:45] [Server thread/INFO]: <WhiteSky_Bai> 只要不是那种整体的方块都不刷怪
[17:49:45] [Server thread/INFO]: <WhiteSky_Bai> 猛男呢
[17:52:09] [Server thread/INFO]: <WhiteSky_Bai> 我去打会lol
[17:53:40] [Server thread/WARN]: Can't keep up! Is the server overloaded? Running 2678ms or 53 ticks behind
[17:53:56] [Server thread/INFO]: WhiteSky_Bai lost connection: Disconnected
[17:53:56] [Server thread/INFO]: WhiteSky_Bai left the game
[17:53:59] [Server thread/WARN]: Can't keep up! Is the server overloaded? Running 3990ms or 79 ticks behind
[17:54:18] [Server thread/INFO]: Qing_sha[/127.0.0.1:50857] logged in with entity id 29239 at (-380.34859029765823, 69.0, 508.3404444706789)
[17:54:18] [Netty Server IO #1/WARN]: Received invalid identifier in minecraft:register: legacy:fml|hs (Non [a-z0-9/._-] character in path of location: legacy:fml|hs)
[17:54:19] [Server thread/INFO]: Qing_sha joined the game
[17:54:25] [Server thread/INFO]: <Naando> 我个猛男
[17:54:34] [Server thread/INFO]: <Naando> 去下楼取快递回来了
[17:55:40] [Server thread/INFO]: Qing_sha has reached the goal [Sky's the Limit]
[17:56:00] [Server thread/INFO]: <Naando> 人呢
[17:56:01] [Server thread/WARN]: Can't keep up! Is the server overloaded? Running 2061ms or 41 ticks behind
[17:58:40] [Server thread/INFO]: Cora_cold lost connection: Disconnected
[17:58:40] [Server thread/INFO]: Cora_cold left the game
[17:58:48] [Server thread/WARN]: Can't keep up! Is the server overloaded? Running 2653ms or 53 ticks behind
[17:59:07] [Server thread/WARN]: Can't keep up! Is the server overloaded? Running 3224ms or 64 ticks behind
[18:01:50] [Server thread/INFO]: Qing_sha lost connection: Timed out
[18:01:50] [Server thread/INFO]: Qing_sha left the game
[18:01:50] [Server thread/WARN]: handleDisconnection() called twice
[18:02:09] [Server thread/INFO]: Qing_sha[/127.0.0.1:51133] logged in with entity id 31143 at (-422.52667027168536, 70.0, 510.04680960323503)
[18:02:09] [Netty Server IO #1/WARN]: Received invalid identifier in minecraft:register: legacy:fml|hs (Non [a-z0-9/._-] character in path of location: legacy:fml|hs)
[18:02:09] [Server thread/INFO]: Qing_sha joined the game
[18:02:12] [Server thread/WARN]: Can't keep up! Is the server overloaded? Running 2046ms or 40 ticks behind
[18:02:33] [Server thread/INFO]: Qing_sha lost connection: Disconnected
[18:02:33] [Server thread/INFO]: Qing_sha left the game
[18:02:38] [Server thread/INFO]: Qing_sha[/127.0.0.1:51151] logged in with entity id 31350 at (-429.59233508460505, 70.0, 512.3219235965196)
[18:02:38] [Netty Server IO #1/WARN]: Received invalid identifier in minecraft:register: legacy:fml|hs (Non [a-z0-9/._-] character in path of location: legacy:fml|hs)
[18:02:38] [Server thread/INFO]: Qing_sha joined the game
[18:02:53] [Server thread/INFO]: Qing_sha lost connection: Timed out
[18:02:53] [Server thread/INFO]: Qing_sha left the game
[18:02:53] [Server thread/WARN]: handleDisconnection() called twice
[18:03:56] [Server thread/WARN]: Can't keep up! Is the server overloaded? Running 2093ms or 41 ticks behind
[18:09:18] [Server thread/INFO]: <Naando> 谁tm打我
[18:09:41] [Server thread/INFO]: Naando fell from a high place
[18:09:46] [Server thread/INFO]: Naando lost connection: Disconnected
[18:09:46] [Server thread/INFO]: Naando left the game
[19:47:39] [Server thread/INFO]: WhiteSky_Bai[/127.0.0.1:54835] logged in with entity id 32087 at (0.0336794807407913, 6.5, 204.85575122393016)
[19:47:39] [Netty Server IO #0/WARN]: Received invalid identifier in minecraft:register: legacy:fml|hs (Non [a-z0-9/._-] character in path of location: legacy:fml|hs)
[19:47:39] [Server thread/INFO]: WhiteSky_Bai joined the game
[19:47:40] [Server thread/INFO]: [TextileBackup]: Backup started by: SERVER on: 2020-05-24_19-47-40
[19:47:40] [Server thread/INFO]: [TextileBackup]: Saving server...
[19:47:40] [Thread-56/INFO]: [TextileBackup]: Starting compression...
[19:48:28] [Server thread/INFO]: WhiteSky_Bai lost connection: Disconnected
[19:48:28] [Server thread/INFO]: WhiteSky_Bai left the game
[19:49:00] [Thread-56/INFO]: [TextileBackup]: Compression finished
[19:49:00] [Thread-56/INFO]: [TextileBackup]: Deleting: 2020-05-24_07-38-45.zip
[19:49:00] [Thread-56/INFO]: [TextileBackup]: Done!
