[00:09:40] [Server thread/WARN]: Can't keep up! Is the server overloaded? Running 2120ms or 42 ticks behind
[00:10:04] [Server thread/WARN]: Can't keep up! Is the server overloaded? Running 2965ms or 59 ticks behind
[00:10:22] [Server thread/WARN]: Can't keep up! Is the server overloaded? Running 2591ms or 51 ticks behind
[00:10:39] [Server thread/WARN]: Can't keep up! Is the server overloaded? Running 2714ms or 54 ticks behind
[00:14:52] [Server thread/INFO]: H2O[/127.0.0.1:62331] logged in with entity id 20474 at (-484.4884279397551, 69.0, 507.5629155465288)
[00:14:52] [Netty Server IO #1/WARN]: Received invalid identifier in minecraft:register: legacy:fml|hs (Non [a-z0-9/._-] character in path of location: legacy:fml|hs)
[00:14:52] [Server thread/INFO]: H2O joined the game
[00:14:54] [Server thread/WARN]: Can't keep up! Is the server overloaded? Running 8721ms or 174 ticks behind
[00:14:54] [Server thread/INFO]: Backup started by: SERVER on: 2020-07-21_00-14-54
[00:14:54] [Server thread/INFO]: Saving server...
[00:15:00] [Server thread/INFO]: ThreadedAnvilChunkStorage (world): All chunks are saved
[00:15:00] [Server thread/INFO]: ThreadedAnvilChunkStorage (DIM-1): All chunks are saved
[00:15:01] [Server thread/INFO]: ThreadedAnvilChunkStorage (DIM1): All chunks are saved
[00:15:04] [Thread-523/INFO]: Starting backup
[00:15:04] [Thread-523/INFO]: Starting compression...
[00:15:13] [Server thread/INFO]: H2O lost connection: Timed out
[00:15:13] [Server thread/INFO]: H2O left the game
[00:15:15] [Server thread/WARN]: Can't keep up! Is the server overloaded? Running 5584ms or 111 ticks behind
[00:15:34] [Server thread/INFO]: H2O[/127.0.0.1:62342] logged in with entity id 20588 at (-484.4884279397551, 69.0, 507.5629155465288)
[00:15:34] [Server thread/INFO]: H2O joined the game
[00:15:35] [Netty Server IO #1/WARN]: Received invalid identifier in minecraft:register: legacy:fml|hs (Non [a-z0-9/._-] character in path of location: legacy:fml|hs)
[00:15:36] [Server thread/WARN]: Can't keep up! Is the server overloaded? Running 4480ms or 89 ticks behind
[00:16:02] [Server thread/WARN]: Can't keep up! Is the server overloaded? Running 10469ms or 209 ticks behind
[00:16:26] [Server thread/WARN]: Can't keep up! Is the server overloaded? Running 9454ms or 189 ticks behind
[00:16:49] [Server thread/WARN]: Can't keep up! Is the server overloaded? Running 7775ms or 155 ticks behind
[00:17:44] [Thread-523/INFO]: Compression took: 160.2360446s
[00:17:44] [Thread-523/INFO]: Deleting: 2020-07-19_20-30-25.zip
[00:17:44] [Thread-523/INFO]: Done!
[00:18:03] [Server thread/WARN]: Can't keep up! Is the server overloaded? Running 2039ms or 40 ticks behind
[00:19:18] [Server thread/WARN]: Can't keep up! Is the server overloaded? Running 2022ms or 40 ticks behind
[00:20:23] [Server thread/WARN]: Can't keep up! Is the server overloaded? Running 2162ms or 43 ticks behind
[00:20:44] [Server thread/WARN]: Can't keep up! Is the server overloaded? Running 5852ms or 117 ticks behind
[00:21:03] [Server thread/WARN]: Can't keep up! Is the server overloaded? Running 3910ms or 78 ticks behind
[00:21:25] [Server thread/WARN]: Can't keep up! Is the server overloaded? Running 2150ms or 43 ticks behind
[00:21:48] [Server thread/WARN]: Can't keep up! Is the server overloaded? Running 7712ms or 154 ticks behind
[00:22:06] [Server thread/WARN]: Can't keep up! Is the server overloaded? Running 3058ms or 61 ticks behind
[00:22:24] [Server thread/WARN]: Can't keep up! Is the server overloaded? Running 3599ms or 71 ticks behind
[00:22:41] [Server thread/WARN]: Can't keep up! Is the server overloaded? Running 2224ms or 44 ticks behind
[00:23:13] [Server thread/WARN]: Can't keep up! Is the server overloaded? Running 2282ms or 45 ticks behind
[00:24:06] [Server thread/WARN]: Can't keep up! Is the server overloaded? Running 2020ms or 40 ticks behind
[00:24:23] [Server thread/WARN]: Can't keep up! Is the server overloaded? Running 2086ms or 41 ticks behind
[00:24:54] [Server thread/WARN]: Can't keep up! Is the server overloaded? Running 2066ms or 41 ticks behind
[00:25:16] [Server thread/WARN]: Can't keep up! Is the server overloaded? Running 2394ms or 47 ticks behind
[00:25:34] [Server thread/WARN]: Can't keep up! Is the server overloaded? Running 3120ms or 62 ticks behind
[00:26:26] [Server thread/WARN]: Can't keep up! Is the server overloaded? Running 2159ms or 43 ticks behind
[00:27:08] [Server thread/WARN]: Can't keep up! Is the server overloaded? Running 5112ms or 102 ticks behind
[00:27:26] [Server thread/WARN]: Can't keep up! Is the server overloaded? Running 2668ms or 53 ticks behind
[00:29:32] [Server thread/WARN]: Can't keep up! Is the server overloaded? Running 2077ms or 41 ticks behind
[00:30:03] [Server thread/WARN]: Can't keep up! Is the server overloaded? Running 2333ms or 46 ticks behind
[00:30:24] [Server thread/WARN]: Can't keep up! Is the server overloaded? Running 2083ms or 41 ticks behind
[00:31:33] [Server thread/WARN]: Can't keep up! Is the server overloaded? Running 2027ms or 40 ticks behind
[00:31:50] [Server thread/WARN]: Can't keep up! Is the server overloaded? Running 2031ms or 40 ticks behind
[00:32:25] [Server thread/WARN]: Can't keep up! Is the server overloaded? Running 3625ms or 72 ticks behind
[00:32:42] [Server thread/WARN]: Can't keep up! Is the server overloaded? Running 2289ms or 45 ticks behind
[00:33:04] [Server thread/WARN]: Can't keep up! Is the server overloaded? Running 2375ms or 47 ticks behind
[00:34:12] [Server thread/WARN]: Can't keep up! Is the server overloaded? Running 2106ms or 42 ticks behind
[00:37:35] [Server thread/WARN]: Can't keep up! Is the server overloaded? Running 3907ms or 78 ticks behind
[00:39:36] [Server thread/WARN]: Can't keep up! Is the server overloaded? Running 2189ms or 43 ticks behind
[00:42:18] [Server thread/WARN]: Can't keep up! Is the server overloaded? Running 2109ms or 42 ticks behind
[00:42:43] [Server thread/WARN]: Can't keep up! Is the server overloaded? Running 2941ms or 58 ticks behind
[00:43:11] [Server thread/INFO]: H2O lost connection: Disconnected
[00:43:11] [Server thread/INFO]: H2O left the game
[00:43:14] [Server thread/WARN]: Can't keep up! Is the server overloaded? Running 3200ms or 64 ticks behind
[01:18:35] [Server thread/WARN]: Can't keep up! Is the server overloaded? Running 2326ms or 46 ticks behind
[01:19:53] [Server thread/INFO]: MAX_XiaoKui[/127.0.0.1:63106] logged in with entity id 23247 at (37.26966181946965, 5.249398978467285, 179.51580598111963)
[01:19:53] [Server thread/INFO]: MAX_XiaoKui joined the game
[01:19:53] [Netty Server IO #0/WARN]: Received invalid identifier in minecraft:register: legacy:fml|hs (Non [a-z0-9/._-] character in path of location: legacy:fml|hs)
[01:19:54] [Server thread/WARN]: Can't keep up! Is the server overloaded? Running 2268ms or 45 ticks behind
[01:19:54] [Server thread/INFO]: Backup started by: SERVER on: 2020-07-21_01-19-54
[01:19:54] [Server thread/INFO]: Saving server...
[01:19:56] [Server thread/INFO]: ThreadedAnvilChunkStorage (world): All chunks are saved
[01:19:56] [Server thread/INFO]: ThreadedAnvilChunkStorage (DIM-1): All chunks are saved
[01:19:56] [Server thread/INFO]: ThreadedAnvilChunkStorage (DIM1): All chunks are saved
[01:19:57] [Thread-561/INFO]: Starting backup
[01:19:57] [Thread-561/INFO]: Starting compression...
[01:20:30] [Server thread/WARN]: Can't keep up! Is the server overloaded? Running 21119ms or 422 ticks behind
[01:20:46] [Server thread/INFO]: MAX_XiaoKui drowned
[01:20:50] [Server thread/WARN]: Can't keep up! Is the server overloaded? Running 2430ms or 48 ticks behind
[01:21:00] [Server thread/INFO]: MAX_XiaoKui lost connection: Disconnected
[01:21:00] [Server thread/INFO]: MAX_XiaoKui left the game
[01:21:19] [Server thread/WARN]: Can't keep up! Is the server overloaded? Running 14231ms or 284 ticks behind
[01:22:17] [Thread-561/INFO]: Compression took: 140.7850983s
[01:22:17] [Thread-561/INFO]: Deleting: 2020-07-19_20-48-03.zip
[01:22:17] [Thread-561/INFO]: Done!
[01:23:43] [Server thread/WARN]: Can't keep up! Is the server overloaded? Running 2336ms or 46 ticks behind
[01:24:05] [Server thread/WARN]: Can't keep up! Is the server overloaded? Running 2283ms or 45 ticks behind
[01:27:16] [Server thread/INFO]: MAX_XiaoKui[/127.0.0.1:63202] logged in with entity id 23408 at (37.26966, 5.249399185180664, 179.51581)
[01:27:16] [Netty Server IO #0/WARN]: Received invalid identifier in minecraft:register: legacy:fml|hs (Non [a-z0-9/._-] character in path of location: legacy:fml|hs)
[01:27:17] [Server thread/INFO]: MAX_XiaoKui joined the game
[01:27:18] [Server thread/WARN]: Can't keep up! Is the server overloaded? Running 3528ms or 70 ticks behind
[01:27:38] [Server thread/WARN]: Can't keep up! Is the server overloaded? Running 4923ms or 98 ticks behind
[01:27:58] [Server thread/WARN]: Can't keep up! Is the server overloaded? Running 2089ms or 41 ticks behind
[01:28:19] [Server thread/WARN]: Can't keep up! Is the server overloaded? Running 2334ms or 46 ticks behind
[01:28:48] [Server thread/WARN]: Can't keep up! Is the server overloaded? Running 2342ms or 46 ticks behind
[01:29:07] [Server thread/WARN]: Can't keep up! Is the server overloaded? Running 4598ms or 91 ticks behind
[01:30:15] [Server thread/WARN]: Can't keep up! Is the server overloaded? Running 2007ms or 40 ticks behind
[01:30:33] [Server thread/WARN]: Can't keep up! Is the server overloaded? Running 2456ms or 49 ticks behind
[01:31:06] [Server thread/WARN]: Can't keep up! Is the server overloaded? Running 2211ms or 44 ticks behind
[01:31:23] [Server thread/WARN]: Can't keep up! Is the server overloaded? Running 2359ms or 47 ticks behind
[01:31:54] [Server thread/WARN]: Can't keep up! Is the server overloaded? Running 2447ms or 48 ticks behind
[01:34:07] [Server thread/WARN]: Can't keep up! Is the server overloaded? Running 3305ms or 66 ticks behind
[01:34:28] [Server thread/INFO]: MAX_XiaoKui lost connection: Disconnected
[01:34:28] [Server thread/INFO]: MAX_XiaoKui left the game
[01:34:31] [Server thread/WARN]: Can't keep up! Is the server overloaded? Running 3328ms or 66 ticks behind
[01:54:12] [Server thread/WARN]: Can't keep up! Is the server overloaded? Running 2179ms or 43 ticks behind
[05:09:15] [Server thread/WARN]: Can't keep up! Is the server overloaded? Running 2054ms or 41 ticks behind
[05:19:19] [Server thread/WARN]: Can't keep up! Is the server overloaded? Running 2583ms or 51 ticks behind
[05:25:02] [Server thread/INFO]: [Server] 服务器将在5分钟后关闭备份存档，6:01继续开启
[05:29:19] [Server thread/WARN]: Can't keep up! Is the server overloaded? Running 2042ms or 40 ticks behind
[05:30:01] [Server thread/INFO]: Stopping the server
[05:30:01] [Server thread/INFO]: Unknown or incomplete command, see below for error
[05:30:01] [Server thread/INFO]: end<--[HERE]
[05:30:01] [Server thread/INFO]: Unknown or incomplete command, see below for error
[05:30:01] [Server thread/INFO]: exit<--[HERE]
[05:30:01] [Server thread/INFO]: Stopping server
[05:30:01] [Server thread/INFO]: Saving players
[05:30:01] [Server thread/INFO]: Saving worlds
[05:30:01] [Server thread/INFO]: Saving chunks for level 'ServerLevel[world]'/minecraft:overworld
[05:30:02] [Server thread/INFO]: ThreadedAnvilChunkStorage (world): All chunks are saved
[05:30:02] [Server thread/INFO]: Saving chunks for level 'ServerLevel[world]'/minecraft:the_nether
[05:30:02] [Server thread/INFO]: ThreadedAnvilChunkStorage (DIM-1): All chunks are saved
[05:30:02] [Server thread/INFO]: Saving chunks for level 'ServerLevel[world]'/minecraft:the_end
[05:30:02] [Server thread/INFO]: ThreadedAnvilChunkStorage (DIM1): All chunks are saved
[05:30:02] [Server thread/INFO]: Backup started by: SERVER on: 2020-07-21_05-30-02
[05:30:02] [Server thread/INFO]: Saving server...
[05:30:02] [Thread-665/INFO]: Starting backup
[05:30:02] [Thread-665/INFO]: Starting compression...
[05:34:19] [Thread-665/INFO]: Compression took: 257.0907391s
[05:34:19] [Thread-665/INFO]: Deleting: 2020-07-19_21-47-52.zip
[05:34:23] [Thread-665/INFO]: Done!
[05:34:24] [Server thread/INFO]: ThreadedAnvilChunkStorage (world): All chunks are saved
[05:34:24] [Server thread/INFO]: ThreadedAnvilChunkStorage (DIM-1): All chunks are saved
[05:34:25] [Server thread/INFO]: ThreadedAnvilChunkStorage (DIM1): All chunks are saved
[05:34:25] [Server thread/INFO]: Thread RCON Listener stopped
