[00:00:00] [Server thread/INFO]: Player shuijiao is already logged on
[00:10:00] [Server thread/INFO]: Player shuijiao is already logged on
[00:20:00] [Server thread/INFO]: Player shuijiao is already logged on
[00:30:00] [Server thread/INFO]: [Textile Backup] Backup started by: Timer on: 2020-11-03_00-30-00
[00:30:00] [Server thread/INFO]: Saving server...
[00:30:00] [Server thread/INFO]: [Textile Backup] Saving server...
[00:30:00] [Server thread/INFO]: ThreadedAnvilChunkStorage (world): All chunks are saved
[00:30:00] [Server thread/INFO]: ThreadedAnvilChunkStorage (DIM-1): All chunks are saved
[00:30:00] [Server thread/INFO]: ThreadedAnvilChunkStorage (DIM1): All chunks are saved
[00:30:00] [Server thread/INFO]: Player shuijiao is already logged on
[00:30:00] [pool-3-thread-1/INFO]: Starting backup
[00:30:00] [pool-3-thread-1/INFO]: [Textile Backup] Starting backup
[00:30:00] [pool-3-thread-1/INFO]: Starting compression...
[00:31:07] [pool-3-thread-1/INFO]: Compression took: 01:07.195 seconds.
[00:31:07] [pool-3-thread-1/INFO]: Done!
[00:31:07] [pool-3-thread-1/INFO]: [Textile Backup] Done!
[00:40:00] [Server thread/INFO]: Player shuijiao is already logged on
[00:50:00] [Server thread/INFO]: Player shuijiao is already logged on
[01:00:00] [Server thread/INFO]: Player shuijiao is already logged on
[01:10:00] [Server thread/INFO]: Player shuijiao is already logged on
[01:20:00] [Server thread/INFO]: Player shuijiao is already logged on
[01:30:00] [Server thread/INFO]: Player shuijiao is already logged on
[01:40:00] [Server thread/INFO]: Player shuijiao is already logged on
[01:50:00] [Server thread/INFO]: Player shuijiao is already logged on
[02:00:00] [Server thread/INFO]: Player shuijiao is already logged on
[02:07:49] [Server thread/WARN]: Fetching packet for removed entity class_1542['Air'/147214, l='ServerLevel[world]', x=-85.39, y=7.00, z=281.30]
[02:10:00] [Server thread/INFO]: Player shuijiao is already logged on
[02:20:00] [Server thread/INFO]: Player shuijiao is already logged on
[02:26:36] [Server thread/WARN]: Fetching packet for removed entity class_1542['Air'/148740, l='ServerLevel[world]', x=-87.74, y=7.00, z=283.56]
[02:30:00] [Server thread/INFO]: Player shuijiao is already logged on
[02:40:00] [Server thread/INFO]: Player shuijiao is already logged on
[02:50:00] [Server thread/INFO]: Player shuijiao is already logged on
[03:00:00] [Server thread/INFO]: Player shuijiao is already logged on
[03:10:00] [Server thread/INFO]: Player shuijiao is already logged on
[03:20:00] [Server thread/INFO]: Player shuijiao is already logged on
[03:30:00] [Server thread/INFO]: Player shuijiao is already logged on
[03:40:00] [Server thread/INFO]: Player shuijiao is already logged on
[03:50:00] [Server thread/INFO]: Player shuijiao is already logged on
[04:00:00] [Server thread/INFO]: Player shuijiao is already logged on
[04:10:00] [Server thread/INFO]: Player shuijiao is already logged on
[04:20:00] [Server thread/INFO]: Player shuijiao is already logged on
[04:30:00] [Server thread/INFO]: [Textile Backup] Backup started by: Timer on: 2020-11-03_04-30-00
[04:30:00] [Server thread/INFO]: Saving server...
[04:30:00] [Server thread/INFO]: [Textile Backup] Saving server...
[04:30:00] [Server thread/INFO]: ThreadedAnvilChunkStorage (world): All chunks are saved
[04:30:00] [Server thread/INFO]: ThreadedAnvilChunkStorage (DIM-1): All chunks are saved
[04:30:00] [Server thread/INFO]: ThreadedAnvilChunkStorage (DIM1): All chunks are saved
[04:30:00] [Server thread/INFO]: Player shuijiao is already logged on
[04:30:00] [pool-3-thread-1/INFO]: Starting backup
[04:30:00] [pool-3-thread-1/INFO]: [Textile Backup] Starting backup
[04:30:00] [pool-3-thread-1/INFO]: Starting compression...
[04:31:09] [pool-3-thread-1/INFO]: Compression took: 01:08.963 seconds.
[04:31:09] [pool-3-thread-1/INFO]: Done!
[04:31:09] [pool-3-thread-1/INFO]: [Textile Backup] Done!
[04:40:00] [Server thread/INFO]: Player shuijiao is already logged on
[04:50:00] [Server thread/INFO]: Player shuijiao is already logged on
[05:00:00] [Server thread/INFO]: Player shuijiao is already logged on
[05:10:00] [Server thread/INFO]: Player shuijiao is already logged on
[05:13:42] [Server thread/WARN]: Can't keep up! Is the server overloaded? Running 30391ms or 607 ticks behind
[05:20:00] [Server thread/INFO]: Player shuijiao is already logged on
[05:30:00] [Server thread/INFO]: Player shuijiao is already logged on
[05:34:27] [Server thread/WARN]: Can't keep up! Is the server overloaded? Running 2918ms or 58 ticks behind
[05:40:00] [Server thread/INFO]: Player shuijiao is already logged on
[05:50:00] [Server thread/INFO]: Player shuijiao is already logged on
[06:00:00] [Server thread/INFO]: Player shuijiao is already logged on
[06:10:00] [Server thread/INFO]: Player shuijiao is already logged on
[06:20:00] [Server thread/INFO]: Player shuijiao is already logged on
[06:30:00] [Server thread/INFO]: Player shuijiao is already logged on
[06:40:00] [Server thread/INFO]: Player shuijiao is already logged on
[06:50:00] [Server thread/INFO]: Player shuijiao is already logged on
[07:00:00] [Server thread/INFO]: Player shuijiao is already logged on
[07:10:00] [Server thread/INFO]: Player shuijiao is already logged on
[07:20:00] [Server thread/INFO]: Player shuijiao is already logged on
[07:30:00] [Server thread/INFO]: Player shuijiao is already logged on
[07:40:00] [Server thread/INFO]: Player shuijiao is already logged on
[07:50:00] [Server thread/INFO]: Player shuijiao is already logged on
[08:00:00] [Server thread/INFO]: Player shuijiao is already logged on
[08:10:00] [Server thread/INFO]: Player shuijiao is already logged on
[08:20:00] [Server thread/INFO]: Player shuijiao is already logged on
[08:30:00] [Server thread/INFO]: [Textile Backup] Backup started by: Timer on: 2020-11-03_08-30-00
[08:30:00] [Server thread/INFO]: Saving server...
[08:30:00] [Server thread/INFO]: [Textile Backup] Saving server...
[08:30:00] [Server thread/INFO]: ThreadedAnvilChunkStorage (world): All chunks are saved
[08:30:00] [Server thread/INFO]: ThreadedAnvilChunkStorage (DIM-1): All chunks are saved
[08:30:00] [Server thread/INFO]: ThreadedAnvilChunkStorage (DIM1): All chunks are saved
[08:30:00] [Server thread/INFO]: Player shuijiao is already logged on
[08:30:00] [pool-3-thread-1/INFO]: Starting backup
[08:30:00] [pool-3-thread-1/INFO]: [Textile Backup] Starting backup
[08:30:00] [pool-3-thread-1/INFO]: Starting compression...
[08:31:06] [pool-3-thread-1/INFO]: Compression took: 01:06.271 seconds.
[08:31:06] [pool-3-thread-1/INFO]: Done!
[08:31:06] [pool-3-thread-1/INFO]: [Textile Backup] Done!
[08:37:19] [Server thread/WARN]: Can't keep up! Is the server overloaded? Running 2377ms or 47 ticks behind
[08:39:50] [Server thread/WARN]: Can't keep up! Is the server overloaded? Running 135952ms or 2719 ticks behind
[08:41:07] [Server Watchdog/FATAL]: A single server tick took 60.15 seconds (should be max 0.05)
[08:42:45] [Server Watchdog/FATAL]: Considering it to be crashed, server will forcibly shutdown.
[08:44:21] [Server thread/INFO]: Player shuijiao is already logged on
[08:44:23] [Server thread/WARN]: Can't keep up! Is the server overloaded? Running 258258ms or 5165 ticks behind
[08:44:25] [Server Watchdog/ERROR]: This crash report has been saved to: /srv/survival/./crash-reports/crash-2020-11-03_08.44.25-server.txt
[08:44:25] [Thread-67/INFO]: WebServer closed.
[08:44:25] [Server thread/INFO]: BlueMap unloaded!
[08:44:26] [Server thread/INFO]: Stopping server
[08:44:26] [Server thread/INFO]: Saving players
[08:44:26] [Server thread/INFO]: Saving worlds
[08:44:26] [Server thread/INFO]: Saving chunks for level 'ServerLevel[world]'/minecraft:overworld
[08:44:26] [Server thread/INFO]: ThreadedAnvilChunkStorage (world): All chunks are saved
[08:44:26] [Server thread/INFO]: Saving chunks for level 'ServerLevel[world]'/minecraft:the_nether
[08:44:26] [Server thread/INFO]: ThreadedAnvilChunkStorage (DIM-1): All chunks are saved
[08:44:26] [Server thread/INFO]: Saving chunks for level 'ServerLevel[world]'/minecraft:the_end
[08:44:26] [Server thread/INFO]: ThreadedAnvilChunkStorage (DIM1): All chunks are saved
[08:44:26] [Server thread/INFO]: ThreadedAnvilChunkStorage (world): All chunks are saved
[08:44:26] [Server thread/INFO]: ThreadedAnvilChunkStorage (DIM-1): All chunks are saved
[08:44:26] [Server thread/INFO]: ThreadedAnvilChunkStorage (DIM1): All chunks are saved
[08:44:26] [Server thread/INFO]: [Textile Backup] Backup started by: Server Shutdown on: 2020-11-03_08-44-26
[08:44:26] [Server thread/INFO]: Starting backup
[08:44:26] [Server thread/INFO]: [Textile Backup] Starting backup
[08:44:26] [Server thread/INFO]: Starting compression...
