[02:51:33] [main/INFO]: Loading for game Minecraft 1.16.1
[02:51:39] [main/INFO]: [FabricLoader] Loading 51 mods: fabric-renderer-api-v1@0.2.13+eae12eb87c, fabric-keybindings-v0@0.2.0+3fa9f7c57c, fabricloader@0.8.8+build.202, bbor@2.3-1.16.1, com_github_shevek_parallelgzip@master-SNAPSHOT, fabric-containers-v0@0.1.8+045df74f7c, lithium@0.5.0, fabric-dimensions-v1@1.0.0+a71b30537c, fabric-object-builder-api-v1@1.5.5+e00ecb5f7c, fabric-api-base@0.1.3+12a8474c7c, fabric-rendering-data-attachment-v1@0.1.3+b7f9825d7c, fabric-textures-v0@1.0.4+eae12eb87c, fabric-rendering-fluids-v1@0.1.7+12a8474c7c, cotton-logging@1.0.0-rc.4, fabric-blockrenderlayer-v1@1.1.4+c6a8ea897c, fabric-renderer-registries-v1@2.0.1+5a0f9a607c, carpet-extra@1.4.0, fabric-loot-tables-v1@0.1.10+059ea8667c, fabric@0.13.1+build.370-1.16, carpet@1.4.0, fabric-particles-v1@0.2.1+0a6f2a707c, fabric-networking-v0@0.1.10+e00ecb5f7c, cotton-config@1.0.0-rc.7, fabric-networking-blockentity-v0@0.2.5+b50ffc7b7c, minecraft@1.16.1, fabric-screen-handler-api-v1@1.0.1+f362c86e7c, here@0.0.8-mc1.16, fabric-command-api-v1@1.0.8+5ce533987c, jankson@3.0.0+j1.2.0, phosphor@0.6.0+build.7, fabric-tool-attribute-api-v1@1.1.4+5794386e7c, fabric-renderer-indigo@0.3.1+059ea8667c, org_apache_commons_commons-compress@1.19, fabric-biomes-v1@0.2.7+059ea8667c, fabric-events-interaction-v0@0.3.3+7066030f7c, fabric-crash-report-info-v1@0.1.2+b7f9825d7c, fabric-rendering-v0@1.1.0+534104907c, fabric-key-binding-api-v1@1.0.0+e16a97747c, fabric-rendering-v1@1.1.2+346247d77c, org_tukaani_xz@1.8, fabric-resource-loader-v0@0.2.5+059ea8667c, fabric-content-registries-v0@0.1.9+059ea8667c, fabric-tag-extensions-v0@0.2.5+5a6e8f4c7c, fabric-registry-sync-v0@0.3.8+7dba2d6c7c, fabric-commands-v0@0.2.0+52d308367c, textile_backup@1.2.3-1.16.1, fabric-mining-levels-v0@0.1.2+b764ce997c, fabric-events-lifecycle-v0@0.1.3+0d474ec47c, fabric-models-v0@0.1.0+dfdb52d67c, fabric-item-groups-v0@0.2.0+438f96367c, fabric-object-builders-v0@0.6.0+da175ad67c
[02:51:39] [main/WARN]: Mod `com_github_shevek_parallelgzip` (master-SNAPSHOT) does not respect SemVer - comparison support is limited.
[02:51:40] [main/INFO]: SpongePowered MIXIN Subsystem Version=0.8 Source=file:/C:/Server/skimit_survival/fabric-server-launch.jar Service=Knot/Fabric Env=SERVER
[02:51:49] [main/WARN]: @Mixin target net/minecraft/class_3898$class_3208 is public in fabric-networking-v0.mixins.json:MixinEntityTracker and should be specified in value
[02:51:53] [main/WARN]: @Mixin target net[02:52:31] [main/INFO]: Environment: authHost='https://authserver.mojang.com', accountsHost='https://api.mojang.com', sessionHost='https://sessionserver.mojang.com', name='PROD'
[02:52:49] [main/WARN]: Ambiguity between arguments [teleport, destination] and [teleport, targets] with inputs: [Player, 0123, @e, dd12be42-52a9-4a91-a8a1-11c01849e498]
[02:52:49] [main/WARN]: Ambiguity between arguments [teleport, location] and [teleport, destination] with inputs: [0.1 -0.5 .9, 0 0 0]
[02:52:49] [main/WARN]: Ambiguity between arguments [teleport, location] and [teleport, targets] with inputs: [0.1 -0.5 .9, 0 0 0]
[02:52:49] [main/WARN]: Ambiguity between arguments [teleport, targets] and [teleport, destination] with inputs: [Player, 0123, dd12be42-52a9-4a91-a8a1-11c01849e498]
[02:52:49] [main/WARN]: Ambiguity between arguments [teleport, targets, location] and [teleport, targets, destination] with inputs: [0.1 -0.5 .9, 0 0 0]
[02:52:53] [main/INFO]: Reloading ResourceManager: Default, bukkit, Fabric Tool Attribute API (v1)
[02:53:03] [Worker-Main-2/INFO]: Loaded 7 recipes
[02:53:05] [Worker-Main-2/INFO]: Loaded 927 advancements
[02:53:11] [main/WARN]: [fabric-registry-sync] Could not find the following registries: minecraft:biome_source_type, minecraft:dimension_type, minecraft:chunk_generator_type
[02:53:11] [main/INFO]: [fabric-registry-sync] Loaded registry data [file 1/4]
[02:53:16] [Server thread/INFO]: Starting minecraft server version 1.16.1
[02:53:16] [Server thread/INFO]: Loading properties
[02:53:16] [Server thread/INFO]: Default game type: SURVIVAL
[02:53:16] [Server thread/INFO]: Generating keypair
[02:53:20] [Server thread/INFO]: Starting Minecraft server on *:26565
[02:53:21] [Server thread/INFO]: Using default channel type
[02:53:33] [Server thread/WARN]: **** SERVER IS RUNNING IN OFFLINE/INSECURE MODE!
[02:53:33] [Server thread/WARN]: The server will make no attempt to authenticate usernames. Beware.
[02:53:33] [Server thread/WARN]: While this makes the game possible to play without internet access, it also opens up the ability for hackers to connect with any username they choose.
[02:53:33] [Server thread/WARN]: To change this, set "online-mode" to "true" in the server.properties file.
[02:53:37] [Server thread/INFO]: Preparing level "world"
[02:53:37] [Server thread/ERROR]: [CM]: Carpet Mod Setting commandCameramode is not a valid - ignoring...
[02:53:37] [Server thread/INFO]: [CM]: loaded setting commandDraw as false from carpet.conf
[02:53:37] [Server thread/INFO]: [CM]: loaded setting rotatorBlock as true from carpet.conf
[02:53:37] [Server thread/INFO]: [CM]: loaded setting combineXPOrbs as true from carpet.conf
[02:53:37] [Server thread/INFO]: [CM]: loaded setting onePlayerSleeping as true from carpet.conf
[02:53:37] [Server thread/INFO]: [CM]: loaded setting portalSuffocationFix as true from carpet.conf
[02:53:37] [Server thread/INFO]: [CM]: loaded setting leadFix as true from carpet.conf
[02:53:37] [Server thread/INFO]: [CM]: loaded setting antiCheatDisabled as true from carpet.conf
[02:53:37] [Server thread/INFO]: [CM]: loaded setting defaultLoggers as tps,mobcaps from carpet.conf
[02:53:37] [Server thread/INFO]: [CM]: loaded setting unloadedEntityFix as true from carpet.conf
[02:53:37] [Server thread/INFO]: [CM]: loaded setting ctrlQCraftingFix as true from carpet.conf
[02:53:44] [Server thread/INFO]: create world dimension: minecraft:overworld (seed: 20190827)
[02:53:44] [Server thread/INFO]: create world dimension: minecraft:the_nether (seed: 20190827)
[02:53:44] [Server thread/INFO]: create world dimension: minecraft:the_end (seed: 20190827)
[02:53:44] [Server thread/INFO]: Preparing start region for dimension minecraft:overworld
[02:54:15] [Server thread/INFO]: Preparing spawn area: 0%
[02:54:15] [Server thread/INFO]: Preparing spawn area: 0%
[02:54:15] [Server thread/INFO]: Preparing spawn area: 0%
[02:54:15] [Server thread/INFO]: Preparing spawn area: 0%
[02:54:15] [Server thread/INFO]: Preparing spawn area: 0%
[02:54:15] [Server thread/INFO]: Preparing spawn area: 0%
[02:54:15] [Server thread/INFO]: Preparing spawn area: 0%
[02:54:15] [Server thread/INFO]: Preparing spawn area: 0%
[02:54:15] [Server thread/INFO]: Preparing spawn area: 0%
[02:54:15] [Server thread/INFO]: Preparing spawn area: 0%
[02:54:15] [Server thread/INFO]: Preparing spawn area: 0%
[02:54:15] [Server thread/INFO]: Preparing spawn area: 0%
[02:54:15] [Server thread/INFO]: Preparing spawn area: 0%
[02:54:15] [Server thread/INFO]: Preparing spawn area: 0%
[02:54:15] [Server thread/INFO]: Preparing spawn area: 0%
[02:54:15] [Server thread/INFO]: Preparing spawn area: 0%
[02:54:15] [Server thread/INFO]: Preparing spawn area: 0%
[02:54:15] [Server thread/INFO]: Preparing spawn area: 0%
[02:54:15] [Server thread/INFO]: Preparing spawn area: 0%
[02:54:15] [Server thread/INFO]: Preparing spawn area: 0%
[02:54:15] [Server thread/INFO]: Preparing spawn area: 0%
[02:54:15] [Server thread/INFO]: Preparing spawn area: 0%
[02:54:15] [Server thread/INFO]: Preparing spawn area: 0%
[02:54:15] [Server thread/INFO]: Preparing spawn area: 0%
[02:54:15] [Server thread/INFO]: Preparing spawn area: 0%
[02:54:15] [Server thread/INFO]: Preparing spawn area: 0%
[02:54:15] [Server thread/INFO]: Preparing spawn area: 0%
[02:54:15] [Server thread/INFO]: Preparing spawn area: 0%
[02:54:15] [Server thread/INFO]: Preparing spawn area: 0%
[02:54:15] [Server thread/INFO]: Preparing spawn area: 0%
[02:54:15] [Server thread/INFO]: Preparing spawn area: 0%
[02:54:15] [Server thread/INFO]: Preparing spawn area: 0%
[02:54:15] [Server thread/INFO]: Preparing spawn area: 0%
[02:54:15] [Server thread/INFO]: Preparing spawn area: 0%
[02:54:15] [Server thread/INFO]: Preparing spawn area: 0%
[02:54:15] [Server thread/INFO]: Preparing spawn area: 0%
[02:54:15] [Server thread/INFO]: Preparing spawn area: 0%
[02:54:15] [Server thread/INFO]: Preparing spawn area: 0%
[02:54:15] [Server thread/INFO]: Preparing spawn area: 0%
[02:54:15] [Server thread/INFO]: Preparing spawn area: 0%
[02:54:15] [Server thread/INFO]: Preparing spawn area: 0%
[02:54:15] [Server thread/INFO]: Preparing spawn area: 0%
[02:54:15] [Server thread/INFO]: Preparing spawn area: 0%
[02:54:15] [Server thread/INFO]: Preparing spawn area: 0%
[02:54:15] [Server thread/INFO]: Preparing spawn area: 0%
[02:54:15] [Server thread/INFO]: Preparing spawn area: 0%
[02:54:15] [Server thread/INFO]: Preparing spawn area: 0%
[02:54:15] [Server thread/INFO]: Preparing spawn area: 0%
[02:54:15] [Server thread/INFO]: Preparing spawn area: 0%
[02:54:15] [Server thread/INFO]: Preparing spawn area: 0%
[02:54:15] [Server thread/INFO]: Preparing spawn area: 0%
[02:54:15] [Server thread/INFO]: Preparing spawn area: 0%
[02:54:15] [Server thread/INFO]: Preparing spawn area: 0%
[02:54:15] [Server thread/INFO]: Preparing spawn area: 0%
[02:54:15] [Server thread/INFO]: Preparing spawn area: 0%
[02:54:15] [Server thread/INFO]: Preparing spawn area: 0%
[02:54:15] [Server thread/INFO]: Preparing spawn area: 0%
[02:54:15] [Server thread/INFO]: Preparing spawn area: 0%
[02:54:15] [Server thread/INFO]: Preparing spawn area: 0%
[02:54:15] [Server thread/INFO]: Preparing spawn area: 0%
[02:54:15] [Server thread/INFO]: Preparing spawn area: 0%
[02:54:15] [Server thread/INFO]: Preparing spawn area: 0%
[02:54:15] [Server thread/INFO]: Preparing spawn area: 0%
[02:54:17] [Server thread/INFO]: Preparing spawn area: 0%
[02:54:17] [Server thread/INFO]: Preparing spawn area: 0%
[02:54:17] [Server thread/INFO]: Preparing spawn area: 0%
[02:54:17] [Server thread/INFO]: Preparing spawn area: 0%
[02:54:17] [Server thread/INFO]: Preparing spawn area: 0%
[02:54:19] [Worker-Main-3/INFO]: Preparing spawn area: 0%
[02:54:19] [Worker-Main-3/INFO]: Preparing spawn area: 0%
[02:54:28] [Server thread/INFO]: Preparing spawn area: 0%
[02:54:28] [Server thread/INFO]: Preparing spawn area: 0%
[02:54:28] [Server thread/INFO]: Preparing spawn area: 0%
[02:54:28] [Server thread/INFO]: Preparing spawn area: 0%
[02:54:28] [Server thread/INFO]: Preparing spawn area: 0%
[02:54:28] [Server thread/INFO]: Preparing spawn area: 0%
[02:54:28] [Server thread/INFO]: Preparing spawn area: 0%
[02:54:28] [Server thread/INFO]: Preparing spawn area: 0%
[02:54:28] [Server thread/INFO]: Preparing spawn area: 0%
[02:54:28] [Server thread/INFO]: Preparing spawn area: 0%
[02:54:28] [Server thread/INFO]: Preparing spawn area: 0%
[02:54:28] [Server thread/INFO]: Preparing spawn area: 0%
[02:54:28] [Server thread/INFO]: Preparing spawn area: 0%
[02:54:28] [Server thread/INFO]: Preparing spawn area: 0%
[02:54:28] [Server thread/INFO]: Preparing spawn area: 0%
[02:54:28] [Server thread/INFO]: Preparing spawn area: 0%
[02:54:28] [Server thread/INFO]: Preparing spawn area: 0%
[02:54:28] [Server thread/INFO]: Preparing spawn area: 0%
[02:54:28] [Server thread/INFO]: Preparing spawn area: 0%
[02:54:28] [Server thread/INFO]: Preparing spawn area: 24%
[02:54:30] [Server thread/INFO]: Preparing spawn area: 83%
[02:54:30] [Server thread/INFO]: Preparing spawn area: 83%
[02:54:30] [Server thread/INFO]: Preparing spawn area: 83%
[02:54:30] [Server thread/INFO]: Preparing spawn area: 83%
[02:54:40] [Server thread/INFO]: Time elapsed: 56388 ms
[02:54:40] [Server thread/INFO]: Done (62.809s)! For help, type "help"
[02:54:40] [Server thread/INFO]: Starting remote control listener
[02:54:40] [Server thread/INFO]: Thread RCON Listener started
[02:54:41] [RCON Listener #1/INFO]: RCON running on 0.0.0.0:25636
[02:54:45] [Server thread/WARN]: Can't keep up! Is the server overloaded? Running 4413ms or 88 ticks behind
[02:55:10] [Server thread/WARN]: Can't keep up! Is the server overloaded? Running 10777ms or 215 ticks behind
[02:55:32] [Server thread/WARN]: Can't keep up! Is the server overloaded? Running 2291ms or 45 ticks behind
[02:56:12] [Server thread/INFO]: MAX_XiaoKui[/127.0.0.1:61531] logged in with entity id 182 at (-568.5498352369204, 63.01715405971951, 1198.300000011921)
[02:56:12] [Netty Server IO #0/WARN]: Received invalid identifier in minecraft:register: legacy:fml|hs (Non [a-z0-9/._-] character in path of location: legacy:fml|hs)
[02:56:13] [Server thread/INFO]: MAX_XiaoKui joined the game
[02:56:17] [Netty Server IO #0/INFO]: Player MAX_XiaoKui joined with a matching carpet client
[02:56:18] [Server thread/WARN]: Can't keep up! Is the server overloaded? Running 8050ms or 161 ticks behind
[02:56:19] [Server thread/INFO]: Backup started by: SERVER on: 2020-07-08_02-56-19
[02:56:19] [Server thread/INFO]: Saving server...
[02:56:27] [Server thread/INFO]: ThreadedAnvilChunkStorage (world): All chunks are saved
[02:56:27] [Server thread/INFO]: ThreadedAnvilChunkStorage (DIM-1): All chunks are saved
[02:56:28] [Server thread/INFO]: ThreadedAnvilChunkStorage (DIM1): All chunks are saved
[02:56:30] [Thread-64/INFO]: Starting backup
[02:56:34] [Thread-64/INFO]: Starting compression...
[02:56:45] [Server thread/INFO]: [MAX_XiaoKui: Current tps is: 20.0]
[02:57:04] [Server thread/WARN]: Can't keep up! Is the server overloaded? Running 30565ms or 611 ticks behind
[02:57:25] [Server thread/WARN]: Can't keep up! Is the server overloaded? Running 6600ms or 132 ticks behind
[02:57:49] [Thread-64/INFO]: Compression took: 75.5037717s
[02:57:49] [Thread-64/INFO]: Deleting: 2020-07-07_15-56-39.zip
[02:57:49] [Thread-64/INFO]: Deleting: 2020-07-07_17-38-18.zip
[02:57:49] [Thread-64/INFO]: Done!
[02:57:49] [Server thread/WARN]: Can't keep up! Is the server overloaded? Running 9255ms or 185 ticks behind
[02:59:00] [Server thread/INFO]: Alex[local] logged in with entity id 607 at (-582.3442196161102, 201.0, 1185.458444950518)
[02:59:00] [Server thread/INFO]: Alex joined the game
[03:00:14] [Server thread/INFO]: MAX_XiaoKui lost connection: Disconnected
[03:00:14] [Server thread/INFO]: MAX_XiaoKui left the game
[03:00:16] [Server thread/WARN]: Can't keep up! Is the server overloaded? Running 2906ms or 58 ticks behind
[03:00:58] [Server thread/WARN]: Can't keep up! Is the server overloaded? Running 2883ms or 57 ticks behind
[03:07:21] [Server thread/INFO]: MAX_XiaoKui[/127.0.0.1:61775] logged in with entity id 1917 at (-582.2293869080466, 201.0, 1186.6321824361876)
[03:07:21] [Netty Server IO #1/WARN]: Received invalid identifier in minecraft:register: legacy:fml|hs (Non [a-z0-9/._-] character in path of location: legacy:fml|hs)
[03:07:21] [Server thread/INFO]: MAX_XiaoKui joined the game
[03:07:31] [Netty Server IO #1/INFO]: Player MAX_XiaoKui joined with a matching carpet client
[03:09:18] [Server thread/WARN]: Can't keep up! Is the server overloaded? Running 2125ms or 42 ticks behind
[03:09:44] [Server thread/WARN]: Can't keep up! Is the server overloaded? Running 10829ms or 216 ticks behind
[03:10:02] [Server thread/WARN]: Can't keep up! Is the server overloaded? Running 3602ms or 72 ticks behind
[03:10:20] [Server thread/WARN]: Can't keep up! Is the server overloaded? Running 2354ms or 47 ticks behind
[03:11:20] [Server thread/WARN]: Can't keep up! Is the server overloaded? Running 3132ms or 62 ticks behind
[03:12:25] [Server thread/WARN]: Mismatch in destroy block pos: class_2338{x=6, y=53, z=112} class_2338{x=5, y=53, z=112}
[03:13:55] [Server thread/WARN]: Can't keep up! Is the server overloaded? Running 2061ms or 41 ticks behind
[03:14:16] [Server thread/WARN]: Can't keep up! Is the server overloaded? Running 5838ms or 116 ticks behind
[03:16:31] [Server thread/WARN]: Can't keep up! Is the server overloaded? Running 3702ms or 74 ticks behind
[03:16:39] [Server thread/WARN]: Mismatch in destroy block pos: class_2338{x=24, y=61, z=112} class_2338{x=21, y=65, z=112}
[03:20:23] [Server thread/WARN]: Mismatch in destroy block pos: class_2338{x=-27, y=53, z=115} class_2338{x=-27, y=52, z=114}
[03:20:23] [Server thread/WARN]: Mismatch in destroy block pos: class_2338{x=-27, y=53, z=115} class_2338{x=-27, y=52, z=114}
[03:21:34] [Server thread/WARN]: Can't keep up! Is the server overloaded? Running 3077ms or 61 ticks behind
[03:22:37] [Server thread/WARN]: Can't keep up! Is the server overloaded? Running 2062ms or 41 ticks behind
[03:23:13] [Server thread/WARN]: Mismatch in destroy block pos: class_2338{x=56, y=57, z=114} class_2338{x=56, y=58, z=113}
[03:23:13] [Server thread/WARN]: Mismatch in destroy block pos: class_2338{x=56, y=56, z=114} class_2338{x=56, y=58, z=113}
[03:23:13] [Server thread/WARN]: Mismatch in destroy block pos: class_2338{x=56, y=57, z=114} class_2338{x=56, y=58, z=113}
[03:23:14] [Server thread/WARN]: Mismatch in destroy block pos: class_2338{x=55, y=57, z=113} class_2338{x=56, y=58, z=113}
[03:23:14] [Server thread/WARN]: Mismatch in destroy block pos: class_2338{x=55, y=56, z=113} class_2338{x=56, y=58, z=113}
[03:23:14] [Server thread/WARN]: Mismatch in destroy block pos: class_2338{x=55, y=57, z=114} class_2338{x=56, y=58, z=113}
[03:24:38] [Server thread/INFO]: MAX_XiaoKui lost connection: Disconnected
[03:24:38] [Server thread/INFO]: MAX_XiaoKui left the game
[03:24:49] [Server thread/INFO]: MAX_XiaoKui[/127.0.0.1:62158] logged in with entity id 9648 at (57.176000446674536, 52.0, 113.38556078428726)
[03:24:49] [Netty Server IO #0/WARN]: Received invalid identifier in minecraft:register: legacy:fml|hs (Non [a-z0-9/._-] character in path of location: legacy:fml|hs)
[03:24:49] [Server thread/INFO]: MAX_XiaoKui joined the game
[03:24:50] [Netty Server IO #0/INFO]: Player MAX_XiaoKui joined with a matching carpet client
[03:26:39] [Server thread/WARN]: Can't keep up! Is the server overloaded? Running 2406ms or 48 ticks behind
[03:26:45] [Server thread/INFO]: MAX_XiaoKui lost connection: Disconnected
[03:26:45] [Server thread/INFO]: MAX_XiaoKui left the game
[03:26:48] [Server thread/INFO]: MAX_XiaoKui[/127.0.0.1:62202] logged in with entity id 10447 at (79.43951030953691, 58.0, 115.10712078264626)
[03:26:48] [Netty Server IO #1/WARN]: Received invalid identifier in minecraft:register: legacy:fml|hs (Non [a-z0-9/._-] character in path of location: legacy:fml|hs)
[03:26:48] [Server thread/INFO]: MAX_XiaoKui joined the game
[03:26:48] [Netty Server IO #1/INFO]: Player MAX_XiaoKui joined with a matching carpet client
[03:27:59] [Server thread/WARN]: Can't keep up! Is the server overloaded? Running 3537ms or 70 ticks behind
[03:29:03] [Server thread/WARN]: Mismatch in destroy block pos: class_2338{x=59, y=59, z=112} class_2338{x=67, y=56, z=114}
[03:29:03] [Server thread/WARN]: Mismatch in destroy block pos: class_2338{x=59, y=59, z=112} class_2338{x=67, y=56, z=114}
[03:29:03] [Server thread/WARN]: Mismatch in destroy block pos: class_2338{x=59, y=59, z=112} class_2338{x=67, y=56, z=114}
[03:31:44] [Server thread/WARN]: Can't keep up! Is the server overloaded? Running 2067ms or 41 ticks behind
[03:34:59] [Server thread/WARN]: Mismatch in destroy block pos: class_2338{x=31, y=43, z=112} class_2338{x=31, y=42, z=112}
[03:34:59] [Server thread/WARN]: Mismatch in destroy block pos: class_2338{x=31, y=43, z=112} class_2338{x=31, y=42, z=112}
[03:34:59] [Server thread/WARN]: Mismatch in destroy block pos: class_2338{x=31, y=43, z=112} class_2338{x=31, y=42, z=112}
[03:34:59] [Server thread/WARN]: Mismatch in destroy block pos: class_2338{x=31, y=43, z=112} class_2338{x=31, y=42, z=112}
[03:34:59] [Server thread/WARN]: Mismatch in destroy block pos: class_2338{x=31, y=43, z=112} class_2338{x=31, y=42, z=112}
[03:34:59] [Server thread/WARN]: Mismatch in destroy block pos: class_2338{x=31, y=43, z=112} class_2338{x=31, y=42, z=112}
[03:34:59] [Server thread/WARN]: Mismatch in destroy block pos: class_2338{x=31, y=43, z=112} class_2338{x=31, y=42, z=112}
[03:36:23] [Server thread/WARN]: Mismatch in destroy block pos: class_2338{x=40, y=40, z=112} class_2338{x=40, y=39, z=112}
[03:36:23] [Server thread/WARN]: Mismatch in destroy block pos: class_2338{x=40, y=40, z=112} class_2338{x=40, y=39, z=112}
[03:36:24] [Server thread/WARN]: Mismatch in destroy block pos: class_2338{x=40, y=40, z=112} class_2338{x=40, y=39, z=112}
[03:36:24] [Server thread/WARN]: Mismatch in destroy block pos: class_2338{x=40, y=40, z=112} class_2338{x=40, y=39, z=112}
[03:36:47] [Server thread/WARN]: Can't keep up! Is the server overloaded? Running 3025ms or 60 ticks behind
[03:41:33] [Server thread/WARN]: Can't keep up! Is the server overloaded? Running 2077ms or 41 ticks behind
[03:41:56] [Server thread/WARN]: Can't keep up! Is the server overloaded? Running 7296ms or 145 ticks behind
[03:42:19] [Server thread/WARN]: Can't keep up! Is the server overloaded? Running 8528ms or 170 ticks behind
[03:43:11] [Server thread/WARN]: Can't keep up! Is the server overloaded? Running 2004ms or 40 ticks behind
[03:44:22] [Server thread/WARN]: Can't keep up! Is the server overloaded? Running 2079ms or 41 ticks behind
[03:47:13] [Server thread/WARN]: Can't keep up! Is the server overloaded? Running 4036ms or 80 ticks behind
[03:47:32] [Server thread/WARN]: Can't keep up! Is the server overloaded? Running 3954ms or 79 ticks behind
[03:51:57] [Server thread/WARN]: Mismatch in destroy block pos: class_2338{x=66, y=37, z=112} class_2338{x=70, y=37, z=112}
[03:52:19] [Server thread/WARN]: Can't keep up! Is the server overloaded? Running 2142ms or 42 ticks behind
[03:53:33] [Server thread/WARN]: Mismatch in destroy block pos: class_2338{x=75, y=36, z=112} class_2338{x=75, y=38, z=112}
[03:53:34] [Server thread/WARN]: Mismatch in destroy block pos: class_2338{x=75, y=36, z=112} class_2338{x=75, y=38, z=112}
[03:53:34] [Server thread/WARN]: Mismatch in destroy block pos: class_2338{x=75, y=36, z=112} class_2338{x=75, y=38, z=112}
[03:56:18] [Server thread/INFO]: Backup started by: SERVER on: 2020-07-08_03-56-18
[03:56:18] [Server thread/INFO]: Saving server...
[03:56:19] [Server thread/INFO]: ThreadedAnvilChunkStorage (world): All chunks are saved
[03:56:19] [Server thread/INFO]: ThreadedAnvilChunkStorage (DIM-1): All chunks are saved
[03:56:19] [Server thread/INFO]: ThreadedAnvilChunkStorage (DIM1): All chunks are saved
[03:56:21] [Server thread/WARN]: Can't keep up! Is the server overloaded? Running 2195ms or 43 ticks behind
[03:56:21] [Thread-108/INFO]: Starting backup
[03:56:21] [Thread-108/INFO]: Starting compression...
[03:56:54] [Thread-108/INFO]: Compression took: 33.5669062s
[03:56:54] [Thread-108/INFO]: Deleting: 2020-07-07_19-16-56.zip
[03:56:54] [Thread-108/INFO]: Done!
[03:56:55] [Server thread/WARN]: Can't keep up! Is the server overloaded? Running 19198ms or 383 ticks behind
[03:57:15] [Server thread/WARN]: Can't keep up! Is the server overloaded? Running 4981ms or 99 ticks behind
[03:57:48] [Server thread/WARN]: Can't keep up! Is the server overloaded? Running 2666ms or 53 ticks behind
[04:00:28] [Server thread/WARN]: Can't keep up! Is the server overloaded? Running 2067ms or 41 ticks behind
[04:00:46] [Server thread/WARN]: Can't keep up! Is the server overloaded? Running 2944ms or 58 ticks behind
[04:02:55] [Server thread/WARN]: Can't keep up! Is the server overloaded? Running 2273ms or 45 ticks behind
[04:05:48] [Server thread/WARN]: Can't keep up! Is the server overloaded? Running 2019ms or 40 ticks behind
[04:08:00] [Server thread/WARN]: Can't keep up! Is the server overloaded? Running 2592ms or 51 ticks behind
[04:11:50] [Server thread/INFO]: Player Alex is already logged on
[04:12:25] [Server thread/INFO]: MAX_XiaoKui lost connection: Disconnected
[04:12:25] [Server thread/INFO]: MAX_XiaoKui left the game
[04:13:02] [Server thread/WARN]: Can't keep up! Is the server overloaded? Running 2022ms or 40 ticks behind
[04:25:59] [Server thread/INFO]: Backup started by: Server on: 2020-07-08_04-25-59
[04:25:59] [Server thread/INFO]: Saving server...
[04:25:59] [Server thread/INFO]: Saving server...
[04:25:59] [Server thread/INFO]: ThreadedAnvilChunkStorage (world): All chunks are saved
[04:25:59] [Server thread/INFO]: ThreadedAnvilChunkStorage (DIM-1): All chunks are saved
[04:25:59] [Server thread/INFO]: ThreadedAnvilChunkStorage (DIM1): All chunks are saved
[04:26:00] [Thread-131/INFO]: Starting backup
[04:26:00] [Thread-131/INFO]: Starting backup
[04:26:00] [Thread-131/INFO]: Starting compression...
[04:26:00] [Thread-131/INFO]: Starting compression...
[04:26:13] [Server thread/WARN]: Can't keep up! Is the server overloaded? Running 2329ms or 46 ticks behind
[04:26:31] [Thread-131/INFO]: Compression took: 31.0062499s
[04:26:31] [Thread-131/INFO]: Compression took: 31.0062499s
[04:26:31] [Thread-131/INFO]: Deleting: 2020-07-07_20-32-42.zip
[04:26:31] [Thread-131/INFO]: Deleting: 2020-07-07_20-32-42.zip
[04:26:31] [Thread-131/INFO]: Done!
[04:26:31] [Thread-131/INFO]: Done!
[04:56:18] [Server thread/INFO]: Backup started by: SERVER on: 2020-07-08_04-56-18
[04:56:18] [Server thread/INFO]: Saving server...
[04:56:19] [Server thread/INFO]: ThreadedAnvilChunkStorage (world): All chunks are saved
[04:56:19] [Server thread/INFO]: ThreadedAnvilChunkStorage (DIM-1): All chunks are saved
[04:56:19] [Server thread/INFO]: ThreadedAnvilChunkStorage (DIM1): All chunks are saved
[04:56:21] [Thread-148/INFO]: Starting backup
[04:56:21] [Thread-148/INFO]: Starting compression...
[04:56:30] [Server thread/WARN]: Can't keep up! Is the server overloaded? Running 2435ms or 48 ticks behind
[04:56:49] [Server thread/WARN]: Can't keep up! Is the server overloaded? Running 4761ms or 95 ticks behind
[04:56:50] [Thread-148/INFO]: Compression took: 28.7641257s
[04:56:50] [Thread-148/INFO]: Deleting: 2020-07-07_21-32-45.zip
[04:56:50] [Thread-148/INFO]: Done!
[05:25:01] [Server thread/INFO]: [Server] 服务器将在5分钟后关闭备份存档，6:01继续开启
[05:30:01] [Server thread/INFO]: Stopping the server
[05:30:01] [Server thread/INFO]: Unknown or incomplete command, see below for error
[05:30:01] [Server thread/INFO]: end<--[HERE]
[05:30:01] [Server thread/INFO]: Unknown or incomplete command, see below for error
[05:30:01] [Server thread/INFO]: exit<--[HERE]
[05:30:01] [Server thread/INFO]: Stopping server
[05:30:01] [Server thread/INFO]: Saving players
[05:30:02] [Server thread/INFO]: Saving worlds
[05:30:02] [Server thread/INFO]: Saving chunks for level 'ServerLevel[world]'/minecraft:overworld
[05:30:02] [Server thread/INFO]: ThreadedAnvilChunkStorage (world): All chunks are saved
[05:30:02] [Server thread/INFO]: Saving chunks for level 'ServerLevel[world]'/minecraft:the_nether
[05:30:03] [Server thread/INFO]: ThreadedAnvilChunkStorage (DIM-1): All chunks are saved
[05:30:03] [Server thread/INFO]: Saving chunks for level 'ServerLevel[world]'/minecraft:the_end
[05:30:03] [Server thread/INFO]: ThreadedAnvilChunkStorage (DIM1): All chunks are saved
[05:30:03] [Server thread/INFO]: Backup started by: SERVER on: 2020-07-08_05-30-03
[05:30:03] [Server thread/INFO]: Saving server...
[05:30:03] [Thread-167/INFO]: Starting backup
[05:30:03] [Thread-167/INFO]: Starting compression...
[05:30:15] [Thread-167/INFO]: Compression took: 12.4545921s
[05:30:15] [Thread-167/INFO]: Deleting: 2020-07-07_22-33-00.zip
[05:30:15] [Thread-167/INFO]: Done!
[05:30:15] [Server thread/INFO]: ThreadedAnvilChunkStorage (world): All chunks are saved
[05:30:15] [Server thread/INFO]: ThreadedAnvilChunkStorage (DIM-1): All chunks are saved
[05:30:15] [Server thread/INFO]: ThreadedAnvilChunkStorage (DIM1): All chunks are saved
[05:30:16] [Server thread/INFO]: Thread RCON Listener stopped
