[12:01:05] [main/INFO]: Loading for game Minecraft 1.15.2
[12:01:10] [main/WARN]: Mod `jankson` (2.0.0+j1.2.0) uses 'requires' key in fabric.mod.json, which is not supported - use 'depends'
[12:01:10] [main/INFO]: [FabricLoader] Loading 40 mods: minecraft@1.15.2, fabric-networking-blockentity-v0@0.2.3+e08a73050c, fabric-renderer-api-v1@0.2.10+f08b61330c, fabric-keybindings-v0@0.1.1+dfdb52d60c, jankson@2.0.0+j1.2.0, fabricloader@0.7.8+build.189, fabric-renderer-indigo@0.2.23+9290e2ed0c, fabric-containers-v0@0.1.3+b7f9825d0c, fabric-dimensions-v1@0.3.0+2ad156310c, org_apache_commons_commons-compress@1.9, fabric-biomes-v1@0.1.5+3b05f68e0c, fabric-events-interaction-v0@0.3.0+fac69e320c, fabric-crash-report-info-v1@0.1.2+b7f9825d0c, fabric-api-base@0.1.2+b7f9825d0c, fabric-rendering-v0@1.1.0+534104900c, fabric-rendering-v1@0.1.0+534104900c, fabric-rendering-data-attachment-v1@0.1.3+b7f9825d0c, fabric-resource-loader-v0@0.1.10+06c939b30c, fabric-textures-v0@1.0.4+821cdba70c, fabric-content-registries-v0@0.1.3+b7f9825d0c, fabric-tag-extensions-v0@0.1.3+abd915800c, fabric-rendering-fluids-v1@0.1.6+12515ed90c, fabric-commands-v0@0.1.2+b7f9825d0c, fabric-registry-sync-v0@0.2.6+f3d8141b0c, cotton-logging@1.0.0-rc.4, fabric-blockrenderlayer-v1@1.1.4+c6a8ea890c, textile_backup@1.1.0-1.15, fabric-mining-levels-v0@0.1.1+b7f9825d0c, fabric-renderer-registries-v1@2.0.1+5a0f9a600c, carpet-extra@1.3.15, fabric-events-lifecycle-v0@0.1.2+b7f9825d0c, fabric-loot-tables-v1@0.1.5+e08a73050c, fabric@0.5.1+build.294-1.15, carpet@1.3.15, fabric-item-groups-v0@0.1.6+ec40b2e10c, fabric-models-v0@0.1.0+dfdb52d60c, fabric-particles-v1@0.1.1+dfdb52d60c, fabric-networking-v0@0.1.7+12515ed90c, fabric-object-builders-v0@0.1.3+e4c9a9c30c, cotton-config@1.0.0-rc.7
[12:01:10] [main/INFO]: SpongePowered MIXIN Subsystem Version=0.8 Source=file:/C:/Server/skimit_survival/fabric-server-launch.jar Service=Knot/Fabric Env=SERVER
[12:02:32] [main/WARN]: Ambiguity between arguments [teleport, destination] and [teleport, targets] with inputs: [Player, 0123, @e, dd12be42-52a9-4a91-a8a1-11c01849e498]
[12:02:32] [main/WARN]: Ambiguity between arguments [teleport, location] and [teleport, destination] with inputs: [0.1 -0.5 .9, 0 0 0]
[12:02:32] [main/WARN]: Ambiguity between arguments [teleport, location] and [teleport, targets] with inputs: [0.1 -0.5 .9, 0 0 0]
[12:02:32] [main/WARN]: Ambiguity between arguments [teleport, targets] and [teleport, destination] with inputs: [Player, 0123, dd12be42-52a9-4a91-a8a1-11c01849e498]
[12:02:32] [main/WARN]: Ambiguity between arguments [teleport, targets, location] and [teleport, targets, destination] with inputs: [0.1 -0.5 .9, 0 0 0]
[12:02:35] [main/INFO]: [TextileBackup]: Loading TextileBackup by Szum123321
[12:02:37] [Server thread/INFO]: Starting minecraft server version 1.15.2
[12:02:37] [Server thread/INFO]: Loading properties
[12:02:37] [Server thread/INFO]: Default game type: SURVIVAL
[12:02:37] [Server thread/INFO]: Generating keypair
[12:02:38] [Server thread/INFO]: Starting Minecraft server on *:26565
[12:02:38] [Server thread/INFO]: Using default channel type
[12:02:39] [Server thread/WARN]: **** SERVER IS RUNNING IN OFFLINE/INSECURE MODE!
[12:02:39] [Server thread/WARN]: The server will make no attempt to authenticate usernames. Beware.
[12:02:39] [Server thread/WARN]: While this makes the game possible to play without internet access, it also opens up the ability for hackers to connect with any username they choose.
[12:02:39] [Server thread/WARN]: To change this, set "online-mode" to "true" in the server.properties file.
[12:02:40] [Server thread/INFO]: Preparing level "skimit"
[12:02:40] [Server thread/INFO]: [CM]: loaded setting commandDraw as false from carpet.conf
[12:02:40] [Server thread/INFO]: [CM]: loaded setting rotatorBlock as true from carpet.conf
[12:02:40] [Server thread/INFO]: [CM]: loaded setting combineXPOrbs as true from carpet.conf
[12:02:40] [Server thread/INFO]: [CM]: loaded setting onePlayerSleeping as true from carpet.conf
[12:02:40] [Server thread/INFO]: [CM]: loaded setting portalSuffocationFix as true from carpet.conf
[12:02:40] [Server thread/INFO]: [CM]: loaded setting leadFix as true from carpet.conf
[12:02:40] [Server thread/INFO]: [CM]: loaded setting antiCheatDisabled as true from carpet.conf
[12:02:40] [Server thread/INFO]: [CM]: loaded setting defaultLoggers as tps from carpet.conf
[12:02:40] [Server thread/INFO]: [CM]: loaded setting commandCameramode as false from carpet.conf
[12:02:40] [Server thread/INFO]: [CM]: loaded setting unloadedEntityFix as true from carpet.conf
[12:02:40] [Server thread/INFO]: [CM]: loaded setting ctrlQCraftingFix as true from carpet.conf
[12:02:40] [Server thread/INFO]: [fabric-registry-sync] Loaded registry data [file 1/4]
[12:02:41] [Server thread/INFO]: Reloading ResourceManager: Default, bukkit, Fabric Mining Levels (v0)
[12:02:43] [Server thread/INFO]: Loaded 6 recipes
[12:02:46] [Server thread/INFO]: Loaded 825 advancements
[12:02:46] [Server thread/INFO]: Preparing start region for dimension minecraft:overworld
[12:02:50] [Server thread/INFO]: Preparing spawn area: 0%
[12:02:50] [Server thread/INFO]: Preparing spawn area: 0%
[12:02:50] [Server thread/INFO]: Preparing spawn area: 0%
[12:02:50] [Server thread/INFO]: Preparing spawn area: 0%
[12:02:50] [Server thread/INFO]: Preparing spawn area: 0%
[12:02:50] [Server thread/INFO]: Preparing spawn area: 0%
[12:02:50] [Server thread/INFO]: Preparing spawn area: 0%
[12:02:50] [Server thread/INFO]: Preparing spawn area: 0%
[12:02:50] [Server thread/INFO]: Preparing spawn area: 0%
[12:02:51] [Server-Worker-3/INFO]: Preparing spawn area: 0%
[12:02:51] [Server-Worker-3/INFO]: Preparing spawn area: 0%
[12:02:52] [Server-Worker-3/INFO]: Preparing spawn area: 0%
[12:02:52] [Server-Worker-3/INFO]: Preparing spawn area: 0%
[12:02:53] [Server-Worker-3/INFO]: Preparing spawn area: 0%
[12:02:53] [Server-Worker-3/INFO]: Preparing spawn area: 0%
[12:02:54] [Server-Worker-3/INFO]: Preparing spawn area: 0%
[12:02:54] [Server thread/INFO]: Preparing spawn area: 0%
[12:02:55] [Server thread/INFO]: Preparing spawn area: 0%
[12:02:56] [Server thread/INFO]: Preparing spawn area: 83%
[12:02:57] [Server thread/INFO]: Time elapsed: 10298 ms
[12:02:57] [Server thread/INFO]: Done (17.080s)! For help, type "help"
[12:02:57] [Server thread/INFO]: Starting remote control listener
[12:02:57] [RCON Listener #1/INFO]: RCON running on 0.0.0.0:25636
[12:02:59] [Server thread/WARN]: Can't keep up! Is the server overloaded? Running 2561ms or 51 ticks behind
[12:09:50] [Server thread/INFO]: MTpromax[/127.0.0.1:51008] logged in with entity id 82 at (-428.0770690019806, 74.0, 410.55635620111605)
[12:09:50] [Netty Server IO #0/WARN]: Received invalid identifier in minecraft:register: legacy:fml|hs (Non [a-z0-9/._-] character in path of location: legacy:fml|hs)
[12:09:51] [Server thread/INFO]: MTpromax joined the game
[12:09:51] [Server thread/INFO]: [TextileBackup]: Backup started by: SERVER on: 2020-04-14_12-09-51
[12:09:51] [Server thread/INFO]: [TextileBackup]: Saving server...
[12:09:51] [Thread-50/INFO]: [TextileBackup]: Starting compression...
[12:09:55] [Server thread/WARN]: Can't keep up! Is the server overloaded? Running 4545ms or 90 ticks behind
[12:10:12] [Server thread/WARN]: Can't keep up! Is the server overloaded? Running 2017ms or 40 ticks behind
[12:10:35] [Server thread/WARN]: Can't keep up! Is the server overloaded? Running 8466ms or 169 ticks behind
[12:10:58] [Server thread/WARN]: Can't keep up! Is the server overloaded? Running 8212ms or 164 ticks behind
[12:11:16] [Server thread/WARN]: Can't keep up! Is the server overloaded? Running 2921ms or 58 ticks behind
[12:11:39] [Server thread/WARN]: Can't keep up! Is the server overloaded? Running 8124ms or 162 ticks behind
[12:12:10] [Server thread/WARN]: Can't keep up! Is the server overloaded? Running 15733ms or 314 ticks behind
[12:12:33] [Server thread/WARN]: Can't keep up! Is the server overloaded? Running 8071ms or 161 ticks behind
[12:12:43] [Thread-50/INFO]: [TextileBackup]: Compression finished
[12:12:43] [Thread-50/INFO]: [TextileBackup]: Deleting: 2020-04-13_16-48-38.zip
[12:12:43] [Thread-50/INFO]: [TextileBackup]: Deleting: 2020-04-13_17-48-40.zip
[12:12:43] [Thread-50/INFO]: [TextileBackup]: Done!
[12:13:59] [Server thread/WARN]: Can't keep up! Is the server overloaded? Running 2033ms or 40 ticks behind
[12:14:48] [Server thread/WARN]: Can't keep up! Is the server overloaded? Running 2097ms or 41 ticks behind
[12:16:47] [Server thread/WARN]: Can't keep up! Is the server overloaded? Running 2045ms or 40 ticks behind
[12:16:47] [Server thread/INFO]: MTpromax has reached the goal [Postmortal]
[12:19:06] [Server thread/WARN]: Can't keep up! Is the server overloaded? Running 3105ms or 62 ticks behind
[12:24:09] [Server thread/WARN]: Can't keep up! Is the server overloaded? Running 2434ms or 48 ticks behind
[12:25:38] [Server thread/INFO]: MTpromax drowned
[12:39:34] [Server thread/INFO]: MTpromax lost connection: Disconnected
[12:39:34] [Server thread/INFO]: MTpromax left the game
[12:48:31] [Server thread/INFO]: yao_di[/127.0.0.1:52413] logged in with entity id 5094 at (-403.65864637258005, 69.0, 504.30000001192093)
[12:48:31] [Netty Server IO #1/WARN]: Received invalid identifier in minecraft:register: legacy:fml|hs (Non [a-z0-9/._-] character in path of location: legacy:fml|hs)
[12:48:31] [Server thread/INFO]: yao_di joined the game
[12:48:49] [Server thread/INFO]: <yao_di> hell
[12:49:10] [Server thread/WARN]: Can't keep up! Is the server overloaded? Running 2066ms or 41 ticks behind
[12:50:43] [Server thread/WARN]: Can't keep up! Is the server overloaded? Running 4016ms or 80 ticks behind
[12:51:19] [Server thread/WARN]: Can't keep up! Is the server overloaded? Running 2065ms or 41 ticks behind
[12:52:09] [Server thread/WARN]: Can't keep up! Is the server overloaded? Running 2051ms or 41 ticks behind
[12:52:24] [Server thread/INFO]: yao_di has made the advancement [The End?]
[12:52:27] [Server thread/INFO]: Scanning for legacy world dragon fight...
[12:52:27] [Server thread/INFO]: Found that the dragon has been killed in this world already.
[12:52:27] [Server thread/WARN]: Can't keep up! Is the server overloaded? Running 2385ms or 47 ticks behind
[12:53:41] [Server thread/INFO]: yao_di lost connection: Disconnected
[12:53:41] [Server thread/INFO]: yao_di left the game
[12:53:46] [Server thread/INFO]: yao_di[/127.0.0.1:52603] logged in with entity id 7266 at (-378.12312222343206, 92.23109383226699, 483.5092838246787)
[12:53:46] [Netty Server IO #1/WARN]: Received invalid identifier in minecraft:register: legacy:fml|hs (Non [a-z0-9/._-] character in path of location: legacy:fml|hs)
[12:53:47] [Server thread/INFO]: yao_di joined the game
[12:54:00] [Server thread/INFO]: yao_di lost connection: Disconnected
[12:54:00] [Server thread/INFO]: yao_di left the game
[12:55:26] [Server thread/INFO]: Yu_Chei[/127.0.0.1:52665] logged in with entity id 7406 at (-463.30000001192093, 74.0, 450.6983755396358)
[12:55:26] [Netty Server IO #0/WARN]: Received invalid identifier in minecraft:register: legacy:fml|hs (Non [a-z0-9/._-] character in path of location: legacy:fml|hs)
[12:55:27] [Server thread/INFO]: Yu_Chei joined the game
[13:04:24] [Server thread/WARN]: Can't keep up! Is the server overloaded? Running 2222ms or 44 ticks behind
[13:09:50] [Server thread/INFO]: [TextileBackup]: Backup started by: SERVER on: 2020-04-14_13-09-50
[13:09:50] [Server thread/INFO]: [TextileBackup]: Saving server...
[13:09:51] [Thread-51/INFO]: [TextileBackup]: Starting compression...
[13:09:55] [Server thread/WARN]: Can't keep up! Is the server overloaded? Running 2247ms or 44 ticks behind
[13:10:17] [Server thread/WARN]: Can't keep up! Is the server overloaded? Running 7082ms or 141 ticks behind
[13:10:38] [Server thread/WARN]: Can't keep up! Is the server overloaded? Running 6459ms or 129 ticks behind
[13:11:01] [Server thread/WARN]: Can't keep up! Is the server overloaded? Running 7301ms or 146 ticks behind
[13:11:22] [Server thread/WARN]: Can't keep up! Is the server overloaded? Running 5960ms or 119 ticks behind
[13:11:39] [Server thread/WARN]: Can't keep up! Is the server overloaded? Running 2656ms or 53 ticks behind
[13:11:44] [Thread-51/INFO]: [TextileBackup]: Compression finished
[13:11:44] [Thread-51/INFO]: [TextileBackup]: Deleting: 2020-04-13_18-48-40.zip
[13:11:44] [Thread-51/INFO]: [TextileBackup]: Done!
[13:14:57] [Server thread/INFO]: <Yu_Chei> Yu_Chei
[13:24:57] [Server thread/WARN]: Can't keep up! Is the server overloaded? Running 2446ms or 48 ticks behind
[13:34:59] [Server thread/WARN]: Can't keep up! Is the server overloaded? Running 2016ms or 40 ticks behind
[13:38:35] [Server thread/INFO]: Cora_cold[/127.0.0.1:54243] logged in with entity id 12369 at (-530.3609260968733, 68.0, 445.47578695549805)
[13:38:35] [Netty Server IO #1/WARN]: Received invalid identifier in minecraft:register: legacy:fml|hs (Non [a-z0-9/._-] character in path of location: legacy:fml|hs)
[13:38:35] [Server thread/INFO]: Cora_cold joined the game
[13:39:40] [Server thread/INFO]: <Cora_cold> mmp
[13:39:42] [Server thread/INFO]: <Cora_cold> QWQ
[13:40:02] [Server thread/WARN]: Can't keep up! Is the server overloaded? Running 2230ms or 44 ticks behind
[13:45:03] [Server thread/WARN]: Can't keep up! Is the server overloaded? Running 2285ms or 45 ticks behind
[13:45:27] [Server thread/WARN]: Can't keep up! Is the server overloaded? Running 9130ms or 182 ticks behind
[13:46:23] [Server thread/WARN]: Can't keep up! Is the server overloaded? Running 2032ms or 40 ticks behind
[13:46:41] [Server thread/WARN]: Can't keep up! Is the server overloaded? Running 3353ms or 67 ticks behind
[13:47:16] [Server thread/WARN]: Can't keep up! Is the server overloaded? Running 2014ms or 40 ticks behind
[13:47:36] [Server thread/WARN]: Can't keep up! Is the server overloaded? Running 4884ms or 97 ticks behind
[13:47:57] [Server thread/WARN]: Can't keep up! Is the server overloaded? Running 5654ms or 113 ticks behind
[13:48:18] [Server thread/WARN]: Can't keep up! Is the server overloaded? Running 6234ms or 124 ticks behind
[13:48:39] [Server thread/WARN]: Can't keep up! Is the server overloaded? Running 5728ms or 114 ticks behind
[13:49:00] [Server thread/WARN]: Can't keep up! Is the server overloaded? Running 6072ms or 121 ticks behind
[13:49:20] [Server thread/WARN]: Can't keep up! Is the server overloaded? Running 5617ms or 112 ticks behind
[13:49:41] [Server thread/WARN]: Can't keep up! Is the server overloaded? Running 5427ms or 108 ticks behind
[13:50:02] [Server thread/WARN]: Can't keep up! Is the server overloaded? Running 5983ms or 119 ticks behind
[13:50:22] [Server thread/WARN]: Can't keep up! Is the server overloaded? Running 4758ms or 95 ticks behind
[13:50:42] [Server thread/WARN]: Can't keep up! Is the server overloaded? Running 5343ms or 106 ticks behind
[13:51:02] [Server thread/WARN]: Can't keep up! Is the server overloaded? Running 5061ms or 101 ticks behind
[13:51:23] [Server thread/WARN]: Can't keep up! Is the server overloaded? Running 6105ms or 122 ticks behind
[13:51:47] [Server thread/WARN]: Can't keep up! Is the server overloaded? Running 8870ms or 177 ticks behind
[13:52:08] [Server thread/WARN]: Can't keep up! Is the server overloaded? Running 5823ms or 116 ticks behind
[13:52:29] [Server thread/WARN]: Can't keep up! Is the server overloaded? Running 6711ms or 134 ticks behind
[13:52:52] [Server thread/WARN]: Can't keep up! Is the server overloaded? Running 7262ms or 145 ticks behind
[13:53:13] [Server thread/WARN]: Can't keep up! Is the server overloaded? Running 6431ms or 128 ticks behind
[13:53:34] [Server thread/WARN]: Can't keep up! Is the server overloaded? Running 6080ms or 121 ticks behind
[13:53:55] [Server thread/WARN]: Can't keep up! Is the server overloaded? Running 5709ms or 114 ticks behind
[13:53:55] [Server thread/INFO]: ChengXi123[/127.0.0.1:54795] logged in with entity id 16420 at (-312.8100830567431, 65.0, 398.5725185409538)
[13:53:55] [Server thread/INFO]: ChengXi123 joined the game
[13:53:56] [Netty Server IO #0/WARN]: Received invalid identifier in minecraft:register: legacy:fml|hs (Non [a-z0-9/._-] character in path of location: legacy:fml|hs)
[13:54:16] [Server thread/WARN]: Can't keep up! Is the server overloaded? Running 6450ms or 129 ticks behind
[13:54:23] [Server thread/INFO]: <ChengXi123> Cora_cold在吗
[13:54:46] [Server thread/INFO]: <Cora_cold> 不在QAQ
[13:54:52] [Server thread/INFO]: <Cora_cold> 一会上课，你带我去看看
[13:55:12] [Server thread/INFO]: <ChengXi123> 你在哪
[13:55:34] [Server thread/INFO]: <Cora_cold> 溺尸
[13:56:16] [Server thread/WARN]: Can't keep up! Is the server overloaded? Running 2011ms or 40 ticks behind
[13:56:37] [Server thread/WARN]: Can't keep up! Is the server overloaded? Running 6470ms or 129 ticks behind
[13:56:46] [Server thread/INFO]: <ChengXi123> 跟上了吗
[13:56:59] [Server thread/INFO]: <Cora_cold> mei
[13:57:03] [Server thread/WARN]: Can't keep up! Is the server overloaded? Running 10846ms or 216 ticks behind
[13:57:23] [Server thread/WARN]: Can't keep up! Is the server overloaded? Running 4822ms or 96 ticks behind
[13:57:26] [Server thread/INFO]: <Cora_cold> 到天坑了
[13:57:41] [Server thread/WARN]: Can't keep up! Is the server overloaded? Running 3001ms or 60 ticks behind
[13:58:11] [Server thread/WARN]: Can't keep up! Is the server overloaded? Running 15351ms or 307 ticks behind
[13:58:30] [Server thread/WARN]: Can't keep up! Is the server overloaded? Running 4222ms or 84 ticks behind
[14:00:55] [Server thread/INFO]: <Cora_cold> 要上课了
[14:01:18] [Server thread/INFO]: <Cora_cold> 要上课了
[14:01:55] [Server thread/INFO]: Cora_cold lost connection: Disconnected
[14:01:55] [Server thread/INFO]: Cora_cold left the game
[14:03:09] [Server thread/WARN]: Can't keep up! Is the server overloaded? Running 3068ms or 61 ticks behind
[14:03:31] [Server thread/WARN]: Can't keep up! Is the server overloaded? Running 6897ms or 137 ticks behind
[14:07:22] [Server thread/WARN]: Can't keep up! Is the server overloaded? Running 2009ms or 40 ticks behind
[14:08:21] [Server thread/WARN]: Can't keep up! Is the server overloaded? Running 3412ms or 68 ticks behind
[14:09:49] [Server thread/INFO]: [TextileBackup]: Backup started by: SERVER on: 2020-04-14_14-09-49
[14:09:49] [Server thread/INFO]: [TextileBackup]: Saving server...
[14:09:51] [Thread-52/INFO]: [TextileBackup]: Starting compression...
[14:09:54] [Server thread/WARN]: Can't keep up! Is the server overloaded? Running 2344ms or 46 ticks behind
[14:10:26] [Server thread/WARN]: Can't keep up! Is the server overloaded? Running 16889ms or 337 ticks behind
[14:10:58] [Server thread/WARN]: Can't keep up! Is the server overloaded? Running 17290ms or 345 ticks behind
[14:11:33] [Server thread/WARN]: Can't keep up! Is the server overloaded? Running 19793ms or 395 ticks behind
[14:11:54] [Thread-52/INFO]: [TextileBackup]: Compression finished
[14:11:54] [Thread-52/INFO]: [TextileBackup]: Deleting: 2020-04-13_19-48-38.zip
[14:11:54] [Thread-52/INFO]: [TextileBackup]: Done!
[14:11:58] [Server thread/WARN]: Can't keep up! Is the server overloaded? Running 9869ms or 197 ticks behind
[14:14:29] [Server thread/WARN]: Can't keep up! Is the server overloaded? Running 2075ms or 41 ticks behind
[14:14:56] [Server thread/WARN]: Can't keep up! Is the server overloaded? Running 11141ms or 222 ticks behind
[14:15:12] [Server thread/INFO]: <ChengXi123> 睡觉
[14:18:00] [Server thread/INFO]: ChengXi123 lost connection: Timed out
[14:18:00] [Server thread/INFO]: ChengXi123 left the game
[14:18:00] [Server thread/WARN]: handleDisconnection() called twice
[14:18:44] [Server thread/INFO]: ChengXi123[/127.0.0.1:55668] logged in with entity id 21897 at (239.70114792012126, 67.5, 215.3693625826927)
[14:18:44] [Netty Server IO #0/WARN]: Received invalid identifier in minecraft:register: legacy:fml|hs (Non [a-z0-9/._-] character in path of location: legacy:fml|hs)
[14:18:44] [Server thread/INFO]: ChengXi123 joined the game
[14:18:48] [Server thread/WARN]: Can't keep up! Is the server overloaded? Running 2139ms or 42 ticks behind
[14:19:05] [Server thread/WARN]: Can't keep up! Is the server overloaded? Running 2615ms or 52 ticks behind
[14:19:22] [Server thread/WARN]: Can't keep up! Is the server overloaded? Running 2294ms or 45 ticks behind
[14:19:50] [Server thread/WARN]: Can't keep up! Is the server overloaded? Running 2374ms or 47 ticks behind
[14:20:13] [Server thread/WARN]: Can't keep up! Is the server overloaded? Running 8595ms or 171 ticks behind
[14:25:01] [Server thread/WARN]: Can't keep up! Is the server overloaded? Running 2285ms or 45 ticks behind
[14:25:22] [Server thread/WARN]: Can't keep up! Is the server overloaded? Running 2103ms or 42 ticks behind
[14:25:46] [Server thread/INFO]: MTpromax[/127.0.0.1:55922] logged in with entity id 23552 at (-909.8177059871216, 55.27386391544832, -1519.5760927719723)
[14:25:46] [Netty Server IO #0/WARN]: Received invalid identifier in minecraft:register: legacy:fml|hs (Non [a-z0-9/._-] character in path of location: legacy:fml|hs)
[14:25:46] [Server thread/INFO]: MTpromax joined the game
[14:25:53] [Server thread/WARN]: Can't keep up! Is the server overloaded? Running 2005ms or 40 ticks behind
[14:26:11] [Server thread/INFO]: <ChengXi123> 你不是回老家了吗？
[14:28:42] [Server thread/WARN]: Can't keep up! Is the server overloaded? Running 2496ms or 49 ticks behind
[14:29:03] [Server thread/WARN]: Can't keep up! Is the server overloaded? Running 6313ms or 126 ticks behind
[14:29:22] [Server thread/WARN]: Can't keep up! Is the server overloaded? Running 2001ms or 40 ticks behind
[14:30:18] [Server thread/WARN]: Can't keep up! Is the server overloaded? Running 2558ms or 51 ticks behind
[14:30:40] [Server thread/WARN]: Can't keep up! Is the server overloaded? Running 7209ms or 144 ticks behind
[14:32:56] [Server thread/WARN]: Can't keep up! Is the server overloaded? Running 2004ms or 40 ticks behind
[14:33:14] [Server thread/WARN]: Can't keep up! Is the server overloaded? Running 2751ms or 55 ticks behind
[14:33:36] [Server thread/WARN]: Can't keep up! Is the server overloaded? Running 7416ms or 148 ticks behind
[14:34:05] [Server thread/WARN]: Can't keep up! Is the server overloaded? Running 2106ms or 42 ticks behind
[14:34:23] [Server thread/WARN]: Can't keep up! Is the server overloaded? Running 2752ms or 55 ticks behind
[14:34:31] [Server thread/INFO]: Yu_Chei lost connection: Disconnected
[14:34:31] [Server thread/INFO]: Yu_Chei left the game
[14:34:54] [Server thread/WARN]: Can't keep up! Is the server overloaded? Running 2435ms or 48 ticks behind
[14:35:36] [Server thread/WARN]: Can't keep up! Is the server overloaded? Running 2015ms or 40 ticks behind
[14:35:57] [Server thread/WARN]: Can't keep up! Is the server overloaded? Running 5440ms or 108 ticks behind
[14:36:19] [Server thread/WARN]: Can't keep up! Is the server overloaded? Running 2013ms or 40 ticks behind
[14:36:40] [Server thread/WARN]: Can't keep up! Is the server overloaded? Running 5441ms or 108 ticks behind
[14:37:03] [Server thread/INFO]: ChengXi123 lost connection: Disconnected
[14:37:03] [Server thread/INFO]: ChengXi123 left the game
[14:37:05] [Server thread/WARN]: Can't keep up! Is the server overloaded? Running 10430ms or 208 ticks behind
[14:37:06] [Server thread/INFO]: ChengXi123[/127.0.0.1:56329] logged in with entity id 26927 at (251.65627745260073, 62.0, 207.84716078010808)
[14:37:06] [Netty Server IO #1/WARN]: Received invalid identifier in minecraft:register: legacy:fml|hs (Non [a-z0-9/._-] character in path of location: legacy:fml|hs)
[14:37:06] [Server thread/INFO]: ChengXi123 joined the game
[14:37:27] [Server thread/WARN]: Can't keep up! Is the server overloaded? Running 2564ms or 51 ticks behind
[14:37:42] [Server thread/INFO]: <ChengXi123> 你不是回老家了吗
[14:37:44] [Server thread/INFO]: <MTpromax> 我好像通过那条大海
[14:38:09] [Server thread/INFO]: <ChengXi123> 条？
[14:38:52] [Server thread/INFO]: <MTpromax> 我现在在一片森林很大，我不知道是不是岛屿
[14:39:26] [Server thread/WARN]: Can't keep up! Is the server overloaded? Running 2019ms or 40 ticks behind
[14:39:46] [Server thread/INFO]: <MTpromax> 我这里现在是个沙漠，上面有些小建筑
[14:40:16] [Server thread/INFO]: <ChengXi123> 我只知道服务器里的沙漠都很远
[14:40:32] [Server thread/INFO]: <MTpromax> 还有箱子
[14:40:45] [Server thread/INFO]: <MTpromax> 和岩浆块
[14:40:54] [Server thread/INFO]: <ChengXi123> 我不清楚
[14:41:11] [Server thread/WARN]: Can't keep up! Is the server overloaded? Running 2064ms or 41 ticks behind
[14:41:37] [Server thread/INFO]: MTpromax fell from a high place
[14:41:42] [Server thread/WARN]: Can't keep up! Is the server overloaded? Running 16259ms or 325 ticks behind
[14:41:53] [Server thread/INFO]: <MTpromax> 我去
[14:42:13] [Server thread/INFO]: <MTpromax> 我那个地方还有床
[14:44:21] [Server thread/INFO]: <MTpromax> 你在哪
[14:44:50] [Server thread/INFO]: <ChengXi123> 女巫小屋
[14:45:09] [Server thread/INFO]: <MTpromax> 刷羊驼。我找到安海晶石了
[14:45:41] [Server thread/INFO]: <ChengXi123> 哪找到的
[14:45:53] [Server thread/INFO]: <MTpromax> 家里
[14:46:01] [Server thread/INFO]: <ChengXi123> .
[14:46:05] [Server thread/INFO]: <MTpromax> 只有40个
[14:46:35] [Server thread/WARN]: Can't keep up! Is the server overloaded? Running 2294ms or 45 ticks behind
[14:46:57] [Server thread/WARN]: Can't keep up! Is the server overloaded? Running 7071ms or 141 ticks behind
[14:47:54] [Server thread/INFO]: MTpromax lost connection: Disconnected
[14:47:54] [Server thread/INFO]: MTpromax left the game
[14:47:58] [Server thread/INFO]: MTpromax[/127.0.0.1:56723] logged in with entity id 30321 at (-413.6844265562754, 71.90290000319482, 544.4076598586395)
[14:47:58] [Netty Server IO #0/WARN]: Received invalid identifier in minecraft:register: legacy:fml|hs (Non [a-z0-9/._-] character in path of location: legacy:fml|hs)
[14:47:58] [Server thread/INFO]: MTpromax joined the game
[14:48:09] [Server thread/INFO]: <ChengXi123> 红色的
[14:48:23] [Server thread/INFO]: MTpromax lost connection: Disconnected
[14:48:23] [Server thread/INFO]: MTpromax left the game
[14:48:25] [Server thread/INFO]: MTpromax[/127.0.0.1:56743] logged in with entity id 30367 at (-411.9078964767041, 70.90290000319482, 543.5638966670805)
[14:48:25] [Netty Server IO #0/WARN]: Received invalid identifier in minecraft:register: legacy:fml|hs (Non [a-z0-9/._-] character in path of location: legacy:fml|hs)
[14:48:25] [Server thread/INFO]: MTpromax joined the game
[14:49:22] [Server thread/INFO]: MTpromax lost connection: Disconnected
[14:49:22] [Server thread/INFO]: MTpromax left the game
[14:49:23] [Server thread/INFO]: Cora_cold[/127.0.0.1:56786] logged in with entity id 30460 at (252.95419136760643, 64.0, 223.1002847945204)
[14:49:23] [Netty Server IO #1/WARN]: Received invalid identifier in minecraft:register: legacy:fml|hs (Non [a-z0-9/._-] character in path of location: legacy:fml|hs)
[14:49:23] [Server thread/INFO]: Cora_cold joined the game
[14:49:25] [Server thread/INFO]: MTpromax[/127.0.0.1:56789] logged in with entity id 30521 at (-412.44004331316984, 71.90290000319482, 543.36686126143)
[14:49:25] [Server thread/INFO]: MTpromax joined the game
[14:49:25] [Netty Server IO #0/WARN]: Received invalid identifier in minecraft:register: legacy:fml|hs (Non [a-z0-9/._-] character in path of location: legacy:fml|hs)
[14:49:30] [Server thread/WARN]: Can't keep up! Is the server overloaded? Running 2009ms or 40 ticks behind
[14:49:42] [Server thread/INFO]: <Cora_cold> 你们在变戏法？
[14:49:45] [Server thread/INFO]: <Cora_cold> 我可看着呢
[14:50:40] [Server thread/INFO]: <ChengXi123> 你怎么还不上去
[14:51:02] [Server thread/INFO]: <MTpromax> 我都上了3辞了
[14:51:09] [Server thread/INFO]: MTpromax lost connection: Disconnected
[14:51:09] [Server thread/INFO]: MTpromax left the game
[14:51:12] [Server thread/INFO]: MTpromax[/127.0.0.1:56861] logged in with entity id 30902 at (-413.7734945256301, 71.90290000319482, 543.9527367811381)
[14:51:12] [Server thread/INFO]: MTpromax joined the game
[14:51:12] [Netty Server IO #1/WARN]: Received invalid identifier in minecraft:register: legacy:fml|hs (Non [a-z0-9/._-] character in path of location: legacy:fml|hs)
[14:51:12] [Server thread/INFO]: <Cora_cold> ?
[14:51:23] [Server thread/INFO]: <ChengXi123> 那我上
[14:51:49] [Server thread/WARN]: Can't keep up! Is the server overloaded? Running 4980ms or 99 ticks behind
[14:51:52] [Server thread/INFO]: ChengXi123 lost connection: Disconnected
[14:51:52] [Server thread/INFO]: ChengXi123 left the game
[14:51:58] [Server thread/INFO]: ChengXi123[/127.0.0.1:56894] logged in with entity id 31080 at (-414.5024236629537, 71.90290000319482, 544.1003959230874)
[14:51:58] [Netty Server IO #1/WARN]: Received invalid identifier in minecraft:register: legacy:fml|hs (Non [a-z0-9/._-] character in path of location: legacy:fml|hs)
[14:51:58] [Server thread/INFO]: ChengXi123 joined the game
[14:52:22] [Server thread/WARN]: Can't keep up! Is the server overloaded? Running 17914ms or 358 ticks behind
[14:52:43] [Server thread/WARN]: Can't keep up! Is the server overloaded? Running 6514ms or 130 ticks behind
[14:53:05] [Server thread/INFO]: <ChengXi123> 够了吧
[14:53:10] [Server thread/WARN]: Can't keep up! Is the server overloaded? Running 2055ms or 41 ticks behind
[14:53:11] [Server thread/INFO]: <MTpromax> 嗯
[14:53:28] [Server thread/WARN]: Can't keep up! Is the server overloaded? Running 2944ms or 58 ticks behind
[14:53:51] [Server thread/WARN]: Can't keep up! Is the server overloaded? Running 8132ms or 162 ticks behind
[14:54:15] [Server thread/WARN]: Can't keep up! Is the server overloaded? Running 8823ms or 176 ticks behind
[14:54:38] [Server thread/WARN]: Can't keep up! Is the server overloaded? Running 7857ms or 157 ticks behind
[14:54:52] [Server thread/INFO]: <ChengXi123> Cora_cold我放好了女巫小屋遮光方块的角落，你铺完就行了
[14:55:00] [Server thread/INFO]: <Cora_cold> 没方块
[14:55:01] [Server thread/WARN]: Can't keep up! Is the server overloaded? Running 8216ms or 164 ticks behind
[14:55:20] [Server thread/WARN]: Can't keep up! Is the server overloaded? Running 4046ms or 80 ticks behind
[14:55:25] [Server thread/INFO]: <ChengXi123> 家里有一组平滑石头
[14:55:42] [Server thread/WARN]: Can't keep up! Is the server overloaded? Running 7110ms or 142 ticks behind
[14:56:06] [Server thread/WARN]: Can't keep up! Is the server overloaded? Running 8684ms or 173 ticks behind
[14:56:28] [Server thread/WARN]: Can't keep up! Is the server overloaded? Running 7252ms or 145 ticks behind
[14:56:45] [Server thread/INFO]: <Cora_cold> 找不到
[14:56:50] [Server thread/WARN]: Can't keep up! Is the server overloaded? Running 7158ms or 143 ticks behind
[14:56:59] [Server thread/INFO]: MTpromax lost connection: Disconnected
[14:56:59] [Server thread/INFO]: MTpromax left the game
[14:57:02] [Server thread/INFO]: MTpromax[/127.0.0.1:57079] logged in with entity id 31837 at (-441.98043439908736, 70.25854209654807, 457.67583083862087)
[14:57:02] [Server thread/INFO]: MTpromax joined the game
[14:57:03] [Netty Server IO #1/WARN]: Received invalid identifier in minecraft:register: legacy:fml|hs (Non [a-z0-9/._-] character in path of location: legacy:fml|hs)
[14:57:16] [Server thread/INFO]: <ChengXi123> 在边上的熔炉下面的木桶里
[14:57:16] [Server thread/WARN]: Can't keep up! Is the server overloaded? Running 10658ms or 213 ticks behind
[14:57:40] [Server thread/WARN]: Can't keep up! Is the server overloaded? Running 9184ms or 183 ticks behind
[14:58:15] [Server thread/WARN]: Can't keep up! Is the server overloaded? Running 2076ms or 41 ticks behind
[14:58:26] [Server thread/INFO]: <Cora_cold> 用半砖嘛？
[14:58:39] [Server thread/WARN]: Can't keep up! Is the server overloaded? Running 2170ms or 43 ticks behind
[14:58:46] [Server thread/INFO]: <ChengXi123> 嗯，半砖不刷怪
[14:59:15] [Server thread/WARN]: Can't keep up! Is the server overloaded? Running 20732ms or 414 ticks behind
[14:59:39] [Server thread/WARN]: Can't keep up! Is the server overloaded? Running 9551ms or 191 ticks behind
[14:59:56] [Server thread/WARN]: Can't keep up! Is the server overloaded? Running 2020ms or 40 ticks behind
[15:00:19] [Server thread/WARN]: Can't keep up! Is the server overloaded? Running 2026ms or 40 ticks behind
[15:01:52] [Server thread/WARN]: Can't keep up! Is the server overloaded? Running 2124ms or 42 ticks behind
[15:02:27] [Server thread/WARN]: Can't keep up! Is the server overloaded? Running 2009ms or 40 ticks behind
[15:02:31] [Server thread/INFO]: <Cora_cold> 用完了
[15:02:53] [Server thread/INFO]: <ChengXi123> 拿石头去烧
[15:02:57] [Server thread/WARN]: Can't keep up! Is the server overloaded? Running 2002ms or 40 ticks behind
[15:03:13] [Server thread/INFO]: <ChengXi123> 一个煤块可以烧一组
[15:03:24] [Server thread/WARN]: Can't keep up! Is the server overloaded? Running 12394ms or 247 ticks behind
[15:03:49] [Server thread/WARN]: Can't keep up! Is the server overloaded? Running 9458ms or 189 ticks behind
[15:04:12] [Server thread/WARN]: Can't keep up! Is the server overloaded? Running 8413ms or 168 ticks behind
[15:04:35] [Server thread/WARN]: Can't keep up! Is the server overloaded? Running 7817ms or 156 ticks behind
[15:04:58] [Server thread/WARN]: Can't keep up! Is the server overloaded? Running 8345ms or 166 ticks behind
[15:05:21] [Server thread/WARN]: Can't keep up! Is the server overloaded? Running 7864ms or 157 ticks behind
[15:05:57] [Server thread/WARN]: Can't keep up! Is the server overloaded? Running 21263ms or 425 ticks behind
[15:06:19] [Server thread/WARN]: Can't keep up! Is the server overloaded? Running 6905ms or 138 ticks behind
[15:06:40] [Server thread/WARN]: Can't keep up! Is the server overloaded? Running 5768ms or 115 ticks behind
[15:07:01] [Server thread/WARN]: Can't keep up! Is the server overloaded? Running 6490ms or 129 ticks behind
[15:07:24] [Server thread/WARN]: Can't keep up! Is the server overloaded? Running 7857ms or 157 ticks behind
[15:07:34] [Server thread/INFO]: <Cora_cold> 钉钉了
[15:07:46] [Server thread/WARN]: Can't keep up! Is the server overloaded? Running 6607ms or 132 ticks behind
[15:07:57] [Server thread/INFO]: <Cora_cold> 你到时候把烧好的石头再烧一遍
[15:08:00] [Server thread/INFO]: Cora_cold lost connection: Disconnected
[15:08:00] [Server thread/INFO]: Cora_cold left the game
[15:08:03] [Server thread/WARN]: Can't keep up! Is the server overloaded? Running 2281ms or 45 ticks behind
[15:08:45] [Server thread/WARN]: Can't keep up! Is the server overloaded? Running 2069ms or 41 ticks behind
[15:09:49] [Server thread/INFO]: [TextileBackup]: Backup started by: SERVER on: 2020-04-14_15-09-49
[15:09:49] [Server thread/INFO]: [TextileBackup]: Saving server...
[15:09:52] [Server thread/WARN]: Can't keep up! Is the server overloaded? Running 2264ms or 45 ticks behind
[15:09:52] [Thread-53/INFO]: [TextileBackup]: Starting compression...
[15:10:29] [Server thread/WARN]: Can't keep up! Is the server overloaded? Running 22481ms or 449 ticks behind
[15:11:03] [Server thread/WARN]: Can't keep up! Is the server overloaded? Running 18609ms or 372 ticks behind
[15:11:40] [Server thread/WARN]: Can't keep up! Is the server overloaded? Running 22239ms or 444 ticks behind
[15:11:53] [Thread-53/INFO]: [TextileBackup]: Compression finished
[15:11:53] [Thread-53/INFO]: [TextileBackup]: Deleting: 2020-04-13_20-48-39.zip
[15:11:53] [Thread-53/INFO]: [TextileBackup]: Done!
[15:11:59] [Server thread/WARN]: Can't keep up! Is the server overloaded? Running 3943ms or 78 ticks behind
[15:14:23] [Server thread/WARN]: Can't keep up! Is the server overloaded? Running 2058ms or 41 ticks behind
[15:14:43] [Server thread/WARN]: Can't keep up! Is the server overloaded? Running 5498ms or 109 ticks behind
[15:16:12] [Server thread/WARN]: Can't keep up! Is the server overloaded? Running 2157ms or 43 ticks behind
[15:16:31] [Server thread/WARN]: Can't keep up! Is the server overloaded? Running 3825ms or 76 ticks behind
[15:16:49] [Server thread/WARN]: Can't keep up! Is the server overloaded? Running 2980ms or 59 ticks behind
[15:18:05] [Server thread/INFO]: ChengXi123 lost connection: Timed out
[15:18:05] [Server thread/INFO]: ChengXi123 left the game
[15:18:05] [Server thread/WARN]: handleDisconnection() called twice
[15:18:19] [Server thread/INFO]: ChengXi123[/127.0.0.1:57838] logged in with entity id 36058 at (-293.82217636778563, 64.0, 411.9168662010188)
[15:18:19] [Netty Server IO #0/WARN]: Received invalid identifier in minecraft:register: legacy:fml|hs (Non [a-z0-9/._-] character in path of location: legacy:fml|hs)
[15:18:19] [Server thread/INFO]: ChengXi123 joined the game
[15:22:51] [Server thread/WARN]: Can't keep up! Is the server overloaded? Running 2073ms or 41 ticks behind
[15:25:50] [Server thread/WARN]: Can't keep up! Is the server overloaded? Running 2046ms or 40 ticks behind
[15:26:08] [Server thread/WARN]: Can't keep up! Is the server overloaded? Running 2998ms or 59 ticks behind
[15:26:26] [Server thread/WARN]: Can't keep up! Is the server overloaded? Running 2620ms or 52 ticks behind
[15:26:43] [Server thread/WARN]: Can't keep up! Is the server overloaded? Running 2403ms or 48 ticks behind
[15:27:47] [Server thread/WARN]: Can't keep up! Is the server overloaded? Running 2037ms or 40 ticks behind
[15:28:07] [Server thread/WARN]: Can't keep up! Is the server overloaded? Running 5574ms or 111 ticks behind
[15:28:35] [Server thread/WARN]: Can't keep up! Is the server overloaded? Running 12637ms or 252 ticks behind
[15:29:11] [Server thread/WARN]: Can't keep up! Is the server overloaded? Running 2008ms or 40 ticks behind
[15:29:31] [Server thread/WARN]: Can't keep up! Is the server overloaded? Running 5163ms or 103 ticks behind
[15:32:16] [Server thread/WARN]: Can't keep up! Is the server overloaded? Running 2010ms or 40 ticks behind
[15:32:35] [Server thread/WARN]: Can't keep up! Is the server overloaded? Running 3944ms or 78 ticks behind
[15:32:54] [Server thread/WARN]: Can't keep up! Is the server overloaded? Running 3998ms or 79 ticks behind
[15:33:12] [Server thread/WARN]: Can't keep up! Is the server overloaded? Running 3774ms or 75 ticks behind
[15:33:36] [Server thread/WARN]: Can't keep up! Is the server overloaded? Running 2047ms or 40 ticks behind
[15:33:57] [Server thread/WARN]: Can't keep up! Is the server overloaded? Running 6948ms or 138 ticks behind
[15:34:05] [Server thread/INFO]: Aod_lcy[/127.0.0.1:58407] logged in with entity id 39013 at (192.98815775979037, 1.0625, 0.5957329577493743)
[15:34:05] [Server thread/INFO]: Aod_lcy joined the game
[15:34:05] [Netty Server IO #0/WARN]: Received invalid identifier in minecraft:register: legacy:fml|hs (Non [a-z0-9/._-] character in path of location: legacy:fml|hs)
[15:34:05] [Server thread/WARN]: Fetching packet for removed entity class_1542['Ender Pearl'/39025, l='skimit', x=194.22, y=1.06, z=1.14]
[15:34:05] [Server thread/WARN]: Fetching packet for removed entity class_1542['Ender Pearl'/39027, l='skimit', x=194.07, y=1.06, z=0.22]
[15:34:05] [Server thread/WARN]: Fetching packet for removed entity class_1542['Ender Pearl'/39023, l='skimit', x=194.25, y=1.06, z=0.07]
[15:34:05] [Server thread/WARN]: Fetching packet for removed entity class_1542['Ender Pearl'/39021, l='skimit', x=194.17, y=1.06, z=0.51]
[15:34:05] [Server thread/WARN]: Fetching packet for removed entity class_1542['Ender Pearl'/39030, l='skimit', x=194.29, y=1.06, z=-0.75]
[15:34:05] [Server thread/WARN]: Fetching packet for removed entity class_1303['Experience Orb'/39033, l='skimit', x=192.15, y=2.06, z=-0.92]
[15:34:18] [Server thread/WARN]: Can't keep up! Is the server overloaded? Running 2010ms or 40 ticks behind
[15:34:32] [Server thread/INFO]: <ChengXi123> Aod有好装备了吗
[15:34:36] [Server thread/INFO]: <Aod_lcy> mie
[15:34:39] [Server thread/WARN]: Can't keep up! Is the server overloaded? Running 6053ms or 121 ticks behind
[15:34:54] [Server thread/INFO]: <Aod_lcy> 上午死了，书没了
[15:35:00] [Server thread/INFO]: <ChengXi123> .
[15:35:10] [Server thread/WARN]: Can't keep up! Is the server overloaded? Running 2017ms or 40 ticks behind
[15:35:34] [Server thread/WARN]: Can't keep up! Is the server overloaded? Running 9194ms or 183 ticks behind
[15:35:52] [Server thread/INFO]: <ChengXi123> 我说我快建好了你信吗
[15:35:53] [Server thread/WARN]: Can't keep up! Is the server overloaded? Running 3327ms or 66 ticks behind
[15:36:15] [Server thread/WARN]: Can't keep up! Is the server overloaded? Running 6883ms or 137 ticks behind
[15:36:36] [Server thread/WARN]: Can't keep up! Is the server overloaded? Running 6759ms or 135 ticks behind
[15:36:56] [Server thread/WARN]: Can't keep up! Is the server overloaded? Running 5005ms or 100 ticks behind
[15:37:17] [Server thread/WARN]: Can't keep up! Is the server overloaded? Running 6010ms or 120 ticks behind
[15:37:38] [Server thread/WARN]: Can't keep up! Is the server overloaded? Running 6103ms or 122 ticks behind
[15:38:01] [Server thread/WARN]: Can't keep up! Is the server overloaded? Running 7590ms or 151 ticks behind
[15:38:22] [Server thread/WARN]: Can't keep up! Is the server overloaded? Running 6307ms or 126 ticks behind
[15:38:44] [Server thread/WARN]: Can't keep up! Is the server overloaded? Running 6903ms or 138 ticks behind
[15:39:03] [Server thread/WARN]: Can't keep up! Is the server overloaded? Running 4146ms or 82 ticks behind
[15:39:23] [Server thread/WARN]: Can't keep up! Is the server overloaded? Running 5063ms or 101 ticks behind
[15:39:42] [Server thread/INFO]: <ChengXi123> 经验修补怎么弄
[15:39:43] [Server thread/WARN]: Can't keep up! Is the server overloaded? Running 4496ms or 89 ticks behind
[15:40:03] [Server thread/WARN]: Can't keep up! Is the server overloaded? Running 4767ms or 95 ticks behind
[15:40:22] [Server thread/WARN]: Can't keep up! Is the server overloaded? Running 4386ms or 87 ticks behind
[15:40:53] [Server thread/WARN]: Can't keep up! Is the server overloaded? Running 16335ms or 326 ticks behind
[15:41:12] [Server thread/WARN]: Can't keep up! Is the server overloaded? Running 4091ms or 81 ticks behind
[15:41:32] [Server thread/INFO]: Cora_cold[/127.0.0.1:58673] logged in with entity id 47491 at (-386.75642266923086, 69.0, 530.6882705711872)
[15:41:32] [Netty Server IO #1/WARN]: Received invalid identifier in minecraft:register: legacy:fml|hs (Non [a-z0-9/._-] character in path of location: legacy:fml|hs)
[15:41:32] [Server thread/INFO]: Cora_cold joined the game
[15:41:34] [Server thread/WARN]: Can't keep up! Is the server overloaded? Running 7150ms or 143 ticks behind
[15:41:42] [Server thread/INFO]: <Aod_lcy> nb
[15:41:45] [Server thread/INFO]: <Cora_cold> 这么多人？
[15:41:48] [Server thread/INFO]: <ChengXi123> ?
[15:41:57] [Server thread/INFO]: <ChengXi123> 什么NB
[15:42:09] [Server thread/WARN]: Can't keep up! Is the server overloaded? Running 19303ms or 386 ticks behind
[15:42:43] [Server thread/WARN]: Can't keep up! Is the server overloaded? Running 18944ms or 378 ticks behind
[15:43:15] [Server thread/WARN]: Can't keep up! Is the server overloaded? Running 17776ms or 355 ticks behind
[15:43:53] [Server thread/WARN]: Can't keep up! Is the server overloaded? Running 23112ms or 462 ticks behind
[15:44:26] [Server thread/WARN]: Can't keep up! Is the server overloaded? Running 17701ms or 354 ticks behind
[15:44:57] [Server thread/WARN]: Can't keep up! Is the server overloaded? Running 16005ms or 320 ticks behind
[15:45:31] [Server thread/WARN]: Can't keep up! Is the server overloaded? Running 18945ms or 378 ticks behind
[15:46:04] [Server thread/WARN]: Can't keep up! Is the server overloaded? Running 18287ms or 365 ticks behind
[15:46:36] [Server thread/WARN]: Can't keep up! Is the server overloaded? Running 17193ms or 343 ticks behind
[15:47:11] [Server thread/WARN]: Can't keep up! Is the server overloaded? Running 19187ms or 383 ticks behind
[15:47:35] [Server thread/WARN]: Can't keep up! Is the server overloaded? Running 9846ms or 196 ticks behind
[15:47:57] [Server thread/WARN]: Can't keep up! Is the server overloaded? Running 6908ms or 138 ticks behind
[15:48:08] [Server thread/INFO]: ChengXi123 lost connection: Disconnected
[15:48:08] [Server thread/INFO]: ChengXi123 left the game
[15:48:12] [Server thread/INFO]: ChengXi123[/127.0.0.1:58915] logged in with entity id 50211 at (-313.02415635705404, 65.0, 398.7941596777947)
[15:48:12] [Netty Server IO #1/WARN]: Received invalid identifier in minecraft:register: legacy:fml|hs (Non [a-z0-9/._-] character in path of location: legacy:fml|hs)
[15:48:12] [Server thread/INFO]: ChengXi123 joined the game
[15:48:26] [Server thread/WARN]: Can't keep up! Is the server overloaded? Running 13482ms or 269 ticks behind
[15:48:48] [Server thread/WARN]: Can't keep up! Is the server overloaded? Running 7183ms or 143 ticks behind
[15:49:20] [Server thread/WARN]: Can't keep up! Is the server overloaded? Running 16735ms or 334 ticks behind
[15:49:57] [Server thread/WARN]: Can't keep up! Is the server overloaded? Running 22771ms or 455 ticks behind
[15:49:57] [Server thread/INFO]: <Cora_cold> 烧的太慢了
[15:50:28] [Server thread/WARN]: Can't keep up! Is the server overloaded? Running 15551ms or 311 ticks behind
[15:51:06] [Server thread/WARN]: Can't keep up! Is the server overloaded? Running 22936ms or 458 ticks behind
[15:51:35] [Server thread/WARN]: Can't keep up! Is the server overloaded? Running 14568ms or 291 ticks behind
[15:52:07] [Server thread/WARN]: Can't keep up! Is the server overloaded? Running 16735ms or 334 ticks behind
[15:52:26] [Server thread/INFO]: MTpromax fell from a high place
[15:52:29] [Server thread/INFO]: <ChengXi123> .
[15:52:39] [Server thread/WARN]: Can't keep up! Is the server overloaded? Running 16837ms or 336 ticks behind
[15:53:07] [Server thread/WARN]: Can't keep up! Is the server overloaded? Running 13354ms or 267 ticks behind
[15:53:35] [Server thread/WARN]: Can't keep up! Is the server overloaded? Running 13125ms or 262 ticks behind
[15:54:06] [Server thread/WARN]: Can't keep up! Is the server overloaded? Running 15898ms or 317 ticks behind
[15:54:26] [Server thread/WARN]: Can't keep up! Is the server overloaded? Running 5415ms or 108 ticks behind
[15:54:53] [Server thread/WARN]: Can't keep up! Is the server overloaded? Running 11180ms or 223 ticks behind
[15:55:30] [Server thread/WARN]: Can't keep up! Is the server overloaded? Running 22854ms or 457 ticks behind
[15:56:10] [Server thread/WARN]: Can't keep up! Is the server overloaded? Running 24911ms or 498 ticks behind
[15:56:48] [Server thread/WARN]: Can't keep up! Is the server overloaded? Running 22795ms or 455 ticks behind
[15:56:52] [Server thread/INFO]: ChengXi123 lost connection: Disconnected
[15:56:52] [Server thread/INFO]: ChengXi123 left the game
[15:57:03] [Server thread/WARN]: Fetching packet for removed entity class_1542['Air'/52918, l='skimit', x=195.08, y=1.06, z=0.60]
[15:57:23] [Server thread/WARN]: Can't keep up! Is the server overloaded? Running 19575ms or 391 ticks behind
[15:57:48] [Server thread/WARN]: Can't keep up! Is the server overloaded? Running 10200ms or 204 ticks behind
[15:58:15] [Server thread/WARN]: Can't keep up! Is the server overloaded? Running 12263ms or 245 ticks behind
[15:58:37] [Server thread/INFO]: xiaolouQAQ[/127.0.0.1:59286] logged in with entity id 53516 at (-531.8148405382962, 69.0, 441.278164999019)
[15:58:37] [Netty Server IO #0/WARN]: Received invalid identifier in minecraft:register: legacy:fml|hs (Non [a-z0-9/._-] character in path of location: legacy:fml|hs)
[15:58:37] [Server thread/INFO]: xiaolouQAQ joined the game
[15:58:43] [Server thread/WARN]: Can't keep up! Is the server overloaded? Running 12935ms or 258 ticks behind
[15:58:44] [Server thread/WARN]: Fetching packet for removed entity class_1542['Air'/53640, l='skimit', x=195.05, y=1.06, z=1.12]
[15:59:14] [Server thread/INFO]: <xiaolouQAQ> Cora_cold
[15:59:14] [Server thread/WARN]: Can't keep up! Is the server overloaded? Running 16411ms or 328 ticks behind
[15:59:21] [Server thread/INFO]: <Cora_cold> 要钉钉了
[15:59:24] [Server thread/INFO]: <Cora_cold> 怎么啦
[15:59:27] [Server thread/INFO]: <xiaolouQAQ> 在哪
[15:59:40] [Server thread/INFO]: <Cora_cold> 天坑附近的沼泽
[15:59:44] [Server thread/INFO]: <xiaolouQAQ> ok
[15:59:52] [Server thread/INFO]: <Cora_cold> 我要回去了
[15:59:58] [Server thread/WARN]: Can't keep up! Is the server overloaded? Running 28191ms or 563 ticks behind
[16:00:38] [Server thread/WARN]: Can't keep up! Is the server overloaded? Running 25277ms or 505 ticks behind
[16:00:44] [Server thread/INFO]: <Cora_cold> 要钉钉了
[16:01:14] [Server thread/WARN]: Can't keep up! Is the server overloaded? Running 21268ms or 425 ticks behind
[16:01:29] [Server thread/INFO]: <Cora_cold> 你那个上面的水流有点问题
[16:01:29] [Server thread/INFO]: <xiaolouQAQ> 谢谢
[16:01:31] [Server thread/INFO]: <Cora_cold> 我要钉钉了
[16:01:36] [Server thread/INFO]: <xiaolouQAQ> 我知道
[16:01:48] [Server thread/INFO]: <xiaolouQAQ> 新版本我不太会
[16:01:53] [Server thread/WARN]: Can't keep up! Is the server overloaded? Running 23802ms or 476 ticks behind
[16:02:21] [Server thread/WARN]: Can't keep up! Is the server overloaded? Running 13396ms or 267 ticks behind
[16:02:48] [Server thread/WARN]: Can't keep up! Is the server overloaded? Running 11347ms or 226 ticks behind
[16:02:52] [Server thread/INFO]: MTpromax has made the advancement [Getting an Upgrade]
[16:03:13] [Server thread/WARN]: Can't keep up! Is the server overloaded? Running 10624ms or 212 ticks behind
[16:03:39] [Server thread/WARN]: Can't keep up! Is the server overloaded? Running 11369ms or 227 ticks behind
[16:04:05] [Server thread/WARN]: Can't keep up! Is the server overloaded? Running 10717ms or 214 ticks behind
[16:04:12] [Server thread/INFO]: Cora_cold lost connection: Disconnected
[16:04:12] [Server thread/INFO]: Cora_cold left the game
[16:04:29] [Server thread/WARN]: Can't keep up! Is the server overloaded? Running 8818ms or 176 ticks behind
[16:04:51] [Server thread/WARN]: Can't keep up! Is the server overloaded? Running 7184ms or 143 ticks behind
[16:05:07] [Server thread/INFO]: <xiaolouQAQ> 溺尸还掉金锭的？
[16:05:13] [Server thread/WARN]: Can't keep up! Is the server overloaded? Running 6936ms or 138 ticks behind
[16:05:35] [Server thread/WARN]: Can't keep up! Is the server overloaded? Running 7094ms or 141 ticks behind
[16:05:57] [Server thread/WARN]: Can't keep up! Is the server overloaded? Running 7157ms or 143 ticks behind
[16:06:20] [Server thread/WARN]: Can't keep up! Is the server overloaded? Running 7683ms or 153 ticks behind
[16:06:42] [Server thread/WARN]: Can't keep up! Is the server overloaded? Running 7413ms or 148 ticks behind
[16:07:04] [Server thread/WARN]: Can't keep up! Is the server overloaded? Running 6659ms or 133 ticks behind
[16:07:26] [Server thread/WARN]: Can't keep up! Is the server overloaded? Running 7197ms or 143 ticks behind
[16:07:48] [Server thread/WARN]: Can't keep up! Is the server overloaded? Running 7449ms or 148 ticks behind
[16:08:12] [Server thread/WARN]: Can't keep up! Is the server overloaded? Running 8710ms or 174 ticks behind
[16:08:36] [Server thread/WARN]: Can't keep up! Is the server overloaded? Running 8679ms or 173 ticks behind
[16:08:58] [Server thread/WARN]: Can't keep up! Is the server overloaded? Running 7486ms or 149 ticks behind
[16:09:19] [Server thread/WARN]: Can't keep up! Is the server overloaded? Running 5671ms or 113 ticks behind
[16:09:50] [Server thread/WARN]: Can't keep up! Is the server overloaded? Running 15788ms or 315 ticks behind
[16:09:50] [Server thread/INFO]: [TextileBackup]: Backup started by: SERVER on: 2020-04-14_16-09-50
[16:09:50] [Server thread/INFO]: [TextileBackup]: Saving server...
[16:09:50] [Thread-54/INFO]: [TextileBackup]: Starting compression...
[16:10:40] [Server thread/WARN]: Can't keep up! Is the server overloaded? Running 35280ms or 705 ticks behind
[16:11:39] [Server thread/WARN]: Can't keep up! Is the server overloaded? Running 44219ms or 884 ticks behind
[16:12:01] [Thread-54/INFO]: [TextileBackup]: Compression finished
[16:12:01] [Thread-54/INFO]: [TextileBackup]: Deleting: 2020-04-13_21-48-39.zip
[16:12:01] [Thread-54/INFO]: [TextileBackup]: Done!
[16:12:15] [Server thread/WARN]: Can't keep up! Is the server overloaded? Running 20672ms or 413 ticks behind
[16:12:42] [Server thread/WARN]: Can't keep up! Is the server overloaded? Running 12366ms or 247 ticks behind
[16:13:15] [Server thread/WARN]: Can't keep up! Is the server overloaded? Running 17807ms or 356 ticks behind
[16:13:41] [Server thread/WARN]: Can't keep up! Is the server overloaded? Running 10945ms or 218 ticks behind
[16:14:02] [Server thread/WARN]: Can't keep up! Is the server overloaded? Running 6708ms or 134 ticks behind
[16:14:24] [Server thread/WARN]: Can't keep up! Is the server overloaded? Running 6261ms or 125 ticks behind
[16:14:49] [Server thread/WARN]: Can't keep up! Is the server overloaded? Running 10627ms or 212 ticks behind
[16:14:50] [Server thread/INFO]: MTpromax was shot by Skeleton
[16:14:58] [Server thread/INFO]: <xiaolouQAQ> ??
[16:15:08] [Server thread/WARN]: Can't keep up! Is the server overloaded? Running 3943ms or 78 ticks behind
[16:15:38] [Server thread/WARN]: Can't keep up! Is the server overloaded? Running 15102ms or 302 ticks behind
[16:16:04] [Server thread/WARN]: Can't keep up! Is the server overloaded? Running 10958ms or 219 ticks behind
[16:16:26] [Server thread/WARN]: Can't keep up! Is the server overloaded? Running 7251ms or 145 ticks behind
[16:16:51] [Server thread/WARN]: Can't keep up! Is the server overloaded? Running 9123ms or 182 ticks behind
[16:17:13] [Server thread/WARN]: Can't keep up! Is the server overloaded? Running 7879ms or 157 ticks behind
[16:17:36] [Server thread/WARN]: Can't keep up! Is the server overloaded? Running 7609ms or 152 ticks behind
[16:17:58] [Server thread/WARN]: Can't keep up! Is the server overloaded? Running 6941ms or 138 ticks behind
[16:18:19] [Server thread/WARN]: Can't keep up! Is the server overloaded? Running 5860ms or 117 ticks behind
[16:18:41] [Server thread/WARN]: Can't keep up! Is the server overloaded? Running 6769ms or 135 ticks behind
[16:19:12] [Server thread/WARN]: Can't keep up! Is the server overloaded? Running 16191ms or 323 ticks behind
[16:19:33] [Server thread/WARN]: Can't keep up! Is the server overloaded? Running 6511ms or 130 ticks behind
[16:19:55] [Server thread/WARN]: Can't keep up! Is the server overloaded? Running 7215ms or 144 ticks behind
[16:20:17] [Server thread/WARN]: Can't keep up! Is the server overloaded? Running 6812ms or 136 ticks behind
[16:20:39] [Server thread/WARN]: Can't keep up! Is the server overloaded? Running 6994ms or 139 ticks behind
[16:21:01] [Server thread/WARN]: Can't keep up! Is the server overloaded? Running 6472ms or 129 ticks behind
[16:21:23] [Server thread/WARN]: Can't keep up! Is the server overloaded? Running 7043ms or 140 ticks behind
[16:21:45] [Server thread/WARN]: Can't keep up! Is the server overloaded? Running 7548ms or 150 ticks behind
[16:22:05] [Server thread/WARN]: Can't keep up! Is the server overloaded? Running 5067ms or 101 ticks behind
[16:22:25] [Server thread/WARN]: Can't keep up! Is the server overloaded? Running 5235ms or 104 ticks behind
[16:22:43] [Server thread/WARN]: Can't keep up! Is the server overloaded? Running 2608ms or 52 ticks behind
[16:23:00] [Server thread/WARN]: Can't keep up! Is the server overloaded? Running 2109ms or 42 ticks behind
[16:23:17] [Server thread/WARN]: Can't keep up! Is the server overloaded? Running 2302ms or 46 ticks behind
[16:23:36] [Server thread/WARN]: Can't keep up! Is the server overloaded? Running 2002ms or 40 ticks behind
[16:23:53] [Server thread/WARN]: Can't keep up! Is the server overloaded? Running 2005ms or 40 ticks behind
[16:24:11] [Server thread/WARN]: Can't keep up! Is the server overloaded? Running 3088ms or 61 ticks behind
[16:24:29] [Server thread/WARN]: Can't keep up! Is the server overloaded? Running 2610ms or 52 ticks behind
[16:24:57] [Server thread/WARN]: Can't keep up! Is the server overloaded? Running 2061ms or 41 ticks behind
[16:25:16] [Server thread/WARN]: Can't keep up! Is the server overloaded? Running 3419ms or 68 ticks behind
[16:25:34] [Server thread/WARN]: Can't keep up! Is the server overloaded? Running 3880ms or 77 ticks behind
[16:25:58] [Server thread/WARN]: Can't keep up! Is the server overloaded? Running 2011ms or 40 ticks behind
[16:26:16] [Server thread/WARN]: Can't keep up! Is the server overloaded? Running 2002ms or 40 ticks behind
[16:26:45] [Server thread/WARN]: Can't keep up! Is the server overloaded? Running 2014ms or 40 ticks behind
[16:27:04] [Server thread/WARN]: Can't keep up! Is the server overloaded? Running 4605ms or 92 ticks behind
[16:27:29] [Server thread/WARN]: Can't keep up! Is the server overloaded? Running 2010ms or 40 ticks behind
[16:27:55] [Server thread/WARN]: Can't keep up! Is the server overloaded? Running 2053ms or 41 ticks behind
[16:28:12] [Server thread/WARN]: Can't keep up! Is the server overloaded? Running 2009ms or 40 ticks behind
[16:28:35] [Server thread/WARN]: Can't keep up! Is the server overloaded? Running 7261ms or 145 ticks behind
[16:28:57] [Server thread/WARN]: Can't keep up! Is the server overloaded? Running 7406ms or 148 ticks behind
[16:29:01] [Server thread/INFO]: MTpromax lost connection: Disconnected
[16:29:01] [Server thread/INFO]: MTpromax left the game
[16:29:25] [Server thread/WARN]: Can't keep up! Is the server overloaded? Running 2005ms or 40 ticks behind
[16:29:43] [Server thread/WARN]: Can't keep up! Is the server overloaded? Running 2524ms or 50 ticks behind
[16:30:22] [Server thread/WARN]: Can't keep up! Is the server overloaded? Running 2047ms or 40 ticks behind
[16:31:08] [Server thread/WARN]: Can't keep up! Is the server overloaded? Running 3661ms or 73 ticks behind
[16:35:04] [Server thread/WARN]: Can't keep up! Is the server overloaded? Running 2008ms or 40 ticks behind
[16:35:23] [Server thread/WARN]: Can't keep up! Is the server overloaded? Running 4805ms or 96 ticks behind
[16:35:30] [Server thread/INFO]: xiaolouQAQ lost connection: Disconnected
[16:35:30] [Server thread/INFO]: xiaolouQAQ left the game
[16:35:41] [Server thread/WARN]: Can't keep up! Is the server overloaded? Running 2988ms or 59 ticks behind
[16:36:01] [Server thread/WARN]: Can't keep up! Is the server overloaded? Running 2011ms or 40 ticks behind
[16:36:20] [Server thread/WARN]: Can't keep up! Is the server overloaded? Running 3564ms or 71 ticks behind
[16:36:37] [Server thread/WARN]: Can't keep up! Is the server overloaded? Running 2010ms or 40 ticks behind
[16:39:33] [Server thread/WARN]: Can't keep up! Is the server overloaded? Running 2018ms or 40 ticks behind
[16:40:19] [Server thread/WARN]: Can't keep up! Is the server overloaded? Running 2033ms or 40 ticks behind
[16:40:46] [Server thread/WARN]: Can't keep up! Is the server overloaded? Running 2022ms or 40 ticks behind
[16:41:12] [Server thread/WARN]: Can't keep up! Is the server overloaded? Running 2036ms or 40 ticks behind
[16:42:15] [Server thread/WARN]: Can't keep up! Is the server overloaded? Running 2009ms or 40 ticks behind
[16:42:15] [Server thread/INFO]: xiaolouQAQ[/127.0.0.1:60832] logged in with entity id 70611 at (-523.304492322037, 73.0, 447.2319781539252)
[16:42:15] [Server thread/INFO]: xiaolouQAQ joined the game
[16:42:16] [Netty Server IO #1/WARN]: Received invalid identifier in minecraft:register: legacy:fml|hs (Non [a-z0-9/._-] character in path of location: legacy:fml|hs)
[16:42:36] [Server thread/WARN]: Can't keep up! Is the server overloaded? Running 5851ms or 117 ticks behind
[16:42:55] [Server thread/WARN]: Can't keep up! Is the server overloaded? Running 3968ms or 79 ticks behind
[16:43:16] [Server thread/WARN]: Can't keep up! Is the server overloaded? Running 6771ms or 135 ticks behind
[16:43:38] [Server thread/WARN]: Can't keep up! Is the server overloaded? Running 6248ms or 124 ticks behind
[16:43:57] [Server thread/WARN]: Can't keep up! Is the server overloaded? Running 4422ms or 88 ticks behind
[16:44:18] [Server thread/WARN]: Can't keep up! Is the server overloaded? Running 5719ms or 114 ticks behind
[16:44:21] [Server thread/INFO]: xiaolouQAQ lost connection: Disconnected
[16:44:21] [Server thread/INFO]: xiaolouQAQ left the game
[16:46:07] [Server thread/INFO]: Cora_cold[/127.0.0.1:60979] logged in with entity id 71260 at (-528.7748390866217, 67.55000001192093, 441.7486498899014)
[16:46:07] [Netty Server IO #0/WARN]: Received invalid identifier in minecraft:register: legacy:fml|hs (Non [a-z0-9/._-] character in path of location: legacy:fml|hs)
[16:46:07] [Server thread/INFO]: Cora_cold joined the game
[16:46:10] [Server thread/WARN]: Can't keep up! Is the server overloaded? Running 2030ms or 40 ticks behind
[16:46:29] [Server thread/WARN]: Can't keep up! Is the server overloaded? Running 4397ms or 87 ticks behind
[16:47:02] [Server thread/INFO]: <Cora_cold> 扣你吉瓦
[16:47:08] [Server thread/INFO]: <Aod_lcy> ?!!?
[16:47:08] [Server thread/INFO]: <Cora_cold> 蛙达西有那么有哇
[16:47:17] [Server thread/WARN]: Can't keep up! Is the server overloaded? Running 2341ms or 46 ticks behind
[16:47:17] [Server thread/INFO]: <Cora_cold> 精神小伙QAQ
[16:48:46] [Server thread/WARN]: Can't keep up! Is the server overloaded? Running 2045ms or 40 ticks behind
[16:49:04] [Server thread/WARN]: Can't keep up! Is the server overloaded? Running 2004ms or 40 ticks behind
[16:49:24] [Server thread/WARN]: Can't keep up! Is the server overloaded? Running 5142ms or 102 ticks behind
[16:50:06] [Server thread/WARN]: Can't keep up! Is the server overloaded? Running 2019ms or 40 ticks behind
[16:50:29] [Server thread/INFO]: Yu_Chei[/127.0.0.1:61137] logged in with entity id 72036 at (-466.0176189925828, 78.0625, 458.2485730627116)
[16:50:29] [Netty Server IO #0/WARN]: Received invalid identifier in minecraft:register: legacy:fml|hs (Non [a-z0-9/._-] character in path of location: legacy:fml|hs)
[16:50:30] [Server thread/INFO]: Yu_Chei joined the game
[16:50:32] [Server thread/WARN]: Can't keep up! Is the server overloaded? Running 2016ms or 40 ticks behind
[16:50:54] [Server thread/WARN]: Can't keep up! Is the server overloaded? Running 7286ms or 145 ticks behind
[16:51:13] [Server thread/WARN]: Can't keep up! Is the server overloaded? Running 3849ms or 76 ticks behind
[16:51:31] [Server thread/WARN]: Can't keep up! Is the server overloaded? Running 2880ms or 57 ticks behind
[16:51:49] [Server thread/WARN]: Can't keep up! Is the server overloaded? Running 3016ms or 60 ticks behind
[16:52:07] [Server thread/WARN]: Can't keep up! Is the server overloaded? Running 3220ms or 64 ticks behind
[16:52:26] [Server thread/WARN]: Can't keep up! Is the server overloaded? Running 3876ms or 77 ticks behind
[16:52:39] [Server thread/INFO]: <Cora_cold> 谁能陪我变羊驼戏法
[16:52:43] [Server thread/WARN]: Can't keep up! Is the server overloaded? Running 2418ms or 48 ticks behind
[16:53:13] [Server thread/WARN]: Can't keep up! Is the server overloaded? Running 14470ms or 289 ticks behind
[16:53:14] [Server thread/INFO]: <Cora_cold> ???
[16:53:36] [Server thread/WARN]: Can't keep up! Is the server overloaded? Running 8508ms or 170 ticks behind
[16:53:54] [Server thread/WARN]: Can't keep up! Is the server overloaded? Running 2939ms or 58 ticks behind
[16:54:14] [Server thread/WARN]: Can't keep up! Is the server overloaded? Running 5459ms or 109 ticks behind
[16:54:36] [Server thread/WARN]: Can't keep up! Is the server overloaded? Running 6217ms or 124 ticks behind
[16:54:56] [Server thread/WARN]: Can't keep up! Is the server overloaded? Running 5463ms or 109 ticks behind
[16:55:14] [Server thread/WARN]: Can't keep up! Is the server overloaded? Running 2912ms or 58 ticks behind
[16:55:32] [Server thread/WARN]: Can't keep up! Is the server overloaded? Running 2911ms or 58 ticks behind
[16:55:50] [Server thread/WARN]: Can't keep up! Is the server overloaded? Running 2858ms or 57 ticks behind
[16:56:02] [Server thread/WARN]: Fetching packet for removed entity class_1642['Zombie'/72676, l='skimit', x=-465.50, y=37.35, z=385.40]
[16:56:14] [Server thread/WARN]: Can't keep up! Is the server overloaded? Running 8961ms or 179 ticks behind
[16:56:18] [Server thread/WARN]: Fetching packet for removed entity class_1542['Arrow'/73589, l='skimit', x=-410.88, y=12.00, z=504.85]
[16:56:34] [Server thread/WARN]: Can't keep up! Is the server overloaded? Running 5324ms or 106 ticks behind
[16:56:51] [Server thread/WARN]: Can't keep up! Is the server overloaded? Running 2273ms or 45 ticks behind
[16:57:31] [Server thread/INFO]: <Cora_cold> QAQ
[16:57:35] [Server thread/INFO]: <Cora_cold> QAQ
[16:57:37] [Server thread/INFO]: <Cora_cold> 吓死我了
[16:57:39] [Server thread/INFO]: <Cora_cold> QAQ
[16:58:54] [Server thread/INFO]: <Aod_lcy> ???
[16:59:08] [Server thread/WARN]: Can't keep up! Is the server overloaded? Running 3708ms or 74 ticks behind
[16:59:31] [Server thread/WARN]: Can't keep up! Is the server overloaded? Running 8528ms or 170 ticks behind
[17:00:00] [Server thread/INFO]: <Cora_cold> 你追我干嘛QAQ
[17:00:06] [Server thread/WARN]: Can't keep up! Is the server overloaded? Running 2013ms or 40 ticks behind
[17:00:15] [Server thread/INFO]: <Cora_cold> 我还要干活的
[17:00:39] [Server thread/INFO]: <Cora_cold> 我要干活
[17:01:02] [Server thread/INFO]: <Cora_cold> 一起变两次戏法
[17:01:37] [Server thread/WARN]: Can't keep up! Is the server overloaded? Running 2226ms or 44 ticks behind
[17:01:56] [Server thread/WARN]: Can't keep up! Is the server overloaded? Running 3571ms or 71 ticks behind
[17:02:22] [Server thread/WARN]: Can't keep up! Is the server overloaded? Running 2092ms or 41 ticks behind
[17:02:42] [Server thread/WARN]: Can't keep up! Is the server overloaded? Running 4990ms or 99 ticks behind
[17:03:02] [Server thread/INFO]: <Cora_cold> 你们谁陪我变戏法
[17:03:05] [Server thread/WARN]: Can't keep up! Is the server overloaded? Running 8018ms or 160 ticks behind
[17:03:13] [Server thread/INFO]: <Cora_cold> 两次就够了
[17:03:15] [Server thread/INFO]: <Cora_cold> QAQ
[17:03:26] [Server thread/WARN]: Can't keep up! Is the server overloaded? Running 6067ms or 121 ticks behind
[17:03:49] [Server thread/WARN]: Can't keep up! Is the server overloaded? Running 8288ms or 165 ticks behind
[17:04:11] [Server thread/WARN]: Can't keep up! Is the server overloaded? Running 7505ms or 150 ticks behind
[17:04:35] [Server thread/WARN]: Can't keep up! Is the server overloaded? Running 8298ms or 165 ticks behind
[17:04:56] [Server thread/WARN]: Can't keep up! Is the server overloaded? Running 6148ms or 122 ticks behind
[17:05:16] [Server thread/WARN]: Can't keep up! Is the server overloaded? Running 5181ms or 103 ticks behind
[17:05:41] [Server thread/WARN]: Can't keep up! Is the server overloaded? Running 10364ms or 207 ticks behind
[17:05:58] [Server thread/WARN]: Can't keep up! Is the server overloaded? Running 2001ms or 40 ticks behind
[17:06:03] [Server thread/INFO]: <Cora_cold> 一只小可爱
[17:06:04] [Server thread/INFO]: <Cora_cold> ？？？
[17:06:06] [Server thread/INFO]: <Cora_cold> 没了？
[17:06:09] [Server thread/INFO]: <Cora_cold> QAQ
[17:06:18] [Server thread/WARN]: Can't keep up! Is the server overloaded? Running 4322ms or 86 ticks behind
[17:06:41] [Server thread/WARN]: Can't keep up! Is the server overloaded? Running 8400ms or 168 ticks behind
[17:07:02] [Server thread/INFO]: <Yu_Chei> 你要不要试一试血条消失术
[17:07:05] [Server thread/WARN]: Can't keep up! Is the server overloaded? Running 8819ms or 176 ticks behind
[17:07:07] [Server thread/INFO]: <Cora_cold> 不要
[17:07:10] [Server thread/INFO]: <Cora_cold> 我还要干活
[17:07:30] [Server thread/WARN]: Can't keep up! Is the server overloaded? Running 9886ms or 197 ticks behind
[17:07:57] [Server thread/WARN]: Can't keep up! Is the server overloaded? Running 12736ms or 254 ticks behind
[17:08:27] [Server thread/WARN]: Can't keep up! Is the server overloaded? Running 14795ms or 295 ticks behind
[17:08:51] [Server thread/WARN]: Can't keep up! Is the server overloaded? Running 9206ms or 184 ticks behind
[17:09:15] [Server thread/WARN]: Can't keep up! Is the server overloaded? Running 8649ms or 172 ticks behind
[17:09:40] [Server thread/WARN]: Can't keep up! Is the server overloaded? Running 9733ms or 194 ticks behind
[17:09:55] [Server thread/INFO]: [TextileBackup]: Backup started by: SERVER on: 2020-04-14_17-09-55
[17:09:55] [Server thread/INFO]: [TextileBackup]: Saving server...
[17:09:58] [Thread-55/INFO]: [TextileBackup]: Starting compression...
[17:10:19] [Server thread/WARN]: Can't keep up! Is the server overloaded? Running 24482ms or 489 ticks behind
[17:11:12] [Server thread/INFO]: <Cora_cold> 你来干活吗？
[17:11:24] [Server thread/WARN]: Can't keep up! Is the server overloaded? Running 50403ms or 1008 ticks behind
[17:12:06] [Thread-55/INFO]: [TextileBackup]: Compression finished
[17:12:06] [Thread-55/INFO]: [TextileBackup]: Deleting: 2020-04-14_05-30-01.zip
[17:12:06] [Thread-55/INFO]: [TextileBackup]: Done!
[17:12:13] [Server thread/WARN]: Can't keep up! Is the server overloaded? Running 33087ms or 661 ticks behind
[17:12:34] [Server thread/WARN]: Can't keep up! Is the server overloaded? Running 6927ms or 138 ticks behind
[17:12:57] [Server thread/WARN]: Can't keep up! Is the server overloaded? Running 7827ms or 156 ticks behind
[17:13:21] [Server thread/WARN]: Can't keep up! Is the server overloaded? Running 8531ms or 170 ticks behind
[17:13:44] [Server thread/WARN]: Can't keep up! Is the server overloaded? Running 8592ms or 171 ticks behind
[17:14:08] [Server thread/WARN]: Can't keep up! Is the server overloaded? Running 8269ms or 165 ticks behind
[17:14:32] [Server thread/WARN]: Can't keep up! Is the server overloaded? Running 9495ms or 189 ticks behind
[17:15:12] [Server thread/WARN]: Can't keep up! Is the server overloaded? Running 25148ms or 502 ticks behind
[17:15:36] [Server thread/WARN]: Can't keep up! Is the server overloaded? Running 8471ms or 169 ticks behind
[17:15:58] [Server thread/WARN]: Can't keep up! Is the server overloaded? Running 7951ms or 159 ticks behind
[17:16:20] [Server thread/WARN]: Can't keep up! Is the server overloaded? Running 6643ms or 132 ticks behind
[17:16:26] [Server thread/INFO]: xiaolouQAQ[/127.0.0.1:62056] logged in with entity id 85244 at (-528.5882507325273, 68.0, 447.00333372240044)
[17:16:26] [Netty Server IO #1/WARN]: Received invalid identifier in minecraft:register: legacy:fml|hs (Non [a-z0-9/._-] character in path of location: legacy:fml|hs)
[17:16:26] [Server thread/INFO]: xiaolouQAQ joined the game
[17:16:47] [Server thread/WARN]: Can't keep up! Is the server overloaded? Running 11654ms or 233 ticks behind
[17:17:10] [Server thread/WARN]: Can't keep up! Is the server overloaded? Running 8374ms or 167 ticks behind
[17:17:31] [Server thread/WARN]: Can't keep up! Is the server overloaded? Running 6358ms or 127 ticks behind
[17:17:51] [Server thread/WARN]: Can't keep up! Is the server overloaded? Running 4162ms or 83 ticks behind
[17:18:10] [Server thread/WARN]: Can't keep up! Is the server overloaded? Running 4632ms or 92 ticks behind
[17:18:22] [Server thread/INFO]: <Cora_cold> ?
[17:18:28] [Server thread/INFO]: <Cora_cold> 小楼我先挂机了
[17:18:30] [Server thread/WARN]: Can't keep up! Is the server overloaded? Running 4720ms or 94 ticks behind
[17:18:39] [Server thread/INFO]: <Cora_cold> 你怎么光盯着我
[17:18:40] [Server thread/INFO]: <Cora_cold> QAQ
[17:18:51] [Server thread/WARN]: Can't keep up! Is the server overloaded? Running 6309ms or 126 ticks behind
[17:19:14] [Server thread/WARN]: Can't keep up! Is the server overloaded? Running 8172ms or 163 ticks behind
[17:19:36] [Server thread/WARN]: Can't keep up! Is the server overloaded? Running 6873ms or 137 ticks behind
[17:19:58] [Server thread/WARN]: Can't keep up! Is the server overloaded? Running 7343ms or 146 ticks behind
[17:20:21] [Server thread/WARN]: Can't keep up! Is the server overloaded? Running 7577ms or 151 ticks behind
[17:20:41] [Server thread/WARN]: Can't keep up! Is the server overloaded? Running 4709ms or 94 ticks behind
[17:21:01] [Server thread/WARN]: Can't keep up! Is the server overloaded? Running 5726ms or 114 ticks behind
[17:21:10] [Server thread/INFO]: <Cora_cold> ???
[17:21:22] [Server thread/WARN]: Can't keep up! Is the server overloaded? Running 5382ms or 107 ticks behind
[17:21:26] [Server thread/INFO]: <Cora_cold> ?
[17:21:41] [Server thread/WARN]: Can't keep up! Is the server overloaded? Running 4691ms or 93 ticks behind
[17:22:01] [Server thread/WARN]: Can't keep up! Is the server overloaded? Running 4301ms or 86 ticks behind
[17:22:36] [Server thread/WARN]: Can't keep up! Is the server overloaded? Running 19843ms or 396 ticks behind
[17:22:47] [Server thread/INFO]: <Cora_cold> 小楼
[17:22:57] [Server thread/WARN]: Can't keep up! Is the server overloaded? Running 6367ms or 127 ticks behind
[17:23:03] [Server thread/INFO]: <Cora_cold> 变点东西
[17:23:16] [Server thread/WARN]: Can't keep up! Is the server overloaded? Running 4122ms or 82 ticks behind
[17:23:21] [Server thread/INFO]: <xiaolouQAQ> 好了吗
[17:23:34] [Server thread/WARN]: Can't keep up! Is the server overloaded? Running 2691ms or 53 ticks behind
[17:24:03] [Server thread/INFO]: xiaolouQAQ lost connection: Disconnected
[17:24:03] [Server thread/INFO]: xiaolouQAQ left the game
[17:24:09] [Server thread/INFO]: xiaolouQAQ[/127.0.0.1:62329] logged in with entity id 86104 at (-530.0394782123788, 67.94290000230075, 464.9646968841553)
[17:24:09] [Server thread/INFO]: xiaolouQAQ joined the game
[17:24:10] [Netty Server IO #1/WARN]: Received invalid identifier in minecraft:register: legacy:fml|hs (Non [a-z0-9/._-] character in path of location: legacy:fml|hs)
[17:24:24] [Server thread/INFO]: <Cora_cold> 再变一次就够了
[17:24:36] [Server thread/INFO]: xiaolouQAQ lost connection: Disconnected
[17:24:37] [Server thread/INFO]: xiaolouQAQ left the game
[17:24:43] [Server thread/WARN]: Can't keep up! Is the server overloaded? Running 2004ms or 40 ticks behind
[17:24:46] [Server thread/INFO]: xiaolouQAQ[/127.0.0.1:62356] logged in with entity id 86498 at (-530.0394782123788, 67.94290000230075, 464.9646968841553)
[17:24:46] [Netty Server IO #1/WARN]: Received invalid identifier in minecraft:register: legacy:fml|hs (Non [a-z0-9/._-] character in path of location: legacy:fml|hs)
[17:24:46] [Server thread/INFO]: xiaolouQAQ joined the game
[17:24:54] [Server thread/INFO]: <Cora_cold> 小朋友你是否有很多卧槽
[17:25:09] [Server thread/WARN]: Can't keep up! Is the server overloaded? Running 11514ms or 230 ticks behind
[17:25:23] [Server thread/INFO]: <Yu_Chei> 我giao
[17:25:29] [Server thread/WARN]: Can't keep up! Is the server overloaded? Running 4852ms or 97 ticks behind
[17:26:00] [Server thread/WARN]: Can't keep up! Is the server overloaded? Running 15996ms or 319 ticks behind
[17:26:03] [Server thread/INFO]: <xiaolouQAQ> 挂会机
[17:26:12] [Server thread/INFO]: <Cora_cold> o
[17:26:24] [Server thread/WARN]: Can't keep up! Is the server overloaded? Running 8407ms or 168 ticks behind
[17:26:29] [Server thread/WARN]: Fetching packet for removed entity class_1542['Air'/87855, l='skimit', x=194.93, y=1.06, z=0.79]
[17:26:50] [Server thread/WARN]: Can't keep up! Is the server overloaded? Running 11162ms or 223 ticks behind
[17:27:13] [Server thread/INFO]: <xiaolouQAQ> ...
[17:27:14] [Server thread/WARN]: Can't keep up! Is the server overloaded? Running 9012ms or 180 ticks behind
[17:27:21] [Server thread/INFO]: <Cora_cold> 咋了
[17:27:38] [Server thread/WARN]: Can't keep up! Is the server overloaded? Running 9112ms or 182 ticks behind
[17:27:50] [Server thread/INFO]: Cora_cold lost connection: Disconnected
[17:27:50] [Server thread/INFO]: Cora_cold left the game
[17:27:59] [Server thread/WARN]: Can't keep up! Is the server overloaded? Running 6614ms or 132 ticks behind
[17:28:18] [Server thread/WARN]: Can't keep up! Is the server overloaded? Running 3775ms or 75 ticks behind
[17:28:39] [Server thread/WARN]: Can't keep up! Is the server overloaded? Running 5923ms or 118 ticks behind
[17:29:00] [Server thread/WARN]: Can't keep up! Is the server overloaded? Running 5868ms or 117 ticks behind
[17:29:33] [Server thread/WARN]: Can't keep up! Is the server overloaded? Running 17830ms or 356 ticks behind
[17:29:43] [Server thread/WARN]: Fetching packet for removed entity class_1542['Air'/90909, l='skimit', x=195.06, y=1.06, z=-0.18]
[17:29:50] [Server thread/INFO]: xiaolouQAQ lost connection: Disconnected
[17:29:50] [Server thread/INFO]: xiaolouQAQ left the game
[17:29:56] [Server thread/WARN]: Can't keep up! Is the server overloaded? Running 8762ms or 175 ticks behind
[17:30:15] [Server thread/INFO]: Yu_Chei lost connection: Disconnected
[17:30:15] [Server thread/INFO]: Yu_Chei left the game
[17:30:16] [Server thread/WARN]: Can't keep up! Is the server overloaded? Running 4583ms or 91 ticks behind
[17:36:17] [Server thread/INFO]: Aod_lcy lost connection: Disconnected
[17:36:17] [Server thread/INFO]: Aod_lcy left the game
[20:23:38] [Server thread/INFO]: xiaolouQAQ[/127.0.0.1:52545] logged in with entity id 99760 at (-530.3852098282829, 68.0, 447.83483006738277)
[20:23:38] [Netty Server IO #0/WARN]: Received invalid identifier in minecraft:register: legacy:fml|hs (Non [a-z0-9/._-] character in path of location: legacy:fml|hs)
[20:23:38] [Server thread/INFO]: xiaolouQAQ joined the game
[20:23:39] [Server thread/INFO]: [TextileBackup]: Backup started by: SERVER on: 2020-04-14_20-23-39
[20:23:39] [Server thread/INFO]: [TextileBackup]: Saving server...
[20:23:39] [Thread-56/INFO]: [TextileBackup]: Starting compression...
[20:23:50] [Server thread/INFO]: xiaolouQAQ lost connection: Disconnected
[20:23:50] [Server thread/INFO]: xiaolouQAQ left the game
[20:23:51] [Server thread/WARN]: Can't keep up! Is the server overloaded? Running 2764ms or 55 ticks behind
[20:24:35] [Thread-56/INFO]: [TextileBackup]: Compression finished
[20:24:35] [Thread-56/INFO]: [TextileBackup]: Deleting: 2020-04-14_08-25-36.zip
[20:24:35] [Thread-56/INFO]: [TextileBackup]: Done!
[22:18:45] [Server thread/INFO]: MTpromax[/127.0.0.1:56784] logged in with entity id 99888 at (-417.795470963178, 69.5, 428.4579017306357)
[22:18:45] [Netty Server IO #0/WARN]: Received invalid identifier in minecraft:register: legacy:fml|hs (Non [a-z0-9/._-] character in path of location: legacy:fml|hs)
[22:18:45] [Server thread/INFO]: MTpromax joined the game
[22:18:45] [Server thread/INFO]: [TextileBackup]: Backup started by: SERVER on: 2020-04-14_22-18-45
[22:18:45] [Server thread/INFO]: [TextileBackup]: Saving server...
[22:18:45] [Thread-57/INFO]: [TextileBackup]: Starting compression...
[22:18:46] [Server thread/INFO]: MTpromax lost connection: You logged in from another location
[22:18:46] [Server thread/INFO]: MTpromax left the game
[22:18:48] [Server thread/INFO]: MTpromax[/127.0.0.1:56788] logged in with entity id 99889 at (-417.795470963178, 69.5, 428.4579017306357)
[22:18:48] [Netty Server IO #0/WARN]: Received invalid identifier in minecraft:register: legacy:fml|hs (Non [a-z0-9/._-] character in path of location: legacy:fml|hs)
[22:18:48] [Server thread/INFO]: MTpromax joined the game
[22:18:48] [Server thread/WARN]: Can't keep up! Is the server overloaded? Running 2851ms or 57 ticks behind
[22:19:03] [Server thread/INFO]: MTpromax lost connection: Timed out
[22:19:03] [Server thread/INFO]: MTpromax left the game
[22:19:04] [Server thread/WARN]: handleDisconnection() called twice
[22:19:22] [Server thread/INFO]: MTpromax[/127.0.0.1:56813] logged in with entity id 100085 at (-417.795470963178, 69.5, 428.4579017306357)
[22:19:22] [Netty Server IO #1/WARN]: Received invalid identifier in minecraft:register: legacy:fml|hs (Non [a-z0-9/._-] character in path of location: legacy:fml|hs)
[22:19:22] [Server thread/INFO]: MTpromax joined the game
[22:19:45] [Server thread/WARN]: Can't keep up! Is the server overloaded? Running 2358ms or 47 ticks behind
[22:20:14] [Server thread/WARN]: Can't keep up! Is the server overloaded? Running 13833ms or 276 ticks behind
[22:20:14] [Thread-57/INFO]: [TextileBackup]: Compression finished
[22:20:14] [Thread-57/INFO]: [TextileBackup]: Deleting: 2020-04-14_09-25-42.zip
[22:20:14] [Thread-57/INFO]: [TextileBackup]: Done!
[22:25:08] [Server thread/WARN]: Can't keep up! Is the server overloaded? Running 2618ms or 52 ticks behind
[22:30:10] [Server thread/WARN]: Can't keep up! Is the server overloaded? Running 2013ms or 40 ticks behind
[22:44:27] [Server thread/INFO]: MTpromax lost connection: Timed out
[22:44:27] [Server thread/INFO]: MTpromax left the game
[22:44:27] [Server thread/WARN]: handleDisconnection() called twice
