[23:59:22] [main/INFO]: Loading for game Minecraft 1.16.4
[23:59:24] [main/INFO]: [FabricLoader] Loading 46 mods: minecraft@1.16.4, here@0.0.10-mc1.16, fabric-networking-blockentity-v0@0.2.5+b50ffc7b3a, fabric-renderer-api-v1@0.3.3+a4467d2a3a, fabric-screen-handler-api-v1@1.1.0+872498413a, fabric-keybindings-v0@0.2.0+3fa9f7c53a, fabric-command-api-v1@1.0.9+a4467d2a3a, fabricloader@0.10.6+build.214, phosphor@0.6.0+build.7, fabric-tool-attribute-api-v1@1.2.5+c93221003a, bluemap@1.3.0-snap, fabric-renderer-indigo@0.4.3+a4467d2a3a, fabric-structure-api-v1@1.1.0+f8ac1db23a, fabric-containers-v0@0.1.8+045df74f3a, fabric-object-builder-api-v1@1.9.2+a89534ab3a, fabric-item-api-v1@1.2.0+f8ac1db23a, fabric-events-interaction-v0@0.4.1+f8ac1db23a, fabric-crash-report-info-v1@0.1.2+b7f9825d3a, fabric-game-rule-api-v1@1.0.3+a4467d2a3a, fabric-api-base@0.2.0+9f0fb4b83a, fabric-rendering-v0@1.1.1+f8ac1db23a, fabric-key-binding-api-v1@1.0.1+730711c63a, fabric-rendering-v1@1.3.1+f8ac1db23a, fabric-rendering-data-attachment-v1@0.1.4+f8ac1db23a, fabric-resource-loader-v0@0.3.2+1944f3e03a, fabric-textures-v0@1.0.5+a4467d2a3a, fabric-content-registries-v0@0.1.9+059ea8663a, fabric-tag-extensions-v0@1.0.3+ac8e8c593a, fabric-biome-api-v1@3.0.0+ec7e203b3a, fabric-rendering-fluids-v1@0.1.12+f8ac1db23a, fabric-commands-v0@0.2.0+52d308363a, fabric-registry-sync-v0@0.6.1+a4467d2a3a, fabric-blockrenderlayer-v1@1.1.4+c6a8ea893a, fabric-lifecycle-events-v1@1.2.0+74cc3b203a, fabric-mining-levels-v0@0.1.2+b764ce993a, fabric-renderer-registries-v1@2.2.0+f8ac1db23a, fabric-events-lifecycle-v0@0.2.0+16acbe5b3a, carpet-extra@1.4.16, fabric-loot-tables-v1@1.0.1+432ea1883a, fabric@0.25.7+1.16, carpet@1.4.17, fabric-item-groups-v0@0.2.1+a4467d2a3a, fabric-models-v0@0.1.1+f8ac1db23a, fabric-particles-v1@0.2.2+fb0d9b0e3a, fabric-networking-v0@0.1.10+e00ecb5f3a, fabric-object-builders-v0@0.7.1+a4467d2a3a
[23:59:24] [main/INFO]: SpongePowered MIXIN Subsystem Version=0.8.2 Source=file:/srv/survival/fabric-server-launch.jar Service=Knot/Fabric Env=SERVER
[23:59:49] [main/INFO]: Environment: authHost='https://authserver.mojang.com', accountsHost='https://api.mojang.com', sessionHost='https://sessionserver.mojang.com', servicesHost='https://api.minecraftservices.com', name='PROD'
[23:59:49] [main/INFO]: Found new data pack fabric/fabric-tool-attribute-api-v1, loading it automatically
[23:59:50] [main/WARN]: Ambiguity between arguments [bluemap, marker, create, id, map, x] and [bluemap, marker, create, id, map, label] with inputs: [0, -1, -.5, 1.2, .5, -1234.56]
[23:59:50] [main/WARN]: Ambiguity between arguments [bluemap, render, cancel] and [bluemap, render, world|map] with inputs: [cancel]
[23:59:50] [main/WARN]: Ambiguity between arguments [bluemap, render, prioritize] and [bluemap, render, world|map] with inputs: [prioritize]
[23:59:50] [main/WARN]: Ambiguity between arguments [bluemap, render, radius] and [bluemap, render, world|map] with inputs: [0, -123, 123]
[23:59:50] [main/WARN]: Ambiguity between arguments [bluemap, render, radius] and [bluemap, render, x] with inputs: [0, -123, 123]
[23:59:50] [main/WARN]: Ambiguity between arguments [bluemap, render, x] and [bluemap, render, radius] with inputs: [0, -1]
[23:59:50] [main/WARN]: Ambiguity between arguments [bluemap, render, x] and [bluemap, render, world|map] with inputs: [0, -1, -.5, 1.2, .5, -1234.56]
[23:59:50] [main/WARN]: Ambiguity between arguments [teleport, destination] and [teleport, targets] with inputs: [Player, 0123, @e, dd12be42-52a9-4a91-a8a1-11c01849e498]
[23:59:50] [main/WARN]: Ambiguity between arguments [teleport, location] and [teleport, destination] with inputs: [0.1 -0.5 .9, 0 0 0]
[23:59:50] [main/WARN]: Ambiguity between arguments [teleport, location] and [teleport, targets] with inputs: [0.1 -0.5 .9, 0 0 0]
[23:59:50] [main/WARN]: Ambiguity between arguments [teleport, targets] and [teleport, destination] with inputs: [Player, 0123, dd12be42-52a9-4a91-a8a1-11c01849e498]
[23:59:50] [main/WARN]: Ambiguity between arguments [teleport, targets, location] and [teleport, targets, destination] with inputs: [0.1 -0.5 .9, 0 0 0]
[23:59:51] [main/INFO]: Reloading ResourceManager: Default, bukkit, skimit-DataPack, Fabric Tool Attribute API (v1)
[23:59:55] [Worker-Main-2/INFO]: Loaded 7 recipes
[23:59:56] [Worker-Main-2/INFO]: Loaded 927 advancements
