[00:59:23] [Server thread/INFO]: na2hco3_CN[/101.132.153.204:50925] logged in with entity id 1305 at (472.9117669322735, 244.0, -263.7196330053263)
[00:59:23] [Server thread/INFO]: na2hco3_CN joined the game
[00:59:23] [Netty Epoll Server IO #5/WARN]: Received invalid identifier in minecraft:register: legacy:fml|hs (Non [a-z0-9/._-] character in path of location: legacy:fml|hs)
[00:59:26] [Netty Epoll Server IO #5/WARN]: Player na2hco3_CN joined with another carpet version: 1.4.8+v200811
[01:08:56] [Server thread/WARN]: Fetching packet for removed entity class_1542['Air'/3919, l='ServerLevel[world]', x=-254.80, y=73.00, z=458.95]
[01:42:45] [Server thread/INFO]: na2hco3_CN lost connection: Disconnected
[01:42:45] [Server thread/INFO]: na2hco3_CN left the game
[01:44:51] [Server thread/INFO]: na2hco3_CN[/101.132.153.204:50545] logged in with entity id 6409 at (-227.05105181064445, 42.0, 467.59766931798606)
[01:44:51] [Server thread/INFO]: na2hco3_CN joined the game
[01:44:51] [Netty Epoll Server IO #3/WARN]: Received invalid identifier in minecraft:register: legacy:fml|hs (Non [a-z0-9/._-] character in path of location: legacy:fml|hs)
[01:44:54] [Netty Epoll Server IO #3/WARN]: Player na2hco3_CN joined with another carpet version: 1.4.8+v200811
[01:52:42] [Server thread/WARN]: Mismatch in destroy block pos: class_2338{x=-153, y=107, z=521} class_2338{x=-154, y=107, z=522}
[02:00:59] [Server thread/INFO]: Villager class_1646['Farmer'/3247, l='ServerLevel[world]', x=-185.51, y=69.56, z=434.30] died, message: 'Farmer was slain by Zombie'
[02:17:19] [Server thread/WARN]: Can't keep up! Is the server overloaded? Running 2156ms or 43 ticks behind
[02:33:29] [Server thread/WARN]: Mismatch in destroy block pos: class_2338{x=-118, y=60, z=519} class_2338{x=-121, y=59, z=518}
[02:35:22] [Server thread/WARN]: Mismatch in destroy block pos: class_2338{x=-123, y=58, z=521} class_2338{x=-123, y=57, z=521}
[02:36:20] [Server thread/WARN]: Mismatch in destroy block pos: class_2338{x=-121, y=59, z=519} class_2338{x=-121, y=57, z=519}
[02:39:06] [Server thread/WARN]: Mismatch in destroy block pos: class_2338{x=-121, y=60, z=523} class_2338{x=-120, y=61, z=524}
[02:39:31] [Server thread/WARN]: Mismatch in destroy block pos: class_2338{x=-123, y=54, z=526} class_2338{x=-123, y=54, z=524}
[02:39:31] [Server thread/WARN]: Mismatch in destroy block pos: class_2338{x=-123, y=54, z=527} class_2338{x=-123, y=54, z=524}
[03:22:16] [Server thread/WARN]: Mismatch in destroy block pos: class_2338{x=-95, y=116, z=516} class_2338{x=-94, y=115, z=515}
[03:22:16] [Server thread/WARN]: Mismatch in destroy block pos: class_2338{x=-93, y=116, z=515} class_2338{x=-94, y=116, z=516}
[03:22:19] [Server thread/WARN]: Mismatch in destroy block pos: class_2338{x=-85, y=116, z=515} class_2338{x=-86, y=116, z=516}
[03:22:20] [Server thread/WARN]: Mismatch in destroy block pos: class_2338{x=-87, y=116, z=516} class_2338{x=-86, y=116, z=516}
[03:22:20] [Server thread/WARN]: Mismatch in destroy block pos: class_2338{x=-83, y=116, z=515} class_2338{x=-84, y=115, z=515}
[03:22:20] [Server thread/WARN]: Mismatch in destroy block pos: class_2338{x=-81, y=116, z=515} class_2338{x=-81, y=115, z=515}
[04:15:48] [Server thread/INFO]: na2hco3_CN lost connection: Disconnected
[04:15:48] [Server thread/INFO]: na2hco3_CN left the game
[04:59:23] [Server thread/INFO]: [Textile Backup] Backup started by: Timer on: 2020-12-01_04-59-23
[04:59:23] [Server thread/INFO]: Saving server...
[04:59:23] [Server thread/INFO]: [Textile Backup] Saving server...
[04:59:23] [Server thread/INFO]: ThreadedAnvilChunkStorage (world): All chunks are saved
[04:59:23] [Server thread/INFO]: ThreadedAnvilChunkStorage (DIM-1): All chunks are saved
[04:59:23] [Server thread/INFO]: ThreadedAnvilChunkStorage (DIM1): All chunks are saved
[04:59:23] [pool-3-thread-1/INFO]: Starting backup
[04:59:23] [pool-3-thread-1/INFO]: [Textile Backup] Starting backup
[04:59:23] [pool-3-thread-1/INFO]: Starting compression...
[04:59:23] [pool-3-thread-1/ERROR]: [Textile Backup] An exception occurred!
java.util.concurrent.ExecutionException: java.io.IOException: No space left on device
	at java.util.concurrent.FutureTask.report(FutureTask.java:122) ~[?:1.8.0_275]
	at java.util.concurrent.FutureTask.get(FutureTask.java:192) ~[?:1.8.0_275]
	at org.apache.commons.compress.archivers.zip.ParallelScatterZipCreator.writeTo(ParallelScatterZipCreator.java:266) ~[9d1cfd0a-169e-430d-ad36-3f9f52d07189.jar:?]
	at net.szum123321.textile_backup.core.create.compressors.ParallelZipCompressor.createArchive(ParallelZipCompressor.java:77) [%5B%E5%A4%87%E4%BB%BD%5Dtextile_backup-2.0.1-1.16.3.jar:?]
	at net.szum123321.textile_backup.core.create.MakeBackupRunnable.run(MakeBackupRunnable.java:76) [%5B%E5%A4%87%E4%BB%BD%5Dtextile_backup-2.0.1-1.16.3.jar:?]
	at java.util.concurrent.Executors$RunnableAdapter.call(Executors.java:511) [?:1.8.0_275]
	at java.util.concurrent.FutureTask.run(FutureTask.java:266) [?:1.8.0_275]
	at java.util.concurrent.ThreadPoolExecutor.runWorker(ThreadPoolExecutor.java:1149) [?:1.8.0_275]
	at java.util.concurrent.ThreadPoolExecutor$Worker.run(ThreadPoolExecutor.java:624) [?:1.8.0_275]
	at java.lang.Thread.run(Thread.java:748) [?:1.8.0_275]
Caused by: java.io.IOException: No space left on device
	at sun.nio.ch.FileDispatcherImpl.write0(Native Method) ~[?:1.8.0_275]
	at sun.nio.ch.FileDispatcherImpl.write(FileDispatcherImpl.java:60) ~[?:1.8.0_275]
	at sun.nio.ch.IOUtil.writeFromNativeBuffer(IOUtil.java:93) ~[?:1.8.0_275]
	at sun.nio.ch.IOUtil.write(IOUtil.java:65) ~[?:1.8.0_275]
	at sun.nio.ch.FileChannelImpl.write(FileChannelImpl.java:211) ~[?:1.8.0_275]
	at java.nio.channels.Channels.writeFullyImpl(Channels.java:78) ~[?:1.8.0_275]
	at java.nio.channels.Channels.writeFully(Channels.java:101) ~[?:1.8.0_275]
	at java.nio.channels.Channels.access$000(Channels.java:61) ~[?:1.8.0_275]
	at java.nio.channels.Channels$1.write(Channels.java:174) ~[?:1.8.0_275]
	at org.apache.commons.compress.parallel.FileBasedScatterGatherBackingStore.writeOut(FileBasedScatterGatherBackingStore.java:65) ~[9d1cfd0a-169e-430d-ad36-3f9f52d07189.jar:?]
	at org.apache.commons.compress.archivers.zip.StreamCompressor$ScatterGatherBackingStoreCompressor.writeOut(StreamCompressor.java:291) ~[9d1cfd0a-169e-430d-ad36-3f9f52d07189.jar:?]
	at org.apache.commons.compress.archivers.zip.StreamCompressor.writeCounted(StreamCompressor.java:273) ~[9d1cfd0a-169e-430d-ad36-3f9f52d07189.jar:?]
	at org.apache.commons.compress.archivers.zip.StreamCompressor.deflate(StreamCompressor.java:264) ~[9d1cfd0a-169e-430d-ad36-3f9f52d07189.jar:?]
	at org.apache.commons.compress.archivers.zip.StreamCompressor.deflateUntilInputIsNeeded(StreamCompressor.java:257) ~[9d1cfd0a-169e-430d-ad36-3f9f52d07189.jar:?]
	at org.apache.commons.compress.archivers.zip.StreamCompressor.writeDeflated(StreamCompressor.java:238) ~[9d1cfd0a-169e-430d-ad36-3f9f52d07189.jar:?]
	at org.apache.commons.compress.archivers.zip.StreamCompressor.write(StreamCompressor.java:205) ~[9d1cfd0a-169e-430d-ad36-3f9f52d07189.jar:?]
	at org.apache.commons.compress.archivers.zip.StreamCompressor.deflate(StreamCompressor.java:184) ~[9d1cfd0a-169e-430d-ad36-3f9f52d07189.jar:?]
	at org.apache.commons.compress.archivers.zip.ScatterZipOutputStream.addArchiveEntry(ScatterZipOutputStream.java:100) ~[9d1cfd0a-169e-430d-ad36-3f9f52d07189.jar:?]
	at org.apache.commons.compress.archivers.zip.ParallelScatterZipCreator$3.call(ParallelScatterZipCreator.java:210) ~[9d1cfd0a-169e-430d-ad36-3f9f52d07189.jar:?]
	at org.apache.commons.compress.archivers.zip.ParallelScatterZipCreator$3.call(ParallelScatterZipCreator.java:206) ~[9d1cfd0a-169e-430d-ad36-3f9f52d07189.jar:?]
	... 4 more
[04:59:23] [pool-3-thread-1/ERROR]: Something went wrong while compressing files!
[04:59:23] [pool-3-thread-1/INFO]: Compression took: 00.800 seconds.
[04:59:25] [pool-3-thread-1/INFO]: Done!
[04:59:25] [pool-3-thread-1/INFO]: [Textile Backup] Done!
[12:00:52] [Server thread/INFO]: Added x_aling to the whitelist
[12:49:56] [Server thread/INFO]: na2hco3_CN[/101.132.153.204:37765] logged in with entity id 25854 at (-128.42000645169918, 63.0, 506.3719281887801)
[12:49:56] [Server thread/INFO]: na2hco3_CN joined the game
[12:49:56] [Netty Epoll Server IO #6/WARN]: Received invalid identifier in minecraft:register: legacy:fml|hs (Non [a-z0-9/._-] character in path of location: legacy:fml|hs)
[12:49:59] [Netty Epoll Server IO #6/WARN]: Player na2hco3_CN joined with another carpet version: 1.4.8+v200811
[13:30:39] [Server thread/WARN]: Mismatch in destroy block pos: class_2338{x=-159, y=79, z=551} class_2338{x=-158, y=79, z=551}
[13:30:39] [Server thread/WARN]: Mismatch in destroy block pos: class_2338{x=-159, y=79, z=551} class_2338{x=-158, y=79, z=551}
[13:30:39] [Server thread/WARN]: Mismatch in destroy block pos: class_2338{x=-159, y=79, z=551} class_2338{x=-158, y=79, z=551}
[13:30:39] [Server thread/WARN]: Mismatch in destroy block pos: class_2338{x=-159, y=79, z=551} class_2338{x=-158, y=79, z=551}
[13:39:19] [Server thread/WARN]: Mismatch in destroy block pos: class_2338{x=-160, y=97, z=623} class_2338{x=-189, y=60, z=522}
[13:43:36] [Server thread/WARN]: Fetching packet for removed entity class_1542['Coal'/37169, l='ServerLevel[world]', x=100.50, y=50.00, z=0.50]
[13:43:36] [Server thread/WARN]: Fetching packet for removed entity class_1542['Light Blue Concrete'/37168, l='ServerLevel[world]', x=100.50, y=50.00, z=0.50]
[13:43:37] [Server thread/INFO]: Scanning for legacy world dragon fight...
[13:43:37] [Server thread/INFO]: Found that the dragon has been killed in this world already.
[13:47:02] [Server thread/INFO]: na2hco3_CN lost connection: Timed out
[13:47:02] [Server thread/INFO]: na2hco3_CN left the game
[13:53:24] [Server thread/INFO]: Stopping the server
[13:53:24] [Thread-68/INFO]: WebServer closed.
[13:53:25] [Server thread/INFO]: BlueMap unloaded!
[13:53:25] [Server thread/INFO]: Stopping server
[13:53:25] [Server thread/INFO]: Saving players
[13:53:25] [Server thread/INFO]: Saving worlds
[13:53:25] [Server thread/INFO]: Saving chunks for level 'ServerLevel[world]'/minecraft:overworld
[13:53:25] [Server thread/INFO]: ThreadedAnvilChunkStorage (world): All chunks are saved
[13:53:25] [Server thread/INFO]: Saving chunks for level 'ServerLevel[world]'/minecraft:the_nether
[13:53:25] [Server thread/INFO]: ThreadedAnvilChunkStorage (DIM-1): All chunks are saved
[13:53:25] [Server thread/INFO]: Saving chunks for level 'ServerLevel[world]'/minecraft:the_end
[13:53:25] [Server thread/INFO]: ThreadedAnvilChunkStorage (DIM1): All chunks are saved
[13:53:25] [Server thread/INFO]: ThreadedAnvilChunkStorage (world): All chunks are saved
[13:53:25] [Server thread/INFO]: ThreadedAnvilChunkStorage (DIM-1): All chunks are saved
[13:53:25] [Server thread/INFO]: ThreadedAnvilChunkStorage (DIM1): All chunks are saved
[13:53:25] [Server thread/INFO]: [Textile Backup] Backup started by: Server Shutdown on: 2020-12-01_13-53-25
[13:53:25] [Server thread/INFO]: Starting backup
[13:53:25] [Server thread/INFO]: [Textile Backup] Starting backup
[13:53:25] [Server thread/INFO]: Starting compression...
[13:53:25] [Server thread/ERROR]: [Textile Backup] An exception occurred!
java.util.concurrent.ExecutionException: java.io.IOException: No space left on device
	at java.util.concurrent.FutureTask.report(FutureTask.java:122) ~[?:1.8.0_275]
	at java.util.concurrent.FutureTask.get(FutureTask.java:192) ~[?:1.8.0_275]
	at org.apache.commons.compress.archivers.zip.ParallelScatterZipCreator.writeTo(ParallelScatterZipCreator.java:266) ~[9d1cfd0a-169e-430d-ad36-3f9f52d07189.jar:?]
	at net.szum123321.textile_backup.core.create.compressors.ParallelZipCompressor.createArchive(ParallelZipCompressor.java:77) ~[%5B%E5%A4%87%E4%BB%BD%5Dtextile_backup-2.0.1-1.16.3.jar:?]
	at net.szum123321.textile_backup.core.create.MakeBackupRunnable.run(MakeBackupRunnable.java:76) ~[%5B%E5%A4%87%E4%BB%BD%5Dtextile_backup-2.0.1-1.16.3.jar:?]
	at net.szum123321.textile_backup.TextileBackup.lambda$onInitialize$1(TextileBackup.java:73) ~[%5B%E5%A4%87%E4%BB%BD%5Dtextile_backup-2.0.1-1.16.3.jar:?]
	at net.minecraft.server.MinecraftServer.handler$zzm000$afterShutdownServer(MinecraftServer.java:1753) ~[intermediary-server.jar:?]
	at net.minecraft.server.MinecraftServer.method_3782(MinecraftServer.java:618) ~[intermediary-server.jar:?]
	at net.minecraft.class_3176.method_3782(class_3176.java:567) ~[intermediary-server.jar:?]
	at net.minecraft.server.MinecraftServer.method_29741(MinecraftServer.java:707) ~[intermediary-server.jar:?]
	at net.minecraft.server.MinecraftServer.method_29739(MinecraftServer.java:257) ~[intermediary-server.jar:?]
	at java.lang.Thread.run(Thread.java:748) [?:1.8.0_275]
Caused by: java.io.IOException: No space left on device
	at sun.nio.ch.FileDispatcherImpl.write0(Native Method) ~[?:1.8.0_275]
	at sun.nio.ch.FileDispatcherImpl.write(FileDispatcherImpl.java:60) ~[?:1.8.0_275]
	at sun.nio.ch.IOUtil.writeFromNativeBuffer(IOUtil.java:93) ~[?:1.8.0_275]
	at sun.nio.ch.IOUtil.write(IOUtil.java:65) ~[?:1.8.0_275]
	at sun.nio.ch.FileChannelImpl.write(FileChannelImpl.java:211) ~[?:1.8.0_275]
	at java.nio.channels.Channels.writeFullyImpl(Channels.java:78) ~[?:1.8.0_275]
	at java.nio.channels.Channels.writeFully(Channels.java:101) ~[?:1.8.0_275]
	at java.nio.channels.Channels.access$000(Channels.java:61) ~[?:1.8.0_275]
	at java.nio.channels.Channels$1.write(Channels.java:174) ~[?:1.8.0_275]
	at org.apache.commons.compress.parallel.FileBasedScatterGatherBackingStore.writeOut(FileBasedScatterGatherBackingStore.java:65) ~[9d1cfd0a-169e-430d-ad36-3f9f52d07189.jar:?]
	at org.apache.commons.compress.archivers.zip.StreamCompressor$ScatterGatherBackingStoreCompressor.writeOut(StreamCompressor.java:291) ~[9d1cfd0a-169e-430d-ad36-3f9f52d07189.jar:?]
	at org.apache.commons.compress.archivers.zip.StreamCompressor.writeCounted(StreamCompressor.java:273) ~[9d1cfd0a-169e-430d-ad36-3f9f52d07189.jar:?]
	at org.apache.commons.compress.archivers.zip.StreamCompressor.deflate(StreamCompressor.java:264) ~[9d1cfd0a-169e-430d-ad36-3f9f52d07189.jar:?]
	at org.apache.commons.compress.archivers.zip.StreamCompressor.deflateUntilInputIsNeeded(StreamCompressor.java:257) ~[9d1cfd0a-169e-430d-ad36-3f9f52d07189.jar:?]
	at org.apache.commons.compress.archivers.zip.StreamCompressor.writeDeflated(StreamCompressor.java:238) ~[9d1cfd0a-169e-430d-ad36-3f9f52d07189.jar:?]
	at org.apache.commons.compress.archivers.zip.StreamCompressor.write(StreamCompressor.java:205) ~[9d1cfd0a-169e-430d-ad36-3f9f52d07189.jar:?]
	at org.apache.commons.compress.archivers.zip.StreamCompressor.deflate(StreamCompressor.java:184) ~[9d1cfd0a-169e-430d-ad36-3f9f52d07189.jar:?]
	at org.apache.commons.compress.archivers.zip.ScatterZipOutputStream.addArchiveEntry(ScatterZipOutputStream.java:100) ~[9d1cfd0a-169e-430d-ad36-3f9f52d07189.jar:?]
	at org.apache.commons.compress.archivers.zip.ParallelScatterZipCreator$3.call(ParallelScatterZipCreator.java:210) ~[9d1cfd0a-169e-430d-ad36-3f9f52d07189.jar:?]
	at org.apache.commons.compress.archivers.zip.ParallelScatterZipCreator$3.call(ParallelScatterZipCreator.java:206) ~[9d1cfd0a-169e-430d-ad36-3f9f52d07189.jar:?]
	at java.util.concurrent.FutureTask.run(FutureTask.java:266) ~[?:1.8.0_275]
	at java.util.concurrent.ThreadPoolExecutor.runWorker(ThreadPoolExecutor.java:1149) ~[?:1.8.0_275]
	at java.util.concurrent.ThreadPoolExecutor$Worker.run(ThreadPoolExecutor.java:624) ~[?:1.8.0_275]
	... 1 more
[13:53:25] [Server thread/ERROR]: Something went wrong while compressing files!
[13:53:25] [Server thread/INFO]: Compression took: 00.777 seconds.
[13:53:27] [Server thread/INFO]: Done!
[13:53:27] [Server thread/INFO]: [Textile Backup] Done!
[13:53:27] [Server thread/INFO]: Thread Query Listener stopped
