[00:11:59] [Server thread/WARN]: Mismatch in destroy block pos: class_2338{x=53, y=69, z=-316} class_2338{x=53, y=68, z=-315}
[00:11:59] [Server thread/WARN]: Mismatch in destroy block pos: class_2338{x=52, y=69, z=-314} class_2338{x=53, y=69, z=-316}
[00:12:22] [Server thread/INFO]: Backup started by: Timer on: 2020-08-09_00-12-22
[00:12:22] [Server thread/INFO]: Saving server...
[00:12:22] [Server thread/INFO]: ThreadedAnvilChunkStorage (world): All chunks are saved
[00:12:22] [Server thread/INFO]: ThreadedAnvilChunkStorage (DIM-1): All chunks are saved
[00:12:22] [Server thread/INFO]: ThreadedAnvilChunkStorage (DIM1): All chunks are saved
[00:12:22] [pool-3-thread-1/INFO]: Starting backup
[00:12:22] [pool-3-thread-1/INFO]: Starting compression...
[00:12:37] [pool-3-thread-1/INFO]: Compression took: 14.577 seconds.
[00:12:37] [pool-3-thread-1/INFO]: Deleting: 2020-08-08_16-12-24.zip
[00:12:37] [pool-3-thread-1/INFO]: Done!
[00:13:08] [Server thread/WARN]: Mismatch in destroy block pos: class_2338{x=59, y=68, z=-318} class_2338{x=57, y=70, z=-315}
[00:13:08] [Server thread/WARN]: Mismatch in destroy block pos: class_2338{x=61, y=69, z=-317} class_2338{x=60, y=69, z=-316}
[00:13:11] [Server thread/WARN]: Mismatch in destroy block pos: class_2338{x=58, y=67, z=-318} class_2338{x=59, y=67, z=-317}
[00:20:06] [Server thread/WARN]: Mismatch in destroy block pos: class_2338{x=46, y=68, z=-287} class_2338{x=44, y=68, z=-289}
[00:20:06] [Server thread/WARN]: Mismatch in destroy block pos: class_2338{x=46, y=68, z=-287} class_2338{x=44, y=68, z=-289}
[00:20:06] [Server thread/WARN]: Mismatch in destroy block pos: class_2338{x=46, y=68, z=-287} class_2338{x=44, y=68, z=-289}
[00:20:06] [Server thread/WARN]: Mismatch in destroy block pos: class_2338{x=46, y=68, z=-287} class_2338{x=44, y=68, z=-289}
[00:20:06] [Server thread/WARN]: Mismatch in destroy block pos: class_2338{x=46, y=68, z=-287} class_2338{x=44, y=68, z=-289}
[00:37:12] [Server thread/INFO]: wushi_ lost connection: Disconnected
[00:37:12] [Server thread/INFO]: wushi_ left the game
[01:12:22] [Server thread/INFO]: Backup started by: Timer on: 2020-08-09_01-12-22
[01:12:22] [Server thread/INFO]: Saving server...
[01:12:22] [Server thread/INFO]: ThreadedAnvilChunkStorage (world): All chunks are saved
[01:12:22] [Server thread/INFO]: ThreadedAnvilChunkStorage (DIM-1): All chunks are saved
[01:12:22] [Server thread/INFO]: ThreadedAnvilChunkStorage (DIM1): All chunks are saved
[01:12:22] [pool-3-thread-1/INFO]: Starting backup
[01:12:22] [pool-3-thread-1/INFO]: Starting compression...
[01:12:37] [pool-3-thread-1/INFO]: Compression took: 14.834 seconds.
[01:12:37] [pool-3-thread-1/INFO]: Deleting: 2020-08-08_17-12-28.zip
[01:12:37] [pool-3-thread-1/INFO]: Done!
[05:25:01] [Server thread/INFO]: Unknown or incomplete command, see below for error
[05:25:01] [Server thread/INFO]: alert 服务器将在5分钟后关闭备份存档，6:01继续开启<--[HERE]
[05:30:01] [Server thread/INFO]: Stopping the server
[05:30:01] [Server thread/INFO]: Unknown or incomplete command, see below for error
[05:30:01] [Server thread/INFO]: end<--[HERE]
[05:30:01] [Server thread/INFO]: Unknown or incomplete command, see below for error
[05:30:01] [Server thread/INFO]: exit<--[HERE]
[05:30:01] [Server thread/INFO]: Stopping server
[05:30:01] [Server thread/INFO]: Saving players
[05:30:01] [Server thread/INFO]: Saving worlds
[05:30:01] [Server thread/INFO]: Saving chunks for level 'ServerLevel[world]'/minecraft:overworld
[05:30:01] [Server thread/INFO]: ThreadedAnvilChunkStorage (world): All chunks are saved
[05:30:01] [Server thread/INFO]: Saving chunks for level 'ServerLevel[world]'/minecraft:the_nether
[05:30:01] [Server thread/INFO]: ThreadedAnvilChunkStorage (DIM-1): All chunks are saved
[05:30:01] [Server thread/INFO]: Saving chunks for level 'ServerLevel[world]'/minecraft:the_end
[05:30:01] [Server thread/INFO]: ThreadedAnvilChunkStorage (DIM1): All chunks are saved
[05:30:01] [Server thread/INFO]: Backup started by: Server Shutdown on: 2020-08-09_05-30-01
[05:30:01] [pool-3-thread-1/INFO]: Starting backup
[05:30:01] [pool-3-thread-1/INFO]: Starting compression...
[05:30:01] [Server thread/INFO]: ThreadedAnvilChunkStorage (world): All chunks are saved
[05:30:06] [Server thread/INFO]: ThreadedAnvilChunkStorage (DIM-1): All chunks are saved
[05:30:07] [Server thread/INFO]: ThreadedAnvilChunkStorage (DIM1): All chunks are saved
[05:30:07] [Server thread/INFO]: Thread RCON Listener stopped
[05:30:10] [pool-3-thread-1/INFO]: Compression took: 08.853 seconds.
[05:30:10] [pool-3-thread-1/INFO]: Deleting: 2020-08-08_18-12-22.zip
[05:30:10] [pool-3-thread-1/INFO]: Done!
