[05:14:55] [main/INFO]: Loading for game Minecraft 1.16.2
[05:14:56] [main/INFO]: [FabricLoader] Loading 53 mods: fabric-renderer-api-v1@0.2.13+eae12eb84e, fabric-keybindings-v0@0.2.0+3fa9f7c54e, fabricloader@0.9.1+build.205, bbor@2.3-1.16.1, com_github_shevek_parallelgzip@master-SNAPSHOT, lithium@0.5.1-SNAPSHOT, fabric-containers-v0@0.1.8+045df74f4e, fabric-object-builder-api-v1@1.5.7+ad64ee684e, fabric-game-rule-api-v1@1.0.1+91555cd14e, fabric-api-base@0.1.3+12a8474c4e, fabric-rendering-data-attachment-v1@0.1.3+b7f9825d4e, fabric-textures-v0@1.0.4+eae12eb84e, fabric-rendering-fluids-v1@0.1.10+e5d3217f4e, cotton-logging@1.0.0-rc.4, fabric-blockrenderlayer-v1@1.1.4+c6a8ea894e, fabric-lifecycle-events-v1@1.2.0+74cc3b204e, fabric-renderer-registries-v1@2.1.0+e2862de64e, carpet-extra@1.4.5, fabric-loot-tables-v1@1.0.0+fac8f3664e, fabric@0.17.2+build.396-1.16, carpet@1.4.8, fabric-particles-v1@0.2.1+0a6f2a704e, fabric-networking-v0@0.1.10+e00ecb5f4e, cotton-config@1.0.0-rc.7, fabric-screen-handler-api-v1@1.1.0+872498414e, minecraft@1.16.2, here@0.0.10-mc1.16, fabric-networking-blockentity-v0@0.2.5+b50ffc7b4e, jankson@3.0.0+j1.2.0, fabric-command-api-v1@1.0.8+5ce533984e, phosphor@0.6.0+build.7, fabric-tool-attribute-api-v1@1.2.1+02fb8fda4e, fabric-renderer-indigo@0.3.4+5d32f5834e, player-roles@1.0.2, org_apache_commons_commons-compress@1.19, fabric-item-api-v1@1.0.0+16acbe5b4e, fabric-events-interaction-v0@0.3.3+7066030f4e, fabric-crash-report-info-v1@0.1.2+b7f9825d4e, fabric-rendering-v0@1.1.0+534104904e, fabric-rendering-v1@1.1.2+346247d74e, fabric-key-binding-api-v1@1.0.1+730711c64e, org_tukaani_xz@1.8, fabric-resource-loader-v0@0.2.9+e5d3217f4e, fabric-content-registries-v0@0.1.9+059ea8664e, fabric-tag-extensions-v0@1.0.3+ac8e8c594e, fabric-registry-sync-v0@0.4.3+e5d3217f4e, fabric-commands-v0@0.2.0+52d308364e, textile_backup@1.4.0-1.16.1, fabric-mining-levels-v0@0.1.2+b764ce994e, fabric-events-lifecycle-v0@0.2.0+16acbe5b4e, fabric-models-v0@0.1.0+dfdb52d64e, fabric-item-groups-v0@0.2.0+438f96364e, fabric-object-builders-v0@0.6.1+ba4afa574e
[05:14:56] [main/WARN]: Mod `com_github_shevek_parallelgzip` (master-SNAPSHOT) does not respect SemVer - comparison support is limited.
[05:14:56] [main/INFO]: SpongePowered MIXIN Subsystem Version=0.8.1 Source=file:/srv/skimit_survival/fabric-server-launch.jar Service=Knot/Fabric Env=SERVER
[05:14:59] [main/WARN]: @Mixin target net/minecraft/class_3898$class_3208 is public in fabric-networking-[05:15:08] [main/INFO]: Environment: authHost='https://authserver.mojang.com', accountsHost='https://api.mojang.com', sessionHost='https://sessionserver.mojang.com', name='PROD'
[05:15:10] [main/WARN]: Ambiguity between arguments [teleport, destination] and [teleport, targets] with inputs: [Player, 0123, @e, dd12be42-52a9-4a91-a8a1-11c01849e498]
[05:15:10] [main/WARN]: Ambiguity between arguments [teleport, location] and [teleport, destination] with inputs: [0.1 -0.5 .9, 0 0 0]
[05:15:10] [main/WARN]: Ambiguity between arguments [teleport, location] and [teleport, targets] with inputs: [0.1 -0.5 .9, 0 0 0]
[05:15:10] [main/WARN]: Ambiguity between arguments [teleport, targets] and [teleport, destination] with inputs: [Player, 0123, dd12be42-52a9-4a91-a8a1-11c01849e498]
[05:15:10] [main/WARN]: Ambiguity between arguments [teleport, targets, location] and [teleport, targets, destination] with inputs: [0.1 -0.5 .9, 0 0 0]
[05:15:11] [main/INFO]: Reloading ResourceManager: Default, bukkit, Fabric Tool Attribute API (v1), Player Roles, FZ.sDatapack-1.5.0-SNAPSHOT
[05:15:13] [Worker-Main-6/INFO]: Loaded 7 recipes
[05:15:14] [Worker-Main-6/INFO]: Loaded 927 advancements
[05:15:15] [main/WARN]: [fabric-registry-sync] Could not find the following registries: minecraft:biome_source_type, minecraft:block_state_provider_type, minecraft:dimension_type, minecraft:structure_piece, minecraft:carver, minecraft:block_placer_type, minecraft:decorator, minecraft:structure_feature, minecraft:surface_builder, minecraft:foliage_placer_type, minecraft:feature, minecraft:tree_decorator_type, minecraft:structure_pool_element, minecraft:biome, minecraft:chunk_generator_type, minecraft:structure_processor
[05:15:15] [main/INFO]: [fabric-registry-sync] Loaded registry data [file 1/4]
[05:15:15] [Server thread/INFO]: Starting minecraft server version 1.16.2
[05:15:15] [Server thread/INFO]: Loading properties
[05:15:15] [Server thread/INFO]: Default game type: SURVIVAL
[05:15:15] [Server thread/INFO]: Generating keypair
[05:15:16] [Server thread/INFO]: Starting Minecraft server on *:26555
[05:15:16] [Server thread/INFO]: Using epoll channel type
[05:15:16] [Server thread/WARN]: **** SERVER IS RUNNING IN OFFLINE/INSECURE MODE!
[05:15:16] [Server thread/WARN]: The server will make no attempt to authenticate usernames. Beware.
[05:15:16] [Server thread/WARN]: While this makes the game possible to play without internet access, it also opens up the ability for hackers to connect with any username they choose.
[05:15:16] [Server thread/WARN]: To change this, set "online-mode" to "true" in the server.properties file.
[05:15:16] [Server thread/INFO]: Preparing level "world"
[05:15:16] [Server thread/INFO]: [CM]: loaded setting combineXPOrbs as true from carpet.conf
[05:15:16] [Server thread/INFO]: [CM]: loaded setting onePlayerSleeping as true from carpet.conf
[05:15:16] [Server thread/INFO]: [CM]: loaded setting leadFix as true from carpet.conf
[05:15:16] [Server thread/INFO]: [CM]: loaded setting ctrlQCraftingFix as true from carpet.conf
[05:15:16] [Server thread/INFO]: [CM]: loaded setting language as zh_cn from carpet.conf
[05:15:16] [Server thread/INFO]: [CM]: loaded setting commandTick as ops from carpet.conf
[05:15:16] [Server thread/INFO]: [CM]: loaded setting commandDraw as false from carpet.conf
[05:15:16] [Server thread/INFO]: [CM]: loaded setting rotatorBlock as true from carpet.conf
[05:15:16] [Server thread/INFO]: [CM]: loaded setting commandPlayer as true from carpet.conf
[05:15:16] [Server thread/INFO]: [CM]: loaded setting antiCheatDisabled as true from carpet.conf
[05:15:16] [Server thread/INFO]: [CM]: loaded setting commandPing as true from carpet.conf
[05:15:16] [Server thread/INFO]: [CM]: loaded setting defaultLoggers as tps,mobcaps from carpet.conf
[05:15:16] [Server thread/INFO]: [CM]: loaded setting unloadedEntityFix as true from carpet.conf
[05:15:16] [Server thread/INFO]: [CM]: loaded setting flippinCactus as true from carpet.conf
[05:15:17] [Server thread/INFO]: create world dimension: minecraft:overworld (seed: 20190827)
[05:15:17] [Server thread/INFO]: create world dimension: minecraft:the_nether (seed: 20190827)
[05:15:17] [Server thread/INFO]: create world dimension: minecraft:the_end (seed: 20190827)
[05:15:17] [Server thread/INFO]: Preparing start region for dimension minecraft:overworld
[05:15:20] [Server thread/INFO]: Preparing spawn area: 0%
[05:15:20] [Server thread/INFO]: Preparing spawn area: 0%
[05:15:20] [Server thread/INFO]: Preparing spawn area: 0%
[05:15:20] [Server thread/INFO]: Preparing spawn area: 0%
[05:15:20] [Server thread/INFO]: Preparing spawn area: 0%
[05:15:20] [Server thread/INFO]: Preparing spawn area: 0%
[05:15:20] [Server thread/INFO]: Preparing spawn area: 0%
[05:15:21] [Server thread/INFO]: Preparing spawn area: 0%
[05:15:21] [Server thread/INFO]: Preparing spawn area: 0%
[05:15:22] [Server thread/INFO]: Preparing spawn area: 83%
[05:15:23] [Server thread/INFO]: Time elapsed: 5868 ms
[05:15:23] [Server thread/INFO]: Done (6.680s)! For help, type "help"
[05:15:23] [Server thread/INFO]: Starting remote control listener
[05:15:23] [Server thread/INFO]: Thread RCON Listener started
[05:15:23] [Server thread/INFO]: RCON running on 0.0.0.0:796
[05:15:24] [Server thread/INFO]: Can only manipulate existing players
[05:16:00] [Server thread/INFO]: Can only manipulate existing players
[05:16:47] [Server thread/INFO]: MAX_XiaoKui[/127.0.0.1:37816] logged in with entity id 167 at (-345.8619374129525, 64.0, 596.1502814677784)
[05:16:47] [Server thread/INFO]: MAX_XiaoKui joined the game
[05:16:47] [Netty Epoll Server IO #5/WARN]: Received invalid identifier in minecraft:register: legacy:fml|hs (Non [a-z0-9/._-] character in path of location: legacy:fml|hs)
[05:16:50] [Server thread/WARN]: Can't keep up! Is the server overloaded? Running 3142ms or 62 ticks behind
[05:16:51] [Server thread/WARN]: Trying to add entity with duplicated UUID 204c8284-bc10-4de1-8810-0e43a3520ec4. Existing minecraft:enderman#260, new: minecraft:enderman#302
[05:17:00] [Server thread/INFO]: Can only manipulate existing players
[05:17:03] [Server thread/INFO]: Kicked MAX_XiaoKui: Kicked by an operator
[05:17:03] [Server thread/INFO]: MAX_XiaoKui lost connection: Kicked by an operator
[05:17:03] [Server thread/INFO]: MAX_XiaoKui left the game
[05:17:08] [Server thread/INFO]: MAX_XiaoKui[/127.0.0.1:49717] logged in with entity id 449 at (-345.8619374129525, 64.0, 596.1502814677784)
[05:17:08] [Server thread/INFO]: MAX_XiaoKui joined the game
[05:17:09] [Netty Epoll Server IO #2/WARN]: Received invalid identifier in minecraft:register: legacy:fml|hs (Non [a-z0-9/._-] character in path of location: legacy:fml|hs)
[05:17:20] [Server thread/INFO]: MAX_XiaoKui lost connection: Disconnected
[05:17:20] [Server thread/INFO]: MAX_XiaoKui left the game
[05:17:21] [Server thread/INFO]: MAX_XiaoKui[/127.0.0.1:59800] logged in with entity id 582 at (-345.8619374129525, 64.0, 596.1502814677784)
[05:17:21] [Server thread/INFO]: MAX_XiaoKui joined the game
[05:17:21] [Netty Epoll Server IO #6/WARN]: Received invalid identifier in minecraft:register: legacy:fml|hs (Non [a-z0-9/._-] character in path of location: legacy:fml|hs)
[05:17:28] [Server thread/INFO]: MAX_XiaoKui lost connection: Disconnected
[05:17:28] [Server thread/INFO]: MAX_XiaoKui left the game
[05:18:00] [Server thread/INFO]: Can only manipulate existing players
[05:18:34] [Server thread/INFO]: MAX_XiaoKui[/127.0.0.1:60845] logged in with entity id 717 at (-345.8619374129525, 64.0, 596.1502814677784)
[05:18:34] [Server thread/INFO]: MAX_XiaoKui joined the game
[05:18:34] [Netty Epoll Server IO #0/WARN]: Received invalid identifier in minecraft:register: legacy:fml|hs (Non [a-z0-9/._-] character in path of location: legacy:fml|hs)
[05:18:35] [Netty Epoll Server IO #0/INFO]: Player MAX_XiaoKui joined with a matching carpet client
[05:19:00] [Server thread/INFO]: Can only manipulate existing players
[05:20:00] [Server thread/INFO]: Can only manipulate existing players
[05:21:00] [Server thread/INFO]: Can only manipulate existing players
[05:22:00] [Server thread/INFO]: Can only manipulate existing players
[05:23:00] [Server thread/INFO]: Can only manipulate existing players
[05:24:00] [Server thread/INFO]: Can only manipulate existing players
[05:25:00] [Server thread/INFO]: Can only manipulate existing players
[05:25:01] [Server thread/INFO]: [Server] 服务器将在5分钟后关闭备份存档，6:01继续开启
[05:25:26] [Server thread/INFO]: MAX_XiaoKui lost connection: Disconnected
[05:25:26] [Server thread/INFO]: MAX_XiaoKui left the game
[05:26:00] [Server thread/INFO]: Can only manipulate existing players
[05:27:00] [Server thread/INFO]: Can only manipulate existing players
[05:28:00] [Server thread/INFO]: Can only manipulate existing players
[05:29:00] [Server thread/INFO]: Can only manipulate existing players
[05:29:51] [Server thread/INFO]: MAX_XiaoKui[/127.0.0.1:35145] logged in with entity id 2597 at (-411.1202835240126, 69.0, 451.50931404661964)
[05:29:51] [Server thread/INFO]: MAX_XiaoKui joined the game
[05:29:51] [Netty Epoll Server IO #3/WARN]: Received invalid identifier in minecraft:register: legacy:fml|hs (Non [a-z0-9/._-] character in path of location: legacy:fml|hs)
[05:29:51] [Netty Epoll Server IO #3/INFO]: Player MAX_XiaoKui joined with a matching carpet client
[05:29:53] [Server thread/INFO]: MAX_XiaoKui lost connection: Disconnected
[05:29:53] [Server thread/INFO]: MAX_XiaoKui left the game
[05:30:00] [Server thread/INFO]: Can only manipulate existing players
[05:30:01] [Server thread/INFO]: Stopping the server
[05:30:01] [Server thread/INFO]: Unknown or incomplete command, see below for error
[05:30:01] [Server thread/INFO]: end<--[HERE]
[05:30:01] [Server thread/INFO]: Unknown or incomplete command, see below for error
[05:30:01] [Server thread/INFO]: exit<--[HERE]
[05:30:01] [Server thread/INFO]: Stopping server
[05:30:01] [Server thread/INFO]: Saving players
[05:30:01] [Server thread/INFO]: Saving worlds
[05:30:01] [Server thread/INFO]: Saving chunks for level 'ServerLevel[world]'/minecraft:overworld
[05:30:01] [Server thread/INFO]: ThreadedAnvilChunkStorage (world): All chunks are saved
[05:30:01] [Server thread/INFO]: Saving chunks for level 'ServerLevel[world]'/minecraft:the_nether
[05:30:01] [Server thread/INFO]: ThreadedAnvilChunkStorage (DIM-1): All chunks are saved
[05:30:01] [Server thread/INFO]: Saving chunks for level 'ServerLevel[world]'/minecraft:the_end
[05:30:01] [Server thread/INFO]: ThreadedAnvilChunkStorage (DIM1): All chunks are saved
[05:30:01] [Server thread/INFO]: Backup started by: Server Shutdown on: 2020-08-15_05-30-01
[05:30:01] [pool-3-thread-1/INFO]: Starting backup
[05:30:01] [pool-3-thread-1/INFO]: Starting compression...
[05:30:01] [Server thread/INFO]: ThreadedAnvilChunkStorage (world): All chunks are saved
[05:30:01] [Server thread/INFO]: ThreadedAnvilChunkStorage (DIM-1): All chunks are saved
[05:30:01] [Server thread/INFO]: ThreadedAnvilChunkStorage (DIM1): All chunks are saved
[05:30:01] [Server thread/INFO]: Thread RCON Listener stopped
[05:30:06] [pool-3-thread-1/INFO]: Compression took: 05.211 seconds.
[05:30:06] [pool-3-thread-1/INFO]: Deleting: 2020-08-14_21-37-37.zip
[05:30:07] [pool-3-thread-1/INFO]: Done!
