[06:01:07] [main/INFO]: Loading for game Minecraft 1.15.2
[06:01:12] [main/WARN]: Mod `jankson` (2.0.0+j1.2.0) uses 'requires' key in fabric.mod.json, which is not supported - use 'depends'
[06:01:12] [main/INFO]: [FabricLoader] Loading 44 mods: minecraft@1.15.2, fabric-networking-blockentity-v0@0.2.3+e08a73050c, fabric-renderer-api-v1@0.2.10+f08b61330c, fabric-keybindings-v0@0.1.1+dfdb52d60c, jankson@2.0.0+j1.2.0, fabricloader@0.7.8+build.189, phosphor@0.5.2+build.6, fabric-renderer-indigo@0.2.23+9290e2ed0c, fabric-containers-v0@0.1.3+b7f9825d0c, lithium@0.4.6, fabric-dimensions-v1@0.3.0+2ad156310c, org_apache_commons_commons-compress@1.9, fabric-biomes-v1@0.1.5+3b05f68e0c, fabric-events-interaction-v0@0.3.0+fac69e320c, fabric-crash-report-info-v1@0.1.2+b7f9825d0c, fabric-api-base@0.1.2+b7f9825d0c, fabric-rendering-v0@1.1.0+534104900c, fabric-rendering-v1@0.1.0+534104900c, fabric-rendering-data-attachment-v1@0.1.3+b7f9825d0c, mm@2.0, fabric-resource-loader-v0@0.1.10+06c939b30c, fabric-textures-v0@1.0.4+821cdba70c, fabric-content-registries-v0@0.1.3+b7f9825d0c, fabric-tag-extensions-v0@0.1.3+abd915800c, fabric-rendering-fluids-v1@0.1.6+12515ed90c, fabric-commands-v0@0.1.2+b7f9825d0c, fabric-registry-sync-v0@0.2.6+f3d8141b0c, com_moandjiezana_toml_toml4j@0.7.2, cotton-logging@1.0.0-rc.4, fabric-blockrenderlayer-v1@1.1.4+c6a8ea890c, textile_backup@1.1.0-1.15, fabric-mining-levels-v0@0.1.1+b7f9825d0c, fabric-renderer-registries-v1@2.0.1+5a0f9a600c, carpet-extra@1.3.15, fabric-events-lifecycle-v0@0.1.2+b7f9825d0c, fabric-loot-tables-v1@0.1.5+e08a73050c, fabric@0.5.1+build.294-1.15, carpet@1.3.15, fabric-item-groups-v0@0.1.6+ec40b2e10c, fabric-models-v0@0.1.0+dfdb52d60c, fabric-particles-v1@0.1.1+dfdb52d60c, fabric-networking-v0@0.1.7+12515ed90c, fabric-object-builders-v0@0.1.3+e4c9a9c30c, cotton-config@1.0.0-rc.7
[06:01:12] [main/INFO]: SpongePowered MIXIN Subsystem Version=0.8 Source=file:/C:/Server/skimit_survival/fabric-server-launch.jar Service=Knot/Fabric Env=SERVER
[06:01:13] [main/INFO]: Lithium's configuration file was loaded successfully
[06:01:15] [main/INFO]: Not applying mixin 'me.jellysquid.mods.lithium.mixin.chunk.no_chunk_locking.MixinPalettedContainer' as no configuration enables it
[06:01:15] [main/INFO]: Not applying mixin 'me.jellysquid.mods.lithium.mixin.redstone.MixinRedstoneWireBlock' as no configuration enables it
[06:01:15] [main/INFO]: Not applying mixin 'me.jellysquid.mods.lithium.mixin.redstone.MixinWorld' as no configuration enables it
[06:01:19] [main/INFO]: Transforming class net/minecraft/class_2382 using patch set 'Modify mutability flags in Vec3i'
[06:01:26] [main/INFO]: Transforming class net/minecraft/class_2338$class_2339 using patch set 'Use mutable fields in Vec3i'
[06:02:34] [main/WARN]: Ambiguity between arguments [teleport, destination] and [teleport, targets] with inputs: [Player, 0123, @e, dd12be42-52a9-4a91-a8a1-11c01849e498]
[06:02:34] [main/WARN]: Ambiguity between arguments [teleport, location] and [teleport, destination] with inputs: [0.1 -0.5 .9, 0 0 0]
[06:02:34] [main/WARN]: Ambiguity between arguments [teleport, location] and [teleport, targets] with inputs: [0.1 -0.5 .9, 0 0 0]
[06:02:34] [main/WARN]: Ambiguity between arguments [teleport, targets] and [teleport, destination] with inputs: [Player, 0123, dd12be42-52a9-4a91-a8a1-11c01849e498]
[06:02:34] [main/WARN]: Ambiguity between arguments [teleport, targets, location] and [teleport, targets, destination] with inputs: [0.1 -0.5 .9, 0 0 0]
[06:02:38] [main/INFO]: Definitely not up to no good
[06:02:38] [main/INFO]: [TextileBackup]: Loading TextileBackup by Szum123321
[06:02:39] [Server thread/INFO]: Starting minecraft server version 1.15.2
[06:02:39] [Server thread/INFO]: Loading properties
[06:02:39] [Server thread/INFO]: Default game type: SURVIVAL
[06:02:39] [Server thread/INFO]: Generating keypair
[06:02:40] [Server thread/INFO]: Starting Minecraft server on *:26565
[06:02:40] [Server thread/INFO]: Using default channel type
[06:02:41] [Server thread/WARN]: **** SERVER IS RUNNING IN OFFLINE/INSECURE MODE!
[06:02:41] [Server thread/WARN]: The server will make no attempt to authenticate usernames. Beware.
[06:02:41] [Server thread/WARN]: While this makes the game possible to play without internet access, it also opens up the ability for hackers to connect with any username they choose.
[06:02:41] [Server thread/WARN]: To change this, set "online-mode" to "true" in the server.properties file.
[06:02:42] [Server thread/INFO]: Preparing level "skimit"
[06:02:42] [Server thread/INFO]: [CM]: loaded setting commandDraw as false from carpet.conf
[06:02:42] [Server thread/INFO]: [CM]: loaded setting rotatorBlock as true from carpet.conf
[06:02:42] [Server thread/INFO]: [CM]: loaded setting combineXPOrbs as true from carpet.conf
[06:02:42] [Server thread/INFO]: [CM]: loaded setting onePlayerSleeping as true from carpet.conf
[06:02:42] [Server thread/INFO]: [CM]: loaded setting portalSuffocationFix as true from carpet.conf
[06:02:42] [Server thread/INFO]: [CM]: loaded setting leadFix as true from carpet.conf
[06:02:42] [Server thread/INFO]: [CM]: loaded setting antiCheatDisabled as true from carpet.conf
[06:02:42] [Server thread/INFO]: [CM]: loaded setting defaultLoggers as tps,mobcaps from carpet.conf
[06:02:42] [Server thread/INFO]: [CM]: loaded setting commandCameramode as false from carpet.conf
[06:02:42] [Server thread/INFO]: [CM]: loaded setting unloadedEntityFix as true from carpet.conf
[06:02:42] [Server thread/INFO]: [CM]: loaded setting ctrlQCraftingFix as true from carpet.conf
[06:02:42] [Server thread/INFO]: [fabric-registry-sync] Loaded registry data [file 1/4]
[06:02:42] [Server thread/INFO]: Reloading ResourceManager: Default, bukkit, Fabric Mining Levels (v0)
[06:02:45] [Server thread/INFO]: Loaded 6 recipes
[06:02:47] [Server thread/INFO]: Loaded 825 advancements
[06:02:50] [Server thread/INFO]: Preparing start region for dimension minecraft:overworld
[06:02:56] [Server thread/INFO]: Preparing spawn area: 0%
[06:02:56] [Server thread/INFO]: Preparing spawn area: 0%
[06:02:56] [Server thread/INFO]: Preparing spawn area: 0%
[06:02:56] [Server thread/INFO]: Preparing spawn area: 0%
[06:02:56] [Server thread/INFO]: Preparing spawn area: 0%
[06:02:56] [Server thread/INFO]: Preparing spawn area: 0%
[06:02:56] [Server thread/INFO]: Preparing spawn area: 0%
[06:02:56] [Server thread/INFO]: Preparing spawn area: 0%
[06:02:56] [Server thread/INFO]: Preparing spawn area: 0%
[06:02:56] [Server thread/INFO]: Preparing spawn area: 0%
[06:02:56] [Server thread/INFO]: Preparing spawn area: 0%
[06:02:56] [Server thread/INFO]: Preparing spawn area: 0%
[06:02:56] [Server-Worker-3/INFO]: Preparing spawn area: 0%
[06:02:57] [Server thread/INFO]: Preparing spawn area: 0%
[06:02:58] [Server-Worker-3/INFO]: Preparing spawn area: 0%
[06:02:58] [Server-Worker-3/INFO]: Preparing spawn area: 0%
[06:02:58] [Server thread/INFO]: Preparing spawn area: 0%
[06:02:59] [Server thread/INFO]: Preparing spawn area: 0%
[06:03:02] [Server thread/INFO]: Time elapsed: 11619 ms
[06:03:02] [Server thread/INFO]: Done (20.215s)! For help, type "help"
[06:03:02] [Server thread/INFO]: Starting remote control listener
[06:03:02] [RCON Listener #1/INFO]: RCON running on 0.0.0.0:25636
[06:03:04] [Server thread/WARN]: Can't keep up! Is the server overloaded? Running 2565ms or 51 ticks behind
[10:58:41] [Server thread/WARN]: Can't keep up! Is the server overloaded? Running 2299ms or 45 ticks behind
[11:02:33] [Server thread/INFO]: Cora_cold[/127.0.0.1:59110] logged in with entity id 210 at (-394.81379376636, 69.0, 488.53211222495565)
[11:02:33] [Netty Server IO #1/WARN]: Received invalid identifier in minecraft:register: legacy:fml|hs (Non [a-z0-9/._-] character in path of location: legacy:fml|hs)
[11:02:34] [Server thread/INFO]: Cora_cold joined the game
[11:02:34] [Server thread/WARN]: Can't keep up! Is the server overloaded? Running 2046ms or 40 ticks behind
[11:02:34] [Server thread/INFO]: [TextileBackup]: Backup started by: SERVER on: 2020-05-18_11-02-34
[11:02:34] [Server thread/INFO]: [TextileBackup]: Saving server...
[11:02:35] [Thread-54/INFO]: [TextileBackup]: Starting compression...
[11:03:11] [Server thread/WARN]: Can't keep up! Is the server overloaded? Running 21969ms or 439 ticks behind
[11:03:37] [Server thread/WARN]: Can't keep up! Is the server overloaded? Running 10542ms or 210 ticks behind
[11:03:59] [Server thread/WARN]: Can't keep up! Is the server overloaded? Running 7353ms or 147 ticks behind
[11:04:22] [Server thread/WARN]: Can't keep up! Is the server overloaded? Running 8315ms or 166 ticks behind
[11:05:02] [Server thread/WARN]: Can't keep up! Is the server overloaded? Running 24696ms or 493 ticks behind
[11:05:30] [Server thread/WARN]: Can't keep up! Is the server overloaded? Running 13091ms or 261 ticks behind
[11:05:51] [Server thread/WARN]: Can't keep up! Is the server overloaded? Running 2196ms or 43 ticks behind
[11:06:15] [Server thread/WARN]: Mismatch in destroy block pos: class_2338{x=-80, y=7, z=256} class_2338{x=-79, y=9, z=253}
[11:06:15] [Server thread/WARN]: Mismatch in destroy block pos: class_2338{x=-80, y=7, z=256} class_2338{x=-79, y=10, z=254}
[11:06:15] [Server thread/WARN]: Mismatch in destroy block pos: class_2338{x=-81, y=7, z=252} class_2338{x=-79, y=10, z=253}
[11:06:17] [Server thread/WARN]: Mismatch in destroy block pos: class_2338{x=-76, y=8, z=255} class_2338{x=-79, y=9, z=252}
[11:06:29] [Thread-54/INFO]: [TextileBackup]: Compression finished
[11:06:29] [Thread-54/INFO]: [TextileBackup]: Deleting: 2020-05-16_20-27-50.zip
[11:06:34] [Server thread/WARN]: Can't keep up! Is the server overloaded? Running 28276ms or 565 ticks behind
[11:06:42] [Thread-54/INFO]: [TextileBackup]: Done!
[11:06:44] [Server thread/WARN]: Mismatch in destroy block pos: class_2338{x=-84, y=9, z=253} class_2338{x=-80, y=10, z=253}
[11:06:44] [Server thread/WARN]: Mismatch in destroy block pos: class_2338{x=-82, y=9, z=251} class_2338{x=-81, y=10, z=253}
[11:06:44] [Server thread/WARN]: Mismatch in destroy block pos: class_2338{x=-80, y=9, z=251} class_2338{x=-81, y=10, z=252}
[11:06:44] [Server thread/WARN]: Mismatch in destroy block pos: class_2338{x=-77, y=9, z=253} class_2338{x=-82, y=10, z=252}
[11:06:45] [Server thread/WARN]: Mismatch in destroy block pos: class_2338{x=-81, y=8, z=251} class_2338{x=-81, y=10, z=252}
[11:06:45] [Server thread/WARN]: Mismatch in destroy block pos: class_2338{x=-76, y=9, z=253} class_2338{x=-81, y=10, z=253}
[11:06:55] [Server thread/WARN]: Can't keep up! Is the server overloaded? Running 6109ms or 122 ticks behind
[11:07:18] [Server thread/WARN]: Mismatch in destroy block pos: class_2338{x=-81, y=7, z=237} class_2338{x=-74, y=8, z=235}
[11:07:18] [Server thread/WARN]: Mismatch in destroy block pos: class_2338{x=-81, y=7, z=237} class_2338{x=-75, y=8, z=235}
[11:07:18] [Server thread/WARN]: Mismatch in destroy block pos: class_2338{x=-81, y=7, z=237} class_2338{x=-75, y=8, z=235}
[11:07:21] [Server thread/WARN]: Can't keep up! Is the server overloaded? Running 2062ms or 41 ticks behind
[11:07:24] [Server thread/WARN]: Mismatch in destroy block pos: class_2338{x=-75, y=3, z=233} class_2338{x=-77, y=8, z=234}
[11:07:41] [Server thread/WARN]: Can't keep up! Is the server overloaded? Running 4855ms or 97 ticks behind
[11:08:15] [Server thread/WARN]: Can't keep up! Is the server overloaded? Running 19290ms or 385 ticks behind
[11:10:00] [Server thread/WARN]: Can't keep up! Is the server overloaded? Running 2328ms or 46 ticks behind
[11:10:20] [Server thread/WARN]: Mismatch in destroy block pos: class_2338{x=-61, y=2, z=176} class_2338{x=-64, y=3, z=175}
[11:10:40] [Server thread/WARN]: Can't keep up! Is the server overloaded? Running 25654ms or 513 ticks behind
[11:11:07] [Server thread/WARN]: Can't keep up! Is the server overloaded? Running 2026ms or 40 ticks behind
[11:31:09] [Server thread/WARN]: Can't keep up! Is the server overloaded? Running 2585ms or 51 ticks behind
[11:31:27] [Server thread/WARN]: Can't keep up! Is the server overloaded? Running 2223ms or 44 ticks behind
[11:34:15] [Server thread/INFO]: Villager class_1646['Villager'/280, l='skimit', x=-412.12, y=66.00, z=459.23] died, message: 'Villager tried to swim in lava'
[11:34:18] [Server thread/INFO]: Villager class_1646['Villager'/10064, l='skimit', x=-413.45, y=66.00, z=457.97] died, message: 'Villager burned to death'
[11:34:52] [Server thread/WARN]: Can't keep up! Is the server overloaded? Running 2252ms or 45 ticks behind
[11:36:17] [Server thread/WARN]: Can't keep up! Is the server overloaded? Running 2007ms or 40 ticks behind
[11:41:18] [Server thread/WARN]: Can't keep up! Is the server overloaded? Running 2261ms or 45 ticks behind
[11:42:39] [Server thread/INFO]: Cora_cold lost connection: Disconnected
[11:42:39] [Server thread/INFO]: Cora_cold left the game
[14:03:45] [Server thread/INFO]: Cora_cold[/127.0.0.1:65172] logged in with entity id 12271 at (-401.33229370242265, 66.0, 467.69999998807907)
[14:03:45] [Netty Server IO #1/WARN]: Received invalid identifier in minecraft:register: legacy:fml|hs (Non [a-z0-9/._-] character in path of location: legacy:fml|hs)
[14:03:45] [Server thread/INFO]: Cora_cold joined the game
[14:03:45] [Server thread/INFO]: [TextileBackup]: Backup started by: SERVER on: 2020-05-18_14-03-45
[14:03:45] [Server thread/INFO]: [TextileBackup]: Saving server...
[14:03:45] [Thread-55/INFO]: [TextileBackup]: Starting compression...
[14:03:56] [Server thread/WARN]: Can't keep up! Is the server overloaded? Running 2355ms or 47 ticks behind
[14:04:15] [Server thread/WARN]: Can't keep up! Is the server overloaded? Running 3679ms or 73 ticks behind
[14:04:38] [Server thread/WARN]: Can't keep up! Is the server overloaded? Running 2070ms or 41 ticks behind
[14:05:02] [Server thread/WARN]: Can't keep up! Is the server overloaded? Running 9331ms or 186 ticks behind
[14:05:23] [Server thread/WARN]: Can't keep up! Is the server overloaded? Running 5792ms or 115 ticks behind
[14:05:46] [Server thread/WARN]: Can't keep up! Is the server overloaded? Running 7598ms or 151 ticks behind
[14:06:03] [Server thread/WARN]: Can't keep up! Is the server overloaded? Running 2449ms or 48 ticks behind
[14:06:12] [Thread-55/INFO]: [TextileBackup]: Compression finished
[14:06:12] [Thread-55/INFO]: [TextileBackup]: Deleting: 2020-05-16_21-27-50.zip
[14:06:13] [Thread-55/INFO]: [TextileBackup]: Done!
[14:10:12] [Server thread/INFO]: Cora_cold lost connection: Disconnected
[14:10:12] [Server thread/INFO]: Cora_cold left the game
[17:37:44] [Server thread/INFO]: Cora_cold[/127.0.0.1:56111] logged in with entity id 12883 at (-397.41159995848045, 72.5, 472.10947712989895)
[17:37:44] [Netty Server IO #1/WARN]: Received invalid identifier in minecraft:register: legacy:fml|hs (Non [a-z0-9/._-] character in path of location: legacy:fml|hs)
[17:37:44] [Server thread/INFO]: Cora_cold joined the game
[17:37:44] [Server thread/INFO]: [TextileBackup]: Backup started by: SERVER on: 2020-05-18_17-37-44
[17:37:44] [Server thread/INFO]: [TextileBackup]: Saving server...
[17:37:45] [Thread-56/INFO]: [TextileBackup]: Starting compression...
[17:37:54] [Server thread/WARN]: Can't keep up! Is the server overloaded? Running 2303ms or 46 ticks behind
[17:38:13] [Server thread/WARN]: Can't keep up! Is the server overloaded? Running 4658ms or 93 ticks behind
[17:38:38] [Server thread/WARN]: Can't keep up! Is the server overloaded? Running 9615ms or 192 ticks behind
[17:38:58] [Server thread/WARN]: Can't keep up! Is the server overloaded? Running 4532ms or 90 ticks behind
[17:39:15] [Server thread/WARN]: Can't keep up! Is the server overloaded? Running 2059ms or 41 ticks behind
[17:39:34] [Server thread/WARN]: Can't keep up! Is the server overloaded? Running 4604ms or 92 ticks behind
[17:39:51] [Server thread/WARN]: Can't keep up! Is the server overloaded? Running 2013ms or 40 ticks behind
[17:40:14] [Server thread/WARN]: Can't keep up! Is the server overloaded? Running 7339ms or 146 ticks behind
[17:40:22] [Thread-56/INFO]: [TextileBackup]: Compression finished
[17:40:22] [Thread-56/INFO]: [TextileBackup]: Deleting: 2020-05-16_22-27-49.zip
[17:40:22] [Thread-56/INFO]: [TextileBackup]: Done!
[17:47:34] [Server thread/WARN]: Can't keep up! Is the server overloaded? Running 2079ms or 41 ticks behind
[17:47:54] [Server thread/WARN]: Fetching packet for removed entity class_1542['Air'/14098, l='skimit', x=-395.99, y=71.26, z=474.42]
[17:48:39] [Server thread/INFO]: Cora_cold lost connection: Disconnected
[17:48:39] [Server thread/INFO]: Cora_cold left the game
