[14:01:03] [main/INFO]: Loading for game Minecraft 1.16.2
[14:01:04] [main/INFO]: [FabricLoader] Loading 54 mods: fabric-renderer-api-v1@0.2.13+eae12eb84e, fabric-keybindings-v0@0.2.0+3fa9f7c54e, fabricloader@0.9.1+build.205, bbor@2.3-1.16.1, com_github_shevek_parallelgzip@master-SNAPSHOT, lithium@0.5.2, fabric-containers-v0@0.1.8+045df74f4e, fabric-object-builder-api-v1@1.6.0+e81ec80b4e, fabric-game-rule-api-v1@1.0.1+91555cd14e, fabric-api-base@0.1.3+12a8474c4e, fabric-rendering-data-attachment-v1@0.1.3+b7f9825d4e, fabric-textures-v0@1.0.4+eae12eb84e, fabric-rendering-fluids-v1@0.1.10+e5d3217f4e, cotton-logging@1.0.0-rc.4, fabric-blockrenderlayer-v1@1.1.4+c6a8ea894e, fabric-lifecycle-events-v1@1.2.0+74cc3b204e, fabric-renderer-registries-v1@2.1.0+e2862de64e, carpet-extra@1.4.8, fabric-loot-tables-v1@1.0.0+fac8f3664e, fabric@0.18.0+build.397-1.16, carpet@1.4.9, fabric-particles-v1@0.2.1+0a6f2a704e, fabric-networking-v0@0.1.10+e00ecb5f4e, cotton-config@1.0.0-rc.7, fabric-screen-handler-api-v1@1.1.0+872498414e, minecraft@1.16.2, here@0.0.10-mc1.16, fabric-networking-blockentity-v0@0.2.5+b50ffc7b4e, jankson@3.0.0+j1.2.0, fabric-command-api-v1@1.0.8+5ce533984e, phosphor@0.6.0+build.7, bluemap@1.0.0-rc2, fabric-tool-attribute-api-v1@1.2.1+02fb8fda4e, fabric-renderer-indigo@0.3.4+5d32f5834e, player-roles@1.1.0, org_apache_commons_commons-compress@1.19, fabric-crash-report-info-v1@0.1.2+b7f9825d4e, fabric-events-interaction-v0@0.3.3+7066030f4e, fabric-item-api-v1@1.0.0+16acbe5b4e, fabric-rendering-v0@1.1.0+534104904e, fabric-rendering-v1@1.2.0+fc24ff244e, fabric-key-binding-api-v1@1.0.1+730711c64e, org_tukaani_xz@1.8, fabric-resource-loader-v0@0.2.9+e5d3217f4e, fabric-content-registries-v0@0.1.9+059ea8664e, fabric-tag-extensions-v0@1.0.3+ac8e8c594e, fabric-commands-v0@0.2.0+52d308364e, fabric-registry-sync-v0@0.4.3+e5d3217f4e, textile_backup@2.0.0-1.16.2, fabric-mining-levels-v0@0.1.2+b764ce994e, fabric-events-lifecycle-v0@0.2.0+16acbe5b4e, fabric-item-groups-v0@0.2.0+438f96364e, fabric-models-v0@0.1.0+dfdb52d64e, fabric-object-builders-v0@0.6.1+ba4afa574e
[14:01:04] [main/WARN]: Mod `com_github_shevek_parallelgzip` (master-SNAPSHOT) does not respect SemVer - comparison support is limited.
[14:01:04] [main/INFO]: SpongePowered MIXIN Subsystem Version=0.8.1 Source=file:/srv/skimit_survival/fabric-server-launch.jar Service=Knot/Fabric Env=SERVER
[14:01:08] [main/WARN]: @Mixin target net/minecraft/class_3898$class_3208 is public in fabric-networking-[14:01:18] [main/INFO]: Environment: authHost='https://authserver.mojang.com', accountsHost='https://api.mojang.com', sessionHost='https://sessionserver.mojang.com', name='PROD'
[14:01:19] [main/INFO]: [Textile Backup] Starting Textile Backup by Szum123321.
[14:01:20] [main/WARN]: Ambiguity between arguments [bluemap, marker, create, id, map, x] and [bluemap, marker, create, id, map, label] with inputs: [0, -1, -.5, 1.2, .5, -1234.56]
[14:01:20] [main/WARN]: Ambiguity between arguments [bluemap, render, cancel] and [bluemap, render, world|map] with inputs: [cancel]
[14:01:20] [main/WARN]: Ambiguity between arguments [bluemap, render, prioritize] and [bluemap, render, world|map] with inputs: [prioritize]
[14:01:20] [main/WARN]: Ambiguity between arguments [bluemap, render, radius] and [bluemap, render, world|map] with inputs: [0, -123, 123]
[14:01:20] [main/WARN]: Ambiguity between arguments [bluemap, render, radius] and [bluemap, render, x] with inputs: [0, -123, 123]
[14:01:20] [main/WARN]: Ambiguity between arguments [bluemap, render, x] and [bluemap, render, radius] with inputs: [0, -1]
[14:01:20] [main/WARN]: Ambiguity between arguments [bluemap, render, x] and [bluemap, render, world|map] with inputs: [0, -1, -.5, 1.2, .5, -1234.56]
[14:01:20] [main/WARN]: Ambiguity between arguments [teleport, destination] and [teleport, targets] with inputs: [Player, 0123, @e, dd12be42-52a9-4a91-a8a1-11c01849e498]
[14:01:20] [main/WARN]: Ambiguity between arguments [teleport, location] and [teleport, destination] with inputs: [0.1 -0.5 .9, 0 0 0]
[14:01:20] [main/WARN]: Ambiguity between arguments [teleport, location] and [teleport, targets] with inputs: [0.1 -0.5 .9, 0 0 0]
[14:01:20] [main/WARN]: Ambiguity between arguments [teleport, targets] and [teleport, destination] with inputs: [Player, 0123, dd12be42-52a9-4a91-a8a1-11c01849e498]
[14:01:20] [main/WARN]: Ambiguity between arguments [teleport, targets, location] and [teleport, targets, destination] with inputs: [0.1 -0.5 .9, 0 0 0]
[14:01:21] [main/INFO]: Reloading ResourceManager: Default, bukkit, Fabric Tool Attribute API (v1), Player Roles, FZ.sDatapack-1.5.0-SNAPSHOT
[14:01:24] [Worker-Main-4/INFO]: Loaded 7 recipes
[14:01:24] [Worker-Main-4/INFO]: Loaded 927 advancements
[14:01:26] [main/WARN]: [fabric-registry-sync] Could not find the following registries: minecraft:biome_source_type, minecraft:block_state_provider_type, minecraft:dimension_type, minecraft:structure_piece, minecraft:carver, minecraft:block_placer_type, minecraft:decorator, minecraft:structure_feature, minecraft:surface_builder, minecraft:foliage_placer_type, minecraft:feature, minecraft:tree_decorator_type, minecraft:structure_pool_element, minecraft:biome, minecraft:chunk_generator_type, minecraft:structure_processor
[14:01:26] [main/INFO]: [fabric-registry-sync] Loaded registry data [file 1/4]
[14:01:26] [Server thread/INFO]: Starting minecraft server version 1.16.2
[14:01:26] [Server thread/INFO]: Loading properties
[14:01:26] [Server thread/INFO]: Default game type: SURVIVAL
[14:01:26] [Server thread/INFO]: Generating keypair
[14:01:26] [Server thread/INFO]: Starting Minecraft server on *:26555
[14:01:26] [Server thread/INFO]: Using epoll channel type
[14:01:27] [Server thread/WARN]: **** SERVER IS RUNNING IN OFFLINE/INSECURE MODE!
[14:01:27] [Server thread/WARN]: The server will make no attempt to authenticate usernames. Beware.
[14:01:27] [Server thread/WARN]: While this makes the game possible to play without internet access, it also opens up the ability for hackers to connect with any username they choose.
[14:01:27] [Server thread/WARN]: To change this, set "online-mode" to "true" in the server.properties file.
[14:01:27] [Server thread/INFO]: Preparing level "world"
[14:01:27] [Server thread/INFO]: [CM]: loaded setting combineXPOrbs as true from carpet.conf
[14:01:27] [Server thread/INFO]: [CM]: loaded setting onePlayerSleeping as true from carpet.conf
[14:01:27] [Server thread/INFO]: [CM]: loaded setting leadFix as true from carpet.conf
[14:01:27] [Server thread/INFO]: [CM]: loaded setting ctrlQCraftingFix as true from carpet.conf
[14:01:27] [Server thread/INFO]: [CM]: loaded setting language as zh_cn from carpet.conf
[14:01:27] [Server thread/INFO]: [CM]: loaded setting commandTick as true from carpet.conf
[14:01:27] [Server thread/INFO]: [CM]: loaded setting commandDraw as false from carpet.conf
[14:01:27] [Server thread/INFO]: [CM]: loaded setting fastRedstoneDust as true from carpet.conf
[14:01:27] [Server thread/INFO]: [CM]: loaded setting rotatorBlock as true from carpet.conf
[14:01:27] [Server thread/INFO]: [CM]: loaded setting commandPlayer as true from carpet.conf
[14:01:27] [Server thread/INFO]: [CM]: loaded setting reloadSuffocationFix as true from carpet.conf
[14:01:27] [Server thread/INFO]: [CM]: loaded setting antiCheatDisabled as true from carpet.conf
[14:01:27] [Server thread/INFO]: [CM]: loaded setting commandPing as true from carpet.conf
[14:01:27] [Server thread/INFO]: [CM]: loaded setting defaultLoggers as tps,mobcaps from carpet.conf
[14:01:27] [Server thread/INFO]: [CM]: loaded setting unloadedEntityFix as true from carpet.conf
[14:01:27] [Server thread/INFO]: [CM]: loaded setting placementRotationFix as true from carpet.conf
[14:01:27] [Server thread/INFO]: [CM]: loaded setting flippinCactus as true from carpet.conf
[14:01:27] [Server thread/INFO]: [CM]: loaded setting lagFreeSpawning as true from carpet.conf
[14:01:28] [Server thread/INFO]: create world dimension: minecraft:overworld (seed: 20190827)
[14:01:28] [Server thread/INFO]: create world dimension: minecraft:the_nether (seed: 20190827)
[14:01:28] [Server thread/INFO]: create world dimension: minecraft:the_end (seed: 20190827)
[14:01:28] [Server thread/INFO]: Preparing start region for dimension minecraft:overworld
[14:01:33] [Server thread/INFO]: Preparing spawn area: 0%
[14:01:33] [Server thread/INFO]: Preparing spawn area: 0%
[14:01:33] [Server thread/INFO]: Preparing spawn area: 0%
[14:01:33] [Server thread/INFO]: Preparing spawn area: 0%
[14:01:33] [Server thread/INFO]: Preparing spawn area: 0%
[14:01:33] [Server thread/INFO]: Preparing spawn area: 0%
[14:01:33] [Server thread/INFO]: Preparing spawn area: 0%
[14:01:33] [Server thread/INFO]: Preparing spawn area: 0%
[14:01:33] [Server thread/INFO]: Preparing spawn area: 0%
[14:01:33] [Server thread/INFO]: Preparing spawn area: 0%
[14:01:34] [Server thread/INFO]: Preparing spawn area: 0%
[14:01:34] [Server thread/INFO]: Preparing spawn area: 0%
[14:01:36] [Server thread/INFO]: Time elapsed: 8056 ms
[14:01:36] [Server thread/INFO]: Done (9.065s)! For help, type "help"
[14:01:36] [Server thread/INFO]: Starting remote control listener
[14:01:36] [Server thread/INFO]: Thread RCON Listener started
[14:01:36] [Server thread/INFO]: RCON running on 0.0.0.0:796
[14:01:36] [Thread-62/INFO]: Loading BlueMap...
[14:01:37] [Thread-62/INFO]: Loading resources...
[14:01:54] [Thread-68/INFO]: WebServer started.
[14:01:54] [Thread-62/INFO]: BlueMap loaded!
[14:02:00] [Server thread/INFO]: Can only manipulate existing players
[14:02:00] [Server thread/INFO]: Can only manipulate existing players
[14:03:00] [Server thread/INFO]: Can only manipulate existing players
[14:03:00] [Server thread/INFO]: Can only manipulate existing players
[14:03:02] [Thread-66/WARN]: Got palette value 14 but palette has size of 14! (Future occasions of this error will not be logged)
[14:04:00] [Server thread/INFO]: Can only manipulate existing players
[14:04:00] [Server thread/INFO]: Can only manipulate existing players
[14:05:00] [Server thread/INFO]: Can only manipulate existing players
[14:05:00] [Server thread/INFO]: Can only manipulate existing players
[14:06:00] [Server thread/INFO]: Can only manipulate existing players
[14:06:00] [Server thread/INFO]: Can only manipulate existing players
[14:07:00] [Server thread/INFO]: Can only manipulate existing players
[14:07:00] [Server thread/INFO]: Can only manipulate existing players
[14:08:00] [Server thread/INFO]: Can only manipulate existing players
[14:08:00] [Server thread/INFO]: Can only manipulate existing players
[14:09:00] [Server thread/INFO]: Can only manipulate existing players
[14:09:00] [Server thread/INFO]: Can only manipulate existing players
[14:10:00] [Server thread/INFO]: Can only manipulate existing players
[14:10:00] [Server thread/INFO]: Can only manipulate existing players
[14:10:00] [Server thread/INFO]: shuijiao[local] logged in with entity id 107 at (-41.5, 62.0, 240.5)
[14:10:00] [Server thread/INFO]: shuijiao joined the game
[14:10:00] [Thread-77/INFO]: [STDERR]: java.lang.NullPointerException
[14:10:00] [Thread-77/INFO]: [STDERR]: 	at de.bluecolored.bluemap.common.plugin.skins.PlayerSkin.readTextureUrl(PlayerSkin.java:146)
[14:10:00] [Thread-77/INFO]: [STDERR]: 	at de.bluecolored.bluemap.common.plugin.skins.PlayerSkin.lambda$loadSkin$1(PlayerSkin.java:108)
[14:10:00] [Thread-77/INFO]: [STDERR]: 	at java.lang.Thread.run(Thread.java:748)
[14:12:16] [Server thread/INFO]: Stopping the server
[14:12:16] [Server thread/INFO]: Unknown or incomplete command, see below for error
[14:12:16] [Server thread/INFO]: end<--[HERE]
[14:12:16] [Server thread/INFO]: Unknown or incomplete command, see below for error
[14:12:16] [Server thread/INFO]: exit<--[HERE]
[14:12:16] [Thread-68/INFO]: WebServer closed.
[14:12:16] [Server thread/INFO]: BlueMap unloaded!
[14:12:16] [Server thread/INFO]: Stopping server
[14:12:16] [Server thread/INFO]: Saving players
[14:12:16] [Server thread/INFO]: Saving worlds
[14:12:16] [Server thread/INFO]: Saving chunks for level 'ServerLevel[world]'/minecraft:overworld
[14:12:16] [Server thread/INFO]: ThreadedAnvilChunkStorage (world): All chunks are saved
[14:12:16] [Server thread/INFO]: Saving chunks for level 'ServerLevel[world]'/minecraft:the_nether
[14:12:16] [Server thread/INFO]: ThreadedAnvilChunkStorage (DIM-1): All chunks are saved
[14:12:16] [Server thread/INFO]: Saving chunks for level 'ServerLevel[world]'/minecraft:the_end
[14:12:16] [Server thread/INFO]: ThreadedAnvilChunkStorage (DIM1): All chunks are saved
[14:12:16] [Server thread/INFO]: ThreadedAnvilChunkStorage (world): All chunks are saved
[14:12:16] [Server thread/INFO]: ThreadedAnvilChunkStorage (DIM-1): All chunks are saved
[14:12:16] [Server thread/INFO]: ThreadedAnvilChunkStorage (DIM1): All chunks are saved
[14:12:16] [Server thread/INFO]: [Textile Backup] Backup started by: Server Shutdown on: 2020-08-30_14-12-16
[14:12:16] [Server thread/INFO]: [Textile Backup] Starting backup
[14:12:36] [Server thread/INFO]: [Textile Backup] Deleting: 2020-08-29_23-09-09.zip
[14:12:36] [Server thread/INFO]: [Textile Backup] Done!
[14:12:36] [Server thread/INFO]: Thread RCON Listener stopped
