[00:00:11] [Server thread/WARN]: Can't keep up! Is the server overloaded? Running 10157ms or 203 ticks behind
[00:00:37] [Server thread/WARN]: Can't keep up! Is the server overloaded? Running 10728ms or 214 ticks behind
[00:01:05] [Server thread/WARN]: Can't keep up! Is the server overloaded? Running 13097ms or 261 ticks behind
[00:01:29] [Server thread/WARN]: Can't keep up! Is the server overloaded? Running 9766ms or 195 ticks behind
[00:01:56] [Server thread/WARN]: Can't keep up! Is the server overloaded? Running 11430ms or 228 ticks behind
[00:02:21] [Server thread/WARN]: Can't keep up! Is the server overloaded? Running 10141ms or 202 ticks behind
[00:02:47] [Server thread/WARN]: Can't keep up! Is the server overloaded? Running 11360ms or 227 ticks behind
[00:03:11] [Server thread/WARN]: Can't keep up! Is the server overloaded? Running 8536ms or 170 ticks behind
[00:03:33] [Server thread/WARN]: Can't keep up! Is the server overloaded? Running 7699ms or 153 ticks behind
[00:03:57] [Server thread/WARN]: Can't keep up! Is the server overloaded? Running 8724ms or 174 ticks behind
[00:04:10] [Server thread/INFO]: <na2hco3_CN> 唔
[00:04:20] [Server thread/WARN]: Can't keep up! Is the server overloaded? Running 8158ms or 163 ticks behind
[00:04:39] [Server thread/INFO]: <na2hco3_CN> 我还以为能去隔壁家捡点宝贝
[00:04:41] [Server thread/WARN]: Can't keep up! Is the server overloaded? Running 6239ms or 124 ticks behind
[00:04:50] [Server thread/INFO]: <na2hco3_CN> 结果全是杂物
[00:05:05] [Server thread/WARN]: Can't keep up! Is the server overloaded? Running 8984ms or 179 ticks behind
[00:05:06] [Server thread/INFO]: <xiaolouQAQ> ===
[00:05:26] [Server thread/WARN]: Can't keep up! Is the server overloaded? Running 6135ms or 122 ticks behind
[00:05:37] [Server thread/INFO]: <na2hco3_CN> 跟被人添了的空投似的
[00:05:48] [Server thread/INFO]: <xiaolouQAQ> 形象
[00:06:05] [Server thread/WARN]: Can't keep up! Is the server overloaded? Running 24076ms or 481 ticks behind
[00:06:28] [Server thread/WARN]: Can't keep up! Is the server overloaded? Running 8008ms or 160 ticks behind
[00:06:53] [Server thread/WARN]: Can't keep up! Is the server overloaded? Running 9101ms or 182 ticks behind
[00:07:12] [Server thread/WARN]: Can't keep up! Is the server overloaded? Running 4885ms or 97 ticks behind
[00:07:35] [Server thread/WARN]: Can't keep up! Is the server overloaded? Running 7598ms or 151 ticks behind
[00:07:59] [Server thread/WARN]: Can't keep up! Is the server overloaded? Running 9327ms or 186 ticks behind
[00:08:07] [Server thread/WARN]: 野外捡的 (vehicle of na2hco3_CN) moved wrongly! 0.29891367240065847
[00:08:24] [Server thread/INFO]: <na2hco3_CN> 腐竹在干啥
[00:08:25] [Server thread/WARN]: Can't keep up! Is the server overloaded? Running 10994ms or 219 ticks behind
[00:08:40] [Server thread/INFO]: <MAX_XiaoKui> 找replaymod
[00:08:48] [Server thread/WARN]: Can't keep up! Is the server overloaded? Running 7842ms or 156 ticks behind
[00:09:10] [Server thread/WARN]: Can't keep up! Is the server overloaded? Running 6883ms or 137 ticks behind
[00:09:22] [Server thread/INFO]: <na2hco3_CN> 这巨大的传送门干啥的
[00:09:30] [Server thread/WARN]: Can't keep up! Is the server overloaded? Running 5305ms or 106 ticks behind
[00:09:51] [Server thread/WARN]: Can't keep up! Is the server overloaded? Running 5561ms or 111 ticks behind
[00:10:00] [Server thread/INFO]: <na2hco3_CN> 废了么
[00:10:11] [Server thread/WARN]: Can't keep up! Is the server overloaded? Running 5165ms or 103 ticks behind
[00:10:30] [Server thread/WARN]: Can't keep up! Is the server overloaded? Running 4101ms or 82 ticks behind
[00:10:49] [Server thread/WARN]: Can't keep up! Is the server overloaded? Running 3753ms or 75 ticks behind
[00:11:11] [Server thread/WARN]: Can't keep up! Is the server overloaded? Running 6900ms or 138 ticks behind
[00:11:32] [Server thread/WARN]: Can't keep up! Is the server overloaded? Running 6599ms or 131 ticks behind
[00:11:53] [Server thread/WARN]: Can't keep up! Is the server overloaded? Running 6272ms or 125 ticks behind
[00:12:07] [Server thread/INFO]: <na2hco3_CN> 吐了
[00:12:09] [Server thread/INFO]: <na2hco3_CN> 不少
[00:12:11] [Server thread/INFO]: <na2hco3_CN> 不少
[00:12:14] [Server thread/INFO]: <na2hco3_CN> 边是
[00:12:15] [Server thread/WARN]: Can't keep up! Is the server overloaded? Running 6602ms or 132 ticks behind
[00:12:16] [Server thread/INFO]: <na2hco3_CN> 啊啊啊
[00:12:26] [Server thread/INFO]: <na2hco3_CN> 手欠打了
[00:12:32] [Server thread/INFO]: <na2hco3_CN> 退了
[00:12:36] [Server thread/INFO]: <na2hco3_CN> 睡觉去了
[00:12:37] [Server thread/WARN]: Can't keep up! Is the server overloaded? Running 6880ms or 137 ticks behind
[00:12:44] [Server thread/INFO]: <na2hco3_CN> 拜拜
[00:12:46] [Server thread/INFO]: na2hco3_CN lost connection: Disconnected
[00:12:46] [Server thread/INFO]: na2hco3_CN left the game
[00:12:46] [Server thread/INFO]: <xiaolouQAQ> 88
[00:12:55] [Server thread/WARN]: Can't keep up! Is the server overloaded? Running 3423ms or 68 ticks behind
[00:13:21] [Server thread/WARN]: Can't keep up! Is the server overloaded? Running 10356ms or 207 ticks behind
[00:14:01] [Server thread/WARN]: Can't keep up! Is the server overloaded? Running 2010ms or 40 ticks behind
[00:15:50] [Server thread/WARN]: Can't keep up! Is the server overloaded? Running 2126ms or 42 ticks behind
[00:16:08] [Server thread/WARN]: Can't keep up! Is the server overloaded? Running 2935ms or 58 ticks behind
[00:16:27] [Server thread/WARN]: Can't keep up! Is the server overloaded? Running 3575ms or 71 ticks behind
[00:16:37] [Server thread/INFO]: <MAX_XiaoKui> 咋不在语音了
[00:16:45] [Server thread/WARN]: Can't keep up! Is the server overloaded? Running 3692ms or 73 ticks behind
[00:16:46] [Server thread/INFO]: <xiaolouQAQ> 没人讲话==
[00:17:03] [Server thread/WARN]: Can't keep up! Is the server overloaded? Running 2172ms or 43 ticks behind
[00:17:21] [Server thread/WARN]: Can't keep up! Is the server overloaded? Running 3806ms or 76 ticks behind
[00:17:38] [Server thread/WARN]: Can't keep up! Is the server overloaded? Running 2059ms or 41 ticks behind
[00:17:56] [Server thread/WARN]: Can't keep up! Is the server overloaded? Running 2833ms or 56 ticks behind
[00:18:15] [Server thread/WARN]: Can't keep up! Is the server overloaded? Running 3723ms or 74 ticks behind
[00:18:33] [Server thread/WARN]: Can't keep up! Is the server overloaded? Running 3268ms or 65 ticks behind
[00:18:58] [Server thread/WARN]: Can't keep up! Is the server overloaded? Running 9547ms or 190 ticks behind
[00:19:18] [Server thread/WARN]: Can't keep up! Is the server overloaded? Running 4945ms or 98 ticks behind
[00:19:38] [Server thread/WARN]: Can't keep up! Is the server overloaded? Running 5151ms or 103 ticks behind
[00:20:00] [Server thread/WARN]: Can't keep up! Is the server overloaded? Running 7539ms or 150 ticks behind
[00:20:24] [Server thread/WARN]: Can't keep up! Is the server overloaded? Running 8444ms or 168 ticks behind
[00:20:47] [Server thread/WARN]: Can't keep up! Is the server overloaded? Running 8010ms or 160 ticks behind
[00:21:13] [Server thread/WARN]: Can't keep up! Is the server overloaded? Running 11056ms or 221 ticks behind
[00:21:43] [Server thread/WARN]: Can't keep up! Is the server overloaded? Running 15587ms or 311 ticks behind
[00:22:12] [Server thread/WARN]: Can't keep up! Is the server overloaded? Running 14218ms or 284 ticks behind
[00:22:14] [Server thread/INFO]: <MAX_XiaoKui> 在干啥呢
[00:22:24] [Server thread/INFO]: <xiaolouQAQ> 分物品
[00:22:28] [Server thread/INFO]: <MAX_XiaoKui> o
[00:22:43] [Server thread/WARN]: Can't keep up! Is the server overloaded? Running 15291ms or 305 ticks behind
[00:23:00] [Server thread/INFO]: <xiaolouQAQ> 我先下了
[00:23:04] [Server thread/INFO]: <xiaolouQAQ> 太晚了
[00:23:07] [Server thread/INFO]: <xiaolouQAQ> 88
[00:23:11] [Server thread/INFO]: <MAX_XiaoKui> 88
[00:23:12] [Server thread/WARN]: Can't keep up! Is the server overloaded? Running 13849ms or 276 ticks behind
[00:23:14] [Server thread/INFO]: xiaolouQAQ lost connection: Disconnected
[00:23:14] [Server thread/INFO]: xiaolouQAQ left the game
[00:25:37] [Server thread/WARN]: Can't keep up! Is the server overloaded? Running 2413ms or 48 ticks behind
[00:27:19] [Server thread/WARN]: Can't keep up! Is the server overloaded? Running 2308ms or 46 ticks behind
[00:32:41] [Server thread/INFO]: Backup started by: SERVER on: 2020-07-08_00-32-41
[00:32:41] [Server thread/INFO]: Saving server...
[00:32:42] [Server thread/INFO]: ThreadedAnvilChunkStorage (world): All chunks are saved
[00:32:42] [Server thread/INFO]: ThreadedAnvilChunkStorage (DIM-1): All chunks are saved
[00:32:42] [Server thread/INFO]: ThreadedAnvilChunkStorage (DIM1): All chunks are saved
[00:32:43] [Thread-756/INFO]: Starting backup
[00:32:43] [Thread-756/INFO]: Starting compression...
[00:32:56] [Server thread/WARN]: Can't keep up! Is the server overloaded? Running 2076ms or 41 ticks behind
[00:33:14] [Thread-756/INFO]: Compression took: 31.5750249s
[00:33:14] [Thread-756/INFO]: Deleting: 2020-07-07_11-35-14.zip
[00:33:20] [Thread-756/INFO]: Done!
[00:36:11] [Server thread/INFO]: <MAX_XiaoKui> en
[00:40:01] [Server thread/INFO]: <MAX_XiaoKui> 主要是那个。玩加128格之外。他就不耍鬼。然后我这边还70几个怪，我感觉就有点问题。
[00:43:07] [Server thread/INFO]: MAX_XiaoKui lost connection: Disconnected
[00:43:07] [Server thread/INFO]: MAX_XiaoKui left the game
[00:44:11] [Server thread/WARN]: Can't keep up! Is the server overloaded? Running 2354ms or 47 ticks behind
[00:44:48] [Server thread/WARN]: Can't keep up! Is the server overloaded? Running 2116ms or 42 ticks behind
[00:45:23] [Server thread/INFO]: MAX_XiaoKui[/127.0.0.1:58656] logged in with entity id 225573 at (-569.990821923318, 72.0, 1196.8249593598166)
[00:45:23] [Server thread/INFO]: MAX_XiaoKui joined the game
[00:45:24] [Netty Server IO #1/WARN]: Received invalid identifier in minecraft:register: legacy:fml|hs (Non [a-z0-9/._-] character in path of location: legacy:fml|hs)
[00:45:34] [Netty Server IO #1/INFO]: Player MAX_XiaoKui joined with a matching carpet client
[01:11:46] [Server thread/WARN]: Can't keep up! Is the server overloaded? Running 2549ms or 50 ticks behind
[01:12:23] [Server thread/WARN]: Can't keep up! Is the server overloaded? Running 2519ms or 50 ticks behind
[01:13:21] [Server thread/WARN]: Can't keep up! Is the server overloaded? Running 2067ms or 41 ticks behind
[01:13:42] [Server thread/WARN]: Can't keep up! Is the server overloaded? Running 2061ms or 41 ticks behind
[01:14:57] [Server thread/INFO]: extclp[/127.0.0.1:59312] logged in with entity id 231244 at (-396.11420606337975, 69.52597239618467, 500.26561167533856)
[01:14:57] [Netty Server IO #0/WARN]: Received invalid identifier in minecraft:register: legacy:fml|hs (Non [a-z0-9/._-] character in path of location: legacy:fml|hs)
[01:14:57] [Server thread/INFO]: extclp joined the game
[01:14:59] [Server thread/INFO]: extclp lost connection: Disconnected
[01:14:59] [Server thread/INFO]: extclp left the game
[01:15:00] [Server thread/WARN]: Can't keep up! Is the server overloaded? Running 3090ms or 61 ticks behind
[01:19:53] [Server thread/WARN]: Can't keep up! Is the server overloaded? Running 4571ms or 91 ticks behind
[01:23:02] [Server thread/INFO]: extclp[/127.0.0.1:59491] logged in with entity id 232817 at (-396.11420606337975, 69.52597239618467, 500.26561167533856)
[01:23:02] [Netty Server IO #1/WARN]: Received invalid identifier in minecraft:register: legacy:fml|hs (Non [a-z0-9/._-] character in path of location: legacy:fml|hs)
[01:23:02] [Server thread/INFO]: extclp joined the game
[01:23:07] [Server thread/WARN]: Can't keep up! Is the server overloaded? Running 2078ms or 41 ticks behind
[01:23:28] [Server thread/WARN]: Can't keep up! Is the server overloaded? Running 6380ms or 127 ticks behind
[01:23:46] [Server thread/WARN]: Can't keep up! Is the server overloaded? Running 3302ms or 66 ticks behind
[01:24:05] [Server thread/WARN]: Can't keep up! Is the server overloaded? Running 3338ms or 66 ticks behind
[01:24:24] [Server thread/WARN]: Can't keep up! Is the server overloaded? Running 4646ms or 92 ticks behind
[01:24:41] [Server thread/WARN]: Can't keep up! Is the server overloaded? Running 2090ms or 41 ticks behind
[01:28:17] [Server thread/INFO]: Alex[local] logged in with entity id 235084 at (-582.5545882641254, 200.5, 1185.5052001865363)
[01:28:17] [Server thread/INFO]: Alex joined the game
[01:31:27] [Server thread/WARN]: Can't keep up! Is the server overloaded? Running 3086ms or 61 ticks behind
[01:32:28] [Server thread/WARN]: Can't keep up! Is the server overloaded? Running 2161ms or 43 ticks behind
[01:32:42] [Server thread/INFO]: Backup started by: SERVER on: 2020-07-08_01-32-42
[01:32:42] [Server thread/INFO]: Saving server...
[01:32:43] [Server thread/INFO]: ThreadedAnvilChunkStorage (world): All chunks are saved
[01:32:43] [Server thread/INFO]: ThreadedAnvilChunkStorage (DIM-1): All chunks are saved
[01:32:43] [Server thread/INFO]: ThreadedAnvilChunkStorage (DIM1): All chunks are saved
[01:32:45] [Thread-796/INFO]: Starting backup
[01:32:45] [Thread-796/INFO]: Starting compression...
[01:32:47] [Server thread/WARN]: Can't keep up! Is the server overloaded? Running 3327ms or 66 ticks behind
[01:33:11] [Server thread/WARN]: Can't keep up! Is the server overloaded? Running 9542ms or 190 ticks behind
[01:33:18] [Thread-796/INFO]: Compression took: 33.3458433s
[01:33:18] [Thread-796/INFO]: Deleting: 2020-07-07_12-35-17.zip
[01:33:18] [Thread-796/INFO]: Done!
[01:34:57] [Server thread/INFO]: Alex lost connection: Killed
[01:34:57] [Server thread/INFO]: Alex left the game
[01:36:44] [Server thread/WARN]: Can't keep up! Is the server overloaded? Running 2608ms or 52 ticks behind
[01:41:26] [Server thread/INFO]: extclp has reached the goal [Postmortal]
[01:41:47] [Server thread/WARN]: Can't keep up! Is the server overloaded? Running 2476ms or 49 ticks behind
[01:42:08] [Server thread/INFO]: [extclp: Current tps is: 40.0]
[01:42:14] [Server thread/INFO]: [extclp: Current tps is: 60.0]
[01:42:16] [Server thread/WARN]: Can't keep up! Is the server overloaded? Running 1398ms or 87 ticks behind
[01:42:37] [Server thread/WARN]: Can't keep up! Is the server overloaded? Running 9279ms or 579 ticks behind
[01:42:59] [Server thread/WARN]: Can't keep up! Is the server overloaded? Running 10715ms or 669 ticks behind
[01:43:21] [Server thread/WARN]: Can't keep up! Is the server overloaded? Running 10142ms or 633 ticks behind
[01:43:42] [Server thread/WARN]: Can't keep up! Is the server overloaded? Running 9433ms or 589 ticks behind
[01:44:11] [Server thread/WARN]: Can't keep up! Is the server overloaded? Running 17351ms or 1084 ticks behind
[01:44:32] [Server thread/WARN]: Can't keep up! Is the server overloaded? Running 9663ms or 603 ticks behind
[01:44:54] [Server thread/WARN]: Can't keep up! Is the server overloaded? Running 10574ms or 660 ticks behind
[01:45:19] [Server thread/WARN]: Can't keep up! Is the server overloaded? Running 13059ms or 816 ticks behind
[01:45:42] [Server thread/WARN]: Can't keep up! Is the server overloaded? Running 11302ms or 706 ticks behind
[01:46:04] [Server thread/WARN]: Can't keep up! Is the server overloaded? Running 10411ms or 650 ticks behind
[01:46:24] [Server thread/INFO]: extclp lost connection: Disconnected
[01:46:24] [Server thread/INFO]: extclp left the game
[01:46:26] [Server thread/WARN]: Can't keep up! Is the server overloaded? Running 10956ms or 684 ticks behind
[01:46:44] [Server thread/WARN]: Can't keep up! Is the server overloaded? Running 6007ms or 375 ticks behind
[01:47:02] [Server thread/WARN]: Can't keep up! Is the server overloaded? Running 6751ms or 421 ticks behind
[01:47:20] [Server thread/WARN]: Can't keep up! Is the server overloaded? Running 6776ms or 423 ticks behind
[01:47:37] [Server thread/WARN]: Can't keep up! Is the server overloaded? Running 5425ms or 339 ticks behind
[01:47:57] [Server thread/WARN]: Can't keep up! Is the server overloaded? Running 7974ms or 498 ticks behind
[01:48:14] [Server thread/WARN]: Can't keep up! Is the server overloaded? Running 5231ms or 326 ticks behind
[01:48:31] [Server thread/WARN]: Can't keep up! Is the server overloaded? Running 5415ms or 338 ticks behind
[01:48:47] [Server thread/WARN]: Can't keep up! Is the server overloaded? Running 4433ms or 277 ticks behind
[01:49:05] [Server thread/WARN]: Can't keep up! Is the server overloaded? Running 6144ms or 384 ticks behind
[01:49:22] [Server thread/WARN]: Can't keep up! Is the server overloaded? Running 5638ms or 352 ticks behind
[01:49:40] [Server thread/WARN]: Can't keep up! Is the server overloaded? Running 6269ms or 391 ticks behind
[01:49:56] [Server thread/WARN]: Can't keep up! Is the server overloaded? Running 4989ms or 311 ticks behind
[01:50:15] [Server thread/WARN]: Can't keep up! Is the server overloaded? Running 7018ms or 438 ticks behind
[01:50:32] [Server thread/WARN]: Can't keep up! Is the server overloaded? Running 5636ms or 352 ticks behind
[01:50:49] [Server thread/WARN]: Can't keep up! Is the server overloaded? Running 4772ms or 298 ticks behind
[01:51:07] [Server thread/WARN]: Can't keep up! Is the server overloaded? Running 6613ms or 413 ticks behind
[01:51:24] [Server thread/WARN]: Can't keep up! Is the server overloaded? Running 5798ms or 362 ticks behind
[01:51:43] [Server thread/WARN]: Can't keep up! Is the server overloaded? Running 6899ms or 431 ticks behind
[01:52:00] [Server thread/WARN]: Can't keep up! Is the server overloaded? Running 5804ms or 362 ticks behind
[01:52:17] [Server thread/WARN]: Can't keep up! Is the server overloaded? Running 5243ms or 327 ticks behind
[01:52:34] [Server thread/WARN]: Can't keep up! Is the server overloaded? Running 5697ms or 356 ticks behind
[01:52:52] [Server thread/WARN]: Can't keep up! Is the server overloaded? Running 6579ms or 411 ticks behind
[01:53:09] [Server thread/WARN]: Can't keep up! Is the server overloaded? Running 5233ms or 327 ticks behind
[01:53:27] [Server thread/WARN]: Can't keep up! Is the server overloaded? Running 5913ms or 369 ticks behind
[01:53:44] [Server thread/WARN]: Can't keep up! Is the server overloaded? Running 5846ms or 365 ticks behind
[01:53:59] [Server thread/WARN]: Can't keep up! Is the server overloaded? Running 3817ms or 238 ticks behind
[01:54:16] [Server thread/WARN]: Can't keep up! Is the server overloaded? Running 5301ms or 331 ticks behind
[01:54:32] [Server thread/WARN]: Can't keep up! Is the server overloaded? Running 3912ms or 244 ticks behind
[01:54:51] [Server thread/WARN]: Can't keep up! Is the server overloaded? Running 7993ms or 499 ticks behind
[01:55:10] [Server thread/WARN]: Can't keep up! Is the server overloaded? Running 7262ms or 453 ticks behind
[01:55:27] [Server thread/WARN]: Can't keep up! Is the server overloaded? Running 4816ms or 301 ticks behind
[01:55:45] [Server thread/WARN]: Can't keep up! Is the server overloaded? Running 6406ms or 400 ticks behind
[01:56:01] [Server thread/WARN]: Can't keep up! Is the server overloaded? Running 4202ms or 262 ticks behind
[01:56:07] [Server thread/INFO]: extclp[/127.0.0.1:60207] logged in with entity id 243686 at (-578.38364863423, 200.5, 1188.2839450998465)
[01:56:07] [Netty Server IO #1/WARN]: Received invalid identifier in minecraft:register: legacy:fml|hs (Non [a-z0-9/._-] character in path of location: legacy:fml|hs)
[01:56:07] [Server thread/INFO]: extclp joined the game
[01:56:07] [Server thread/INFO]: extclp lost connection: Disconnected
[01:56:07] [Server thread/INFO]: extclp left the game
[01:56:11] [Server thread/INFO]: extclp[/127.0.0.1:60210] logged in with entity id 243690 at (-578.38364863423, 200.5, 1188.2839450998465)
[01:56:11] [Netty Server IO #1/WARN]: Received invalid identifier in minecraft:register: legacy:fml|hs (Non [a-z0-9/._-] character in path of location: legacy:fml|hs)
[01:56:11] [Server thread/INFO]: extclp joined the game
[01:56:22] [Server thread/WARN]: Can't keep up! Is the server overloaded? Running 10201ms or 637 ticks behind
[01:56:41] [Server thread/WARN]: Can't keep up! Is the server overloaded? Running 6800ms or 425 ticks behind
[01:57:02] [Server thread/WARN]: Can't keep up! Is the server overloaded? Running 10015ms or 625 ticks behind
[01:57:29] [Server thread/WARN]: Can't keep up! Is the server overloaded? Running 15030ms or 939 ticks behind
[01:58:01] [Server thread/WARN]: Can't keep up! Is the server overloaded? Running 20963ms or 1310 ticks behind
[01:58:27] [Server thread/WARN]: Can't keep up! Is the server overloaded? Running 14325ms or 895 ticks behind
[01:58:48] [Server thread/WARN]: Can't keep up! Is the server overloaded? Running 9480ms or 592 ticks behind
[01:59:07] [Server thread/WARN]: Can't keep up! Is the server overloaded? Running 6482ms or 405 ticks behind
[01:59:26] [Server thread/WARN]: Can't keep up! Is the server overloaded? Running 8233ms or 514 ticks behind
[01:59:47] [Server thread/WARN]: Can't keep up! Is the server overloaded? Running 8767ms or 547 ticks behind
[01:59:49] [Server thread/INFO]: extclp lost connection: Disconnected
[01:59:49] [Server thread/INFO]: extclp left the game
[02:00:06] [Server thread/WARN]: Can't keep up! Is the server overloaded? Running 7796ms or 487 ticks behind
[02:00:22] [Server thread/WARN]: Can't keep up! Is the server overloaded? Running 4024ms or 251 ticks behind
[02:00:40] [Server thread/WARN]: Can't keep up! Is the server overloaded? Running 6221ms or 388 ticks behind
[02:00:57] [Server thread/WARN]: Can't keep up! Is the server overloaded? Running 5547ms or 346 ticks behind
[02:01:14] [Server thread/WARN]: Can't keep up! Is the server overloaded? Running 5384ms or 336 ticks behind
[02:01:31] [Server thread/WARN]: Can't keep up! Is the server overloaded? Running 5606ms or 350 ticks behind
[02:01:48] [Server thread/WARN]: Can't keep up! Is the server overloaded? Running 5190ms or 324 ticks behind
[02:02:06] [Server thread/WARN]: Can't keep up! Is the server overloaded? Running 6576ms or 411 ticks behind
[02:02:22] [Server thread/WARN]: Can't keep up! Is the server overloaded? Running 4855ms or 303 ticks behind
[02:02:39] [Server thread/WARN]: Can't keep up! Is the server overloaded? Running 5261ms or 328 ticks behind
[02:02:55] [Server thread/WARN]: Can't keep up! Is the server overloaded? Running 4594ms or 287 ticks behind
[02:03:13] [Server thread/WARN]: Can't keep up! Is the server overloaded? Running 6504ms or 406 ticks behind
[02:03:30] [Server thread/WARN]: Can't keep up! Is the server overloaded? Running 5367ms or 335 ticks behind
[02:03:47] [Server thread/WARN]: Can't keep up! Is the server overloaded? Running 5400ms or 337 ticks behind
[02:04:04] [Server thread/WARN]: Can't keep up! Is the server overloaded? Running 5194ms or 324 ticks behind
[02:04:20] [Server thread/WARN]: Can't keep up! Is the server overloaded? Running 4013ms or 250 ticks behind
[02:04:36] [Server thread/WARN]: Can't keep up! Is the server overloaded? Running 5161ms or 322 ticks behind
[02:04:49] [Server thread/INFO]: Alex[local] logged in with entity id 246448 at (-579.51, 201.15, 1186.0)
[02:04:49] [Server thread/INFO]: Alex joined the game
[02:04:53] [Server thread/WARN]: Can't keep up! Is the server overloaded? Running 4987ms or 311 ticks behind
[02:05:10] [Server thread/WARN]: Can't keep up! Is the server overloaded? Running 5212ms or 325 ticks behind
[02:05:29] [Server thread/WARN]: Can't keep up! Is the server overloaded? Running 8052ms or 503 ticks behind
[02:05:47] [Server thread/WARN]: Can't keep up! Is the server overloaded? Running 5781ms or 361 ticks behind
[02:06:04] [Server thread/WARN]: Can't keep up! Is the server overloaded? Running 5162ms or 322 ticks behind
[02:06:19] [Server thread/WARN]: Can't keep up! Is the server overloaded? Running 4105ms or 256 ticks behind
[02:06:37] [Server thread/WARN]: Can't keep up! Is the server overloaded? Running 5959ms or 372 ticks behind
[02:06:54] [Server thread/WARN]: Can't keep up! Is the server overloaded? Running 5923ms or 370 ticks behind
[02:07:13] [Server thread/WARN]: Can't keep up! Is the server overloaded? Running 7063ms or 441 ticks behind
[02:07:31] [Server thread/WARN]: Can't keep up! Is the server overloaded? Running 6298ms or 393 ticks behind
[02:07:51] [Server thread/WARN]: Can't keep up! Is the server overloaded? Running 8449ms or 528 ticks behind
[02:07:51] [Server thread/INFO]: [MAX_XiaoKui: Player Alex is already logged on]
[02:08:05] [Server thread/WARN]: Fetching packet for removed entity class_1542['Air'/247596, l='ServerLevel[world]', x=-591.68, y=73.00, z=1185.50]
[02:08:05] [Server thread/WARN]: Fetching packet for removed entity class_1542['Air'/247596, l='ServerLevel[world]', x=-591.68, y=73.00, z=1185.50]
[02:08:08] [Server thread/WARN]: Can't keep up! Is the server overloaded? Running 5695ms or 355 ticks behind
[02:08:27] [Server thread/WARN]: Can't keep up! Is the server overloaded? Running 6762ms or 422 ticks behind
[02:08:46] [Server thread/WARN]: Can't keep up! Is the server overloaded? Running 7339ms or 458 ticks behind
[02:09:08] [Server thread/WARN]: Can't keep up! Is the server overloaded? Running 10960ms or 685 ticks behind
[02:09:31] [Server thread/WARN]: Can't keep up! Is the server overloaded? Running 11750ms or 734 ticks behind
[02:09:55] [Server thread/WARN]: Can't keep up! Is the server overloaded? Running 11535ms or 720 ticks behind
[02:10:17] [Server thread/WARN]: Can't keep up! Is the server overloaded? Running 11030ms or 689 ticks behind
[02:10:36] [Server thread/WARN]: Can't keep up! Is the server overloaded? Running 7357ms or 459 ticks behind
[02:10:59] [Server thread/WARN]: Can't keep up! Is the server overloaded? Running 11666ms or 729 ticks behind
[02:11:20] [Server thread/WARN]: Can't keep up! Is the server overloaded? Running 8716ms or 544 ticks behind
[02:11:41] [Server thread/WARN]: Can't keep up! Is the server overloaded? Running 9640ms or 602 ticks behind
[02:12:02] [Server thread/WARN]: Can't keep up! Is the server overloaded? Running 9877ms or 617 ticks behind
[02:12:24] [Server thread/WARN]: Can't keep up! Is the server overloaded? Running 10001ms or 625 ticks behind
[02:12:44] [Server thread/WARN]: Can't keep up! Is the server overloaded? Running 8830ms or 551 ticks behind
[02:13:05] [Server thread/WARN]: Can't keep up! Is the server overloaded? Running 9058ms or 566 ticks behind
[02:13:25] [Server thread/WARN]: Can't keep up! Is the server overloaded? Running 7899ms or 493 ticks behind
[02:13:47] [Server thread/WARN]: Can't keep up! Is the server overloaded? Running 10571ms or 660 ticks behind
[02:14:07] [Server thread/WARN]: Can't keep up! Is the server overloaded? Running 8383ms or 523 ticks behind
[02:14:28] [Server thread/WARN]: Can't keep up! Is the server overloaded? Running 9956ms or 622 ticks behind
[02:14:49] [Server thread/WARN]: Can't keep up! Is the server overloaded? Running 9674ms or 604 ticks behind
[02:15:09] [Server thread/WARN]: Can't keep up! Is the server overloaded? Running 8113ms or 507 ticks behind
[02:15:27] [Server thread/WARN]: Can't keep up! Is the server overloaded? Running 6723ms or 420 ticks behind
[02:15:48] [Server thread/WARN]: Can't keep up! Is the server overloaded? Running 8560ms or 535 ticks behind
[02:16:07] [Server thread/WARN]: Can't keep up! Is the server overloaded? Running 8008ms or 500 ticks behind
[02:16:28] [Server thread/WARN]: Can't keep up! Is the server overloaded? Running 8746ms or 546 ticks behind
[02:16:46] [Server thread/WARN]: Can't keep up! Is the server overloaded? Running 6465ms or 404 ticks behind
[02:17:05] [Server thread/WARN]: Can't keep up! Is the server overloaded? Running 7491ms or 468 ticks behind
[02:17:22] [Server thread/WARN]: Can't keep up! Is the server overloaded? Running 5570ms or 348 ticks behind
[02:17:39] [Server thread/WARN]: Can't keep up! Is the server overloaded? Running 5058ms or 316 ticks behind
[02:17:56] [Server thread/WARN]: Can't keep up! Is the server overloaded? Running 5721ms or 357 ticks behind
[02:18:12] [Server thread/WARN]: Can't keep up! Is the server overloaded? Running 4598ms or 287 ticks behind
[02:18:28] [Server thread/WARN]: Can't keep up! Is the server overloaded? Running 4312ms or 269 ticks behind
[02:18:48] [Server thread/WARN]: Can't keep up! Is the server overloaded? Running 8717ms or 544 ticks behind
[02:19:07] [Server thread/WARN]: Can't keep up! Is the server overloaded? Running 6835ms or 427 ticks behind
[02:19:25] [Server thread/WARN]: Can't keep up! Is the server overloaded? Running 7019ms or 438 ticks behind
[02:19:43] [Server thread/WARN]: Can't keep up! Is the server overloaded? Running 6091ms or 380 ticks behind
[02:20:02] [Server thread/WARN]: Can't keep up! Is the server overloaded? Running 7630ms or 476 ticks behind
[02:20:20] [Server thread/WARN]: Can't keep up! Is the server overloaded? Running 6511ms or 406 ticks behind
[02:20:39] [Server thread/WARN]: Can't keep up! Is the server overloaded? Running 6624ms or 414 ticks behind
[02:20:56] [Server thread/WARN]: Can't keep up! Is the server overloaded? Running 5585ms or 349 ticks behind
[02:21:14] [Server thread/WARN]: Can't keep up! Is the server overloaded? Running 6961ms or 435 ticks behind
[02:21:33] [Server thread/WARN]: Can't keep up! Is the server overloaded? Running 7430ms or 464 ticks behind
[02:21:51] [Server thread/WARN]: Can't keep up! Is the server overloaded? Running 6034ms or 377 ticks behind
[02:22:09] [Server thread/WARN]: Can't keep up! Is the server overloaded? Running 6626ms or 414 ticks behind
[02:22:27] [Server thread/WARN]: Can't keep up! Is the server overloaded? Running 6676ms or 417 ticks behind
[02:22:46] [Server thread/WARN]: Can't keep up! Is the server overloaded? Running 6559ms or 409 ticks behind
[02:23:04] [Server thread/WARN]: Can't keep up! Is the server overloaded? Running 7297ms or 456 ticks behind
[02:23:23] [Server thread/WARN]: Can't keep up! Is the server overloaded? Running 7355ms or 459 ticks behind
[02:23:42] [Server thread/WARN]: Can't keep up! Is the server overloaded? Running 6752ms or 422 ticks behind
[02:24:01] [Server thread/WARN]: Can't keep up! Is the server overloaded? Running 8079ms or 504 ticks behind
[02:24:19] [Server thread/WARN]: Can't keep up! Is the server overloaded? Running 6074ms or 379 ticks behind
[02:24:37] [Server thread/WARN]: Can't keep up! Is the server overloaded? Running 6344ms or 396 ticks behind
[02:24:54] [Server thread/WARN]: Can't keep up! Is the server overloaded? Running 5292ms or 330 ticks behind
[02:25:13] [Server thread/WARN]: Can't keep up! Is the server overloaded? Running 7424ms or 464 ticks behind
[02:25:31] [Server thread/WARN]: Can't keep up! Is the server overloaded? Running 6870ms or 429 ticks behind
[02:25:49] [Server thread/WARN]: Can't keep up! Is the server overloaded? Running 5725ms or 357 ticks behind
[02:26:06] [Server thread/WARN]: Can't keep up! Is the server overloaded? Running 6155ms or 384 ticks behind
[02:26:28] [Server thread/WARN]: Can't keep up! Is the server overloaded? Running 9659ms or 603 ticks behind
[02:26:51] [Server thread/WARN]: Can't keep up! Is the server overloaded? Running 11639ms or 727 ticks behind
[02:27:13] [Server thread/WARN]: Can't keep up! Is the server overloaded? Running 10713ms or 669 ticks behind
[02:27:31] [Server thread/WARN]: Can't keep up! Is the server overloaded? Running 6184ms or 386 ticks behind
[02:27:49] [Server thread/WARN]: Can't keep up! Is the server overloaded? Running 6042ms or 377 ticks behind
[02:28:06] [Server thread/WARN]: Can't keep up! Is the server overloaded? Running 5654ms or 353 ticks behind
[02:28:24] [Server thread/WARN]: Can't keep up! Is the server overloaded? Running 6286ms or 392 ticks behind
[02:28:43] [Server thread/WARN]: Can't keep up! Is the server overloaded? Running 7752ms or 484 ticks behind
[02:29:04] [Server thread/WARN]: Can't keep up! Is the server overloaded? Running 9536ms or 596 ticks behind
[02:29:26] [Server thread/WARN]: Can't keep up! Is the server overloaded? Running 9785ms or 611 ticks behind
[02:29:45] [Server thread/WARN]: Can't keep up! Is the server overloaded? Running 7713ms or 482 ticks behind
[02:30:03] [Server thread/WARN]: Can't keep up! Is the server overloaded? Running 6962ms or 435 ticks behind
[02:30:21] [Server thread/WARN]: Can't keep up! Is the server overloaded? Running 6228ms or 389 ticks behind
[02:30:39] [Server thread/WARN]: Can't keep up! Is the server overloaded? Running 6550ms or 409 ticks behind
[02:30:58] [Server thread/WARN]: Can't keep up! Is the server overloaded? Running 6701ms or 418 ticks behind
[02:31:15] [Server thread/WARN]: Can't keep up! Is the server overloaded? Running 5926ms or 370 ticks behind
[02:31:33] [Server thread/WARN]: Can't keep up! Is the server overloaded? Running 6596ms or 412 ticks behind
[02:31:54] [Server thread/WARN]: Can't keep up! Is the server overloaded? Running 9364ms or 585 ticks behind
[02:32:14] [Server thread/WARN]: Can't keep up! Is the server overloaded? Running 8109ms or 506 ticks behind
[02:32:33] [Server thread/WARN]: Can't keep up! Is the server overloaded? Running 7063ms or 441 ticks behind
[02:32:45] [Server thread/INFO]: Backup started by: SERVER on: 2020-07-08_02-32-45
[02:32:45] [Server thread/INFO]: Saving server...
[02:32:46] [Server thread/INFO]: ThreadedAnvilChunkStorage (world): All chunks are saved
[02:32:46] [Server thread/INFO]: ThreadedAnvilChunkStorage (DIM-1): All chunks are saved
[02:32:46] [Server thread/INFO]: ThreadedAnvilChunkStorage (DIM1): All chunks are saved
[02:32:47] [Thread-851/INFO]: Starting backup
[02:32:47] [Thread-851/INFO]: Starting compression...
[02:32:57] [Server thread/WARN]: Can't keep up! Is the server overloaded? Running 12176ms or 761 ticks behind
[02:33:13] [Thread-851/INFO]: Compression took: 26.3894623s
[02:33:13] [Thread-851/INFO]: Deleting: 2020-07-07_13-35-17.zip
[02:33:13] [Thread-851/INFO]: Done!
[02:33:24] [Server thread/WARN]: Can't keep up! Is the server overloaded? Running 15908ms or 994 ticks behind
[02:33:43] [Server thread/WARN]: Can't keep up! Is the server overloaded? Running 7641ms or 477 ticks behind
[02:34:02] [Server thread/WARN]: Can't keep up! Is the server overloaded? Running 7237ms or 452 ticks behind
[02:34:18] [Server thread/INFO]: Warp speed ....
[02:34:19] [Server thread/INFO]: ... Time warp completed with 17 tps, or 55.73 mspt
[02:34:34] [Server thread/INFO]: Unknown or incomplete command, see below for error
[02:34:34] [Server thread/INFO]: tick<--[HERE]
[02:34:42] [Server thread/INFO]: ... Time warp completed with 0 tps, or Infinity mspt
[02:34:42] [Server thread/INFO]: Warp interrupted
[02:34:42] [Server thread/WARN]: Can't keep up! Is the server overloaded? Running 11027ms or 689 ticks behind
[02:34:58] [Server thread/INFO]: Warp speed ....
[02:34:59] [Server thread/INFO]: ... Time warp completed with 34 tps, or 28.80 mspt
[02:35:18] [Server thread/WARN]: Can't keep up! Is the server overloaded? Running 7291ms or 455 ticks behind
[02:35:35] [Server thread/WARN]: Can't keep up! Is the server overloaded? Running 5991ms or 374 ticks behind
[02:35:53] [Server thread/WARN]: Can't keep up! Is the server overloaded? Running 5798ms or 362 ticks behind
[02:36:09] [Server thread/WARN]: Can't keep up! Is the server overloaded? Running 5183ms or 323 ticks behind
[02:36:26] [Server thread/WARN]: Can't keep up! Is the server overloaded? Running 4970ms or 310 ticks behind
[02:36:44] [Server thread/WARN]: Can't keep up! Is the server overloaded? Running 6872ms or 429 ticks behind
[02:37:01] [Server thread/WARN]: Can't keep up! Is the server overloaded? Running 4700ms or 293 ticks behind
[02:37:20] [Server thread/WARN]: Can't keep up! Is the server overloaded? Running 8154ms or 509 ticks behind
[02:37:38] [Server thread/WARN]: Can't keep up! Is the server overloaded? Running 5823ms or 363 ticks behind
[02:37:56] [Server thread/WARN]: Can't keep up! Is the server overloaded? Running 6646ms or 415 ticks behind
[02:38:13] [Server thread/WARN]: Can't keep up! Is the server overloaded? Running 5483ms or 342 ticks behind
[02:38:31] [Server thread/WARN]: Can't keep up! Is the server overloaded? Running 5891ms or 368 ticks behind
[02:38:49] [Server thread/WARN]: Can't keep up! Is the server overloaded? Running 7044ms or 440 ticks behind
[02:39:06] [Server thread/WARN]: Can't keep up! Is the server overloaded? Running 4712ms or 294 ticks behind
[02:39:23] [Server thread/WARN]: Can't keep up! Is the server overloaded? Running 6210ms or 388 ticks behind
[02:39:43] [Server thread/WARN]: Can't keep up! Is the server overloaded? Running 7977ms or 498 ticks behind
[02:40:02] [Server thread/WARN]: Can't keep up! Is the server overloaded? Running 7151ms or 446 ticks behind
[02:40:19] [Server thread/WARN]: Can't keep up! Is the server overloaded? Running 5359ms or 334 ticks behind
[02:40:37] [Server thread/WARN]: Can't keep up! Is the server overloaded? Running 6277ms or 392 ticks behind
[02:40:52] [Server thread/WARN]: Can't keep up! Is the server overloaded? Running 4228ms or 264 ticks behind
[02:41:10] [Server thread/WARN]: Can't keep up! Is the server overloaded? Running 5687ms or 355 ticks behind
[02:41:28] [Server thread/WARN]: Can't keep up! Is the server overloaded? Running 6900ms or 431 ticks behind
[02:41:45] [Server thread/WARN]: Can't keep up! Is the server overloaded? Running 5352ms or 334 ticks behind
[02:42:05] [Server thread/WARN]: Can't keep up! Is the server overloaded? Running 8189ms or 511 ticks behind
[02:42:22] [Server thread/WARN]: Can't keep up! Is the server overloaded? Running 5736ms or 358 ticks behind
[02:43:51] [Server thread/INFO]: [MAX_XiaoKui: Current tps is: 20.0]
[02:46:07] [Server thread/INFO]: Removed mingyuang from the whitelist
[02:46:07] [Server thread/WARN]: Can't keep up! Is the server overloaded? Running 3430ms or 68 ticks behind
[02:49:45] [Server thread/INFO]: [MAX_XiaoKui: Current tps is: 500.0]
[02:49:46] [Server thread/WARN]: Can't keep up! Is the server overloaded? Running 1188ms or 594 ticks behind
[02:50:50] [Server Watchdog/FATAL]: A single server tick took 60.20 seconds (should be max 0.05)
[02:50:50] [Server Watchdog/FATAL]: Considering it to be crashed, server will forcibly shutdown.
[02:50:52] [Server Watchdog/ERROR]: This crash report has been saved to: C:\Server\skimit_survival\.\crash-reports\crash-2020-07-08_02.50.50-server.txt
[02:50:53] [Server thread/INFO]: Stopping server
[02:50:53] [Server thread/INFO]: Saving players
[02:50:54] [Server thread/INFO]: MAX_XiaoKui lost connection: Internal Exception: java.lang.StackOverflowError
[02:50:54] [Server thread/INFO]: MAX_XiaoKui left the game
[02:50:55] [Server thread/INFO]: Saving worlds
[02:50:55] [Server thread/INFO]: Saving chunks for level 'ServerLevel[world]'/minecraft:overworld
[02:50:56] [Server thread/INFO]: ThreadedAnvilChunkStorage (world): All chunks are saved
[02:50:56] [Server thread/INFO]: Saving chunks for level 'ServerLevel[world]'/minecraft:the_nether
[02:50:56] [Server thread/INFO]: ThreadedAnvilChunkStorage (DIM-1): All chunks are saved
[02:50:56] [Server thread/INFO]: Saving chunks for level 'ServerLevel[world]'/minecraft:the_end
[02:50:56] [Server thread/INFO]: ThreadedAnvilChunkStorage (DIM1): All chunks are saved
[02:50:56] [Server thread/INFO]: Backup started by: SERVER on: 2020-07-08_02-50-56
[02:50:56] [Server thread/INFO]: Saving server...
[02:50:56] [Thread-867/INFO]: Starting backup
[02:50:56] [Thread-867/INFO]: Starting compression...
