[00:00:00] [Server thread/WARN]: Can't keep up! Is the server overloaded? Running 9763ms or 195 ticks behind
[00:00:24] [Server thread/WARN]: Can't keep up! Is the server overloaded? Running 9496ms or 189 ticks behind
[00:00:49] [Server thread/WARN]: Can't keep up! Is the server overloaded? Running 9810ms or 196 ticks behind
[00:01:14] [Server thread/WARN]: Can't keep up! Is the server overloaded? Running 10130ms or 202 ticks behind
[00:01:42] [Server thread/WARN]: Can't keep up! Is the server overloaded? Running 13285ms or 265 ticks behind
[00:02:12] [Server thread/WARN]: Can't keep up! Is the server overloaded? Running 14975ms or 299 ticks behind
[00:02:43] [Server thread/WARN]: Can't keep up! Is the server overloaded? Running 15597ms or 311 ticks behind
[00:03:09] [Server thread/WARN]: Can't keep up! Is the server overloaded? Running 11439ms or 228 ticks behind
[00:03:33] [Server thread/WARN]: Can't keep up! Is the server overloaded? Running 9133ms or 182 ticks behind
[00:03:56] [Server thread/WARN]: Can't keep up! Is the server overloaded? Running 8375ms or 167 ticks behind
[00:04:20] [Server thread/WARN]: Can't keep up! Is the server overloaded? Running 8270ms or 165 ticks behind
[00:04:44] [Server thread/WARN]: Can't keep up! Is the server overloaded? Running 9478ms or 189 ticks behind
[00:05:10] [Server thread/WARN]: Can't keep up! Is the server overloaded? Running 10940ms or 218 ticks behind
[00:05:35] [Server thread/WARN]: Can't keep up! Is the server overloaded? Running 9852ms or 197 ticks behind
[00:06:00] [Server thread/WARN]: Can't keep up! Is the server overloaded? Running 9607ms or 192 ticks behind
[00:06:24] [Server thread/WARN]: Can't keep up! Is the server overloaded? Running 9856ms or 197 ticks behind
[00:06:49] [Server thread/WARN]: Can't keep up! Is the server overloaded? Running 10072ms or 201 ticks behind
[00:07:15] [Server thread/WARN]: Can't keep up! Is the server overloaded? Running 10158ms or 203 ticks behind
[00:07:40] [Server thread/WARN]: Can't keep up! Is the server overloaded? Running 10198ms or 203 ticks behind
[00:08:05] [Server thread/WARN]: Can't keep up! Is the server overloaded? Running 10089ms or 201 ticks behind
[00:08:30] [Server thread/WARN]: Can't keep up! Is the server overloaded? Running 10154ms or 203 ticks behind
[00:08:39] [Server thread/WARN]: Fetching packet for removed entity class_1542['Air'/271578, l='ServerLevel[world]', x=-401.70, y=70.26, z=478.50]
[00:08:55] [Server thread/WARN]: Can't keep up! Is the server overloaded? Running 9978ms or 199 ticks behind
[00:09:20] [Server thread/WARN]: Can't keep up! Is the server overloaded? Running 9776ms or 195 ticks behind
[00:09:44] [Server thread/WARN]: Can't keep up! Is the server overloaded? Running 9794ms or 195 ticks behind
[00:09:49] [Server thread/WARN]: Mismatch in destroy block pos: class_2338{x=-146, y=90, z=548} class_2338{x=-182, y=62, z=520}
[00:10:09] [Server thread/WARN]: Can't keep up! Is the server overloaded? Running 9970ms or 199 ticks behind
[00:10:35] [Server thread/WARN]: Can't keep up! Is the server overloaded? Running 11180ms or 223 ticks behind
[00:11:02] [Server thread/WARN]: Can't keep up! Is the server overloaded? Running 11269ms or 225 ticks behind
[00:11:05] [Server thread/WARN]: Mismatch in destroy block pos: class_2338{x=-153, y=86, z=538} class_2338{x=-153, y=86, z=537}
[00:11:28] [Server thread/WARN]: Can't keep up! Is the server overloaded? Running 10930ms or 218 ticks behind
[00:11:55] [Server thread/WARN]: Can't keep up! Is the server overloaded? Running 12707ms or 254 ticks behind
[00:12:23] [Server thread/WARN]: Can't keep up! Is the server overloaded? Running 13187ms or 263 ticks behind
[00:12:51] [Server thread/WARN]: Can't keep up! Is the server overloaded? Running 12581ms or 251 ticks behind
[00:13:19] [Server thread/WARN]: Can't keep up! Is the server overloaded? Running 12886ms or 257 ticks behind
[00:13:47] [Server thread/WARN]: Can't keep up! Is the server overloaded? Running 13548ms or 270 ticks behind
[00:14:14] [Server thread/WARN]: Can't keep up! Is the server overloaded? Running 11699ms or 233 ticks behind
[00:14:41] [Server thread/WARN]: Can't keep up! Is the server overloaded? Running 11690ms or 233 ticks behind
[00:15:08] [Server thread/WARN]: Can't keep up! Is the server overloaded? Running 12711ms or 254 ticks behind
[00:15:34] [Server thread/WARN]: Can't keep up! Is the server overloaded? Running 10146ms or 202 ticks behind
[00:15:59] [Server thread/WARN]: Can't keep up! Is the server overloaded? Running 10253ms or 205 ticks behind
[00:16:24] [Server thread/WARN]: Can't keep up! Is the server overloaded? Running 10023ms or 200 ticks behind
[00:16:34] [Server thread/INFO]: na2hco3CN1277 lost connection: Disconnected
[00:16:34] [Server thread/INFO]: na2hco3CN1277 left the game
[00:16:45] [Server thread/WARN]: Can't keep up! Is the server overloaded? Running 5838ms or 116 ticks behind
[00:17:03] [Server thread/WARN]: Can't keep up! Is the server overloaded? Running 3365ms or 67 ticks behind
[00:17:21] [Server thread/WARN]: Can't keep up! Is the server overloaded? Running 3204ms or 64 ticks behind
[00:17:39] [Server thread/WARN]: Can't keep up! Is the server overloaded? Running 2441ms or 48 ticks behind
[00:18:00] [Server thread/WARN]: Can't keep up! Is the server overloaded? Running 2001ms or 40 ticks behind
[00:18:22] [Server thread/WARN]: Can't keep up! Is the server overloaded? Running 2013ms or 40 ticks behind
[00:18:39] [Server thread/WARN]: Can't keep up! Is the server overloaded? Running 2153ms or 43 ticks behind
[00:18:57] [Server thread/WARN]: Can't keep up! Is the server overloaded? Running 3001ms or 60 ticks behind
[00:19:16] [Server thread/WARN]: Can't keep up! Is the server overloaded? Running 3670ms or 73 ticks behind
[00:19:38] [Server thread/WARN]: Can't keep up! Is the server overloaded? Running 7727ms or 154 ticks behind
[00:20:02] [Server thread/WARN]: Can't keep up! Is the server overloaded? Running 8318ms or 166 ticks behind
[00:20:02] [Server thread/WARN]: Fetching packet for removed entity class_1542['Cobblestone'/277512, l='ServerLevel[world]', x=-176.47, y=7.69, z=133.66]
[00:20:26] [Server thread/WARN]: Can't keep up! Is the server overloaded? Running 8992ms or 179 ticks behind
[00:20:31] [Server thread/WARN]: Fetching packet for removed entity class_1542['Andesite'/277775, l='ServerLevel[world]', x=-213.68, y=9.47, z=130.26]
[00:20:32] [Server thread/WARN]: Fetching packet for removed entity class_1542['Cobblestone'/277785, l='ServerLevel[world]', x=-213.44, y=9.50, z=133.36]
[00:20:32] [Server thread/WARN]: Fetching packet for removed entity class_1542['Andesite'/277786, l='ServerLevel[world]', x=-213.31, y=9.68, z=132.26]
[00:20:32] [Server thread/WARN]: Fetching packet for removed entity class_1542['Granite'/277787, l='ServerLevel[world]', x=-213.28, y=12.31, z=133.37]
[00:20:50] [Server thread/WARN]: Can't keep up! Is the server overloaded? Running 9664ms or 193 ticks behind
[00:21:14] [Server thread/WARN]: Can't keep up! Is the server overloaded? Running 8647ms or 172 ticks behind
[00:21:37] [Server thread/WARN]: Can't keep up! Is the server overloaded? Running 8040ms or 160 ticks behind
[00:22:00] [Server thread/WARN]: Can't keep up! Is the server overloaded? Running 8371ms or 167 ticks behind
[00:22:23] [Server thread/WARN]: Can't keep up! Is the server overloaded? Running 7982ms or 159 ticks behind
[00:22:36] [Server thread/INFO]: Yu_Chei lost connection: Disconnected
[00:22:36] [Server thread/INFO]: Yu_Chei left the game
[00:22:43] [Server thread/WARN]: Can't keep up! Is the server overloaded? Running 4933ms or 98 ticks behind
[00:23:29] [Server thread/WARN]: Can't keep up! Is the server overloaded? Running 2007ms or 40 ticks behind
[00:24:09] [Server thread/WARN]: Can't keep up! Is the server overloaded? Running 2011ms or 40 ticks behind
[00:24:45] [Server thread/WARN]: Fetching packet for removed entity class_1542['Air'/279816, l='ServerLevel[world]', x=-401.70, y=70.26, z=478.50]
[00:24:48] [Server thread/WARN]: Can't keep up! Is the server overloaded? Running 2001ms or 40 ticks behind
[00:25:28] [Server thread/WARN]: Can't keep up! Is the server overloaded? Running 2002ms or 40 ticks behind
[00:26:20] [Server thread/WARN]: Can't keep up! Is the server overloaded? Running 2004ms or 40 ticks behind
[00:26:44] [Server thread/WARN]: Can't keep up! Is the server overloaded? Running 2001ms or 40 ticks behind
[00:27:03] [Server thread/WARN]: Fetching packet for removed entity class_1542['Cobblestone'/280844, l='ServerLevel[world]', x=-182.66, y=8.27, z=134.62]
[00:27:17] [Server thread/WARN]: Can't keep up! Is the server overloaded? Running 2005ms or 40 ticks behind
[00:27:44] [Server thread/WARN]: Can't keep up! Is the server overloaded? Running 2001ms or 40 ticks behind
[00:28:32] [Server thread/WARN]: Can't keep up! Is the server overloaded? Running 2007ms or 40 ticks behind
[00:29:37] [Server thread/WARN]: Can't keep up! Is the server overloaded? Running 2002ms or 40 ticks behind
[00:29:48] [Server thread/INFO]: Backup started by: Timer on: 2020-08-13_00-29-48
[00:29:48] [Server thread/INFO]: Saving server...
[00:29:49] [Server thread/INFO]: ThreadedAnvilChunkStorage (world): All chunks are saved
[00:29:50] [Server thread/INFO]: ThreadedAnvilChunkStorage (DIM-1): All chunks are saved
[00:29:50] [Server thread/INFO]: ThreadedAnvilChunkStorage (DIM1): All chunks are saved
[00:29:50] [pool-3-thread-1/INFO]: Starting backup
[00:29:50] [pool-3-thread-1/INFO]: Starting compression...
[00:29:56] [Server thread/WARN]: Can't keep up! Is the server overloaded? Running 3808ms or 76 ticks behind
[00:29:58] [pool-3-thread-1/INFO]: Compression took: 07.500 seconds.
[00:29:58] [pool-3-thread-1/INFO]: Deleting: 2020-08-12_10-14-34.zip
[00:29:58] [pool-3-thread-1/INFO]: Done!
[00:30:31] [Server thread/WARN]: Can't keep up! Is the server overloaded? Running 2009ms or 40 ticks behind
[00:32:02] [Server thread/WARN]: Can't keep up! Is the server overloaded? Running 2003ms or 40 ticks behind
[00:32:44] [Server thread/WARN]: Fetching packet for removed entity class_1542['Crafting Table'/283867, l='ServerLevel[world]', x=-136.38, y=6.54, z=136.42]
[00:32:44] [Server thread/WARN]: Fetching packet for removed entity class_1542['Shulker Box'/283868, l='ServerLevel[world]', x=-136.49, y=6.53, z=135.28]
[00:33:19] [Server thread/WARN]: Can't keep up! Is the server overloaded? Running 2005ms or 40 ticks behind
[00:33:23] [Server thread/WARN]: Fetching packet for removed entity class_1542['Cobblestone'/284322, l='ServerLevel[world]', x=-213.34, y=9.42, z=135.36]
[00:33:23] [Server thread/WARN]: Fetching packet for removed entity class_1542['Cobblestone'/284325, l='ServerLevel[world]', x=-210.75, y=10.26, z=135.52]
[00:34:06] [Server thread/WARN]: Can't keep up! Is the server overloaded? Running 2002ms or 40 ticks behind
[00:35:38] [Server thread/WARN]: Fetching packet for removed entity class_1542['Air'/285544, l='ServerLevel[world]', x=-401.70, y=70.26, z=458.50]
[00:36:14] [Server thread/WARN]: Can't keep up! Is the server overloaded? Running 2005ms or 40 ticks behind
[00:37:01] [Server thread/WARN]: Can't keep up! Is the server overloaded? Running 2155ms or 43 ticks behind
[00:38:07] [Server thread/WARN]: Can't keep up! Is the server overloaded? Running 2002ms or 40 ticks behind
[00:38:35] [Server thread/WARN]: Can't keep up! Is the server overloaded? Running 2003ms or 40 ticks behind
[00:38:44] [Server thread/WARN]: Fetching packet for removed entity class_1542['Bamboo'/286935, l='ServerLevel[world]', x=-139.25, y=6.28, z=136.74]
[00:38:44] [Server thread/WARN]: Fetching packet for removed entity class_1542['Bamboo'/286936, l='ServerLevel[world]', x=-139.25, y=6.28, z=136.74]
[00:38:44] [Server thread/WARN]: Fetching packet for removed entity class_1542['Baked Potato'/286937, l='ServerLevel[world]', x=-139.34, y=6.05, z=136.38]
[00:38:44] [Server thread/WARN]: Fetching packet for removed entity class_1542['Shulker Box'/286938, l='ServerLevel[world]', x=-138.72, y=6.35, z=136.57]
[00:38:44] [Server thread/WARN]: Fetching packet for removed entity class_1542['Furnace'/286939, l='ServerLevel[world]', x=-139.66, y=6.65, z=136.32]
[00:38:59] [Server thread/WARN]: Can't keep up! Is the server overloaded? Running 2005ms or 40 ticks behind
[00:39:18] [Server thread/WARN]: Can't keep up! Is the server overloaded? Running 2003ms or 40 ticks behind
[00:39:25] [Server thread/WARN]: Fetching packet for removed entity class_1542['Cobblestone'/287289, l='ServerLevel[world]', x=-215.33, y=6.71, z=135.68]
[00:39:26] [Server thread/WARN]: Fetching packet for removed entity class_1542['Air'/287307, l='ServerLevel[world]', x=-211.48, y=6.75, z=140.70]
[00:39:39] [Server thread/WARN]: Can't keep up! Is the server overloaded? Running 2010ms or 40 ticks behind
[00:40:11] [Server thread/WARN]: Can't keep up! Is the server overloaded? Running 2009ms or 40 ticks behind
[00:41:30] [Server thread/WARN]: Can't keep up! Is the server overloaded? Running 2005ms or 40 ticks behind
[00:42:37] [Server thread/WARN]: Can't keep up! Is the server overloaded? Running 2003ms or 40 ticks behind
[00:43:31] [Server thread/WARN]: Can't keep up! Is the server overloaded? Running 2004ms or 40 ticks behind
[00:45:00] [Server thread/WARN]: Can't keep up! Is the server overloaded? Running 2002ms or 40 ticks behind
[00:45:47] [Server thread/WARN]: Can't keep up! Is the server overloaded? Running 2004ms or 40 ticks behind
[00:46:47] [Server thread/WARN]: Can't keep up! Is the server overloaded? Running 2004ms or 40 ticks behind
[00:47:30] [Server thread/WARN]: Can't keep up! Is the server overloaded? Running 2041ms or 40 ticks behind
[00:48:17] [Server thread/WARN]: Can't keep up! Is the server overloaded? Running 2006ms or 40 ticks behind
[00:49:03] [Server thread/WARN]: Can't keep up! Is the server overloaded? Running 2001ms or 40 ticks behind
[00:49:20] [Server thread/WARN]: Can't keep up! Is the server overloaded? Running 2116ms or 42 ticks behind
[00:50:33] [Server thread/WARN]: Fetching packet for removed entity class_1542['Block of Iron'/293096, l='ServerLevel[world]', x=-107.26, y=18.61, z=138.44]
[00:50:53] [Server thread/WARN]: Can't keep up! Is the server overloaded? Running 2007ms or 40 ticks behind
[00:51:34] [Server thread/WARN]: Can't keep up! Is the server overloaded? Running 2015ms or 40 ticks behind
[00:52:38] [Server thread/WARN]: Can't keep up! Is the server overloaded? Running 2002ms or 40 ticks behind
[00:53:30] [Server thread/WARN]: Can't keep up! Is the server overloaded? Running 2008ms or 40 ticks behind
[00:53:59] [Server thread/WARN]: Fetching packet for removed entity class_1542['Cobblestone'/295067, l='ServerLevel[world]', x=79.32, y=7.33, z=139.40]
[00:54:10] [Server thread/WARN]: Can't keep up! Is the server overloaded? Running 2003ms or 40 ticks behind
[00:54:34] [Server thread/WARN]: Can't keep up! Is the server overloaded? Running 2004ms or 40 ticks behind
[00:55:02] [Server thread/WARN]: Can't keep up! Is the server overloaded? Running 2006ms or 40 ticks behind
[00:55:31] [Server thread/WARN]: Can't keep up! Is the server overloaded? Running 2011ms or 40 ticks behind
[00:56:57] [Server thread/WARN]: Can't keep up! Is the server overloaded? Running 2005ms or 40 ticks behind
[00:57:31] [Server thread/WARN]: Fetching packet for removed entity class_1542['Cobblestone'/296942, l='ServerLevel[world]', x=-211.70, y=9.39, z=139.52]
[00:57:37] [Server thread/WARN]: Can't keep up! Is the server overloaded? Running 2001ms or 40 ticks behind
[00:58:26] [Server thread/WARN]: Can't keep up! Is the server overloaded? Running 2002ms or 40 ticks behind
[00:59:22] [Server thread/INFO]: Plants352039[/127.0.0.1:38144] logged in with entity id 297878 at (424.9119677661664, 64.0, 529.9169674519883)
[00:59:22] [Server thread/INFO]: Plants352039 joined the game
[00:59:22] [Netty Epoll Server IO #3/WARN]: Received invalid identifier in minecraft:register: legacy:fml|hs (Non [a-z0-9/._-] character in path of location: legacy:fml|hs)
[00:59:26] [Server thread/WARN]: Can't keep up! Is the server overloaded? Running 2009ms or 40 ticks behind
[00:59:44] [Server thread/WARN]: Can't keep up! Is the server overloaded? Running 2563ms or 51 ticks behind
[01:00:02] [Server thread/WARN]: Can't keep up! Is the server overloaded? Running 3126ms or 62 ticks behind
[01:00:21] [Server thread/WARN]: Can't keep up! Is the server overloaded? Running 3986ms or 79 ticks behind
[01:00:41] [Server thread/WARN]: Can't keep up! Is the server overloaded? Running 5219ms or 104 ticks behind
[01:01:00] [Server thread/WARN]: Can't keep up! Is the server overloaded? Running 4425ms or 88 ticks behind
[01:01:20] [Server thread/WARN]: Can't keep up! Is the server overloaded? Running 4540ms or 90 ticks behind
[01:01:39] [Server thread/WARN]: Can't keep up! Is the server overloaded? Running 4055ms or 81 ticks behind
[01:01:58] [Server thread/WARN]: Can't keep up! Is the server overloaded? Running 4390ms or 87 ticks behind
[01:02:17] [Server thread/WARN]: Can't keep up! Is the server overloaded? Running 3800ms or 76 ticks behind
[01:02:35] [Server thread/WARN]: Can't keep up! Is the server overloaded? Running 3527ms or 70 ticks behind
[01:02:55] [Server thread/WARN]: Can't keep up! Is the server overloaded? Running 4368ms or 87 ticks behind
[01:03:14] [Server thread/WARN]: Can't keep up! Is the server overloaded? Running 4020ms or 80 ticks behind
[01:03:33] [Server thread/WARN]: Can't keep up! Is the server overloaded? Running 4208ms or 84 ticks behind
[01:03:52] [Server thread/WARN]: Can't keep up! Is the server overloaded? Running 4199ms or 83 ticks behind
[01:04:13] [Server thread/WARN]: Can't keep up! Is the server overloaded? Running 5500ms or 110 ticks behind
[01:04:32] [Server thread/WARN]: Can't keep up! Is the server overloaded? Running 4587ms or 91 ticks behind
[01:04:52] [Server thread/WARN]: Can't keep up! Is the server overloaded? Running 4553ms or 91 ticks behind
[01:05:11] [Server thread/WARN]: Can't keep up! Is the server overloaded? Running 4620ms or 92 ticks behind
[01:05:31] [Server thread/WARN]: Can't keep up! Is the server overloaded? Running 4242ms or 84 ticks behind
[01:05:50] [Server thread/WARN]: Can't keep up! Is the server overloaded? Running 4411ms or 88 ticks behind
[01:06:09] [Server thread/WARN]: Can't keep up! Is the server overloaded? Running 4231ms or 84 ticks behind
[01:06:28] [Server thread/WARN]: Can't keep up! Is the server overloaded? Running 4303ms or 86 ticks behind
[01:06:48] [Server thread/WARN]: Can't keep up! Is the server overloaded? Running 4394ms or 87 ticks behind
[01:07:07] [Server thread/WARN]: Can't keep up! Is the server overloaded? Running 4410ms or 88 ticks behind
[01:07:27] [Server thread/WARN]: Can't keep up! Is the server overloaded? Running 4446ms or 88 ticks behind
[01:07:46] [Server thread/WARN]: Can't keep up! Is the server overloaded? Running 4379ms or 87 ticks behind
[01:08:05] [Server thread/WARN]: Can't keep up! Is the server overloaded? Running 4510ms or 90 ticks behind
[01:08:16] [Server thread/WARN]: Fetching packet for removed entity class_1542['Cobblestone'/302773, l='ServerLevel[world]', x=135.65, y=8.74, z=140.62]
[01:08:16] [Server thread/WARN]: Fetching packet for removed entity class_1542['Andesite'/302774, l='ServerLevel[world]', x=136.68, y=8.30, z=137.52]
[01:08:16] [Server thread/WARN]: Fetching packet for removed entity class_1542['Cobblestone'/302775, l='ServerLevel[world]', x=136.64, y=8.58, z=139.63]
[01:08:25] [Server thread/WARN]: Can't keep up! Is the server overloaded? Running 4970ms or 99 ticks behind
[01:08:45] [Server thread/WARN]: Can't keep up! Is the server overloaded? Running 4552ms or 91 ticks behind
[01:08:45] [Server thread/WARN]: Fetching packet for removed entity class_1542['Air'/303060, l='ServerLevel[world]', x=86.54, y=11.63, z=142.37]
[01:09:04] [Server thread/WARN]: Can't keep up! Is the server overloaded? Running 4131ms or 82 ticks behind
[01:09:23] [Server thread/WARN]: Can't keep up! Is the server overloaded? Running 4214ms or 84 ticks behind
[01:09:42] [Server thread/WARN]: Can't keep up! Is the server overloaded? Running 4100ms or 82 ticks behind
[01:10:01] [Server thread/WARN]: Can't keep up! Is the server overloaded? Running 3660ms or 73 ticks behind
[01:10:20] [Server thread/WARN]: Can't keep up! Is the server overloaded? Running 3846ms or 76 ticks behind
[01:10:40] [Server thread/WARN]: Can't keep up! Is the server overloaded? Running 4791ms or 95 ticks behind
[01:10:59] [Server thread/WARN]: Can't keep up! Is the server overloaded? Running 4206ms or 84 ticks behind
[01:11:18] [Server thread/WARN]: Can't keep up! Is the server overloaded? Running 4560ms or 91 ticks behind
[01:11:37] [Server thread/WARN]: Can't keep up! Is the server overloaded? Running 3986ms or 79 ticks behind
[01:11:57] [Server thread/WARN]: Can't keep up! Is the server overloaded? Running 4417ms or 88 ticks behind
[01:12:16] [Server thread/WARN]: Can't keep up! Is the server overloaded? Running 4049ms or 80 ticks behind
[01:12:35] [Server thread/WARN]: Can't keep up! Is the server overloaded? Running 4028ms or 80 ticks behind
[01:12:53] [Server thread/WARN]: Can't keep up! Is the server overloaded? Running 3742ms or 74 ticks behind
[01:13:12] [Server thread/WARN]: Can't keep up! Is the server overloaded? Running 3843ms or 76 ticks behind
[01:13:31] [Server thread/WARN]: Can't keep up! Is the server overloaded? Running 4003ms or 80 ticks behind
[01:13:50] [Server thread/WARN]: Can't keep up! Is the server overloaded? Running 3935ms or 78 ticks behind
[01:14:10] [Server thread/WARN]: Can't keep up! Is the server overloaded? Running 4660ms or 93 ticks behind
[01:14:28] [Server thread/WARN]: Can't keep up! Is the server overloaded? Running 3792ms or 75 ticks behind
[01:14:48] [Server thread/WARN]: Can't keep up! Is the server overloaded? Running 4141ms or 82 ticks behind
[01:15:06] [Server thread/WARN]: Can't keep up! Is the server overloaded? Running 3850ms or 77 ticks behind
[01:15:25] [Server thread/WARN]: Can't keep up! Is the server overloaded? Running 3353ms or 67 ticks behind
[01:15:43] [Server thread/WARN]: Can't keep up! Is the server overloaded? Running 3317ms or 66 ticks behind
[01:16:01] [Server thread/WARN]: Can't keep up! Is the server overloaded? Running 3363ms or 67 ticks behind
[01:16:20] [Server thread/WARN]: Can't keep up! Is the server overloaded? Running 3883ms or 77 ticks behind
[01:16:28] [Server thread/WARN]: Mismatch in destroy block pos: class_2338{x=426, y=57, z=614} class_2338{x=426, y=58, z=614}
[01:16:39] [Server thread/WARN]: Can't keep up! Is the server overloaded? Running 3473ms or 69 ticks behind
[01:16:55] [Server thread/WARN]: Mismatch in destroy block pos: class_2338{x=427, y=55, z=622} class_2338{x=427, y=56, z=622}
[01:16:58] [Server thread/WARN]: Can't keep up! Is the server overloaded? Running 4363ms or 87 ticks behind
[01:17:16] [Server thread/WARN]: Can't keep up! Is the server overloaded? Running 3224ms or 64 ticks behind
[01:17:35] [Server thread/WARN]: Can't keep up! Is the server overloaded? Running 3546ms or 70 ticks behind
[01:17:53] [Server thread/WARN]: Can't keep up! Is the server overloaded? Running 3735ms or 74 ticks behind
[01:18:12] [Server thread/WARN]: Can't keep up! Is the server overloaded? Running 4052ms or 81 ticks behind
[01:18:31] [Server thread/WARN]: Can't keep up! Is the server overloaded? Running 4031ms or 80 ticks behind
[01:18:51] [Server thread/WARN]: Can't keep up! Is the server overloaded? Running 4351ms or 87 ticks behind
[01:19:10] [Server thread/WARN]: Can't keep up! Is the server overloaded? Running 4282ms or 85 ticks behind
[01:19:30] [Server thread/WARN]: Can't keep up! Is the server overloaded? Running 4441ms or 88 ticks behind
[01:19:49] [Server thread/WARN]: Can't keep up! Is the server overloaded? Running 4413ms or 88 ticks behind
[01:20:08] [Server thread/WARN]: Can't keep up! Is the server overloaded? Running 4505ms or 90 ticks behind
[01:20:28] [Server thread/WARN]: Can't keep up! Is the server overloaded? Running 4277ms or 85 ticks behind
[01:20:47] [Server thread/WARN]: Can't keep up! Is the server overloaded? Running 3935ms or 78 ticks behind
[01:21:05] [Server thread/WARN]: Can't keep up! Is the server overloaded? Running 3610ms or 72 ticks behind
[01:21:24] [Server thread/WARN]: Can't keep up! Is the server overloaded? Running 3503ms or 70 ticks behind
[01:21:42] [Server thread/WARN]: Can't keep up! Is the server overloaded? Running 3358ms or 67 ticks behind
[01:22:00] [Server thread/WARN]: Can't keep up! Is the server overloaded? Running 3063ms or 61 ticks behind
[01:22:18] [Server thread/WARN]: Can't keep up! Is the server overloaded? Running 3182ms or 63 ticks behind
[01:22:36] [Server thread/WARN]: Can't keep up! Is the server overloaded? Running 3303ms or 66 ticks behind
[01:22:55] [Server thread/WARN]: Can't keep up! Is the server overloaded? Running 3371ms or 67 ticks behind
[01:23:14] [Server thread/WARN]: Can't keep up! Is the server overloaded? Running 4328ms or 86 ticks behind
[01:23:33] [Server thread/WARN]: Can't keep up! Is the server overloaded? Running 3462ms or 69 ticks behind
[01:23:51] [Server thread/WARN]: Can't keep up! Is the server overloaded? Running 3366ms or 67 ticks behind
[01:24:09] [Server thread/WARN]: Can't keep up! Is the server overloaded? Running 3534ms or 70 ticks behind
[01:24:28] [Server thread/WARN]: Can't keep up! Is the server overloaded? Running 3642ms or 72 ticks behind
[01:24:47] [Server thread/WARN]: Can't keep up! Is the server overloaded? Running 3508ms or 70 ticks behind
[01:25:05] [Server thread/WARN]: Can't keep up! Is the server overloaded? Running 3373ms or 67 ticks behind
[01:25:23] [Server thread/WARN]: Can't keep up! Is the server overloaded? Running 3401ms or 68 ticks behind
[01:25:43] [Server thread/WARN]: Can't keep up! Is the server overloaded? Running 4273ms or 85 ticks behind
[01:26:01] [Server thread/WARN]: Can't keep up! Is the server overloaded? Running 3541ms or 70 ticks behind
[01:26:20] [Server thread/WARN]: Can't keep up! Is the server overloaded? Running 3534ms or 70 ticks behind
[01:26:38] [Server thread/WARN]: Can't keep up! Is the server overloaded? Running 3461ms or 69 ticks behind
[01:26:56] [Server thread/WARN]: Can't keep up! Is the server overloaded? Running 3390ms or 67 ticks behind
[01:27:16] [Server thread/WARN]: Can't keep up! Is the server overloaded? Running 4295ms or 85 ticks behind
[01:27:34] [Server thread/WARN]: Can't keep up! Is the server overloaded? Running 3441ms or 68 ticks behind
[01:27:52] [Server thread/WARN]: Can't keep up! Is the server overloaded? Running 3288ms or 65 ticks behind
[01:28:10] [Server thread/WARN]: Can't keep up! Is the server overloaded? Running 3255ms or 65 ticks behind
[01:28:29] [Server thread/WARN]: Can't keep up! Is the server overloaded? Running 3190ms or 63 ticks behind
[01:28:47] [Server thread/WARN]: Can't keep up! Is the server overloaded? Running 3383ms or 67 ticks behind
[01:29:05] [Server thread/WARN]: Can't keep up! Is the server overloaded? Running 3240ms or 64 ticks behind
[01:29:24] [Server thread/WARN]: Can't keep up! Is the server overloaded? Running 4229ms or 84 ticks behind
[01:29:43] [Server thread/WARN]: Can't keep up! Is the server overloaded? Running 3561ms or 71 ticks behind
[01:29:48] [Server thread/INFO]: Backup started by: Timer on: 2020-08-13_01-29-48
[01:29:48] [Server thread/INFO]: Saving server...
[01:29:49] [Server thread/INFO]: ThreadedAnvilChunkStorage (world): All chunks are saved
[01:29:49] [Server thread/INFO]: ThreadedAnvilChunkStorage (DIM-1): All chunks are saved
[01:29:49] [Server thread/INFO]: ThreadedAnvilChunkStorage (DIM1): All chunks are saved
[01:29:49] [pool-3-thread-1/INFO]: Starting backup
[01:29:49] [pool-3-thread-1/INFO]: Starting compression...
[01:29:56] [pool-3-thread-1/INFO]: Compression took: 07.276 seconds.
[01:29:56] [pool-3-thread-1/INFO]: Deleting: 2020-08-12_11-14-33.zip
[01:29:56] [pool-3-thread-1/INFO]: Done!
[01:30:04] [Server thread/WARN]: Can't keep up! Is the server overloaded? Running 5667ms or 113 ticks behind
[01:30:22] [Server thread/WARN]: Can't keep up! Is the server overloaded? Running 3442ms or 68 ticks behind
[01:30:41] [Server thread/WARN]: Can't keep up! Is the server overloaded? Running 3732ms or 74 ticks behind
[01:30:59] [Server thread/WARN]: Can't keep up! Is the server overloaded? Running 3408ms or 68 ticks behind
[01:31:18] [Server thread/WARN]: Can't keep up! Is the server overloaded? Running 3826ms or 76 ticks behind
[01:31:37] [Server thread/WARN]: Can't keep up! Is the server overloaded? Running 3836ms or 76 ticks behind
[01:31:55] [Server thread/WARN]: Can't keep up! Is the server overloaded? Running 3365ms or 67 ticks behind
[01:32:13] [Server thread/WARN]: Can't keep up! Is the server overloaded? Running 3486ms or 69 ticks behind
[01:32:32] [Server thread/WARN]: Can't keep up! Is the server overloaded? Running 3389ms or 67 ticks behind
[01:32:50] [Server thread/WARN]: Can't keep up! Is the server overloaded? Running 3412ms or 68 ticks behind
[01:33:09] [Server thread/WARN]: Can't keep up! Is the server overloaded? Running 3403ms or 68 ticks behind
[01:33:27] [Server thread/WARN]: Can't keep up! Is the server overloaded? Running 3399ms or 67 ticks behind
[01:33:46] [Server thread/WARN]: Can't keep up! Is the server overloaded? Running 3566ms or 71 ticks behind
[01:34:04] [Server thread/WARN]: Can't keep up! Is the server overloaded? Running 3428ms or 68 ticks behind
[01:34:22] [Server thread/WARN]: Can't keep up! Is the server overloaded? Running 3222ms or 64 ticks behind
[01:34:40] [Server thread/WARN]: Can't keep up! Is the server overloaded? Running 3238ms or 64 ticks behind
[01:34:59] [Server thread/WARN]: Can't keep up! Is the server overloaded? Running 3535ms or 70 ticks behind
[01:35:17] [Server thread/WARN]: Can't keep up! Is the server overloaded? Running 3626ms or 72 ticks behind
[01:35:37] [Server thread/WARN]: Can't keep up! Is the server overloaded? Running 4233ms or 84 ticks behind
[01:35:55] [Server thread/WARN]: Can't keep up! Is the server overloaded? Running 3350ms or 67 ticks behind
[01:36:13] [Server thread/WARN]: Can't keep up! Is the server overloaded? Running 3357ms or 67 ticks behind
[01:36:32] [Server thread/WARN]: Can't keep up! Is the server overloaded? Running 3651ms or 73 ticks behind
[01:36:51] [Server thread/WARN]: Can't keep up! Is the server overloaded? Running 3597ms or 71 ticks behind
[01:37:09] [Server thread/WARN]: Can't keep up! Is the server overloaded? Running 3530ms or 70 ticks behind
[01:37:28] [Server thread/WARN]: Can't keep up! Is the server overloaded? Running 3812ms or 76 ticks behind
[01:37:46] [Server thread/WARN]: Can't keep up! Is the server overloaded? Running 3461ms or 69 ticks behind
[01:38:05] [Server thread/WARN]: Can't keep up! Is the server overloaded? Running 3423ms or 68 ticks behind
[01:38:23] [Server thread/WARN]: Can't keep up! Is the server overloaded? Running 3566ms or 71 ticks behind
[01:38:42] [Server thread/WARN]: Can't keep up! Is the server overloaded? Running 3544ms or 70 ticks behind
[01:39:00] [Server thread/WARN]: Can't keep up! Is the server overloaded? Running 3694ms or 73 ticks behind
[01:39:19] [Server thread/WARN]: Can't keep up! Is the server overloaded? Running 3520ms or 70 ticks behind
[01:39:38] [Server thread/WARN]: Can't keep up! Is the server overloaded? Running 3835ms or 76 ticks behind
[01:39:57] [Server thread/WARN]: Can't keep up! Is the server overloaded? Running 4565ms or 91 ticks behind
[01:40:17] [Server thread/WARN]: Can't keep up! Is the server overloaded? Running 4933ms or 98 ticks behind
[01:40:36] [Server thread/WARN]: Can't keep up! Is the server overloaded? Running 4236ms or 84 ticks behind
[01:40:55] [Server thread/WARN]: Can't keep up! Is the server overloaded? Running 3361ms or 67 ticks behind
[01:41:13] [Server thread/WARN]: Can't keep up! Is the server overloaded? Running 3330ms or 66 ticks behind
[01:41:32] [Server thread/WARN]: Can't keep up! Is the server overloaded? Running 3595ms or 71 ticks behind
[01:41:51] [Server thread/WARN]: Can't keep up! Is the server overloaded? Running 4157ms or 83 ticks behind
[01:42:08] [Server thread/WARN]: Can't keep up! Is the server overloaded? Running 2817ms or 56 ticks behind
[01:42:27] [Server thread/WARN]: Can't keep up! Is the server overloaded? Running 3063ms or 61 ticks behind
[01:42:45] [Server thread/WARN]: Can't keep up! Is the server overloaded? Running 3100ms or 62 ticks behind
[01:43:03] [Server thread/WARN]: Can't keep up! Is the server overloaded? Running 3032ms or 60 ticks behind
[01:43:21] [Server thread/WARN]: Can't keep up! Is the server overloaded? Running 3175ms or 63 ticks behind
[01:43:39] [Server thread/WARN]: Can't keep up! Is the server overloaded? Running 3623ms or 72 ticks behind
[01:43:58] [Server thread/WARN]: Can't keep up! Is the server overloaded? Running 3149ms or 62 ticks behind
[01:44:16] [Server thread/WARN]: Can't keep up! Is the server overloaded? Running 4002ms or 80 ticks behind
[01:44:35] [Server thread/WARN]: Can't keep up! Is the server overloaded? Running 3586ms or 71 ticks behind
[01:44:54] [Server thread/WARN]: Can't keep up! Is the server overloaded? Running 3686ms or 73 ticks behind
[01:45:12] [Server thread/WARN]: Can't keep up! Is the server overloaded? Running 3554ms or 71 ticks behind
[01:45:31] [Server thread/WARN]: Can't keep up! Is the server overloaded? Running 3480ms or 69 ticks behind
[01:45:49] [Server thread/WARN]: Can't keep up! Is the server overloaded? Running 3235ms or 64 ticks behind
[01:46:07] [Server thread/WARN]: Can't keep up! Is the server overloaded? Running 3439ms or 68 ticks behind
[01:46:26] [Server thread/WARN]: Can't keep up! Is the server overloaded? Running 3770ms or 75 ticks behind
[01:46:45] [Server thread/WARN]: Can't keep up! Is the server overloaded? Running 4463ms or 89 ticks behind
[01:47:05] [Server thread/WARN]: Can't keep up! Is the server overloaded? Running 4142ms or 82 ticks behind
[01:47:23] [Server thread/WARN]: Can't keep up! Is the server overloaded? Running 3547ms or 70 ticks behind
[01:47:42] [Server thread/WARN]: Can't keep up! Is the server overloaded? Running 3974ms or 79 ticks behind
[01:48:02] [Server thread/WARN]: Can't keep up! Is the server overloaded? Running 5251ms or 105 ticks behind
[01:48:21] [Server thread/WARN]: Can't keep up! Is the server overloaded? Running 3745ms or 74 ticks behind
[01:48:40] [Server thread/WARN]: Can't keep up! Is the server overloaded? Running 3655ms or 73 ticks behind
[01:48:58] [Server thread/WARN]: Can't keep up! Is the server overloaded? Running 3799ms or 75 ticks behind
[01:49:17] [Server thread/WARN]: Can't keep up! Is the server overloaded? Running 4097ms or 81 ticks behind
[01:49:36] [Server thread/WARN]: Can't keep up! Is the server overloaded? Running 4070ms or 81 ticks behind
[01:49:55] [Server thread/WARN]: Can't keep up! Is the server overloaded? Running 3951ms or 79 ticks behind
[01:50:15] [Server thread/WARN]: Can't keep up! Is the server overloaded? Running 4092ms or 81 ticks behind
[01:50:33] [Server thread/WARN]: Can't keep up! Is the server overloaded? Running 3828ms or 76 ticks behind
[01:50:52] [Server thread/WARN]: Can't keep up! Is the server overloaded? Running 3322ms or 66 ticks behind
[01:50:56] [Server thread/INFO]: Plants352039 lost connection: Disconnected
[01:50:56] [Server thread/INFO]: Plants352039 left the game
[02:29:48] [Server thread/INFO]: Backup started by: Timer on: 2020-08-13_02-29-48
[02:29:48] [Server thread/INFO]: Saving server...
[02:29:48] [Server thread/INFO]: ThreadedAnvilChunkStorage (world): All chunks are saved
[02:29:48] [Server thread/INFO]: ThreadedAnvilChunkStorage (DIM-1): All chunks are saved
[02:29:48] [Server thread/INFO]: ThreadedAnvilChunkStorage (DIM1): All chunks are saved
[02:29:48] [pool-3-thread-1/INFO]: Starting backup
[02:29:48] [pool-3-thread-1/INFO]: Starting compression...
[02:29:56] [pool-3-thread-1/INFO]: Compression took: 07.589 seconds.
[02:29:56] [pool-3-thread-1/INFO]: Deleting: 2020-08-12_12-14-33.zip
[02:29:56] [pool-3-thread-1/INFO]: Done!
[02:33:40] [Server thread/WARN]: Fetching packet for removed entity class_1542['Air'/327096, l='ServerLevel[world]', x=-367.57, y=70.26, z=480.39]
[02:41:14] [Server thread/INFO]: There are 3 of a max of 16 players online: tnt, HongZhaJi, shuijiao
[02:42:12] [Server thread/INFO]: MAX_XiaoKui[/127.0.0.1:42554] logged in with entity id 329385 at (137.47812747581372, 77.0, 68.23399768971727)
[02:42:12] [Server thread/INFO]: MAX_XiaoKui joined the game
[02:42:12] [Netty Epoll Server IO #5/WARN]: Received invalid identifier in minecraft:register: legacy:fml|hs (Non [a-z0-9/._-] character in path of location: legacy:fml|hs)
[02:42:13] [Netty Epoll Server IO #5/INFO]: Player MAX_XiaoKui joined with a matching carpet client
[02:42:32] [Server thread/WARN]: Can't keep up! Is the server overloaded? Running 2027ms or 40 ticks behind
[02:42:55] [Server thread/WARN]: Can't keep up! Is the server overloaded? Running 2003ms or 40 ticks behind
[02:43:09] [Server thread/WARN]: Fetching packet for removed entity class_1542['Air'/329660, l='ServerLevel[world]', x=-401.70, y=70.26, z=438.50]
[02:43:17] [Server thread/WARN]: Can't keep up! Is the server overloaded? Running 2002ms or 40 ticks behind
[02:43:38] [Server thread/WARN]: Can't keep up! Is the server overloaded? Running 2005ms or 40 ticks behind
[02:43:49] [Server thread/INFO]: HongZhaJi lost connection: Killed
[02:43:49] [Server thread/INFO]: HongZhaJi left the game
[02:44:44] [Server thread/WARN]: Can't keep up! Is the server overloaded? Running 2007ms or 40 ticks behind
[02:45:25] [Server thread/WARN]: Can't keep up! Is the server overloaded? Running 2001ms or 40 ticks behind
[02:45:54] [Server thread/WARN]: Can't keep up! Is the server overloaded? Running 2009ms or 40 ticks behind
[02:46:34] [Server thread/WARN]: Can't keep up! Is the server overloaded? Running 2007ms or 40 ticks behind
[02:47:05] [Server thread/WARN]: Can't keep up! Is the server overloaded? Running 2007ms or 40 ticks behind
[02:48:24] [Server thread/WARN]: Can't keep up! Is the server overloaded? Running 2006ms or 40 ticks behind
[02:48:45] [Server thread/WARN]: Can't keep up! Is the server overloaded? Running 2650ms or 53 ticks behind
[02:49:09] [Server thread/WARN]: Can't keep up! Is the server overloaded? Running 2019ms or 40 ticks behind
[02:49:34] [Server thread/WARN]: Can't keep up! Is the server overloaded? Running 2017ms or 40 ticks behind
[02:50:05] [Server thread/WARN]: Can't keep up! Is the server overloaded? Running 2001ms or 40 ticks behind
[02:52:19] [Server thread/INFO]: shuijiao was slain by MAX_XiaoKui
[02:52:19] [Server thread/INFO]: shuijiao lost connection: Killed
[02:52:19] [Server thread/INFO]: shuijiao left the game
[02:52:56] [Server thread/INFO]: [MAX_XiaoKui: Cannot shadow fake players]
[02:53:00] [Server thread/INFO]: Can only manipulate existing players
[02:53:08] [Server thread/INFO]: MAX_XiaoKui[local] logged in with entity id 332221 at (-377.1245496363669, 69.0, 564.2221855910841)
[02:53:08] [Server thread/INFO]: MAX_XiaoKui joined the game
[02:53:08] [Server thread/INFO]: MAX_XiaoKui lost connection: You logged in from another location
[02:53:08] [Server thread/INFO]: MAX_XiaoKui left the game
[02:53:15] [Server thread/INFO]: MAX_XiaoKui lost connection: Killed
[02:53:15] [Server thread/INFO]: MAX_XiaoKui left the game
[02:53:15] [Server thread/INFO]: MAX_XiaoKui[/127.0.0.1:56865] logged in with entity id 332234 at (-377.1245496363669, 69.0, 564.2221855910841)
[02:53:15] [Server thread/INFO]: MAX_XiaoKui joined the game
[02:53:15] [Netty Epoll Server IO #6/WARN]: Received invalid identifier in minecraft:register: legacy:fml|hs (Non [a-z0-9/._-] character in path of location: legacy:fml|hs)
[02:53:16] [Netty Epoll Server IO #6/INFO]: Player MAX_XiaoKui joined with a matching carpet client
[02:54:00] [Server thread/INFO]: Can only manipulate existing players
[02:55:00] [Server thread/INFO]: Can only manipulate existing players
[02:56:00] [Server thread/INFO]: Can only manipulate existing players
[02:57:00] [Server thread/INFO]: Can only manipulate existing players
[02:57:12] [Server thread/INFO]: Mk_Bolo[/127.0.0.1:34139] logged in with entity id 332864 at (-42.5, 64.0, 239.5)
[02:57:12] [Server thread/INFO]: Mk_Bolo joined the game
[02:57:12] [Netty Epoll Server IO #2/WARN]: Received invalid identifier in minecraft:register: legacy:fml|hs (Non [a-z0-9/._-] character in path of location: legacy:fml|hs)
[02:57:23] [Server thread/INFO]: <MAX_XiaoKui> hi
[02:57:52] [Server thread/INFO]: <Mk_Bolo> o/
[02:57:56] [Server thread/INFO]: <Mk_Bolo> 刚注册完
[02:58:00] [Server thread/INFO]: Can only manipulate existing players
[02:58:20] [Server thread/WARN]: Can't keep up! Is the server overloaded? Running 2005ms or 40 ticks behind
[02:58:40] [Server thread/WARN]: Can't keep up! Is the server overloaded? Running 5042ms or 100 ticks behind
[02:58:50] [Server thread/INFO]: [Mk_Bolo: Triggered [options]]
[02:58:57] [Server thread/WARN]: Can't keep up! Is the server overloaded? Running 2112ms or 42 ticks behind
[02:58:57] [Server thread/INFO]: [Mk_Bolo: Triggered [scoreSwitch] (set value to 1)]
[02:59:00] [Server thread/INFO]: Can only manipulate existing players
[02:59:15] [Server thread/WARN]: Can't keep up! Is the server overloaded? Running 2935ms or 58 ticks behind
[03:00:00] [Server thread/INFO]: Can only manipulate existing players
[03:00:08] [Server thread/INFO]: Mk_Bolo was slain by Drowned
[03:00:10] [Server thread/WARN]: Can't keep up! Is the server overloaded? Running 2001ms or 40 ticks behind
[03:00:35] [Server thread/WARN]: Can't keep up! Is the server overloaded? Running 2004ms or 40 ticks behind
[03:00:41] [Server thread/INFO]: <Mk_Bolo> 服务器mspt怎么这么高
[03:00:53] [Server thread/WARN]: Can't keep up! Is the server overloaded? Running 2006ms or 40 ticks behind
[03:00:59] [Server thread/INFO]: <MAX_XiaoKui> 好像有假人挂着
[03:01:00] [Server thread/INFO]: Can only manipulate existing players
[03:01:50] [Server thread/INFO]: <Mk_Bolo> ./tick entities你设了权限啊
[03:02:00] [Server thread/INFO]: Can only manipulate existing players
[03:02:05] [Server thread/INFO]: <MAX_XiaoKui> 嗯，只有后台能搞
[03:02:05] [Server thread/INFO]: <Mk_Bolo> 我还想看看啥占用这么多mspt...
[03:02:38] [Server thread/INFO]: 
[03:02:38] [Server thread/INFO]: Average tick time: 63.176ms
[03:02:38] [Server thread/INFO]: Top 10 counts:
[03:02:38] [Server thread/INFO]:  - hopper in overworld: 1466.0
[03:02:38] [Server thread/INFO]:  - chest in overworld: 943.0
[03:02:38] [Server thread/INFO]:  - furnace in overworld: 214.0
[03:02:38] [Server thread/INFO]:  - enderman in the_nether: 149.1
[03:02:38] [Server thread/INFO]:  - iron_golem in overworld: 138.0
[03:02:38] [Server thread/INFO]:  - shulker_box in overworld: 101.0
[03:02:38] [Server thread/INFO]:  - zombie in overworld: 86.3
[03:02:38] [Server thread/INFO]:  - pig in overworld: 86.0
[03:02:38] [Server thread/INFO]:  - item in overworld: 80.0
[03:02:38] [Server thread/INFO]:  - strider in the_nether: 70.0
[03:02:38] [Server thread/INFO]: Top 10 CPU hogs:
[03:02:38] [Server thread/INFO]:  - enderman in the_nether: 10.60ms
[03:02:38] [Server thread/INFO]:  - iron_golem in overworld: 4.53ms
[03:02:38] [Server thread/INFO]:  - zombified_piglin in the_nether: 4.01ms
[03:02:38] [Server thread/INFO]:  - strider in the_nether: 3.99ms
[03:02:38] [Server thread/INFO]:  - zombie in overworld: 3.06ms
[03:02:38] [Server thread/INFO]:  - hopper in overworld: 2.24ms
[03:02:38] [Server thread/INFO]:  - cod in overworld: 2.18ms
[03:02:38] [Server thread/INFO]:  - piglin in the_nether: 1.64ms
[03:02:38] [Server thread/INFO]:  - creeper in overworld: 1.48ms
[03:02:38] [Server thread/INFO]:  - skeleton in overworld: 1.35ms
[03:02:52] [Server thread/INFO]: <MAX_XiaoKui> [03:02:38] [Server thread/INFO]: Average tick time: 63.176ms[03:02:38] [Server thread/INFO]: Top 10 counts:[03:02:38] [Server thread/INFO]: - hopper in overworld: 1466.0[03:02:38] [Server thread/INFO]: - chest in overworld: 943.0[03:02:38] [Server thread
[03:02:54] [Server thread/INFO]: Mk_Bolo has made the advancement [We Need to Go Deeper]
[03:03:00] [Server thread/INFO]: Can only manipulate existing players
[03:03:27] [Server thread/INFO]: <Mk_Bolo> 这个是数量，下面还有一段
[03:03:37] [Server thread/INFO]: <MAX_XiaoKui> 发群里了
[03:04:00] [Server thread/INFO]: Can only manipulate existing players
[03:04:22] [Server thread/INFO]: <Mk_Bolo> 小黑占用这么多..
[03:05:00] [Server thread/INFO]: Can only manipulate existing players
[03:05:18] [Server thread/INFO]: <MAX_XiaoKui> 随便白嫖
[03:05:33] [Server thread/INFO]: <Mk_Bolo> 共产服吗
[03:05:36] [Server thread/INFO]: <MAX_XiaoKui> en
[03:06:00] [Server thread/INFO]: Can only manipulate existing players
[03:06:57] [Server thread/INFO]: <MAX_XiaoKui> 过来拿点物资
[03:07:00] [Server thread/INFO]: Can only manipulate existing players
[03:08:00] [Server thread/INFO]: Can only manipulate existing players
[03:08:21] [Server thread/INFO]: tnt lost connection: Killed
[03:08:21] [Server thread/INFO]: tnt left the game
[03:08:52] [Server thread/WARN]: Fetching packet for removed entity class_1542['Air'/336495, l='ServerLevel[world]', x=-401.70, y=74.26, z=460.50]
[03:09:00] [Server thread/INFO]: Can only manipulate existing players
[03:09:00] [Server thread/INFO]: <Mk_Bolo> 你们用的炸怪塔吗，刷火药这么多mspt...
[03:09:06] [Server thread/INFO]: <MAX_XiaoKui> 不是
[03:09:26] [Server thread/INFO]: <MAX_XiaoKui> 没那肝造那玩意
[03:09:45] [Server thread/INFO]: <Mk_Bolo> 哈哈我们也是
[03:09:58] [Server thread/INFO]: <Mk_Bolo> 不过怎么mspt还是这么高
[03:10:00] [Server thread/INFO]: Can only manipulate existing players
[03:10:09] [Server thread/INFO]: <MAX_XiaoKui> 服务器是洋垃圾
[03:10:17] [Server thread/INFO]: <Mk_Bolo> vps吗
[03:10:20] [Server thread/INFO]: <MAX_XiaoKui> 嗯
[03:10:26] [Server thread/INFO]: <Mk_Bolo> +1
[03:10:29] [Server thread/INFO]: <MAX_XiaoKui> 穷
[03:10:50] [Server thread/INFO]: <Mk_Bolo> 什么u
[03:10:51] [Server thread/INFO]: <MAX_XiaoKui> 之前还有个阿里云学生机但是现在不在用
[03:11:00] [Server thread/INFO]: Can only manipulate existing players
[03:11:10] [Server thread/INFO]: <MAX_XiaoKui> E5-2690 v2
[03:11:12] [Server thread/INFO]: <Mk_Bolo> 阿里云便宜的不行，贵的太贵....
[03:11:17] [Server thread/INFO]: <MAX_XiaoKui> 嗯
[03:11:32] [Server thread/INFO]: <MAX_XiaoKui> 租的是4个核
[03:11:35] [Server thread/INFO]: <Mk_Bolo> 我跟老王一样，9900ks
[03:11:51] [Server thread/INFO]: <Mk_Bolo> 你是高中生吗
[03:11:51] [Server thread/INFO]: <MAX_XiaoKui> 你们在哪租的
[03:11:53] [Server thread/INFO]: <MAX_XiaoKui> en
[03:12:00] [Server thread/INFO]: Can only manipulate existing players
[03:12:24] [Server thread/INFO]: <Mk_Bolo> 难怪，我大学生平时生活费攒攒就能续费了
[03:12:27] [Server thread/INFO]: <MAX_XiaoKui> 你们在哪租的
[03:12:58] [Server thread/INFO]: <Mk_Bolo> 我是幻境云,老王是自己组的主机然后送去托管
[03:13:00] [Server thread/INFO]: Can only manipulate existing players
[03:13:06] [Server thread/INFO]: <Mk_Bolo> 在哪儿托管我不晓得
[03:13:18] [Server thread/INFO]: <MAX_XiaoKui> 托管……他很有钱？
[03:13:27] [Server thread/INFO]: <Mk_Bolo> 一个月一千多哈哈哈
[03:13:35] [Server thread/INFO]: <Mk_Bolo> 天天找我要赞助
[03:14:00] [Server thread/INFO]: Can only manipulate existing players
[03:14:04] [Server thread/INFO]: <MAX_XiaoKui> 幻境云我好像听说过，有一次（几年前）想租被价格劝退了
[03:14:31] [Server thread/INFO]: <Mk_Bolo> 确实贵了点，但机子用了还行，学生党还是谨慎一些
[03:14:45] [Server thread/INFO]: <MAX_XiaoKui> 大概什么个价格
[03:15:00] [Server thread/INFO]: Can only manipulate existing players
[03:15:21] [Server thread/INFO]: <Mk_Bolo> 我9900ks 4c16G 20M带宽 一个月620
[03:15:31] [Server thread/INFO]: <MAX_XiaoKui> ..
[03:15:45] [Server thread/INFO]: <Mk_Bolo> 比起老王的便宜太多了哈哈哈
[03:15:51] [Server thread/INFO]: <MAX_XiaoKui> 我这一个月80……
[03:15:55] [Server thread/INFO]: <Mk_Bolo> ...
[03:16:00] [Server thread/INFO]: Can only manipulate existing players
[03:16:15] [Server thread/INFO]: <Mk_Bolo> 其实技术服建议租的好一点
[03:16:26] [Server thread/INFO]: <Mk_Bolo> 很多机器都占mspt
[03:16:31] [Server thread/INFO]: <MAX_XiaoKui> ?
[03:16:54] [Server thread/INFO]: <Mk_Bolo> 有鞘翅可以白嫖不
[03:17:00] [Server thread/INFO]: Can only manipulate existing players
[03:17:03] [Server thread/INFO]: <MAX_XiaoKui> 可以
[03:17:32] [Server thread/INFO]: <Mk_Bolo> 我参观一下你服务器的设施
[03:17:56] [Server thread/INFO]: <MAX_XiaoKui> 群文件-在线文档有不是很详细的设施列表
[03:18:00] [Server thread/INFO]: Can only manipulate existing players
[03:18:07] [Server thread/INFO]: <Mk_Bolo> en
[03:18:36] [Server thread/INFO]: <Mk_Bolo> 视距多少
[03:18:39] [Server thread/INFO]: <MAX_XiaoKui> 8
[03:19:00] [Server thread/INFO]: Can only manipulate existing players
[03:19:45] [Server thread/INFO]: <Mk_Bolo> ./tick 指令用不了你们平时怎么挂空置域的
[03:19:57] [Server thread/INFO]: <MAX_XiaoKui> 就这么挂啊（
[03:20:00] [Server thread/INFO]: Can only manipulate existing players
[03:20:05] [Server thread/INFO]: <Mk_Bolo> 太肝了
[03:20:24] [Server thread/INFO]: <MAX_XiaoKui> 但是现在空置域就一个出生点
[03:20:37] [Server thread/INFO]: <MAX_XiaoKui> 虽说还在炸，之前只炸了16*16
[03:21:00] [Server thread/INFO]: Can only manipulate existing players
[03:21:21] [Server thread/INFO]: <Mk_Bolo> 出生点我是fill的，正在做的二联女巫是炸的
[03:21:43] [Server thread/INFO]: <MAX_XiaoKui> 作弊，啊这，，
[03:22:00] [Server thread/INFO]: Can only manipulate existing players
[03:22:57] [Server thread/INFO]: <Mk_Bolo> 哈哈，主要是刚开服那会儿想尽可能的较少卡顿
[03:23:00] [Server thread/INFO]: Can only manipulate existing players
[03:23:14] [Server thread/INFO]: <MAX_XiaoKui> 我一开始还是1C1G
[03:23:24] [Server thread/INFO]: <Mk_Bolo> 也让一些人放弃在出生点做建筑的想法
[03:24:00] [Server thread/INFO]: Can only manipulate existing players
[03:24:26] [Server thread/INFO]: <Mk_Bolo> 所以对外我都是先说好我出生点怎么设置怎么规定的，同时声明不是纯技术服
[03:25:00] [Server thread/INFO]: Can only manipulate existing players
[03:26:00] [Server thread/INFO]: Can only manipulate existing players
[03:27:00] [Server thread/INFO]: Can only manipulate existing players
[03:28:00] [Server thread/INFO]: Can only manipulate existing players
[03:29:00] [Server thread/INFO]: Can only manipulate existing players
[03:29:48] [Server thread/INFO]: Backup started by: Timer on: 2020-08-13_03-29-48
[03:29:48] [Server thread/INFO]: Saving server...
[03:29:49] [Server thread/INFO]: ThreadedAnvilChunkStorage (world): All chunks are saved
[03:29:49] [Server thread/INFO]: ThreadedAnvilChunkStorage (DIM-1): All chunks are saved
[03:29:49] [Server thread/INFO]: ThreadedAnvilChunkStorage (DIM1): All chunks are saved
[03:29:49] [pool-3-thread-1/INFO]: Starting backup
[03:29:49] [pool-3-thread-1/INFO]: Starting compression...
[03:29:55] [pool-3-thread-1/INFO]: Compression took: 06.042 seconds.
[03:29:55] [pool-3-thread-1/INFO]: Deleting: 2020-08-12_13-14-36.zip
[03:29:55] [pool-3-thread-1/INFO]: Done!
[03:30:00] [Server thread/INFO]: Can only manipulate existing players
[03:31:00] [Server thread/INFO]: Can only manipulate existing players
[03:32:00] [Server thread/INFO]: Can only manipulate existing players
[03:33:00] [Server thread/INFO]: Can only manipulate existing players
[03:33:28] [Server thread/WARN]: Fetching packet for removed entity class_1542['Air'/343364, l='ServerLevel[world]', x=-401.70, y=70.26, z=478.50]
[03:33:32] [Server thread/WARN]: Fetching packet for removed entity class_1542['Air'/343384, l='ServerLevel[world]', x=-367.30, y=70.26, z=480.50]
[03:34:00] [Server thread/INFO]: Can only manipulate existing players
[03:34:44] [Server thread/WARN]: Fetching packet for removed entity class_1542['Air'/343655, l='ServerLevel[world]', x=-367.30, y=74.26, z=440.50]
[03:35:00] [Server thread/INFO]: Can only manipulate existing players
[03:36:00] [Server thread/INFO]: Can only manipulate existing players
[03:37:00] [Server thread/INFO]: Can only manipulate existing players
[03:38:00] [Server thread/INFO]: Can only manipulate existing players
[03:39:00] [Server thread/INFO]: Can only manipulate existing players
[03:39:41] [Server thread/INFO]: Mk_Bolo has made the advancement [Eye Spy]
[03:39:45] [Server thread/INFO]: Mk_Bolo has made the advancement [The End?]
[03:39:46] [Server thread/INFO]: Mk_Bolo has made the advancement [Bring Home the Beacon]
[03:40:00] [Server thread/INFO]: Can only manipulate existing players
[03:41:00] [Server thread/INFO]: Can only manipulate existing players
[03:42:00] [Server thread/INFO]: Can only manipulate existing players
[03:43:00] [Server thread/INFO]: Can only manipulate existing players
[03:43:58] [Server thread/INFO]: <MAX_XiaoKui> 89
[03:44:00] [Server thread/INFO]: Can only manipulate existing players
[03:45:00] [Server thread/INFO]: Can only manipulate existing players
[03:46:00] [Server thread/INFO]: Can only manipulate existing players
[03:47:00] [Server thread/INFO]: Can only manipulate existing players
[03:48:00] [Server thread/INFO]: Can only manipulate existing players
[03:49:00] [Server thread/INFO]: Can only manipulate existing players
[03:50:00] [Server thread/INFO]: Can only manipulate existing players
[03:51:00] [Server thread/INFO]: Can only manipulate existing players
[03:52:00] [Server thread/INFO]: Can only manipulate existing players
[03:53:00] [Server thread/INFO]: Can only manipulate existing players
[03:54:00] [Server thread/INFO]: Can only manipulate existing players
[03:55:00] [Server thread/INFO]: Can only manipulate existing players
[03:56:00] [Server thread/INFO]: Can only manipulate existing players
[03:57:00] [Server thread/INFO]: Can only manipulate existing players
[03:58:00] [Server thread/INFO]: Can only manipulate existing players
[03:59:00] [Server thread/INFO]: Can only manipulate existing players
[04:00:00] [Server thread/INFO]: Can only manipulate existing players
[04:01:00] [Server thread/INFO]: Can only manipulate existing players
[04:02:00] [Server thread/INFO]: Can only manipulate existing players
[04:03:00] [Server thread/INFO]: Can only manipulate existing players
[04:04:00] [Server thread/INFO]: Can only manipulate existing players
[04:05:00] [Server thread/INFO]: Can only manipulate existing players
[04:06:00] [Server thread/INFO]: Can only manipulate existing players
[04:07:00] [Server thread/INFO]: Can only manipulate existing players
[04:08:00] [Server thread/INFO]: Can only manipulate existing players
[04:09:00] [Server thread/INFO]: Can only manipulate existing players
[04:09:27] [Server thread/INFO]: MAX_XiaoKui lost connection: Disconnected
[04:09:27] [Server thread/INFO]: MAX_XiaoKui left the game
[04:10:00] [Server thread/INFO]: Can only manipulate existing players
[04:11:00] [Server thread/INFO]: Can only manipulate existing players
[04:12:00] [Server thread/INFO]: Can only manipulate existing players
[04:13:00] [Server thread/INFO]: Can only manipulate existing players
[04:14:00] [Server thread/INFO]: Can only manipulate existing players
[04:15:00] [Server thread/INFO]: Can only manipulate existing players
[04:16:00] [Server thread/INFO]: Can only manipulate existing players
[04:17:00] [Server thread/INFO]: Can only manipulate existing players
[04:18:00] [Server thread/INFO]: Can only manipulate existing players
[04:19:00] [Server thread/INFO]: Can only manipulate existing players
[04:20:00] [Server thread/INFO]: Can only manipulate existing players
[04:21:00] [Server thread/INFO]: Can only manipulate existing players
[04:21:57] [Server thread/INFO]: Mk_Bolo lost connection: Disconnected
[04:21:57] [Server thread/INFO]: Mk_Bolo left the game
[04:22:00] [Server thread/INFO]: Can only manipulate existing players
[04:23:00] [Server thread/INFO]: Can only manipulate existing players
[04:24:00] [Server thread/INFO]: Can only manipulate existing players
[04:25:00] [Server thread/INFO]: Can only manipulate existing players
[04:26:00] [Server thread/INFO]: Can only manipulate existing players
[04:27:00] [Server thread/INFO]: Can only manipulate existing players
[04:28:00] [Server thread/INFO]: Can only manipulate existing players
[04:29:00] [Server thread/INFO]: Can only manipulate existing players
[04:29:48] [Server thread/INFO]: Backup started by: Timer on: 2020-08-13_04-29-48
[04:29:48] [Server thread/INFO]: Saving server...
[04:29:48] [Server thread/INFO]: ThreadedAnvilChunkStorage (world): All chunks are saved
[04:29:48] [Server thread/INFO]: ThreadedAnvilChunkStorage (DIM-1): All chunks are saved
[04:29:48] [Server thread/INFO]: ThreadedAnvilChunkStorage (DIM1): All chunks are saved
[04:29:48] [pool-3-thread-1/INFO]: Starting backup
[04:29:48] [pool-3-thread-1/INFO]: Starting compression...
[04:29:52] [pool-3-thread-1/INFO]: Compression took: 04.147 seconds.
[04:29:52] [pool-3-thread-1/INFO]: Deleting: 2020-08-12_13-28-15#shutdown.zip
[04:29:52] [pool-3-thread-1/INFO]: Done!
[04:30:00] [Server thread/INFO]: Can only manipulate existing players
[04:31:00] [Server thread/INFO]: Can only manipulate existing players
[04:32:00] [Server thread/INFO]: Can only manipulate existing players
[04:33:00] [Server thread/INFO]: Can only manipulate existing players
[04:34:00] [Server thread/INFO]: Can only manipulate existing players
[04:35:00] [Server thread/INFO]: Can only manipulate existing players
[04:36:00] [Server thread/INFO]: Can only manipulate existing players
[04:37:00] [Server thread/INFO]: Can only manipulate existing players
[04:38:00] [Server thread/INFO]: Can only manipulate existing players
[04:39:00] [Server thread/INFO]: Can only manipulate existing players
[04:40:00] [Server thread/INFO]: Can only manipulate existing players
[04:41:00] [Server thread/INFO]: Can only manipulate existing players
[04:42:00] [Server thread/INFO]: Can only manipulate existing players
[04:43:00] [Server thread/INFO]: Can only manipulate existing players
[04:44:00] [Server thread/INFO]: Can only manipulate existing players
[04:45:00] [Server thread/INFO]: Can only manipulate existing players
[04:46:00] [Server thread/INFO]: Can only manipulate existing players
[04:47:00] [Server thread/INFO]: Can only manipulate existing players
[04:48:00] [Server thread/INFO]: Can only manipulate existing players
[04:49:00] [Server thread/INFO]: Can only manipulate existing players
[04:50:00] [Server thread/INFO]: Can only manipulate existing players
[04:51:00] [Server thread/INFO]: Can only manipulate existing players
[04:52:00] [Server thread/INFO]: Can only manipulate existing players
[04:53:00] [Server thread/INFO]: Can only manipulate existing players
[04:54:00] [Server thread/INFO]: Can only manipulate existing players
[04:55:00] [Server thread/INFO]: Can only manipulate existing players
[04:56:00] [Server thread/INFO]: Can only manipulate existing players
[04:57:00] [Server thread/INFO]: Can only manipulate existing players
[04:58:00] [Server thread/INFO]: Can only manipulate existing players
[04:59:00] [Server thread/INFO]: Can only manipulate existing players
[05:00:00] [Server thread/INFO]: Can only manipulate existing players
[05:01:00] [Server thread/INFO]: Can only manipulate existing players
[05:02:00] [Server thread/INFO]: Can only manipulate existing players
[05:03:00] [Server thread/INFO]: Can only manipulate existing players
[05:04:00] [Server thread/INFO]: Can only manipulate existing players
[05:05:00] [Server thread/INFO]: Can only manipulate existing players
[05:06:00] [Server thread/INFO]: Can only manipulate existing players
[05:07:00] [Server thread/INFO]: Can only manipulate existing players
[05:08:00] [Server thread/INFO]: Can only manipulate existing players
[05:09:00] [Server thread/INFO]: Can only manipulate existing players
[05:10:00] [Server thread/INFO]: Can only manipulate existing players
[05:11:00] [Server thread/INFO]: Can only manipulate existing players
[05:12:00] [Server thread/INFO]: Can only manipulate existing players
[05:13:00] [Server thread/INFO]: Can only manipulate existing players
[05:14:00] [Server thread/INFO]: Can only manipulate existing players
[05:15:00] [Server thread/INFO]: Can only manipulate existing players
[05:16:00] [Server thread/INFO]: Can only manipulate existing players
[05:17:00] [Server thread/INFO]: Can only manipulate existing players
[05:18:00] [Server thread/INFO]: Can only manipulate existing players
[05:19:00] [Server thread/INFO]: Can only manipulate existing players
[05:20:00] [Server thread/INFO]: Can only manipulate existing players
[05:21:00] [Server thread/INFO]: Can only manipulate existing players
[05:22:00] [Server thread/INFO]: Can only manipulate existing players
[05:23:00] [Server thread/INFO]: Can only manipulate existing players
[05:24:00] [Server thread/INFO]: Can only manipulate existing players
[05:25:00] [Server thread/INFO]: Can only manipulate existing players
[05:25:01] [Server thread/INFO]: [Server] 服务器将在5分钟后关闭备份存档，6:01继续开启
[05:26:00] [Server thread/INFO]: Can only manipulate existing players
[05:27:00] [Server thread/INFO]: Can only manipulate existing players
[05:28:00] [Server thread/INFO]: Can only manipulate existing players
[05:29:00] [Server thread/INFO]: Can only manipulate existing players
[05:30:00] [Server thread/INFO]: Can only manipulate existing players
[05:30:01] [Server thread/INFO]: Stopping the server
[05:30:01] [Server thread/INFO]: Unknown or incomplete command, see below for error
[05:30:01] [Server thread/INFO]: end<--[HERE]
[05:30:01] [Server thread/INFO]: Unknown or incomplete command, see below for error
[05:30:01] [Server thread/INFO]: exit<--[HERE]
[05:30:01] [Server thread/INFO]: Stopping server
[05:30:01] [Server thread/INFO]: Saving players
[05:30:01] [Server thread/INFO]: Saving worlds
[05:30:01] [Server thread/INFO]: Saving chunks for level 'ServerLevel[world]'/minecraft:overworld
[05:30:01] [Server thread/INFO]: ThreadedAnvilChunkStorage (world): All chunks are saved
[05:30:01] [Server thread/INFO]: Saving chunks for level 'ServerLevel[world]'/minecraft:the_nether
[05:30:01] [Server thread/INFO]: ThreadedAnvilChunkStorage (DIM-1): All chunks are saved
[05:30:01] [Server thread/INFO]: Saving chunks for level 'ServerLevel[world]'/minecraft:the_end
[05:30:01] [Server thread/INFO]: ThreadedAnvilChunkStorage (DIM1): All chunks are saved
[05:30:01] [Server thread/INFO]: Backup started by: Server Shutdown on: 2020-08-13_05-30-01
[05:30:01] [pool-3-thread-1/INFO]: Starting backup
[05:30:01] [pool-3-thread-1/INFO]: Starting compression...
[05:30:01] [Server thread/INFO]: ThreadedAnvilChunkStorage (world): All chunks are saved
[05:30:01] [Server thread/INFO]: ThreadedAnvilChunkStorage (DIM-1): All chunks are saved
[05:30:01] [Server thread/INFO]: ThreadedAnvilChunkStorage (DIM1): All chunks are saved
[05:30:01] [Server thread/INFO]: Thread RCON Listener stopped
[05:30:05] [pool-3-thread-1/INFO]: Compression took: 04.218 seconds.
[05:30:05] [pool-3-thread-1/INFO]: Deleting: 2020-08-12_14-29-53.zip
[05:30:05] [pool-3-thread-1/INFO]: Done!
