[15:31:38] [main/INFO]: Loading for game Minecraft 1.16.4
[15:31:38] [main/INFO]: [FabricLoader] Loading 42 mods: fabric-screen-handler-api-v1@1.1.0+6a2618f53a, minecraft@1.16.4, fabric-renderer-api-v1@0.3.3+6a2618f53a, fabric-networking-blockentity-v0@0.2.5+6a2618f53a, fabric-keybindings-v0@0.2.0+6a2618f53a, fabric-command-api-v1@1.0.9+6a2618f53a, fabricloader@0.10.8, fabric-tool-attribute-api-v1@1.2.5+6a2618f53a, fabric-renderer-indigo@0.4.3+6a2618f53a, fabric-structure-api-v1@1.1.1+f1d8af063a, fabric-containers-v0@0.1.8+6a2618f53a, fabric-dimensions-v1@2.0.1+9a6c75813a, fabric-object-builder-api-v1@1.9.2+6a2618f53a, fabric-crash-report-info-v1@0.1.2+b7f9825d3a, fabric-events-interaction-v0@0.4.1+6a2618f53a, fabric-item-api-v1@1.2.0+6a2618f53a, fabric-game-rule-api-v1@1.0.3+a4467d2a3a, fabric-api-base@0.2.0+ab87788d3a, fabric-rendering-v0@1.1.1+6a2618f53a, fabric-rendering-v1@1.4.0+6a2618f53a, fabric-key-binding-api-v1@1.0.1+730711c63a, fabric-rendering-data-attachment-v1@0.1.4+6a2618f53a, fabric-resource-loader-v0@0.3.2+1944f3e03a, fabric-textures-v0@1.0.5+6a2618f53a, fabric-content-registries-v0@0.2.0+e77439c73a, fabric-tag-extensions-v0@1.1.0+e77439c73a, fabric-biome-api-v1@3.1.0+2e23b97c3a, fabric-rendering-fluids-v1@0.1.12+6a2618f53a, fabric-commands-v0@0.2.0+6a2618f53a, fabric-registry-sync-v0@0.7.1+285766753a, fabric-blockrenderlayer-v1@1.1.4+6a2618f53a, fabric-lifecycle-events-v1@1.2.0+6a2618f53a, fabric-mining-levels-v0@0.1.2+6a2618f53a, fabric-renderer-registries-v1@2.2.0+6a2618f53a, fabric-events-lifecycle-v0@0.2.0+6a2618f53a, fabric-loot-tables-v1@1.0.1+6a2618f53a, fabric@0.27.1+1.16, fabric-particles-v1@0.2.2+6a2618f53a, fabric-models-v0@0.1.1+6a2618f53a, fabric-item-groups-v0@0.2.1+6a2618f53a, fabric-object-builders-v0@0.7.1+6a2618f53a, fabric-networking-v0@0.1.10+6a2618f53a
[15:31:38] [main/INFO]: SpongePowered MIXIN Subsystem Version=0.8.2 Source=file:/home/container/fabric-server-launch.jar Service=Knot/Fabric Env=SERVER
[15:31:49] [main/INFO]: Environment: authHost='https://authserver.mojang.com', accountsHost='https://api.mojang.com', sessionHost='https://sessionserver.mojang.com', servicesHost='https://api.minecraftservices.com', name='PROD'
[15:31:49] [main/WARN]: Ambiguity between arguments [teleport, destination] and [teleport, targets] with inputs: [Player, 0123, @e, dd12be42-52a9-4a91-a8a1-11c01849e498]
[15:31:49] [main/WARN]: Ambiguity between arguments [teleport, location] and [teleport, destination] with inputs: [0.1 -0.5 .9, 0 0 0]
[15:31:49] [main/WARN]: Ambiguity between arguments [teleport, location] and [teleport, targets] with inputs: [0.1 -0.5 .9, 0 0 0]
[15:31:49] [main/WARN]: Ambiguity between arguments [teleport, targets] and [teleport, destination] with inputs: [Player, 0123, dd12be42-52a9-4a91-a8a1-11c01849e498]
[15:31:49] [main/WARN]: Ambiguity between arguments [teleport, targets, location] and [teleport, targets, destination] with inputs: [0.1 -0.5 .9, 0 0 0]
[15:31:49] [main/INFO]: Reloading ResourceManager: Default, bukkit, skimit-DataPack, Fabric Tool Attribute API (v1)
[15:31:51] [Worker-Main-5/INFO]: Loaded 7 recipes
[15:31:51] [Worker-Main-5/ERROR]: Failed to load function fz:carpet/script
java.util.concurrent.CompletionException: java.lang.IllegalArgumentException: Whilst parsing command on line 1: Incorrect argument for command at position 45: ...arpet run <--[HERE]
	at java.util.concurrent.CompletableFuture.encodeThrowable(CompletableFuture.java:273) ~[?:1.8.0_275]
	at java.util.concurrent.CompletableFuture.completeThrowable(CompletableFuture.java:280) [?:1.8.0_275]
	at java.util.concurrent.CompletableFuture$AsyncSupply.run(CompletableFuture.java:1606) [?:1.8.0_275]
	at java.util.concurrent.CompletableFuture$AsyncSupply.exec(CompletableFuture.java:1596) [?:1.8.0_275]
	at java.util.concurrent.ForkJoinTask.doExec(ForkJoinTask.java:289) [?:1.8.0_275]
	at java.util.concurrent.ForkJoinPool$WorkQueue.runTask(ForkJoinPool.java:1056) [?:1.8.0_275]
	at java.util.concurrent.ForkJoinPool.runWorker(ForkJoinPool.java:1692) [?:1.8.0_275]
	at java.util.concurrent.ForkJoinWorkerThread.run(ForkJoinWorkerThread.java:175) [?:1.8.0_275]
Caused by: java.lang.IllegalArgumentException: Whilst parsing command on line 1: Incorrect argument for command at position 45: ...arpet run <--[HERE]
	at net.minecraft.class_2158.method_9195(class_2158.java:62) ~[intermediary-server.jar:?]
	at net.minecraft.class_5349.method_29451(class_5349.java:86) ~[intermediary-server.jar:?]
	at java.util.concurrent.CompletableFuture$AsyncSupply.run(CompletableFuture.java:1604) ~[?:1.8.0_275]
	... 5 more
[15:31:51] [Worker-Main-5/ERROR]: Failed to load function fz:carpet/scarpettagplayer
java.util.concurrent.CompletionException: java.lang.IllegalArgumentException: Whilst parsing command on line 1: Incorrect argument for command at position 48: ...arpet run <--[HERE]
	at java.util.concurrent.CompletableFuture.encodeThrowable(CompletableFuture.java:273) ~[?:1.8.0_275]
	at java.util.concurrent.CompletableFuture.completeThrowable(CompletableFuture.java:280) [?:1.8.0_275]
	at java.util.concurrent.CompletableFuture$AsyncSupply.run(CompletableFuture.java:1606) [?:1.8.0_275]
	at java.util.concurrent.CompletableFuture$AsyncSupply.exec(CompletableFuture.java:1596) [?:1.8.0_275]
	at java.util.concurrent.ForkJoinTask.doExec(ForkJoinTask.java:289) [?:1.8.0_275]
	at java.util.concurrent.ForkJoinPool$WorkQueue.runTask(ForkJoinPool.java:1056) [?:1.8.0_275]
	at java.util.concurrent.ForkJoinPool.runWorker(ForkJoinPool.java:1692) [?:1.8.0_275]
	at java.util.concurrent.ForkJoinWorkerThread.run(ForkJoinWorkerThread.java:175) [?:1.8.0_275]
Caused by: java.lang.IllegalArgumentException: Whilst parsing command on line 1: Incorrect argument for command at position 48: ...arpet run <--[HERE]
	at net.minecraft.class_2158.method_9195(class_2158.java:62) ~[intermediary-server.jar:?]
	at net.minecraft.class_5349.method_29451(class_5349.java:86) ~[intermediary-server.jar:?]
	at java.util.concurrent.CompletableFuture$AsyncSupply.run(CompletableFuture.java:1604) ~[?:1.8.0_275]
	... 5 more
[15:31:51] [Worker-Main-5/INFO]: Loaded 927 advancements
[15:31:53] [main/INFO]: Applied 0 biome modifications to 0 of 79 new biomes in 2.940 ms
[15:31:53] [main/WARN]: [fabric-registry-sync] Could not find the following registries: minecraft:biome_source_type, minecraft:block_state_provider_type, minecraft:dimension_type, minecraft:structure_piece, minecraft:carver, minecraft:block_placer_type, minecraft:decorator, minecraft:structure_feature, minecraft:surface_builder, minecraft:foliage_placer_type, minecraft:feature, minecraft:tree_decorator_type, minecraft:structure_pool_element, minecraft:biome, minecraft:chunk_generator_type, minecraft:structure_processor
[15:31:53] [main/INFO]: [fabric-registry-sync] Loaded registry data [file 1/4]
[15:31:53] [Server thread/INFO]: Starting minecraft server version 1.16.4
[15:31:53] [Server thread/INFO]: Loading properties
[15:31:53] [Server thread/INFO]: Default game type: SURVIVAL
[15:31:53] [Server thread/INFO]: Generating keypair
[15:31:53] [Server thread/INFO]: Starting Minecraft server on 0.0.0.0:10799
[15:31:53] [Server thread/INFO]: Using epoll channel type
[15:31:53] [Server thread/WARN]: **** SERVER IS RUNNING IN OFFLINE/INSECURE MODE!
[15:31:53] [Server thread/WARN]: The server will make no attempt to authenticate usernames. Beware.
[15:31:53] [Server thread/WARN]: While this makes the game possible to play without internet access, it also opens up the ability for hackers to connect with any username they choose.
[15:31:53] [Server thread/WARN]: To change this, set "online-mode" to "true" in the server.properties file.
[15:31:53] [Server thread/INFO]: Preparing level "world"
[15:31:54] [Server thread/INFO]: Preparing start region for dimension minecraft:overworld
[15:31:55] [Server thread/INFO]: Preparing spawn area: 0%
[15:31:55] [Server thread/INFO]: Preparing spawn area: 0%
[15:31:55] [Server thread/INFO]: Preparing spawn area: 0%
[15:31:55] [Server thread/INFO]: Preparing spawn area: 0%
[15:31:57] [Server thread/INFO]: Preparing spawn area: 0%
[15:31:57] [Server thread/INFO]: Preparing spawn area: 0%
[15:31:57] [Server thread/INFO]: Preparing spawn area: 0%
[15:31:57] [Server thread/INFO]: Preparing spawn area: 50%
[15:31:58] [Server thread/INFO]: Time elapsed: 3797 ms
[15:31:58] [Server thread/INFO]: Done (4.027s)! For help, type "help"
[15:31:58] [Server thread/INFO]: Starting GS4 status listener
[15:31:58] [Server thread/INFO]: Thread Query Listener started
[15:31:58] [Query Listener #1/INFO]: Query running on 0.0.0.0:10799
[15:32:36] [Server thread/INFO]: MAX_XiaoKui[/101.132.153.204:44675] logged in with entity id 260 at (-149.16347505482054, 102.0, 401.03037475310623)
[15:32:36] [Server thread/INFO]: MAX_XiaoKui joined the game
[15:32:36] [Netty Epoll Server IO #2/WARN]: Received invalid identifier in minecraft:register: legacy:fml|hs (Non [a-z0-9/._-] character in path of location: legacy:fml|hs)
[15:32:39] [Server thread/INFO]: MAX_XiaoKui lost connection: Disconnected
[15:32:39] [Server thread/INFO]: MAX_XiaoKui left the game
[15:33:11] [Server thread/INFO]: MAX_XiaoKui[/101.132.153.204:36095] logged in with entity id 455 at (-149.16347505482054, 102.0, 401.03037475310623)
[15:33:11] [Server thread/INFO]: MAX_XiaoKui joined the game
[15:33:11] [Netty Epoll Server IO #4/WARN]: Received invalid identifier in minecraft:register: legacy:fml|hs (Non [a-z0-9/._-] character in path of location: legacy:fml|hs)
[15:33:48] [Server thread/INFO]: <MAX_XiaoKui> 应该可以了，换了一个旧的API
[15:33:57] [Server thread/INFO]: MAX_XiaoKui lost connection: Disconnected
[15:33:57] [Server thread/INFO]: MAX_XiaoKui left the game
[15:34:31] [Server thread/INFO]: Stopping the server
[15:34:31] [Server thread/INFO]: Stopping server
[15:34:31] [Server thread/INFO]: Saving players
[15:34:31] [Server thread/INFO]: Saving worlds
[15:34:31] [Server thread/INFO]: Saving chunks for level 'ServerLevel[world]'/minecraft:overworld
[15:34:32] [Server thread/INFO]: ThreadedAnvilChunkStorage (world): All chunks are saved
[15:34:32] [Server thread/INFO]: Saving chunks for level 'ServerLevel[world]'/minecraft:the_nether
[15:34:32] [Server thread/INFO]: ThreadedAnvilChunkStorage (DIM-1): All chunks are saved
[15:34:32] [Server thread/INFO]: Saving chunks for level 'ServerLevel[world]'/minecraft:the_end
[15:34:32] [Server thread/INFO]: ThreadedAnvilChunkStorage (DIM1): All chunks are saved
[15:34:32] [Server thread/INFO]: ThreadedAnvilChunkStorage (world): All chunks are saved
[15:34:32] [Server thread/INFO]: ThreadedAnvilChunkStorage (DIM-1): All chunks are saved
[15:34:32] [Server thread/INFO]: ThreadedAnvilChunkStorage (DIM1): All chunks are saved
[15:34:32] [Server thread/INFO]: Thread Query Listener stopped
