[18:29:44] [main/INFO]: Loading for game Minecraft 1.15.2
[18:29:45] [main/INFO]: [FabricLoader] Loading 4 mods: minecraft@1.15.2, carpet-extra@1.3.15, fabricloader@0.7.8+build.189, carpet@1.3.15
[18:29:45] [main/INFO]: SpongePowered MIXIN Subsystem Version=0.8 Source=file:/C:/Server/skimit_survival/fabric-server-launch.jar Service=Knot/Fabric Env=SERVER
[18:30:12] [main/WARN]: Ambiguity between arguments [teleport, destination] and [teleport, targets] with inputs: [Player, 0123, @e, dd12be42-52a9-4a91-a8a1-11c01849e498]
[18:30:12] [main/WARN]: Ambiguity between arguments [teleport, location] and [teleport, destination] with inputs: [0.1 -0.5 .9, 0 0 0]
[18:30:12] [main/WARN]: Ambiguity between arguments [teleport, location] and [teleport, targets] with inputs: [0.1 -0.5 .9, 0 0 0]
[18:30:12] [main/WARN]: Ambiguity between arguments [teleport, targets] and [teleport, destination] with inputs: [Player, 0123, dd12be42-52a9-4a91-a8a1-11c01849e498]
[18:30:12] [main/WARN]: Ambiguity between arguments [teleport, targets, location] and [teleport, targets, destination] with inputs: [0.1 -0.5 .9, 0 0 0]
[18:30:14] [Server thread/INFO]: Starting minecraft server version 1.15.2
[18:30:14] [Server thread/INFO]: Loading properties
[18:30:14] [Server thread/INFO]: Default game type: SURVIVAL
[18:30:14] [Server thread/INFO]: Generating keypair
[18:30:14] [Server thread/INFO]: Starting Minecraft server on *:26565
[18:30:14] [Server thread/INFO]: Using default channel type
[18:30:22] [Server thread/WARN]: **** SERVER IS RUNNING IN OFFLINE/INSECURE MODE!
[18:30:22] [Server thread/WARN]: The server will make no attempt to authenticate usernames. Beware.
[18:30:22] [Server thread/WARN]: While this makes the game possible to play without internet access, it also opens up the ability for hackers to connect with any username they choose.
[18:30:22] [Server thread/WARN]: To change this, set "online-mode" to "true" in the server.properties file.
[18:30:22] [Server thread/INFO]: Preparing level "skimit"
[18:30:23] [Server thread/INFO]: [CM]: loaded setting commandDraw as false from carpet.conf
[18:30:23] [Server thread/INFO]: [CM]: loaded setting rotatorBlock as true from carpet.conf
[18:30:23] [Server thread/INFO]: [CM]: loaded setting combineXPOrbs as true from carpet.conf
[18:30:23] [Server thread/INFO]: [CM]: loaded setting onePlayerSleeping as true from carpet.conf
[18:30:23] [Server thread/INFO]: [CM]: loaded setting portalSuffocationFix as true from carpet.conf
[18:30:23] [Server thread/INFO]: [CM]: loaded setting leadFix as true from carpet.conf
[18:30:23] [Server thread/INFO]: [CM]: loaded setting antiCheatDisabled as true from carpet.conf
[18:30:23] [Server thread/INFO]: [CM]: loaded setting defaultLoggers as tps from carpet.conf
[18:30:23] [Server thread/INFO]: [CM]: loaded setting commandCameramode as false from carpet.conf
[18:30:23] [Server thread/INFO]: [CM]: loaded setting unloadedEntityFix as true from carpet.conf
[18:30:23] [Server thread/INFO]: [CM]: loaded setting ctrlQCraftingFix as true from carpet.conf
[18:30:23] [Server thread/INFO]: [CM]: loaded setting commandTick as false from carpet.conf
[18:30:24] [Server thread/INFO]: Reloading ResourceManager: Default, bukkit
[18:30:27] [Server thread/INFO]: Loaded 6 recipes
[18:30:30] [Server thread/INFO]: Loaded 825 advancements
[18:31:11] [Server thread/INFO]: Preparing start region for dimension minecraft:overworld
[18:31:14] [Server thread/INFO]: Preparing spawn area: 0%
[18:31:14] [Server thread/INFO]: Preparing spawn area: 0%
[18:31:14] [Server thread/INFO]: Preparing spawn area: 0%
[18:31:14] [Server thread/INFO]: Preparing spawn area: 0%
[18:31:14] [Server thread/INFO]: Preparing spawn area: 0%
[18:31:14] [Server thread/INFO]: Preparing spawn area: 0%
[18:31:14] [Server thread/INFO]: Preparing spawn area: 0%
[18:31:14] [Server thread/INFO]: Preparing spawn area: 0%
[18:31:15] [Server thread/INFO]: Preparing spawn area: 0%
[18:31:15] [Server-Worker-1/INFO]: Preparing spawn area: 0%
[18:31:16] [Server-Worker-1/INFO]: Preparing spawn area: 0%
[18:31:16] [Server-Worker-1/INFO]: Preparing spawn area: 0%
[18:31:17] [Server-Worker-1/INFO]: Preparing spawn area: 0%
[18:31:18] [Server-Worker-1/INFO]: Preparing spawn area: 0%
[18:31:18] [Server-Worker-1/INFO]: Preparing spawn area: 0%
[18:31:18] [Server thread/INFO]: Preparing spawn area: 0%
[18:31:19] [Server thread/INFO]: Preparing spawn area: 0%
[18:31:19] [Server thread/INFO]: Preparing spawn area: 83%
[18:31:20] [Server-Worker-1/INFO]: Preparing spawn area: 83%
[18:31:21] [Server thread/INFO]: Time elapsed: 10283 ms
[18:31:21] [Server thread/INFO]: Done (59.043s)! For help, type "help"
[18:31:21] [Server thread/INFO]: Starting remote control listener
[18:31:22] [RCON Listener #1/INFO]: RCON running on 0.0.0.0:22140
[19:55:07] [Server thread/INFO]: Stopping the server
[19:55:07] [Server thread/INFO]: Unknown command
[19:55:07] [Server thread/INFO]: end<--[HERE]
[19:55:07] [Server thread/INFO]: Unknown command
[19:55:07] [Server thread/INFO]: exit<--[HERE]
[19:55:07] [Server thread/INFO]: Stopping server
[19:55:07] [Server thread/INFO]: Saving players
[19:55:07] [Server thread/INFO]: Saving worlds
[19:55:07] [Server thread/INFO]: Saving chunks for level 'skimit'/minecraft:the_end
[19:55:07] [Server thread/INFO]: ThreadedAnvilChunkStorage (DIM1): All chunks are saved
[19:55:07] [Server thread/INFO]: Saving chunks for level 'skimit'/minecraft:overworld
[19:55:08] [Server thread/INFO]: ThreadedAnvilChunkStorage (skimit): All chunks are saved
[19:55:08] [Server thread/INFO]: Saving chunks for level 'skimit'/minecraft:the_nether
[19:55:08] [Server thread/INFO]: ThreadedAnvilChunkStorage (DIM-1): All chunks are saved
[19:55:08] [Server thread/INFO]: ThreadedAnvilChunkStorage (DIM1): All chunks are saved
[19:55:08] [Server thread/INFO]: ThreadedAnvilChunkStorage (skimit): All chunks are saved
[19:55:08] [Server thread/INFO]: ThreadedAnvilChunkStorage (DIM-1): All chunks are saved
