[00:00:04] [Server thread/INFO]: na2hco3_CN has completed the challenge [Serious Dedication]
[00:02:05] [Server thread/INFO]: Plants352039 was slain by Zombie
[00:02:14] [Server thread/WARN]: Fetching packet for removed entity class_1303['Experience Orb'/56021, l='ServerLevel[world]', x=-73.88, y=69.65, z=826.04]
[00:09:03] [Server thread/INFO]: Plants352039 lost connection: Disconnected
[00:09:03] [Server thread/INFO]: Plants352039 left the game
[00:18:54] [Server thread/INFO]: <na2hco3_CN> 啊
[00:18:57] [Server thread/INFO]: <na2hco3_CN> 没人了嘛
[00:24:43] [Server thread/INFO]: na2hco3_CN lost connection: Disconnected
[00:24:43] [Server thread/INFO]: na2hco3_CN left the game
[00:46:57] [Server thread/INFO]: [Textile Backup] Backup started by: Timer on: 2020-08-18_00-46-57
[00:46:57] [Server thread/INFO]: [Textile Backup] Saving server...
[00:46:57] [Server thread/INFO]: ThreadedAnvilChunkStorage (world): All chunks are saved
[00:46:57] [Server thread/INFO]: ThreadedAnvilChunkStorage (DIM-1): All chunks are saved
[00:46:57] [Server thread/INFO]: ThreadedAnvilChunkStorage (DIM1): All chunks are saved
[00:46:57] [pool-3-thread-1/INFO]: [Textile Backup] Starting backup
[00:47:07] [pool-3-thread-1/INFO]: [Textile Backup] Deleting: 2020-08-17_13-54-01.zip
[00:47:07] [pool-3-thread-1/INFO]: [Textile Backup] Done!
[00:57:06] [Server thread/INFO]: Mk_Bolo[/127.0.0.1:43862] logged in with entity id 65553 at (-38.28886767259186, 200.0, 238.7301749837077)
[00:57:06] [Server thread/INFO]: Mk_Bolo joined the game
[00:57:06] [Netty Epoll Server IO #3/WARN]: Received invalid identifier in minecraft:register: legacy:fml|hs (Non [a-z0-9/._-] character in path of location: legacy:fml|hs)
[00:58:27] [Server thread/INFO]: Mk_Bolo lost connection: Disconnected
[00:58:27] [Server thread/INFO]: Mk_Bolo left the game
[01:57:06] [Server thread/INFO]: [Textile Backup] Backup started by: Timer on: 2020-08-18_01-57-06
[01:57:06] [Server thread/INFO]: [Textile Backup] Saving server...
[01:57:06] [Server thread/INFO]: ThreadedAnvilChunkStorage (world): All chunks are saved
[01:57:06] [Server thread/INFO]: ThreadedAnvilChunkStorage (DIM-1): All chunks are saved
[01:57:06] [Server thread/INFO]: ThreadedAnvilChunkStorage (DIM1): All chunks are saved
[01:57:06] [pool-3-thread-1/INFO]: [Textile Backup] Starting backup
[01:57:17] [pool-3-thread-1/INFO]: [Textile Backup] Deleting: 2020-08-17_14-54-02.zip
[01:57:17] [pool-3-thread-1/INFO]: [Textile Backup] Done!
[05:25:01] [Server thread/INFO]: [Server] 服务器将在5分钟后关闭备份存档，6:01继续开启
[05:30:01] [Server thread/INFO]: Stopping the server
[05:30:01] [Server thread/INFO]: Unknown or incomplete command, see below for error
[05:30:01] [Server thread/INFO]: end<--[HERE]
[05:30:01] [Server thread/INFO]: Unknown or incomplete command, see below for error
[05:30:01] [Server thread/INFO]: exit<--[HERE]
[05:30:01] [Server thread/INFO]: Stopping server
[05:30:01] [Server thread/INFO]: Saving players
[05:30:01] [Server thread/INFO]: Saving worlds
[05:30:01] [Server thread/INFO]: Saving chunks for level 'ServerLevel[world]'/minecraft:overworld
[05:30:01] [Server thread/INFO]: ThreadedAnvilChunkStorage (world): All chunks are saved
[05:30:01] [Server thread/INFO]: Saving chunks for level 'ServerLevel[world]'/minecraft:the_nether
[05:30:01] [Server thread/INFO]: ThreadedAnvilChunkStorage (DIM-1): All chunks are saved
[05:30:01] [Server thread/INFO]: Saving chunks for level 'ServerLevel[world]'/minecraft:the_end
[05:30:01] [Server thread/INFO]: ThreadedAnvilChunkStorage (DIM1): All chunks are saved
[05:30:01] [Server thread/INFO]: ThreadedAnvilChunkStorage (world): All chunks are saved
[05:30:01] [Server thread/INFO]: ThreadedAnvilChunkStorage (DIM-1): All chunks are saved
[05:30:01] [Server thread/INFO]: ThreadedAnvilChunkStorage (DIM1): All chunks are saved
[05:30:01] [Server thread/INFO]: [Textile Backup] Backup started by: Server Shutdown on: 2020-08-18_05-30-01
[05:30:01] [Server thread/INFO]: [Textile Backup] Starting backup
[05:30:07] [Server thread/INFO]: [Textile Backup] Deleting: 2020-08-17_15-54-02.zip
[05:30:07] [Server thread/INFO]: [Textile Backup] Done!
[05:30:07] [Server thread/INFO]: Thread RCON Listener stopped
