[06:01:41] [main/INFO]: Loading for game Minecraft 1.16.1
[06:01:52] [main/INFO]: [FabricLoader] Loading 51 mods: fabric-renderer-api-v1@0.2.13+eae12eb87c, fabric-keybindings-v0@0.2.0+3fa9f7c57c, fabricloader@0.8.8+build.202, bbor@2.3-1.16.1, com_github_shevek_parallelgzip@master-SNAPSHOT, fabric-containers-v0@0.1.8+045df74f7c, lithium@0.5.0, fabric-dimensions-v1@1.0.0+a71b30537c, fabric-object-builder-api-v1@1.5.5+e00ecb5f7c, fabric-api-base@0.1.3+12a8474c7c, fabric-rendering-data-attachment-v1@0.1.3+b7f9825d7c, fabric-textures-v0@1.0.4+eae12eb87c, fabric-rendering-fluids-v1@0.1.7+12a8474c7c, cotton-logging@1.0.0-rc.4, fabric-blockrenderlayer-v1@1.1.4+c6a8ea897c, fabric-renderer-registries-v1@2.0.1+5a0f9a607c, carpet-extra@1.4.0, fabric-loot-tables-v1@0.1.10+059ea8667c, fabric@0.13.1+build.370-1.16, carpet@1.4.0, fabric-particles-v1@0.2.1+0a6f2a707c, fabric-networking-v0@0.1.10+e00ecb5f7c, cotton-config@1.0.0-rc.7, fabric-networking-blockentity-v0@0.2.5+b50ffc7b7c, minecraft@1.16.1, fabric-screen-handler-api-v1@1.0.1+f362c86e7c, here@0.0.8-mc1.16, fabric-command-api-v1@1.0.8+5ce533987c, jankson@3.0.0+j1.2.0, phosphor@0.6.0+build.7, fabric-tool-attribute-api-v1@1.1.4+5794386e7c, fabric-renderer-indigo@0.3.1+059ea8667c, org_apache_commons_commons-compress@1.19, fabric-biomes-v1@0.2.7+059ea8667c, fabric-events-interaction-v0@0.3.3+7066030f7c, fabric-crash-report-info-v1@0.1.2+b7f9825d7c, fabric-rendering-v0@1.1.0+534104907c, fabric-key-binding-api-v1@1.0.0+e16a97747c, fabric-rendering-v1@1.1.2+346247d77c, org_tukaani_xz@1.8, fabric-resource-loader-v0@0.2.5+059ea8667c, fabric-content-registries-v0@0.1.9+059ea8667c, fabric-tag-extensions-v0@0.2.5+5a6e8f4c7c, fabric-registry-sync-v0@0.3.8+7dba2d6c7c, fabric-commands-v0@0.2.0+52d308367c, textile_backup@1.2.3-1.16.1, fabric-mining-levels-v0@0.1.2+b764ce997c, fabric-events-lifecycle-v0@0.1.3+0d474ec47c, fabric-models-v0@0.1.0+dfdb52d67c, fabric-item-groups-v0@0.2.0+438f96367c, fabric-object-builders-v0@0.6.0+da175ad67c
[06:01:52] [main/WARN]: Mod `com_github_shevek_parallelgzip` (master-SNAPSHOT) does not respect SemVer - comparison support is limited.
[06:01:52] [main/INFO]: SpongePowered MIXIN Subsystem Version=0.8 Source=file:/C:/Server/skimit_survival/fabric-server-launch.jar Service=Knot/Fabric Env=SERVER
[06:02:03] [main/WARN]: @Mixin target net/minecraft/class_3898$class_3208 is public in fabric-networking-v0.mixins.json:MixinEntityTracker and should be specified in value
[06:02:07] [main/WARN]: @Mixin target net[06:02:43] [main/INFO]: Environment: authHost='https://authserver.mojang.com', accountsHost='https://api.mojang.com', sessionHost='https://sessionserver.mojang.com', name='PROD'
[06:03:03] [main/WARN]: Ambiguity between arguments [teleport, destination] and [teleport, targets] with inputs: [Player, 0123, @e, dd12be42-52a9-4a91-a8a1-11c01849e498]
[06:03:03] [main/WARN]: Ambiguity between arguments [teleport, location] and [teleport, destination] with inputs: [0.1 -0.5 .9, 0 0 0]
[06:03:03] [main/WARN]: Ambiguity between arguments [teleport, location] and [teleport, targets] with inputs: [0.1 -0.5 .9, 0 0 0]
[06:03:03] [main/WARN]: Ambiguity between arguments [teleport, targets] and [teleport, destination] with inputs: [Player, 0123, dd12be42-52a9-4a91-a8a1-11c01849e498]
[06:03:03] [main/WARN]: Ambiguity between arguments [teleport, targets, location] and [teleport, targets, destination] with inputs: [0.1 -0.5 .9, 0 0 0]
[06:03:06] [main/INFO]: Reloading ResourceManager: Default, bukkit, Fabric Tool Attribute API (v1), FZ.sDatapack-1.5.0-SNAPSHOT-dev.20200411.0751.zip
[06:03:19] [Worker-Main-2/INFO]: Loaded 7 recipes
[06:03:23] [Worker-Main-2/INFO]: Loaded 927 advancements
[06:03:28] [main/WARN]: [fabric-registry-sync] Could not find the following registries: minecraft:biome_source_type, minecraft:dimension_type, minecraft:chunk_generator_type
[06:03:28] [main/INFO]: [fabric-registry-sync] Loaded registry data [file 1/4]
[06:03:36] [Server thread/INFO]: Starting minecraft server version 1.16.1
[06:03:36] [Server thread/INFO]: Loading properties
[06:03:37] [Server thread/INFO]: Default game type: SURVIVAL
[06:03:37] [Server thread/INFO]: Generating keypair
[06:03:44] [Server thread/INFO]: Starting Minecraft server on *:26565
[06:03:45] [Server thread/INFO]: Using default channel type
[06:03:59] [Server thread/WARN]: **** SERVER IS RUNNING IN OFFLINE/INSECURE MODE!
[06:03:59] [Server thread/WARN]: The server will make no attempt to authenticate usernames. Beware.
[06:03:59] [Server thread/WARN]: While this makes the game possible to play without internet access, it also opens up the ability for hackers to connect with any username they choose.
[06:03:59] [Server thread/WARN]: To change this, set "online-mode" to "true" in the server.properties file.
[06:04:02] [Server thread/INFO]: Preparing level "world"
[06:04:02] [Server thread/INFO]: [CM]: loaded setting commandDraw as false from carpet.conf
[06:04:02] [Server thread/INFO]: [CM]: loaded setting rotatorBlock as true from carpet.conf
[06:04:02] [Server thread/INFO]: [CM]: loaded setting combineXPOrbs as true from carpet.conf
[06:04:02] [Server thread/INFO]: [CM]: loaded setting onePlayerSleeping as true from carpet.conf
[06:04:02] [Server thread/INFO]: [CM]: loaded setting portalSuffocationFix as true from carpet.conf
[06:04:02] [Server thread/INFO]: [CM]: loaded setting leadFix as true from carpet.conf
[06:04:02] [Server thread/INFO]: [CM]: loaded setting antiCheatDisabled as true from carpet.conf
[06:04:02] [Server thread/INFO]: [CM]: loaded setting defaultLoggers as tps,mobcaps from carpet.conf
[06:04:02] [Server thread/INFO]: [CM]: loaded setting unloadedEntityFix as true from carpet.conf
[06:04:02] [Server thread/INFO]: [CM]: loaded setting ctrlQCraftingFix as true from carpet.conf
[06:04:02] [Server thread/INFO]: [CM]: loaded setting language as zh_cn from carpet.conf
[06:04:02] [Server thread/INFO]: [CM]: loaded setting commandTick as false from carpet.conf
[06:04:07] [Server thread/INFO]: create world dimension: minecraft:overworld (seed: 20190827)
[06:04:07] [Server thread/INFO]: create world dimension: minecraft:the_nether (seed: 20190827)
[06:04:07] [Server thread/INFO]: create world dimension: minecraft:the_end (seed: 20190827)
[06:04:07] [Server thread/INFO]: Preparing start region for dimension minecraft:overworld
[06:04:42] [Server thread/INFO]: Preparing spawn area: 0%
[06:04:42] [Server thread/INFO]: Preparing spawn area: 0%
[06:04:42] [Server thread/INFO]: Preparing spawn area: 0%
[06:04:42] [Server thread/INFO]: Preparing spawn area: 0%
[06:04:42] [Server thread/INFO]: Preparing spawn area: 0%
[06:04:42] [Server thread/INFO]: Preparing spawn area: 0%
[06:04:42] [Server thread/INFO]: Preparing spawn area: 0%
[06:04:42] [Server thread/INFO]: Preparing spawn area: 0%
[06:04:42] [Server thread/INFO]: Preparing spawn area: 0%
[06:04:42] [Server thread/INFO]: Preparing spawn area: 0%
[06:04:42] [Server thread/INFO]: Preparing spawn area: 0%
[06:04:42] [Server thread/INFO]: Preparing spawn area: 0%
[06:04:42] [Server thread/INFO]: Preparing spawn area: 0%
[06:04:42] [Server thread/INFO]: Preparing spawn area: 0%
[06:04:42] [Server thread/INFO]: Preparing spawn area: 0%
[06:04:42] [Server thread/INFO]: Preparing spawn area: 0%
[06:04:42] [Server thread/INFO]: Preparing spawn area: 0%
[06:04:42] [Server thread/INFO]: Preparing spawn area: 0%
[06:04:42] [Server thread/INFO]: Preparing spawn area: 0%
[06:04:42] [Server thread/INFO]: Preparing spawn area: 0%
[06:04:42] [Server thread/INFO]: Preparing spawn area: 0%
[06:04:42] [Server thread/INFO]: Preparing spawn area: 0%
[06:04:42] [Server thread/INFO]: Preparing spawn area: 0%
[06:04:42] [Server thread/INFO]: Preparing spawn area: 0%
[06:04:42] [Server thread/INFO]: Preparing spawn area: 0%
[06:04:42] [Server thread/INFO]: Preparing spawn area: 0%
[06:04:42] [Server thread/INFO]: Preparing spawn area: 0%
[06:04:42] [Server thread/INFO]: Preparing spawn area: 0%
[06:04:42] [Server thread/INFO]: Preparing spawn area: 0%
[06:04:42] [Server thread/INFO]: Preparing spawn area: 0%
[06:04:42] [Server thread/INFO]: Preparing spawn area: 0%
[06:04:42] [Server thread/INFO]: Preparing spawn area: 0%
[06:04:42] [Server thread/INFO]: Preparing spawn area: 0%
[06:04:42] [Server thread/INFO]: Preparing spawn area: 0%
[06:04:42] [Server thread/INFO]: Preparing spawn area: 0%
[06:04:42] [Server thread/INFO]: Preparing spawn area: 0%
[06:04:42] [Server thread/INFO]: Preparing spawn area: 0%
[06:04:42] [Server thread/INFO]: Preparing spawn area: 0%
[06:04:42] [Server thread/INFO]: Preparing spawn area: 0%
[06:04:42] [Server thread/INFO]: Preparing spawn area: 0%
[06:04:42] [Server thread/INFO]: Preparing spawn area: 0%
[06:04:42] [Server thread/INFO]: Preparing spawn area: 0%
[06:04:42] [Server thread/INFO]: Preparing spawn area: 0%
[06:04:42] [Server thread/INFO]: Preparing spawn area: 0%
[06:04:42] [Server thread/INFO]: Preparing spawn area: 0%
[06:04:42] [Server thread/INFO]: Preparing spawn area: 0%
[06:04:42] [Server thread/INFO]: Preparing spawn area: 0%
[06:04:42] [Server thread/INFO]: Preparing spawn area: 0%
[06:04:42] [Server thread/INFO]: Preparing spawn area: 0%
[06:04:42] [Server thread/INFO]: Preparing spawn area: 0%
[06:04:42] [Server thread/INFO]: Preparing spawn area: 0%
[06:04:42] [Server thread/INFO]: Preparing spawn area: 0%
[06:04:42] [Server thread/INFO]: Preparing spawn area: 0%
[06:04:42] [Server thread/INFO]: Preparing spawn area: 0%
[06:04:42] [Server thread/INFO]: Preparing spawn area: 0%
[06:04:42] [Server thread/INFO]: Preparing spawn area: 0%
[06:04:42] [Server thread/INFO]: Preparing spawn area: 0%
[06:04:42] [Server thread/INFO]: Preparing spawn area: 0%
[06:04:42] [Server thread/INFO]: Preparing spawn area: 0%
[06:04:42] [Server thread/INFO]: Preparing spawn area: 0%
[06:04:42] [Server thread/INFO]: Preparing spawn area: 0%
[06:04:42] [Server thread/INFO]: Preparing spawn area: 0%
[06:04:42] [Server thread/INFO]: Preparing spawn area: 0%
[06:04:42] [Server thread/INFO]: Preparing spawn area: 0%
[06:04:42] [Server thread/INFO]: Preparing spawn area: 0%
[06:04:42] [Server thread/INFO]: Preparing spawn area: 0%
[06:04:42] [Server thread/INFO]: Preparing spawn area: 0%
[06:04:42] [Server thread/INFO]: Preparing spawn area: 0%
[06:04:42] [Server thread/INFO]: Preparing spawn area: 0%
[06:04:42] [Server thread/INFO]: Preparing spawn area: 0%
[06:04:42] [Server thread/INFO]: Preparing spawn area: 0%
[06:04:42] [Server thread/INFO]: Preparing spawn area: 0%
[06:04:43] [Server thread/INFO]: Preparing spawn area: 0%
[06:04:43] [Server thread/INFO]: Preparing spawn area: 0%
[06:04:44] [Server thread/INFO]: Preparing spawn area: 0%
[06:04:44] [Worker-Main-3/INFO]: Preparing spawn area: 0%
[06:04:45] [Server thread/INFO]: Preparing spawn area: 0%
[06:04:45] [Server thread/INFO]: Preparing spawn area: 0%
[06:04:46] [Worker-Main-3/INFO]: Preparing spawn area: 0%
[06:04:47] [Worker-Main-3/INFO]: Preparing spawn area: 0%
[06:04:47] [Worker-Main-3/INFO]: Preparing spawn area: 0%
[06:04:47] [Worker-Main-3/INFO]: Preparing spawn area: 0%
[06:04:53] [Server thread/INFO]: Preparing spawn area: 0%
[06:04:53] [Server thread/INFO]: Preparing spawn area: 0%
[06:04:53] [Server thread/INFO]: Preparing spawn area: 0%
[06:04:53] [Server thread/INFO]: Preparing spawn area: 0%
[06:04:53] [Server thread/INFO]: Preparing spawn area: 0%
[06:04:53] [Server thread/INFO]: Preparing spawn area: 0%
[06:04:53] [Server thread/INFO]: Preparing spawn area: 0%
[06:04:53] [Server thread/INFO]: Preparing spawn area: 0%
[06:04:53] [Server thread/INFO]: Preparing spawn area: 0%
[06:04:53] [Server thread/INFO]: Preparing spawn area: 0%
[06:04:53] [Server thread/INFO]: Preparing spawn area: 0%
[06:04:53] [Server thread/INFO]: Preparing spawn area: 0%
[06:04:54] [Server thread/INFO]: Preparing spawn area: 7%
[06:04:56] [Server thread/INFO]: Preparing spawn area: 83%
[06:04:56] [Server thread/INFO]: Preparing spawn area: 83%
[06:04:56] [Server thread/INFO]: Preparing spawn area: 83%
[06:04:56] [Server thread/INFO]: Preparing spawn area: 83%
[06:04:56] [Server thread/INFO]: Preparing spawn area: 83%
[06:05:11] [Server thread/INFO]: Time elapsed: 64922 ms
[06:05:11] [Server thread/INFO]: Done (69.380s)! For help, type "help"
[06:05:11] [Server thread/INFO]: Starting remote control listener
[06:05:11] [Server thread/INFO]: Thread RCON Listener started
[06:05:13] [RCON Listener #1/INFO]: RCON running on 0.0.0.0:25636
[06:05:16] [Server thread/WARN]: Can't keep up! Is the server overloaded? Running 4100ms or 82 ticks behind
[06:05:46] [Server thread/WARN]: Can't keep up! Is the server overloaded? Running 15208ms or 304 ticks behind
[06:06:29] [Server thread/WARN]: Can't keep up! Is the server overloaded? Running 2051ms or 41 ticks behind
[06:07:04] [Server thread/WARN]: Can't keep up! Is the server overloaded? Running 2322ms or 46 ticks behind
[06:07:25] [Server thread/WARN]: Can't keep up! Is the server overloaded? Running 3591ms or 71 ticks behind
[06:07:44] [Server thread/WARN]: Can't keep up! Is the server overloaded? Running 2218ms or 44 ticks behind
[06:08:18] [Server thread/WARN]: Can't keep up! Is the server overloaded? Running 2045ms or 40 ticks behind
[07:45:45] [Server thread/WARN]: Can't keep up! Is the server overloaded? Running 2050ms or 41 ticks behind
[08:00:33] [Server thread/WARN]: Can't keep up! Is the server overloaded? Running 2031ms or 40 ticks behind
[08:01:44] [Server thread/WARN]: Can't keep up! Is the server overloaded? Running 2090ms or 41 ticks behind
[08:02:54] [Server thread/WARN]: Can't keep up! Is the server overloaded? Running 2038ms or 40 ticks behind
[09:37:47] [Server thread/INFO]: soy_25[/127.0.0.1:58545] logged in with entity id 271 at (-2065.6931381847294, 71.76536841684482, 528.6318188910863)
[09:37:47] [Server thread/INFO]: soy_25 joined the game
[09:37:48] [Netty Server IO #1/WARN]: Received invalid identifier in minecraft:register: legacy:fml|hs (Non [a-z0-9/._-] character in path of location: legacy:fml|hs)
[09:37:52] [Server thread/WARN]: Can't keep up! Is the server overloaded? Running 6599ms or 131 ticks behind
[09:37:52] [Server thread/INFO]: Backup started by: SERVER on: 2020-07-20_09-37-52
[09:37:52] [Server thread/INFO]: Saving server...
[09:38:02] [Server thread/INFO]: ThreadedAnvilChunkStorage (world): All chunks are saved
[09:38:02] [Server thread/INFO]: ThreadedAnvilChunkStorage (DIM-1): All chunks are saved
[09:38:02] [Server thread/INFO]: ThreadedAnvilChunkStorage (DIM1): All chunks are saved
[09:38:03] [Thread-145/INFO]: Starting backup
[09:38:06] [Thread-145/INFO]: Starting compression...
[09:39:01] [Server thread/WARN]: Can't keep up! Is the server overloaded? Running 54157ms or 1083 ticks behind
[09:39:34] [Server thread/WARN]: Can't keep up! Is the server overloaded? Running 18205ms or 364 ticks behind
[09:40:06] [Server thread/WARN]: Can't keep up! Is the server overloaded? Running 17215ms or 344 ticks behind
[09:40:31] [Server thread/WARN]: Can't keep up! Is the server overloaded? Running 2383ms or 47 ticks behind
[09:41:25] [Thread-145/INFO]: Compression took: 198.4955084s
[09:41:25] [Thread-145/INFO]: Deleting: 2020-07-19_18-34-07#shutdown.zip
[09:41:25] [Thread-145/INFO]: Done!
[09:42:33] [Server thread/WARN]: Can't keep up! Is the server overloaded? Running 3552ms or 71 ticks behind
[09:43:06] [Server thread/WARN]: Can't keep up! Is the server overloaded? Running 2019ms or 40 ticks behind
[09:43:23] [Server thread/WARN]: Can't keep up! Is the server overloaded? Running 2298ms or 45 ticks behind
[09:43:50] [Server thread/WARN]: Can't keep up! Is the server overloaded? Running 2075ms or 41 ticks behind
[09:44:24] [Server thread/WARN]: Can't keep up! Is the server overloaded? Running 2438ms or 48 ticks behind
[09:44:43] [Server thread/WARN]: Can't keep up! Is the server overloaded? Running 2234ms or 44 ticks behind
[09:45:45] [Server thread/WARN]: Can't keep up! Is the server overloaded? Running 2012ms or 40 ticks behind
[09:46:13] [Server thread/WARN]: Can't keep up! Is the server overloaded? Running 2054ms or 41 ticks behind
[09:47:18] [Server thread/WARN]: Can't keep up! Is the server overloaded? Running 2002ms or 40 ticks behind
[09:47:55] [Server thread/WARN]: Can't keep up! Is the server overloaded? Running 4216ms or 84 ticks behind
[09:48:15] [Server thread/WARN]: Can't keep up! Is the server overloaded? Running 4989ms or 99 ticks behind
[09:48:36] [Server thread/WARN]: Can't keep up! Is the server overloaded? Running 2051ms or 41 ticks behind
[09:48:57] [Server thread/WARN]: Can't keep up! Is the server overloaded? Running 2061ms or 41 ticks behind
[09:49:16] [Server thread/WARN]: Can't keep up! Is the server overloaded? Running 2469ms or 49 ticks behind
[09:53:10] [Server thread/WARN]: Can't keep up! Is the server overloaded? Running 3364ms or 67 ticks behind
[09:53:29] [Server thread/WARN]: Can't keep up! Is the server overloaded? Running 4065ms or 81 ticks behind
[09:56:43] [Server thread/WARN]: Can't keep up! Is the server overloaded? Running 2141ms or 42 ticks behind
[09:57:09] [Server thread/WARN]: Can't keep up! Is the server overloaded? Running 2039ms or 40 ticks behind
[09:57:54] [Server thread/WARN]: Can't keep up! Is the server overloaded? Running 2240ms or 44 ticks behind
[09:58:23] [Server thread/WARN]: Can't keep up! Is the server overloaded? Running 3132ms or 62 ticks behind
[09:58:40] [Server thread/WARN]: Can't keep up! Is the server overloaded? Running 2189ms or 43 ticks behind
[09:59:30] [Server thread/WARN]: Can't keep up! Is the server overloaded? Running 2095ms or 41 ticks behind
[10:01:14] [Server thread/WARN]: Can't keep up! Is the server overloaded? Running 4618ms or 92 ticks behind
[10:03:35] [Server thread/WARN]: Can't keep up! Is the server overloaded? Running 2884ms or 57 ticks behind
[10:05:47] [Server thread/WARN]: Can't keep up! Is the server overloaded? Running 2166ms or 43 ticks behind
[10:06:44] [Server thread/INFO]: soy_25 has made the advancement [What a Deal!]
[10:08:42] [Server thread/WARN]: Can't keep up! Is the server overloaded? Running 4894ms or 97 ticks behind
[10:09:01] [Server thread/WARN]: Can't keep up! Is the server overloaded? Running 4786ms or 95 ticks behind
[10:09:19] [Server thread/WARN]: Can't keep up! Is the server overloaded? Running 2077ms or 41 ticks behind
[10:09:39] [Server thread/WARN]: Can't keep up! Is the server overloaded? Running 5257ms or 105 ticks behind
[10:10:12] [Server thread/WARN]: Can't keep up! Is the server overloaded? Running 2009ms or 40 ticks behind
[10:10:42] [Server thread/WARN]: Can't keep up! Is the server overloaded? Running 2115ms or 42 ticks behind
[10:11:05] [Server thread/WARN]: Can't keep up! Is the server overloaded? Running 2175ms or 43 ticks behind
[10:11:26] [Server thread/WARN]: Can't keep up! Is the server overloaded? Running 6029ms or 120 ticks behind
[10:14:05] [Server thread/WARN]: Can't keep up! Is the server overloaded? Running 2019ms or 40 ticks behind
[10:14:23] [Server thread/WARN]: Can't keep up! Is the server overloaded? Running 2877ms or 57 ticks behind
[10:19:05] [Server thread/INFO]: soy_25 lost connection: Disconnected
[10:19:05] [Server thread/INFO]: soy_25 left the game
[10:53:00] [Server thread/INFO]: wuhao[/127.0.0.1:60278] logged in with entity id 18814 at (-46.30000001192093, 7.0, 277.28614416555286)
[10:53:00] [Netty Server IO #0/WARN]: Received invalid identifier in minecraft:register: legacy:fml|hs (Non [a-z0-9/._-] character in path of location: legacy:fml|hs)
[10:53:00] [Server thread/INFO]: wuhao joined the game
[10:53:01] [Server thread/INFO]: Backup started by: SERVER on: 2020-07-20_10-53-01
[10:53:01] [Server thread/INFO]: Saving server...
[10:53:02] [Server thread/INFO]: ThreadedAnvilChunkStorage (world): All chunks are saved
[10:53:02] [Server thread/INFO]: ThreadedAnvilChunkStorage (DIM-1): All chunks are saved
[10:53:02] [Server thread/INFO]: ThreadedAnvilChunkStorage (DIM1): All chunks are saved
[10:53:03] [Server thread/WARN]: Can't keep up! Is the server overloaded? Running 3804ms or 76 ticks behind
[10:53:03] [Thread-196/INFO]: Starting backup
[10:53:03] [Thread-196/INFO]: Starting compression...
[10:53:30] [Server thread/WARN]: Can't keep up! Is the server overloaded? Running 12279ms or 245 ticks behind
[10:54:02] [Server thread/WARN]: Can't keep up! Is the server overloaded? Running 16883ms or 337 ticks behind
[10:54:24] [Server thread/WARN]: Can't keep up! Is the server overloaded? Running 7401ms or 148 ticks behind
[10:54:55] [Server thread/WARN]: Can't keep up! Is the server overloaded? Running 3426ms or 68 ticks behind
[10:56:01] [Thread-196/INFO]: Compression took: 177.752908s
[10:56:01] [Thread-196/INFO]: Deleting: 2020-07-19_19-30-28.zip
[10:56:01] [Thread-196/INFO]: Done!
[10:59:57] [Server thread/WARN]: Can't keep up! Is the server overloaded? Running 2180ms or 43 ticks behind
[11:00:04] [Server thread/INFO]: <wuhao> 出生点左边是什么啊
[11:01:28] [Server thread/INFO]: wuhao has made the advancement [Best Friends Forever]
[11:01:48] [Server thread/INFO]: wuhao lost connection: Disconnected
[11:01:48] [Server thread/INFO]: wuhao left the game
[11:01:50] [Server thread/WARN]: Can't keep up! Is the server overloaded? Running 2425ms or 48 ticks behind
[18:20:01] [Server thread/WARN]: Can't keep up! Is the server overloaded? Running 2233ms or 44 ticks behind
[19:40:16] [Server thread/WARN]: Can't keep up! Is the server overloaded? Running 2009ms or 40 ticks behind
[20:50:05] [Server thread/WARN]: Can't keep up! Is the server overloaded? Running 2021ms or 40 ticks behind
[21:00:08] [Server thread/WARN]: Can't keep up! Is the server overloaded? Running 2247ms or 44 ticks behind
[21:40:48] [Server thread/WARN]: Can't keep up! Is the server overloaded? Running 2217ms or 44 ticks behind
[22:50:12] [Server thread/WARN]: Can't keep up! Is the server overloaded? Running 2316ms or 46 ticks behind
[23:19:26] [Server thread/WARN]: Can't keep up! Is the server overloaded? Running 2147ms or 42 ticks behind
[23:20:32] [Server thread/WARN]: Can't keep up! Is the server overloaded? Running 2011ms or 40 ticks behind
