[06:01:05] [main/INFO]: Loading for game Minecraft 1.16.1
[06:01:09] [main/INFO]: [FabricLoader] Loading 51 mods: fabric-renderer-api-v1@0.2.13+eae12eb87c, fabric-keybindings-v0@0.2.0+3fa9f7c57c, fabricloader@0.8.8+build.202, bbor@2.3-1.16.1, com_github_shevek_parallelgzip@master-SNAPSHOT, fabric-containers-v0@0.1.8+045df74f7c, lithium@0.5.0, fabric-dimensions-v1@1.0.0+a71b30537c, fabric-object-builder-api-v1@1.5.5+e00ecb5f7c, fabric-api-base@0.1.3+12a8474c7c, fabric-rendering-data-attachment-v1@0.1.3+b7f9825d7c, fabric-textures-v0@1.0.4+eae12eb87c, fabric-rendering-fluids-v1@0.1.7+12a8474c7c, cotton-logging@1.0.0-rc.4, fabric-blockrenderlayer-v1@1.1.4+c6a8ea897c, fabric-renderer-registries-v1@2.0.1+5a0f9a607c, carpet-extra@1.4.0, fabric-loot-tables-v1@0.1.10+059ea8667c, fabric@0.13.1+build.370-1.16, carpet@1.4.0, fabric-particles-v1@0.2.1+0a6f2a707c, fabric-networking-v0@0.1.10+e00ecb5f7c, cotton-config@1.0.0-rc.7, fabric-networking-blockentity-v0@0.2.5+b50ffc7b7c, minecraft@1.16.1, fabric-screen-handler-api-v1@1.0.1+f362c86e7c, here@0.0.8-mc1.16, fabric-command-api-v1@1.0.8+5ce533987c, jankson@3.0.0+j1.2.0, phosphor@0.6.0+build.7, fabric-tool-attribute-api-v1@1.1.4+5794386e7c, fabric-renderer-indigo@0.3.1+059ea8667c, org_apache_commons_commons-compress@1.19, fabric-biomes-v1@0.2.7+059ea8667c, fabric-events-interaction-v0@0.3.3+7066030f7c, fabric-crash-report-info-v1@0.1.2+b7f9825d7c, fabric-rendering-v0@1.1.0+534104907c, fabric-key-binding-api-v1@1.0.0+e16a97747c, fabric-rendering-v1@1.1.2+346247d77c, org_tukaani_xz@1.8, fabric-resource-loader-v0@0.2.5+059ea8667c, fabric-content-registries-v0@0.1.9+059ea8667c, fabric-tag-extensions-v0@0.2.5+5a6e8f4c7c, fabric-registry-sync-v0@0.3.8+7dba2d6c7c, fabric-commands-v0@0.2.0+52d308367c, textile_backup@1.2.3-1.16.1, fabric-mining-levels-v0@0.1.2+b764ce997c, fabric-events-lifecycle-v0@0.1.3+0d474ec47c, fabric-models-v0@0.1.0+dfdb52d67c, fabric-item-groups-v0@0.2.0+438f96367c, fabric-object-builders-v0@0.6.0+da175ad67c
[06:01:09] [main/WARN]: Mod `com_github_shevek_parallelgzip` (master-SNAPSHOT) does not respect SemVer - comparison support is limited.
[06:01:09] [main/INFO]: SpongePowered MIXIN Subsystem Version=0.8 Source=file:/C:/Server/skimit_survival/fabric-server-launch.jar Service=Knot/Fabric Env=SERVER
[06:01:14] [main/WARN]: @Mixin target net/minecraft/class_3898$class_3208 is public in fabric-networking-v0.mixins.json:MixinEntityTracker and should be specified in value
[06:01:18] [main/WARN]: @Mixin target net[06:01:50] [main/INFO]: Environment: authHost='https://authserver.mojang.com', accountsHost='https://api.mojang.com', sessionHost='https://sessionserver.mojang.com', name='PROD'
[06:02:07] [main/WARN]: Ambiguity between arguments [teleport, destination] and [teleport, targets] with inputs: [Player, 0123, @e, dd12be42-52a9-4a91-a8a1-11c01849e498]
[06:02:07] [main/WARN]: Ambiguity between arguments [teleport, location] and [teleport, destination] with inputs: [0.1 -0.5 .9, 0 0 0]
[06:02:07] [main/WARN]: Ambiguity between arguments [teleport, location] and [teleport, targets] with inputs: [0.1 -0.5 .9, 0 0 0]
[06:02:07] [main/WARN]: Ambiguity between arguments [teleport, targets] and [teleport, destination] with inputs: [Player, 0123, dd12be42-52a9-4a91-a8a1-11c01849e498]
[06:02:07] [main/WARN]: Ambiguity between arguments [teleport, targets, location] and [teleport, targets, destination] with inputs: [0.1 -0.5 .9, 0 0 0]
[06:02:09] [main/INFO]: Reloading ResourceManager: Default, bukkit, Fabric Tool Attribute API (v1)
[06:02:17] [Worker-Main-2/INFO]: Loaded 7 recipes
[06:02:19] [Worker-Main-2/INFO]: Loaded 927 advancements
[06:02:23] [main/WARN]: [fabric-registry-sync] Could not find the following registries: minecraft:biome_source_type, minecraft:dimension_type, minecraft:chunk_generator_type
[06:02:23] [main/INFO]: [fabric-registry-sync] Loaded registry data [file 1/4]
[06:02:27] [Server thread/INFO]: Starting minecraft server version 1.16.1
[06:02:27] [Server thread/INFO]: Loading properties
[06:02:27] [Server thread/INFO]: Default game type: SURVIVAL
[06:02:27] [Server thread/INFO]: Generating keypair
[06:02:31] [Server thread/INFO]: Starting Minecraft server on *:26565
[06:02:32] [Server thread/INFO]: Using default channel type
[06:02:40] [Server thread/WARN]: **** SERVER IS RUNNING IN OFFLINE/INSECURE MODE!
[06:02:40] [Server thread/WARN]: The server will make no attempt to authenticate usernames. Beware.
[06:02:40] [Server thread/WARN]: While this makes the game possible to play without internet access, it also opens up the ability for hackers to connect with any username they choose.
[06:02:40] [Server thread/WARN]: To change this, set "online-mode" to "true" in the server.properties file.
[06:02:44] [Server thread/INFO]: Preparing level "world"
[06:02:44] [Server thread/ERROR]: [CM]: Carpet Mod Setting commandCameramode is not a valid - ignoring...
[06:02:44] [Server thread/INFO]: [CM]: loaded setting commandDraw as false from carpet.conf
[06:02:44] [Server thread/INFO]: [CM]: loaded setting rotatorBlock as true from carpet.conf
[06:02:44] [Server thread/INFO]: [CM]: loaded setting combineXPOrbs as true from carpet.conf
[06:02:44] [Server thread/INFO]: [CM]: loaded setting onePlayerSleeping as true from carpet.conf
[06:02:44] [Server thread/INFO]: [CM]: loaded setting portalSuffocationFix as true from carpet.conf
[06:02:44] [Server thread/INFO]: [CM]: loaded setting leadFix as true from carpet.conf
[06:02:44] [Server thread/INFO]: [CM]: loaded setting antiCheatDisabled as true from carpet.conf
[06:02:44] [Server thread/INFO]: [CM]: loaded setting defaultLoggers as tps,mobcaps from carpet.conf
[06:02:44] [Server thread/INFO]: [CM]: loaded setting unloadedEntityFix as true from carpet.conf
[06:02:44] [Server thread/INFO]: [CM]: loaded setting ctrlQCraftingFix as true from carpet.conf
[06:02:51] [Server thread/INFO]: create world dimension: minecraft:overworld (seed: 20190827)
[06:02:51] [Server thread/INFO]: create world dimension: minecraft:the_nether (seed: 20190827)
[06:02:51] [Server thread/INFO]: create world dimension: minecraft:the_end (seed: 20190827)
[06:02:51] [Server thread/INFO]: Preparing start region for dimension minecraft:overworld
[06:03:02] [Server thread/INFO]: Preparing spawn area: 0%
[06:03:02] [Server thread/INFO]: Preparing spawn area: 0%
[06:03:02] [Server thread/INFO]: Preparing spawn area: 0%
[06:03:02] [Server thread/INFO]: Preparing spawn area: 0%
[06:03:02] [Server thread/INFO]: Preparing spawn area: 0%
[06:03:02] [Server thread/INFO]: Preparing spawn area: 0%
[06:03:02] [Server thread/INFO]: Preparing spawn area: 0%
[06:03:02] [Server thread/INFO]: Preparing spawn area: 0%
[06:03:02] [Server thread/INFO]: Preparing spawn area: 0%
[06:03:02] [Server thread/INFO]: Preparing spawn area: 0%
[06:03:02] [Server thread/INFO]: Preparing spawn area: 0%
[06:03:02] [Server thread/INFO]: Preparing spawn area: 0%
[06:03:02] [Server thread/INFO]: Preparing spawn area: 0%
[06:03:02] [Server thread/INFO]: Preparing spawn area: 0%
[06:03:02] [Server thread/INFO]: Preparing spawn area: 0%
[06:03:02] [Server thread/INFO]: Preparing spawn area: 0%
[06:03:02] [Server thread/INFO]: Preparing spawn area: 0%
[06:03:02] [Server thread/INFO]: Preparing spawn area: 0%
[06:03:02] [Server thread/INFO]: Preparing spawn area: 0%
[06:03:02] [Server thread/INFO]: Preparing spawn area: 0%
[06:03:02] [Server thread/INFO]: Preparing spawn area: 0%
[06:03:02] [Server thread/INFO]: Preparing spawn area: 0%
[06:03:02] [Server thread/INFO]: Preparing spawn area: 0%
[06:03:02] [Worker-Main-3/INFO]: Preparing spawn area: 0%
[06:03:03] [Server thread/INFO]: Preparing spawn area: 0%
[06:03:04] [Worker-Main-3/INFO]: Preparing spawn area: 0%
[06:03:04] [Worker-Main-3/INFO]: Preparing spawn area: 0%
[06:03:06] [Server thread/INFO]: Preparing spawn area: 0%
[06:03:06] [Server thread/INFO]: Preparing spawn area: 0%
[06:03:06] [Server thread/INFO]: Preparing spawn area: 0%
[06:03:11] [Server thread/INFO]: Preparing spawn area: 0%
[06:03:11] [Server thread/INFO]: Preparing spawn area: 0%
[06:03:11] [Server thread/INFO]: Preparing spawn area: 0%
[06:03:11] [Server thread/INFO]: Preparing spawn area: 0%
[06:03:11] [Server thread/INFO]: Preparing spawn area: 0%
[06:03:11] [Server thread/INFO]: Preparing spawn area: 0%
[06:03:11] [Server thread/INFO]: Preparing spawn area: 0%
[06:03:11] [Server thread/INFO]: Preparing spawn area: 0%
[06:03:11] [Server thread/INFO]: Preparing spawn area: 0%
[06:03:11] [Server thread/INFO]: Preparing spawn area: 0%
[06:03:12] [Server thread/INFO]: Preparing spawn area: 83%
[06:03:12] [Server thread/INFO]: Preparing spawn area: 83%
[06:03:12] [Server thread/INFO]: Preparing spawn area: 83%
[06:03:20] [Server thread/INFO]: Time elapsed: 29177 ms
[06:03:20] [Server thread/INFO]: Done (36.312s)! For help, type "help"
[06:03:20] [Server thread/INFO]: Starting remote control listener
[06:03:20] [Server thread/INFO]: Thread RCON Listener started
[06:03:21] [RCON Listener #1/INFO]: RCON running on 0.0.0.0:25636
[06:03:24] [Server thread/WARN]: Can't keep up! Is the server overloaded? Running 3651ms or 73 ticks behind
[06:03:45] [Server thread/WARN]: Can't keep up! Is the server overloaded? Running 6628ms or 132 ticks behind
[11:00:00] [Server thread/INFO]: X_mikl[/127.0.0.1:57626] logged in with entity id 284 at (192.30000001192093, 1.0625, 0.5600993525970366)
[11:00:01] [Netty Server IO #1/WARN]: Received invalid identifier in minecraft:register: legacy:fml|hs (Non [a-z0-9/._-] character in path of location: legacy:fml|hs)
[11:00:01] [Server thread/INFO]: X_mikl joined the game
[11:00:02] [Netty Server IO #1/INFO]: Player X_mikl joined with a matching carpet client
[11:00:02] [Server thread/WARN]: Fetching packet for removed entity class_1303['Experience Orb'/301, l='ServerLevel[world]', x=192.29, y=1.90, z=0.58]
[11:00:02] [Server thread/WARN]: Can't keep up! Is the server overloaded? Running 2227ms or 44 ticks behind
[11:00:02] [Server thread/INFO]: Backup started by: SERVER on: 2020-07-13_11-00-02
[11:00:02] [Server thread/INFO]: Saving server...
[11:00:03] [Server thread/INFO]: ThreadedAnvilChunkStorage (world): All chunks are saved
[11:00:03] [Server thread/INFO]: ThreadedAnvilChunkStorage (DIM-1): All chunks are saved
[11:00:04] [Server thread/INFO]: ThreadedAnvilChunkStorage (DIM1): All chunks are saved
[11:00:05] [Thread-179/INFO]: Starting backup
[11:00:07] [Thread-179/INFO]: Starting compression...
[11:00:31] [Server thread/WARN]: Can't keep up! Is the server overloaded? Running 13984ms or 279 ticks behind
[11:00:49] [Server thread/WARN]: Can't keep up! Is the server overloaded? Running 2652ms or 53 ticks behind
[11:01:01] [Thread-179/INFO]: Compression took: 53.6686967s
[11:01:02] [Thread-179/INFO]: Deleting: 2020-07-12_05-30-01#shutdown.zip
[11:01:02] [Thread-179/INFO]: Deleting: 2020-07-12_13-45-25.zip
[11:01:02] [Thread-179/INFO]: Done!
[11:01:50] [Server thread/INFO]: Scanning for legacy world dragon fight...
[11:01:50] [Server thread/INFO]: Found that the dragon has been killed in this world already.
[11:03:51] [Server thread/WARN]: Can't keep up! Is the server overloaded? Running 2082ms or 41 ticks behind
[11:04:34] [Server thread/WARN]: Can't keep up! Is the server overloaded? Running 2545ms or 50 ticks behind
[11:05:01] [Server thread/WARN]: Can't keep up! Is the server overloaded? Running 2043ms or 40 ticks behind
[11:12:34] [Server thread/INFO]: X_mikl fell from a high place
[11:12:41] [Server thread/WARN]: Can't keep up! Is the server overloaded? Running 2393ms or 47 ticks behind
[11:14:41] [Server thread/WARN]: Can't keep up! Is the server overloaded? Running 2231ms or 44 ticks behind
[11:15:22] [Server thread/INFO]: X_mikl fell from a high place
[11:17:02] [Server thread/WARN]: Can't keep up! Is the server overloaded? Running 2111ms or 42 ticks behind
[11:29:01] [Server thread/INFO]: X_mikl lost connection: Disconnected
[11:29:01] [Server thread/INFO]: X_mikl left the game
[11:29:24] [Server thread/INFO]: X_mikl[/127.0.0.1:58743] logged in with entity id 16570 at (9.620248839013081, 61.0, -0.4092071425509672)
[11:29:24] [Netty Server IO #0/WARN]: Received invalid identifier in minecraft:register: legacy:fml|hs (Non [a-z0-9/._-] character in path of location: legacy:fml|hs)
[11:29:24] [Server thread/INFO]: X_mikl joined the game
[11:29:24] [Netty Server IO #0/INFO]: Player X_mikl joined with a matching carpet client
[11:40:12] [Server thread/INFO]: <X_mikl> 你玩吗
[11:46:03] [Server thread/INFO]: X_mikl was slain by Enderman
[11:47:27] [Server thread/INFO]: X_mikl lost connection: Disconnected
[11:47:27] [Server thread/INFO]: X_mikl left the game
[11:57:05] [Server thread/INFO]: X_mikl[/127.0.0.1:59791] logged in with entity id 21017 at (-30.366112364764437, 64.0, 245.87943936458828)
[11:57:05] [Netty Server IO #1/WARN]: Received invalid identifier in minecraft:register: legacy:fml|hs (Non [a-z0-9/._-] character in path of location: legacy:fml|hs)
[11:57:05] [Server thread/INFO]: X_mikl joined the game
[11:57:08] [Netty Server IO #1/INFO]: Player X_mikl joined with a matching carpet client
[12:00:02] [Server thread/INFO]: Backup started by: SERVER on: 2020-07-13_12-00-02
[12:00:02] [Server thread/INFO]: Saving server...
[12:00:03] [Server thread/INFO]: ThreadedAnvilChunkStorage (world): All chunks are saved
[12:00:03] [Server thread/INFO]: ThreadedAnvilChunkStorage (DIM-1): All chunks are saved
[12:00:03] [Server thread/INFO]: ThreadedAnvilChunkStorage (DIM1): All chunks are saved
[12:00:03] [Thread-219/INFO]: Starting backup
[12:00:03] [Thread-219/INFO]: Starting compression...
[12:00:16] [Server thread/WARN]: Can't keep up! Is the server overloaded? Running 2069ms or 41 ticks behind
[12:00:33] [Thread-219/INFO]: Compression took: 30.3510321s
[12:00:33] [Thread-219/INFO]: Deleting: 2020-07-12_19-10-25.zip
[12:00:33] [Thread-219/INFO]: Done!
[12:05:18] [Server thread/INFO]: X_mikl fell from a high place
[12:06:17] [Server thread/INFO]: X_mikl lost connection: Disconnected
[12:06:17] [Server thread/INFO]: X_mikl left the game
[12:27:39] [Server thread/INFO]: X_mikl[/127.0.0.1:60954] logged in with entity id 25401 at (-142.06958768059127, 82.0, 199.6140873836868)
[12:27:39] [Netty Server IO #1/WARN]: Received invalid identifier in minecraft:register: legacy:fml|hs (Non [a-z0-9/._-] character in path of location: legacy:fml|hs)
[12:27:39] [Server thread/INFO]: X_mikl joined the game
[12:27:43] [Netty Server IO #1/INFO]: Player X_mikl joined with a matching carpet client
[12:29:16] [Server thread/INFO]: X_mikl was slain by Iron Golem
[12:30:53] [Server thread/INFO]: X_mikl fell from a high place
[12:31:56] [Server thread/INFO]: X_mikl was slain by Iron Golem
[12:32:06] [Server thread/INFO]: X_mikl lost connection: Disconnected
[12:32:06] [Server thread/INFO]: X_mikl left the game
[12:37:05] [Server thread/INFO]: X_mikl[/127.0.0.1:61313] logged in with entity id 27748 at (-41.59773532457302, 64.0, 240.10588369356597)
[12:37:05] [Netty Server IO #1/WARN]: Received invalid identifier in minecraft:register: legacy:fml|hs (Non [a-z0-9/._-] character in path of location: legacy:fml|hs)
[12:37:05] [Server thread/INFO]: X_mikl joined the game
[12:37:08] [Netty Server IO #1/INFO]: Player X_mikl joined with a matching carpet client
[12:39:54] [Server thread/INFO]: X_mikl tried to swim in lava to escape Iron Golem
[12:40:11] [Server thread/INFO]: X_mikl lost connection: Disconnected
[12:40:11] [Server thread/INFO]: X_mikl left the game
[12:48:53] [Server thread/INFO]: xiaolouQAQ[/127.0.0.1:61781] logged in with entity id 29374 at (-525.8344390499283, 68.0, 457.69496430500703)
[12:48:53] [Netty Server IO #0/WARN]: Received invalid identifier in minecraft:register: legacy:fml|hs (Non [a-z0-9/._-] character in path of location: legacy:fml|hs)
[12:48:53] [Server thread/INFO]: xiaolouQAQ joined the game
[12:48:55] [Server thread/WARN]: Can't keep up! Is the server overloaded? Running 2184ms or 43 ticks behind
[12:48:57] [Netty Server IO #0/INFO]: Player xiaolouQAQ joined with a matching carpet client
[12:49:14] [Server thread/WARN]: Can't keep up! Is the server overloaded? Running 3048ms or 60 ticks behind
[12:55:37] [Server thread/WARN]: Can't keep up! Is the server overloaded? Running 2022ms or 40 ticks behind
[12:56:36] [Server thread/WARN]: Can't keep up! Is the server overloaded? Running 2069ms or 41 ticks behind
[13:00:02] [Server thread/INFO]: Backup started by: SERVER on: 2020-07-13_13-00-02
[13:00:02] [Server thread/INFO]: Saving server...
[13:00:03] [Server thread/INFO]: ThreadedAnvilChunkStorage (world): All chunks are saved
[13:00:03] [Server thread/INFO]: ThreadedAnvilChunkStorage (DIM-1): All chunks are saved
[13:00:03] [Server thread/INFO]: ThreadedAnvilChunkStorage (DIM1): All chunks are saved
[13:00:03] [Thread-257/INFO]: Starting backup
[13:00:03] [Thread-257/INFO]: Starting compression...
[13:00:25] [Server thread/WARN]: Can't keep up! Is the server overloaded? Running 2083ms or 41 ticks behind
[13:00:32] [Thread-257/INFO]: Compression took: 29.0466027s
[13:00:32] [Thread-257/INFO]: Deleting: 2020-07-12_20-10-24.zip
[13:00:32] [Thread-257/INFO]: Done!
[13:04:20] [Server thread/WARN]: Can't keep up! Is the server overloaded? Running 2103ms or 42 ticks behind
[13:04:27] [Server thread/INFO]: Cora_cold[/127.0.0.1:62358] logged in with entity id 39520 at (-143.4932078314927, 146.42478621753023, 296.2620477147563)
[13:04:27] [Netty Server IO #0/WARN]: Received invalid identifier in minecraft:register: legacy:fml|hs (Non [a-z0-9/._-] character in path of location: legacy:fml|hs)
[13:04:27] [Server thread/INFO]: Cora_cold joined the game
[13:04:31] [Netty Server IO #0/INFO]: Player Cora_cold joined with a matching carpet client
[13:04:49] [Server thread/INFO]: <xiaolouQAQ> 来了
[13:05:03] [Server thread/INFO]: <Cora_cold> en
[13:07:30] [Server thread/INFO]: <Cora_cold> 你在哪？
[13:07:36] [Server thread/INFO]: <xiaolouQAQ> 村庄
[13:07:39] [Server thread/INFO]: <Cora_cold> 我找到了一个好听的曲子
[13:07:46] [Server thread/INFO]: <xiaolouQAQ> en?
[13:09:20] [Server thread/WARN]: Can't keep up! Is the server overloaded? Running 2030ms or 40 ticks behind
[13:09:41] [Server thread/WARN]: Can't keep up! Is the server overloaded? Running 6117ms or 122 ticks behind
[13:09:53] [Server thread/INFO]: <xiaolouQAQ> zzz
[13:09:56] [Server thread/WARN]: Fetching packet for removed entity class_1542['Air'/43415, l='ServerLevel[world]', x=-1984.30, y=70.26, z=492.50]
[13:09:57] [Server thread/WARN]: Fetching packet for removed entity class_1542['Air'/43430, l='ServerLevel[world]', x=-1984.30, y=70.26, z=492.50]
[13:09:58] [Server thread/WARN]: Fetching packet for removed entity class_1542['Air'/43441, l='ServerLevel[world]', x=-1984.30, y=70.26, z=492.50]
[13:09:58] [Server thread/WARN]: Fetching packet for removed entity class_1542['Air'/43451, l='ServerLevel[world]', x=-1984.30, y=70.26, z=492.50]
[13:09:59] [Server thread/WARN]: Fetching packet for removed entity class_1542['Air'/43464, l='ServerLevel[world]', x=-1984.30, y=70.26, z=492.50]
[13:09:59] [Server thread/WARN]: Fetching packet for removed entity class_1542['Air'/43476, l='ServerLevel[world]', x=-1984.30, y=70.26, z=492.50]
[13:10:00] [Server thread/WARN]: Fetching packet for removed entity class_1542['Air'/43486, l='ServerLevel[world]', x=-1984.30, y=70.26, z=492.50]
[13:10:01] [Server thread/WARN]: Fetching packet for removed entity class_1542['Air'/43500, l='ServerLevel[world]', x=-1984.30, y=70.26, z=492.50]
[13:10:01] [Server thread/WARN]: Fetching packet for removed entity class_1542['Air'/43513, l='ServerLevel[world]', x=-1984.30, y=70.26, z=492.50]
[13:10:04] [Server thread/WARN]: Fetching packet for removed entity class_1542['Air'/43540, l='ServerLevel[world]', x=-1984.30, y=70.26, z=492.50]
[13:10:04] [Server thread/WARN]: Fetching packet for removed entity class_1542['Air'/43550, l='ServerLevel[world]', x=-1984.30, y=70.26, z=492.50]
[13:10:05] [Server thread/WARN]: Fetching packet for removed entity class_1542['Air'/43560, l='ServerLevel[world]', x=-1984.30, y=70.26, z=492.50]
[13:10:06] [Server thread/WARN]: Fetching packet for removed entity class_1542['Air'/43570, l='ServerLevel[world]', x=-1984.30, y=70.26, z=492.50]
[13:10:07] [Server thread/WARN]: Fetching packet for removed entity class_1542['Air'/43582, l='ServerLevel[world]', x=-1984.30, y=70.26, z=492.50]
[13:10:07] [Server thread/WARN]: Fetching packet for removed entity class_1542['Air'/43594, l='ServerLevel[world]', x=-1984.30, y=70.26, z=492.50]
[13:10:08] [Server thread/WARN]: Fetching packet for removed entity class_1542['Air'/43609, l='ServerLevel[world]', x=-1984.30, y=70.26, z=492.50]
[13:10:09] [Server thread/WARN]: Fetching packet for removed entity class_1542['Air'/43622, l='ServerLevel[world]', x=-1984.30, y=70.26, z=492.50]
[13:10:09] [Server thread/WARN]: Fetching packet for removed entity class_1542['Air'/43634, l='ServerLevel[world]', x=-1984.30, y=70.26, z=492.50]
[13:10:12] [Server thread/WARN]: Fetching packet for removed entity class_1542['Air'/43671, l='ServerLevel[world]', x=-1984.30, y=70.26, z=492.50]
[13:10:13] [Server thread/WARN]: Fetching packet for removed entity class_1542['Air'/43682, l='ServerLevel[world]', x=-1984.30, y=70.26, z=492.50]
[13:10:13] [Server thread/WARN]: Fetching packet for removed entity class_1542['Air'/43693, l='ServerLevel[world]', x=-1984.30, y=70.26, z=492.50]
[13:10:14] [Server thread/WARN]: Fetching packet for removed entity class_1542['Air'/43705, l='ServerLevel[world]', x=-1984.30, y=70.26, z=492.50]
[13:10:15] [Server thread/WARN]: Fetching packet for removed entity class_1542['Air'/43719, l='ServerLevel[world]', x=-1984.30, y=70.26, z=492.50]
[13:10:16] [Server thread/WARN]: Fetching packet for removed entity class_1542['Air'/43735, l='ServerLevel[world]', x=-1984.30, y=70.26, z=492.50]
[13:10:17] [Server thread/WARN]: Fetching packet for removed entity class_1542['Air'/43746, l='ServerLevel[world]', x=-1984.30, y=70.26, z=492.50]
[13:10:18] [Server thread/WARN]: Fetching packet for removed entity class_1542['Air'/43759, l='ServerLevel[world]', x=-1984.30, y=70.26, z=492.50]
[13:10:19] [Server thread/WARN]: Fetching packet for removed entity class_1542['Air'/43772, l='ServerLevel[world]', x=-1984.30, y=70.26, z=492.50]
[13:10:19] [Server thread/WARN]: Fetching packet for removed entity class_1542['Air'/43781, l='ServerLevel[world]', x=-1984.30, y=70.26, z=492.50]
[13:10:30] [Server thread/WARN]: Fetching packet for removed entity class_1542['Air'/43889, l='ServerLevel[world]', x=-1984.30, y=70.26, z=492.50]
[13:10:31] [Server thread/WARN]: Fetching packet for removed entity class_1542['Air'/43901, l='ServerLevel[world]', x=-1984.30, y=70.26, z=492.50]
[13:10:32] [Server thread/WARN]: Fetching packet for removed entity class_1542['Air'/43913, l='ServerLevel[world]', x=-1984.30, y=70.26, z=492.50]
[13:10:33] [Server thread/WARN]: Fetching packet for removed entity class_1542['Air'/43924, l='ServerLevel[world]', x=-1984.30, y=70.26, z=492.50]
[13:10:33] [Server thread/WARN]: Fetching packet for removed entity class_1542['Air'/43939, l='ServerLevel[world]', x=-1984.30, y=70.26, z=492.50]
[13:10:35] [Server thread/WARN]: Fetching packet for removed entity class_1542['Air'/43956, l='ServerLevel[world]', x=-1984.30, y=70.26, z=492.50]
[13:10:35] [Server thread/WARN]: Fetching packet for removed entity class_1542['Air'/43972, l='ServerLevel[world]', x=-1984.30, y=70.26, z=492.50]
[13:10:36] [Server thread/WARN]: Fetching packet for removed entity class_1542['Air'/43986, l='ServerLevel[world]', x=-1984.30, y=70.26, z=492.50]
[13:10:37] [Server thread/WARN]: Fetching packet for removed entity class_1542['Air'/44000, l='ServerLevel[world]', x=-1984.30, y=70.26, z=492.50]
[13:10:37] [Server thread/WARN]: Fetching packet for removed entity class_1542['Air'/44014, l='ServerLevel[world]', x=-1984.30, y=70.26, z=492.50]
[13:10:42] [Server thread/WARN]: Fetching packet for removed entity class_1542['Air'/44061, l='ServerLevel[world]', x=-1984.30, y=70.26, z=492.50]
[13:10:43] [Server thread/WARN]: Fetching packet for removed entity class_1542['Air'/44076, l='ServerLevel[world]', x=-1984.30, y=70.26, z=492.50]
[13:10:44] [Server thread/WARN]: Fetching packet for removed entity class_1542['Air'/44087, l='ServerLevel[world]', x=-1984.30, y=70.26, z=492.50]
[13:10:44] [Server thread/WARN]: Fetching packet for removed entity class_1542['Air'/44100, l='ServerLevel[world]', x=-1984.30, y=70.26, z=492.50]
[13:10:45] [Server thread/WARN]: Fetching packet for removed entity class_1542['Air'/44112, l='ServerLevel[world]', x=-1984.30, y=70.26, z=492.50]
[13:10:50] [Server thread/WARN]: Fetching packet for removed entity class_1542['Air'/44171, l='ServerLevel[world]', x=-1984.30, y=70.26, z=492.50]
[13:10:51] [Server thread/WARN]: Fetching packet for removed entity class_1542['Air'/44182, l='ServerLevel[world]', x=-1984.30, y=70.26, z=492.50]
[13:10:51] [Server thread/WARN]: Fetching packet for removed entity class_1542['Air'/44194, l='ServerLevel[world]', x=-1984.30, y=70.26, z=492.50]
[13:10:52] [Server thread/WARN]: Fetching packet for removed entity class_1542['Air'/44205, l='ServerLevel[world]', x=-1984.30, y=70.26, z=492.50]
[13:10:53] [Server thread/WARN]: Fetching packet for removed entity class_1542['Air'/44218, l='ServerLevel[world]', x=-1984.30, y=70.26, z=492.50]
[13:10:57] [Server thread/WARN]: Fetching packet for removed entity class_1542['Air'/44275, l='ServerLevel[world]', x=-1984.30, y=70.26, z=492.50]
[13:10:58] [Server thread/WARN]: Fetching packet for removed entity class_1542['Air'/44290, l='ServerLevel[world]', x=-1984.30, y=70.26, z=492.50]
[13:10:58] [Server thread/WARN]: Fetching packet for removed entity class_1542['Air'/44304, l='ServerLevel[world]', x=-1984.30, y=70.26, z=492.50]
[13:10:59] [Server thread/WARN]: Fetching packet for removed entity class_1542['Air'/44316, l='ServerLevel[world]', x=-1984.30, y=70.26, z=492.50]
[13:11:00] [Server thread/WARN]: Fetching packet for removed entity class_1542['Air'/44326, l='ServerLevel[world]', x=-1984.30, y=70.26, z=492.50]
[13:11:02] [Server thread/WARN]: Fetching packet for removed entity class_1542['Air'/44350, l='ServerLevel[world]', x=-1984.30, y=70.26, z=492.50]
[13:11:03] [Server thread/WARN]: Fetching packet for removed entity class_1542['Air'/44361, l='ServerLevel[world]', x=-1984.30, y=70.26, z=492.50]
[13:11:03] [Server thread/WARN]: Fetching packet for removed entity class_1542['Air'/44371, l='ServerLevel[world]', x=-1984.30, y=70.26, z=492.50]
[13:11:04] [Server thread/WARN]: Fetching packet for removed entity class_1542['Air'/44383, l='ServerLevel[world]', x=-1984.30, y=70.26, z=492.50]
[13:11:04] [Server thread/WARN]: Fetching packet for removed entity class_1542['Air'/44396, l='ServerLevel[world]', x=-1984.30, y=70.26, z=492.50]
[13:11:06] [Server thread/WARN]: Fetching packet for removed entity class_1542['Air'/44412, l='ServerLevel[world]', x=-1984.30, y=70.26, z=492.50]
[13:11:06] [Server thread/WARN]: Fetching packet for removed entity class_1542['Air'/44424, l='ServerLevel[world]', x=-1984.30, y=70.26, z=492.50]
[13:11:07] [Server thread/WARN]: Fetching packet for removed entity class_1542['Air'/44437, l='ServerLevel[world]', x=-1984.30, y=70.26, z=492.50]
[13:11:08] [Server thread/WARN]: Fetching packet for removed entity class_1542['Air'/44449, l='ServerLevel[world]', x=-1984.30, y=70.26, z=492.50]
[13:11:09] [Server thread/WARN]: Fetching packet for removed entity class_1542['Air'/44463, l='ServerLevel[world]', x=-1984.30, y=70.26, z=492.50]
[13:11:09] [Server thread/WARN]: Fetching packet for removed entity class_1542['Air'/44474, l='ServerLevel[world]', x=-1984.30, y=70.26, z=492.50]
[13:11:10] [Server thread/WARN]: Fetching packet for removed entity class_1542['Air'/44483, l='ServerLevel[world]', x=-1984.30, y=70.26, z=492.50]
[13:11:11] [Server thread/WARN]: Fetching packet for removed entity class_1542['Air'/44493, l='ServerLevel[world]', x=-1984.30, y=70.26, z=492.50]
[13:11:11] [Server thread/WARN]: Fetching packet for removed entity class_1542['Air'/44506, l='ServerLevel[world]', x=-1984.30, y=70.26, z=492.50]
[13:11:14] [Server thread/WARN]: Fetching packet for removed entity class_1542['Air'/44535, l='ServerLevel[world]', x=-1984.30, y=70.26, z=492.50]
[13:11:14] [Server thread/WARN]: Fetching packet for removed entity class_1542['Air'/44544, l='ServerLevel[world]', x=-1984.30, y=70.26, z=492.50]
[13:11:15] [Server thread/WARN]: Fetching packet for removed entity class_1542['Air'/44554, l='ServerLevel[world]', x=-1984.30, y=70.26, z=492.50]
[13:11:16] [Server thread/WARN]: Fetching packet for removed entity class_1542['Air'/44564, l='ServerLevel[world]', x=-1984.30, y=70.26, z=492.50]
[13:11:16] [Server thread/WARN]: Fetching packet for removed entity class_1542['Air'/44573, l='ServerLevel[world]', x=-1984.30, y=70.26, z=492.50]
[13:11:22] [Server thread/WARN]: Fetching packet for removed entity class_1542['Air'/44618, l='ServerLevel[world]', x=-1984.30, y=70.26, z=492.50]
[13:11:22] [Server thread/WARN]: Fetching packet for removed entity class_1542['Air'/44627, l='ServerLevel[world]', x=-1984.30, y=70.26, z=492.50]
[13:11:23] [Server thread/WARN]: Fetching packet for removed entity class_1542['Air'/44641, l='ServerLevel[world]', x=-1984.30, y=70.26, z=492.50]
[13:11:24] [Server thread/WARN]: Fetching packet for removed entity class_1542['Air'/44650, l='ServerLevel[world]', x=-1984.30, y=70.26, z=492.50]
[13:11:24] [Server thread/WARN]: Fetching packet for removed entity class_1542['Air'/44663, l='ServerLevel[world]', x=-1984.30, y=70.26, z=492.50]
[13:11:26] [Server thread/WARN]: Fetching packet for removed entity class_1542['Air'/44687, l='ServerLevel[world]', x=-1984.30, y=70.26, z=492.50]
[13:11:27] [Server thread/WARN]: Fetching packet for removed entity class_1542['Air'/44696, l='ServerLevel[world]', x=-1984.30, y=70.26, z=492.50]
[13:11:27] [Server thread/WARN]: Fetching packet for removed entity class_1542['Air'/44705, l='ServerLevel[world]', x=-1984.30, y=70.26, z=492.50]
[13:11:28] [Server thread/WARN]: Fetching packet for removed entity class_1542['Air'/44714, l='ServerLevel[world]', x=-1984.30, y=70.26, z=492.50]
[13:11:29] [Server thread/WARN]: Fetching packet for removed entity class_1542['Air'/44724, l='ServerLevel[world]', x=-1984.30, y=70.26, z=492.50]
[13:11:29] [Server thread/WARN]: Fetching packet for removed entity class_1542['Air'/44733, l='ServerLevel[world]', x=-1984.30, y=70.26, z=492.50]
[13:11:30] [Server thread/WARN]: Fetching packet for removed entity class_1542['Air'/44745, l='ServerLevel[world]', x=-1984.30, y=70.26, z=492.50]
[13:11:31] [Server thread/WARN]: Fetching packet for removed entity class_1542['Air'/44756, l='ServerLevel[world]', x=-1984.30, y=70.26, z=492.50]
[13:11:32] [Server thread/WARN]: Fetching packet for removed entity class_1542['Air'/44766, l='ServerLevel[world]', x=-1984.30, y=70.26, z=492.50]
[13:11:32] [Server thread/WARN]: Fetching packet for removed entity class_1542['Air'/44777, l='ServerLevel[world]', x=-1984.30, y=70.26, z=492.50]
[13:11:33] [Server thread/WARN]: Fetching packet for removed entity class_1542['Air'/44793, l='ServerLevel[world]', x=-1984.30, y=70.26, z=492.50]
[13:11:34] [Server thread/WARN]: Fetching packet for removed entity class_1542['Air'/44804, l='ServerLevel[world]', x=-1984.30, y=70.26, z=492.50]
[13:11:35] [Server thread/WARN]: Fetching packet for removed entity class_1542['Air'/44813, l='ServerLevel[world]', x=-1984.30, y=70.26, z=492.50]
[13:11:36] [Server thread/WARN]: Fetching packet for removed entity class_1542['Air'/44828, l='ServerLevel[world]', x=-1984.30, y=70.26, z=492.50]
[13:11:36] [Server thread/WARN]: Fetching packet for removed entity class_1542['Air'/44840, l='ServerLevel[world]', x=-1984.30, y=70.26, z=492.50]
[13:11:39] [Server thread/INFO]: X_mikl[/127.0.0.1:62633] logged in with entity id 44878 at (-43.11795577406087, 64.0, 239.69696092792327)
[13:11:39] [Netty Server IO #0/WARN]: Received invalid identifier in minecraft:register: legacy:fml|hs (Non [a-z0-9/._-] character in path of location: legacy:fml|hs)
[13:11:39] [Server thread/INFO]: X_mikl joined the game
[13:11:43] [Netty Server IO #0/INFO]: Player X_mikl joined with a matching carpet client
[13:11:46] [Server thread/WARN]: Can't keep up! Is the server overloaded? Running 2055ms or 41 ticks behind
[13:12:08] [Server thread/INFO]: <X_mikl> 你们都在啊
[13:12:10] [Server thread/WARN]: Can't keep up! Is the server overloaded? Running 2223ms or 44 ticks behind
[13:12:11] [Server thread/INFO]: <xiaolouQAQ> en
[13:12:41] [Server thread/WARN]: Can't keep up! Is the server overloaded? Running 2155ms or 43 ticks behind
[13:13:03] [Server thread/WARN]: Can't keep up! Is the server overloaded? Running 2044ms or 40 ticks behind
[13:13:37] [Server thread/WARN]: Can't keep up! Is the server overloaded? Running 2032ms or 40 ticks behind
[13:14:10] [Server thread/WARN]: Can't keep up! Is the server overloaded? Running 2317ms or 46 ticks behind
[13:14:41] [Server thread/WARN]: Can't keep up! Is the server overloaded? Running 2639ms or 52 ticks behind
[13:15:09] [Server thread/WARN]: Can't keep up! Is the server overloaded? Running 12516ms or 250 ticks behind
[13:15:39] [Server thread/WARN]: Can't keep up! Is the server overloaded? Running 2070ms or 41 ticks behind
[13:16:11] [Server thread/INFO]: <Cora_cold> 那个村庄？
[13:16:30] [Server thread/INFO]: <xiaolouQAQ> 我找到的那个
[13:16:48] [Server thread/INFO]: <Cora_cold> 地狱没坐标了
[13:16:51] [Server thread/INFO]: <Cora_cold> 你怎么过去？
[13:16:59] [Server thread/INFO]: <xiaolouQAQ> 我有书本记录
[13:17:44] [Server thread/INFO]: <xiaolouQAQ> -1970 484
[13:19:26] [Server thread/WARN]: Fetching packet for removed entity class_1542['Air'/50441, l='ServerLevel[world]', x=-1984.30, y=70.26, z=492.50]
[13:19:26] [Server thread/WARN]: Fetching packet for removed entity class_1542['Air'/50453, l='ServerLevel[world]', x=-1984.30, y=70.26, z=492.50]
[13:19:27] [Server thread/WARN]: Fetching packet for removed entity class_1542['Air'/50462, l='ServerLevel[world]', x=-1984.30, y=70.26, z=492.50]
[13:19:27] [Server thread/WARN]: Fetching packet for removed entity class_1542['Air'/50471, l='ServerLevel[world]', x=-1984.30, y=70.26, z=492.50]
[13:19:28] [Server thread/WARN]: Fetching packet for removed entity class_1542['Air'/50481, l='ServerLevel[world]', x=-1984.30, y=70.26, z=492.50]
[13:19:29] [Server thread/WARN]: Fetching packet for removed entity class_1542['Air'/50493, l='ServerLevel[world]', x=-1984.30, y=70.26, z=492.50]
[13:19:30] [Server thread/WARN]: Fetching packet for removed entity class_1542['Air'/50511, l='ServerLevel[world]', x=-1984.30, y=70.26, z=492.50]
[13:19:30] [Server thread/WARN]: Fetching packet for removed entity class_1542['Air'/50524, l='ServerLevel[world]', x=-1984.30, y=70.26, z=492.50]
[13:19:31] [Server thread/WARN]: Fetching packet for removed entity class_1542['Air'/50536, l='ServerLevel[world]', x=-1984.30, y=70.26, z=492.50]
[13:19:35] [Server thread/WARN]: Fetching packet for removed entity class_1542['Air'/50600, l='ServerLevel[world]', x=-1984.30, y=70.26, z=492.50]
[13:19:36] [Server thread/WARN]: Fetching packet for removed entity class_1542['Air'/50618, l='ServerLevel[world]', x=-1984.30, y=70.26, z=492.50]
[13:19:37] [Server thread/WARN]: Fetching packet for removed entity class_1542['Air'/50643, l='ServerLevel[world]', x=-1984.30, y=70.26, z=492.50]
[13:19:38] [Server thread/WARN]: Fetching packet for removed entity class_1542['Air'/50655, l='ServerLevel[world]', x=-1984.30, y=70.26, z=492.50]
[13:19:38] [Server thread/WARN]: Fetching packet for removed entity class_1542['Air'/50665, l='ServerLevel[world]', x=-1984.30, y=70.26, z=492.50]
[13:19:41] [Server thread/WARN]: Fetching packet for removed entity class_1542['Air'/50740, l='ServerLevel[world]', x=-1984.30, y=70.26, z=492.50]
[13:19:42] [Server thread/WARN]: Fetching packet for removed entity class_1542['Air'/50767, l='ServerLevel[world]', x=-1984.30, y=70.26, z=492.50]
[13:19:43] [Server thread/WARN]: Fetching packet for removed entity class_1542['Air'/50782, l='ServerLevel[world]', x=-1984.30, y=70.26, z=492.50]
[13:19:43] [Server thread/WARN]: Fetching packet for removed entity class_1542['Air'/50795, l='ServerLevel[world]', x=-1984.30, y=70.26, z=492.50]
[13:19:44] [Server thread/WARN]: Fetching packet for removed entity class_1542['Air'/50804, l='ServerLevel[world]', x=-1984.30, y=70.26, z=492.50]
[13:19:46] [Server thread/WARN]: Fetching packet for removed entity class_1542['Air'/50845, l='ServerLevel[world]', x=-1984.30, y=70.26, z=492.50]
[13:19:47] [Server thread/WARN]: Fetching packet for removed entity class_1542['Air'/50854, l='ServerLevel[world]', x=-1984.30, y=70.26, z=492.50]
[13:19:47] [Server thread/WARN]: Fetching packet for removed entity class_1542['Air'/50872, l='ServerLevel[world]', x=-1984.30, y=70.26, z=492.50]
[13:19:48] [Server thread/WARN]: Fetching packet for removed entity class_1542['Air'/50885, l='ServerLevel[world]', x=-1984.30, y=70.26, z=492.50]
[13:19:49] [Server thread/WARN]: Fetching packet for removed entity class_1542['Air'/50895, l='ServerLevel[world]', x=-1984.30, y=70.26, z=492.50]
[13:19:49] [Server thread/WARN]: Fetching packet for removed entity class_1542['Air'/50907, l='ServerLevel[world]', x=-1984.30, y=70.26, z=492.50]
[13:19:50] [Server thread/WARN]: Fetching packet for removed entity class_1542['Air'/50921, l='ServerLevel[world]', x=-1984.30, y=70.26, z=492.50]
[13:19:51] [Server thread/WARN]: Fetching packet for removed entity class_1542['Air'/50936, l='ServerLevel[world]', x=-1984.30, y=70.26, z=492.50]
[13:19:52] [Server thread/WARN]: Fetching packet for removed entity class_1542['Air'/50944, l='ServerLevel[world]', x=-1984.30, y=70.26, z=492.50]
[13:19:55] [Server thread/WARN]: Fetching packet for removed entity class_1542['Air'/50990, l='ServerLevel[world]', x=-1984.30, y=70.26, z=492.50]
[13:19:56] [Server thread/WARN]: Fetching packet for removed entity class_1542['Air'/51007, l='ServerLevel[world]', x=-1984.30, y=70.26, z=492.50]
[13:19:58] [Server thread/WARN]: Can't keep up! Is the server overloaded? Running 2104ms or 42 ticks behind
[13:19:58] [Server thread/WARN]: Fetching packet for removed entity class_1542['Air'/51016, l='ServerLevel[world]', x=-1984.30, y=70.26, z=492.50]
[13:20:00] [Server thread/WARN]: Fetching packet for removed entity class_1542['Air'/51024, l='ServerLevel[world]', x=-1984.30, y=70.26, z=492.50]
[13:20:01] [Server thread/WARN]: Fetching packet for removed entity class_1542['Air'/51033, l='ServerLevel[world]', x=-1984.30, y=70.26, z=492.50]
[13:20:02] [Server thread/WARN]: Fetching packet for removed entity class_1542['Air'/51044, l='ServerLevel[world]', x=-1984.30, y=70.26, z=492.50]
[13:20:03] [Server thread/WARN]: Fetching packet for removed entity class_1542['Air'/51055, l='ServerLevel[world]', x=-1984.30, y=70.26, z=492.50]
[13:20:04] [Server thread/WARN]: Fetching packet for removed entity class_1542['Air'/51065, l='ServerLevel[world]', x=-1984.30, y=70.26, z=492.50]
[13:20:04] [Server thread/WARN]: Fetching packet for removed entity class_1542['Air'/51074, l='ServerLevel[world]', x=-1984.30, y=70.26, z=492.50]
[13:20:07] [Server thread/WARN]: Fetching packet for removed entity class_1542['Air'/51109, l='ServerLevel[world]', x=-1984.30, y=70.26, z=492.50]
[13:20:07] [Server thread/WARN]: Fetching packet for removed entity class_1542['Air'/51117, l='ServerLevel[world]', x=-1984.30, y=70.26, z=492.50]
[13:20:09] [Server thread/WARN]: Fetching packet for removed entity class_1542['Air'/51128, l='ServerLevel[world]', x=-1984.30, y=70.26, z=492.50]
[13:20:10] [Server thread/WARN]: Fetching packet for removed entity class_1542['Air'/51138, l='ServerLevel[world]', x=-1984.30, y=70.26, z=492.50]
[13:20:11] [Server thread/WARN]: Fetching packet for removed entity class_1542['Air'/51160, l='ServerLevel[world]', x=-1984.30, y=70.26, z=492.50]
[13:20:13] [Server thread/WARN]: Fetching packet for removed entity class_1542['Air'/51191, l='ServerLevel[world]', x=-1984.30, y=70.26, z=492.50]
[13:20:14] [Server thread/WARN]: Fetching packet for removed entity class_1542['Air'/51200, l='ServerLevel[world]', x=-1984.30, y=70.26, z=492.50]
[13:20:15] [Server thread/WARN]: Fetching packet for removed entity class_1542['Air'/51216, l='ServerLevel[world]', x=-1984.30, y=70.26, z=492.50]
[13:20:15] [Server thread/WARN]: Fetching packet for removed entity class_1542['Air'/51227, l='ServerLevel[world]', x=-1984.30, y=70.26, z=492.50]
[13:20:16] [Server thread/WARN]: Fetching packet for removed entity class_1542['Air'/51238, l='ServerLevel[world]', x=-1984.30, y=70.26, z=492.50]
[13:20:16] [Server thread/WARN]: Can't keep up! Is the server overloaded? Running 2558ms or 51 ticks behind
[13:20:18] [Server thread/WARN]: Fetching packet for removed entity class_1542['Air'/51281, l='ServerLevel[world]', x=-1984.30, y=70.26, z=492.50]
[13:20:19] [Server thread/WARN]: Fetching packet for removed entity class_1542['Air'/51292, l='ServerLevel[world]', x=-1984.30, y=70.26, z=492.50]
[13:20:20] [Server thread/WARN]: Fetching packet for removed entity class_1542['Air'/51302, l='ServerLevel[world]', x=-1984.30, y=70.26, z=492.50]
[13:20:21] [Server thread/WARN]: Fetching packet for removed entity class_1542['Air'/51309, l='ServerLevel[world]', x=-1984.30, y=70.26, z=492.50]
[13:20:21] [Server thread/WARN]: Fetching packet for removed entity class_1542['Air'/51322, l='ServerLevel[world]', x=-1984.30, y=70.26, z=492.50]
[13:20:25] [Server thread/WARN]: Fetching packet for removed entity class_1542['Air'/51361, l='ServerLevel[world]', x=-1984.30, y=70.26, z=492.50]
[13:20:25] [Server thread/WARN]: Fetching packet for removed entity class_1542['Air'/51375, l='ServerLevel[world]', x=-1984.30, y=70.26, z=492.50]
[13:20:26] [Server thread/WARN]: Fetching packet for removed entity class_1542['Air'/51386, l='ServerLevel[world]', x=-1984.30, y=70.26, z=492.50]
[13:20:26] [Server thread/WARN]: Fetching packet for removed entity class_1542['Air'/51397, l='ServerLevel[world]', x=-1984.30, y=70.26, z=492.50]
[13:20:28] [Server thread/WARN]: Fetching packet for removed entity class_1542['Air'/51419, l='ServerLevel[world]', x=-1984.30, y=70.26, z=492.50]
[13:20:29] [Server thread/WARN]: Fetching packet for removed entity class_1542['Air'/51429, l='ServerLevel[world]', x=-1984.30, y=70.26, z=492.50]
[13:20:30] [Server thread/WARN]: Fetching packet for removed entity class_1542['Air'/51440, l='ServerLevel[world]', x=-1984.30, y=70.26, z=492.50]
[13:20:30] [Server thread/WARN]: Fetching packet for removed entity class_1542['Air'/51448, l='ServerLevel[world]', x=-1984.30, y=70.26, z=492.50]
[13:20:31] [Server thread/WARN]: Fetching packet for removed entity class_1542['Air'/51463, l='ServerLevel[world]', x=-1984.30, y=70.26, z=492.50]
[13:21:04] [Server thread/WARN]: Fetching packet for removed entity class_1542['Air'/51903, l='ServerLevel[world]', x=-1984.30, y=70.26, z=492.50]
[13:21:05] [Server thread/WARN]: Fetching packet for removed entity class_1542['Air'/51913, l='ServerLevel[world]', x=-1984.30, y=70.26, z=492.50]
[13:21:05] [Server thread/WARN]: Fetching packet for removed entity class_1542['Air'/51923, l='ServerLevel[world]', x=-1984.30, y=70.26, z=492.50]
[13:21:06] [Server thread/WARN]: Fetching packet for removed entity class_1542['Air'/51938, l='ServerLevel[world]', x=-1984.30, y=70.26, z=492.50]
[13:21:07] [Server thread/WARN]: Fetching packet for removed entity class_1542['Air'/51951, l='ServerLevel[world]', x=-1984.30, y=70.26, z=492.50]
[13:21:17] [Server thread/WARN]: Can't keep up! Is the server overloaded? Running 2038ms or 40 ticks behind
[13:21:25] [Server thread/WARN]: Fetching packet for removed entity class_1542['Air'/52201, l='ServerLevel[world]', x=-1984.30, y=70.26, z=492.50]
[13:21:26] [Server thread/WARN]: Fetching packet for removed entity class_1542['Air'/52215, l='ServerLevel[world]', x=-1984.30, y=70.26, z=492.50]
[13:21:27] [Server thread/WARN]: Fetching packet for removed entity class_1542['Air'/52223, l='ServerLevel[world]', x=-1984.30, y=70.26, z=492.50]
[13:21:28] [Server thread/WARN]: Fetching packet for removed entity class_1542['Air'/52231, l='ServerLevel[world]', x=-1984.30, y=70.26, z=492.50]
[13:21:29] [Server thread/WARN]: Fetching packet for removed entity class_1542['Air'/52240, l='ServerLevel[world]', x=-1984.30, y=70.26, z=492.50]
[13:21:32] [Server thread/WARN]: Fetching packet for removed entity class_1542['Air'/52272, l='ServerLevel[world]', x=-1984.30, y=70.26, z=492.50]
[13:21:32] [Server thread/WARN]: Fetching packet for removed entity class_1542['Air'/52284, l='ServerLevel[world]', x=-1984.30, y=70.26, z=492.50]
[13:21:33] [Server thread/WARN]: Fetching packet for removed entity class_1542['Air'/52291, l='ServerLevel[world]', x=-1984.30, y=70.26, z=492.50]
[13:21:34] [Server thread/WARN]: Fetching packet for removed entity class_1542['Air'/52300, l='ServerLevel[world]', x=-1984.30, y=70.26, z=492.50]
[13:21:35] [Server thread/WARN]: Fetching packet for removed entity class_1542['Air'/52307, l='ServerLevel[world]', x=-1984.30, y=70.26, z=492.50]
[13:21:35] [Server thread/WARN]: Can't keep up! Is the server overloaded? Running 3039ms or 60 ticks behind
[13:21:37] [Server thread/WARN]: Fetching packet for removed entity class_1542['Air'/52329, l='ServerLevel[world]', x=-1984.30, y=70.26, z=492.50]
[13:21:38] [Server thread/WARN]: Fetching packet for removed entity class_1542['Air'/52341, l='ServerLevel[world]', x=-1984.30, y=70.26, z=492.50]
[13:21:38] [Server thread/WARN]: Fetching packet for removed entity class_1542['Air'/52351, l='ServerLevel[world]', x=-1984.30, y=70.26, z=492.50]
[13:21:39] [Server thread/WARN]: Fetching packet for removed entity class_1542['Air'/52364, l='ServerLevel[world]', x=-1984.30, y=70.26, z=492.50]
[13:21:40] [Server thread/WARN]: Fetching packet for removed entity class_1542['Air'/52372, l='ServerLevel[world]', x=-1984.30, y=70.26, z=492.50]
[13:21:42] [Server thread/WARN]: Fetching packet for removed entity class_1542['Air'/52396, l='ServerLevel[world]', x=-1984.30, y=70.26, z=492.50]
[13:21:42] [Server thread/WARN]: Fetching packet for removed entity class_1542['Air'/52409, l='ServerLevel[world]', x=-1984.30, y=70.26, z=492.50]
[13:21:43] [Server thread/WARN]: Fetching packet for removed entity class_1542['Air'/52419, l='ServerLevel[world]', x=-1984.30, y=70.26, z=492.50]
[13:21:44] [Server thread/WARN]: Fetching packet for removed entity class_1542['Air'/52428, l='ServerLevel[world]', x=-1984.30, y=70.26, z=492.50]
[13:21:44] [Server thread/WARN]: Fetching packet for removed entity class_1542['Air'/52435, l='ServerLevel[world]', x=-1984.30, y=70.26, z=492.50]
[13:21:47] [Server thread/WARN]: Fetching packet for removed entity class_1542['Air'/52474, l='ServerLevel[world]', x=-1984.30, y=70.26, z=492.50]
[13:21:48] [Server thread/WARN]: Fetching packet for removed entity class_1542['Air'/52490, l='ServerLevel[world]', x=-1984.30, y=70.26, z=492.50]
[13:21:49] [Server thread/WARN]: Fetching packet for removed entity class_1542['Air'/52501, l='ServerLevel[world]', x=-1984.30, y=70.26, z=492.50]
[13:21:49] [Server thread/WARN]: Fetching packet for removed entity class_1542['Air'/52508, l='ServerLevel[world]', x=-1984.30, y=70.26, z=492.50]
[13:21:50] [Server thread/WARN]: Fetching packet for removed entity class_1542['Air'/52515, l='ServerLevel[world]', x=-1984.30, y=70.26, z=492.50]
[13:21:51] [Server thread/WARN]: Fetching packet for removed entity class_1542['Air'/52528, l='ServerLevel[world]', x=-1984.30, y=70.26, z=492.50]
[13:21:52] [Server thread/WARN]: Fetching packet for removed entity class_1542['Air'/52543, l='ServerLevel[world]', x=-1984.30, y=70.26, z=492.50]
[13:21:54] [Server thread/WARN]: Can't keep up! Is the server overloaded? Running 2078ms or 41 ticks behind
[13:22:12] [Server thread/WARN]: Can't keep up! Is the server overloaded? Running 3555ms or 71 ticks behind
[13:22:23] [Server thread/WARN]: Fetching packet for removed entity class_1542['Air'/52960, l='ServerLevel[world]', x=-1984.30, y=70.26, z=492.50]
[13:22:23] [Server thread/WARN]: Fetching packet for removed entity class_1542['Air'/52971, l='ServerLevel[world]', x=-1984.30, y=70.26, z=492.50]
[13:22:24] [Server thread/WARN]: Fetching packet for removed entity class_1542['Air'/52985, l='ServerLevel[world]', x=-1984.30, y=70.26, z=492.50]
[13:22:25] [Server thread/WARN]: Fetching packet for removed entity class_1542['Air'/52993, l='ServerLevel[world]', x=-1984.30, y=70.26, z=492.50]
[13:22:25] [Server thread/WARN]: Fetching packet for removed entity class_1542['Air'/53003, l='ServerLevel[world]', x=-1984.30, y=70.26, z=492.50]
[13:22:26] [Server thread/WARN]: Fetching packet for removed entity class_1542['Air'/53012, l='ServerLevel[world]', x=-1984.30, y=70.26, z=492.50]
[13:22:27] [Server thread/WARN]: Fetching packet for removed entity class_1542['Air'/53029, l='ServerLevel[world]', x=-1984.30, y=70.26, z=492.50]
[13:22:28] [Server thread/WARN]: Fetching packet for removed entity class_1542['Air'/53037, l='ServerLevel[world]', x=-1984.30, y=70.26, z=492.50]
[13:22:28] [Server thread/WARN]: Fetching packet for removed entity class_1542['Air'/53045, l='ServerLevel[world]', x=-1984.30, y=70.26, z=492.50]
[13:22:31] [Server thread/WARN]: Fetching packet for removed entity class_1542['Air'/53079, l='ServerLevel[world]', x=-1984.30, y=70.26, z=492.50]
[13:22:31] [Server thread/WARN]: Fetching packet for removed entity class_1542['Air'/53086, l='ServerLevel[world]', x=-1984.30, y=70.26, z=492.50]
[13:22:32] [Server thread/WARN]: Fetching packet for removed entity class_1542['Air'/53095, l='ServerLevel[world]', x=-1984.30, y=70.26, z=492.50]
[13:22:33] [Server thread/WARN]: Fetching packet for removed entity class_1542['Air'/53110, l='ServerLevel[world]', x=-1984.30, y=70.26, z=492.50]
[13:22:33] [Server thread/WARN]: Fetching packet for removed entity class_1542['Air'/53117, l='ServerLevel[world]', x=-1984.30, y=70.26, z=492.50]
[13:22:49] [Server thread/WARN]: Can't keep up! Is the server overloaded? Running 2111ms or 42 ticks behind
[13:23:38] [Server thread/WARN]: Can't keep up! Is the server overloaded? Running 2027ms or 40 ticks behind
[13:26:02] [Server thread/INFO]: <xiaolouQAQ> 那么摇滚的吗
[13:26:08] [Server thread/INFO]: <xiaolouQAQ> 铲子可有
[13:26:09] [Server thread/INFO]: <Cora_cold> en
[13:26:25] [Server thread/INFO]: <xiaolouQAQ> 不错
[13:26:34] [Server thread/INFO]: <Cora_cold> 你要干嘛？
[13:26:44] [Server thread/INFO]: <xiaolouQAQ> 造个村民集中营
[13:26:50] [Server thread/INFO]: <Cora_cold> 集中营？？？
[13:27:25] [Server thread/INFO]: X_mikl lost connection: Disconnected
[13:27:25] [Server thread/INFO]: X_mikl left the game
[13:30:03] [Server thread/INFO]: <xiaolouQAQ> 铁块多么
[13:30:08] [Server thread/INFO]: <Cora_cold> 你猜
[13:30:13] [Server thread/INFO]: <xiaolouQAQ> 不知道
[13:30:21] [Server thread/INFO]: <Cora_cold> 你要做信标？
[13:30:25] [Server thread/INFO]: <xiaolouQAQ> 盖房子
[13:31:22] [Server thread/INFO]: <Cora_cold> 挖多大？
[13:31:27] [Server thread/INFO]: <xiaolouQAQ> ok
[13:32:25] [Server thread/INFO]: <xiaolouQAQ> 你去拿个几组铁块吧
[13:33:00] [Server thread/INFO]: <Cora_cold> 有其他的方块
[13:33:09] [Server thread/INFO]: <xiaolouQAQ> 也行
[13:33:16] [Server thread/INFO]: <Cora_cold> 也不多
[13:36:09] [Server thread/INFO]: X_mikl[/127.0.0.1:63513] logged in with entity id 61524 at (-42.12797411700965, 64.0, 243.18664447693374)
[13:36:09] [Netty Server IO #0/WARN]: Received invalid identifier in minecraft:register: legacy:fml|hs (Non [a-z0-9/._-] character in path of location: legacy:fml|hs)
[13:36:09] [Server thread/INFO]: X_mikl joined the game
[13:36:13] [Netty Server IO #0/INFO]: Player X_mikl joined with a matching carpet client
[13:37:03] [Server thread/INFO]: <X_mikl> 我加了个REI
[13:37:06] [Server thread/INFO]: <X_mikl> 舒服
[13:44:08] [Server thread/INFO]: <Cora_cold> 你要干嘛？
[13:44:24] [Server thread/INFO]: <Cora_cold> 你多放几个床，晚上他们就过去了
[13:45:19] [Server thread/WARN]: Can't keep up! Is the server overloaded? Running 2118ms or 42 ticks behind
[13:45:21] [Server thread/INFO]: <Cora_cold> 要造娃了？
[13:45:29] [Server thread/INFO]: <xiaolouQAQ> en\
[13:45:38] [Server thread/WARN]: Can't keep up! Is the server overloaded? Running 3862ms or 77 ticks behind
[13:46:07] [Server thread/INFO]: <Cora_cold> 不用管他们
[13:46:28] [Server thread/INFO]: <Cora_cold> 床拆了就好了
[13:46:33] [Server thread/INFO]: <xiaolouQAQ> 你拆一下
[13:48:39] [Server thread/INFO]: <Cora_cold> 这里面的村民咋办
[13:48:59] [Server thread/INFO]: <X_mikl> 凉拌炒鸡蛋
[13:49:13] [Server thread/INFO]: <Cora_cold> 杀了？
[13:49:24] [Server thread/INFO]: <xiaolouQAQ> 别管他们了
[13:50:24] [Server thread/WARN]: Can't keep up! Is the server overloaded? Running 2355ms or 47 ticks behind
[13:50:33] [Server thread/INFO]: <Cora_cold> 你打算繁殖村民还是什么
[13:50:38] [Server thread/INFO]: <xiaolouQAQ> 对
[13:50:59] [Server thread/INFO]: <Cora_cold> 繁殖村民的话应该做成那边的形式
[13:51:06] [Server thread/INFO]: <X_mikl> 你们在哪
[13:51:08] [Server thread/INFO]: <xiaolouQAQ> 有床不就行了
[13:51:10] [Server thread/INFO]: <X_mikl> 发个坐标
[13:51:15] [Server thread/INFO]: <Cora_cold> 不是
[13:51:22] [Server thread/INFO]: <xiaolouQAQ> ?
[13:51:23] [Server thread/INFO]: <Cora_cold> 有吃的
[13:51:30] [Server thread/WARN]: Can't keep up! Is the server overloaded? Running 2060ms or 41 ticks behind
[13:51:48] [Server thread/WARN]: Can't keep up! Is the server overloaded? Running 2958ms or 59 ticks behind
[13:52:07] [Server thread/INFO]: <Cora_cold> 那边是农民自己收集吃的，自己生
[13:52:48] [Server thread/INFO]: <Cora_cold> 等晚上吧
[13:53:00] [Server thread/WARN]: Can't keep up! Is the server overloaded? Running 2837ms or 56 ticks behind
[13:53:53] [Server thread/INFO]: <Cora_cold> 这样繁殖不了聪敏
[13:53:58] [Server thread/INFO]: <Cora_cold> 这样繁殖不了村民
[13:54:11] [Server thread/INFO]: <xiaolouQAQ> 那把那边去掉可行
[13:54:27] [Server thread/INFO]: <X_mikl> 这里你们要干嘛
[13:54:34] [Server thread/INFO]: <xiaolouQAQ> 集中起来
[13:54:37] [Server thread/INFO]: <xiaolouQAQ> 不要乱跑
[13:54:41] [Server thread/INFO]: <Cora_cold> 哦
[13:54:59] [Server thread/INFO]: <xiaolouQAQ> 上次找到这个村庄
[13:55:07] [Server thread/INFO]: <xiaolouQAQ> 刚好袭击，就剩俩村民
[13:55:34] [Server thread/INFO]: <X_mikl> 我开了光影
[13:55:35] [Server thread/WARN]: Can't keep up! Is the server overloaded? Running 2074ms or 41 ticks behind
[13:55:37] [Server thread/INFO]: <X_mikl> 好黑
[13:55:51] [Server thread/INFO]: <X_mikl> 有人能给我一根火把吗
[13:55:55] [Server thread/INFO]: X_mikl was slain by Zombie
[13:55:58] [Server thread/INFO]: <X_mikl> ????????
[13:56:00] [Server thread/INFO]: <xiaolouQAQ> ???
[13:56:21] [Server thread/INFO]: <X_mikl> 帮我捡下东西，谢谢
[13:57:18] [Server thread/INFO]: <Cora_cold> 你这些村民是要做职业的吗？
[13:57:29] [Server thread/INFO]: <xiaolouQAQ> 都行
[13:57:40] [Server thread/INFO]: <Cora_cold> 繁殖肯定是做不了的
[13:57:49] [Server thread/INFO]: <Cora_cold> 没有农场的快
[13:57:57] [Server thread/INFO]: <Cora_cold> 需要手动给他吃的
[13:58:12] [Server thread/WARN]: Can't keep up! Is the server overloaded? Running 2150ms or 43 ticks behind
[13:58:33] [Server thread/WARN]: Can't keep up! Is the server overloaded? Running 5870ms or 117 ticks behind
[13:58:54] [Server thread/WARN]: Can't keep up! Is the server overloaded? Running 2084ms or 41 ticks behind
[13:59:17] [Server thread/WARN]: Can't keep up! Is the server overloaded? Running 7753ms or 155 ticks behind
[13:59:55] [Server thread/INFO]: X_mikl was shot by Skeleton
[13:59:59] [Server thread/INFO]: <X_mikl> ????????????
[14:00:03] [Server thread/INFO]: Backup started by: SERVER on: 2020-07-13_14-00-03
[14:00:03] [Server thread/INFO]: Saving server...
[14:00:10] [Server thread/INFO]: ThreadedAnvilChunkStorage (world): All chunks are saved
[14:00:10] [Server thread/INFO]: ThreadedAnvilChunkStorage (DIM-1): All chunks are saved
[14:00:10] [Server thread/INFO]: ThreadedAnvilChunkStorage (DIM1): All chunks are saved
[14:00:10] [Server thread/WARN]: Can't keep up! Is the server overloaded? Running 7442ms or 148 ticks behind
[14:00:11] [Thread-294/INFO]: Starting backup
[14:00:12] [Server thread/INFO]: <xiaolouQAQ> 你咋不穿护甲
[14:00:14] [Thread-294/INFO]: Starting compression...
[14:00:25] [Server thread/INFO]: <X_mikl> 裤子有绑定诅咒
[14:00:26] [Server thread/INFO]: <Cora_cold> 昨天晚上他丢了吧
[14:00:44] [Server thread/WARN]: Can't keep up! Is the server overloaded? Running 18960ms or 379 ticks behind
[14:00:45] [Server thread/INFO]: <X_mikl> 还想附下魔
[14:00:55] [Server thread/INFO]: Cora_cold lost connection: Disconnected
[14:00:55] [Server thread/INFO]: Cora_cold left the game
[14:00:59] [Server thread/INFO]: Cora_cold[/127.0.0.1:64397] logged in with entity id 76566 at (-2062.9048538038137, 72.0, 521.9037302514109)
[14:00:59] [Netty Server IO #1/WARN]: Received invalid identifier in minecraft:register: legacy:fml|hs (Non [a-z0-9/._-] character in path of location: legacy:fml|hs)
[14:01:00] [Server thread/INFO]: Cora_cold joined the game
[14:01:01] [Netty Server IO #1/INFO]: Player Cora_cold joined with a matching carpet client
[14:01:03] [Server thread/WARN]: Can't keep up! Is the server overloaded? Running 4195ms or 83 ticks behind
[14:01:12] [Thread-294/INFO]: Compression took: 57.8997112s
[14:01:12] [Thread-294/INFO]: Deleting: 2020-07-12_21-10-23.zip
[14:01:12] [Thread-294/INFO]: Done!
[14:01:21] [Server thread/WARN]: Can't keep up! Is the server overloaded? Running 2012ms or 40 ticks behind
[14:01:43] [Server thread/WARN]: Can't keep up! Is the server overloaded? Running 6965ms or 139 ticks behind
[14:01:57] [Server thread/INFO]: <X_mikl> 雨天不适合开光影
[14:02:06] [Server thread/WARN]: Can't keep up! Is the server overloaded? Running 2112ms or 42 ticks behind
[14:02:30] [Server thread/WARN]: Can't keep up! Is the server overloaded? Running 8648ms or 172 ticks behind
[14:02:48] [Server thread/WARN]: Can't keep up! Is the server overloaded? Running 3926ms or 78 ticks behind
[14:03:09] [Server thread/WARN]: Can't keep up! Is the server overloaded? Running 5198ms or 103 ticks behind
[14:03:33] [Server thread/WARN]: Can't keep up! Is the server overloaded? Running 9681ms or 193 ticks behind
[14:03:53] [Server thread/INFO]: <X_mikl> 有钱
[14:03:56] [Server thread/WARN]: Can't keep up! Is the server overloaded? Running 7460ms or 149 ticks behind
[14:04:07] [Server thread/INFO]: <xiaolouQAQ> 保命
[14:04:14] [Server thread/WARN]: Can't keep up! Is the server overloaded? Running 3350ms or 67 ticks behind
[14:04:22] [Server thread/INFO]: <X_mikl> 我胡萝卜不见了
[14:04:31] [Server thread/WARN]: Can't keep up! Is the server overloaded? Running 2059ms or 41 ticks behind
[14:04:51] [Server thread/WARN]: Can't keep up! Is the server overloaded? Running 4544ms or 90 ticks behind
[14:04:52] [Server thread/INFO]: <xiaolouQAQ> en
[14:05:04] [Server thread/INFO]: <Cora_cold> xiaolou
[14:05:13] [Server thread/INFO]: <xiaolouQAQ> ?
[14:05:15] [Server thread/INFO]: <Cora_cold> 你的那个投影能用吗？
[14:05:21] [Server thread/WARN]: Can't keep up! Is the server overloaded? Running 2006ms or 40 ticks behind
[14:05:23] [Server thread/INFO]: <xiaolouQAQ> 啥？
[14:05:26] [Server thread/WARN]: Fetching packet for removed entity class_1542['Air'/79610, l='ServerLevel[world]', x=-2065.41, y=69.32, z=531.59]
[14:05:26] [Server thread/WARN]: Fetching packet for removed entity class_1542['Air'/79610, l='ServerLevel[world]', x=-2065.41, y=69.32, z=531.59]
[14:05:28] [Server thread/INFO]: <X_mikl> 投影是哪个按键我都不知道
[14:05:32] [Server thread/INFO]: <Cora_cold> m
[14:05:34] [Server thread/INFO]: <X_mikl> 你们还能用？
[14:05:36] [Server thread/INFO]: <X_mikl> 哦
[14:05:42] [Server thread/WARN]: Can't keep up! Is the server overloaded? Running 2010ms or 40 ticks behind
[14:05:45] [Server thread/INFO]: <X_mikl> 那不是地图吗？
[14:05:49] [Server thread/INFO]: <Cora_cold> 不能选中区块
[14:05:55] [Server thread/INFO]: <xiaolouQAQ> 能打开页面然后呢
[14:05:56] [Server thread/INFO]: <Cora_cold> 你把地图按键改了
[14:06:23] [Server thread/INFO]: <Cora_cold> 应该是可以复制其他地图的建筑来服务器做
[14:06:24] [Server thread/INFO]: <X_mikl> 有了
[14:06:28] [Server thread/INFO]: <X_mikl> 地毯呢
[14:07:04] [Server thread/WARN]: Can't keep up! Is the server overloaded? Running 2004ms or 40 ticks behind
[14:07:27] [Server thread/WARN]: Can't keep up! Is the server overloaded? Running 3673ms or 73 ticks behind
[14:07:27] [Server thread/INFO]: <X_mikl> 地毯 的按键是哪个
[14:07:46] [Server thread/INFO]: XxiaoyunX[/127.0.0.1:64637] logged in with entity id 81444 at (-165.2826128004951, 71.0, 408.8358252600471)
[14:07:46] [Netty Server IO #0/WARN]: Received invalid identifier in minecraft:register: legacy:fml|hs (Non [a-z0-9/._-] character in path of location: legacy:fml|hs)
[14:07:46] [Server thread/INFO]: XxiaoyunX joined the game
[14:07:49] [Server thread/WARN]: Can't keep up! Is the server overloaded? Running 6724ms or 134 ticks behind
[14:08:09] [Server thread/WARN]: Can't keep up! Is the server overloaded? Running 5754ms or 115 ticks behind
[14:08:16] [Server thread/INFO]: <X_mikl> 给我点吃的呗
[14:08:29] [Server thread/WARN]: Can't keep up! Is the server overloaded? Running 4958ms or 99 ticks behind
[14:08:31] [Server thread/INFO]: <xiaolouQAQ> 就这些了
[14:08:32] [Server thread/INFO]: <xiaolouQAQ> ==
[14:08:46] [Server thread/INFO]: <X_mikl> 能吃饱就行
[14:08:51] [Server thread/WARN]: Can't keep up! Is the server overloaded? Running 6416ms or 128 ticks behind
[14:09:10] [Server thread/WARN]: Can't keep up! Is the server overloaded? Running 4756ms or 95 ticks behind
[14:09:30] [Server thread/WARN]: Can't keep up! Is the server overloaded? Running 4374ms or 87 ticks behind
[14:09:48] [Server thread/WARN]: Can't keep up! Is the server overloaded? Running 3518ms or 70 ticks behind
[14:10:09] [Server thread/WARN]: Can't keep up! Is the server overloaded? Running 5788ms or 115 ticks behind
[14:10:28] [Server thread/WARN]: Can't keep up! Is the server overloaded? Running 4417ms or 88 ticks behind
[14:10:47] [Server thread/WARN]: Can't keep up! Is the server overloaded? Running 3689ms or 73 ticks behind
[14:11:14] [Server thread/WARN]: Can't keep up! Is the server overloaded? Running 11784ms or 235 ticks behind
[14:11:36] [Server thread/WARN]: Can't keep up! Is the server overloaded? Running 7534ms or 150 ticks behind
[14:11:55] [Server thread/WARN]: Can't keep up! Is the server overloaded? Running 3221ms or 64 ticks behind
[14:12:24] [Server thread/WARN]: Can't keep up! Is the server overloaded? Running 2014ms or 40 ticks behind
[14:12:47] [Server thread/WARN]: Can't keep up! Is the server overloaded? Running 2008ms or 40 ticks behind
[14:13:17] [Server thread/WARN]: Can't keep up! Is the server overloaded? Running 2025ms or 40 ticks behind
[14:13:34] [Server thread/WARN]: Can't keep up! Is the server overloaded? Running 2797ms or 55 ticks behind
[14:13:57] [Server thread/WARN]: Can't keep up! Is the server overloaded? Running 8115ms or 162 ticks behind
[14:14:12] [Server thread/INFO]: <Cora_cold> 有人在飞吗？
[14:14:27] [Server thread/WARN]: Can't keep up! Is the server overloaded? Running 14767ms or 295 ticks behind
[14:14:36] [Server thread/INFO]: <xiaolouQAQ> 我先回家了，造个地狱门来
[14:14:44] [Server thread/WARN]: Can't keep up! Is the server overloaded? Running 2151ms or 43 ticks behind
[14:15:02] [Server thread/WARN]: Can't keep up! Is the server overloaded? Running 2829ms or 56 ticks behind
[14:15:21] [Server thread/WARN]: Can't keep up! Is the server overloaded? Running 3574ms or 71 ticks behind
[14:15:44] [Server thread/WARN]: Can't keep up! Is the server overloaded? Running 8336ms or 166 ticks behind
[14:16:16] [Server thread/WARN]: Can't keep up! Is the server overloaded? Running 16568ms or 331 ticks behind
[14:16:46] [Server thread/WARN]: Can't keep up! Is the server overloaded? Running 15567ms or 311 ticks behind
[14:17:09] [Server thread/WARN]: Can't keep up! Is the server overloaded? Running 7982ms or 159 ticks behind
[14:17:28] [Server thread/WARN]: Can't keep up! Is the server overloaded? Running 3548ms or 70 ticks behind
[14:17:49] [Server thread/WARN]: Can't keep up! Is the server overloaded? Running 6537ms or 130 ticks behind
[14:18:09] [Server thread/WARN]: Can't keep up! Is the server overloaded? Running 4858ms or 97 ticks behind
[14:18:33] [Server thread/WARN]: Can't keep up! Is the server overloaded? Running 9403ms or 188 ticks behind
[14:18:55] [Server thread/WARN]: Can't keep up! Is the server overloaded? Running 6733ms or 134 ticks behind
[14:18:55] [Server thread/INFO]: X_mikl has made the advancement [A Seedy Place]
[14:19:07] [Server thread/INFO]: Cora_cold has made the advancement [Spooky Scary Skeleton]
[14:19:10] [Server thread/INFO]: <xiaolouQAQ> ???
[14:19:16] [Server thread/WARN]: Can't keep up! Is the server overloaded? Running 5623ms or 112 ticks behind
[14:19:26] [Server thread/INFO]: xiaolouQAQ has made the advancement [Spooky Scary Skeleton]
[14:19:38] [Server thread/WARN]: Can't keep up! Is the server overloaded? Running 7259ms or 145 ticks behind
[14:20:00] [Server thread/INFO]: <XxiaoyunX> 怎么样，卡吗
[14:20:05] [Server thread/WARN]: Can't keep up! Is the server overloaded? Running 11734ms or 234 ticks behind
[14:20:23] [Server thread/INFO]: <xiaolouQAQ> tps
[14:20:36] [Server thread/WARN]: Can't keep up! Is the server overloaded? Running 16766ms or 335 ticks behind
[14:20:39] [Server thread/INFO]: <Cora_cold> 你家门口的那个高频？
[14:20:41] [Server thread/INFO]: <XxiaoyunX> 我弄了6个推动沙粒的活塞
[14:20:57] [Server thread/WARN]: Can't keep up! Is the server overloaded? Running 6179ms or 123 ticks behind
[14:21:04] [Server thread/INFO]: <XxiaoyunX> 不过不在加载
[14:21:22] [Server thread/WARN]: Can't keep up! Is the server overloaded? Running 9656ms or 193 ticks behind
[14:21:35] [Server thread/INFO]: <XxiaoyunX> 我觉得可以建一个地狱门弱加载器qwq
[14:21:36] [Server thread/INFO]: <Cora_cold> 你家门口咋这样，，，，
[14:21:51] [Server thread/WARN]: Can't keep up! Is the server overloaded? Running 13708ms or 274 ticks behind
[14:21:57] [Server thread/INFO]: <X_mikl> 我好卡
[14:22:02] [Server thread/INFO]: <XxiaoyunX> ?
[14:22:03] [Server thread/INFO]: <xiaolouQAQ> 1
[14:22:09] [Server thread/INFO]: <XxiaoyunX> 有人加载了？？？
[14:22:15] [Server thread/INFO]: <Cora_cold> 我下了
[14:22:19] [Server thread/WARN]: Can't keep up! Is the server overloaded? Running 12728ms or 254 ticks behind
[14:22:23] [Server thread/INFO]: Cora_cold lost connection: Disconnected
[14:22:23] [Server thread/INFO]: Cora_cold left the game
[14:22:38] [Server thread/WARN]: Can't keep up! Is the server overloaded? Running 4655ms or 93 ticks behind
[14:22:56] [Server thread/WARN]: Can't keep up! Is the server overloaded? Running 2578ms or 51 ticks behind
[14:23:13] [Server thread/WARN]: Can't keep up! Is the server overloaded? Running 2772ms or 55 ticks behind
[14:23:31] [Server thread/WARN]: Can't keep up! Is the server overloaded? Running 2819ms or 56 ticks behind
[14:24:00] [Server thread/WARN]: Can't keep up! Is the server overloaded? Running 13436ms or 268 ticks behind
[14:24:25] [Server thread/WARN]: Can't keep up! Is the server overloaded? Running 10624ms or 212 ticks behind
[14:24:45] [Server thread/WARN]: Can't keep up! Is the server overloaded? Running 4764ms or 95 ticks behind
[14:25:03] [Server thread/WARN]: Can't keep up! Is the server overloaded? Running 2788ms or 55 ticks behind
[14:25:21] [Server thread/WARN]: Can't keep up! Is the server overloaded? Running 3515ms or 70 ticks behind
[14:25:42] [Server thread/WARN]: Can't keep up! Is the server overloaded? Running 5894ms or 117 ticks behind
[14:26:45] [Server thread/WARN]: Can't keep up! Is the server overloaded? Running 2043ms or 40 ticks behind
[14:27:08] [Server thread/WARN]: Can't keep up! Is the server overloaded? Running 2008ms or 40 ticks behind
[14:27:26] [Server thread/WARN]: Can't keep up! Is the server overloaded? Running 3657ms or 73 ticks behind
[14:27:44] [Server thread/WARN]: Can't keep up! Is the server overloaded? Running 2743ms or 54 ticks behind
[14:28:03] [Server thread/WARN]: Can't keep up! Is the server overloaded? Running 3603ms or 72 ticks behind
[14:28:29] [Server thread/WARN]: Can't keep up! Is the server overloaded? Running 10819ms or 216 ticks behind
[14:28:31] [Server thread/WARN]: Fetching packet for removed entity class_1542['White Carpet'/97824, l='ServerLevel[world]', x=-23.96, y=65.00, z=266.15]
[14:28:51] [Server thread/WARN]: Can't keep up! Is the server overloaded? Running 7100ms or 142 ticks behind
[14:29:09] [Server thread/WARN]: Can't keep up! Is the server overloaded? Running 3331ms or 66 ticks behind
[14:29:27] [Server thread/WARN]: Can't keep up! Is the server overloaded? Running 3384ms or 67 ticks behind
[14:29:38] [Server thread/INFO]: XxiaoyunX lost connection: Disconnected
[14:29:38] [Server thread/INFO]: XxiaoyunX left the game
[14:30:30] [Server thread/INFO]: <xiaolouQAQ> 我好卑微
[14:30:51] [Server thread/INFO]: <xiaolouQAQ> 为了去底层挖黑曜石
[14:30:54] [Server thread/INFO]: <xiaolouQAQ> 被爆锤
[14:32:02] [Server thread/INFO]: XxiaoyunX[/127.0.0.1:65473] logged in with entity id 100649 at (-368.23750001192093, 71.0, 511.5645488797189)
[14:32:02] [Server thread/INFO]: XxiaoyunX joined the game
[14:32:02] [Netty Server IO #1/WARN]: Received invalid identifier in minecraft:register: legacy:fml|hs (Non [a-z0-9/._-] character in path of location: legacy:fml|hs)
[14:32:29] [Server thread/INFO]: <XxiaoyunX> 能力整合
[14:32:34] [Server thread/WARN]: Can't keep up! Is the server overloaded? Running 2031ms or 40 ticks behind
[14:32:59] [Server thread/WARN]: Can't keep up! Is the server overloaded? Running 9774ms or 195 ticks behind
[14:33:04] [Server thread/INFO]: <XxiaoyunX> 高端整合，整合了好多实用MOD
[14:33:20] [Server thread/WARN]: Can't keep up! Is the server overloaded? Running 6325ms or 126 ticks behind
[14:33:40] [Server thread/WARN]: Can't keep up! Is the server overloaded? Running 5372ms or 107 ticks behind
[14:33:54] [Server thread/INFO]: <XxiaoyunX> 还要FAB
[14:34:03] [Server thread/INFO]: <XxiaoyunX> 有
[14:34:06] [Server thread/WARN]: Can't keep up! Is the server overloaded? Running 10176ms or 203 ticks behind
[14:34:41] [Server thread/WARN]: Can't keep up! Is the server overloaded? Running 20511ms or 410 ticks behind
[14:35:01] [Server thread/WARN]: Can't keep up! Is the server overloaded? Running 5404ms or 108 ticks behind
[14:35:11] [Server thread/INFO]: <xiaolouQAQ> 下了哈
[14:35:24] [Server thread/WARN]: Can't keep up! Is the server overloaded? Running 7091ms or 141 ticks behind
[14:35:29] [Server thread/INFO]: <xiaolouQAQ> 88
[14:35:31] [Server thread/INFO]: xiaolouQAQ lost connection: Disconnected
[14:35:31] [Server thread/INFO]: xiaolouQAQ left the game
[14:35:49] [Server thread/WARN]: Can't keep up! Is the server overloaded? Running 2039ms or 40 ticks behind
[14:36:11] [Server thread/INFO]: XxiaoyunX lost connection: Disconnected
[14:36:11] [Server thread/INFO]: XxiaoyunX left the game
[14:37:03] [Server thread/WARN]: Can't keep up! Is the server overloaded? Running 2931ms or 58 ticks behind
[14:41:04] [Server thread/WARN]: Can't keep up! Is the server overloaded? Running 2005ms or 40 ticks behind
[14:41:22] [Server thread/WARN]: Can't keep up! Is the server overloaded? Running 2074ms or 41 ticks behind
[14:43:37] [Server thread/WARN]: Can't keep up! Is the server overloaded? Running 2009ms or 40 ticks behind
[14:52:06] [Server thread/INFO]: X_mikl has made the advancement [Remote Getaway]
[14:52:11] [Server thread/WARN]: Can't keep up! Is the server overloaded? Running 2033ms or 40 ticks behind
[14:54:34] [Server thread/INFO]: X_mikl lost connection: Disconnected
[14:54:34] [Server thread/INFO]: X_mikl left the game
[17:15:27] [Server thread/INFO]: X_mikl[/127.0.0.1:55191] logged in with entity id 114299 at (856.0716320176275, 57.0, 696.71862818247)
[17:15:27] [Server thread/INFO]: X_mikl joined the game
[17:15:27] [Netty Server IO #1/WARN]: Received invalid identifier in minecraft:register: legacy:fml|hs (Non [a-z0-9/._-] character in path of location: legacy:fml|hs)
[17:15:27] [Server thread/INFO]: Backup started by: SERVER on: 2020-07-13_17-15-27
[17:15:27] [Server thread/INFO]: Saving server...
[17:15:28] [Server thread/INFO]: ThreadedAnvilChunkStorage (world): All chunks are saved
[17:15:28] [Server thread/INFO]: ThreadedAnvilChunkStorage (DIM-1): All chunks are saved
[17:15:28] [Server thread/INFO]: ThreadedAnvilChunkStorage (DIM1): All chunks are saved
[17:15:28] [Thread-386/INFO]: Starting backup
[17:15:28] [Thread-386/INFO]: Starting compression...
[17:15:31] [Netty Server IO #1/INFO]: Player X_mikl joined with a matching carpet client
[17:15:52] [Thread-386/INFO]: Compression took: 23.1993865s
[17:15:52] [Thread-386/INFO]: Deleting: 2020-07-12_23-22-15.zip
[17:15:52] [Thread-386/INFO]: Done!
[17:16:29] [Server thread/WARN]: Can't keep up! Is the server overloaded? Running 2108ms or 42 ticks behind
[17:16:59] [Server thread/WARN]: Can't keep up! Is the server overloaded? Running 2006ms or 40 ticks behind
[17:19:14] [Server thread/WARN]: Can't keep up! Is the server overloaded? Running 2079ms or 41 ticks behind
[17:19:56] [Server thread/INFO]: X_mikl lost connection: Disconnected
[17:19:56] [Server thread/INFO]: X_mikl left the game
[17:19:59] [Server thread/INFO]: X_mikl[/127.0.0.1:55364] logged in with entity id 117298 at (153.68637511056085, 2.0625, 0.32940287520225975)
[17:19:59] [Server thread/INFO]: X_mikl joined the game
[17:19:59] [Netty Server IO #0/WARN]: Received invalid identifier in minecraft:register: legacy:fml|hs (Non [a-z0-9/._-] character in path of location: legacy:fml|hs)
[17:20:00] [Netty Server IO #0/INFO]: Player X_mikl joined with a matching carpet client
[17:26:39] [Server thread/WARN]: Can't keep up! Is the server overloaded? Running 2048ms or 40 ticks behind
[17:27:27] [Server thread/WARN]: Fetching packet for removed entity class_1542['Gray Concrete Powder'/121853, l='ServerLevel[world]', x=-40.94, y=77.10, z=232.68]
[17:27:27] [Server thread/WARN]: Fetching packet for removed entity class_1542['Black Concrete Powder'/122021, l='ServerLevel[world]', x=-40.94, y=77.00, z=230.74]
[17:35:06] [Server thread/WARN]: Can't keep up! Is the server overloaded? Running 2285ms or 45 ticks behind
[17:40:08] [Server thread/WARN]: Can't keep up! Is the server overloaded? Running 2155ms or 43 ticks behind
[17:43:13] [Server thread/INFO]: X_mikl fell from a high place
[18:05:11] [Server thread/WARN]: Can't keep up! Is the server overloaded? Running 2310ms or 46 ticks behind
[18:06:30] [Server thread/INFO]: X_mikl lost connection: Disconnected
[18:06:30] [Server thread/INFO]: X_mikl left the game
[19:51:26] [Server thread/INFO]: soy_25[/127.0.0.1:60999] logged in with entity id 134137 at (-95.89022580397489, 69.0, 76.22100686081193)
[19:51:26] [Server thread/INFO]: soy_25 joined the game
[19:51:26] [Netty Server IO #1/WARN]: Received invalid identifier in minecraft:register: legacy:fml|hs (Non [a-z0-9/._-] character in path of location: legacy:fml|hs)
[19:51:26] [Server thread/INFO]: Backup started by: SERVER on: 2020-07-13_19-51-26
[19:51:26] [Server thread/INFO]: Saving server...
[19:51:27] [Server thread/INFO]: ThreadedAnvilChunkStorage (world): All chunks are saved
[19:51:27] [Server thread/INFO]: ThreadedAnvilChunkStorage (DIM-1): All chunks are saved
[19:51:27] [Server thread/INFO]: ThreadedAnvilChunkStorage (DIM1): All chunks are saved
[19:51:27] [Thread-469/INFO]: Starting backup
[19:51:27] [Thread-469/INFO]: Starting compression...
[19:51:29] [Netty Server IO #1/WARN]: Received invalid identifier in minecraft:register: legacy:fml|hs (Non [a-z0-9/._-] character in path of location: legacy:fml|hs)
[19:51:53] [Thread-469/INFO]: Compression took: 26.266567s
[19:51:53] [Thread-469/INFO]: Deleting: 2020-07-13_05-30-01#shutdown.zip
[19:51:53] [Thread-469/INFO]: Done!
[19:54:50] [Server thread/WARN]: Can't keep up! Is the server overloaded? Running 2159ms or 43 ticks behind
[20:08:49] [Server thread/INFO]: soy_25 lost connection: Disconnected
[20:08:49] [Server thread/INFO]: soy_25 left the game
