[22:49:51] [main/INFO]: Loading for game Minecraft 1.16.1
[22:49:58] [main/INFO]: [FabricLoader] Loading 51 mods: fabric-renderer-api-v1@0.2.13+eae12eb87c, fabric-keybindings-v0@0.2.0+3fa9f7c57c, fabricloader@0.8.8+build.202, bbor@2.3-1.16.1, com_github_shevek_parallelgzip@master-SNAPSHOT, fabric-containers-v0@0.1.8+045df74f7c, lithium@0.5.0, fabric-dimensions-v1@1.0.0+a71b30537c, fabric-object-builder-api-v1@1.5.5+e00ecb5f7c, fabric-api-base@0.1.3+12a8474c7c, fabric-rendering-data-attachment-v1@0.1.3+b7f9825d7c, fabric-textures-v0@1.0.4+eae12eb87c, fabric-rendering-fluids-v1@0.1.7+12a8474c7c, cotton-logging@1.0.0-rc.4, fabric-blockrenderlayer-v1@1.1.4+c6a8ea897c, fabric-renderer-registries-v1@2.0.1+5a0f9a607c, carpet-extra@1.4.0, fabric-loot-tables-v1@0.1.10+059ea8667c, fabric@0.13.1+build.370-1.16, carpet@1.4.0, fabric-particles-v1@0.2.1+0a6f2a707c, fabric-networking-v0@0.1.10+e00ecb5f7c, cotton-config@1.0.0-rc.7, fabric-networking-blockentity-v0@0.2.5+b50ffc7b7c, minecraft@1.16.1, fabric-screen-handler-api-v1@1.0.1+f362c86e7c, here@0.0.8-mc1.16, fabric-command-api-v1@1.0.8+5ce533987c, jankson@3.0.0+j1.2.0, phosphor@0.6.0+build.7, fabric-tool-attribute-api-v1@1.1.4+5794386e7c, fabric-renderer-indigo@0.3.1+059ea8667c, org_apache_commons_commons-compress@1.19, fabric-biomes-v1@0.2.7+059ea8667c, fabric-events-interaction-v0@0.3.3+7066030f7c, fabric-crash-report-info-v1@0.1.2+b7f9825d7c, fabric-rendering-v0@1.1.0+534104907c, fabric-key-binding-api-v1@1.0.0+e16a97747c, fabric-rendering-v1@1.1.2+346247d77c, org_tukaani_xz@1.8, fabric-resource-loader-v0@0.2.5+059ea8667c, fabric-content-registries-v0@0.1.9+059ea8667c, fabric-tag-extensions-v0@0.2.5+5a6e8f4c7c, fabric-registry-sync-v0@0.3.8+7dba2d6c7c, fabric-commands-v0@0.2.0+52d308367c, textile_backup@1.2.3-1.16.1, fabric-mining-levels-v0@0.1.2+b764ce997c, fabric-events-lifecycle-v0@0.1.3+0d474ec47c, fabric-models-v0@0.1.0+dfdb52d67c, fabric-item-groups-v0@0.2.0+438f96367c, fabric-object-builders-v0@0.6.0+da175ad67c
[22:49:59] [main/WARN]: Mod `com_github_shevek_parallelgzip` (master-SNAPSHOT) does not respect SemVer - comparison support is limited.
[22:49:59] [main/INFO]: SpongePowered MIXIN Subsystem Version=0.8 Source=file:/C:/Server/skimit_survival/fabric-server-launch.jar Service=Knot/Fabric Env=SERVER
[22:50:10] [main/WARN]: @Mixin target net/minecraft/class_3898$class_3208 is public in fabric-networking-v0.mixins.json:MixinEntityTracker and should be specified in value
[22:50:14] [main/WARN]: @Mixin target net[22:50:59] [main/INFO]: Environment: authHost='https://authserver.mojang.com', accountsHost='https://api.mojang.com', sessionHost='https://sessionserver.mojang.com', name='PROD'
[22:51:19] [main/WARN]: Ambiguity between arguments [teleport, destination] and [teleport, targets] with inputs: [Player, 0123, @e, dd12be42-52a9-4a91-a8a1-11c01849e498]
[22:51:19] [main/WARN]: Ambiguity between arguments [teleport, location] and [teleport, destination] with inputs: [0.1 -0.5 .9, 0 0 0]
[22:51:19] [main/WARN]: Ambiguity between arguments [teleport, location] and [teleport, targets] with inputs: [0.1 -0.5 .9, 0 0 0]
[22:51:19] [main/WARN]: Ambiguity between arguments [teleport, targets] and [teleport, destination] with inputs: [Player, 0123, dd12be42-52a9-4a91-a8a1-11c01849e498]
[22:51:19] [main/WARN]: Ambiguity between arguments [teleport, targets, location] and [teleport, targets, destination] with inputs: [0.1 -0.5 .9, 0 0 0]
[22:51:22] [main/INFO]: Reloading ResourceManager: Default, bukkit, Fabric Tool Attribute API (v1), FZ.sDatapack-1.5.0-SNAPSHOT-dev.20200411.0751.zip
[22:51:35] [Worker-Main-2/INFO]: Loaded 7 recipes
[22:51:37] [Worker-Main-2/INFO]: Loaded 927 advancements
[22:51:43] [main/WARN]: [fabric-registry-sync] Could not find the following registries: minecraft:biome_source_type, minecraft:dimension_type, minecraft:chunk_generator_type
[22:51:43] [main/INFO]: [fabric-registry-sync] Loaded registry data [file 1/4]
[22:51:53] [Server thread/INFO]: Starting minecraft server version 1.16.1
[22:51:53] [Server thread/INFO]: Loading properties
[22:51:53] [Server thread/INFO]: Default game type: SURVIVAL
[22:51:53] [Server thread/INFO]: Generating keypair
[22:51:55] [Server thread/INFO]: Starting Minecraft server on *:26565
[22:51:56] [Server thread/INFO]: Using default channel type
[22:52:09] [Server thread/WARN]: **** SERVER IS RUNNING IN OFFLINE/INSECURE MODE!
[22:52:09] [Server thread/WARN]: The server will make no attempt to authenticate usernames. Beware.
[22:52:09] [Server thread/WARN]: While this makes the game possible to play without internet access, it also opens up the ability for hackers to connect with any username they choose.
[22:52:09] [Server thread/WARN]: To change this, set "online-mode" to "true" in the server.properties file.
[22:52:13] [Server thread/INFO]: Preparing level "world"
[22:52:13] [Server thread/INFO]: [CM]: loaded setting commandDraw as false from carpet.conf
[22:52:13] [Server thread/INFO]: [CM]: loaded setting rotatorBlock as true from carpet.conf
[22:52:13] [Server thread/INFO]: [CM]: loaded setting combineXPOrbs as true from carpet.conf
[22:52:13] [Server thread/INFO]: [CM]: loaded setting onePlayerSleeping as true from carpet.conf
[22:52:13] [Server thread/INFO]: [CM]: loaded setting portalSuffocationFix as true from carpet.conf
[22:52:13] [Server thread/INFO]: [CM]: loaded setting leadFix as true from carpet.conf
[22:52:13] [Server thread/INFO]: [CM]: loaded setting antiCheatDisabled as true from carpet.conf
[22:52:13] [Server thread/INFO]: [CM]: loaded setting defaultLoggers as tps,mobcaps from carpet.conf
[22:52:13] [Server thread/INFO]: [CM]: loaded setting unloadedEntityFix as true from carpet.conf
[22:52:13] [Server thread/INFO]: [CM]: loaded setting ctrlQCraftingFix as true from carpet.conf
[22:52:13] [Server thread/INFO]: [CM]: loaded setting language as zh_cn from carpet.conf
[22:52:13] [Server thread/INFO]: [CM]: loaded setting commandTick as false from carpet.conf
[22:52:22] [Server thread/INFO]: create world dimension: minecraft:overworld (seed: 20190827)
[22:52:22] [Server thread/INFO]: create world dimension: minecraft:the_nether (seed: 20190827)
[22:52:22] [Server thread/INFO]: create world dimension: minecraft:the_end (seed: 20190827)
[22:52:22] [Server thread/INFO]: Preparing start region for dimension minecraft:overworld
[22:53:19] [Server thread/INFO]: Preparing spawn area: 0%
[22:53:19] [Server thread/INFO]: Preparing spawn area: 0%
[22:53:19] [Server thread/INFO]: Preparing spawn area: 0%
[22:53:19] [Server thread/INFO]: Preparing spawn area: 0%
[22:53:19] [Server thread/INFO]: Preparing spawn area: 0%
[22:53:19] [Server thread/INFO]: Preparing spawn area: 0%
[22:53:19] [Server thread/INFO]: Preparing spawn area: 0%
[22:53:19] [Server thread/INFO]: Preparing spawn area: 0%
[22:53:19] [Server thread/INFO]: Preparing spawn area: 0%
[22:53:19] [Server thread/INFO]: Preparing spawn area: 0%
[22:53:19] [Server thread/INFO]: Preparing spawn area: 0%
[22:53:19] [Server thread/INFO]: Preparing spawn area: 0%
[22:53:19] [Server thread/INFO]: Preparing spawn area: 0%
[22:53:19] [Server thread/INFO]: Preparing spawn area: 0%
[22:53:19] [Server thread/INFO]: Preparing spawn area: 0%
[22:53:19] [Server thread/INFO]: Preparing spawn area: 0%
[22:53:19] [Server thread/INFO]: Preparing spawn area: 0%
[22:53:19] [Server thread/INFO]: Preparing spawn area: 0%
[22:53:19] [Server thread/INFO]: Preparing spawn area: 0%
[22:53:19] [Server thread/INFO]: Preparing spawn area: 0%
[22:53:19] [Server thread/INFO]: Preparing spawn area: 0%
[22:53:19] [Server thread/INFO]: Preparing spawn area: 0%
[22:53:19] [Server thread/INFO]: Preparing spawn area: 0%
[22:53:19] [Server thread/INFO]: Preparing spawn area: 0%
[22:53:19] [Server thread/INFO]: Preparing spawn area: 0%
[22:53:19] [Server thread/INFO]: Preparing spawn area: 0%
[22:53:19] [Server thread/INFO]: Preparing spawn area: 0%
[22:53:19] [Server thread/INFO]: Preparing spawn area: 0%
[22:53:19] [Server thread/INFO]: Preparing spawn area: 0%
[22:53:19] [Server thread/INFO]: Preparing spawn area: 0%
[22:53:19] [Server thread/INFO]: Preparing spawn area: 0%
[22:53:19] [Server thread/INFO]: Preparing spawn area: 0%
[22:53:19] [Server thread/INFO]: Preparing spawn area: 0%
[22:53:19] [Server thread/INFO]: Preparing spawn area: 0%
[22:53:19] [Server thread/INFO]: Preparing spawn area: 0%
[22:53:19] [Server thread/INFO]: Preparing spawn area: 0%
[22:53:19] [Server thread/INFO]: Preparing spawn area: 0%
[22:53:19] [Server thread/INFO]: Preparing spawn area: 0%
[22:53:19] [Server thread/INFO]: Preparing spawn area: 0%
[22:53:19] [Server thread/INFO]: Preparing spawn area: 0%
[22:53:19] [Server thread/INFO]: Preparing spawn area: 0%
[22:53:19] [Server thread/INFO]: Preparing spawn area: 0%
[22:53:19] [Server thread/INFO]: Preparing spawn area: 0%
[22:53:19] [Server thread/INFO]: Preparing spawn area: 0%
[22:53:19] [Server thread/INFO]: Preparing spawn area: 0%
[22:53:19] [Server thread/INFO]: Preparing spawn area: 0%
[22:53:19] [Server thread/INFO]: Preparing spawn area: 0%
[22:53:19] [Server thread/INFO]: Preparing spawn area: 0%
[22:53:19] [Server thread/INFO]: Preparing spawn area: 0%
[22:53:19] [Server thread/INFO]: Preparing spawn area: 0%
[22:53:19] [Server thread/INFO]: Preparing spawn area: 0%
[22:53:19] [Server thread/INFO]: Preparing spawn area: 0%
[22:53:19] [Server thread/INFO]: Preparing spawn area: 0%
[22:53:19] [Server thread/INFO]: Preparing spawn area: 0%
[22:53:19] [Server thread/INFO]: Preparing spawn area: 0%
[22:53:19] [Server thread/INFO]: Preparing spawn area: 0%
[22:53:19] [Server thread/INFO]: Preparing spawn area: 0%
[22:53:19] [Server thread/INFO]: Preparing spawn area: 0%
[22:53:19] [Server thread/INFO]: Preparing spawn area: 0%
[22:53:19] [Server thread/INFO]: Preparing spawn area: 0%
[22:53:19] [Server thread/INFO]: Preparing spawn area: 0%
[22:53:19] [Server thread/INFO]: Preparing spawn area: 0%
[22:53:19] [Server thread/INFO]: Preparing spawn area: 0%
[22:53:19] [Server thread/INFO]: Preparing spawn area: 0%
[22:53:19] [Server thread/INFO]: Preparing spawn area: 0%
[22:53:19] [Server thread/INFO]: Preparing spawn area: 0%
[22:53:19] [Server thread/INFO]: Preparing spawn area: 0%
[22:53:19] [Server thread/INFO]: Preparing spawn area: 0%
[22:53:19] [Server thread/INFO]: Preparing spawn area: 0%
[22:53:19] [Server thread/INFO]: Preparing spawn area: 0%
[22:53:19] [Server thread/INFO]: Preparing spawn area: 0%
[22:53:19] [Server thread/INFO]: Preparing spawn area: 0%
[22:53:19] [Server thread/INFO]: Preparing spawn area: 0%
[22:53:19] [Server thread/INFO]: Preparing spawn area: 0%
[22:53:19] [Server thread/INFO]: Preparing spawn area: 0%
[22:53:19] [Server thread/INFO]: Preparing spawn area: 0%
[22:53:19] [Server thread/INFO]: Preparing spawn area: 0%
[22:53:19] [Server thread/INFO]: Preparing spawn area: 0%
[22:53:19] [Server thread/INFO]: Preparing spawn area: 0%
[22:53:19] [Server thread/INFO]: Preparing spawn area: 0%
[22:53:19] [Server thread/INFO]: Preparing spawn area: 0%
[22:53:19] [Server thread/INFO]: Preparing spawn area: 0%
[22:53:19] [Server thread/INFO]: Preparing spawn area: 0%
[22:53:19] [Server thread/INFO]: Preparing spawn area: 0%
[22:53:19] [Server thread/INFO]: Preparing spawn area: 0%
[22:53:19] [Server thread/INFO]: Preparing spawn area: 0%
[22:53:19] [Server thread/INFO]: Preparing spawn area: 0%
[22:53:19] [Server thread/INFO]: Preparing spawn area: 0%
[22:53:19] [Server thread/INFO]: Preparing spawn area: 0%
[22:53:19] [Server thread/INFO]: Preparing spawn area: 0%
[22:53:19] [Server thread/INFO]: Preparing spawn area: 0%
[22:53:19] [Server thread/INFO]: Preparing spawn area: 0%
[22:53:19] [Server thread/INFO]: Preparing spawn area: 0%
[22:53:19] [Server thread/INFO]: Preparing spawn area: 0%
[22:53:19] [Server thread/INFO]: Preparing spawn area: 0%
[22:53:19] [Server thread/INFO]: Preparing spawn area: 0%
[22:53:19] [Server thread/INFO]: Preparing spawn area: 0%
[22:53:19] [Server thread/INFO]: Preparing spawn area: 0%
[22:53:19] [Server thread/INFO]: Preparing spawn area: 0%
[22:53:19] [Server thread/INFO]: Preparing spawn area: 0%
[22:53:19] [Server thread/INFO]: Preparing spawn area: 0%
[22:53:19] [Server thread/INFO]: Preparing spawn area: 0%
[22:53:19] [Server thread/INFO]: Preparing spawn area: 0%
[22:53:19] [Server thread/INFO]: Preparing spawn area: 0%
[22:53:19] [Server thread/INFO]: Preparing spawn area: 0%
[22:53:19] [Server thread/INFO]: Preparing spawn area: 0%
[22:53:19] [Server thread/INFO]: Preparing spawn area: 0%
[22:53:19] [Server thread/INFO]: Preparing spawn area: 0%
[22:53:19] [Server thread/INFO]: Preparing spawn area: 0%
[22:53:19] [Server thread/INFO]: Preparing spawn area: 0%
[22:53:19] [Server thread/INFO]: Preparing spawn area: 0%
[22:53:19] [Server thread/INFO]: Preparing spawn area: 0%
[22:53:19] [Server thread/INFO]: Preparing spawn area: 0%
[22:53:19] [Server thread/INFO]: Preparing spawn area: 0%
[22:53:19] [Server thread/INFO]: Preparing spawn area: 0%
[22:53:19] [Server thread/INFO]: Preparing spawn area: 0%
[22:53:22] [Server thread/INFO]: Preparing spawn area: 0%
[22:53:22] [Server thread/INFO]: Preparing spawn area: 0%
[22:53:22] [Server thread/INFO]: Preparing spawn area: 0%
[22:53:22] [Server thread/INFO]: Preparing spawn area: 0%
[22:53:22] [Server thread/INFO]: Preparing spawn area: 0%
[22:53:23] [Worker-Main-6/INFO]: Preparing spawn area: 0%
[22:53:23] [Worker-Main-6/INFO]: Preparing spawn area: 0%
[22:53:23] [Worker-Main-6/INFO]: Preparing spawn area: 0%
[22:53:24] [Worker-Main-6/INFO]: Preparing spawn area: 0%
[22:53:30] [Server thread/INFO]: Preparing spawn area: 0%
[22:53:30] [Server thread/INFO]: Preparing spawn area: 0%
[22:53:30] [Server thread/INFO]: Preparing spawn area: 0%
[22:53:30] [Server thread/INFO]: Preparing spawn area: 0%
[22:53:30] [Server thread/INFO]: Preparing spawn area: 0%
[22:53:30] [Server thread/INFO]: Preparing spawn area: 0%
[22:53:30] [Server thread/INFO]: Preparing spawn area: 0%
[22:53:30] [Server thread/INFO]: Preparing spawn area: 0%
[22:53:30] [Server thread/INFO]: Preparing spawn area: 0%
[22:53:30] [Server thread/INFO]: Preparing spawn area: 0%
[22:53:30] [Server thread/INFO]: Preparing spawn area: 0%
[22:53:32] [Server thread/INFO]: Preparing spawn area: 0%
[22:53:32] [Server thread/INFO]: Preparing spawn area: 0%
[22:53:32] [Server thread/INFO]: Preparing spawn area: 0%
[22:53:32] [Server thread/INFO]: Preparing spawn area: 0%
[22:53:32] [Server thread/INFO]: Preparing spawn area: 0%
[22:53:33] [Worker-Main-6/INFO]: Preparing spawn area: 83%
[22:53:33] [Worker-Main-6/INFO]: Preparing spawn area: 83%
[22:53:34] [Server thread/INFO]: Preparing spawn area: 83%
[22:53:34] [Server thread/INFO]: Preparing spawn area: 83%
[22:53:34] [Server thread/INFO]: Preparing spawn area: 83%
[22:53:53] [Server thread/INFO]: Time elapsed: 90975 ms
[22:53:53] [Server thread/INFO]: Done (99.693s)! For help, type "help"
[22:53:53] [Server thread/INFO]: Starting remote control listener
[22:53:53] [Server thread/INFO]: Thread RCON Listener started
[22:53:54] [RCON Listener #1/INFO]: RCON running on 0.0.0.0:25636
[22:53:57] [Server thread/WARN]: Can't keep up! Is the server overloaded? Running 4734ms or 94 ticks behind
[22:54:39] [Server thread/WARN]: Can't keep up! Is the server overloaded? Running 27069ms or 541 ticks behind
[22:54:59] [Server thread/WARN]: Can't keep up! Is the server overloaded? Running 2660ms or 53 ticks behind
[22:55:19] [Server thread/WARN]: Can't keep up! Is the server overloaded? Running 2147ms or 42 ticks behind
[22:55:46] [Server thread/WARN]: Can't keep up! Is the server overloaded? Running 2023ms or 40 ticks behind
[22:56:06] [Server thread/WARN]: Can't keep up! Is the server overloaded? Running 2333ms or 46 ticks behind
[22:56:32] [Server thread/WARN]: Can't keep up! Is the server overloaded? Running 2207ms or 44 ticks behind
[22:56:43] [Server thread/INFO]: MAX_XiaoKui[/127.0.0.1:60171] logged in with entity id 343 at (-82.08505412279305, 5.0, 355.2272445746767)
[22:56:43] [Netty Server IO #0/WARN]: Received invalid identifier in minecraft:register: legacy:fml|hs (Non [a-z0-9/._-] character in path of location: legacy:fml|hs)
[22:56:44] [Server thread/INFO]: MAX_XiaoKui joined the game
[22:56:47] [Netty Server IO #0/INFO]: Player MAX_XiaoKui joined with a matching carpet client
[22:56:48] [Server thread/INFO]: Backup started by: SERVER on: 2020-07-19_22-56-48
[22:56:48] [Server thread/INFO]: Saving server...
[22:57:00] [Server thread/INFO]: ThreadedAnvilChunkStorage (world): All chunks are saved
[22:57:02] [Server thread/INFO]: ThreadedAnvilChunkStorage (DIM-1): All chunks are saved
[22:57:02] [Server thread/INFO]: ThreadedAnvilChunkStorage (DIM1): All chunks are saved
[22:57:11] [Thread-62/INFO]: Starting backup
[22:57:15] [Thread-62/INFO]: Starting compression...
[22:57:39] [Server thread/WARN]: Can't keep up! Is the server overloaded? Running 51203ms or 1024 ticks behind
[22:58:23] [Server thread/WARN]: Can't keep up! Is the server overloaded? Running 29324ms or 586 ticks behind
[22:59:05] [Server thread/WARN]: Can't keep up! Is the server overloaded? Running 27200ms or 544 ticks behind
[22:59:38] [Server thread/WARN]: Can't keep up! Is the server overloaded? Running 17530ms or 350 ticks behind
[22:59:59] [Server thread/WARN]: Can't keep up! Is the server overloaded? Running 6877ms or 137 ticks behind
[23:00:17] [Server thread/WARN]: Can't keep up! Is the server overloaded? Running 2432ms or 48 ticks behind
[23:00:23] [Thread-62/INFO]: Compression took: 188.0891885s
[23:00:23] [Thread-62/INFO]: Deleting: 2020-07-19_13-42-06.zip
[23:00:24] [Thread-62/INFO]: Done!
[23:00:36] [Server thread/WARN]: Can't keep up! Is the server overloaded? Running 3733ms or 74 ticks behind
[23:00:54] [Server thread/WARN]: Can't keep up! Is the server overloaded? Running 3896ms or 77 ticks behind
[23:01:12] [Server thread/WARN]: Can't keep up! Is the server overloaded? Running 2070ms or 41 ticks behind
[23:01:29] [Server thread/WARN]: Can't keep up! Is the server overloaded? Running 2712ms or 54 ticks behind
[23:02:07] [Server thread/WARN]: Can't keep up! Is the server overloaded? Running 4993ms or 99 ticks behind
[23:02:28] [Server thread/WARN]: Can't keep up! Is the server overloaded? Running 5462ms or 109 ticks behind
[23:03:14] [Server thread/INFO]: MAX_XiaoKui lost connection: Disconnected
[23:03:14] [Server thread/INFO]: MAX_XiaoKui left the game
[23:03:17] [Server thread/WARN]: Can't keep up! Is the server overloaded? Running 2599ms or 51 ticks behind
[23:07:58] [Server thread/INFO]: KL_Tian[/127.0.0.1:60427] logged in with entity id 2577 at (-379.3499493221886, 69.0, 514.1489749070051)
[23:07:59] [Server thread/INFO]: KL_Tian joined the game
[23:07:59] [Netty Server IO #0/WARN]: Received invalid identifier in minecraft:register: legacy:fml|hs (Non [a-z0-9/._-] character in path of location: legacy:fml|hs)
[23:08:00] [Server thread/WARN]: Can't keep up! Is the server overloaded? Running 4076ms or 81 ticks behind
[23:08:19] [Server thread/WARN]: Can't keep up! Is the server overloaded? Running 4322ms or 86 ticks behind
[23:08:39] [Server thread/WARN]: Can't keep up! Is the server overloaded? Running 4278ms or 85 ticks behind
[23:08:58] [Server thread/WARN]: Can't keep up! Is the server overloaded? Running 4605ms or 92 ticks behind
[23:09:19] [Server thread/WARN]: Can't keep up! Is the server overloaded? Running 5445ms or 108 ticks behind
[23:09:40] [Server thread/WARN]: Can't keep up! Is the server overloaded? Running 5963ms or 119 ticks behind
[23:09:59] [Server thread/WARN]: Can't keep up! Is the server overloaded? Running 4088ms or 81 ticks behind
[23:10:16] [Server thread/WARN]: Can't keep up! Is the server overloaded? Running 2591ms or 51 ticks behind
[23:10:35] [Server thread/WARN]: Can't keep up! Is the server overloaded? Running 3634ms or 72 ticks behind
[23:10:54] [Server thread/WARN]: Can't keep up! Is the server overloaded? Running 2571ms or 51 ticks behind
[23:11:12] [Server thread/WARN]: Can't keep up! Is the server overloaded? Running 3398ms or 67 ticks behind
[23:11:30] [Server thread/WARN]: Can't keep up! Is the server overloaded? Running 2612ms or 52 ticks behind
[23:11:48] [Server thread/WARN]: Can't keep up! Is the server overloaded? Running 2242ms or 44 ticks behind
[23:12:07] [Server thread/WARN]: Can't keep up! Is the server overloaded? Running 2192ms or 43 ticks behind
[23:12:24] [Server thread/WARN]: Can't keep up! Is the server overloaded? Running 2134ms or 42 ticks behind
[23:12:49] [Server thread/INFO]: MAX_XiaoKui[/127.0.0.1:60538] logged in with entity id 4548 at (27.156039905364842, 5.0, 117.6146139711841)
[23:12:49] [Netty Server IO #0/WARN]: Received invalid identifier in minecraft:register: legacy:fml|hs (Non [a-z0-9/._-] character in path of location: legacy:fml|hs)
[23:12:49] [Server thread/INFO]: MAX_XiaoKui joined the game
[23:12:49] [Server thread/WARN]: Can't keep up! Is the server overloaded? Running 2412ms or 48 ticks behind
[23:12:50] [Netty Server IO #0/INFO]: Player MAX_XiaoKui joined with a matching carpet client
[23:13:11] [Server thread/WARN]: Can't keep up! Is the server overloaded? Running 7158ms or 143 ticks behind
[23:13:11] [Server thread/INFO]: MAX_XiaoKui lost connection: Disconnected
[23:13:11] [Server thread/INFO]: MAX_XiaoKui left the game
[23:13:42] [Server thread/INFO]: MAX_XiaoKui[/127.0.0.1:60556] logged in with entity id 4825 at (27.156039905364842, 5.0, 117.6146139711841)
[23:13:42] [Netty Server IO #1/WARN]: Received invalid identifier in minecraft:register: legacy:fml|hs (Non [a-z0-9/._-] character in path of location: legacy:fml|hs)
[23:13:42] [Server thread/INFO]: MAX_XiaoKui joined the game
[23:13:44] [Netty Server IO #1/INFO]: Player MAX_XiaoKui joined with a matching carpet client
[23:13:44] [Server thread/WARN]: Can't keep up! Is the server overloaded? Running 18361ms or 367 ticks behind
[23:14:07] [Server thread/WARN]: Can't keep up! Is the server overloaded? Running 7862ms or 157 ticks behind
[23:14:22] [Server thread/INFO]: MAX_XiaoKui lost connection: Disconnected
[23:14:22] [Server thread/INFO]: MAX_XiaoKui left the game
[23:14:28] [Server thread/WARN]: Can't keep up! Is the server overloaded? Running 5498ms or 109 ticks behind
[23:14:47] [Server thread/WARN]: Can't keep up! Is the server overloaded? Running 3919ms or 78 ticks behind
[23:15:04] [Server thread/WARN]: Can't keep up! Is the server overloaded? Running 2268ms or 45 ticks behind
[23:15:23] [Server thread/WARN]: Can't keep up! Is the server overloaded? Running 4026ms or 80 ticks behind
[23:15:40] [Server thread/WARN]: Can't keep up! Is the server overloaded? Running 2161ms or 43 ticks behind
[23:16:11] [Server thread/WARN]: Can't keep up! Is the server overloaded? Running 2032ms or 40 ticks behind
[23:16:16] [Server thread/INFO]: MAX_XiaoKui[/127.0.0.1:60616] logged in with entity id 5750 at (27.156039905364842, 5.0, 117.6146139711841)
[23:16:16] [Netty Server IO #1/WARN]: Received invalid identifier in minecraft:register: legacy:fml|hs (Non [a-z0-9/._-] character in path of location: legacy:fml|hs)
[23:16:16] [Server thread/INFO]: MAX_XiaoKui joined the game
[23:16:18] [Netty Server IO #1/INFO]: Player MAX_XiaoKui joined with a matching carpet client
[23:16:44] [Server thread/WARN]: Can't keep up! Is the server overloaded? Running 17573ms or 351 ticks behind
[23:17:00] [Server thread/INFO]: MAX_XiaoKui lost connection: Disconnected
[23:17:00] [Server thread/INFO]: MAX_XiaoKui left the game
[23:17:11] [Server thread/WARN]: Can't keep up! Is the server overloaded? Running 12131ms or 242 ticks behind
[23:17:31] [Server thread/WARN]: Can't keep up! Is the server overloaded? Running 5106ms or 102 ticks behind
[23:17:50] [Server thread/WARN]: Can't keep up! Is the server overloaded? Running 2111ms or 42 ticks behind
[23:18:08] [Server thread/WARN]: Can't keep up! Is the server overloaded? Running 2099ms or 41 ticks behind
[23:18:30] [Server thread/WARN]: Can't keep up! Is the server overloaded? Running 7054ms or 141 ticks behind
[23:18:52] [Server thread/WARN]: Can't keep up! Is the server overloaded? Running 6994ms or 139 ticks behind
[23:19:10] [Server thread/WARN]: Can't keep up! Is the server overloaded? Running 2405ms or 48 ticks behind
[23:19:28] [Server thread/WARN]: Can't keep up! Is the server overloaded? Running 2079ms or 41 ticks behind
[23:19:46] [Server thread/WARN]: Can't keep up! Is the server overloaded? Running 2804ms or 56 ticks behind
[23:20:03] [Server thread/WARN]: Can't keep up! Is the server overloaded? Running 2598ms or 51 ticks behind
[23:20:25] [Server thread/WARN]: Can't keep up! Is the server overloaded? Running 6886ms or 137 ticks behind
[23:20:43] [Server thread/WARN]: Can't keep up! Is the server overloaded? Running 2747ms or 54 ticks behind
[23:21:20] [Server thread/WARN]: Can't keep up! Is the server overloaded? Running 2364ms or 47 ticks behind
[23:21:37] [Server thread/WARN]: Can't keep up! Is the server overloaded? Running 2387ms or 47 ticks behind
[23:21:56] [Server thread/WARN]: Can't keep up! Is the server overloaded? Running 3923ms or 78 ticks behind
[23:22:13] [Server thread/WARN]: Can't keep up! Is the server overloaded? Running 2108ms or 42 ticks behind
[23:22:30] [Server thread/WARN]: Can't keep up! Is the server overloaded? Running 2006ms or 40 ticks behind
[23:22:48] [Server thread/WARN]: Can't keep up! Is the server overloaded? Running 2669ms or 53 ticks behind
[23:23:07] [Server thread/WARN]: Can't keep up! Is the server overloaded? Running 2053ms or 41 ticks behind
[23:23:22] [Server thread/INFO]: MAX_XiaoKui[/127.0.0.1:60779] logged in with entity id 9056 at (27.156039905364842, 5.0, 117.6146139711841)
[23:23:22] [Netty Server IO #1/WARN]: Received invalid identifier in minecraft:register: legacy:fml|hs (Non [a-z0-9/._-] character in path of location: legacy:fml|hs)
[23:23:22] [Server thread/INFO]: MAX_XiaoKui joined the game
[23:23:24] [Netty Server IO #1/INFO]: Player MAX_XiaoKui joined with a matching carpet client
[23:23:26] [Server thread/WARN]: Can't keep up! Is the server overloaded? Running 3739ms or 74 ticks behind
[23:23:47] [Server thread/WARN]: Can't keep up! Is the server overloaded? Running 6281ms or 125 ticks behind
[23:24:10] [Server thread/WARN]: Can't keep up! Is the server overloaded? Running 7734ms or 154 ticks behind
[23:24:31] [Server thread/WARN]: Can't keep up! Is the server overloaded? Running 6193ms or 123 ticks behind
[23:24:55] [Server thread/WARN]: Can't keep up! Is the server overloaded? Running 9005ms or 180 ticks behind
[23:25:18] [Server thread/WARN]: Can't keep up! Is the server overloaded? Running 7910ms or 158 ticks behind
[23:25:41] [Server thread/WARN]: Can't keep up! Is the server overloaded? Running 7681ms or 153 ticks behind
[23:26:05] [Server thread/WARN]: Can't keep up! Is the server overloaded? Running 9202ms or 184 ticks behind
[23:26:29] [Server thread/WARN]: Can't keep up! Is the server overloaded? Running 9601ms or 192 ticks behind
[23:26:58] [Server thread/WARN]: Can't keep up! Is the server overloaded? Running 14055ms or 281 ticks behind
[23:27:09] [Server thread/INFO]: <MAX_XiaoKui> 混凝土刷白的哈
[23:27:25] [Server thread/WARN]: Can't keep up! Is the server overloaded? Running 11572ms or 231 ticks behind
[23:27:47] [Server thread/WARN]: Can't keep up! Is the server overloaded? Running 7397ms or 147 ticks behind
[23:27:51] [Server thread/INFO]: <MAX_XiaoKui> 设施列表里面有坐标啊！！！！
[23:28:11] [Server thread/WARN]: Can't keep up! Is the server overloaded? Running 8706ms or 174 ticks behind
[23:28:36] [Server thread/WARN]: Can't keep up! Is the server overloaded? Running 9555ms or 191 ticks behind
[23:29:00] [Server thread/WARN]: Can't keep up! Is the server overloaded? Running 9361ms or 187 ticks behind
[23:29:22] [Server thread/WARN]: Can't keep up! Is the server overloaded? Running 7422ms or 148 ticks behind
[23:29:44] [Server thread/WARN]: Can't keep up! Is the server overloaded? Running 6628ms or 132 ticks behind
[23:30:09] [Server thread/WARN]: Can't keep up! Is the server overloaded? Running 9760ms or 195 ticks behind
[23:30:31] [Server thread/WARN]: Can't keep up! Is the server overloaded? Running 6979ms or 139 ticks behind
[23:30:53] [Server thread/WARN]: Can't keep up! Is the server overloaded? Running 7545ms or 150 ticks behind
[23:31:16] [Server thread/WARN]: Can't keep up! Is the server overloaded? Running 7755ms or 155 ticks behind
[23:31:41] [Server thread/WARN]: Can't keep up! Is the server overloaded? Running 10280ms or 205 ticks behind
[23:31:55] [Server thread/INFO]: MAX_XiaoKui lost connection: Disconnected
[23:31:55] [Server thread/INFO]: MAX_XiaoKui left the game
[23:32:05] [Server thread/WARN]: Can't keep up! Is the server overloaded? Running 9151ms or 183 ticks behind
[23:32:26] [Server thread/WARN]: Can't keep up! Is the server overloaded? Running 5270ms or 105 ticks behind
[23:32:47] [Server thread/WARN]: Can't keep up! Is the server overloaded? Running 6339ms or 126 ticks behind
[23:33:10] [Server thread/WARN]: Can't keep up! Is the server overloaded? Running 7728ms or 154 ticks behind
[23:33:28] [Server thread/WARN]: Can't keep up! Is the server overloaded? Running 3314ms or 66 ticks behind
[23:33:46] [Server thread/WARN]: Can't keep up! Is the server overloaded? Running 2811ms or 56 ticks behind
[23:34:06] [Server thread/WARN]: Can't keep up! Is the server overloaded? Running 5666ms or 113 ticks behind
[23:34:29] [Server thread/WARN]: Can't keep up! Is the server overloaded? Running 7471ms or 149 ticks behind
[23:34:47] [Server thread/WARN]: Can't keep up! Is the server overloaded? Running 2998ms or 59 ticks behind
[23:34:48] [Server thread/INFO]: KL_Tian lost connection: Disconnected
[23:34:48] [Server thread/INFO]: KL_Tian left the game
[23:39:55] [Server thread/WARN]: Can't keep up! Is the server overloaded? Running 2322ms or 46 ticks behind
