[05:30:10] [main/INFO]: Loading for game Minecraft 1.16.2
[05:30:10] [main/INFO]: [FabricLoader] Loading 55 mods: fabric-renderer-api-v1@0.3.1+f8ac1db295, fabric-keybindings-v0@0.2.0+3fa9f7c595, fabricloader@0.9.3+build.207, bbor@2.3-1.16.2, fabric-structure-api-v1@1.1.0+f8ac1db295, com_github_shevek_parallelgzip@master-SNAPSHOT, fabric-containers-v0@0.1.8+045df74f95, fabric-object-builder-api-v1@1.8.1+f8ac1db295, fabric-game-rule-api-v1@1.0.2+f8ac1db295, fabric-api-base@0.1.3+12a8474c95, fabric-rendering-data-attachment-v1@0.1.4+f8ac1db295, fabric-textures-v0@1.0.4+eae12eb895, fabric-rendering-fluids-v1@0.1.12+f8ac1db295, cotton-logging@1.0.0-rc.4, fabric-blockrenderlayer-v1@1.1.4+c6a8ea8995, fabric-lifecycle-events-v1@1.2.0+74cc3b2095, fabric-renderer-registries-v1@2.2.0+f8ac1db295, fabric-loot-tables-v1@1.0.1+432ea18895, carpet-extra@1.4.8, fabric@0.22.1+build.409-1.16, carpet@1.4.11, fabric-particles-v1@0.2.2+fb0d9b0e95, fabric-networking-v0@0.1.10+e00ecb5f95, cotton-config@1.0.0-rc.7, fabric-networking-blockentity-v0@0.2.5+b50ffc7b95, fabric-screen-handler-api-v1@1.1.0+8724984195, minecraft@1.16.2, here@0.0.10-mc1.16, fabric-command-api-v1@1.0.8+5ce5339895, jankson@3.0.0+j1.2.0, phosphor@0.6.0+build.7, bluemap@1.0.0, fabric-tool-attribute-api-v1@1.2.3+f8ac1db295, fabric-renderer-indigo@0.4.1+f8ac1db295, player-roles@1.1.0, org_apache_commons_commons-compress@1.19, fabric-events-interaction-v0@0.4.1+f8ac1db295, fabric-item-api-v1@1.2.0+f8ac1db295, fabric-crash-report-info-v1@0.1.2+b7f9825d95, fabric-rendering-v0@1.1.1+f8ac1db295, fabric-rendering-v1@1.3.1+f8ac1db295, fabric-key-binding-api-v1@1.0.1+730711c695, org_tukaani_xz@1.8, fabric-resource-loader-v0@0.3.1+facf3bbf95, fabric-content-registries-v0@0.1.9+059ea86695, fabric-tag-extensions-v0@1.0.3+ac8e8c5995, fabric-biome-api-v1@2.0.0+c29459ab95, fabric-registry-sync-v0@0.5.2+3c53fe3395, fabric-commands-v0@0.2.0+52d3083695, textile_backup@2.0.1-1.16.3, fabric-mining-levels-v0@0.1.2+b764ce9995, fabric-events-lifecycle-v0@0.2.0+16acbe5b95, fabric-models-v0@0.1.1+f8ac1db295, fabric-item-groups-v0@0.2.0+438f963695, fabric-object-builders-v0@0.7.0+432ea18895
[05:30:10] [main/WARN]: Mod `com_github_shevek_parallelgzip` (master-SNAPSHOT) does not respect SemVer - comparison support is limited.
[05:30:10] [main/INFO]: SpongePowered MIXIN Subsystem Version=0.8.1 Source=file:/D:/Users/MAX_XiaoKui0156/Server/survival/fabric-server-launch.jar Service=Knot/Fabric Env=SERVER
[05:30:18] [main/INFO]: [Textile Backup] Starting Textile Backup by Szum123321.
[05:30:19] [main/INFO]: Environment: authHost='https://authserver.mojang.com', accountsHost='https://api.mojang.com', sessionHost='https://sessionserver.mojang.com', name='PROD'
[05:30:20] [main/WARN]: Ambiguity between arguments [bluemap, marker, create, id, map, x] and [bluemap, marker, create, id, map, label] with inputs: [0, -1, -.5, 1.2, .5, -1234.56]
[05:30:20] [main/WARN]: Ambiguity between arguments [bluemap, render, cancel] and [bluemap, render, world|map] with inputs: [cancel]
[05:30:20] [main/WARN]: Ambiguity between arguments [bluemap, render, prioritize] and [bluemap, render, world|map] with inputs: [prioritize]
[05:30:20] [main/WARN]: Ambiguity between arguments [bluemap, render, radius] and [bluemap, render, world|map] with inputs: [0, -123, 123]
[05:30:20] [main/WARN]: Ambiguity between arguments [bluemap, render, radius] and [bluemap, render, x] with inputs: [0, -123, 123]
[05:30:20] [main/WARN]: Ambiguity between arguments [bluemap, render, x] and [bluemap, render, radius] with inputs: [0, -1]
[05:30:20] [main/WARN]: Ambiguity between arguments [bluemap, render, x] and [bluemap, render, world|map] with inputs: [0, -1, -.5, 1.2, .5, -1234.56]
[05:30:20] [main/WARN]: Ambiguity between arguments [teleport, destination] and [teleport, targets] with inputs: [Player, 0123, @e, dd12be42-52a9-4a91-a8a1-11c01849e498]
[05:30:20] [main/WARN]: Ambiguity between arguments [teleport, location] and [teleport, destination] with inputs: [0.1 -0.5 .9, 0 0 0]
[05:30:20] [main/WARN]: Ambiguity between arguments [teleport, location] and [teleport, targets] with inputs: [0.1 -0.5 .9, 0 0 0]
[05:30:20] [main/WARN]: Ambiguity between arguments [teleport, targets] and [teleport, destination] with inputs: [Player, 0123, dd12be42-52a9-4a91-a8a1-11c01849e498]
[05:30:20] [main/WARN]: Ambiguity between arguments [teleport, targets, location] and [teleport, targets, destination] with inputs: [0.1 -0.5 .9, 0 0 0]
[05:30:20] [main/INFO]: Reloading ResourceManager: Default, bukkit, FZ.sDatapack-1.5.0-SNAPSHOT, Fabric Tool Attribute API (v1), Player Roles
[05:30:21] [Worker-Main-14/INFO]: Loaded 7 recipes
[05:30:21] [Worker-Main-14/INFO]: Loaded 927 advancements
[05:30:21] [main/WARN]: [fabric-registry-sync] Could not find the following registries: minecraft:biome_source_type, minecraft:block_state_provider_type, minecraft:dimension_type, minecraft:structure_piece, minecraft:carver, minecraft:block_placer_type, minecraft:decorator, minecraft:structure_feature, minecraft:surface_builder, minecraft:foliage_placer_type, minecraft:feature, minecraft:tree_decorator_type, minecraft:structure_pool_element, minecraft:biome, minecraft:chunk_generator_type, minecraft:structure_processor
[05:30:21] [main/INFO]: [fabric-registry-sync] Loaded registry data [file 1/4]
[05:30:22] [Server thread/INFO]: Starting minecraft server version 1.16.2
[05:30:22] [Server thread/INFO]: Loading properties
[05:30:22] [Server thread/INFO]: Default game type: SURVIVAL
[05:30:22] [Server thread/INFO]: Generating keypair
[05:30:22] [Server thread/INFO]: Starting Minecraft server on *:34268
[05:30:22] [Server thread/INFO]: Using default channel type
[05:30:22] [Server thread/WARN]: **** SERVER IS RUNNING IN OFFLINE/INSECURE MODE!
[05:30:22] [Server thread/WARN]: The server will make no attempt to authenticate usernames. Beware.
[05:30:22] [Server thread/WARN]: While this makes the game possible to play without internet access, it also opens up the ability for hackers to connect with any username they choose.
[05:30:22] [Server thread/WARN]: To change this, set "online-mode" to "true" in the server.properties file.
[05:30:22] [Server thread/INFO]: Preparing level "world"
[05:30:22] [Server thread/ERROR]: [CM]: Carpet Mod Setting unloadedEntityFix is not a valid - ignoring...
[05:30:22] [Server thread/INFO]: [CM]: loaded setting combineXPOrbs as true from carpet.conf
[05:30:22] [Server thread/INFO]: [CM]: loaded setting onePlayerSleeping as true from carpet.conf
[05:30:22] [Server thread/INFO]: [CM]: loaded setting leadFix as true from carpet.conf
[05:30:22] [Server thread/INFO]: [CM]: loaded setting ctrlQCraftingFix as true from carpet.conf
[05:30:22] [Server thread/INFO]: [CM]: loaded setting language as zh_cn from carpet.conf
[05:30:22] [Server thread/INFO]: [CM]: loaded setting commandTick as true from carpet.conf
[05:30:22] [Server thread/INFO]: [CM]: loaded setting commandDraw as false from carpet.conf
[05:30:22] [Server thread/INFO]: [CM]: loaded setting fastRedstoneDust as true from carpet.conf
[05:30:22] [Server thread/INFO]: [CM]: loaded setting rotatorBlock as true from carpet.conf
[05:30:22] [Server thread/INFO]: [CM]: loaded setting commandPlayer as true from carpet.conf
[05:30:22] [Server thread/INFO]: [CM]: loaded setting reloadSuffocationFix as true from carpet.conf
[05:30:22] [Server thread/INFO]: [CM]: loaded setting antiCheatDisabled as true from carpet.conf
[05:30:22] [Server thread/INFO]: [CM]: loaded setting commandPing as true from carpet.conf
[05:30:22] [Server thread/INFO]: [CM]: loaded setting defaultLoggers as tps,mobcaps from carpet.conf
[05:30:22] [Server thread/INFO]: [CM]: loaded setting placementRotationFix as true from carpet.conf
[05:30:22] [Server thread/INFO]: [CM]: loaded setting hopperCounters as true from carpet.conf
[05:30:22] [Server thread/INFO]: [CM]: loaded setting flippinCactus as true from carpet.conf
[05:30:22] [Server thread/INFO]: [CM]: loaded setting lagFreeSpawning as true from carpet.conf
[05:30:22] [Server thread/INFO]: create world dimension: minecraft:overworld (seed: 20190827)
[05:30:22] [Server thread/INFO]: create world dimension: minecraft:the_nether (seed: 20190827)
[05:30:22] [Server thread/INFO]: create world dimension: minecraft:the_end (seed: 20190827)
[05:30:22] [Server thread/INFO]: Preparing start region for dimension minecraft:overworld
[05:30:23] [Server thread/INFO]: Preparing spawn area: 0%
[05:30:23] [Server thread/INFO]: Preparing spawn area: 0%
[05:30:23] [Server thread/INFO]: Preparing spawn area: 0%
[05:30:24] [Server thread/INFO]: Preparing spawn area: 83%
[05:30:24] [Server thread/INFO]: Time elapsed: 1910 ms
[05:30:24] [Server thread/INFO]: Done (2.184s)! For help, type "help"
[05:30:24] [Server thread/INFO]: Starting remote control listener
[05:30:24] [Server thread/INFO]: Thread RCON Listener started
[05:30:24] [Server thread/INFO]: RCON running on 0.0.0.0:796
[05:30:24] [Thread-60/INFO]: Loading BlueMap...
[05:30:24] [Thread-60/INFO]: Loading resources...
[05:30:24] [Thread-61/INFO]: WebServer started.
[05:30:27] [Thread-60/INFO]: Loading bluemap assets (1/3)...
[05:30:27] [Thread-60/INFO]: Loading realms assets (2/3)...
[05:30:27] [Thread-60/INFO]: Loading minecraft assets (3/3)...
[05:30:28] [Thread-60/INFO]: BlueMap loaded!
[05:31:00] [Server thread/INFO]: Can only manipulate existing players
[05:31:00] [Server thread/INFO]: Can only manipulate existing players
[05:32:00] [Server thread/INFO]: Can only manipulate existing players
[05:32:00] [Server thread/INFO]: Can only manipulate existing players
[05:33:00] [Server thread/INFO]: Can only manipulate existing players
[05:33:00] [Server thread/INFO]: Can only manipulate existing players
[05:34:00] [Server thread/INFO]: Can only manipulate existing players
[05:34:00] [Server thread/INFO]: Can only manipulate existing players
[05:35:00] [Server thread/INFO]: Can only manipulate existing players
[05:35:00] [Server thread/INFO]: Can only manipulate existing players
[05:36:00] [Server thread/INFO]: Can only manipulate existing players
[05:36:00] [Server thread/INFO]: Can only manipulate existing players
[05:37:00] [Server thread/INFO]: Can only manipulate existing players
[05:37:00] [Server thread/INFO]: Can only manipulate existing players
[05:38:00] [Server thread/INFO]: Can only manipulate existing players
[05:38:00] [Server thread/INFO]: Can only manipulate existing players
[05:39:00] [Server thread/INFO]: Can only manipulate existing players
[05:39:00] [Server thread/INFO]: Can only manipulate existing players
[05:40:00] [Server thread/INFO]: Can only manipulate existing players
[05:40:00] [Server thread/INFO]: Can only manipulate existing players
[05:40:00] [Server thread/INFO]: shuijiao[local] logged in with entity id 102 at (-41.5, 62.0, 240.5)
[05:40:00] [Server thread/INFO]: shuijiao joined the game
[05:40:00] [Thread-86/INFO]: [STDERR]: java.lang.NullPointerException: Cannot invoke "com.google.gson.JsonObject.get(String)" because the return value of "com.google.gson.JsonObject.getAsJsonObject(String)" is null
[05:40:00] [Thread-86/INFO]: [STDERR]: 	at de.bluecolored.bluemap.common.plugin.skins.PlayerSkin.readTextureUrl(PlayerSkin.java:146)
[05:40:00] [Thread-86/INFO]: [STDERR]: 	at de.bluecolored.bluemap.common.plugin.skins.PlayerSkin.lambda$loadSkin$1(PlayerSkin.java:108)
[05:40:00] [Thread-86/INFO]: [STDERR]: 	at java.base/java.lang.Thread.run(Thread.java:832)
[05:45:09] [Server thread/WARN]: Fetching packet for removed entity class_1542['Air'/696, l='ServerLevel[world]', x=-86.05, y=7.12, z=279.06]
[05:50:00] [Server thread/INFO]: Player shuijiao is already logged on
[06:00:00] [Server thread/INFO]: Player shuijiao is already logged on
[06:02:33] [Server thread/WARN]: Fetching packet for removed entity class_1542['Air'/2460, l='ServerLevel[world]', x=-89.95, y=7.00, z=279.98]
[06:10:00] [Server thread/INFO]: Player shuijiao is already logged on
[06:20:00] [Server thread/INFO]: Player shuijiao is already logged on
[06:28:04] [Server thread/WARN]: Fetching packet for removed entity class_1542['Air'/5225, l='ServerLevel[world]', x=-89.95, y=7.00, z=280.22]
[06:30:00] [Server thread/INFO]: Player shuijiao is already logged on
[06:40:00] [Server thread/INFO]: Player shuijiao is already logged on
[06:48:00] [Server thread/WARN]: Fetching packet for removed entity class_1542['Air'/7311, l='ServerLevel[world]', x=-88.42, y=7.00, z=278.05]
[06:50:00] [Server thread/INFO]: Player shuijiao is already logged on
[06:55:30] [Server thread/WARN]: Fetching packet for removed entity class_1542['Air'/7885, l='ServerLevel[world]', x=-87.72, y=7.00, z=281.95]
[06:59:52] [Server thread/WARN]: Fetching packet for removed entity class_1542['Air'/8423, l='ServerLevel[world]', x=-86.05, y=7.00, z=280.10]
[07:00:00] [Server thread/INFO]: Player shuijiao is already logged on
[07:10:00] [Server thread/INFO]: Player shuijiao is already logged on
[07:13:18] [Server thread/WARN]: Fetching packet for removed entity class_1542['Air'/9909, l='ServerLevel[world]', x=-89.95, y=7.00, z=280.18]
[07:20:00] [Server thread/INFO]: Player shuijiao is already logged on
[07:27:56] [Server thread/WARN]: Fetching packet for removed entity class_1542['Air'/11580, l='ServerLevel[world]', x=-89.95, y=7.00, z=280.69]
[07:30:00] [Server thread/INFO]: Player shuijiao is already logged on
[07:40:00] [Server thread/INFO]: Player shuijiao is already logged on
[07:50:00] [Server thread/INFO]: Player shuijiao is already logged on
[07:58:02] [Server thread/WARN]: Fetching packet for removed entity class_1542['Air'/14688, l='ServerLevel[world]', x=-87.69, y=7.00, z=278.05]
[08:00:00] [Server thread/INFO]: Player shuijiao is already logged on
[08:00:37] [Server thread/WARN]: Fetching packet for removed entity class_1542['Air'/14943, l='ServerLevel[world]', x=-90.56, y=7.00, z=281.38]
[08:10:00] [Server thread/INFO]: Player shuijiao is already logged on
[08:20:00] [Server thread/INFO]: Player shuijiao is already logged on
[08:24:24] [Server thread/WARN]: Fetching packet for removed entity class_1542['Air'/17443, l='ServerLevel[world]', x=-88.25, y=7.00, z=278.05]
[08:25:25] [Server thread/WARN]: Fetching packet for removed entity class_1542['Air'/17569, l='ServerLevel[world]', x=-86.05, y=7.00, z=280.14]
[08:30:00] [Server thread/INFO]: Player shuijiao is already logged on
[08:30:19] [Server thread/WARN]: Fetching packet for removed entity class_1542['Air'/18014, l='ServerLevel[world]', x=-87.54, y=7.00, z=281.95]
[08:34:54] [Server thread/WARN]: Fetching packet for removed entity class_1542['Air'/18397, l='ServerLevel[world]', x=-88.63, y=7.00, z=281.95]
[08:40:00] [Server thread/INFO]: Player shuijiao is already logged on
[08:44:31] [Server thread/WARN]: Fetching packet for removed entity class_1542['Air'/19524, l='ServerLevel[world]', x=-86.05, y=7.00, z=280.20]
[08:50:00] [Server thread/INFO]: Player shuijiao is already logged on
[08:50:18] [Server thread/WARN]: Fetching packet for removed entity class_1542['Air'/19983, l='ServerLevel[world]', x=-86.04, y=7.00, z=280.60]
[09:00:00] [Server thread/INFO]: Player shuijiao is already logged on
[09:10:00] [Server thread/INFO]: Player shuijiao is already logged on
[09:13:43] [Server thread/WARN]: Fetching packet for removed entity class_1542['Air'/22596, l='ServerLevel[world]', x=-88.96, y=7.00, z=278.05]
[09:20:00] [Server thread/INFO]: Player shuijiao is already logged on
[09:24:15] [Server thread/WARN]: Fetching packet for removed entity class_1542['Air'/23741, l='ServerLevel[world]', x=-87.84, y=7.00, z=281.95]
[09:30:00] [Server thread/INFO]: Player shuijiao is already logged on
[09:30:36] [Server thread/WARN]: Fetching packet for removed entity class_1542['Air'/24317, l='ServerLevel[world]', x=-86.05, y=7.00, z=279.79]
[09:40:00] [Server thread/INFO]: Player shuijiao is already logged on
[09:40:00] [Server thread/INFO]: [Textile Backup] Backup started by: Timer on: 2020-10-07_09-40-00
[09:40:00] [Server thread/INFO]: Saving server...
[09:40:00] [Server thread/INFO]: [Textile Backup] Saving server...
[09:40:00] [Server thread/INFO]: ThreadedAnvilChunkStorage (world): All chunks are saved
[09:40:00] [Server thread/INFO]: ThreadedAnvilChunkStorage (DIM-1): All chunks are saved
[09:40:00] [Server thread/INFO]: ThreadedAnvilChunkStorage (DIM1): All chunks are saved
[09:40:00] [pool-3-thread-1/INFO]: Starting backup
[09:40:00] [pool-3-thread-1/INFO]: [Textile Backup] Starting backup
[09:40:00] [pool-3-thread-1/INFO]: Starting compression...
[09:40:02] [pool-3-thread-1/INFO]: Compression took: 02.850 seconds.
[09:40:03] [pool-3-thread-1/INFO]: Deleting: 2020-09-30_17-10-00.zip
[09:40:03] [pool-3-thread-1/INFO]: [Textile Backup] Deleting: 2020-09-30_17-10-00.zip
[09:40:03] [pool-3-thread-1/INFO]: Done!
[09:40:03] [pool-3-thread-1/INFO]: [Textile Backup] Done!
[09:45:33] [Server thread/WARN]: Fetching packet for removed entity class_1542['Air'/25716, l='ServerLevel[world]', x=-87.71, y=7.00, z=278.05]
[09:50:00] [Server thread/INFO]: Player shuijiao is already logged on
[09:59:02] [Server thread/WARN]: Fetching packet for removed entity class_1542['Air'/27198, l='ServerLevel[world]', x=-87.78, y=7.00, z=281.95]
[10:00:00] [Server thread/INFO]: Player shuijiao is already logged on
[10:07:40] [Server thread/WARN]: Fetching packet for removed entity class_1542['Air'/28182, l='ServerLevel[world]', x=-86.05, y=7.00, z=280.31]
[10:10:00] [Server thread/INFO]: Player shuijiao is already logged on
[10:11:02] [Server thread/WARN]: Fetching packet for removed entity class_1542['Air'/28454, l='ServerLevel[world]', x=-86.05, y=7.00, z=280.01]
[10:17:54] [Server thread/WARN]: Fetching packet for removed entity class_1542['Air'/29165, l='ServerLevel[world]', x=-86.05, y=7.00, z=280.03]
[10:17:58] [Server thread/WARN]: Fetching packet for removed entity class_1542['Air'/29188, l='ServerLevel[world]', x=-86.05, y=7.00, z=280.25]
[10:20:00] [Server thread/INFO]: Player shuijiao is already logged on
[10:26:40] [Server thread/WARN]: Fetching packet for removed entity class_1542['Air'/30102, l='ServerLevel[world]', x=-90.07, y=7.12, z=278.20]
[10:30:00] [Server thread/INFO]: Player shuijiao is already logged on
[10:40:00] [Server thread/INFO]: Player shuijiao is already logged on
[10:49:24] [Server thread/INFO]: yuwenkang[/127.0.0.1:52871] logged in with entity id 32241 at (-348.53919804861886, 67.0, 539.2662668880547)
[10:49:24] [Server thread/INFO]: yuwenkang joined the game
[10:49:24] [Netty Server IO #20/WARN]: Received invalid identifier in minecraft:register: legacy:fml|hs (Non [a-z0-9/._-] character in path of location: legacy:fml|hs)
[10:50:00] [Server thread/INFO]: Player shuijiao is already logged on
[10:51:49] [Server thread/WARN]: Fetching packet for removed entity class_1542['Air'/33253, l='ServerLevel[world]', x=-86.05, y=7.00, z=279.73]
[10:54:44] [Server thread/INFO]: yuwenkang has made the advancement [Suit Up]
[11:00:00] [Server thread/INFO]: Player shuijiao is already logged on
[11:04:13] [Server thread/INFO]: yuwenkang lost connection: Disconnected
[11:04:13] [Server thread/INFO]: yuwenkang left the game
[11:10:00] [Server thread/INFO]: Player shuijiao is already logged on
[11:20:00] [Server thread/INFO]: Player shuijiao is already logged on
[11:27:08] [Server thread/WARN]: Fetching packet for removed entity class_1542['Air'/39306, l='ServerLevel[world]', x=-88.22, y=7.00, z=281.95]
[11:30:00] [Server thread/INFO]: Player shuijiao is already logged on
[11:40:00] [Server thread/INFO]: Player shuijiao is already logged on
[11:45:27] [Server thread/WARN]: Fetching packet for removed entity class_1542['Air'/41188, l='ServerLevel[world]', x=-89.95, y=7.00, z=280.68]
[11:50:00] [Server thread/INFO]: Player shuijiao is already logged on
[12:00:00] [Server thread/INFO]: Player shuijiao is already logged on
[12:10:00] [Server thread/INFO]: Player shuijiao is already logged on
[12:20:00] [Server thread/INFO]: Player shuijiao is already logged on
[12:30:00] [Server thread/INFO]: Player shuijiao is already logged on
[12:38:12] [Server thread/WARN]: Fetching packet for removed entity class_1542['Air'/47046, l='ServerLevel[world]', x=-86.05, y=7.00, z=280.92]
[12:40:00] [Server thread/INFO]: Player shuijiao is already logged on
[12:42:32] [Server thread/WARN]: Fetching packet for removed entity class_1542['Air'/47501, l='ServerLevel[world]', x=-86.05, y=7.00, z=280.12]
[12:50:00] [Server thread/INFO]: Player shuijiao is already logged on
[13:00:00] [Server thread/INFO]: Player shuijiao is already logged on
[13:10:00] [Server thread/INFO]: Player shuijiao is already logged on
[13:13:23] [Server thread/WARN]: Fetching packet for removed entity class_1542['Air'/51019, l='ServerLevel[world]', x=-89.95, y=7.00, z=279.01]
[13:20:00] [Server thread/INFO]: Player shuijiao is already logged on
[13:30:00] [Server thread/INFO]: Player shuijiao is already logged on
[13:37:44] [Server thread/WARN]: Fetching packet for removed entity class_1542['Air'/53534, l='ServerLevel[world]', x=-88.99, y=7.00, z=281.95]
[13:40:00] [Server thread/INFO]: Player shuijiao is already logged on
[13:40:00] [Server thread/INFO]: [Textile Backup] Backup started by: Timer on: 2020-10-07_13-40-00
[13:40:00] [Server thread/INFO]: Saving server...
[13:40:00] [Server thread/INFO]: [Textile Backup] Saving server...
[13:40:00] [Server thread/INFO]: ThreadedAnvilChunkStorage (world): All chunks are saved
[13:40:00] [Server thread/INFO]: ThreadedAnvilChunkStorage (DIM-1): All chunks are saved
[13:40:00] [Server thread/INFO]: ThreadedAnvilChunkStorage (DIM1): All chunks are saved
[13:40:00] [pool-3-thread-1/INFO]: Starting backup
[13:40:00] [pool-3-thread-1/INFO]: [Textile Backup] Starting backup
[13:40:00] [pool-3-thread-1/INFO]: Starting compression...
[13:40:03] [pool-3-thread-1/INFO]: Compression took: 02.853 seconds.
[13:40:03] [pool-3-thread-1/INFO]: Deleting: 2020-09-30_18-10-00.zip
[13:40:03] [pool-3-thread-1/INFO]: [Textile Backup] Deleting: 2020-09-30_18-10-00.zip
[13:40:03] [pool-3-thread-1/INFO]: Done!
[13:40:03] [pool-3-thread-1/INFO]: [Textile Backup] Done!
[13:40:40] [Server thread/WARN]: Fetching packet for removed entity class_1542['Air'/53833, l='ServerLevel[world]', x=-89.95, y=7.00, z=280.04]
[13:47:01] [Server thread/WARN]: Fetching packet for removed entity class_1542['Air'/54683, l='ServerLevel[world]', x=-87.81, y=7.00, z=281.95]
[13:50:00] [Server thread/INFO]: Player shuijiao is already logged on
[13:58:17] [Server thread/WARN]: Fetching packet for removed entity class_1542['Air'/55822, l='ServerLevel[world]', x=-86.05, y=7.00, z=279.39]
[13:59:13] [Server thread/WARN]: Fetching packet for removed entity class_1542['Air'/55930, l='ServerLevel[world]', x=-89.95, y=7.00, z=279.01]
[14:00:00] [Server thread/INFO]: Player shuijiao is already logged on
[14:04:27] [Server thread/WARN]: Fetching packet for removed entity class_1542['Air'/56412, l='ServerLevel[world]', x=-89.95, y=7.00, z=279.42]
[14:10:00] [Server thread/INFO]: Player shuijiao is already logged on
[14:20:00] [Server thread/INFO]: Player shuijiao is already logged on
[14:30:00] [Server thread/INFO]: Player shuijiao is already logged on
[14:40:00] [Server thread/INFO]: Player shuijiao is already logged on
[14:50:00] [Server thread/INFO]: Player shuijiao is already logged on
[14:54:35] [Server thread/WARN]: Fetching packet for removed entity class_1542['Air'/61954, l='ServerLevel[world]', x=-86.05, y=7.00, z=279.93]
[15:00:00] [Server thread/INFO]: Player shuijiao is already logged on
[15:10:00] [Server thread/INFO]: Player shuijiao is already logged on
[15:12:27] [Server thread/WARN]: Fetching packet for removed entity class_1542['Air'/63910, l='ServerLevel[world]', x=-89.95, y=7.00, z=279.73]
[15:14:08] [Server thread/WARN]: Fetching packet for removed entity class_1542['Air'/64128, l='ServerLevel[world]', x=-87.96, y=7.00, z=281.95]
[15:17:19] [Server thread/WARN]: Fetching packet for removed entity class_1542['Air'/64477, l='ServerLevel[world]', x=-87.64, y=7.00, z=281.95]
[15:20:00] [Server thread/INFO]: Player shuijiao is already logged on
[15:26:55] [Server thread/WARN]: Fetching packet for removed entity class_1542['Air'/65567, l='ServerLevel[world]', x=-87.87, y=7.00, z=281.95]
[15:27:31] [Server thread/WARN]: Fetching packet for removed entity class_1542['Air'/65646, l='ServerLevel[world]', x=-86.05, y=7.00, z=280.16]
[15:30:00] [Server thread/INFO]: Player shuijiao is already logged on
[15:30:08] [Server thread/WARN]: Fetching packet for removed entity class_1542['Air'/65959, l='ServerLevel[world]', x=-86.05, y=7.00, z=279.87]
[15:36:16] [Server thread/WARN]: Fetching packet for removed entity class_1542['Air'/66550, l='ServerLevel[world]', x=-89.95, y=7.00, z=279.59]
[15:36:57] [Server thread/WARN]: Fetching packet for removed entity class_1542['Air'/66674, l='ServerLevel[world]', x=-88.27, y=7.00, z=278.05]
[15:40:00] [Server thread/INFO]: Player shuijiao is already logged on
[15:42:21] [Server thread/WARN]: Fetching packet for removed entity class_1542['Air'/67258, l='ServerLevel[world]', x=-88.58, y=7.00, z=278.05]
[15:50:00] [Server thread/INFO]: Player shuijiao is already logged on
[15:51:06] [Server thread/INFO]: wuhao[/127.0.0.1:63630] logged in with entity id 68070 at (-559.6890156119267, 63.25, 1184.112500011921)
[15:51:06] [Server thread/INFO]: wuhao joined the game
[15:51:06] [Netty Server IO #6/WARN]: Received invalid identifier in minecraft:register: legacy:fml|hs (Non [a-z0-9/._-] character in path of location: legacy:fml|hs)
[15:51:08] [Netty Server IO #6/WARN]: Player wuhao joined with another carpet version: 1.4.9+v200815
[15:53:02] [Server thread/WARN]: Fetching packet for removed entity class_1542['Air'/69733, l='ServerLevel[world]', x=-367.30, y=70.26, z=458.50]
[15:53:11] [Server thread/WARN]: Fetching packet for removed entity class_1542['Air'/69781, l='ServerLevel[world]', x=-367.30, y=70.26, z=480.50]
[16:00:00] [Server thread/INFO]: Player shuijiao is already logged on
[16:00:39] [Server thread/INFO]: skyking_F[/127.0.0.1:63980] logged in with entity id 74686 at (-42.5, 64.0, 239.5)
[16:00:39] [Server thread/INFO]: skyking_F joined the game
[16:00:39] [Netty Server IO #4/WARN]: Received invalid identifier in minecraft:register: legacy:fml|hs (Non [a-z0-9/._-] character in path of location: legacy:fml|hs)
[16:03:04] [Server thread/INFO]: skyking_F drowned
[16:03:16] [Server thread/INFO]: <wuhao> ?
[16:03:37] [Server thread/WARN]: Fetching packet for removed entity class_1542['Lever'/75321, l='ServerLevel[world]', x=-7089.37, y=5.64, z=-6914.28]
[16:04:45] [Server thread/INFO]: <skyking_F> ？
[16:04:59] [Server thread/INFO]: <skyking_F> 呦西呦西的
[16:05:03] [Server thread/INFO]: <skyking_F> 上不去了
[16:05:36] [Server thread/INFO]: skyking_F was slain by Slime
[16:08:39] [Server thread/INFO]: skyking_F lost connection: Timed out
[16:08:39] [Server thread/INFO]: skyking_F left the game
[16:10:00] [Server thread/INFO]: Player shuijiao is already logged on
[16:11:00] [Server thread/WARN]: Fetching packet for removed entity class_1542['Andesite'/77183, l='ServerLevel[world]', x=-7085.40, y=7.59, z=-6895.56]
[16:11:00] [Server thread/WARN]: Fetching packet for removed entity class_1542['Cobblestone'/77184, l='ServerLevel[world]', x=-7086.66, y=6.74, z=-6895.35]
[16:11:00] [Server thread/WARN]: Fetching packet for removed entity class_1542['Redstone Dust'/77186, l='ServerLevel[world]', x=-7090.70, y=6.55, z=-6895.57]
[16:13:02] [Server thread/WARN]: Fetching packet for removed entity class_1542['Lever'/77621, l='ServerLevel[world]', x=-7088.42, y=6.68, z=-6900.26]
[16:13:50] [Server thread/WARN]: Fetching packet for removed entity class_1542['Lever'/77805, l='ServerLevel[world]', x=-7088.48, y=6.73, z=-6900.74]
[16:14:54] [Server thread/WARN]: Fetching packet for removed entity class_1542['Block of Iron'/78038, l='ServerLevel[world]', x=-7093.36, y=7.62, z=-6904.40]
[16:14:54] [Server thread/WARN]: Fetching packet for removed entity class_1542['Torch'/78039, l='ServerLevel[world]', x=-7091.62, y=5.50, z=-6902.52]
[16:15:32] [Server thread/WARN]: Fetching packet for removed entity class_1542['Torch'/78195, l='ServerLevel[world]', x=-7093.71, y=5.69, z=-6911.27]
[16:16:58] [Server thread/WARN]: Fetching packet for removed entity class_1542['Lever'/78510, l='ServerLevel[world]', x=-7091.54, y=5.68, z=-6905.49]
[16:16:58] [Server thread/WARN]: Fetching packet for removed entity class_1542['Torch'/78512, l='ServerLevel[world]', x=-7094.53, y=5.72, z=-6903.44]
[16:18:01] [Server thread/WARN]: Fetching packet for removed entity class_1542['Cobblestone'/78760, l='ServerLevel[world]', x=-7093.68, y=7.37, z=-6897.55]
[16:20:00] [Server thread/INFO]: Player shuijiao is already logged on
[16:22:47] [Server thread/WARN]: Fetching packet for removed entity class_1542['Lever'/79868, l='ServerLevel[world]', x=-7083.43, y=5.71, z=-6907.30]
[16:23:36] [Server thread/WARN]: Fetching packet for removed entity class_1542['Lever'/80062, l='ServerLevel[world]', x=-7083.67, y=5.70, z=-6908.73]
[16:25:06] [Server thread/INFO]: wuhao lost connection: Disconnected
[16:25:06] [Server thread/INFO]: wuhao left the game
[16:30:00] [Server thread/INFO]: Player shuijiao is already logged on
[16:40:00] [Server thread/INFO]: Player shuijiao is already logged on
[16:50:00] [Server thread/INFO]: Player shuijiao is already logged on
[16:56:59] [Server thread/WARN]: Fetching packet for removed entity class_1542['Air'/83784, l='ServerLevel[world]', x=-86.05, y=7.00, z=280.07]
[17:00:00] [Server thread/INFO]: Player shuijiao is already logged on
[17:09:43] [Server thread/WARN]: Fetching packet for removed entity class_1542['Air'/85211, l='ServerLevel[world]', x=-89.95, y=7.00, z=279.01]
[17:10:00] [Server thread/INFO]: Player shuijiao is already logged on
[17:16:52] [Server thread/WARN]: Fetching packet for removed entity class_1542['Air'/85967, l='ServerLevel[world]', x=-88.71, y=7.00, z=281.95]
[17:20:00] [Server thread/INFO]: Player shuijiao is already logged on
[17:29:31] [Server thread/WARN]: Fetching packet for removed entity class_1542['Air'/87172, l='ServerLevel[world]', x=-86.05, y=7.00, z=280.26]
[17:29:35] [Server thread/WARN]: Fetching packet for removed entity class_1542['Air'/87181, l='ServerLevel[world]', x=-86.05, y=7.00, z=279.81]
[17:30:00] [Server thread/INFO]: Player shuijiao is already logged on
[17:40:00] [Server thread/INFO]: Player shuijiao is already logged on
[17:40:00] [Server thread/INFO]: [Textile Backup] Backup started by: Timer on: 2020-10-07_17-40-00
[17:40:00] [Server thread/INFO]: Saving server...
[17:40:00] [Server thread/INFO]: [Textile Backup] Saving server...
[17:40:00] [Server thread/INFO]: ThreadedAnvilChunkStorage (world): All chunks are saved
[17:40:00] [Server thread/INFO]: ThreadedAnvilChunkStorage (DIM-1): All chunks are saved
[17:40:00] [Server thread/INFO]: ThreadedAnvilChunkStorage (DIM1): All chunks are saved
[17:40:00] [pool-3-thread-1/INFO]: Starting backup
[17:40:00] [pool-3-thread-1/INFO]: [Textile Backup] Starting backup
[17:40:00] [pool-3-thread-1/INFO]: Starting compression...
[17:40:02] [pool-3-thread-1/INFO]: Compression took: 02.806 seconds.
[17:40:02] [pool-3-thread-1/INFO]: Deleting: 2020-09-30_19-10-00.zip
[17:40:02] [pool-3-thread-1/INFO]: [Textile Backup] Deleting: 2020-09-30_19-10-00.zip
[17:40:02] [pool-3-thread-1/INFO]: Done!
[17:40:02] [pool-3-thread-1/INFO]: [Textile Backup] Done!
[17:50:00] [Server thread/INFO]: Player shuijiao is already logged on
[17:54:24] [Server thread/WARN]: Fetching packet for removed entity class_1542['Air'/89755, l='ServerLevel[world]', x=-86.05, y=7.00, z=280.29]
[17:56:45] [Server thread/WARN]: Fetching packet for removed entity class_1542['Air'/89998, l='ServerLevel[world]', x=-89.95, y=7.00, z=280.99]
[17:56:47] [Server thread/WARN]: Fetching packet for removed entity class_1542['Air'/90002, l='ServerLevel[world]', x=-89.95, y=7.00, z=280.92]
[18:00:00] [Server thread/INFO]: Player shuijiao is already logged on
[18:00:31] [Server thread/WARN]: Fetching packet for removed entity class_1542['Air'/90435, l='ServerLevel[world]', x=-91.58, y=7.00, z=278.27]
[18:10:00] [Server thread/INFO]: Player shuijiao is already logged on
[18:13:13] [Server thread/WARN]: Fetching packet for removed entity class_1542['Air'/91873, l='ServerLevel[world]', x=-86.05, y=7.00, z=279.01]
[18:19:02] [Server thread/WARN]: Fetching packet for removed entity class_1542['Air'/92433, l='ServerLevel[world]', x=-87.64, y=7.00, z=281.95]
[18:20:00] [Server thread/INFO]: Player shuijiao is already logged on
[18:27:13] [Server thread/WARN]: Can't keep up! Is the server overloaded? Running 2054ms or 41 ticks behind
[18:30:00] [Server thread/INFO]: Player shuijiao is already logged on
[18:38:19] [Server thread/WARN]: Fetching packet for removed entity class_1542['Air'/94765, l='ServerLevel[world]', x=-88.04, y=7.00, z=281.95]
[18:40:00] [Server thread/INFO]: Player shuijiao is already logged on
[18:50:00] [Server thread/INFO]: Player shuijiao is already logged on
[18:56:14] [Server thread/WARN]: Fetching packet for removed entity class_1542['Air'/96611, l='ServerLevel[world]', x=-86.05, y=7.00, z=279.90]
[19:00:00] [Server thread/INFO]: Player shuijiao is already logged on
[19:03:26] [Server thread/WARN]: Fetching packet for removed entity class_1542['Air'/97411, l='ServerLevel[world]', x=-87.94, y=7.00, z=281.95]
[19:10:00] [Server thread/INFO]: Player shuijiao is already logged on
[19:15:04] [Server thread/WARN]: Fetching packet for removed entity class_1542['Air'/98473, l='ServerLevel[world]', x=-86.05, y=7.00, z=280.19]
[19:19:40] [Server thread/WARN]: Fetching packet for removed entity class_1542['Air'/98991, l='ServerLevel[world]', x=-86.05, y=7.00, z=279.35]
[19:20:00] [Server thread/INFO]: Player shuijiao is already logged on
[19:30:00] [Server thread/INFO]: Player shuijiao is already logged on
[19:40:00] [Server thread/INFO]: Player shuijiao is already logged on
[19:50:00] [Server thread/INFO]: Player shuijiao is already logged on
[20:00:00] [Server thread/INFO]: Player shuijiao is already logged on
[20:10:00] [Server thread/INFO]: Player shuijiao is already logged on
[20:10:04] [Server thread/WARN]: Fetching packet for removed entity class_1542['Air'/104354, l='ServerLevel[world]', x=-88.13, y=7.00, z=278.05]
[20:10:51] [Server thread/WARN]: Fetching packet for removed entity class_1542['Air'/104464, l='ServerLevel[world]', x=-87.38, y=7.00, z=281.95]
[20:20:00] [Server thread/INFO]: Player shuijiao is already logged on
[20:30:00] [Server thread/INFO]: Player shuijiao is already logged on
[20:39:36] [Server thread/WARN]: Fetching packet for removed entity class_1542['Air'/107677, l='ServerLevel[world]', x=-89.95, y=7.00, z=279.93]
[20:40:00] [Server thread/INFO]: Player shuijiao is already logged on
[20:46:55] [Server thread/WARN]: Fetching packet for removed entity class_1542['Air'/108466, l='ServerLevel[world]', x=-88.11, y=7.00, z=281.95]
[20:49:08] [Server thread/WARN]: Fetching packet for removed entity class_1542['Air'/108664, l='ServerLevel[world]', x=-86.05, y=7.00, z=279.86]
[20:50:00] [Server thread/INFO]: Player shuijiao is already logged on
[20:56:13] [Server thread/WARN]: Fetching packet for removed entity class_1542['Air'/109461, l='ServerLevel[world]', x=-87.95, y=7.00, z=281.95]
[21:00:00] [Server thread/INFO]: Player shuijiao is already logged on
[21:08:54] [Server thread/WARN]: Fetching packet for removed entity class_1542['Air'/110674, l='ServerLevel[world]', x=-86.05, y=7.00, z=279.39]
[21:10:00] [Server thread/INFO]: Player shuijiao is already logged on
[21:13:34] [Server thread/WARN]: Fetching packet for removed entity class_1542['Air'/111186, l='ServerLevel[world]', x=-89.95, y=7.00, z=279.65]
[21:20:00] [Server thread/INFO]: Player shuijiao is already logged on
[21:27:14] [Server thread/WARN]: Fetching packet for removed entity class_1542['Air'/112757, l='ServerLevel[world]', x=-86.05, y=7.00, z=279.85]
[21:30:00] [Server thread/INFO]: Player shuijiao is already logged on
[21:33:38] [Server thread/WARN]: Fetching packet for removed entity class_1542['Air'/113355, l='ServerLevel[world]', x=-87.74, y=7.00, z=281.95]
[21:40:00] [Server thread/INFO]: Player shuijiao is already logged on
[21:40:00] [Server thread/INFO]: [Textile Backup] Backup started by: Timer on: 2020-10-07_21-40-00
[21:40:00] [Server thread/INFO]: Saving server...
[21:40:00] [Server thread/INFO]: [Textile Backup] Saving server...
[21:40:00] [Server thread/INFO]: ThreadedAnvilChunkStorage (world): All chunks are saved
[21:40:00] [Server thread/INFO]: ThreadedAnvilChunkStorage (DIM-1): All chunks are saved
[21:40:00] [Server thread/INFO]: ThreadedAnvilChunkStorage (DIM1): All chunks are saved
[21:40:00] [pool-3-thread-1/INFO]: Starting backup
[21:40:00] [pool-3-thread-1/INFO]: [Textile Backup] Starting backup
[21:40:00] [pool-3-thread-1/INFO]: Starting compression...
[21:40:03] [pool-3-thread-1/INFO]: Compression took: 02.970 seconds.
[21:40:03] [pool-3-thread-1/INFO]: Deleting: 2020-09-30_20-10-00.zip
[21:40:03] [pool-3-thread-1/INFO]: [Textile Backup] Deleting: 2020-09-30_20-10-00.zip
[21:40:03] [pool-3-thread-1/INFO]: Done!
[21:40:03] [pool-3-thread-1/INFO]: [Textile Backup] Done!
[21:40:13] [Server thread/WARN]: Fetching packet for removed entity class_1542['Air'/114191, l='ServerLevel[world]', x=-87.93, y=7.12, z=281.95]
[21:50:00] [Server thread/INFO]: Player shuijiao is already logged on
[21:59:48] [Server thread/WARN]: Fetching packet for removed entity class_1542['Air'/116061, l='ServerLevel[world]', x=-85.67, y=7.00, z=282.92]
[22:00:00] [Server thread/INFO]: Player shuijiao is already logged on
[22:10:00] [Server thread/INFO]: Player shuijiao is already logged on
[22:20:00] [Server thread/INFO]: Player shuijiao is already logged on
[22:23:08] [Server thread/WARN]: Fetching packet for removed entity class_1542['Air'/118371, l='ServerLevel[world]', x=-89.95, y=7.00, z=279.53]
[22:29:39] [Server thread/WARN]: Fetching packet for removed entity class_1542['Air'/119030, l='ServerLevel[world]', x=-89.95, y=7.00, z=279.66]
[22:30:00] [Server thread/INFO]: Player shuijiao is already logged on
[22:35:42] [Server thread/WARN]: Fetching packet for removed entity class_1542['Air'/119710, l='ServerLevel[world]', x=-86.05, y=7.00, z=279.57]
[22:40:00] [Server thread/INFO]: Player shuijiao is already logged on
[22:46:14] [Server thread/WARN]: Fetching packet for removed entity class_1542['Air'/120813, l='ServerLevel[world]', x=-90.28, y=7.00, z=278.45]
[22:46:14] [Server thread/WARN]: Fetching packet for removed entity class_1542['Air'/120814, l='ServerLevel[world]', x=-90.26, y=7.00, z=279.20]
[22:50:00] [Server thread/INFO]: Player shuijiao is already logged on
[23:00:00] [Server thread/INFO]: Player shuijiao is already logged on
[23:01:06] [Server thread/WARN]: Fetching packet for removed entity class_1542['Air'/122527, l='ServerLevel[world]', x=-89.95, y=7.00, z=280.37]
[23:01:08] [Server thread/WARN]: Fetching packet for removed entity class_1542['Air'/122533, l='ServerLevel[world]', x=-89.95, y=7.00, z=280.72]
[23:01:32] [Server thread/WARN]: Fetching packet for removed entity class_1542['Air'/122579, l='ServerLevel[world]', x=-89.95, y=7.00, z=279.44]
[23:10:00] [Server thread/INFO]: Player shuijiao is already logged on
[23:19:34] [Server thread/WARN]: Fetching packet for removed entity class_1542['Air'/124310, l='ServerLevel[world]', x=-87.01, y=7.00, z=281.95]
[23:20:00] [Server thread/INFO]: Player shuijiao is already logged on
[23:29:30] [Server thread/WARN]: Fetching packet for removed entity class_1542['Air'/125396, l='ServerLevel[world]', x=-86.05, y=7.00, z=279.42]
[23:30:00] [Server thread/INFO]: Player shuijiao is already logged on
[23:40:00] [Server thread/INFO]: Player shuijiao is already logged on
[23:45:36] [Server thread/WARN]: Fetching packet for removed entity class_1542['Air'/127411, l='ServerLevel[world]', x=-88.00, y=7.00, z=278.05]
[23:50:00] [Server thread/INFO]: Player shuijiao is already logged on
[23:50:27] [Server thread/WARN]: Fetching packet for removed entity class_1542['Air'/128017, l='ServerLevel[world]', x=-85.62, y=7.12, z=279.72]
