[00:00:00] [Server thread/INFO]: Player shuijiao is already logged on
[00:10:00] [Server thread/INFO]: Player shuijiao is already logged on
[00:20:00] [Server thread/INFO]: Player shuijiao is already logged on
[00:30:00] [Server thread/INFO]: Player shuijiao is already logged on
[00:32:16] [Server thread/WARN]: Fetching packet for removed entity class_1542['Air'/798135, l='ServerLevel[world]', x=-89.95, y=7.00, z=280.00]
[00:34:47] [Server thread/WARN]: Fetching packet for removed entity class_1542['Air'/798361, l='ServerLevel[world]', x=-86.05, y=7.00, z=279.47]
[00:40:00] [Server thread/INFO]: Player shuijiao is already logged on
[00:50:00] [Server thread/INFO]: Player shuijiao is already logged on
[01:00:00] [Server thread/INFO]: Player shuijiao is already logged on
[01:10:00] [Server thread/INFO]: Player shuijiao is already logged on
[01:20:00] [Server thread/INFO]: Player shuijiao is already logged on
[01:22:09] [Server thread/WARN]: Fetching packet for removed entity class_1542['Air'/804079, l='ServerLevel[world]', x=-88.25, y=7.00, z=281.95]
[01:26:55] [Server thread/WARN]: Fetching packet for removed entity class_1542['Air'/804581, l='ServerLevel[world]', x=-86.05, y=7.00, z=279.90]
[01:30:00] [Server thread/INFO]: Player shuijiao is already logged on
[01:40:00] [Server thread/INFO]: Player shuijiao is already logged on
[01:40:00] [Server thread/INFO]: [Textile Backup] Backup started by: Timer on: 2020-10-26_01-40-00
[01:40:00] [Server thread/INFO]: Saving server...
[01:40:00] [Server thread/INFO]: [Textile Backup] Saving server...
[01:40:00] [Server thread/INFO]: ThreadedAnvilChunkStorage (world): All chunks are saved
[01:40:00] [Server thread/INFO]: ThreadedAnvilChunkStorage (DIM-1): All chunks are saved
[01:40:00] [Server thread/INFO]: ThreadedAnvilChunkStorage (DIM1): All chunks are saved
[01:40:00] [pool-3-thread-1/INFO]: Starting backup
[01:40:00] [pool-3-thread-1/INFO]: [Textile Backup] Starting backup
[01:40:00] [pool-3-thread-1/INFO]: Starting compression...
[01:40:02] [pool-3-thread-1/INFO]: Compression took: 02.813 seconds.
[01:40:02] [pool-3-thread-1/INFO]: Done!
[01:40:02] [pool-3-thread-1/INFO]: [Textile Backup] Done!
[01:41:59] [Server thread/WARN]: Fetching packet for removed entity class_1542['Air'/806423, l='ServerLevel[world]', x=-86.05, y=7.00, z=280.66]
[01:44:16] [Server thread/WARN]: Fetching packet for removed entity class_1542['Air'/806647, l='ServerLevel[world]', x=-87.71, y=7.00, z=278.05]
[01:50:00] [Server thread/INFO]: Player shuijiao is already logged on
[01:52:01] [Server thread/WARN]: Fetching packet for removed entity class_1542['Air'/807443, l='ServerLevel[world]', x=-86.05, y=7.00, z=280.38]
[02:00:00] [Server thread/INFO]: Player shuijiao is already logged on
[02:10:00] [Server thread/INFO]: Player shuijiao is already logged on
[02:20:00] [Server thread/INFO]: Player shuijiao is already logged on
[02:30:00] [Server thread/INFO]: Player shuijiao is already logged on
[02:40:00] [Server thread/INFO]: Player shuijiao is already logged on
[02:42:22] [Server thread/WARN]: Fetching packet for removed entity class_1542['Air'/812659, l='ServerLevel[world]', x=-86.05, y=7.12, z=280.30]
[02:45:18] [Server thread/WARN]: Fetching packet for removed entity class_1542['Air'/812991, l='ServerLevel[world]', x=-86.05, y=7.00, z=280.47]
[02:50:00] [Server thread/INFO]: Player shuijiao is already logged on
[03:00:00] [Server thread/INFO]: Player shuijiao is already logged on
[03:10:00] [Server thread/INFO]: Player shuijiao is already logged on
[03:10:22] [Server thread/WARN]: Fetching packet for removed entity class_1542['Air'/815583, l='ServerLevel[world]', x=-88.18, y=7.00, z=278.05]
[03:20:00] [Server thread/INFO]: Player shuijiao is already logged on
[03:24:25] [Server thread/WARN]: Fetching packet for removed entity class_1542['Air'/817267, l='ServerLevel[world]', x=-88.19, y=7.00, z=281.95]
[03:30:00] [Server thread/INFO]: Player shuijiao is already logged on
[03:32:47] [Server thread/WARN]: Fetching packet for removed entity class_1542['Air'/818202, l='ServerLevel[world]', x=-86.05, y=7.00, z=279.60]
[03:32:49] [Server thread/WARN]: Fetching packet for removed entity class_1542['Air'/818207, l='ServerLevel[world]', x=-86.05, y=7.00, z=280.26]
[03:33:35] [Server thread/WARN]: Fetching packet for removed entity class_1542['Air'/818325, l='ServerLevel[world]', x=-86.05, y=7.00, z=280.99]
[03:33:45] [Server thread/WARN]: Fetching packet for removed entity class_1542['Air'/818385, l='ServerLevel[world]', x=-87.80, y=7.00, z=281.95]
[03:40:00] [Server thread/INFO]: Player shuijiao is already logged on
[03:48:17] [Server thread/WARN]: Fetching packet for removed entity class_1542['Air'/819991, l='ServerLevel[world]', x=-87.16, y=7.00, z=278.05]
[03:49:22] [Server thread/WARN]: Fetching packet for removed entity class_1542['Air'/820140, l='ServerLevel[world]', x=-86.05, y=7.00, z=279.42]
[03:49:24] [Server thread/WARN]: Fetching packet for removed entity class_1542['Air'/820157, l='ServerLevel[world]', x=-86.05, y=7.00, z=279.38]
[03:50:00] [Server thread/INFO]: Player shuijiao is already logged on
[03:52:20] [Server thread/WARN]: Fetching packet for removed entity class_1542['Air'/820446, l='ServerLevel[world]', x=-86.05, y=7.00, z=280.26]
[04:00:00] [Server thread/INFO]: Player shuijiao is already logged on
[04:10:00] [Server thread/INFO]: Player shuijiao is already logged on
[04:20:00] [Server thread/INFO]: Player shuijiao is already logged on
[04:30:00] [Server thread/INFO]: Player shuijiao is already logged on
[04:36:11] [Server thread/WARN]: Fetching packet for removed entity class_1542['Air'/825570, l='ServerLevel[world]', x=-89.95, y=7.00, z=280.03]
[04:39:16] [Server thread/WARN]: Fetching packet for removed entity class_1542['Air'/825872, l='ServerLevel[world]', x=-85.24, y=7.00, z=278.12]
[04:40:00] [Server thread/INFO]: Player shuijiao is already logged on
[04:49:52] [Server thread/WARN]: Fetching packet for removed entity class_1542['Air'/826928, l='ServerLevel[world]', x=-88.80, y=7.00, z=278.05]
[04:50:00] [Server thread/INFO]: Player shuijiao is already logged on
[05:00:00] [Server thread/INFO]: Player shuijiao is already logged on
[05:03:58] [Server thread/WARN]: Fetching packet for removed entity class_1542['Air'/828552, l='ServerLevel[world]', x=-87.97, y=7.00, z=281.95]
[05:10:00] [Server thread/INFO]: Player shuijiao is already logged on
[05:20:00] [Server thread/INFO]: Player shuijiao is already logged on
[05:30:00] [Server thread/INFO]: Player shuijiao is already logged on
[05:40:00] [Server thread/INFO]: Player shuijiao is already logged on
[05:40:00] [Server thread/INFO]: [Textile Backup] Backup started by: Timer on: 2020-10-26_05-40-00
[05:40:00] [Server thread/INFO]: Saving server...
[05:40:00] [Server thread/INFO]: [Textile Backup] Saving server...
[05:40:00] [Server thread/INFO]: ThreadedAnvilChunkStorage (world): All chunks are saved
[05:40:00] [Server thread/INFO]: ThreadedAnvilChunkStorage (DIM-1): All chunks are saved
[05:40:00] [Server thread/INFO]: ThreadedAnvilChunkStorage (DIM1): All chunks are saved
[05:40:00] [pool-3-thread-1/INFO]: Starting backup
[05:40:00] [pool-3-thread-1/INFO]: [Textile Backup] Starting backup
[05:40:00] [pool-3-thread-1/INFO]: Starting compression...
[05:40:02] [pool-3-thread-1/INFO]: Compression took: 02.612 seconds.
[05:40:02] [pool-3-thread-1/INFO]: Done!
[05:40:02] [pool-3-thread-1/INFO]: [Textile Backup] Done!
[05:45:02] [Server thread/WARN]: Fetching packet for removed entity class_1542['Air'/832830, l='ServerLevel[world]', x=-89.95, y=7.00, z=280.14]
[05:50:00] [Server thread/INFO]: Player shuijiao is already logged on
[06:00:00] [Server thread/INFO]: Player shuijiao is already logged on
[06:00:04] [Server thread/WARN]: Fetching packet for removed entity class_1542['Air'/834515, l='ServerLevel[world]', x=-89.95, y=7.00, z=279.54]
[06:00:45] [Server thread/WARN]: Fetching packet for removed entity class_1542['Air'/834625, l='ServerLevel[world]', x=-87.93, y=7.00, z=278.05]
[06:10:00] [Server thread/INFO]: Player shuijiao is already logged on
[06:20:00] [Server thread/INFO]: Player shuijiao is already logged on
[06:23:22] [Server thread/WARN]: Fetching packet for removed entity class_1542['Air'/837291, l='ServerLevel[world]', x=-88.28, y=7.00, z=281.95]
[06:24:43] [Server thread/WARN]: Fetching packet for removed entity class_1542['Air'/837425, l='ServerLevel[world]', x=-89.95, y=7.12, z=280.48]
[06:30:00] [Server thread/INFO]: Player shuijiao is already logged on
[06:40:00] [Server thread/INFO]: Player shuijiao is already logged on
[06:40:58] [Server thread/WARN]: Fetching packet for removed entity class_1542['Air'/839051, l='ServerLevel[world]', x=-90.78, y=7.12, z=280.22]
[06:44:47] [Server thread/WARN]: Fetching packet for removed entity class_1542['Air'/839353, l='ServerLevel[world]', x=-87.82, y=7.00, z=281.95]
[06:49:23] [Server thread/WARN]: Fetching packet for removed entity class_1542['Air'/839842, l='ServerLevel[world]', x=-88.00, y=7.00, z=281.95]
[06:50:00] [Server thread/INFO]: Player shuijiao is already logged on
[06:54:19] [Server thread/WARN]: Fetching packet for removed entity class_1542['Air'/840326, l='ServerLevel[world]', x=-84.05, y=7.00, z=280.35]
[07:00:00] [Server thread/INFO]: Player shuijiao is already logged on
[07:04:55] [Server thread/WARN]: Fetching packet for removed entity class_1542['Air'/841345, l='ServerLevel[world]', x=-86.05, y=7.00, z=280.47]
[07:07:55] [Server thread/WARN]: Fetching packet for removed entity class_1542['Air'/841734, l='ServerLevel[world]', x=-88.61, y=7.00, z=281.95]
[07:10:00] [Server thread/INFO]: Player shuijiao is already logged on
[07:13:06] [Server thread/WARN]: Fetching packet for removed entity class_1542['Air'/842289, l='ServerLevel[world]', x=-87.01, y=7.00, z=278.05]
[07:20:00] [Server thread/INFO]: Player shuijiao is already logged on
[07:24:50] [Server thread/WARN]: Fetching packet for removed entity class_1542['Air'/843403, l='ServerLevel[world]', x=-88.50, y=7.00, z=278.05]
[07:30:00] [Server thread/INFO]: Player shuijiao is already logged on
[07:40:00] [Server thread/INFO]: Player shuijiao is already logged on
[07:41:13] [Server thread/WARN]: Fetching packet for removed entity class_1542['Air'/844896, l='ServerLevel[world]', x=-89.95, y=7.00, z=280.45]
[07:50:00] [Server thread/INFO]: Player shuijiao is already logged on
[08:00:00] [Server thread/INFO]: Player shuijiao is already logged on
[08:10:00] [Server thread/INFO]: Player shuijiao is already logged on
[08:20:00] [Server thread/INFO]: Player shuijiao is already logged on
[08:30:00] [Server thread/INFO]: Player shuijiao is already logged on
[08:40:00] [Server thread/INFO]: Player shuijiao is already logged on
[08:50:00] [Server thread/INFO]: Player shuijiao is already logged on
[08:56:21] [Server thread/WARN]: Fetching packet for removed entity class_1542['Air'/852182, l='ServerLevel[world]', x=-89.95, y=7.00, z=280.10]
[09:00:00] [Server thread/INFO]: Player shuijiao is already logged on
[09:10:00] [Server thread/INFO]: Player shuijiao is already logged on
[09:20:00] [Server thread/INFO]: Player shuijiao is already logged on
[09:28:08] [Server thread/WARN]: Fetching packet for removed entity class_1542['Air'/855306, l='ServerLevel[world]', x=-87.97, y=7.00, z=278.05]
[09:30:00] [Server thread/INFO]: Player shuijiao is already logged on
[09:40:00] [Server thread/INFO]: Player shuijiao is already logged on
[09:40:00] [Server thread/INFO]: [Textile Backup] Backup started by: Timer on: 2020-10-26_09-40-00
[09:40:00] [Server thread/INFO]: Saving server...
[09:40:00] [Server thread/INFO]: [Textile Backup] Saving server...
[09:40:00] [Server thread/INFO]: ThreadedAnvilChunkStorage (world): All chunks are saved
[09:40:00] [Server thread/INFO]: ThreadedAnvilChunkStorage (DIM-1): All chunks are saved
[09:40:00] [Server thread/INFO]: ThreadedAnvilChunkStorage (DIM1): All chunks are saved
[09:40:00] [pool-3-thread-1/INFO]: Starting backup
[09:40:00] [pool-3-thread-1/INFO]: [Textile Backup] Starting backup
[09:40:00] [pool-3-thread-1/INFO]: Starting compression...
[09:40:02] [pool-3-thread-1/INFO]: Compression took: 02.614 seconds.
[09:40:02] [pool-3-thread-1/INFO]: Done!
[09:40:02] [pool-3-thread-1/INFO]: [Textile Backup] Done!
[09:48:28] [Server thread/WARN]: Fetching packet for removed entity class_1542['Air'/857591, l='ServerLevel[world]', x=-89.95, y=7.00, z=279.95]
[09:50:00] [Server thread/INFO]: Player shuijiao is already logged on
[10:00:00] [Server thread/INFO]: Player shuijiao is already logged on
[10:10:00] [Server thread/INFO]: Player shuijiao is already logged on
[10:20:00] [Server thread/INFO]: Player shuijiao is already logged on
[10:27:18] [Server thread/WARN]: Fetching packet for removed entity class_1542['Air'/861945, l='ServerLevel[world]', x=-86.05, y=7.00, z=280.33]
[10:30:00] [Server thread/INFO]: Player shuijiao is already logged on
[10:38:15] [Server thread/WARN]: Fetching packet for removed entity class_1542['Air'/863204, l='ServerLevel[world]', x=-88.23, y=7.00, z=281.95]
[10:40:00] [Server thread/INFO]: Player shuijiao is already logged on
[10:50:00] [Server thread/INFO]: Player shuijiao is already logged on
[10:52:10] [Server thread/WARN]: Fetching packet for removed entity class_1542['Air'/864800, l='ServerLevel[world]', x=-88.24, y=7.00, z=281.95]
[11:00:00] [Server thread/INFO]: Player shuijiao is already logged on
[11:09:26] [Server thread/WARN]: Fetching packet for removed entity class_1542['Air'/866554, l='ServerLevel[world]', x=-89.95, y=7.00, z=279.85]
[11:10:00] [Server thread/INFO]: Player shuijiao is already logged on
[11:18:08] [Server thread/WARN]: Fetching packet for removed entity class_1542['Air'/867649, l='ServerLevel[world]', x=-88.99, y=7.00, z=278.05]
[11:20:00] [Server thread/INFO]: Player shuijiao is already logged on
[11:21:06] [Server thread/WARN]: Fetching packet for removed entity class_1542['Air'/867925, l='ServerLevel[world]', x=-89.95, y=7.00, z=280.03]
[11:23:08] [Server thread/WARN]: Fetching packet for removed entity class_1542['Air'/868150, l='ServerLevel[world]', x=-86.93, y=7.04, z=277.42]
[11:30:00] [Server thread/INFO]: Player shuijiao is already logged on
[11:31:39] [Server thread/WARN]: Fetching packet for removed entity class_1542['Air'/869181, l='ServerLevel[world]', x=-84.01, y=7.00, z=280.27]
[11:40:00] [Server thread/INFO]: Player shuijiao is already logged on
[11:44:41] [Server thread/WARN]: Fetching packet for removed entity class_1542['Air'/870528, l='ServerLevel[world]', x=-87.73, y=7.00, z=281.95]
[11:48:24] [Server thread/WARN]: Fetching packet for removed entity class_1542['Air'/870924, l='ServerLevel[world]', x=-87.85, y=7.00, z=278.05]
[11:50:00] [Server thread/INFO]: Player shuijiao is already logged on
[11:51:13] [Server thread/WARN]: Fetching packet for removed entity class_1542['Air'/871336, l='ServerLevel[world]', x=-87.62, y=7.00, z=278.05]
[12:00:00] [Server thread/INFO]: Player shuijiao is already logged on
[12:05:45] [Server thread/WARN]: Fetching packet for removed entity class_1542['Air'/872712, l='ServerLevel[world]', x=-86.05, y=7.00, z=280.30]
[12:10:00] [Server thread/INFO]: Player shuijiao is already logged on
[12:10:19] [Server thread/WARN]: Fetching packet for removed entity class_1542['Air'/873186, l='ServerLevel[world]', x=-87.69, y=7.00, z=278.05]
[12:16:09] [Server thread/WARN]: Fetching packet for removed entity class_1542['Air'/873855, l='ServerLevel[world]', x=-87.68, y=7.00, z=278.05]
[12:17:39] [Server thread/WARN]: Fetching packet for removed entity class_1542['Air'/874006, l='ServerLevel[world]', x=-89.95, y=7.00, z=279.01]
[12:17:41] [Server thread/WARN]: Fetching packet for removed entity class_1542['Air'/874010, l='ServerLevel[world]', x=-89.95, y=7.00, z=279.88]
[12:20:00] [Server thread/INFO]: Player shuijiao is already logged on
[12:29:26] [Server thread/WARN]: Fetching packet for removed entity class_1542['Air'/875244, l='ServerLevel[world]', x=-89.95, y=7.00, z=280.93]
[12:29:30] [Server thread/WARN]: Fetching packet for removed entity class_1542['Air'/875252, l='ServerLevel[world]', x=-89.95, y=7.00, z=280.40]
[12:30:00] [Server thread/INFO]: Player shuijiao is already logged on
[12:34:21] [Server thread/WARN]: Fetching packet for removed entity class_1542['Air'/875701, l='ServerLevel[world]', x=-86.05, y=7.00, z=280.23]
[12:40:00] [Server thread/INFO]: Player shuijiao is already logged on
[12:46:08] [Server thread/WARN]: Fetching packet for removed entity class_1542['Air'/876842, l='ServerLevel[world]', x=-88.96, y=7.00, z=278.05]
[12:50:00] [Server thread/INFO]: Player shuijiao is already logged on
[13:00:00] [Server thread/INFO]: Player shuijiao is already logged on
[13:04:29] [Server thread/WARN]: Fetching packet for removed entity class_1542['Air'/878650, l='ServerLevel[world]', x=-86.05, y=7.00, z=280.18]
[13:04:30] [Server thread/WARN]: Fetching packet for removed entity class_1542['Air'/878652, l='ServerLevel[world]', x=-88.42, y=7.00, z=278.05]
[13:09:01] [Server thread/WARN]: Fetching packet for removed entity class_1542['Air'/879142, l='ServerLevel[world]', x=-89.95, y=7.00, z=280.51]
[13:10:00] [Server thread/INFO]: Player shuijiao is already logged on
[13:20:00] [Server thread/INFO]: Player shuijiao is already logged on
[13:30:00] [Server thread/INFO]: Player shuijiao is already logged on
[13:32:41] [Server thread/WARN]: Fetching packet for removed entity class_1542['Air'/881349, l='ServerLevel[world]', x=-88.43, y=7.00, z=281.95]
[13:40:00] [Server thread/INFO]: Player shuijiao is already logged on
[13:40:00] [Server thread/INFO]: [Textile Backup] Backup started by: Timer on: 2020-10-26_13-40-00
[13:40:00] [Server thread/INFO]: Saving server...
[13:40:00] [Server thread/INFO]: [Textile Backup] Saving server...
[13:40:00] [Server thread/INFO]: ThreadedAnvilChunkStorage (world): All chunks are saved
[13:40:00] [Server thread/INFO]: ThreadedAnvilChunkStorage (DIM-1): All chunks are saved
[13:40:00] [Server thread/INFO]: ThreadedAnvilChunkStorage (DIM1): All chunks are saved
[13:40:00] [pool-3-thread-1/INFO]: Starting backup
[13:40:00] [pool-3-thread-1/INFO]: [Textile Backup] Starting backup
[13:40:00] [pool-3-thread-1/INFO]: Starting compression...
[13:40:02] [pool-3-thread-1/INFO]: Compression took: 02.617 seconds.
[13:40:02] [pool-3-thread-1/INFO]: Done!
[13:40:02] [pool-3-thread-1/INFO]: [Textile Backup] Done!
[13:41:28] [Server thread/WARN]: Fetching packet for removed entity class_1542['Air'/882265, l='ServerLevel[world]', x=-89.95, y=7.00, z=279.80]
[13:46:04] [Server thread/WARN]: Fetching packet for removed entity class_1542['Air'/882788, l='ServerLevel[world]', x=-89.95, y=7.00, z=279.62]
[13:50:00] [Server thread/INFO]: Player shuijiao is already logged on
[13:56:49] [Server thread/WARN]: Fetching packet for removed entity class_1542['Air'/883991, l='ServerLevel[world]', x=-88.99, y=7.00, z=281.95]
[13:59:38] [Server thread/WARN]: Fetching packet for removed entity class_1542['Air'/884351, l='ServerLevel[world]', x=-85.61, y=7.00, z=278.60]
[14:00:00] [Server thread/INFO]: Player shuijiao is already logged on
[14:10:00] [Server thread/INFO]: Player shuijiao is already logged on
[14:14:11] [Server thread/WARN]: Fetching packet for removed entity class_1542['Air'/885829, l='ServerLevel[world]', x=-88.26, y=7.00, z=276.68]
[14:20:00] [Server thread/INFO]: Player shuijiao is already logged on
[14:30:00] [Server thread/INFO]: Player shuijiao is already logged on
[14:40:00] [Server thread/INFO]: Player shuijiao is already logged on
[14:50:00] [Server thread/INFO]: Player shuijiao is already logged on
[14:54:27] [Server thread/WARN]: Fetching packet for removed entity class_1542['Air'/890325, l='ServerLevel[world]', x=-86.05, y=7.00, z=280.97]
[15:00:00] [Server thread/INFO]: Player shuijiao is already logged on
[15:10:00] [Server thread/INFO]: Player shuijiao is already logged on
[15:19:56] [Server thread/INFO]: Mk_Bolo[/127.0.0.1:51217] logged in with entity id 893158 at (-42.82464365474238, 64.0, 242.9313795302661)
[15:19:56] [Server thread/INFO]: Mk_Bolo joined the game
[15:19:56] [Netty Server IO #5/WARN]: Received invalid identifier in minecraft:register: legacy:fml|hs (Non [a-z0-9/._-] character in path of location: legacy:fml|hs)
[15:20:00] [Server thread/INFO]: Player shuijiao is already logged on
[15:26:58] [Server thread/INFO]: Mk_Bolo was slain by Slime
[15:30:00] [Server thread/INFO]: Player shuijiao is already logged on
[15:38:31] [Server thread/INFO]: Mk_Bolo lost connection: Disconnected
[15:38:31] [Server thread/INFO]: Mk_Bolo left the game
[15:40:00] [Server thread/INFO]: Player shuijiao is already logged on
[15:46:30] [Server thread/WARN]: Fetching packet for removed entity class_1542['Slimeball'/899032, l='ServerLevel[world]', x=-86.05, y=7.00, z=280.37]
[15:49:23] [Server thread/WARN]: Fetching packet for removed entity class_1542['Slimeball'/899287, l='ServerLevel[world]', x=-88.11, y=7.00, z=278.05]
[15:50:00] [Server thread/INFO]: Player shuijiao is already logged on
[16:00:00] [Server thread/INFO]: Player shuijiao is already logged on
[16:06:59] [Server thread/WARN]: Fetching packet for removed entity class_1542['Slimeball'/901131, l='ServerLevel[world]', x=-86.05, y=7.00, z=280.21]
[16:10:00] [Server thread/INFO]: Player shuijiao is already logged on
[16:12:24] [Server thread/WARN]: Fetching packet for removed entity class_1542['Air'/901786, l='ServerLevel[world]', x=-86.49, y=7.00, z=283.38]
[16:20:00] [Server thread/INFO]: Player shuijiao is already logged on
[16:30:00] [Server thread/INFO]: Player shuijiao is already logged on
[16:40:00] [Server thread/INFO]: Player shuijiao is already logged on
[16:50:00] [Server thread/INFO]: Player shuijiao is already logged on
[17:00:00] [Server thread/INFO]: Player shuijiao is already logged on
[17:07:18] [Server thread/WARN]: Fetching packet for removed entity class_1542['Air'/907498, l='ServerLevel[world]', x=-89.95, y=7.12, z=279.87]
[17:10:00] [Server thread/INFO]: Player shuijiao is already logged on
[17:18:43] [Server thread/WARN]: Fetching packet for removed entity class_1542['Air'/908659, l='ServerLevel[world]', x=-86.05, y=7.00, z=280.01]
[17:20:00] [Server thread/INFO]: Player shuijiao is already logged on
[17:30:00] [Server thread/INFO]: Player shuijiao is already logged on
[17:30:06] [Server thread/WARN]: Fetching packet for removed entity class_1542['Air'/909866, l='ServerLevel[world]', x=-86.05, y=7.00, z=280.99]
[17:32:52] [Server thread/WARN]: Fetching packet for removed entity class_1542['Air'/910273, l='ServerLevel[world]', x=-88.90, y=7.00, z=281.95]
[17:40:00] [Server thread/INFO]: Player shuijiao is already logged on
[17:40:00] [Server thread/INFO]: [Textile Backup] Backup started by: Timer on: 2020-10-26_17-40-00
[17:40:00] [Server thread/INFO]: Saving server...
[17:40:00] [Server thread/INFO]: [Textile Backup] Saving server...
[17:40:00] [Server thread/INFO]: ThreadedAnvilChunkStorage (world): All chunks are saved
[17:40:00] [Server thread/INFO]: ThreadedAnvilChunkStorage (DIM-1): All chunks are saved
[17:40:00] [Server thread/INFO]: ThreadedAnvilChunkStorage (DIM1): All chunks are saved
[17:40:00] [pool-3-thread-1/INFO]: Starting backup
[17:40:00] [pool-3-thread-1/INFO]: [Textile Backup] Starting backup
[17:40:00] [pool-3-thread-1/INFO]: Starting compression...
[17:40:03] [pool-3-thread-1/INFO]: Compression took: 03.736 seconds.
[17:40:03] [pool-3-thread-1/INFO]: Done!
[17:40:03] [pool-3-thread-1/INFO]: [Textile Backup] Done!
[17:43:08] [Server thread/WARN]: Fetching packet for removed entity class_1542['Air'/911520, l='ServerLevel[world]', x=-87.04, y=7.00, z=278.05]
[17:47:25] [Server thread/WARN]: Fetching packet for removed entity class_1542['Air'/911868, l='ServerLevel[world]', x=-87.94, y=7.00, z=278.05]
[17:50:00] [Server thread/INFO]: Player shuijiao is already logged on
[18:00:00] [Server thread/INFO]: Player shuijiao is already logged on
[18:06:57] [Server thread/WARN]: Fetching packet for removed entity class_1542['Air'/913952, l='ServerLevel[world]', x=-89.95, y=7.00, z=279.43]
[18:10:00] [Server thread/INFO]: Player shuijiao is already logged on
[18:12:33] [Server thread/WARN]: Fetching packet for removed entity class_1542['Air'/914390, l='ServerLevel[world]', x=-86.05, y=7.00, z=280.72]
[18:17:03] [Server thread/WARN]: Fetching packet for removed entity class_1542['Air'/914907, l='ServerLevel[world]', x=-86.05, y=7.00, z=279.82]
[18:18:24] [Server thread/WARN]: Fetching packet for removed entity class_1542['Air'/915059, l='ServerLevel[world]', x=-88.18, y=7.00, z=278.05]
[18:20:00] [Server thread/INFO]: Player shuijiao is already logged on
[18:26:27] [Server thread/WARN]: Fetching packet for removed entity class_1542['Air'/916113, l='ServerLevel[world]', x=-88.11, y=7.00, z=281.95]
[18:30:00] [Server thread/INFO]: Player shuijiao is already logged on
[18:32:45] [Server thread/WARN]: Fetching packet for removed entity class_1542['Air'/916803, l='ServerLevel[world]', x=-86.05, y=7.00, z=280.74]
[18:40:00] [Server thread/INFO]: Player shuijiao is already logged on
[18:50:00] [Server thread/INFO]: Player shuijiao is already logged on
[18:50:28] [Server thread/WARN]: Fetching packet for removed entity class_1542['Air'/918710, l='ServerLevel[world]', x=-87.99, y=7.00, z=278.05]
[18:51:59] [Server thread/WARN]: Fetching packet for removed entity class_1542['Air'/918798, l='ServerLevel[world]', x=-88.39, y=7.00, z=281.95]
[18:56:13] [Server thread/WARN]: Fetching packet for removed entity class_1542['Air'/919248, l='ServerLevel[world]', x=-86.05, y=7.00, z=280.03]
[19:00:00] [Server thread/INFO]: Player shuijiao is already logged on
[19:10:00] [Server thread/INFO]: Player shuijiao is already logged on
[19:20:00] [Server thread/INFO]: Player shuijiao is already logged on
[19:30:00] [Server thread/INFO]: Player shuijiao is already logged on
[19:36:54] [Server thread/WARN]: Fetching packet for removed entity class_1542['Air'/923818, l='ServerLevel[world]', x=-89.95, y=7.00, z=279.35]
[19:39:21] [Server thread/WARN]: Fetching packet for removed entity class_1542['Air'/924097, l='ServerLevel[world]', x=-89.95, y=7.00, z=279.84]
[19:40:00] [Server thread/INFO]: Player shuijiao is already logged on
[19:50:00] [Server thread/INFO]: Player shuijiao is already logged on
[20:00:00] [Server thread/INFO]: Player shuijiao is already logged on
[20:08:19] [Server thread/WARN]: Fetching packet for removed entity class_1542['Air'/927176, l='ServerLevel[world]', x=-89.95, y=7.00, z=279.01]
[20:10:00] [Server thread/INFO]: Player shuijiao is already logged on
[20:14:03] [Server thread/WARN]: Fetching packet for removed entity class_1542['Air'/927841, l='ServerLevel[world]', x=-88.11, y=7.00, z=281.95]
[20:20:00] [Server thread/INFO]: Player shuijiao is already logged on
[20:22:22] [Server thread/WARN]: Fetching packet for removed entity class_1542['Air'/928778, l='ServerLevel[world]', x=-88.26, y=7.12, z=281.95]
[20:30:00] [Server thread/INFO]: Player shuijiao is already logged on
[20:30:10] [Server thread/WARN]: Fetching packet for removed entity class_1542['Air'/929572, l='ServerLevel[world]', x=-89.95, y=7.00, z=279.63]
[20:39:10] [Server thread/WARN]: Fetching packet for removed entity class_1542['Air'/930471, l='ServerLevel[world]', x=-88.43, y=7.00, z=281.95]
[20:40:00] [Server thread/INFO]: Player shuijiao is already logged on
[20:42:22] [Server thread/WARN]: Fetching packet for removed entity class_1542['Air'/930875, l='ServerLevel[world]', x=-87.20, y=7.00, z=281.95]
[20:48:18] [Server thread/WARN]: Fetching packet for removed entity class_1542['Air'/931499, l='ServerLevel[world]', x=-89.95, y=7.00, z=279.76]
[20:50:00] [Server thread/INFO]: Player shuijiao is already logged on
[20:53:09] [Server thread/WARN]: Fetching packet for removed entity class_1542['Air'/931903, l='ServerLevel[world]', x=-89.95, y=7.00, z=280.16]
[21:00:00] [Server thread/INFO]: Player shuijiao is already logged on
[21:01:36] [Server thread/WARN]: Fetching packet for removed entity class_1542['Air'/932993, l='ServerLevel[world]', x=-86.05, y=7.00, z=280.46]
[21:06:15] [Server thread/WARN]: Fetching packet for removed entity class_1542['Air'/933594, l='ServerLevel[world]', x=-86.05, y=7.00, z=280.34]
[21:10:00] [Server thread/INFO]: Player shuijiao is already logged on
[21:10:19] [Server thread/WARN]: Fetching packet for removed entity class_1542['Air'/934114, l='ServerLevel[world]', x=-87.99, y=7.00, z=278.05]
[21:20:00] [Server thread/INFO]: Player shuijiao is already logged on
[21:23:57] [Server thread/WARN]: Fetching packet for removed entity class_1542['Air'/935639, l='ServerLevel[world]', x=-88.99, y=7.00, z=281.95]
[21:30:00] [Server thread/INFO]: Player shuijiao is already logged on
[21:40:00] [Server thread/INFO]: Player shuijiao is already logged on
[21:40:00] [Server thread/INFO]: [Textile Backup] Backup started by: Timer on: 2020-10-26_21-40-00
[21:40:00] [Server thread/INFO]: Saving server...
[21:40:00] [Server thread/INFO]: [Textile Backup] Saving server...
[21:40:00] [Server thread/INFO]: ThreadedAnvilChunkStorage (world): All chunks are saved
[21:40:00] [Server thread/INFO]: ThreadedAnvilChunkStorage (DIM-1): All chunks are saved
[21:40:00] [Server thread/INFO]: ThreadedAnvilChunkStorage (DIM1): All chunks are saved
[21:40:00] [pool-3-thread-1/INFO]: Starting backup
[21:40:00] [pool-3-thread-1/INFO]: [Textile Backup] Starting backup
[21:40:00] [pool-3-thread-1/INFO]: Starting compression...
[21:40:02] [pool-3-thread-1/INFO]: Compression took: 02.616 seconds.
[21:40:02] [pool-3-thread-1/INFO]: Done!
[21:40:02] [pool-3-thread-1/INFO]: [Textile Backup] Done!
[21:50:00] [Server thread/INFO]: Player shuijiao is already logged on
[22:00:00] [Server thread/INFO]: Player shuijiao is already logged on
[22:10:00] [Server thread/INFO]: Player shuijiao is already logged on
[22:17:39] [Server thread/WARN]: Fetching packet for removed entity class_1542['Air'/941898, l='ServerLevel[world]', x=-89.95, y=7.00, z=279.99]
[22:20:00] [Server thread/INFO]: Player shuijiao is already logged on
[22:30:00] [Server thread/INFO]: Player shuijiao is already logged on
[22:35:13] [Server thread/WARN]: Fetching packet for removed entity class_1542['Air'/943660, l='ServerLevel[world]', x=-86.05, y=7.00, z=279.84]
[22:40:00] [Server thread/INFO]: Player shuijiao is already logged on
[22:50:00] [Server thread/INFO]: Player shuijiao is already logged on
[23:00:00] [Server thread/INFO]: Player shuijiao is already logged on
[23:10:00] [Server thread/INFO]: Player shuijiao is already logged on
[23:20:00] [Server thread/INFO]: Player shuijiao is already logged on
[23:30:00] [Server thread/INFO]: Player shuijiao is already logged on
[23:30:53] [Server thread/WARN]: Fetching packet for removed entity class_1542['Air'/949357, l='ServerLevel[world]', x=-86.05, y=7.00, z=280.66]
[23:40:00] [Server thread/INFO]: Player shuijiao is already logged on
[23:45:06] [Server thread/WARN]: Fetching packet for removed entity class_1542['Air'/950815, l='ServerLevel[world]', x=-88.17, y=7.00, z=281.95]
[23:50:00] [Server thread/INFO]: Player shuijiao is already logged on
[23:51:58] [Server thread/WARN]: Fetching packet for removed entity class_1542['Air'/951531, l='ServerLevel[world]', x=-88.49, y=7.00, z=281.95]
