[06:01:05] [main/INFO]: Loading for game Minecraft 1.16.1
[06:01:09] [main/INFO]: [FabricLoader] Loading 49 mods: fabric-renderer-api-v1@0.2.13+eae12eb87c, fabric-keybindings-v0@0.2.0+3fa9f7c57c, fabricloader@0.8.8+build.202, com_github_shevek_parallelgzip@master-SNAPSHOT, fabric-containers-v0@0.1.8+045df74f7c, fabric-object-builder-api-v1@1.5.5+e00ecb5f7c, fabric-dimensions-v1@1.0.0+a71b30537c, fabric-api-base@0.1.3+12a8474c7c, fabric-rendering-data-attachment-v1@0.1.3+b7f9825d7c, fabric-textures-v0@1.0.4+eae12eb87c, fabric-rendering-fluids-v1@0.1.7+12a8474c7c, cotton-logging@1.0.0-rc.4, fabric-blockrenderlayer-v1@1.1.4+c6a8ea897c, fabric-renderer-registries-v1@2.0.1+5a0f9a607c, carpet-extra@1.4.0, fabric-loot-tables-v1@0.1.10+059ea8667c, fabric@0.13.1+build.370-1.16, carpet@1.4.0, fabric-particles-v1@0.2.1+0a6f2a707c, fabric-networking-v0@0.1.10+e00ecb5f7c, cotton-config@1.0.0-rc.7, fabric-networking-blockentity-v0@0.2.5+b50ffc7b7c, minecraft@1.16.1, fabric-screen-handler-api-v1@1.0.1+f362c86e7c, here@0.0.8-mc1.16, fabric-command-api-v1@1.0.8+5ce533987c, jankson@3.0.0+j1.2.0, phosphor@0.6.0+build.7, fabric-tool-attribute-api-v1@1.1.4+5794386e7c, fabric-renderer-indigo@0.3.1+059ea8667c, org_apache_commons_commons-compress@1.19, fabric-biomes-v1@0.2.7+059ea8667c, fabric-events-interaction-v0@0.3.3+7066030f7c, fabric-crash-report-info-v1@0.1.2+b7f9825d7c, fabric-rendering-v0@1.1.0+534104907c, fabric-key-binding-api-v1@1.0.0+e16a97747c, fabric-rendering-v1@1.1.2+346247d77c, org_tukaani_xz@1.8, fabric-resource-loader-v0@0.2.5+059ea8667c, fabric-content-registries-v0@0.1.9+059ea8667c, fabric-tag-extensions-v0@0.2.5+5a6e8f4c7c, fabric-registry-sync-v0@0.3.8+7dba2d6c7c, fabric-commands-v0@0.2.0+52d308367c, textile_backup@1.2.2-1.16.1, fabric-mining-levels-v0@0.1.2+b764ce997c, fabric-events-lifecycle-v0@0.1.3+0d474ec47c, fabric-models-v0@0.1.0+dfdb52d67c, fabric-item-groups-v0@0.2.0+438f96367c, fabric-object-builders-v0@0.6.0+da175ad67c
[06:01:09] [main/WARN]: Mod `com_github_shevek_parallelgzip` (master-SNAPSHOT) does not respect SemVer - comparison support is limited.
[06:01:09] [main/INFO]: SpongePowered MIXIN Subsystem Version=0.8 Source=file:/C:/Server/skimit_survival/fabric-server-launch.jar Service=Knot/Fabric Env=SERVER
[06:01:15] [main/WARN]: @Mixin target net/minecraft/class_5120$class_5121 is public in fabric-tag-extensions-v0.mixins.json:MixinTagImpl and should be specified in value
[06:01:15] [main/WARN]: @Mixin target net.minecraft.class_5394 is public in fabric-tag-extensions-v0.mixins.json:MixinTagImpl and should be specified in value
[06:02:03] [main/INFO]: Environment: authHost='https://authserver.mojang.com', accountsHost='https://api.mojang.com', sessionHost='https://sessionserver.mojang.com', name='PROD'
[06:02:12] [main/INFO]: [TextileBackup]: Loading TextileBackup by Szum123321
[06:02:16] [main/WARN]: Ambiguity between arguments [teleport, destination] and [teleport, targets] with inputs: [Player, 0123, @e, dd12be42-52a9-4a91-a8a1-11c01849e498]
[06:02:16] [main/WARN]: Ambiguity between arguments [teleport, location] and [teleport, destination] with inputs: [0.1 -0.5 .9, 0 0 0]
[06:02:16] [main/WARN]: Ambiguity between arguments [teleport, location] and [teleport, targets] with inputs: [0.1 -0.5 .9, 0 0 0]
[06:02:16] [main/WARN]: Ambiguity between arguments [teleport, targets] and [teleport, destination] with inputs: [Player, 0123, dd12be42-52a9-4a91-a8a1-11c01849e498]
[06:02:16] [main/WARN]: Ambiguity between arguments [teleport, targets, location] and [teleport, targets, destination] with inputs: [0.1 -0.5 .9, 0 0 0]
[06:02:18] [main/INFO]: Reloading ResourceManager: Default, bukkit, Fabric Tool Attribute API (v1)
[06:02:25] [Worker-Main-2/INFO]: Loaded 7 recipes
[06:02:27] [Worker-Main-2/INFO]: Loaded 927 advancements
[06:02:31] [main/WARN]: [fabric-registry-sync] Could not find the following registries: minecraft:biome_source_type, minecraft:dimension_type, minecraft:chunk_generator_type
[06:02:31] [main/INFO]: [fabric-registry-sync] Loaded registry data [file 1/4]
[06:02:35] [Server thread/INFO]: Starting minecraft server version 1.16.1
[06:02:35] [Server thread/INFO]: Loading properties
[06:02:35] [Server thread/INFO]: Default game type: SURVIVAL
[06:02:35] [Server thread/INFO]: Generating keypair
[06:02:37] [Server thread/INFO]: Starting Minecraft server on *:26565
[06:02:37] [Server thread/INFO]: Using default channel type
[06:02:45] [Server thread/WARN]: **** SERVER IS RUNNING IN OFFLINE/INSECURE MODE!
[06:02:45] [Server thread/WARN]: The server will make no attempt to authenticate usernames. Beware.
[06:02:45] [Server thread/WARN]: While this makes the game possible to play without internet access, it also opens up the ability for hackers to connect with any username they choose.
[06:02:45] [Server thread/WARN]: To change this, set "online-mode" to "true" in the server.properties file.
[06:02:48] [Server thread/INFO]: Preparing level "world"
[06:02:48] [Server thread/ERROR]: [CM]: Carpet Mod Setting commandCameramode is not a valid - ignoring...
[06:02:49] [Server thread/INFO]: [CM]: loaded setting commandDraw as false from carpet.conf
[06:02:49] [Server thread/INFO]: [CM]: loaded setting rotatorBlock as true from carpet.conf
[06:02:49] [Server thread/INFO]: [CM]: loaded setting combineXPOrbs as true from carpet.conf
[06:02:49] [Server thread/INFO]: [CM]: loaded setting onePlayerSleeping as true from carpet.conf
[06:02:49] [Server thread/INFO]: [CM]: loaded setting portalSuffocationFix as true from carpet.conf
[06:02:49] [Server thread/INFO]: [CM]: loaded setting leadFix as true from carpet.conf
[06:02:49] [Server thread/INFO]: [CM]: loaded setting antiCheatDisabled as true from carpet.conf
[06:02:49] [Server thread/INFO]: [CM]: loaded setting defaultLoggers as tps,mobcaps from carpet.conf
[06:02:49] [Server thread/INFO]: [CM]: loaded setting unloadedEntityFix as true from carpet.conf
[06:02:49] [Server thread/INFO]: [CM]: loaded setting ctrlQCraftingFix as true from carpet.conf
[06:02:58] [Server thread/INFO]: Preparing start region for dimension minecraft:overworld
[06:03:29] [Server thread/INFO]: Preparing spawn area: 0%
[06:03:29] [Server thread/INFO]: Preparing spawn area: 0%
[06:03:29] [Server thread/INFO]: Preparing spawn area: 0%
[06:03:29] [Server thread/INFO]: Preparing spawn area: 0%
[06:03:29] [Server thread/INFO]: Preparing spawn area: 0%
[06:03:29] [Server thread/INFO]: Preparing spawn area: 0%
[06:03:29] [Server thread/INFO]: Preparing spawn area: 0%
[06:03:29] [Server thread/INFO]: Preparing spawn area: 0%
[06:03:29] [Server thread/INFO]: Preparing spawn area: 0%
[06:03:29] [Server thread/INFO]: Preparing spawn area: 0%
[06:03:29] [Server thread/INFO]: Preparing spawn area: 0%
[06:03:29] [Server thread/INFO]: Preparing spawn area: 0%
[06:03:29] [Server thread/INFO]: Preparing spawn area: 0%
[06:03:29] [Server thread/INFO]: Preparing spawn area: 0%
[06:03:29] [Server thread/INFO]: Preparing spawn area: 0%
[06:03:29] [Server thread/INFO]: Preparing spawn area: 0%
[06:03:29] [Server thread/INFO]: Preparing spawn area: 0%
[06:03:29] [Server thread/INFO]: Preparing spawn area: 0%
[06:03:29] [Server thread/INFO]: Preparing spawn area: 0%
[06:03:29] [Server thread/INFO]: Preparing spawn area: 0%
[06:03:29] [Server thread/INFO]: Preparing spawn area: 0%
[06:03:29] [Server thread/INFO]: Preparing spawn area: 0%
[06:03:29] [Server thread/INFO]: Preparing spawn area: 0%
[06:03:29] [Server thread/INFO]: Preparing spawn area: 0%
[06:03:29] [Server thread/INFO]: Preparing spawn area: 0%
[06:03:29] [Server thread/INFO]: Preparing spawn area: 0%
[06:03:29] [Server thread/INFO]: Preparing spawn area: 0%
[06:03:29] [Server thread/INFO]: Preparing spawn area: 0%
[06:03:29] [Server thread/INFO]: Preparing spawn area: 0%
[06:03:29] [Server thread/INFO]: Preparing spawn area: 0%
[06:03:29] [Server thread/INFO]: Preparing spawn area: 0%
[06:03:29] [Server thread/INFO]: Preparing spawn area: 0%
[06:03:29] [Server thread/INFO]: Preparing spawn area: 0%
[06:03:29] [Server thread/INFO]: Preparing spawn area: 0%
[06:03:29] [Server thread/INFO]: Preparing spawn area: 0%
[06:03:29] [Server thread/INFO]: Preparing spawn area: 0%
[06:03:29] [Server thread/INFO]: Preparing spawn area: 0%
[06:03:29] [Server thread/INFO]: Preparing spawn area: 0%
[06:03:29] [Server thread/INFO]: Preparing spawn area: 0%
[06:03:29] [Server thread/INFO]: Preparing spawn area: 0%
[06:03:29] [Server thread/INFO]: Preparing spawn area: 0%
[06:03:29] [Server thread/INFO]: Preparing spawn area: 0%
[06:03:29] [Server thread/INFO]: Preparing spawn area: 0%
[06:03:29] [Server thread/INFO]: Preparing spawn area: 0%
[06:03:29] [Server thread/INFO]: Preparing spawn area: 0%
[06:03:29] [Server thread/INFO]: Preparing spawn area: 0%
[06:03:29] [Server thread/INFO]: Preparing spawn area: 0%
[06:03:29] [Server thread/INFO]: Preparing spawn area: 0%
[06:03:29] [Server thread/INFO]: Preparing spawn area: 0%
[06:03:29] [Server thread/INFO]: Preparing spawn area: 0%
[06:03:29] [Server thread/INFO]: Preparing spawn area: 0%
[06:03:29] [Server thread/INFO]: Preparing spawn area: 0%
[06:03:29] [Server thread/INFO]: Preparing spawn area: 0%
[06:03:29] [Server thread/INFO]: Preparing spawn area: 0%
[06:03:29] [Server thread/INFO]: Preparing spawn area: 0%
[06:03:29] [Server thread/INFO]: Preparing spawn area: 0%
[06:03:29] [Server thread/INFO]: Preparing spawn area: 0%
[06:03:29] [Server thread/INFO]: Preparing spawn area: 0%
[06:03:29] [Server thread/INFO]: Preparing spawn area: 0%
[06:03:29] [Server thread/INFO]: Preparing spawn area: 0%
[06:03:29] [Server thread/INFO]: Preparing spawn area: 0%
[06:03:29] [Server thread/INFO]: Preparing spawn area: 0%
[06:03:29] [Server thread/INFO]: Preparing spawn area: 0%
[06:03:29] [Server thread/INFO]: Preparing spawn area: 0%
[06:03:30] [Server thread/INFO]: Preparing spawn area: 0%
[06:03:30] [Server thread/INFO]: Preparing spawn area: 0%
[06:03:31] [Server thread/INFO]: Preparing spawn area: 0%
[06:03:32] [Worker-Main-3/INFO]: Preparing spawn area: 0%
[06:03:32] [Worker-Main-3/INFO]: Preparing spawn area: 0%
[06:03:32] [Worker-Main-3/INFO]: Preparing spawn area: 0%
[06:03:33] [Worker-Main-3/INFO]: Preparing spawn area: 0%
[06:03:44] [Server thread/INFO]: Preparing spawn area: 0%
[06:03:44] [Server thread/INFO]: Preparing spawn area: 0%
[06:03:44] [Server thread/INFO]: Preparing spawn area: 0%
[06:03:44] [Server thread/INFO]: Preparing spawn area: 0%
[06:03:44] [Server thread/INFO]: Preparing spawn area: 0%
[06:03:44] [Server thread/INFO]: Preparing spawn area: 0%
[06:03:44] [Server thread/INFO]: Preparing spawn area: 0%
[06:03:44] [Server thread/INFO]: Preparing spawn area: 0%
[06:03:44] [Server thread/INFO]: Preparing spawn area: 0%
[06:03:44] [Server thread/INFO]: Preparing spawn area: 0%
[06:03:44] [Server thread/INFO]: Preparing spawn area: 0%
[06:03:44] [Server thread/INFO]: Preparing spawn area: 0%
[06:03:44] [Server thread/INFO]: Preparing spawn area: 0%
[06:03:44] [Server thread/INFO]: Preparing spawn area: 0%
[06:03:44] [Server thread/INFO]: Preparing spawn area: 0%
[06:03:44] [Server thread/INFO]: Preparing spawn area: 0%
[06:03:44] [Server thread/INFO]: Preparing spawn area: 0%
[06:03:44] [Server thread/INFO]: Preparing spawn area: 0%
[06:03:44] [Server thread/INFO]: Preparing spawn area: 0%
[06:03:44] [Server thread/INFO]: Preparing spawn area: 0%
[06:03:44] [Server thread/INFO]: Preparing spawn area: 0%
[06:03:44] [Server thread/INFO]: Preparing spawn area: 0%
[06:03:46] [Server thread/INFO]: Preparing spawn area: 83%
[06:03:46] [Server thread/INFO]: Preparing spawn area: 83%
[06:03:46] [Server thread/INFO]: Preparing spawn area: 83%
[06:03:46] [Server thread/INFO]: Preparing spawn area: 83%
[06:03:53] [Server thread/INFO]: Time elapsed: 55023 ms
[06:03:53] [Server thread/INFO]: Done (64.645s)! For help, type "help"
[06:03:53] [Server thread/INFO]: Starting remote control listener
[06:03:53] [Server thread/INFO]: Thread RCON Listener started
[06:03:53] [RCON Listener #1/INFO]: RCON running on 0.0.0.0:25636
[06:03:56] [Server thread/WARN]: Can't keep up! Is the server overloaded? Running 3028ms or 60 ticks behind
[06:04:15] [Server thread/WARN]: Can't keep up! Is the server overloaded? Running 4280ms or 85 ticks behind
[12:59:12] [Server thread/INFO]: 32t[/127.0.0.1:59087] logged in with entity id 332 at (-41.26619531396095, 64.0, 257.38980069772913)
[12:59:12] [Server thread/INFO]: 32t joined the game
[12:59:13] [Server thread/INFO]: [TextileBackup]: Backup started by: SERVER on: 2020-07-04_12-59-13
[12:59:13] [Server thread/INFO]: [TextileBackup]: Saving server...
[12:59:13] [Netty Server IO #0/WARN]: Received invalid identifier in minecraft:register: legacy:fml|hs (Non [a-z0-9/._-] character in path of location: legacy:fml|hs)
[12:59:14] [Server thread/INFO]: ThreadedAnvilChunkStorage (world): All chunks are saved
[12:59:14] [Server thread/INFO]: ThreadedAnvilChunkStorage (DIM-1): All chunks are saved
[12:59:14] [Server thread/INFO]: ThreadedAnvilChunkStorage (DIM1): All chunks are saved
[12:59:15] [Server thread/WARN]: Can't keep up! Is the server overloaded? Running 3593ms or 71 ticks behind
[12:59:19] [Thread-224/INFO]: [TextileBackup]: Starting compression...
[12:59:24] [Thread-224/ERROR]: [TextileBackup]: java.io.IOException: 另一个程序已锁定文件的一部分，进程无法访问。
[12:59:24] [Thread-224/INFO]: [TextileBackup]: Compression took: 4.153105001s
[12:59:24] [Thread-224/INFO]: [TextileBackup]: Deleting: 2020-06-30_23-55-47.zip
[12:59:24] [Thread-224/INFO]: [TextileBackup]: Done!
[12:59:41] [Server thread/WARN]: Can't keep up! Is the server overloaded? Running 11038ms or 220 ticks behind
[13:00:39] [Server thread/INFO]: 32t fell from a high place
[13:01:16] [Server thread/INFO]: 32t tried to swim in lava
[13:01:44] [Server thread/WARN]: Can't keep up! Is the server overloaded? Running 2494ms or 49 ticks behind
[13:02:07] [Server thread/WARN]: Can't keep up! Is the server overloaded? Running 8297ms or 165 ticks behind
[13:03:33] [Server thread/WARN]: Can't keep up! Is the server overloaded? Running 2073ms or 41 ticks behind
[13:03:52] [Server thread/WARN]: Can't keep up! Is the server overloaded? Running 4101ms or 82 ticks behind
[13:04:12] [Server thread/INFO]: 32t drowned
[13:04:35] [Server thread/WARN]: Can't keep up! Is the server overloaded? Running 3074ms or 61 ticks behind
[13:06:15] [Server thread/INFO]: 32t lost connection: Disconnected
[13:06:15] [Server thread/INFO]: 32t left the game
[18:16:51] [Server thread/INFO]: extclp[/127.0.0.1:53749] logged in with entity id 4599 at (-49.77622429097755, 128.875, 63.064887722056696)
[18:16:51] [Netty Server IO #0/WARN]: Received invalid identifier in minecraft:register: legacy:fml|hs (Non [a-z0-9/._-] character in path of location: legacy:fml|hs)
[18:16:51] [Server thread/INFO]: extclp joined the game
[18:16:52] [Server thread/INFO]: [TextileBackup]: Backup started by: SERVER on: 2020-07-04_18-16-52
[18:16:52] [Server thread/INFO]: [TextileBackup]: Saving server...
[18:16:52] [Server thread/INFO]: ThreadedAnvilChunkStorage (world): All chunks are saved
[18:16:53] [Server thread/INFO]: ThreadedAnvilChunkStorage (DIM-1): All chunks are saved
[18:16:53] [Server thread/INFO]: ThreadedAnvilChunkStorage (DIM1): All chunks are saved
[18:16:53] [Thread-358/INFO]: [TextileBackup]: Starting compression...
[18:16:54] [Server thread/WARN]: Can't keep up! Is the server overloaded? Running 2028ms or 40 ticks behind
[18:16:54] [Thread-358/ERROR]: [TextileBackup]: java.io.IOException: 另一个程序已锁定文件的一部分，进程无法访问。
[18:16:54] [Thread-358/INFO]: [TextileBackup]: Compression took: 1.5202938s
[18:16:54] [Thread-358/INFO]: [TextileBackup]: Deleting: 2020-07-01_05-30-01#shutdown.zip
[18:16:54] [Thread-358/INFO]: [TextileBackup]: Done!
[18:17:21] [Server thread/WARN]: Can't keep up! Is the server overloaded? Running 2773ms or 55 ticks behind
[18:17:28] [Server thread/INFO]: extclp has made the advancement [Bring Home the Beacon]
[18:17:28] [Server thread/INFO]: extclp has reached the goal [Beaconator]
[18:17:38] [Server thread/WARN]: Can't keep up! Is the server overloaded? Running 2191ms or 43 ticks behind
[18:19:45] [Server thread/WARN]: Can't keep up! Is the server overloaded? Running 2277ms or 45 ticks behind
[18:19:50] [Server thread/INFO]: extclp has made the advancement [Suit Up]
[18:20:05] [Server thread/INFO]: extclp has made the advancement [Isn't It Iron Pick]
[18:20:47] [Server thread/WARN]: Can't keep up! Is the server overloaded? Running 2721ms or 54 ticks behind
[18:22:16] [Server thread/INFO]: extclp lost connection: Disconnected
[18:22:16] [Server thread/INFO]: extclp left the game
[18:43:44] [Server thread/INFO]: wuhao[/127.0.0.1:54680] logged in with entity id 8083 at (-172.23609953747342, 82.0, 162.6429525204322)
[18:43:44] [Netty Server IO #0/WARN]: Received invalid identifier in minecraft:register: legacy:fml|hs (Non [a-z0-9/._-] character in path of location: legacy:fml|hs)
[18:43:44] [Server thread/INFO]: wuhao joined the game
[18:43:48] [Netty Server IO #0/INFO]: Player wuhao joined with a matching carpet client
[18:44:19] [Server thread/INFO]: wuhao fell from a high place
[18:44:49] [Server thread/WARN]: Can't keep up! Is the server overloaded? Running 2087ms or 41 ticks behind
[18:47:20] [Server thread/INFO]: wuhao lost connection: Disconnected
[18:47:20] [Server thread/INFO]: wuhao left the game
[20:46:12] [RCON Listener #1/INFO]: Thread RCON Client /45.141.84.55 started
[20:46:12] [RCON Client /45.141.84.55 #2/INFO]: Thread RCON Client /45.141.84.55 shutting down
[23:20:58] [Server thread/WARN]: Can't keep up! Is the server overloaded? Running 2130ms or 42 ticks behind
