[00:00:00] [Server thread/INFO]: Player shuijiao is already logged on
[00:10:00] [Server thread/INFO]: Player shuijiao is already logged on
[00:14:35] [Server thread/WARN]: Fetching packet for removed entity class_1542['Air'/284136, l='ServerLevel[world]', x=-86.05, y=7.00, z=280.17]
[00:20:00] [Server thread/INFO]: Player shuijiao is already logged on
[00:30:00] [Server thread/INFO]: Player shuijiao is already logged on
[00:40:00] [Server thread/INFO]: Player shuijiao is already logged on
[00:47:37] [Server thread/WARN]: Fetching packet for removed entity class_1542['Air'/287962, l='ServerLevel[world]', x=-89.95, y=7.00, z=279.98]
[00:50:00] [Server thread/INFO]: Player shuijiao is already logged on
[01:00:00] [Server thread/INFO]: Player shuijiao is already logged on
[01:01:18] [Server thread/WARN]: Fetching packet for removed entity class_1542['Air'/289470, l='ServerLevel[world]', x=-88.57, y=7.00, z=281.95]
[01:10:00] [Server thread/INFO]: Player shuijiao is already logged on
[01:19:36] [Server thread/WARN]: Fetching packet for removed entity class_1542['Air'/291240, l='ServerLevel[world]', x=-85.35, y=7.12, z=279.56]
[01:20:00] [Server thread/INFO]: Player shuijiao is already logged on
[01:22:47] [Server thread/WARN]: Fetching packet for removed entity class_1542['Air'/291628, l='ServerLevel[world]', x=-86.05, y=7.00, z=280.40]
[01:30:00] [Server thread/INFO]: Player shuijiao is already logged on
[01:35:02] [Server thread/WARN]: Fetching packet for removed entity class_1542['Air'/293063, l='ServerLevel[world]', x=-88.02, y=7.00, z=281.95]
[01:40:00] [Server thread/INFO]: Player shuijiao is already logged on
[01:40:00] [Server thread/INFO]: [Textile Backup] Backup started by: Timer on: 2020-10-09_01-40-00
[01:40:00] [Server thread/INFO]: Saving server...
[01:40:00] [Server thread/INFO]: [Textile Backup] Saving server...
[01:40:00] [Server thread/INFO]: ThreadedAnvilChunkStorage (world): All chunks are saved
[01:40:00] [Server thread/INFO]: ThreadedAnvilChunkStorage (DIM-1): All chunks are saved
[01:40:00] [Server thread/INFO]: ThreadedAnvilChunkStorage (DIM1): All chunks are saved
[01:40:00] [pool-3-thread-1/INFO]: Starting backup
[01:40:00] [pool-3-thread-1/INFO]: [Textile Backup] Starting backup
[01:40:00] [pool-3-thread-1/INFO]: Starting compression...
[01:40:04] [pool-3-thread-1/INFO]: Compression took: 04.218 seconds.
[01:40:04] [pool-3-thread-1/INFO]: Deleting: 2020-10-01_10-58-09.zip
[01:40:04] [pool-3-thread-1/INFO]: [Textile Backup] Deleting: 2020-10-01_10-58-09.zip
[01:40:04] [pool-3-thread-1/INFO]: Deleting: 2020-10-01_12-58-09.zip
[01:40:04] [pool-3-thread-1/INFO]: [Textile Backup] Deleting: 2020-10-01_12-58-09.zip
[01:40:04] [pool-3-thread-1/INFO]: Done!
[01:40:04] [pool-3-thread-1/INFO]: [Textile Backup] Done!
[01:50:00] [Server thread/INFO]: Player shuijiao is already logged on
[02:00:00] [Server thread/INFO]: Player shuijiao is already logged on
[02:10:00] [Server thread/INFO]: Player shuijiao is already logged on
[02:13:44] [Server thread/WARN]: Fetching packet for removed entity class_1542['Air'/297156, l='ServerLevel[world]', x=-86.05, y=7.00, z=280.55]
[02:18:19] [Server thread/WARN]: Fetching packet for removed entity class_1542['Air'/297640, l='ServerLevel[world]', x=-88.97, y=7.00, z=281.95]
[02:19:05] [Server thread/WARN]: Fetching packet for removed entity class_1542['Air'/297733, l='ServerLevel[world]', x=-87.84, y=7.00, z=281.95]
[02:20:00] [Server thread/INFO]: Player shuijiao is already logged on
[02:28:28] [Server thread/WARN]: Fetching packet for removed entity class_1542['Air'/298632, l='ServerLevel[world]', x=-88.57, y=7.00, z=281.95]
[02:30:00] [Server thread/INFO]: Player shuijiao is already logged on
[02:35:04] [Server thread/WARN]: Fetching packet for removed entity class_1542['Air'/299339, l='ServerLevel[world]', x=-87.33, y=7.00, z=278.05]
[02:40:00] [Server thread/INFO]: Player shuijiao is already logged on
[02:50:00] [Server thread/INFO]: Player shuijiao is already logged on
[03:00:00] [Server thread/INFO]: Player shuijiao is already logged on
[03:10:00] [Server thread/INFO]: Player shuijiao is already logged on
[03:16:59] [Server thread/WARN]: Fetching packet for removed entity class_1542['Air'/303816, l='ServerLevel[world]', x=-88.11, y=7.00, z=281.95]
[03:20:00] [Server thread/INFO]: Player shuijiao is already logged on
[03:27:03] [Server thread/WARN]: Fetching packet for removed entity class_1542['Air'/305029, l='ServerLevel[world]', x=-86.05, y=7.00, z=280.92]
[03:29:41] [Server thread/WARN]: Fetching packet for removed entity class_1542['Air'/305370, l='ServerLevel[world]', x=-86.05, y=7.00, z=279.64]
[03:30:00] [Server thread/INFO]: Player shuijiao is already logged on
[03:37:59] [Server thread/WARN]: Fetching packet for removed entity class_1542['Air'/306356, l='ServerLevel[world]', x=-88.42, y=7.00, z=281.95]
[03:38:32] [Server thread/WARN]: Fetching packet for removed entity class_1542['Air'/306475, l='ServerLevel[world]', x=-87.86, y=7.00, z=278.05]
[03:40:00] [Server thread/INFO]: Player shuijiao is already logged on
[03:50:00] [Server thread/INFO]: Player shuijiao is already logged on
[04:00:00] [Server thread/INFO]: Player shuijiao is already logged on
[04:10:00] [Server thread/INFO]: Player shuijiao is already logged on
[04:12:30] [Server thread/WARN]: Fetching packet for removed entity class_1542['Air'/309966, l='ServerLevel[world]', x=-88.99, y=7.00, z=278.05]
[04:15:01] [Server thread/WARN]: Fetching packet for removed entity class_1542['Air'/310312, l='ServerLevel[world]', x=-86.05, y=7.00, z=279.18]
[04:16:01] [Server thread/WARN]: Fetching packet for removed entity class_1542['Air'/310470, l='ServerLevel[world]', x=-88.71, y=7.00, z=281.95]
[04:20:00] [Server thread/INFO]: Player shuijiao is already logged on
[04:21:55] [Server thread/WARN]: Fetching packet for removed entity class_1542['Air'/310956, l='ServerLevel[world]', x=-87.67, y=7.00, z=281.95]
[04:30:00] [Server thread/INFO]: Player shuijiao is already logged on
[04:35:46] [Server thread/WARN]: Fetching packet for removed entity class_1542['Air'/312247, l='ServerLevel[world]', x=-85.27, y=7.00, z=282.47]
[04:40:00] [Server thread/INFO]: Player shuijiao is already logged on
[04:42:46] [Server thread/WARN]: Fetching packet for removed entity class_1542['Air'/313053, l='ServerLevel[world]', x=-87.77, y=7.00, z=278.05]
[04:50:00] [Server thread/INFO]: Player shuijiao is already logged on
[04:50:50] [Server thread/WARN]: Fetching packet for removed entity class_1542['Air'/314035, l='ServerLevel[world]', x=-89.95, y=7.00, z=279.01]
[04:53:49] [Server thread/WARN]: Fetching packet for removed entity class_1542['Air'/314364, l='ServerLevel[world]', x=-88.16, y=7.00, z=281.95]
[05:00:00] [Server thread/INFO]: Player shuijiao is already logged on
[05:10:00] [Server thread/INFO]: Player shuijiao is already logged on
[05:19:31] [Server thread/WARN]: Fetching packet for removed entity class_1542['Air'/317075, l='ServerLevel[world]', x=-89.95, y=7.00, z=280.64]
[05:20:00] [Server thread/INFO]: Player shuijiao is already logged on
[05:28:57] [Server thread/WARN]: Fetching packet for removed entity class_1542['Air'/318076, l='ServerLevel[world]', x=-89.95, y=7.00, z=279.93]
[05:29:01] [Server thread/WARN]: Fetching packet for removed entity class_1542['Air'/318082, l='ServerLevel[world]', x=-89.95, y=7.00, z=279.83]
[05:30:00] [Server thread/INFO]: Player shuijiao is already logged on
[05:39:23] [Server thread/WARN]: Fetching packet for removed entity class_1542['Air'/319121, l='ServerLevel[world]', x=-88.54, y=7.00, z=278.05]
[05:40:00] [Server thread/INFO]: Player shuijiao is already logged on
[05:40:00] [Server thread/INFO]: [Textile Backup] Backup started by: Timer on: 2020-10-09_05-40-00
[05:40:00] [Server thread/INFO]: Saving server...
[05:40:00] [Server thread/INFO]: [Textile Backup] Saving server...
[05:40:00] [Server thread/INFO]: ThreadedAnvilChunkStorage (world): All chunks are saved
[05:40:00] [Server thread/INFO]: ThreadedAnvilChunkStorage (DIM-1): All chunks are saved
[05:40:00] [Server thread/INFO]: ThreadedAnvilChunkStorage (DIM1): All chunks are saved
[05:40:00] [pool-3-thread-1/INFO]: Starting backup
[05:40:00] [pool-3-thread-1/INFO]: [Textile Backup] Starting backup
[05:40:00] [pool-3-thread-1/INFO]: Starting compression...
[05:40:03] [pool-3-thread-1/INFO]: Compression took: 03.738 seconds.
[05:40:03] [pool-3-thread-1/INFO]: Deleting: 2020-10-01_15-10-00.zip
[05:40:03] [pool-3-thread-1/INFO]: [Textile Backup] Deleting: 2020-10-01_15-10-00.zip
[05:40:03] [pool-3-thread-1/INFO]: Done!
[05:40:03] [pool-3-thread-1/INFO]: [Textile Backup] Done!
[05:40:32] [Server thread/WARN]: Fetching packet for removed entity class_1542['Air'/319319, l='ServerLevel[world]', x=-87.39, y=7.00, z=278.05]
[05:41:18] [Server thread/WARN]: Fetching packet for removed entity class_1542['Air'/319415, l='ServerLevel[world]', x=-87.20, y=7.12, z=278.05]
[05:41:21] [Server thread/WARN]: Fetching packet for removed entity class_1542['Air'/319416, l='ServerLevel[world]', x=-88.42, y=7.00, z=278.05]
[05:50:00] [Server thread/INFO]: Player shuijiao is already logged on
[06:00:00] [Server thread/INFO]: Player shuijiao is already logged on
[06:09:50] [Server thread/WARN]: Fetching packet for removed entity class_1542['Air'/322339, l='ServerLevel[world]', x=-89.71, y=7.00, z=283.92]
[06:10:00] [Server thread/INFO]: Player shuijiao is already logged on
[06:15:31] [Server thread/WARN]: Fetching packet for removed entity class_1542['Air'/322919, l='ServerLevel[world]', x=-90.56, y=7.00, z=279.37]
[06:20:00] [Server thread/INFO]: Player shuijiao is already logged on
[06:30:00] [Server thread/INFO]: Player shuijiao is already logged on
[06:39:57] [Server thread/WARN]: Fetching packet for removed entity class_1542['Air'/325370, l='ServerLevel[world]', x=-89.95, y=7.00, z=280.24]
[06:40:00] [Server thread/INFO]: Player shuijiao is already logged on
[06:40:01] [Server thread/WARN]: Fetching packet for removed entity class_1542['Air'/325382, l='ServerLevel[world]', x=-89.95, y=7.00, z=280.21]
[06:50:00] [Server thread/INFO]: Player shuijiao is already logged on
[07:00:00] [Server thread/INFO]: Player shuijiao is already logged on
[07:10:00] [Server thread/INFO]: Player shuijiao is already logged on
[07:20:00] [Server thread/INFO]: Player shuijiao is already logged on
[07:24:17] [Server thread/WARN]: Fetching packet for removed entity class_1542['Air'/330048, l='ServerLevel[world]', x=-86.74, y=8.50, z=281.26]
[07:30:00] [Server thread/INFO]: Player shuijiao is already logged on
[07:40:00] [Server thread/INFO]: Player shuijiao is already logged on
[07:45:04] [Server thread/WARN]: Fetching packet for removed entity class_1542['Air'/331954, l='ServerLevel[world]', x=-89.95, y=7.00, z=279.77]
[07:47:21] [Server thread/WARN]: Fetching packet for removed entity class_1542['Air'/332181, l='ServerLevel[world]', x=-86.05, y=7.00, z=280.29]
[07:50:00] [Server thread/INFO]: Player shuijiao is already logged on
[08:00:00] [Server thread/INFO]: Player shuijiao is already logged on
[08:00:43] [Server thread/WARN]: Fetching packet for removed entity class_1542['Air'/333629, l='ServerLevel[world]', x=-86.05, y=7.00, z=279.70]
[08:10:00] [Server thread/INFO]: Player shuijiao is already logged on
[08:16:20] [Server thread/WARN]: Fetching packet for removed entity class_1542['Air'/335228, l='ServerLevel[world]', x=-86.72, y=7.00, z=283.38]
[08:19:51] [Server thread/WARN]: Fetching packet for removed entity class_1542['Air'/335665, l='ServerLevel[world]', x=-87.95, y=7.00, z=278.05]
[08:20:00] [Server thread/INFO]: Player shuijiao is already logged on
[08:22:50] [Server thread/WARN]: Fetching packet for removed entity class_1542['Air'/335983, l='ServerLevel[world]', x=-87.52, y=7.00, z=276.04]
[08:29:01] [Server thread/WARN]: Fetching packet for removed entity class_1542['Air'/336684, l='ServerLevel[world]', x=-86.05, y=7.00, z=280.28]
[08:29:54] [Server thread/WARN]: Fetching packet for removed entity class_1542['Air'/336795, l='ServerLevel[world]', x=-89.95, y=7.00, z=280.02]
[08:29:59] [Server thread/WARN]: Fetching packet for removed entity class_1542['Air'/336811, l='ServerLevel[world]', x=-87.59, y=7.00, z=281.95]
[08:30:00] [Server thread/INFO]: Player shuijiao is already logged on
[08:40:00] [Server thread/INFO]: Player shuijiao is already logged on
[08:42:43] [Server thread/WARN]: Fetching packet for removed entity class_1542['Air'/338106, l='ServerLevel[world]', x=-89.95, y=7.00, z=280.01]
[08:49:08] [Server thread/WARN]: Fetching packet for removed entity class_1542['Air'/338889, l='ServerLevel[world]', x=-86.05, y=7.00, z=279.32]
[08:50:00] [Server thread/INFO]: Player shuijiao is already logged on
[08:53:32] [Server thread/WARN]: Fetching packet for removed entity class_1542['Air'/339369, l='ServerLevel[world]', x=-89.95, y=7.00, z=279.57]
[08:58:02] [Server thread/WARN]: Fetching packet for removed entity class_1542['Air'/339765, l='ServerLevel[world]', x=-86.05, y=7.00, z=280.17]
[09:00:00] [Server thread/INFO]: Player shuijiao is already logged on
[09:08:55] [Server thread/WARN]: Fetching packet for removed entity class_1542['Air'/340830, l='ServerLevel[world]', x=-88.99, y=7.00, z=281.95]
[09:10:00] [Server thread/INFO]: Player shuijiao is already logged on
[09:13:29] [Server thread/WARN]: Fetching packet for removed entity class_1542['Air'/341406, l='ServerLevel[world]', x=-87.15, y=7.00, z=281.95]
[09:20:00] [Server thread/INFO]: Player shuijiao is already logged on
[09:30:00] [Server thread/INFO]: Player shuijiao is already logged on
[09:31:09] [Server thread/WARN]: Fetching packet for removed entity class_1542['Air'/343381, l='ServerLevel[world]', x=-89.95, y=7.00, z=280.24]
[09:32:59] [Server thread/WARN]: Fetching packet for removed entity class_1542['Air'/343614, l='ServerLevel[world]', x=-86.05, y=7.00, z=280.04]
[09:36:54] [Server thread/WARN]: Fetching packet for removed entity class_1542['Air'/344040, l='ServerLevel[world]', x=-88.13, y=7.00, z=278.05]
[09:38:15] [Server thread/WARN]: Fetching packet for removed entity class_1542['Air'/344153, l='ServerLevel[world]', x=-87.57, y=7.00, z=281.95]
[09:40:00] [Server thread/INFO]: Player shuijiao is already logged on
[09:40:00] [Server thread/INFO]: [Textile Backup] Backup started by: Timer on: 2020-10-09_09-40-00
[09:40:00] [Server thread/INFO]: Saving server...
[09:40:00] [Server thread/INFO]: [Textile Backup] Saving server...
[09:40:00] [Server thread/INFO]: ThreadedAnvilChunkStorage (world): All chunks are saved
[09:40:00] [Server thread/INFO]: ThreadedAnvilChunkStorage (DIM-1): All chunks are saved
[09:40:00] [Server thread/INFO]: ThreadedAnvilChunkStorage (DIM1): All chunks are saved
[09:40:00] [pool-3-thread-1/INFO]: Starting backup
[09:40:00] [pool-3-thread-1/INFO]: [Textile Backup] Starting backup
[09:40:00] [pool-3-thread-1/INFO]: Starting compression...
[09:40:04] [pool-3-thread-1/INFO]: Compression took: 04.168 seconds.
[09:40:04] [pool-3-thread-1/INFO]: Deleting: 2020-10-01_17-10-01.zip
[09:40:04] [pool-3-thread-1/INFO]: [Textile Backup] Deleting: 2020-10-01_17-10-01.zip
[09:40:04] [pool-3-thread-1/INFO]: Deleting: 2020-10-01_19-10-01.zip
[09:40:04] [pool-3-thread-1/INFO]: [Textile Backup] Deleting: 2020-10-01_19-10-01.zip
[09:40:04] [pool-3-thread-1/INFO]: Done!
[09:40:04] [pool-3-thread-1/INFO]: [Textile Backup] Done!
[09:46:37] [Server thread/WARN]: Fetching packet for removed entity class_1542['Air'/345044, l='ServerLevel[world]', x=-86.05, y=7.00, z=280.29]
[09:50:00] [Server thread/INFO]: Player shuijiao is already logged on
[09:52:05] [Server thread/WARN]: Fetching packet for removed entity class_1542['Air'/345649, l='ServerLevel[world]', x=-86.05, y=7.00, z=279.92]
[10:00:00] [Server thread/INFO]: Player shuijiao is already logged on
[10:00:24] [Server thread/WARN]: Fetching packet for removed entity class_1542['Air'/346869, l='ServerLevel[world]', x=-86.05, y=7.00, z=279.88]
[10:10:00] [Server thread/INFO]: Player shuijiao is already logged on
[10:15:32] [Server thread/WARN]: Fetching packet for removed entity class_1542['Air'/348363, l='ServerLevel[world]', x=-86.05, y=7.00, z=279.22]
[10:16:44] [Server thread/WARN]: Fetching packet for removed entity class_1542['Air'/348505, l='ServerLevel[world]', x=-89.95, y=7.00, z=280.00]
[10:20:00] [Server thread/INFO]: Player shuijiao is already logged on
[10:26:27] [Server thread/WARN]: Fetching packet for removed entity class_1542['Air'/349599, l='ServerLevel[world]', x=-88.35, y=7.00, z=278.05]
[10:30:00] [Server thread/INFO]: Player shuijiao is already logged on
[10:39:07] [Server thread/WARN]: Fetching packet for removed entity class_1542['Air'/350816, l='ServerLevel[world]', x=-86.05, y=7.00, z=280.89]
[10:40:00] [Server thread/INFO]: Player shuijiao is already logged on
[10:50:00] [Server thread/INFO]: Player shuijiao is already logged on
[10:56:15] [Server thread/WARN]: Fetching packet for removed entity class_1542['Air'/352671, l='ServerLevel[world]', x=-89.95, y=7.00, z=280.14]
[10:57:19] [Server thread/WARN]: Fetching packet for removed entity class_1542['Air'/352825, l='ServerLevel[world]', x=-87.96, y=7.00, z=278.05]
[11:00:00] [Server thread/INFO]: Player shuijiao is already logged on
[11:01:18] [Server thread/WARN]: Fetching packet for removed entity class_1542['Air'/353327, l='ServerLevel[world]', x=-89.95, y=7.00, z=280.99]
[11:09:03] [Server thread/WARN]: Fetching packet for removed entity class_1542['Air'/354125, l='ServerLevel[world]', x=-87.34, y=7.00, z=278.05]
[11:10:00] [Server thread/INFO]: Player shuijiao is already logged on
[11:11:11] [Server thread/WARN]: Fetching packet for removed entity class_1542['Air'/354419, l='ServerLevel[world]', x=-87.65, y=7.00, z=278.05]
[11:20:00] [Server thread/INFO]: Player shuijiao is already logged on
[11:30:00] [Server thread/INFO]: Player shuijiao is already logged on
[11:30:16] [Server thread/WARN]: Fetching packet for removed entity class_1542['Air'/356760, l='ServerLevel[world]', x=-86.05, y=7.00, z=279.01]
[11:40:00] [Server thread/INFO]: Player shuijiao is already logged on
[11:44:24] [Server thread/WARN]: Fetching packet for removed entity class_1542['Air'/358473, l='ServerLevel[world]', x=-87.94, y=7.00, z=278.05]
[11:46:05] [Server thread/WARN]: Fetching packet for removed entity class_1542['Air'/358660, l='ServerLevel[world]', x=-89.95, y=7.00, z=280.42]
[11:48:04] [Server thread/WARN]: Fetching packet for removed entity class_1542['Air'/358936, l='ServerLevel[world]', x=-86.05, y=7.00, z=279.42]
[11:50:00] [Server thread/INFO]: Player shuijiao is already logged on
[11:51:49] [Server thread/WARN]: Fetching packet for removed entity class_1542['Air'/359315, l='ServerLevel[world]', x=-87.95, y=7.00, z=281.95]
[12:00:00] [Server thread/INFO]: Player shuijiao is already logged on
[12:10:00] [Server thread/INFO]: Player shuijiao is already logged on
[12:20:00] [Server thread/INFO]: Player shuijiao is already logged on
[12:20:09] [Server thread/WARN]: Fetching packet for removed entity class_1542['Air'/362759, l='ServerLevel[world]', x=-86.05, y=7.00, z=280.25]
[12:20:23] [Server thread/WARN]: Fetching packet for removed entity class_1542['Air'/362791, l='ServerLevel[world]', x=-86.05, y=7.00, z=280.04]
[12:24:05] [Server thread/WARN]: Fetching packet for removed entity class_1542['Air'/363065, l='ServerLevel[world]', x=-87.73, y=7.00, z=276.61]
[12:30:00] [Server thread/INFO]: Player shuijiao is already logged on
[12:36:02] [Server thread/WARN]: Fetching packet for removed entity class_1542['Air'/364426, l='ServerLevel[world]', x=-88.44, y=7.00, z=281.95]
[12:40:00] [Server thread/INFO]: Player shuijiao is already logged on
[12:42:02] [Server thread/WARN]: Fetching packet for removed entity class_1542['Air'/365125, l='ServerLevel[world]', x=-89.95, y=7.00, z=280.20]
[12:50:00] [Server thread/INFO]: Player shuijiao is already logged on
[12:51:53] [Server thread/WARN]: Fetching packet for removed entity class_1542['Air'/366303, l='ServerLevel[world]', x=-87.76, y=7.00, z=278.05]
[12:57:31] [Server thread/WARN]: Fetching packet for removed entity class_1542['Air'/366987, l='ServerLevel[world]', x=-86.05, y=7.00, z=279.39]
[13:00:00] [Server thread/INFO]: Player shuijiao is already logged on
[13:10:00] [Server thread/INFO]: Player shuijiao is already logged on
[13:16:11] [Server thread/WARN]: Fetching packet for removed entity class_1542['Air'/368742, l='ServerLevel[world]', x=-86.05, y=7.00, z=279.93]
[13:20:00] [Server thread/INFO]: Player shuijiao is already logged on
[13:22:18] [Server thread/WARN]: Fetching packet for removed entity class_1542['Air'/369247, l='ServerLevel[world]', x=-92.00, y=7.00, z=280.82]
[13:30:00] [Server thread/INFO]: Player shuijiao is already logged on
[13:40:00] [Server thread/INFO]: Player shuijiao is already logged on
[13:40:00] [Server thread/INFO]: [Textile Backup] Backup started by: Timer on: 2020-10-09_13-40-00
[13:40:00] [Server thread/INFO]: Saving server...
[13:40:00] [Server thread/INFO]: [Textile Backup] Saving server...
[13:40:00] [Server thread/INFO]: ThreadedAnvilChunkStorage (world): All chunks are saved
[13:40:00] [Server thread/INFO]: ThreadedAnvilChunkStorage (DIM-1): All chunks are saved
[13:40:00] [Server thread/INFO]: ThreadedAnvilChunkStorage (DIM1): All chunks are saved
[13:40:00] [pool-3-thread-1/INFO]: Starting backup
[13:40:00] [pool-3-thread-1/INFO]: [Textile Backup] Starting backup
[13:40:00] [pool-3-thread-1/INFO]: Starting compression...
[13:40:04] [pool-3-thread-1/INFO]: Compression took: 04.094 seconds.
[13:40:04] [pool-3-thread-1/INFO]: Deleting: 2020-10-01_21-10-01.zip
[13:40:04] [pool-3-thread-1/INFO]: [Textile Backup] Deleting: 2020-10-01_21-10-01.zip
[13:40:04] [pool-3-thread-1/INFO]: Done!
[13:40:04] [pool-3-thread-1/INFO]: [Textile Backup] Done!
[13:50:00] [Server thread/INFO]: Player shuijiao is already logged on
[13:54:51] [Server thread/WARN]: Fetching packet for removed entity class_1542['Air'/372739, l='ServerLevel[world]', x=-89.95, y=7.00, z=280.35]
[13:57:59] [Server thread/WARN]: Fetching packet for removed entity class_1542['Air'/373152, l='ServerLevel[world]', x=-89.95, y=7.00, z=280.13]
[14:00:00] [Server thread/INFO]: Player shuijiao is already logged on
[14:10:00] [Server thread/INFO]: Player shuijiao is already logged on
[14:19:44] [Server thread/WARN]: Fetching packet for removed entity class_1542['Air'/375634, l='ServerLevel[world]', x=-87.65, y=7.12, z=278.05]
[14:20:00] [Server thread/INFO]: Player shuijiao is already logged on
[14:22:08] [Server thread/WARN]: Fetching packet for removed entity class_1542['Air'/375883, l='ServerLevel[world]', x=-86.05, y=7.00, z=279.50]
[14:30:00] [Server thread/INFO]: Player shuijiao is already logged on
[14:40:00] [Server thread/INFO]: Player shuijiao is already logged on
[14:41:28] [Server thread/WARN]: Fetching packet for removed entity class_1542['Air'/378063, l='ServerLevel[world]', x=-87.89, y=7.00, z=281.95]
[14:50:00] [Server thread/INFO]: Player shuijiao is already logged on
[14:52:35] [Server thread/WARN]: Fetching packet for removed entity class_1542['Air'/379323, l='ServerLevel[world]', x=-89.96, y=7.00, z=280.10]
[15:00:00] [Server thread/INFO]: Player shuijiao is already logged on
[15:10:00] [Server thread/INFO]: Player shuijiao is already logged on
[15:20:00] [Server thread/INFO]: Player shuijiao is already logged on
[15:30:00] [Server thread/INFO]: Player shuijiao is already logged on
[15:40:00] [Server thread/INFO]: Player shuijiao is already logged on
[15:45:17] [Server thread/WARN]: Fetching packet for removed entity class_1542['Air'/385159, l='ServerLevel[world]', x=-89.95, y=7.00, z=279.74]
[15:46:09] [Server thread/WARN]: Fetching packet for removed entity class_1542['Air'/385241, l='ServerLevel[world]', x=-88.12, y=7.00, z=281.95]
[15:50:00] [Server thread/INFO]: Player shuijiao is already logged on
[15:57:41] [Server thread/WARN]: Fetching packet for removed entity class_1542['Air'/386606, l='ServerLevel[world]', x=-88.11, y=7.00, z=281.95]
[16:00:00] [Server thread/INFO]: Player shuijiao is already logged on
[16:10:00] [Server thread/INFO]: Player shuijiao is already logged on
[16:10:04] [Server thread/WARN]: Fetching packet for removed entity class_1542['Air'/387933, l='ServerLevel[world]', x=-86.05, y=7.00, z=279.74]
[16:20:00] [Server thread/INFO]: Player shuijiao is already logged on
[16:26:34] [Server thread/WARN]: Fetching packet for removed entity class_1542['Air'/389840, l='ServerLevel[world]', x=-86.05, y=7.00, z=280.31]
[16:27:24] [Server thread/WARN]: Fetching packet for removed entity class_1542['Air'/389909, l='ServerLevel[world]', x=-86.05, y=7.00, z=280.09]
[16:30:00] [Server thread/INFO]: Player shuijiao is already logged on
[16:36:32] [Server thread/WARN]: Fetching packet for removed entity class_1542['Air'/390897, l='ServerLevel[world]', x=-86.05, y=7.12, z=280.23]
[16:40:00] [Server thread/INFO]: Player shuijiao is already logged on
[16:43:40] [Server thread/WARN]: Fetching packet for removed entity class_1542['Air'/391712, l='ServerLevel[world]', x=-86.05, y=7.00, z=279.93]
[16:50:00] [Server thread/INFO]: Player shuijiao is already logged on
[17:00:00] [Server thread/INFO]: Player shuijiao is already logged on
[17:04:58] [Server thread/WARN]: Fetching packet for removed entity class_1542['Air'/393845, l='ServerLevel[world]', x=-87.68, y=7.00, z=281.95]
[17:05:00] [Server thread/WARN]: Fetching packet for removed entity class_1542['Air'/393850, l='ServerLevel[world]', x=-88.24, y=7.00, z=281.95]
[17:10:00] [Server thread/INFO]: Player shuijiao is already logged on
[17:13:17] [Server thread/WARN]: Fetching packet for removed entity class_1542['Air'/394865, l='ServerLevel[world]', x=-87.15, y=7.04, z=277.80]
[17:20:00] [Server thread/INFO]: Player shuijiao is already logged on
[17:30:00] [Server thread/INFO]: Player shuijiao is already logged on
[17:34:29] [Server thread/WARN]: Fetching packet for removed entity class_1542['Air'/396850, l='ServerLevel[world]', x=-88.05, y=7.00, z=281.95]
[17:40:00] [Server thread/INFO]: Player shuijiao is already logged on
[17:40:00] [Server thread/INFO]: [Textile Backup] Backup started by: Timer on: 2020-10-09_17-40-00
[17:40:00] [Server thread/INFO]: Saving server...
[17:40:00] [Server thread/INFO]: [Textile Backup] Saving server...
[17:40:00] [Server thread/INFO]: ThreadedAnvilChunkStorage (world): All chunks are saved
[17:40:00] [Server thread/INFO]: ThreadedAnvilChunkStorage (DIM-1): All chunks are saved
[17:40:00] [Server thread/INFO]: ThreadedAnvilChunkStorage (DIM1): All chunks are saved
[17:40:00] [pool-3-thread-1/INFO]: Starting backup
[17:40:00] [pool-3-thread-1/INFO]: [Textile Backup] Starting backup
[17:40:00] [pool-3-thread-1/INFO]: Starting compression...
[17:40:03] [pool-3-thread-1/INFO]: Compression took: 03.098 seconds.
[17:40:03] [pool-3-thread-1/INFO]: Deleting: 2020-10-01_22-39-17.zip
[17:40:03] [pool-3-thread-1/INFO]: [Textile Backup] Deleting: 2020-10-01_22-39-17.zip
[17:40:03] [pool-3-thread-1/INFO]: Done!
[17:40:03] [pool-3-thread-1/INFO]: [Textile Backup] Done!
[17:50:00] [Server thread/INFO]: Player shuijiao is already logged on
[17:55:36] [Server thread/WARN]: Fetching packet for removed entity class_1542['Air'/399184, l='ServerLevel[world]', x=-89.29, y=7.00, z=276.57]
[17:55:40] [Server thread/WARN]: Fetching packet for removed entity class_1542['Air'/399188, l='ServerLevel[world]', x=-89.43, y=7.00, z=276.57]
[18:00:00] [Server thread/INFO]: Player shuijiao is already logged on
[18:00:33] [Server thread/WARN]: Fetching packet for removed entity class_1542['Air'/399804, l='ServerLevel[world]', x=-86.05, y=7.00, z=280.00]
[18:08:30] [Server thread/WARN]: Fetching packet for removed entity class_1542['Air'/400517, l='ServerLevel[world]', x=-86.05, y=7.00, z=279.91]
[18:10:00] [Server thread/INFO]: Player shuijiao is already logged on
[18:20:00] [Server thread/INFO]: Player shuijiao is already logged on
[18:27:17] [Server thread/WARN]: Fetching packet for removed entity class_1542['Air'/402502, l='ServerLevel[world]', x=-86.05, y=7.00, z=280.46]
[18:30:00] [Server thread/INFO]: Player shuijiao is already logged on
[18:40:00] [Server thread/INFO]: Player shuijiao is already logged on
[18:45:30] [Server thread/WARN]: Fetching packet for removed entity class_1542['Air'/404244, l='ServerLevel[world]', x=-86.05, y=7.00, z=280.63]
[18:45:37] [Server thread/WARN]: Fetching packet for removed entity class_1542['Air'/404277, l='ServerLevel[world]', x=-86.05, y=7.00, z=279.01]
[18:50:00] [Server thread/INFO]: Player shuijiao is already logged on
[18:54:31] [Server thread/WARN]: Fetching packet for removed entity class_1542['Air'/405224, l='ServerLevel[world]', x=-86.05, y=7.00, z=280.61]
[19:00:00] [Server thread/INFO]: Player shuijiao is already logged on
[19:10:00] [Server thread/INFO]: Player shuijiao is already logged on
[19:17:10] [Server thread/WARN]: Fetching packet for removed entity class_1542['Air'/407597, l='ServerLevel[world]', x=-88.41, y=7.00, z=281.95]
[19:20:00] [Server thread/INFO]: Player shuijiao is already logged on
[19:30:00] [Server thread/INFO]: Player shuijiao is already logged on
[19:40:00] [Server thread/INFO]: Player shuijiao is already logged on
[19:50:00] [Server thread/INFO]: Player shuijiao is already logged on
[19:50:54] [Server thread/WARN]: Fetching packet for removed entity class_1542['Air'/411218, l='ServerLevel[world]', x=-86.05, y=7.00, z=280.14]
[19:50:57] [Server thread/WARN]: Fetching packet for removed entity class_1542['Air'/411230, l='ServerLevel[world]', x=-88.41, y=7.00, z=281.95]
[19:56:12] [Server thread/WARN]: Fetching packet for removed entity class_1542['Air'/411956, l='ServerLevel[world]', x=-87.58, y=7.00, z=281.95]
[20:00:00] [Server thread/INFO]: Player shuijiao is already logged on
[20:06:26] [Server thread/WARN]: Fetching packet for removed entity class_1542['Air'/413029, l='ServerLevel[world]', x=-86.05, y=7.00, z=280.06]
[20:10:00] [Server thread/INFO]: Player shuijiao is already logged on
[20:11:14] [Server thread/WARN]: Fetching packet for removed entity class_1542['Air'/413600, l='ServerLevel[world]', x=-87.63, y=7.00, z=281.95]
[20:11:20] [Server thread/WARN]: Fetching packet for removed entity class_1542['Air'/413617, l='ServerLevel[world]', x=-87.13, y=7.00, z=281.95]
[20:18:55] [Server thread/WARN]: Fetching packet for removed entity class_1542['Air'/414443, l='ServerLevel[world]', x=-88.43, y=7.00, z=281.95]
[20:20:00] [Server thread/INFO]: Player shuijiao is already logged on
[20:30:00] [Server thread/INFO]: Player shuijiao is already logged on
[20:35:23] [Server thread/WARN]: Fetching packet for removed entity class_1542['Air'/416200, l='ServerLevel[world]', x=-86.05, y=7.00, z=280.00]
[20:40:00] [Server thread/INFO]: Player shuijiao is already logged on
[20:42:45] [Server thread/WARN]: Fetching packet for removed entity class_1542['Air'/416919, l='ServerLevel[world]', x=-86.05, y=7.00, z=279.74]
[20:46:32] [Server thread/WARN]: Fetching packet for removed entity class_1542['Air'/417648, l='ServerLevel[world]', x=-86.05, y=7.00, z=280.18]
[20:46:37] [Server thread/WARN]: Fetching packet for removed entity class_1542['Air'/417700, l='ServerLevel[world]', x=-88.37, y=7.00, z=278.05]
[20:50:00] [Server thread/INFO]: Player shuijiao is already logged on
[21:00:00] [Server thread/INFO]: Player shuijiao is already logged on
[21:05:00] [Server thread/WARN]: Fetching packet for removed entity class_1542['Air'/419697, l='ServerLevel[world]', x=-87.01, y=7.00, z=281.95]
[21:10:00] [Server thread/INFO]: Player shuijiao is already logged on
[21:20:00] [Server thread/INFO]: Player shuijiao is already logged on
[21:23:40] [Server thread/WARN]: Fetching packet for removed entity class_1542['Air'/421823, l='ServerLevel[world]', x=-91.95, y=7.00, z=278.53]
[21:30:00] [Server thread/INFO]: Player shuijiao is already logged on
[21:37:09] [Server thread/WARN]: Fetching packet for removed entity class_1542['Air'/423271, l='ServerLevel[world]', x=-84.57, y=7.00, z=279.78]
[21:40:00] [Server thread/INFO]: Player shuijiao is already logged on
[21:40:00] [Server thread/INFO]: [Textile Backup] Backup started by: Timer on: 2020-10-09_21-40-00
[21:40:00] [Server thread/INFO]: Saving server...
[21:40:00] [Server thread/INFO]: [Textile Backup] Saving server...
[21:40:00] [Server thread/INFO]: ThreadedAnvilChunkStorage (world): All chunks are saved
[21:40:00] [Server thread/INFO]: ThreadedAnvilChunkStorage (DIM-1): All chunks are saved
[21:40:00] [Server thread/INFO]: ThreadedAnvilChunkStorage (DIM1): All chunks are saved
[21:40:00] [pool-3-thread-1/INFO]: Starting backup
[21:40:00] [pool-3-thread-1/INFO]: [Textile Backup] Starting backup
[21:40:00] [pool-3-thread-1/INFO]: Starting compression...
[21:40:03] [pool-3-thread-1/INFO]: Compression took: 03.155 seconds.
[21:40:03] [pool-3-thread-1/INFO]: Deleting: 2020-10-01_23-10-00.zip
[21:40:03] [pool-3-thread-1/INFO]: [Textile Backup] Deleting: 2020-10-01_23-10-00.zip
[21:40:03] [pool-3-thread-1/INFO]: Deleting: 2020-10-02_01-10-00.zip
[21:40:03] [pool-3-thread-1/INFO]: [Textile Backup] Deleting: 2020-10-02_01-10-00.zip
[21:40:03] [pool-3-thread-1/INFO]: Done!
[21:40:03] [pool-3-thread-1/INFO]: [Textile Backup] Done!
[21:50:00] [Server thread/INFO]: Player shuijiao is already logged on
[21:50:29] [Server thread/WARN]: Fetching packet for removed entity class_1542['Air'/424536, l='ServerLevel[world]', x=-89.95, y=7.00, z=280.04]
[22:00:00] [Server thread/INFO]: Player shuijiao is already logged on
[22:00:04] [Server thread/WARN]: Fetching packet for removed entity class_1542['Air'/425514, l='ServerLevel[world]', x=-88.14, y=7.00, z=281.95]
[22:00:53] [Server thread/WARN]: Fetching packet for removed entity class_1542['Air'/425617, l='ServerLevel[world]', x=-89.95, y=7.00, z=280.10]
[22:10:00] [Server thread/INFO]: Player shuijiao is already logged on
[22:20:00] [Server thread/INFO]: Player shuijiao is already logged on
[22:30:00] [Server thread/INFO]: Player shuijiao is already logged on
[22:30:30] [Server thread/WARN]: Fetching packet for removed entity class_1542['Air'/429022, l='ServerLevel[world]', x=-86.05, y=7.00, z=279.01]
[22:33:41] [Server thread/WARN]: Fetching packet for removed entity class_1542['Air'/429443, l='ServerLevel[world]', x=-88.30, y=7.12, z=282.46]
[22:36:30] [Server thread/WARN]: Fetching packet for removed entity class_1542['Air'/429738, l='ServerLevel[world]', x=-86.05, y=7.00, z=279.87]
[22:40:00] [Server thread/INFO]: Player shuijiao is already logged on
[22:50:00] [Server thread/INFO]: Player shuijiao is already logged on
[22:54:20] [Server thread/WARN]: Fetching packet for removed entity class_1542['Air'/431219, l='ServerLevel[world]', x=-86.05, y=7.00, z=279.99]
[23:00:00] [Server thread/INFO]: Player shuijiao is already logged on
[23:06:56] [Server thread/WARN]: Fetching packet for removed entity class_1542['Air'/432435, l='ServerLevel[world]', x=-88.14, y=7.00, z=281.95]
[23:10:00] [Server thread/INFO]: Player shuijiao is already logged on
[23:20:00] [Server thread/INFO]: Player shuijiao is already logged on
[23:21:50] [Server thread/WARN]: Fetching packet for removed entity class_1542['Air'/434036, l='ServerLevel[world]', x=-89.95, y=7.00, z=279.51]
[23:30:00] [Server thread/INFO]: Player shuijiao is already logged on
[23:33:15] [Server thread/WARN]: Fetching packet for removed entity class_1542['Air'/435274, l='ServerLevel[world]', x=-88.09, y=7.00, z=281.95]
[23:36:19] [Server thread/WARN]: Fetching packet for removed entity class_1542['Air'/435565, l='ServerLevel[world]', x=-86.05, y=7.00, z=279.75]
[23:36:29] [Server thread/WARN]: Fetching packet for removed entity class_1542['Air'/435575, l='ServerLevel[world]', x=-88.63, y=7.00, z=278.05]
[23:40:00] [Server thread/INFO]: Player shuijiao is already logged on
[23:50:00] [Server thread/INFO]: Player shuijiao is already logged on
