[15:23:42] [main/INFO]: Loading for game Minecraft 1.16.1
[15:23:47] [main/INFO]: [FabricLoader] Loading 44 mods: minecraft@1.16.1, fabric-networking-blockentity-v0@0.2.5+b50ffc7b7c, fabric-renderer-api-v1@0.2.13+eae12eb87c, fabric-screen-handler-api-v1@1.0.1+f362c86e7c, here@0.0.8-mc1.16, fabric-keybindings-v0@0.2.0+3fa9f7c57c, fabric-command-api-v1@1.0.8+5ce533987c, fabricloader@0.8.8+build.202, phosphor@0.6.0+build.7, fabric-tool-attribute-api-v1@1.1.4+5794386e7c, bbor@2.3-1.16.1, fabric-renderer-indigo@0.3.1+059ea8667c, fabric-containers-v0@0.1.8+045df74f7c, lithium@0.5.0, fabric-dimensions-v1@1.0.0+a71b30537c, fabric-object-builder-api-v1@1.5.5+e00ecb5f7c, fabric-biomes-v1@0.2.7+059ea8667c, fabric-events-interaction-v0@0.3.3+7066030f7c, fabric-crash-report-info-v1@0.1.2+b7f9825d7c, fabric-api-base@0.1.3+12a8474c7c, fabric-rendering-v0@1.1.0+534104907c, fabric-key-binding-api-v1@1.0.0+e16a97747c, fabric-rendering-v1@1.1.2+346247d77c, fabric-rendering-data-attachment-v1@0.1.3+b7f9825d7c, fabric-resource-loader-v0@0.2.5+059ea8667c, fabric-textures-v0@1.0.4+eae12eb87c, fabric-content-registries-v0@0.1.9+059ea8667c, fabric-tag-extensions-v0@0.2.5+5a6e8f4c7c, fabric-rendering-fluids-v1@0.1.7+12a8474c7c, fabric-commands-v0@0.2.0+52d308367c, fabric-registry-sync-v0@0.3.8+7dba2d6c7c, fabric-blockrenderlayer-v1@1.1.4+c6a8ea897c, fabric-mining-levels-v0@0.1.2+b764ce997c, fabric-renderer-registries-v1@2.0.1+5a0f9a607c, carpet-extra@1.4.0, fabric-events-lifecycle-v0@0.1.3+0d474ec47c, fabric-loot-tables-v1@0.1.10+059ea8667c, fabric@0.13.1+build.370-1.16, carpet@1.4.0, fabric-item-groups-v0@0.2.0+438f96367c, fabric-models-v0@0.1.0+dfdb52d67c, fabric-particles-v1@0.2.1+0a6f2a707c, fabric-networking-v0@0.1.10+e00ecb5f7c, fabric-object-builders-v0@0.6.0+da175ad67c
[15:23:47] [main/INFO]: SpongePowered MIXIN Subsystem Version=0.8 Source=file:/C:/Server/skimit_mirror/fabric-server-launch.jar Service=Knot/Fabric Env=SERVER
[15:24:01] [main/WARN]: @Mixin target net/minecraft/class_3898$class_3208 is public in fabric-networking-v0.mixins.json:MixinEntityTracker and should be specified in value
[15:24:04] [main/WARN]: @Mixin target net[15:24:45] [main/INFO]: Environment: authHost='https://authserver.mojang.com', accountsHost='https://api.mojang.com', sessionHost='https://sessionserver.mojang.com', name='PROD'
[15:24:58] [main/WARN]: Ambiguity between arguments [teleport, destination] and [teleport, targets] with inputs: [Player, 0123, @e, dd12be42-52a9-4a91-a8a1-11c01849e498]
[15:24:58] [main/WARN]: Ambiguity between arguments [teleport, location] and [teleport, destination] with inputs: [0.1 -0.5 .9, 0 0 0]
[15:24:59] [main/WARN]: Ambiguity between arguments [teleport, location] and [teleport, targets] with inputs: [0.1 -0.5 .9, 0 0 0]
[15:24:59] [main/WARN]: Ambiguity between arguments [teleport, targets] and [teleport, destination] with inputs: [Player, 0123, dd12be42-52a9-4a91-a8a1-11c01849e498]
[15:24:59] [main/WARN]: Ambiguity between arguments [teleport, targets, location] and [teleport, targets, destination] with inputs: [0.1 -0.5 .9, 0 0 0]
[15:25:04] [main/INFO]: Reloading ResourceManager: Default, bukkit, Fabric Tool Attribute API (v1), FZ.sDatapack-1.5.0-SNAPSHOT-dev.20200411.0751.zip
[15:25:13] [Worker-Main-2/INFO]: Loaded 7 recipes
[15:25:14] [Worker-Main-2/INFO]: Loaded 927 advancements
[15:25:20] [main/WARN]: [fabric-registry-sync] Could not find the following registries: minecraft:biome_source_type, minecraft:dimension_type, minecraft:chunk_generator_type
[15:25:20] [main/INFO]: [fabric-registry-sync] Loaded registry data [file 1/4]
[15:25:23] [Server thread/INFO]: Starting minecraft server version 1.16.1
[15:25:23] [Server thread/INFO]: Loading properties
[15:25:23] [Server thread/INFO]: Default game type: SURVIVAL
[15:25:23] [Server thread/INFO]: Generating keypair
[15:25:24] [Server thread/INFO]: Starting Minecraft server on *:26565
[15:25:24] [Server thread/INFO]: Using default channel type
[15:25:29] [Server thread/WARN]: **** SERVER IS RUNNING IN OFFLINE/INSECURE MODE!
[15:25:29] [Server thread/WARN]: The server will make no attempt to authenticate usernames. Beware.
[15:25:29] [Server thread/WARN]: While this makes the game possible to play without internet access, it also opens up the ability for hackers to connect with any username they choose.
[15:25:29] [Server thread/WARN]: To change this, set "online-mode" to "true" in the server.properties file.
[15:25:33] [Server thread/INFO]: Preparing level "world"
[15:25:35] [Server thread/INFO]: [CM]: loaded setting commandDraw as false from carpet.conf
[15:25:35] [Server thread/INFO]: [CM]: loaded setting rotatorBlock as true from carpet.conf
[15:25:35] [Server thread/INFO]: [CM]: loaded setting combineXPOrbs as true from carpet.conf
[15:25:35] [Server thread/INFO]: [CM]: loaded setting onePlayerSleeping as true from carpet.conf
[15:25:35] [Server thread/INFO]: [CM]: loaded setting portalSuffocationFix as true from carpet.conf
[15:25:35] [Server thread/INFO]: [CM]: loaded setting leadFix as true from carpet.conf
[15:25:35] [Server thread/INFO]: [CM]: loaded setting antiCheatDisabled as true from carpet.conf
[15:25:35] [Server thread/INFO]: [CM]: loaded setting defaultLoggers as tps,mobcaps from carpet.conf
[15:25:35] [Server thread/INFO]: [CM]: loaded setting unloadedEntityFix as true from carpet.conf
[15:25:35] [Server thread/INFO]: [CM]: loaded setting ctrlQCraftingFix as true from carpet.conf
[15:25:36] [Server thread/INFO]: [CM]: loaded setting language as zh_cn from carpet.conf
[15:25:36] [Server thread/INFO]: [CM]: loaded setting commandTick as false from carpet.conf
[15:25:42] [Server thread/INFO]: create world dimension: minecraft:overworld (seed: 20190827)
[15:25:42] [Server thread/INFO]: create world dimension: minecraft:the_nether (seed: 20190827)
[15:25:42] [Server thread/INFO]: create world dimension: minecraft:the_end (seed: 20190827)
[15:25:42] [Server thread/INFO]: Preparing start region for dimension minecraft:overworld
[15:26:06] [Server thread/INFO]: Preparing spawn area: 0%
[15:26:06] [Server thread/INFO]: Preparing spawn area: 0%
[15:26:06] [Server thread/INFO]: Preparing spawn area: 0%
[15:26:06] [Server thread/INFO]: Preparing spawn area: 0%
[15:26:06] [Server thread/INFO]: Preparing spawn area: 0%
[15:26:06] [Server thread/INFO]: Preparing spawn area: 0%
[15:26:06] [Server thread/INFO]: Preparing spawn area: 0%
[15:26:06] [Server thread/INFO]: Preparing spawn area: 0%
[15:26:06] [Server thread/INFO]: Preparing spawn area: 0%
[15:26:06] [Server thread/INFO]: Preparing spawn area: 0%
[15:26:06] [Server thread/INFO]: Preparing spawn area: 0%
[15:26:06] [Server thread/INFO]: Preparing spawn area: 0%
[15:26:06] [Server thread/INFO]: Preparing spawn area: 0%
[15:26:06] [Server thread/INFO]: Preparing spawn area: 0%
[15:26:06] [Server thread/INFO]: Preparing spawn area: 0%
[15:26:06] [Server thread/INFO]: Preparing spawn area: 0%
[15:26:06] [Server thread/INFO]: Preparing spawn area: 0%
[15:26:06] [Server thread/INFO]: Preparing spawn area: 0%
[15:26:06] [Server thread/INFO]: Preparing spawn area: 0%
[15:26:06] [Server thread/INFO]: Preparing spawn area: 0%
[15:26:06] [Server thread/INFO]: Preparing spawn area: 0%
[15:26:06] [Server thread/INFO]: Preparing spawn area: 0%
[15:26:06] [Server thread/INFO]: Preparing spawn area: 0%
[15:26:06] [Server thread/INFO]: Preparing spawn area: 0%
[15:26:06] [Server thread/INFO]: Preparing spawn area: 0%
[15:26:06] [Server thread/INFO]: Preparing spawn area: 0%
[15:26:06] [Server thread/INFO]: Preparing spawn area: 0%
[15:26:06] [Server thread/INFO]: Preparing spawn area: 0%
[15:26:06] [Server thread/INFO]: Preparing spawn area: 0%
[15:26:06] [Server thread/INFO]: Preparing spawn area: 0%
[15:26:06] [Server thread/INFO]: Preparing spawn area: 0%
[15:26:06] [Server thread/INFO]: Preparing spawn area: 0%
[15:26:06] [Server thread/INFO]: Preparing spawn area: 0%
[15:26:06] [Server thread/INFO]: Preparing spawn area: 0%
[15:26:06] [Server thread/INFO]: Preparing spawn area: 0%
[15:26:06] [Server thread/INFO]: Preparing spawn area: 0%
[15:26:06] [Server thread/INFO]: Preparing spawn area: 0%
[15:26:06] [Server thread/INFO]: Preparing spawn area: 0%
[15:26:06] [Server thread/INFO]: Preparing spawn area: 0%
[15:26:06] [Server thread/INFO]: Preparing spawn area: 0%
[15:26:06] [Server thread/INFO]: Preparing spawn area: 0%
[15:26:06] [Server thread/INFO]: Preparing spawn area: 0%
[15:26:06] [Server thread/INFO]: Preparing spawn area: 0%
[15:26:06] [Server thread/INFO]: Preparing spawn area: 0%
[15:26:06] [Server thread/INFO]: Preparing spawn area: 0%
[15:26:06] [Server thread/INFO]: Preparing spawn area: 0%
[15:26:06] [Server thread/INFO]: Preparing spawn area: 0%
[15:26:06] [Server thread/INFO]: Preparing spawn area: 0%
[15:26:06] [Server thread/INFO]: Preparing spawn area: 0%
[15:26:07] [Server thread/INFO]: Preparing spawn area: 0%
[15:26:07] [Server thread/INFO]: Preparing spawn area: 0%
[15:26:08] [Server thread/INFO]: Preparing spawn area: 0%
[15:26:08] [Worker-Main-3/INFO]: Preparing spawn area: 0%
[15:26:09] [Worker-Main-3/INFO]: Preparing spawn area: 0%
[15:26:12] [Server thread/INFO]: Preparing spawn area: 0%
[15:26:12] [Server thread/INFO]: Preparing spawn area: 0%
[15:26:12] [Server thread/INFO]: Preparing spawn area: 0%
[15:26:12] [Server thread/INFO]: Preparing spawn area: 0%
[15:26:12] [Server thread/INFO]: Preparing spawn area: 0%
[15:26:12] [IO-Worker-4/WARN]: Chunk [3, 26] is allocated, but stream is missing
[15:26:12] [IO-Worker-6/WARN]: Chunk [9, 9] is allocated, but stream is missing
[15:26:13] [IO-Worker-5/WARN]: Chunk [2, 2] is allocated, but stream is missing
[15:26:13] [IO-Worker-6/WARN]: Chunk [3, 2] is allocated, but stream is missing
[15:26:13] [IO-Worker-4/WARN]: Chunk [9, 6] is allocated, but stream is missing
[15:26:16] [Server thread/INFO]: Preparing spawn area: 0%
[15:26:16] [Server thread/INFO]: Preparing spawn area: 0%
[15:26:16] [Server thread/INFO]: Preparing spawn area: 0%
[15:26:16] [Server thread/INFO]: Preparing spawn area: 0%
[15:26:16] [Server thread/INFO]: Preparing spawn area: 0%
[15:26:16] [Server thread/INFO]: Preparing spawn area: 0%
[15:26:16] [Server thread/INFO]: Preparing spawn area: 0%
[15:26:16] [Server thread/INFO]: Preparing spawn area: 0%
[15:26:16] [Server thread/INFO]: Preparing spawn area: 0%
[15:26:21] [Worker-Main-3/INFO]: Preparing spawn area: 83%
[15:26:21] [Worker-Main-3/INFO]: Preparing spawn area: 83%
[15:26:21] [Worker-Main-3/INFO]: Preparing spawn area: 83%
[15:26:21] [Worker-Main-3/INFO]: Preparing spawn area: 83%
[15:26:21] [Worker-Main-3/INFO]: Preparing spawn area: 83%
[15:26:22] [Server thread/INFO]: Preparing spawn area: 83%
[15:26:22] [Server thread/INFO]: Preparing spawn area: 83%
[15:26:22] [Server thread/INFO]: Preparing spawn area: 83%
[15:26:22] [Server thread/INFO]: Preparing spawn area: 83%
[15:26:22] [Server thread/INFO]: Preparing spawn area: 83%
[15:26:22] [Server thread/INFO]: Preparing spawn area: 83%
[15:26:23] [IO-Worker-6/WARN]: Chunk [11, 27] is allocated, but stream is missing
[15:26:24] [IO-Worker-4/WARN]: Chunk [0, 30] is allocated, but stream is missing
[15:26:25] [IO-Worker-5/WARN]: Chunk [0, 31] is allocated, but stream is missing
[15:26:27] [Server thread/INFO]: Preparing spawn area: 83%
[15:26:27] [Server thread/INFO]: Preparing spawn area: 83%
[15:26:27] [Server thread/INFO]: Preparing spawn area: 83%
[15:26:27] [Server thread/INFO]: Preparing spawn area: 83%
[15:26:27] [Server thread/INFO]: Preparing spawn area: 83%
[15:26:27] [Server thread/INFO]: Preparing spawn area: 83%
[15:26:27] [Server thread/INFO]: Preparing spawn area: 83%
[15:26:27] [Server thread/INFO]: Preparing spawn area: 83%
[15:26:27] [Server thread/INFO]: Preparing spawn area: 83%
[15:26:27] [Server thread/INFO]: Preparing spawn area: 83%
[15:26:27] [Server thread/INFO]: Preparing spawn area: 83%
[15:26:27] [IO-Worker-4/WARN]: Chunk [12, 1] is allocated, but stream is missing
[15:26:30] [IO-Worker-5/WARN]: Chunk [15, 5] is allocated, but stream is missing
[15:26:31] [IO-Worker-6/WARN]: Chunk [15, 6] is allocated, but stream is missing
[15:26:32] [IO-Worker-6/WARN]: Chunk [16, 10] is allocated, but stream is missing
[15:26:35] [IO-Worker-6/ERROR]: Chunk [15, 13] header is truncated: expected 12288 but read 0
[15:26:35] [IO-Worker-5/WARN]: Chunk [17, 14] is allocated, but stream is missing
[15:26:35] [IO-Worker-4/WARN]: Chunk [15, 15] is allocated, but stream is missing
[15:26:35] [IO-Worker-6/WARN]: Chunk [17, 16] is allocated, but stream is missing
[15:26:37] [IO-Worker-6/WARN]: Chunk [17, 17] is allocated, but stream is missing
[15:26:44] [Server thread/INFO]: Preparing spawn area: 83%
[15:26:44] [Server thread/INFO]: Preparing spawn area: 83%
[15:26:44] [Server thread/INFO]: Preparing spawn area: 83%
[15:26:44] [Server thread/INFO]: Preparing spawn area: 83%
[15:26:44] [Server thread/INFO]: Preparing spawn area: 83%
[15:26:44] [Server thread/INFO]: Preparing spawn area: 83%
[15:26:44] [Server thread/INFO]: Preparing spawn area: 83%
[15:26:44] [Server thread/INFO]: Preparing spawn area: 83%
[15:26:44] [Server thread/INFO]: Preparing spawn area: 83%
[15:26:44] [Server thread/INFO]: Preparing spawn area: 83%
[15:26:44] [Server thread/INFO]: Preparing spawn area: 83%
[15:26:44] [Server thread/INFO]: Preparing spawn area: 83%
[15:26:44] [Server thread/INFO]: Preparing spawn area: 83%
[15:26:44] [Server thread/INFO]: Preparing spawn area: 83%
[15:26:44] [Server thread/INFO]: Preparing spawn area: 83%
[15:26:44] [Server thread/INFO]: Preparing spawn area: 83%
[15:26:44] [Server thread/INFO]: Preparing spawn area: 83%
[15:26:44] [Server thread/INFO]: Preparing spawn area: 83%
[15:26:44] [Server thread/INFO]: Preparing spawn area: 83%
[15:26:44] [Server thread/INFO]: Preparing spawn area: 83%
[15:26:44] [Server thread/INFO]: Preparing spawn area: 83%
[15:26:44] [Server thread/INFO]: Preparing spawn area: 83%
[15:26:44] [Server thread/INFO]: Preparing spawn area: 83%
[15:26:44] [Server thread/INFO]: Preparing spawn area: 83%
[15:26:44] [Server thread/INFO]: Preparing spawn area: 83%
[15:26:44] [Server thread/INFO]: Preparing spawn area: 83%
[15:26:44] [Server thread/INFO]: Preparing spawn area: 83%
[15:26:44] [Server thread/INFO]: Preparing spawn area: 83%
[15:26:44] [Server thread/INFO]: Preparing spawn area: 83%
[15:26:44] [Server thread/INFO]: Preparing spawn area: 83%
[15:26:44] [Server thread/INFO]: Preparing spawn area: 83%
[15:26:44] [Server thread/INFO]: Preparing spawn area: 83%
[15:26:44] [Server thread/INFO]: Preparing spawn area: 83%
[15:26:44] [Worker-Main-3/INFO]: Preparing spawn area: 97%
[15:26:44] [Worker-Main-3/INFO]: Preparing spawn area: 97%
[15:26:45] [Worker-Main-3/INFO]: Preparing spawn area: 97%
[15:26:47] [Worker-Main-3/INFO]: Preparing spawn area: 97%
[15:26:47] [Worker-Main-3/INFO]: Preparing spawn area: 97%
[15:26:47] [Worker-Main-3/INFO]: Preparing spawn area: 97%
[15:26:47] [Worker-Main-3/INFO]: Preparing spawn area: 97%
[15:26:52] [Worker-Main-7/INFO]: Preparing spawn area: 97%
[15:26:52] [Worker-Main-7/INFO]: Preparing spawn area: 97%
[15:26:52] [Worker-Main-7/INFO]: Preparing spawn area: 97%
[15:26:52] [Worker-Main-7/INFO]: Preparing spawn area: 97%
[15:26:52] [Worker-Main-7/INFO]: Preparing spawn area: 97%
[15:26:53] [Worker-Main-7/INFO]: Preparing spawn area: 97%
[15:26:53] [Worker-Main-7/INFO]: Preparing spawn area: 97%
[15:26:53] [Worker-Main-7/INFO]: Preparing spawn area: 97%
[15:26:53] [Worker-Main-7/INFO]: Preparing spawn area: 97%
[15:26:53] [Worker-Main-7/INFO]: Preparing spawn area: 97%
[15:26:53] [Worker-Main-7/INFO]: Preparing spawn area: 97%
[15:26:53] [Worker-Main-7/INFO]: Preparing spawn area: 97%
[15:26:54] [Worker-Main-7/INFO]: Preparing spawn area: 97%
[15:26:54] [Worker-Main-7/INFO]: Preparing spawn area: 97%
[15:26:56] [Server thread/INFO]: Preparing spawn area: 97%
[15:26:56] [Server thread/INFO]: Preparing spawn area: 97%
[15:26:56] [Server thread/INFO]: Preparing spawn area: 97%
[15:27:02] [Server thread/INFO]: Time elapsed: 79432 ms
[15:27:02] [Server thread/INFO]: Done (88.590s)! For help, type "help"
[15:27:02] [Server thread/INFO]: Starting remote control listener
[15:27:02] [Server thread/INFO]: Thread RCON Listener started
[15:27:02] [RCON Listener #1/INFO]: RCON running on 0.0.0.0:25636
[15:27:05] [Server thread/WARN]: Can't keep up! Is the server overloaded? Running 2966ms or 59 ticks behind
[15:32:03] [Server thread/WARN]: Can't keep up! Is the server overloaded? Running 2273ms or 45 ticks behind
[15:55:49] [Server thread/INFO]: Cora_cold[/127.0.0.1:50390] logged in with entity id 167 at (-42.5, 64.0, 239.5)
[15:55:49] [Netty Server IO #0/WARN]: Received invalid identifier in minecraft:register: legacy:fml|hs (Non [a-z0-9/._-] character in path of location: legacy:fml|hs)
[15:55:49] [Server thread/INFO]: Cora_cold joined the game
[15:55:50] [Netty Server IO #0/INFO]: Player Cora_cold joined with a matching carpet client
[15:55:50] [Netty Server IO #0/INFO]: Player Cora_cold joined with a matching carpet client
[15:55:50] [Server thread/WARN]: Can't keep up! Is the server overloaded? Running 2431ms or 48 ticks behind
[15:56:02] [Server thread/INFO]: Cora_cold lost connection: Disconnected
[15:56:02] [Server thread/INFO]: Cora_cold left the game
[19:58:06] [Server thread/WARN]: Can't keep up! Is the server overloaded? Running 2361ms or 47 ticks behind
[20:00:52] [Server thread/WARN]: Can't keep up! Is the server overloaded? Running 2198ms or 43 ticks behind
[20:01:16] [Server thread/WARN]: Can't keep up! Is the server overloaded? Running 2416ms or 48 ticks behind
[23:43:48] [Server thread/WARN]: Can't keep up! Is the server overloaded? Running 3414ms or 68 ticks behind
[23:52:02] [Server thread/INFO]: Nan_Yang[/127.0.0.1:51421] logged in with entity id 181 at (-714.7480592467123, 69.0, 395.1792579320371)
[23:52:02] [Server thread/INFO]: Nan_Yang joined the game
[23:52:02] [Netty Server IO #1/WARN]: Received invalid identifier in minecraft:register: legacy:fml|hs (Non [a-z0-9/._-] character in path of location: legacy:fml|hs)
[23:52:02] [IO-Worker-214/ERROR]: Chunk [-45, 24] header is truncated: expected 4096 but read 0
[23:52:03] [IO-Worker-214/ERROR]: Chunk [-45, 23] header is truncated: expected 4096 but read 0
[23:52:03] [IO-Worker-213/ERROR]: Chunk [-44, 23] header is truncated: expected 4096 but read 0
[23:52:03] [IO-Worker-214/ERROR]: Chunk [-44, 24] header is truncated: expected 4096 but read 0
[23:52:04] [IO-Worker-213/ERROR]: Chunk [-42, 25] header is truncated: expected 4096 but read 0
[23:52:04] [Server thread/WARN]: Can't keep up! Is the server overloaded? Running 2021ms or 40 ticks behind
[23:52:04] [IO-Worker-213/ERROR]: Chunk [-43, 27] header is truncated: expected 4096 but read 0
[23:52:06] [Netty Server IO #1/INFO]: Player Nan_Yang joined with a matching carpet client
[23:52:38] [Server thread/INFO]: Nan_Yang lost connection: Disconnected
[23:52:38] [Server thread/INFO]: Nan_Yang left the game
[23:53:44] [Server thread/INFO]: Nan_Yang[/127.0.0.1:51482] logged in with entity id 356 at (-726.9291880208932, 70.0, 389.0947440964189)
[23:53:44] [Netty Server IO #1/WARN]: Received invalid identifier in minecraft:register: legacy:fml|hs (Non [a-z0-9/._-] character in path of location: legacy:fml|hs)
[23:53:44] [Server thread/INFO]: Nan_Yang joined the game
[23:54:02] [Server thread/INFO]: Nan_Yang was slain by Zombie
[23:54:03] [Netty Server IO #1/INFO]: Player Nan_Yang joined with a matching carpet client
[23:54:25] [Server thread/WARN]: Can't keep up! Is the server overloaded? Running 2721ms or 54 ticks behind
[23:54:27] [Server thread/INFO]: Nan_Yang lost connection: Disconnected
[23:54:27] [Server thread/INFO]: Nan_Yang left the game
