[06:01:05] [main/INFO]: Loading for game Minecraft 1.16.1
[06:01:09] [main/INFO]: [FabricLoader] Loading 51 mods: fabric-renderer-api-v1@0.2.13+eae12eb87c, fabric-keybindings-v0@0.2.0+3fa9f7c57c, fabricloader@0.8.8+build.202, bbor@2.3-1.16.1, com_github_shevek_parallelgzip@master-SNAPSHOT, fabric-containers-v0@0.1.8+045df74f7c, lithium@0.5.0, fabric-dimensions-v1@1.0.0+a71b30537c, fabric-object-builder-api-v1@1.5.5+e00ecb5f7c, fabric-api-base@0.1.3+12a8474c7c, fabric-rendering-data-attachment-v1@0.1.3+b7f9825d7c, fabric-textures-v0@1.0.4+eae12eb87c, fabric-rendering-fluids-v1@0.1.7+12a8474c7c, cotton-logging@1.0.0-rc.4, fabric-blockrenderlayer-v1@1.1.4+c6a8ea897c, fabric-renderer-registries-v1@2.0.1+5a0f9a607c, carpet-extra@1.4.0, fabric-loot-tables-v1@0.1.10+059ea8667c, fabric@0.13.1+build.370-1.16, carpet@1.4.0, fabric-particles-v1@0.2.1+0a6f2a707c, fabric-networking-v0@0.1.10+e00ecb5f7c, cotton-config@1.0.0-rc.7, fabric-networking-blockentity-v0@0.2.5+b50ffc7b7c, minecraft@1.16.1, fabric-screen-handler-api-v1@1.0.1+f362c86e7c, here@0.0.8-mc1.16, fabric-command-api-v1@1.0.8+5ce533987c, jankson@3.0.0+j1.2.0, phosphor@0.6.0+build.7, fabric-tool-attribute-api-v1@1.1.4+5794386e7c, fabric-renderer-indigo@0.3.1+059ea8667c, org_apache_commons_commons-compress@1.19, fabric-biomes-v1@0.2.7+059ea8667c, fabric-events-interaction-v0@0.3.3+7066030f7c, fabric-crash-report-info-v1@0.1.2+b7f9825d7c, fabric-rendering-v0@1.1.0+534104907c, fabric-key-binding-api-v1@1.0.0+e16a97747c, fabric-rendering-v1@1.1.2+346247d77c, org_tukaani_xz@1.8, fabric-resource-loader-v0@0.2.5+059ea8667c, fabric-content-registries-v0@0.1.9+059ea8667c, fabric-tag-extensions-v0@0.2.5+5a6e8f4c7c, fabric-registry-sync-v0@0.3.8+7dba2d6c7c, fabric-commands-v0@0.2.0+52d308367c, textile_backup@1.2.3-1.16.1, fabric-mining-levels-v0@0.1.2+b764ce997c, fabric-events-lifecycle-v0@0.1.3+0d474ec47c, fabric-models-v0@0.1.0+dfdb52d67c, fabric-item-groups-v0@0.2.0+438f96367c, fabric-object-builders-v0@0.6.0+da175ad67c
[06:01:09] [main/WARN]: Mod `com_github_shevek_parallelgzip` (master-SNAPSHOT) does not respect SemVer - comparison support is limited.
[06:01:09] [main/INFO]: SpongePowered MIXIN Subsystem Version=0.8 Source=file:/C:/Server/skimit_survival/fabric-server-launch.jar Service=Knot/Fabric Env=SERVER
[06:01:15] [main/WARN]: @Mixin target net/minecraft/class_3898$class_3208 is public in fabric-networking-v0.mixins.json:MixinEntityTracker and should be specified in value
[06:01:19] [main/WARN]: @Mixin target net[06:01:54] [main/INFO]: Environment: authHost='https://authserver.mojang.com', accountsHost='https://api.mojang.com', sessionHost='https://sessionserver.mojang.com', name='PROD'
[06:02:12] [main/WARN]: Ambiguity between arguments [teleport, destination] and [teleport, targets] with inputs: [Player, 0123, @e, dd12be42-52a9-4a91-a8a1-11c01849e498]
[06:02:12] [main/WARN]: Ambiguity between arguments [teleport, location] and [teleport, destination] with inputs: [0.1 -0.5 .9, 0 0 0]
[06:02:12] [main/WARN]: Ambiguity between arguments [teleport, location] and [teleport, targets] with inputs: [0.1 -0.5 .9, 0 0 0]
[06:02:12] [main/WARN]: Ambiguity between arguments [teleport, targets] and [teleport, destination] with inputs: [Player, 0123, dd12be42-52a9-4a91-a8a1-11c01849e498]
[06:02:12] [main/WARN]: Ambiguity between arguments [teleport, targets, location] and [teleport, targets, destination] with inputs: [0.1 -0.5 .9, 0 0 0]
[06:02:14] [main/INFO]: Reloading ResourceManager: Default, bukkit, Fabric Tool Attribute API (v1)
[06:02:21] [Worker-Main-2/INFO]: Loaded 7 recipes
[06:02:24] [Worker-Main-2/INFO]: Loaded 927 advancements
[06:02:28] [main/WARN]: [fabric-registry-sync] Could not find the following registries: minecraft:biome_source_type, minecraft:dimension_type, minecraft:chunk_generator_type
[06:02:28] [main/INFO]: [fabric-registry-sync] Loaded registry data [file 1/4]
[06:02:32] [Server thread/INFO]: Starting minecraft server version 1.16.1
[06:02:32] [Server thread/INFO]: Loading properties
[06:02:32] [Server thread/INFO]: Default game type: SURVIVAL
[06:02:32] [Server thread/INFO]: Generating keypair
[06:02:34] [Server thread/INFO]: Starting Minecraft server on *:26565
[06:02:34] [Server thread/INFO]: Using default channel type
[06:02:43] [Server thread/WARN]: **** SERVER IS RUNNING IN OFFLINE/INSECURE MODE!
[06:02:43] [Server thread/WARN]: The server will make no attempt to authenticate usernames. Beware.
[06:02:43] [Server thread/WARN]: While this makes the game possible to play without internet access, it also opens up the ability for hackers to connect with any username they choose.
[06:02:43] [Server thread/WARN]: To change this, set "online-mode" to "true" in the server.properties file.
[06:02:47] [Server thread/INFO]: Preparing level "world"
[06:02:47] [Server thread/ERROR]: [CM]: Carpet Mod Setting commandCameramode is not a valid - ignoring...
[06:02:47] [Server thread/INFO]: [CM]: loaded setting commandDraw as false from carpet.conf
[06:02:47] [Server thread/INFO]: [CM]: loaded setting rotatorBlock as true from carpet.conf
[06:02:47] [Server thread/INFO]: [CM]: loaded setting combineXPOrbs as true from carpet.conf
[06:02:47] [Server thread/INFO]: [CM]: loaded setting onePlayerSleeping as true from carpet.conf
[06:02:47] [Server thread/INFO]: [CM]: loaded setting portalSuffocationFix as true from carpet.conf
[06:02:47] [Server thread/INFO]: [CM]: loaded setting leadFix as true from carpet.conf
[06:02:47] [Server thread/INFO]: [CM]: loaded setting antiCheatDisabled as true from carpet.conf
[06:02:47] [Server thread/INFO]: [CM]: loaded setting defaultLoggers as tps,mobcaps from carpet.conf
[06:02:47] [Server thread/INFO]: [CM]: loaded setting unloadedEntityFix as true from carpet.conf
[06:02:47] [Server thread/INFO]: [CM]: loaded setting ctrlQCraftingFix as true from carpet.conf
[06:02:52] [Server thread/INFO]: create world dimension: minecraft:overworld (seed: 20190827)
[06:02:52] [Server thread/INFO]: create world dimension: minecraft:the_nether (seed: 20190827)
[06:02:52] [Server thread/INFO]: create world dimension: minecraft:the_end (seed: 20190827)
[06:02:52] [Server thread/INFO]: Preparing start region for dimension minecraft:overworld
[06:03:00] [Server thread/INFO]: Preparing spawn area: 0%
[06:03:00] [Server thread/INFO]: Preparing spawn area: 0%
[06:03:00] [Server thread/INFO]: Preparing spawn area: 0%
[06:03:00] [Server thread/INFO]: Preparing spawn area: 0%
[06:03:00] [Server thread/INFO]: Preparing spawn area: 0%
[06:03:00] [Server thread/INFO]: Preparing spawn area: 0%
[06:03:00] [Server thread/INFO]: Preparing spawn area: 0%
[06:03:00] [Server thread/INFO]: Preparing spawn area: 0%
[06:03:00] [Server thread/INFO]: Preparing spawn area: 0%
[06:03:00] [Server thread/INFO]: Preparing spawn area: 0%
[06:03:00] [Server thread/INFO]: Preparing spawn area: 0%
[06:03:00] [Server thread/INFO]: Preparing spawn area: 0%
[06:03:00] [Server thread/INFO]: Preparing spawn area: 0%
[06:03:00] [Server thread/INFO]: Preparing spawn area: 0%
[06:03:00] [Server thread/INFO]: Preparing spawn area: 0%
[06:03:00] [Server thread/INFO]: Preparing spawn area: 0%
[06:03:00] [Server thread/INFO]: Preparing spawn area: 0%
[06:03:01] [Worker-Main-3/INFO]: Preparing spawn area: 0%
[06:03:02] [Worker-Main-3/INFO]: Preparing spawn area: 0%
[06:03:03] [Server thread/INFO]: Preparing spawn area: 0%
[06:03:03] [Server thread/INFO]: Preparing spawn area: 0%
[06:03:03] [Server thread/INFO]: Preparing spawn area: 0%
[06:03:03] [Server thread/INFO]: Preparing spawn area: 0%
[06:03:04] [Server thread/INFO]: Preparing spawn area: 83%
[06:03:04] [Server thread/INFO]: Preparing spawn area: 83%
[06:03:13] [Server thread/INFO]: Time elapsed: 20592 ms
[06:03:13] [Server thread/INFO]: Done (26.189s)! For help, type "help"
[06:03:13] [Server thread/INFO]: Starting remote control listener
[06:03:13] [Server thread/INFO]: Thread RCON Listener started
[06:03:13] [RCON Listener #1/INFO]: RCON running on 0.0.0.0:25636
[06:03:15] [Server thread/WARN]: Can't keep up! Is the server overloaded? Running 2738ms or 54 ticks behind
[06:03:35] [Server thread/WARN]: Can't keep up! Is the server overloaded? Running 4359ms or 87 ticks behind
[08:14:48] [Server thread/INFO]: soy_25[/127.0.0.1:55989] logged in with entity id 192 at (-1811.300000011921, 68.0, -662.6999999880791)
[08:14:48] [Server thread/INFO]: soy_25 joined the game
[08:14:48] [Netty Server IO #1/WARN]: Received invalid identifier in minecraft:register: legacy:fml|hs (Non [a-z0-9/._-] character in path of location: legacy:fml|hs)
[08:14:49] [Server thread/INFO]: Backup started by: SERVER on: 2020-07-10_08-14-49
[08:14:49] [Server thread/INFO]: Saving server...
[08:14:49] [Server thread/INFO]: ThreadedAnvilChunkStorage (world): All chunks are saved
[08:14:49] [Server thread/INFO]: ThreadedAnvilChunkStorage (DIM-1): All chunks are saved
[08:14:49] [Server thread/INFO]: ThreadedAnvilChunkStorage (DIM1): All chunks are saved
[08:14:50] [Thread-116/INFO]: Starting backup
[08:14:50] [Server thread/WARN]: Can't keep up! Is the server overloaded? Running 2429ms or 48 ticks behind
[08:14:52] [Thread-116/INFO]: Starting compression...
[08:15:09] [Server thread/WARN]: Can't keep up! Is the server overloaded? Running 4537ms or 90 ticks behind
[08:15:40] [Server thread/WARN]: Can't keep up! Is the server overloaded? Running 15632ms or 312 ticks behind
[08:15:48] [Thread-116/INFO]: Compression took: 55.3033563s
[08:15:48] [Thread-116/INFO]: Deleting: 2020-07-09_22-53-53.zip
[08:15:48] [Thread-116/INFO]: Done!
[08:20:50] [Server thread/WARN]: Can't keep up! Is the server overloaded? Running 2012ms or 40 ticks behind
[08:21:48] [Server thread/WARN]: Can't keep up! Is the server overloaded? Running 2609ms or 52 ticks behind
[08:23:49] [Server thread/WARN]: Can't keep up! Is the server overloaded? Running 2486ms or 49 ticks behind
[08:24:05] [Server thread/WARN]: Boat (vehicle of soy_25) moved wrongly! 1.872092120138021
[08:24:05] [Server thread/WARN]: Boat (vehicle of soy_25) moved wrongly! 1.872092120138021
[08:24:05] [Server thread/WARN]: Boat (vehicle of soy_25) moved wrongly! 1.872092120138021
[08:24:05] [Server thread/WARN]: Boat (vehicle of soy_25) moved wrongly! 1.872092120138021
[08:24:05] [Server thread/WARN]: Boat (vehicle of soy_25) moved wrongly! 1.872092120138021
[08:24:05] [Server thread/WARN]: Boat (vehicle of soy_25) moved wrongly! 1.869144161054237
[08:24:30] [Server thread/WARN]: Boat (vehicle of soy_25) moved wrongly! 1.930124334805896
[08:24:30] [Server thread/WARN]: Boat (vehicle of soy_25) moved wrongly! 1.0
[08:24:30] [Server thread/WARN]: Boat (vehicle of soy_25) moved wrongly! 2.7187124670639378
[08:25:19] [Server thread/WARN]: Can't keep up! Is the server overloaded? Running 4180ms or 83 ticks behind
[08:26:49] [Server thread/WARN]: Can't keep up! Is the server overloaded? Running 2539ms or 50 ticks behind
[08:27:07] [Server thread/WARN]: Can't keep up! Is the server overloaded? Running 3657ms or 73 ticks behind
[08:27:36] [Server thread/WARN]: Can't keep up! Is the server overloaded? Running 14269ms or 285 ticks behind
[08:27:59] [Server thread/WARN]: Can't keep up! Is the server overloaded? Running 7550ms or 151 ticks behind
[08:28:42] [Server thread/WARN]: Can't keep up! Is the server overloaded? Running 4101ms or 82 ticks behind
[08:29:18] [Server thread/WARN]: Can't keep up! Is the server overloaded? Running 20916ms or 418 ticks behind
[08:29:48] [Server thread/WARN]: Can't keep up! Is the server overloaded? Running 2236ms or 44 ticks behind
[08:34:55] [Server thread/WARN]: Can't keep up! Is the server overloaded? Running 2395ms or 47 ticks behind
[08:35:40] [Server thread/INFO]: <soy_25> 树场 233
[08:43:54] [Server thread/INFO]: soy_25 has made the advancement [A Seedy Place]
[08:50:38] [Server thread/INFO]: soy_25 has reached the goal [Hired Help]
[08:56:28] [Server thread/INFO]: soy_25 lost connection: Disconnected
[08:56:28] [Server thread/INFO]: soy_25 left the game
[11:46:03] [Server thread/INFO]: XxiaoyunX[/127.0.0.1:63824] logged in with entity id 12780 at (-179.6253901316108, 67.07310498785898, 401.34341562805656)
[11:46:03] [Netty Server IO #1/WARN]: Received invalid identifier in minecraft:register: legacy:fml|hs (Non [a-z0-9/._-] character in path of location: legacy:fml|hs)
[11:46:04] [Server thread/INFO]: XxiaoyunX joined the game
[11:46:04] [Server thread/WARN]: Can't keep up! Is the server overloaded? Running 3044ms or 60 ticks behind
[11:46:04] [Server thread/INFO]: Backup started by: SERVER on: 2020-07-10_11-46-04
[11:46:04] [Server thread/INFO]: Saving server...
[11:46:04] [Server thread/INFO]: ThreadedAnvilChunkStorage (world): All chunks are saved
[11:46:04] [Server thread/INFO]: ThreadedAnvilChunkStorage (DIM-1): All chunks are saved
[11:46:04] [Server thread/INFO]: ThreadedAnvilChunkStorage (DIM1): All chunks are saved
[11:46:06] [Thread-219/INFO]: Starting backup
[11:46:06] [Thread-219/INFO]: Starting compression...
[11:46:22] [Server thread/WARN]: Can't keep up! Is the server overloaded? Running 2892ms or 57 ticks behind
[11:46:39] [Server thread/WARN]: Can't keep up! Is the server overloaded? Running 2056ms or 41 ticks behind
[11:46:42] [Thread-219/INFO]: Compression took: 36.0340432s
[11:46:42] [Thread-219/INFO]: Deleting: 2020-07-09_23-53-54.zip
[11:46:42] [Thread-219/INFO]: Done!
[11:47:21] [Server thread/INFO]: <XxiaoyunX> 试试联动qwq
[11:50:01] [Server thread/WARN]: Can't keep up! Is the server overloaded? Running 2333ms or 46 ticks behind
[11:56:25] [Server thread/INFO]: <XxiaoyunX> 有人吗
[11:58:11] [Server thread/INFO]: <XxiaoyunX> 无聊
[11:58:42] [Server thread/INFO]: <XxiaoyunX> 我去探索1.16.1的下届吧
[12:00:06] [Server thread/WARN]: Can't keep up! Is the server overloaded? Running 2008ms or 40 ticks behind
[12:00:10] [Server thread/INFO]: <XxiaoyunX> 服务器里搞到残骸了吗
[12:02:49] [Server thread/INFO]: <XxiaoyunX> 烟花不够了，还有，刷刷下届和金吧
[12:03:38] [Server thread/INFO]: <XxiaoyunX> 羊驼
[12:03:51] [Server thread/INFO]: <XxiaoyunX> ooo
[12:15:52] [Server thread/INFO]: XxiaoyunX has completed the challenge [Return to Sender]
[12:18:53] [Server thread/INFO]: XxiaoyunX has made the advancement [Who is Cutting Onions?]
[12:18:59] [Server thread/INFO]: <XxiaoyunX> 交易来的
[12:20:38] [Server thread/INFO]: <XxiaoyunX> @Cora_cold 给我点
[12:21:02] [Server thread/INFO]: <XxiaoyunX> QAQ
[12:21:56] [Server thread/INFO]: <XxiaoyunX> ok
[12:22:27] [Server thread/INFO]: <XxiaoyunX> 我有两只灵魂急行了，给你一只
[12:23:27] [Server thread/INFO]: <XxiaoyunX> 在灵魂沙上走的快
[12:24:02] [Server thread/INFO]: <XxiaoyunX> 加我好友干嘛
[12:24:08] [Server thread/INFO]: <XxiaoyunX> 同意了
[12:26:17] [Server thread/INFO]: <XxiaoyunX> ???
[12:26:45] [Server thread/INFO]: <XxiaoyunX> 不是放暑假吗
[12:27:24] [Server thread/INFO]: Cora_cold[/127.0.0.1:65350] logged in with entity id 18300 at (-143.34337007975944, 84.0, 217.644507220403)
[12:27:24] [Netty Server IO #1/WARN]: Received invalid identifier in minecraft:register: legacy:fml|hs (Non [a-z0-9/._-] character in path of location: legacy:fml|hs)
[12:27:24] [Server thread/INFO]: Cora_cold joined the game
[12:27:28] [Netty Server IO #1/INFO]: Player Cora_cold joined with a matching carpet client
[12:27:53] [Server thread/INFO]: <XxiaoyunX> 我在地狱
[12:28:54] [Server thread/INFO]: <Cora_cold> 你在干嘛
[12:29:02] [Server thread/INFO]: <XxiaoyunX> 我到家了
[12:29:14] [Server thread/INFO]: <XxiaoyunX> 你到我的破屋子等我
[12:29:27] [Server thread/INFO]: <Cora_cold> 我在出生点挖去快
[12:29:37] [Server thread/INFO]: <XxiaoyunX> 那我找你
[12:30:30] [Server thread/INFO]: <XxiaoyunX> 没找到你
[12:30:33] [Server thread/INFO]: <Cora_cold> e
[12:30:38] [Server thread/INFO]: <Cora_cold> 我看着你飞过去了
[12:31:08] [Server thread/INFO]: <XxiaoyunX> wow
[12:32:33] [Server thread/INFO]: <XxiaoyunX> 做了两个锭
[12:32:43] [Server thread/INFO]: <Cora_cold> 如果背包里全是石头怎么一下全丢出去
[12:32:53] [Server thread/INFO]: <XxiaoyunX> 布吉岛
[12:33:43] [Server thread/WARN]: Mismatch in destroy block pos: class_2338{x=-27, y=5, z=313} class_2338{x=-27, y=5, z=312}
[12:34:38] [Server thread/INFO]: na2hco3_CN[/127.0.0.1:49250] logged in with entity id 21233 at (-52.171202030991836, 6.01774136172891, 232.86304439819924)
[12:34:38] [Netty Server IO #1/WARN]: Received invalid identifier in minecraft:register: legacy:fml|hs (Non [a-z0-9/._-] character in path of location: legacy:fml|hs)
[12:34:38] [Server thread/INFO]: na2hco3_CN joined the game
[12:34:43] [Server thread/WARN]: Can't keep up! Is the server overloaded? Running 2091ms or 41 ticks behind
[12:34:54] [Server thread/INFO]: <Cora_cold> 早
[12:35:03] [Server thread/INFO]: <XxiaoyunX> 早？？？
[12:35:08] [Server thread/WARN]: Can't keep up! Is the server overloaded? Running 2569ms or 51 ticks behind
[12:35:28] [Server thread/WARN]: Mismatch in destroy block pos: class_2338{x=-24, y=5, z=304} class_2338{x=-26, y=5, z=304}
[12:35:30] [Server thread/WARN]: Can't keep up! Is the server overloaded? Running 7116ms or 142 ticks behind
[12:35:43] [Server thread/INFO]: <na2hco3_CN> 你可以帮帮我吗
[12:35:46] [Server thread/INFO]: <Cora_cold> 咋了
[12:35:54] [Server thread/INFO]: <na2hco3_CN> 上不去了
[12:35:57] [Server thread/WARN]: Can't keep up! Is the server overloaded? Running 2032ms or 40 ticks behind
[12:36:05] [Server thread/INFO]: <na2hco3_CN> xx
[12:36:12] [Server thread/INFO]: <na2hco3_CN> 学习
[12:36:15] [Server thread/INFO]: <na2hco3_CN> 谢谢
[12:36:24] [Server thread/WARN]: Can't keep up! Is the server overloaded? Running 2011ms or 40 ticks behind
[12:36:43] [Server thread/WARN]: Can't keep up! Is the server overloaded? Running 3467ms or 69 ticks behind
[12:37:00] [Server thread/WARN]: Can't keep up! Is the server overloaded? Running 2335ms or 46 ticks behind
[12:37:18] [Server thread/WARN]: Can't keep up! Is the server overloaded? Running 2773ms or 55 ticks behind
[12:37:35] [Server thread/WARN]: Can't keep up! Is the server overloaded? Running 2396ms or 47 ticks behind
[12:37:49] [Server thread/INFO]: <XxiaoyunX> 我也有下届和金装备辣
[12:37:53] [Server thread/WARN]: Can't keep up! Is the server overloaded? Running 2832ms or 56 ticks behind
[12:37:58] [Server thread/INFO]: <Cora_cold> 你搞了多少？
[12:38:16] [Server thread/WARN]: Can't keep up! Is the server overloaded? Running 2002ms or 40 ticks behind
[12:38:18] [Server thread/INFO]: <XxiaoyunX> 一稿子，一斧子
[12:38:33] [Server thread/WARN]: Can't keep up! Is the server overloaded? Running 2129ms or 42 ticks behind
[12:38:54] [Server thread/WARN]: Can't keep up! Is the server overloaded? Running 2039ms or 40 ticks behind
[12:39:12] [Server thread/WARN]: Can't keep up! Is the server overloaded? Running 3427ms or 68 ticks behind
[12:40:28] [Server thread/WARN]: Can't keep up! Is the server overloaded? Running 2080ms or 41 ticks behind
[12:40:51] [Server thread/WARN]: Can't keep up! Is the server overloaded? Running 7925ms or 158 ticks behind
[12:41:10] [Server thread/INFO]: <XxiaoyunX> 危 TPS 危
[12:41:10] [Server thread/INFO]: <Cora_cold> 你们在干嘛？
[12:41:19] [Server thread/WARN]: Can't keep up! Is the server overloaded? Running 13680ms or 273 ticks behind
[12:41:31] [Server thread/INFO]: <XxiaoyunX> 在*****
[12:41:35] [Server thread/INFO]: <na2hco3_CN> 我刚刚穿越了一下
[12:41:37] [Server thread/WARN]: Can't keep up! Is the server overloaded? Running 2667ms or 53 ticks behind
[12:41:55] [Server thread/WARN]: Can't keep up! Is the server overloaded? Running 3306ms or 66 ticks behind
[12:41:58] [Server thread/INFO]: <XxiaoyunX> 在？哪个牌子的时光机？
[12:42:12] [Server thread/WARN]: Can't keep up! Is the server overloaded? Running 2218ms or 44 ticks behind
[12:42:40] [Server thread/INFO]: <na2hco3_CN> 下界牌的同时间异地点穿越机
[12:42:45] [Server thread/WARN]: Can't keep up! Is the server overloaded? Running 2002ms or 40 ticks behind
[12:43:03] [Server thread/WARN]: Mismatch in destroy block pos: class_2338{x=-34, y=6, z=295} class_2338{x=-34, y=6, z=296}
[12:43:03] [Server thread/WARN]: Mismatch in destroy block pos: class_2338{x=-34, y=6, z=295} class_2338{x=-33, y=6, z=295}
[12:43:03] [Server thread/WARN]: Mismatch in destroy block pos: class_2338{x=-33, y=5, z=296} class_2338{x=-33, y=5, z=295}
[12:43:03] [Server thread/WARN]: Mismatch in destroy block pos: class_2338{x=-33, y=6, z=296} class_2338{x=-33, y=5, z=295}
[12:43:03] [Server thread/WARN]: Mismatch in destroy block pos: class_2338{x=-32, y=6, z=296} class_2338{x=-33, y=5, z=295}
[12:43:15] [Server thread/INFO]: <XxiaoyunX> 是军工黑曜石工艺做的吗？
[12:43:23] [Server thread/WARN]: Can't keep up! Is the server overloaded? Running 2028ms or 40 ticks behind
[12:44:11] [Server thread/INFO]: <na2hco3_CN> 是非物质文化遗产传人史蒂夫先生亲手制作的手工黑曜石
[12:44:21] [Server thread/INFO]: <na2hco3_CN> 纯天然合成
[12:44:25] [Server thread/INFO]: <Cora_cold> 啥东西？
[12:44:31] [Server thread/WARN]: Can't keep up! Is the server overloaded? Running 2005ms or 40 ticks behind
[12:44:32] [Server thread/INFO]: <XxiaoyunX> 开玩笑qwq
[12:44:40] [Server thread/INFO]: <na2hco3_CN> 开玩笑qwq
[12:45:01] [Server thread/INFO]: <Cora_cold> 你们要是敢在出生点放黑曜石就给我等着去砍你们
[12:45:17] [Server thread/INFO]: <XxiaoyunX> 明白了，这就放
[12:45:19] [Server thread/INFO]: <na2hco3_CN> 我们再说地狱门啦
[12:45:28] [Server thread/INFO]: <Cora_cold> 过来
[12:45:35] [Server thread/INFO]: <Cora_cold> 看我敢不敢看你
[12:45:41] [Server thread/INFO]: <XxiaoyunX> qwq
[12:45:54] [Server thread/INFO]: <Cora_cold> 区块挖了三个月了
[12:46:04] [Server thread/WARN]: Mismatch in destroy block pos: class_2338{x=-26, y=8, z=293} class_2338{x=-25, y=8, z=294}
[12:46:04] [Server thread/INFO]: Backup started by: SERVER on: 2020-07-10_12-46-04
[12:46:04] [Server thread/INFO]: Saving server...
[12:46:07] [Server thread/INFO]: ThreadedAnvilChunkStorage (world): All chunks are saved
[12:46:07] [Server thread/INFO]: ThreadedAnvilChunkStorage (DIM-1): All chunks are saved
[12:46:07] [Server thread/INFO]: ThreadedAnvilChunkStorage (DIM1): All chunks are saved
[12:46:07] [Thread-269/INFO]: Starting backup
[12:46:07] [Thread-269/INFO]: Starting compression...
[12:46:07] [Server thread/WARN]: Can't keep up! Is the server overloaded? Running 3414ms or 68 ticks behind
[12:46:33] [Server thread/INFO]: <Cora_cold> 卡了
[12:46:40] [Server thread/WARN]: Can't keep up! Is the server overloaded? Running 17347ms or 346 ticks behind
[12:46:45] [Server thread/INFO]: <XxiaoyunX> 还有好几个山头呢
[12:46:49] [Thread-269/INFO]: Compression took: 41.8157598s
[12:46:49] [Thread-269/INFO]: Deleting: 2020-07-10_00-53-54.zip
[12:46:49] [Thread-269/INFO]: Deleting: 2020-07-10_01-53-53.zip
[12:46:49] [Thread-269/INFO]: Done!
[12:46:49] [Server thread/INFO]: <XxiaoyunX> ...
[12:47:00] [Server thread/WARN]: Can't keep up! Is the server overloaded? Running 5161ms or 103 ticks behind
[12:47:49] [Server thread/INFO]: <na2hco3_CN> 有大规模的甘蔗么
[12:47:54] [Server thread/INFO]: <XxiaoyunX> 有
[12:47:58] [Server thread/INFO]: <XxiaoyunX> 我家后面
[12:47:59] [Server thread/INFO]: <Cora_cold> 小规模的
[12:48:08] [Server thread/INFO]: <na2hco3_CN> 你家在哪
[12:48:23] [Server thread/WARN]: Can't keep up! Is the server overloaded? Running 2009ms or 40 ticks behind
[12:48:37] [Server thread/INFO]: <XxiaoyunX> 你到交易所来
[12:48:45] [Server thread/INFO]: <XxiaoyunX> 我带你去
[12:49:03] [Server thread/WARN]: Can't keep up! Is the server overloaded? Running 2023ms or 40 ticks behind
[12:49:41] [Server thread/WARN]: Can't keep up! Is the server overloaded? Running 2004ms or 40 ticks behind
[12:49:44] [Server thread/INFO]: <XxiaoyunX> ???
[12:49:58] [Server thread/INFO]: <na2hco3_CN> ok
[12:50:06] [Server thread/INFO]: <na2hco3_CN> 我搞点火箭
[12:50:09] [Server thread/INFO]: <XxiaoyunX> o
[12:50:56] [Server thread/INFO]: <na2hco3_CN> a?
[12:51:24] [Server thread/WARN]: Can't keep up! Is the server overloaded? Running 2024ms or 40 ticks behind
[12:51:43] [Server thread/INFO]: <XxiaoyunX> 怎么才能在1.16.1高效率刷物品呢
[12:51:43] [Server thread/WARN]: Can't keep up! Is the server overloaded? Running 2025ms or 40 ticks behind
[12:51:55] [Server thread/INFO]: <Cora_cold> gamemode 1
[12:52:06] [Server thread/INFO]: <XxiaoyunX> ...
[12:52:06] [Server thread/INFO]: <na2hco3_CN> 学习tis
[12:52:06] [Server thread/WARN]: Can't keep up! Is the server overloaded? Running 8258ms or 165 ticks behind
[12:52:17] [Server thread/INFO]: <Cora_cold> 有点卡了
[12:52:32] [Server thread/WARN]: Can't keep up! Is the server overloaded? Running 10938ms or 218 ticks behind
[12:52:37] [Server thread/INFO]: XxiaoyunX lost connection: Disconnected
[12:52:37] [Server thread/INFO]: XxiaoyunX left the game
[12:52:44] [Server thread/INFO]: XxiaoyunX[/127.0.0.1:49885] logged in with entity id 30687 at (-503.9451039645967, 73.0, 535.3945875894285)
[12:52:44] [Netty Server IO #0/WARN]: Received invalid identifier in minecraft:register: legacy:fml|hs (Non [a-z0-9/._-] character in path of location: legacy:fml|hs)
[12:52:44] [Server thread/INFO]: XxiaoyunX joined the game
[12:52:49] [Server thread/INFO]: na2hco3_CN lost connection: Disconnected
[12:52:49] [Server thread/INFO]: na2hco3_CN left the game
[12:52:50] [Server thread/INFO]: na2hco3_CN[/127.0.0.1:49889] logged in with entity id 30757 at (-569.3471620159149, 69.0, 495.5915473053475)
[12:52:50] [Netty Server IO #0/WARN]: Received invalid identifier in minecraft:register: legacy:fml|hs (Non [a-z0-9/._-] character in path of location: legacy:fml|hs)
[12:52:50] [Server thread/INFO]: na2hco3_CN joined the game
[12:52:52] [Server thread/WARN]: Can't keep up! Is the server overloaded? Running 5074ms or 101 ticks behind
[12:53:13] [Server thread/WARN]: Can't keep up! Is the server overloaded? Running 5235ms or 104 ticks behind
[12:53:16] [Server thread/INFO]: <Cora_cold> 你俩在干嘛
[12:53:28] [Server thread/INFO]: <XxiaoyunX> 在*****
[12:53:31] [Server thread/WARN]: Can't keep up! Is the server overloaded? Running 3564ms or 71 ticks behind
[12:53:49] [Server thread/WARN]: Can't keep up! Is the server overloaded? Running 3009ms or 60 ticks behind
[12:54:07] [Server thread/WARN]: Can't keep up! Is the server overloaded? Running 2897ms or 57 ticks behind
[12:54:12] [Server thread/INFO]: <na2hco3_CN> 没有自动甘蔗田么
[12:54:22] [Server thread/INFO]: <XxiaoyunX> 我要做super卡服机
[12:54:26] [Server thread/WARN]: Can't keep up! Is the server overloaded? Running 3786ms or 75 ticks behind
[12:54:46] [Server thread/WARN]: Can't keep up! Is the server overloaded? Running 4924ms or 98 ticks behind
[12:55:05] [Server thread/WARN]: Can't keep up! Is the server overloaded? Running 4528ms or 90 ticks behind
[12:55:26] [Server thread/WARN]: Can't keep up! Is the server overloaded? Running 6070ms or 121 ticks behind
[12:55:47] [Server thread/WARN]: Can't keep up! Is the server overloaded? Running 5571ms or 111 ticks behind
[12:56:06] [Server thread/WARN]: Can't keep up! Is the server overloaded? Running 4519ms or 90 ticks behind
[12:56:26] [Server thread/WARN]: Can't keep up! Is the server overloaded? Running 4825ms or 96 ticks behind
[12:56:49] [Server thread/WARN]: Can't keep up! Is the server overloaded? Running 7835ms or 156 ticks behind
[12:57:02] [Server thread/WARN]: Mismatch in destroy block pos: class_2338{x=-2, y=5, z=292} class_2338{x=-2, y=4, z=292}
[12:57:10] [Server thread/WARN]: Can't keep up! Is the server overloaded? Running 6348ms or 126 ticks behind
[12:57:33] [Server thread/WARN]: Can't keep up! Is the server overloaded? Running 7800ms or 156 ticks behind
[12:57:55] [Server thread/WARN]: Can't keep up! Is the server overloaded? Running 6818ms or 136 ticks behind
[12:58:16] [Server thread/WARN]: Can't keep up! Is the server overloaded? Running 5932ms or 118 ticks behind
[12:58:35] [Server thread/WARN]: Can't keep up! Is the server overloaded? Running 4409ms or 88 ticks behind
[12:59:01] [Server thread/WARN]: Can't keep up! Is the server overloaded? Running 10548ms or 210 ticks behind
[12:59:12] [Server thread/INFO]: <XxiaoyunX> 嘿嘿，卡起来了
[12:59:19] [Server thread/WARN]: Can't keep up! Is the server overloaded? Running 3754ms or 75 ticks behind
[12:59:37] [Server thread/WARN]: Can't keep up! Is the server overloaded? Running 2474ms or 49 ticks behind
[12:59:40] [Server thread/INFO]: <XxiaoyunX> 试完了赶紧拆掉
[12:59:53] [Server thread/INFO]: <na2hco3_CN> 你们要火箭嘛
[12:59:54] [Server thread/WARN]: Can't keep up! Is the server overloaded? Running 2560ms or 51 ticks behind
[12:59:58] [Server thread/INFO]: <na2hco3_CN> 不小心做多了
[13:00:13] [Server thread/WARN]: Can't keep up! Is the server overloaded? Running 2185ms or 43 ticks behind
[13:00:15] [Server thread/INFO]: <na2hco3_CN> 一盒子满了
[13:00:33] [Server thread/WARN]: Can't keep up! Is the server overloaded? Running 5423ms or 108 ticks behind
[13:00:52] [Server thread/WARN]: Can't keep up! Is the server overloaded? Running 3862ms or 77 ticks behind
[13:01:36] [Server thread/INFO]: <XxiaoyunX> ???,我做完卡服机反而变流畅了
[13:01:55] [Server thread/INFO]: <na2hco3_CN> 我可以帮帮你嘛
[13:02:01] [Server thread/INFO]: <XxiaoyunX> ?
[13:02:28] [Server thread/INFO]: <XxiaoyunX> 正好，我需要大量侦测器
[13:02:38] [Server thread/INFO]: <na2hco3_CN> 啊？
[13:02:43] [Server thread/INFO]: <na2hco3_CN> 你要侦测器干啥
[13:02:59] [Server thread/INFO]: <XxiaoyunX> 发射连续信号
[13:03:38] [Server thread/WARN]: Can't keep up! Is the server overloaded? Running 2015ms or 40 ticks behind
[13:03:53] [Server thread/INFO]: <XxiaoyunX> 我去搞点原件
[13:04:22] [Server thread/WARN]: Can't keep up! Is the server overloaded? Running 2355ms or 47 ticks behind
[13:04:52] [Server thread/WARN]: Can't keep up! Is the server overloaded? Running 15090ms or 301 ticks behind
[13:05:00] [Server thread/INFO]: <Cora_cold> 你们别乱搞啊，我有点卡
[13:05:04] [Server thread/INFO]: <XxiaoyunX> 好了，原件准备完毕
[13:06:26] [Server thread/INFO]: <na2hco3_CN> 树场咋修
[13:06:33] [Server thread/INFO]: <Cora_cold> 等chengxi
[13:06:40] [Server thread/INFO]: <Cora_cold> 让他修
[13:07:32] [Server thread/INFO]: <XxiaoyunX> 更流畅了。。。
[13:07:41] [Server thread/INFO]: <XxiaoyunX> 不是要卡吗
[13:08:11] [Server thread/INFO]: <na2hco3_CN> 刷石机也坏了？
[13:08:29] [Server thread/WARN]: Can't keep up! Is the server overloaded? Running 2028ms or 40 ticks behind
[13:08:47] [Server thread/WARN]: Can't keep up! Is the server overloaded? Running 2800ms or 56 ticks behind
[13:08:48] [Server thread/WARN]: Mismatch in destroy block pos: class_2338{x=20, y=8, z=286} class_2338{x=19, y=8, z=286}
[13:09:45] [Server thread/WARN]: Can't keep up! Is the server overloaded? Running 3254ms or 65 ticks behind
[13:09:55] [Server thread/INFO]: <Cora_cold> 开始卡了
[13:10:04] [Server thread/WARN]: Mismatch in destroy block pos: class_2338{x=5, y=8, z=271} class_2338{x=7, y=8, z=271}
[13:10:04] [Server thread/WARN]: Mismatch in destroy block pos: class_2338{x=5, y=8, z=271} class_2338{x=7, y=8, z=271}
[13:10:04] [Server thread/WARN]: Mismatch in destroy block pos: class_2338{x=5, y=8, z=271} class_2338{x=7, y=8, z=271}
[13:10:04] [Server thread/WARN]: Mismatch in destroy block pos: class_2338{x=5, y=8, z=271} class_2338{x=7, y=8, z=271}
[13:10:04] [Server thread/WARN]: Mismatch in destroy block pos: class_2338{x=5, y=8, z=271} class_2338{x=7, y=8, z=271}
[13:10:04] [Server thread/WARN]: Mismatch in destroy block pos: class_2338{x=5, y=8, z=271} class_2338{x=7, y=8, z=271}
[13:10:06] [Server thread/INFO]: <XxiaoyunX> 我下了
[13:10:08] [Server thread/INFO]: XxiaoyunX lost connection: Disconnected
[13:10:08] [Server thread/INFO]: XxiaoyunX left the game
[13:10:09] [Server thread/WARN]: Can't keep up! Is the server overloaded? Running 9250ms or 185 ticks behind
[13:10:40] [Server thread/INFO]: <na2hco3_CN> 可能是我哦啊图的问题
[13:10:43] [Server thread/INFO]: <na2hco3_CN> e
[13:10:46] [Server thread/INFO]: <na2hco3_CN> 跑图
[13:11:13] [Server thread/WARN]: Fetching packet for removed entity class_1542['Lime Concrete Powder'/42389, l='ServerLevel[world]', x=22.13, y=5.07, z=284.99]
[13:13:44] [Server thread/INFO]: <na2hco3_CN> 为啥这里会有鹦鹉
[13:13:49] [Server thread/INFO]: <Cora_cold> 我的
[13:14:02] [Server thread/INFO]: <Cora_cold> 我让他再家里坐着
[13:14:14] [Server thread/INFO]: <Cora_cold> 不知道为什么突然就传送过来了
[13:14:14] [Server thread/INFO]: na2hco3_CN was slain by Slime
[13:14:25] [Server thread/INFO]: <Cora_cold> e
[13:14:31] [Server thread/INFO]: na2hco3_CN fell from a high place
[13:14:35] [Server thread/INFO]: na2hco3_CN fell from a high place
[13:14:39] [Server thread/INFO]: na2hco3_CN fell from a high place
[13:14:53] [Server thread/INFO]: na2hco3_CN lost connection: Disconnected
[13:14:53] [Server thread/INFO]: na2hco3_CN left the game
[13:14:57] [Server thread/WARN]: Can't keep up! Is the server overloaded? Running 2076ms or 41 ticks behind
[13:15:00] [Server thread/INFO]: na2hco3_CN[/127.0.0.1:50685] logged in with entity id 43525 at (-34.351307789835474, 22.25582118607556, 242.2411044121241)
[13:15:00] [Netty Server IO #0/WARN]: Received invalid identifier in minecraft:register: legacy:fml|hs (Non [a-z0-9/._-] character in path of location: legacy:fml|hs)
[13:15:00] [Server thread/INFO]: na2hco3_CN joined the game
[13:15:01] [Server thread/INFO]: na2hco3_CN fell from a high place
[13:15:16] [Server thread/INFO]: <na2hco3_CN> 为啥这个被削了
[13:15:19] [Server thread/INFO]: <na2hco3_CN> 修
[13:15:33] [Server thread/INFO]: <na2hco3_CN> 复活没无敌了
[13:16:29] [Server thread/INFO]: <Cora_cold> 跳吧
[13:20:14] [Server thread/INFO]: <Cora_cold> ?
[13:20:17] [Server thread/INFO]: <na2hco3_CN> ?
[13:20:45] [Server thread/INFO]: <na2hco3_CN> 可以
[13:21:47] [Server thread/INFO]: <Cora_cold> 图片不能
[13:26:24] [Server thread/INFO]: <na2hco3_CN> 给点中立方块
[13:26:26] [Server thread/WARN]: Mismatch in destroy block pos: class_2338{x=-70, y=5, z=243} class_2338{x=-72, y=5, z=244}
[13:26:26] [Server thread/WARN]: Mismatch in destroy block pos: class_2338{x=-70, y=5, z=243} class_2338{x=-72, y=5, z=244}
[13:26:26] [Server thread/WARN]: Mismatch in destroy block pos: class_2338{x=-70, y=5, z=243} class_2338{x=-72, y=5, z=244}
[13:26:26] [Server thread/INFO]: <na2hco3_CN> 重力
[13:26:34] [Server thread/INFO]: <na2hco3_CN> 我帮你填岩浆
[13:27:43] [Server thread/WARN]: Fetching packet for removed entity class_1542['Air'/47570, l='ServerLevel[world]', x=-174.40, y=4.00, z=255.19]
[13:28:33] [Server thread/INFO]: <Cora_cold> 、
[13:28:40] [Server thread/WARN]: Mismatch in destroy block pos: class_2338{x=-36, y=4, z=273} class_2338{x=-36, y=5, z=273}
[13:30:58] [Server thread/WARN]: Mismatch in destroy block pos: class_2338{x=-83, y=5, z=251} class_2338{x=-83, y=6, z=252}
[13:31:00] [Server thread/WARN]: Mismatch in destroy block pos: class_2338{x=-86, y=5, z=252} class_2338{x=-87, y=7, z=251}
[13:37:18] [Server thread/INFO]: na2hco3_CN tried to swim in lava
[13:37:24] [Server thread/INFO]: na2hco3_CN fell from a high place
[13:37:35] [Server thread/INFO]: <na2hco3_CN> a
[13:37:41] [Server thread/INFO]: <na2hco3_CN> 全没了
[13:37:47] [Server thread/INFO]: <Cora_cold> e
[13:37:50] [Server thread/INFO]: <Cora_cold> 金苹果？
[13:38:04] [Server thread/INFO]: <na2hco3_CN> 二十多个
[13:38:13] [Server thread/INFO]: <na2hco3_CN> 忘了吃了
[13:38:24] [Server thread/INFO]: <na2hco3_CN> 几组烟花没了
[13:39:38] [Server thread/INFO]: <Cora_cold> 我要下了
[13:39:54] [Server thread/INFO]: <na2hco3_CN> 我也下了
[13:39:56] [Server thread/INFO]: na2hco3_CN lost connection: Disconnected
[13:39:56] [Server thread/INFO]: na2hco3_CN left the game
[13:41:27] [Server thread/WARN]: Can't keep up! Is the server overloaded? Running 5398ms or 107 ticks behind
[13:43:47] [Server thread/WARN]: Can't keep up! Is the server overloaded? Running 2561ms or 51 ticks behind
[13:44:26] [Server thread/INFO]: Scanning for legacy world dragon fight...
[13:44:26] [Server thread/INFO]: Found that the dragon has been killed in this world already.
[13:46:04] [Server thread/INFO]: Backup started by: SERVER on: 2020-07-10_13-46-04
[13:46:04] [Server thread/INFO]: Saving server...
[13:46:04] [Server thread/INFO]: ThreadedAnvilChunkStorage (world): All chunks are saved
[13:46:04] [Server thread/INFO]: ThreadedAnvilChunkStorage (DIM-1): All chunks are saved
[13:46:04] [Server thread/INFO]: ThreadedAnvilChunkStorage (DIM1): All chunks are saved
[13:46:04] [Thread-303/INFO]: Starting backup
[13:46:04] [Thread-303/INFO]: Starting compression...
[13:46:26] [Thread-303/INFO]: Compression took: 21.475659s
[13:46:26] [Thread-303/INFO]: Deleting: 2020-07-10_02-53-54.zip
[13:46:26] [Thread-303/INFO]: Done!
[13:49:59] [Server thread/WARN]: Can't keep up! Is the server overloaded? Running 2187ms or 43 ticks behind
[13:51:53] [Server thread/INFO]: Cora_cold lost connection: Disconnected
[13:51:53] [Server thread/INFO]: Cora_cold left the game
[21:23:03] [RCON Listener #1/INFO]: Thread RCON Client /101.133.155.170 started
[21:23:09] [RCON Listener #1/INFO]: Thread RCON Client /101.133.155.170 started
[21:23:09] [RCON Client /101.133.155.170 #2/INFO]: Thread RCON Client /101.133.155.170 shutting down
[21:23:09] [RCON Client /101.133.155.170 #3/INFO]: Thread RCON Client /101.133.155.170 shutting down
[21:23:10] [RCON Listener #1/INFO]: Thread RCON Client /101.133.155.170 started
[21:23:10] [RCON Client /101.133.155.170 #4/INFO]: Thread RCON Client /101.133.155.170 shutting down
[21:23:10] [RCON Listener #1/INFO]: Thread RCON Client /101.133.155.170 started
[21:23:10] [RCON Client /101.133.155.170 #5/INFO]: Thread RCON Client /101.133.155.170 shutting down
[21:23:10] [RCON Listener #1/INFO]: Thread RCON Client /101.133.155.170 started
[21:23:10] [RCON Client /101.133.155.170 #6/INFO]: Thread RCON Client /101.133.155.170 shutting down
[21:23:10] [RCON Listener #1/INFO]: Thread RCON Client /101.133.155.170 started
[21:23:11] [RCON Client /101.133.155.170 #7/INFO]: Thread RCON Client /101.133.155.170 shutting down
[21:23:11] [RCON Listener #1/INFO]: Thread RCON Client /101.133.155.170 started
[21:23:11] [RCON Client /101.133.155.170 #8/INFO]: Thread RCON Client /101.133.155.170 shutting down
[21:23:11] [RCON Listener #1/INFO]: Thread RCON Client /101.133.155.170 started
[21:23:11] [RCON Client /101.133.155.170 #9/INFO]: Thread RCON Client /101.133.155.170 shutting down
[21:23:11] [RCON Listener #1/INFO]: Thread RCON Client /101.133.155.170 started
[21:23:12] [RCON Client /101.133.155.170 #10/INFO]: Thread RCON Client /101.133.155.170 shutting down
[21:23:12] [RCON Listener #1/INFO]: Thread RCON Client /101.133.155.170 started
[21:23:12] [RCON Client /101.133.155.170 #11/INFO]: Thread RCON Client /101.133.155.170 shutting down
[21:23:12] [RCON Listener #1/INFO]: Thread RCON Client /101.133.155.170 started
[21:23:12] [RCON Client /101.133.155.170 #12/INFO]: Thread RCON Client /101.133.155.170 shutting down
[21:23:12] [RCON Listener #1/INFO]: Thread RCON Client /101.133.155.170 started
[21:23:12] [RCON Client /101.133.155.170 #13/INFO]: Thread RCON Client /101.133.155.170 shutting down
[21:23:13] [RCON Listener #1/INFO]: Thread RCON Client /101.133.155.170 started
[21:23:13] [RCON Client /101.133.155.170 #14/INFO]: Thread RCON Client /101.133.155.170 shutting down
[21:23:13] [RCON Listener #1/INFO]: Thread RCON Client /101.133.155.170 started
[21:23:13] [RCON Client /101.133.155.170 #15/INFO]: Thread RCON Client /101.133.155.170 shutting down
[21:23:13] [RCON Listener #1/INFO]: Thread RCON Client /101.133.155.170 started
[21:23:13] [RCON Client /101.133.155.170 #16/INFO]: Thread RCON Client /101.133.155.170 shutting down
[21:23:13] [RCON Listener #1/INFO]: Thread RCON Client /101.133.155.170 started
[21:23:14] [RCON Client /101.133.155.170 #17/INFO]: Thread RCON Client /101.133.155.170 shutting down
[21:23:14] [RCON Listener #1/INFO]: Thread RCON Client /101.133.155.170 started
[21:23:14] [RCON Client /101.133.155.170 #18/INFO]: Thread RCON Client /101.133.155.170 shutting down
[21:23:14] [RCON Listener #1/INFO]: Thread RCON Client /101.133.155.170 started
[21:23:14] [RCON Client /101.133.155.170 #19/INFO]: Thread RCON Client /101.133.155.170 shutting down
[21:23:14] [RCON Listener #1/INFO]: Thread RCON Client /101.133.155.170 started
[21:23:15] [RCON Client /101.133.155.170 #20/INFO]: Thread RCON Client /101.133.155.170 shutting down
[21:23:15] [RCON Listener #1/INFO]: Thread RCON Client /101.133.155.170 started
[21:23:15] [RCON Client /101.133.155.170 #21/INFO]: Thread RCON Client /101.133.155.170 shutting down
[21:23:15] [RCON Listener #1/INFO]: Thread RCON Client /101.133.155.170 started
[21:23:15] [RCON Client /101.133.155.170 #22/INFO]: Thread RCON Client /101.133.155.170 shutting down
[21:23:15] [RCON Listener #1/INFO]: Thread RCON Client /101.133.155.170 started
[21:23:15] [RCON Client /101.133.155.170 #23/INFO]: Thread RCON Client /101.133.155.170 shutting down
[21:23:16] [RCON Listener #1/INFO]: Thread RCON Client /101.133.155.170 started
[21:23:16] [RCON Client /101.133.155.170 #24/INFO]: Thread RCON Client /101.133.155.170 shutting down
[21:23:16] [RCON Listener #1/INFO]: Thread RCON Client /101.133.155.170 started
[21:23:16] [RCON Client /101.133.155.170 #25/INFO]: Thread RCON Client /101.133.155.170 shutting down
[21:23:16] [RCON Listener #1/INFO]: Thread RCON Client /101.133.155.170 started
[21:23:16] [RCON Client /101.133.155.170 #26/INFO]: Thread RCON Client /101.133.155.170 shutting down
[21:23:16] [RCON Listener #1/INFO]: Thread RCON Client /101.133.155.170 started
[21:23:17] [RCON Client /101.133.155.170 #27/INFO]: Thread RCON Client /101.133.155.170 shutting down
[21:23:17] [RCON Listener #1/INFO]: Thread RCON Client /101.133.155.170 started
[21:23:17] [RCON Client /101.133.155.170 #28/INFO]: Thread RCON Client /101.133.155.170 shutting down
[21:23:17] [RCON Listener #1/INFO]: Thread RCON Client /101.133.155.170 started
[21:23:17] [RCON Client /101.133.155.170 #29/INFO]: Thread RCON Client /101.133.155.170 shutting down
[21:23:17] [RCON Listener #1/INFO]: Thread RCON Client /101.133.155.170 started
[21:23:18] [RCON Client /101.133.155.170 #30/INFO]: Thread RCON Client /101.133.155.170 shutting down
[21:23:18] [RCON Listener #1/INFO]: Thread RCON Client /101.133.155.170 started
[21:23:18] [RCON Client /101.133.155.170 #31/INFO]: Thread RCON Client /101.133.155.170 shutting down
[21:23:18] [RCON Listener #1/INFO]: Thread RCON Client /101.133.155.170 started
[21:23:18] [RCON Client /101.133.155.170 #32/INFO]: Thread RCON Client /101.133.155.170 shutting down
[21:23:18] [RCON Listener #1/INFO]: Thread RCON Client /101.133.155.170 started
[21:23:18] [RCON Client /101.133.155.170 #33/INFO]: Thread RCON Client /101.133.155.170 shutting down
[21:23:19] [RCON Listener #1/INFO]: Thread RCON Client /101.133.155.170 started
[21:23:19] [RCON Client /101.133.155.170 #34/INFO]: Thread RCON Client /101.133.155.170 shutting down
[21:23:19] [RCON Listener #1/INFO]: Thread RCON Client /101.133.155.170 started
[21:23:19] [RCON Client /101.133.155.170 #35/INFO]: Thread RCON Client /101.133.155.170 shutting down
[21:23:19] [RCON Listener #1/INFO]: Thread RCON Client /101.133.155.170 started
[21:23:19] [RCON Client /101.133.155.170 #36/INFO]: Thread RCON Client /101.133.155.170 shutting down
[21:23:19] [RCON Listener #1/INFO]: Thread RCON Client /101.133.155.170 started
[21:23:20] [RCON Client /101.133.155.170 #37/INFO]: Thread RCON Client /101.133.155.170 shutting down
[21:23:20] [RCON Listener #1/INFO]: Thread RCON Client /101.133.155.170 started
[21:23:20] [RCON Client /101.133.155.170 #38/INFO]: Thread RCON Client /101.133.155.170 shutting down
[21:23:20] [RCON Listener #1/INFO]: Thread RCON Client /101.133.155.170 started
[21:23:20] [RCON Client /101.133.155.170 #39/INFO]: Thread RCON Client /101.133.155.170 shutting down
[21:23:21] [RCON Listener #1/INFO]: Thread RCON Client /101.133.155.170 started
[21:23:21] [RCON Client /101.133.155.170 #40/INFO]: Thread RCON Client /101.133.155.170 shutting down
[21:23:21] [RCON Listener #1/INFO]: Thread RCON Client /101.133.155.170 started
[21:23:21] [RCON Client /101.133.155.170 #41/INFO]: Thread RCON Client /101.133.155.170 shutting down
[21:23:21] [RCON Listener #1/INFO]: Thread RCON Client /101.133.155.170 started
[21:23:21] [RCON Client /101.133.155.170 #42/INFO]: Thread RCON Client /101.133.155.170 shutting down
[21:23:21] [RCON Listener #1/INFO]: Thread RCON Client /101.133.155.170 started
[21:23:22] [RCON Client /101.133.155.170 #43/INFO]: Thread RCON Client /101.133.155.170 shutting down
[21:23:22] [RCON Listener #1/INFO]: Thread RCON Client /101.133.155.170 started
[21:23:22] [RCON Client /101.133.155.170 #44/INFO]: Thread RCON Client /101.133.155.170 shutting down
[21:23:22] [RCON Listener #1/INFO]: Thread RCON Client /101.133.155.170 started
[21:23:22] [RCON Client /101.133.155.170 #45/INFO]: Thread RCON Client /101.133.155.170 shutting down
[21:23:22] [RCON Listener #1/INFO]: Thread RCON Client /101.133.155.170 started
[21:23:23] [RCON Client /101.133.155.170 #46/INFO]: Thread RCON Client /101.133.155.170 shutting down
[21:23:23] [RCON Listener #1/INFO]: Thread RCON Client /101.133.155.170 started
[21:23:23] [RCON Client /101.133.155.170 #47/INFO]: Thread RCON Client /101.133.155.170 shutting down
[21:23:23] [RCON Listener #1/INFO]: Thread RCON Client /101.133.155.170 started
[21:23:23] [RCON Client /101.133.155.170 #48/INFO]: Thread RCON Client /101.133.155.170 shutting down
[21:23:23] [RCON Listener #1/INFO]: Thread RCON Client /101.133.155.170 started
[21:23:23] [RCON Client /101.133.155.170 #49/INFO]: Thread RCON Client /101.133.155.170 shutting down
[21:23:24] [RCON Listener #1/INFO]: Thread RCON Client /101.133.155.170 started
[21:23:24] [RCON Client /101.133.155.170 #50/INFO]: Thread RCON Client /101.133.155.170 shutting down
[21:23:24] [RCON Listener #1/INFO]: Thread RCON Client /101.133.155.170 started
[21:23:24] [RCON Client /101.133.155.170 #51/INFO]: Thread RCON Client /101.133.155.170 shutting down
[21:23:24] [RCON Listener #1/INFO]: Thread RCON Client /101.133.155.170 started
[21:23:24] [RCON Client /101.133.155.170 #52/INFO]: Thread RCON Client /101.133.155.170 shutting down
[21:23:24] [RCON Listener #1/INFO]: Thread RCON Client /101.133.155.170 started
[21:23:25] [RCON Client /101.133.155.170 #53/INFO]: Thread RCON Client /101.133.155.170 shutting down
[21:23:25] [RCON Listener #1/INFO]: Thread RCON Client /101.133.155.170 started
[21:23:25] [RCON Client /101.133.155.170 #54/INFO]: Thread RCON Client /101.133.155.170 shutting down
[21:23:25] [RCON Listener #1/INFO]: Thread RCON Client /101.133.155.170 started
[21:23:25] [RCON Client /101.133.155.170 #55/INFO]: Thread RCON Client /101.133.155.170 shutting down
[21:23:25] [RCON Listener #1/INFO]: Thread RCON Client /101.133.155.170 started
[21:23:26] [RCON Client /101.133.155.170 #56/INFO]: Thread RCON Client /101.133.155.170 shutting down
[21:23:26] [RCON Listener #1/INFO]: Thread RCON Client /101.133.155.170 started
[21:23:26] [RCON Client /101.133.155.170 #57/INFO]: Thread RCON Client /101.133.155.170 shutting down
[21:23:26] [RCON Listener #1/INFO]: Thread RCON Client /101.133.155.170 started
[21:23:26] [RCON Client /101.133.155.170 #58/INFO]: Thread RCON Client /101.133.155.170 shutting down
[21:23:26] [RCON Listener #1/INFO]: Thread RCON Client /101.133.155.170 started
[21:23:26] [RCON Client /101.133.155.170 #59/INFO]: Thread RCON Client /101.133.155.170 shutting down
[21:23:27] [RCON Listener #1/INFO]: Thread RCON Client /101.133.155.170 started
[21:23:27] [RCON Client /101.133.155.170 #60/INFO]: Thread RCON Client /101.133.155.170 shutting down
[21:23:27] [RCON Listener #1/INFO]: Thread RCON Client /101.133.155.170 started
[21:23:27] [RCON Client /101.133.155.170 #61/INFO]: Thread RCON Client /101.133.155.170 shutting down
[21:23:27] [RCON Listener #1/INFO]: Thread RCON Client /101.133.155.170 started
[21:23:27] [RCON Client /101.133.155.170 #62/INFO]: Thread RCON Client /101.133.155.170 shutting down
[21:23:27] [RCON Listener #1/INFO]: Thread RCON Client /101.133.155.170 started
[21:23:28] [RCON Client /101.133.155.170 #63/INFO]: Thread RCON Client /101.133.155.170 shutting down
[21:23:28] [RCON Listener #1/INFO]: Thread RCON Client /101.133.155.170 started
[21:23:28] [RCON Client /101.133.155.170 #64/INFO]: Thread RCON Client /101.133.155.170 shutting down
[21:23:28] [RCON Listener #1/INFO]: Thread RCON Client /101.133.155.170 started
[21:23:28] [RCON Client /101.133.155.170 #65/INFO]: Thread RCON Client /101.133.155.170 shutting down
[21:23:28] [RCON Listener #1/INFO]: Thread RCON Client /101.133.155.170 started
[21:23:29] [RCON Client /101.133.155.170 #66/INFO]: Thread RCON Client /101.133.155.170 shutting down
[21:23:29] [RCON Listener #1/INFO]: Thread RCON Client /101.133.155.170 started
[21:23:29] [RCON Client /101.133.155.170 #67/INFO]: Thread RCON Client /101.133.155.170 shutting down
[21:23:29] [RCON Listener #1/INFO]: Thread RCON Client /101.133.155.170 started
[21:23:29] [RCON Client /101.133.155.170 #68/INFO]: Thread RCON Client /101.133.155.170 shutting down
[21:23:29] [RCON Listener #1/INFO]: Thread RCON Client /101.133.155.170 started
[21:23:30] [RCON Client /101.133.155.170 #69/INFO]: Thread RCON Client /101.133.155.170 shutting down
[21:23:30] [RCON Listener #1/INFO]: Thread RCON Client /101.133.155.170 started
[21:23:30] [RCON Client /101.133.155.170 #70/INFO]: Thread RCON Client /101.133.155.170 shutting down
[21:23:37] [RCON Listener #1/INFO]: Thread RCON Client /101.133.155.170 started
[21:23:37] [RCON Listener #1/INFO]: Thread RCON Client /101.133.155.170 started
[21:23:37] [RCON Client /101.133.155.170 #71/INFO]: Thread RCON Client /101.133.155.170 shutting down
[21:23:47] [RCON Client /101.133.155.170 #72/INFO]: Thread RCON Client /101.133.155.170 shutting down
[21:23:47] [RCON Listener #1/INFO]: Thread RCON Client /101.133.155.170 started
[21:23:47] [RCON Client /101.133.155.170 #73/INFO]: Thread RCON Client /101.133.155.170 shutting down
[21:23:48] [RCON Listener #1/INFO]: Thread RCON Client /101.133.155.170 started
[21:23:48] [RCON Client /101.133.155.170 #74/INFO]: Thread RCON Client /101.133.155.170 shutting down
