[22:57:54] [main/INFO]: Loading for game Minecraft 1.16.2
[22:57:54] [main/INFO]: [FabricLoader] Loading 55 mods: fabric-renderer-api-v1@0.3.1+f8ac1db295, fabric-keybindings-v0@0.2.0+3fa9f7c595, fabricloader@0.9.3+build.207, fabric-structure-api-v1@1.1.0+f8ac1db295, bbor@2.3-1.16.2, com_github_shevek_parallelgzip@master-SNAPSHOT, fabric-containers-v0@0.1.8+045df74f95, fabric-object-builder-api-v1@1.8.1+f8ac1db295, fabric-game-rule-api-v1@1.0.2+f8ac1db295, fabric-api-base@0.1.3+12a8474c95, fabric-rendering-data-attachment-v1@0.1.4+f8ac1db295, fabric-textures-v0@1.0.4+eae12eb895, fabric-rendering-fluids-v1@0.1.12+f8ac1db295, cotton-logging@1.0.0-rc.4, fabric-blockrenderlayer-v1@1.1.4+c6a8ea8995, fabric-lifecycle-events-v1@1.2.0+74cc3b2095, fabric-renderer-registries-v1@2.2.0+f8ac1db295, carpet-extra@1.4.8, fabric-loot-tables-v1@1.0.1+432ea18895, fabric@0.22.1+build.409-1.16, carpet@1.4.11, fabric-particles-v1@0.2.2+fb0d9b0e95, fabric-networking-v0@0.1.10+e00ecb5f95, cotton-config@1.0.0-rc.7, here@0.0.10-mc1.16, minecraft@1.16.2, fabric-screen-handler-api-v1@1.1.0+8724984195, fabric-networking-blockentity-v0@0.2.5+b50ffc7b95, jankson@3.0.0+j1.2.0, fabric-command-api-v1@1.0.8+5ce5339895, phosphor@0.6.0+build.7, bluemap@1.0.0, fabric-tool-attribute-api-v1@1.2.3+f8ac1db295, fabric-renderer-indigo@0.4.1+f8ac1db295, player-roles@1.1.0, org_apache_commons_commons-compress@1.19, fabric-events-interaction-v0@0.4.1+f8ac1db295, fabric-crash-report-info-v1@0.1.2+b7f9825d95, fabric-item-api-v1@1.2.0+f8ac1db295, fabric-rendering-v0@1.1.1+f8ac1db295, fabric-rendering-v1@1.3.1+f8ac1db295, fabric-key-binding-api-v1@1.0.1+730711c695, org_tukaani_xz@1.8, fabric-resource-loader-v0@0.3.1+facf3bbf95, fabric-content-registries-v0@0.1.9+059ea86695, fabric-tag-extensions-v0@1.0.3+ac8e8c5995, fabric-biome-api-v1@2.0.0+c29459ab95, fabric-registry-sync-v0@0.5.2+3c53fe3395, fabric-commands-v0@0.2.0+52d3083695, textile_backup@2.0.1-1.16.3, fabric-mining-levels-v0@0.1.2+b764ce9995, fabric-events-lifecycle-v0@0.2.0+16acbe5b95, fabric-item-groups-v0@0.2.0+438f963695, fabric-models-v0@0.1.1+f8ac1db295, fabric-object-builders-v0@0.7.0+432ea18895
[22:57:54] [main/WARN]: Mod `com_github_shevek_parallelgzip` (master-SNAPSHOT) does not respect SemVer - comparison support is limited.
[22:57:54] [main/INFO]: SpongePowered MIXIN Subsystem Version=0.8.1 Source=file:/D:/Users/MAX_XiaoKui0156/Server/survival/fabric-server-launch.jar Service=Knot/Fabric Env=SERVER
[22:58:02] [main/INFO]: [Textile Backup] Starting Textile Backup by Szum123321.
[22:58:03] [main/INFO]: Environment: authHost='https://authserver.mojang.com', accountsHost='https://api.mojang.com', sessionHost='https://sessionserver.mojang.com', name='PROD'
[22:58:03] [main/WARN]: Ambiguity between arguments [bluemap, marker, create, id, map, x] and [bluemap, marker, create, id, map, label] with inputs: [0, -1, -.5, 1.2, .5, -1234.56]
[22:58:03] [main/WARN]: Ambiguity between arguments [bluemap, render, cancel] and [bluemap, render, world|map] with inputs: [cancel]
[22:58:03] [main/WARN]: Ambiguity between arguments [bluemap, render, prioritize] and [bluemap, render, world|map] with inputs: [prioritize]
[22:58:03] [main/WARN]: Ambiguity between arguments [bluemap, render, radius] and [bluemap, render, world|map] with inputs: [0, -123, 123]
[22:58:03] [main/WARN]: Ambiguity between arguments [bluemap, render, radius] and [bluemap, render, x] with inputs: [0, -123, 123]
[22:58:03] [main/WARN]: Ambiguity between arguments [bluemap, render, x] and [bluemap, render, radius] with inputs: [0, -1]
[22:58:03] [main/WARN]: Ambiguity between arguments [bluemap, render, x] and [bluemap, render, world|map] with inputs: [0, -1, -.5, 1.2, .5, -1234.56]
[22:58:03] [main/WARN]: Ambiguity between arguments [teleport, destination] and [teleport, targets] with inputs: [Player, 0123, @e, dd12be42-52a9-4a91-a8a1-11c01849e498]
[22:58:03] [main/WARN]: Ambiguity between arguments [teleport, location] and [teleport, destination] with inputs: [0.1 -0.5 .9, 0 0 0]
[22:58:03] [main/WARN]: Ambiguity between arguments [teleport, location] and [teleport, targets] with inputs: [0.1 -0.5 .9, 0 0 0]
[22:58:03] [main/WARN]: Ambiguity between arguments [teleport, targets] and [teleport, destination] with inputs: [Player, 0123, dd12be42-52a9-4a91-a8a1-11c01849e498]
[22:58:03] [main/WARN]: Ambiguity between arguments [teleport, targets, location] and [teleport, targets, destination] with inputs: [0.1 -0.5 .9, 0 0 0]
[22:58:04] [main/INFO]: Reloading ResourceManager: Default, bukkit, FZ.sDatapack-1.5.0-SNAPSHOT, Fabric Tool Attribute API (v1), Player Roles
[22:58:05] [Worker-Main-10/INFO]: Loaded 7 recipes
[22:58:05] [Worker-Main-10/INFO]: Loaded 927 advancements
[22:58:06] [main/WARN]: [fabric-registry-sync] Could not find the following registries: minecraft:biome_source_type, minecraft:block_state_provider_type, minecraft:dimension_type, minecraft:structure_piece, minecraft:carver, minecraft:block_placer_type, minecraft:decorator, minecraft:structure_feature, minecraft:surface_builder, minecraft:foliage_placer_type, minecraft:feature, minecraft:tree_decorator_type, minecraft:structure_pool_element, minecraft:biome, minecraft:chunk_generator_type, minecraft:structure_processor
[22:58:06] [main/INFO]: [fabric-registry-sync] Loaded registry data [file 1/4]
[22:58:06] [Server thread/INFO]: Starting minecraft server version 1.16.2
[22:58:06] [Server thread/INFO]: Loading properties
[22:58:06] [Server thread/INFO]: Default game type: SURVIVAL
[22:58:06] [Server thread/INFO]: Generating keypair
[22:58:06] [Server thread/INFO]: Starting Minecraft server on *:34268
[22:58:06] [Server thread/INFO]: Using default channel type
[22:58:06] [Server thread/WARN]: **** SERVER IS RUNNING IN OFFLINE/INSECURE MODE!
[22:58:06] [Server thread/WARN]: The server will make no attempt to authenticate usernames. Beware.
[22:58:06] [Server thread/WARN]: While this makes the game possible to play without internet access, it also opens up the ability for hackers to connect with any username they choose.
[22:58:06] [Server thread/WARN]: To change this, set "online-mode" to "true" in the server.properties file.
[22:58:06] [Server thread/INFO]: Preparing level "world"
[22:58:06] [Server thread/ERROR]: [CM]: Carpet Mod Setting unloadedEntityFix is not a valid - ignoring...
[22:58:06] [Server thread/INFO]: [CM]: loaded setting combineXPOrbs as true from carpet.conf
[22:58:06] [Server thread/INFO]: [CM]: loaded setting onePlayerSleeping as true from carpet.conf
[22:58:06] [Server thread/INFO]: [CM]: loaded setting leadFix as true from carpet.conf
[22:58:06] [Server thread/INFO]: [CM]: loaded setting ctrlQCraftingFix as true from carpet.conf
[22:58:06] [Server thread/INFO]: [CM]: loaded setting language as zh_cn from carpet.conf
[22:58:06] [Server thread/INFO]: [CM]: loaded setting commandTick as true from carpet.conf
[22:58:06] [Server thread/INFO]: [CM]: loaded setting commandDraw as false from carpet.conf
[22:58:06] [Server thread/INFO]: [CM]: loaded setting fastRedstoneDust as true from carpet.conf
[22:58:06] [Server thread/INFO]: [CM]: loaded setting rotatorBlock as true from carpet.conf
[22:58:06] [Server thread/INFO]: [CM]: loaded setting commandPlayer as true from carpet.conf
[22:58:06] [Server thread/INFO]: [CM]: loaded setting reloadSuffocationFix as true from carpet.conf
[22:58:06] [Server thread/INFO]: [CM]: loaded setting antiCheatDisabled as true from carpet.conf
[22:58:06] [Server thread/INFO]: [CM]: loaded setting commandPing as true from carpet.conf
[22:58:06] [Server thread/INFO]: [CM]: loaded setting defaultLoggers as tps,mobcaps from carpet.conf
[22:58:06] [Server thread/INFO]: [CM]: loaded setting placementRotationFix as true from carpet.conf
[22:58:06] [Server thread/INFO]: [CM]: loaded setting hopperCounters as true from carpet.conf
[22:58:06] [Server thread/INFO]: [CM]: loaded setting flippinCactus as true from carpet.conf
[22:58:06] [Server thread/INFO]: [CM]: loaded setting lagFreeSpawning as true from carpet.conf
[22:58:06] [Server thread/INFO]: create world dimension: minecraft:overworld (seed: 20190827)
[22:58:06] [Server thread/INFO]: create world dimension: minecraft:the_nether (seed: 20190827)
[22:58:06] [Server thread/INFO]: create world dimension: minecraft:the_end (seed: 20190827)
[22:58:06] [Server thread/INFO]: Preparing start region for dimension minecraft:overworld
[22:58:07] [Server thread/INFO]: Preparing spawn area: 0%
[22:58:07] [Server thread/INFO]: Preparing spawn area: 0%
[22:58:07] [Server thread/INFO]: Preparing spawn area: 0%
[22:58:08] [Server thread/INFO]: Time elapsed: 2072 ms
[22:58:08] [Server thread/INFO]: Done (2.363s)! For help, type "help"
[22:58:08] [Server thread/INFO]: Starting remote control listener
[22:58:08] [Server thread/INFO]: Thread RCON Listener started
[22:58:08] [Server thread/INFO]: RCON running on 0.0.0.0:796
[22:58:08] [Thread-61/INFO]: Loading BlueMap...
[22:58:09] [Thread-61/INFO]: Loading resources...
[22:58:09] [Thread-62/INFO]: WebServer started.
[22:58:09] [Server thread/INFO]: Nan_Yang[/127.0.0.1:59785] logged in with entity id 91 at (-333.82242535066155, 68.5, 353.3066228096595)
[22:58:09] [Server thread/INFO]: Nan_Yang joined the game
[22:58:09] [Server thread/INFO]: Can only manipulate existing players
[22:58:09] [Server thread/INFO]: Can only manipulate existing players
[22:58:09] [Netty Server IO #2/WARN]: Received invalid identifier in minecraft:register: legacy:fml|hs (Non [a-z0-9/._-] character in path of location: legacy:fml|hs)
[22:58:10] [Netty Server IO #2/WARN]: Player Nan_Yang joined with another carpet version: 1.4.9+v200815
[22:58:14] [Thread-61/INFO]: Loading bluemap assets (1/3)...
[22:58:14] [Thread-61/INFO]: Loading realms assets (2/3)...
[22:58:14] [Thread-61/INFO]: Loading minecraft assets (3/3)...
[22:58:15] [Thread-61/INFO]: BlueMap loaded!
[22:58:39] [Server thread/INFO]: WelcoFa[/127.0.0.1:59798] logged in with entity id 632 at (-405.542506279123, 70.0, 527.638760803403)
[22:58:39] [Server thread/INFO]: WelcoFa joined the game
[22:58:39] [Netty Server IO #10/WARN]: Received invalid identifier in minecraft:register: legacy:fml|hs (Non [a-z0-9/._-] character in path of location: legacy:fml|hs)
[22:59:00] [Server thread/INFO]: Can only manipulate existing players
[22:59:00] [Server thread/INFO]: Can only manipulate existing players
[22:59:19] [Server thread/INFO]: <Nan_Yang> 一会我再逛逛
[23:00:00] [Server thread/INFO]: Can only manipulate existing players
[23:00:00] [Server thread/INFO]: Can only manipulate existing players
[23:00:00] [Server thread/INFO]: shuijiao[local] logged in with entity id 1330 at (-41.5, 62.0, 240.5)
[23:00:00] [Server thread/INFO]: shuijiao joined the game
[23:00:01] [Thread-83/INFO]: [STDERR]: java.lang.NullPointerException: Cannot invoke "com.google.gson.JsonObject.get(String)" because the return value of "com.google.gson.JsonObject.getAsJsonObject(String)" is null
[23:00:01] [Thread-83/INFO]: [STDERR]: 	at de.bluecolored.bluemap.common.plugin.skins.PlayerSkin.readTextureUrl(PlayerSkin.java:146)
[23:00:01] [Thread-83/INFO]: [STDERR]: 	at de.bluecolored.bluemap.common.plugin.skins.PlayerSkin.lambda$loadSkin$1(PlayerSkin.java:108)
[23:00:01] [Thread-83/INFO]: [STDERR]: 	at java.base/java.lang.Thread.run(Thread.java:832)
[23:01:11] [Server thread/INFO]: WelcoFa lost connection: Disconnected
[23:01:11] [Server thread/INFO]: WelcoFa left the game
[23:02:39] [Server thread/WARN]: Fetching packet for removed entity class_1542['Air'/3533, l='ServerLevel[world]', x=-367.30, y=70.26, z=440.50]
[23:04:11] [Server thread/INFO]: Nan_Yang lost connection: Disconnected
[23:04:11] [Server thread/INFO]: Nan_Yang left the game
[23:07:52] [Server thread/WARN]: Fetching packet for removed entity class_1542['Air'/4835, l='ServerLevel[world]', x=-89.95, y=7.12, z=279.76]
[23:10:00] [Server thread/INFO]: Player shuijiao is already logged on
[23:20:00] [Server thread/INFO]: Player shuijiao is already logged on
[23:28:42] [Server thread/WARN]: Fetching packet for removed entity class_1542['Air'/6918, l='ServerLevel[world]', x=-88.10, y=7.00, z=281.95]
[23:29:59] [Server thread/WARN]: Fetching packet for removed entity class_1542['Air'/6993, l='ServerLevel[world]', x=-87.94, y=7.00, z=281.95]
[23:30:00] [Server thread/INFO]: Player shuijiao is already logged on
[23:40:00] [Server thread/INFO]: Player shuijiao is already logged on
[23:50:00] [Server thread/INFO]: Player shuijiao is already logged on
