[15:47:44] [main/INFO]: Loading for game Minecraft 1.16.2
[15:47:44] [main/INFO]: [FabricLoader] Loading 55 mods: fabric-renderer-api-v1@0.3.0+8bcfced84e, fabric-keybindings-v0@0.2.0+3fa9f7c54e, fabricloader@0.9.3+build.207, fabric-structure-api-v1@1.0.1+fb0d9b0e4e, bbor@2.3-1.16.1, com_github_shevek_parallelgzip@master-SNAPSHOT, lithium@0.5.4, fabric-containers-v0@0.1.8+045df74f4e, fabric-object-builder-api-v1@1.7.0+432ea1884e, fabric-game-rule-api-v1@1.0.1+91555cd14e, fabric-api-base@0.1.3+12a8474c4e, fabric-rendering-data-attachment-v1@0.1.3+b7f9825d4e, fabric-textures-v0@1.0.4+eae12eb84e, fabric-rendering-fluids-v1@0.1.11+fb0d9b0e4e, cotton-logging@1.0.0-rc.4, fabric-blockrenderlayer-v1@1.1.4+c6a8ea894e, fabric-lifecycle-events-v1@1.2.0+74cc3b204e, fabric-renderer-registries-v1@2.1.0+e2862de64e, carpet-extra@1.4.8, fabric-loot-tables-v1@1.0.1+432ea1884e, fabric@0.20.1+build.401-1.16, carpet@1.4.9, fabric-particles-v1@0.2.2+fb0d9b0e4e, fabric-networking-v0@0.1.10+e00ecb5f4e, cotton-config@1.0.0-rc.7, fabric-screen-handler-api-v1@1.1.0+872498414e, minecraft@1.16.2, here@0.0.10-mc1.16, fabric-networking-blockentity-v0@0.2.5+b50ffc7b4e, jankson@3.0.0+j1.2.0, fabric-command-api-v1@1.0.8+5ce533984e, phosphor@0.6.0+build.7, bluemap@1.0.0, fabric-tool-attribute-api-v1@1.2.2+ccce563e4e, fabric-renderer-indigo@0.4.0+8bcfced84e, player-roles@1.1.0, org_apache_commons_commons-compress@1.19, fabric-item-api-v1@1.1.0+29679fd64e, fabric-crash-report-info-v1@0.1.2+b7f9825d4e, fabric-events-interaction-v0@0.4.0+e2e6cdad4e, fabric-rendering-v0@1.1.0+534104904e, fabric-rendering-v1@1.3.0+432ea1884e, fabric-key-binding-api-v1@1.0.1+730711c64e, org_tukaani_xz@1.8, fabric-resource-loader-v0@0.3.1+facf3bbf4e, fabric-content-registries-v0@0.1.9+059ea8664e, fabric-tag-extensions-v0@1.0.3+ac8e8c594e, fabric-registry-sync-v0@0.4.5+fcdfdfa14e, fabric-commands-v0@0.2.0+52d308364e, textile_backup@2.0.0-1.16.2, fabric-mining-levels-v0@0.1.2+b764ce994e, fabric-events-lifecycle-v0@0.2.0+16acbe5b4e, fabric-item-groups-v0@0.2.0+438f96364e, fabric-models-v0@0.1.0+dfdb52d64e, fabric-object-builders-v0@0.7.0+432ea1884e
[15:47:44] [main/WARN]: Mod `com_github_shevek_parallelgzip` (master-SNAPSHOT) does not respect SemVer - comparison support is limited.
[15:47:44] [main/INFO]: SpongePowered MIXIN Subsystem Version=0.8.1 Source=file:/D:/Users/MAX_XiaoKui0156/Server/survival/fabric-server-launch.jar Service=Knot/Fabric Env=SERVER
[15:47:48] [main/WARN]: @Mixin target net/minecraft/class_3898$class_3208 is public in fabric-networking-v[15:47:52] [main/INFO]: [Textile Backup] Starting Textile Backup by Szum123321.
[15:47:52] [main/INFO]: Environment: authHost='https://authserver.mojang.com', accountsHost='https://api.mojang.com', sessionHost='https://sessionserver.mojang.com', name='PROD'
[15:47:53] [main/WARN]: Ambiguity between arguments [bluemap, marker, create, id, map, x] and [bluemap, marker, create, id, map, label] with inputs: [0, -1, -.5, 1.2, .5, -1234.56]
[15:47:53] [main/WARN]: Ambiguity between arguments [bluemap, render, cancel] and [bluemap, render, world|map] with inputs: [cancel]
[15:47:53] [main/WARN]: Ambiguity between arguments [bluemap, render, prioritize] and [bluemap, render, world|map] with inputs: [prioritize]
[15:47:53] [main/WARN]: Ambiguity between arguments [bluemap, render, radius] and [bluemap, render, world|map] with inputs: [0, -123, 123]
[15:47:53] [main/WARN]: Ambiguity between arguments [bluemap, render, radius] and [bluemap, render, x] with inputs: [0, -123, 123]
[15:47:53] [main/WARN]: Ambiguity between arguments [bluemap, render, x] and [bluemap, render, radius] with inputs: [0, -1]
[15:47:53] [main/WARN]: Ambiguity between arguments [bluemap, render, x] and [bluemap, render, world|map] with inputs: [0, -1, -.5, 1.2, .5, -1234.56]
[15:47:53] [main/WARN]: Ambiguity between arguments [teleport, destination] and [teleport, targets] with inputs: [Player, 0123, @e, dd12be42-52a9-4a91-a8a1-11c01849e498]
[15:47:53] [main/WARN]: Ambiguity between arguments [teleport, location] and [teleport, destination] with inputs: [0.1 -0.5 .9, 0 0 0]
[15:47:53] [main/WARN]: Ambiguity between arguments [teleport, location] and [teleport, targets] with inputs: [0.1 -0.5 .9, 0 0 0]
[15:47:53] [main/WARN]: Ambiguity between arguments [teleport, targets] and [teleport, destination] with inputs: [Player, 0123, dd12be42-52a9-4a91-a8a1-11c01849e498]
[15:47:53] [main/WARN]: Ambiguity between arguments [teleport, targets, location] and [teleport, targets, destination] with inputs: [0.1 -0.5 .9, 0 0 0]
[15:47:53] [main/INFO]: Reloading ResourceManager: Default, bukkit, Fabric Tool Attribute API (v1), Player Roles, FZ.sDatapack-1.5.0-SNAPSHOT
[15:47:54] [Worker-Main-14/INFO]: Loaded 7 recipes
[15:47:54] [Worker-Main-14/INFO]: Loaded 927 advancements
[15:47:54] [main/WARN]: [fabric-registry-sync] Could not find the following registries: minecraft:biome_source_type, minecraft:block_state_provider_type, minecraft:dimension_type, minecraft:structure_piece, minecraft:carver, minecraft:block_placer_type, minecraft:decorator, minecraft:structure_feature, minecraft:surface_builder, minecraft:foliage_placer_type, minecraft:feature, minecraft:tree_decorator_type, minecraft:structure_pool_element, minecraft:biome, minecraft:chunk_generator_type, minecraft:structure_processor
[15:47:54] [main/INFO]: [fabric-registry-sync] Loaded registry data [file 1/4]
[15:47:54] [Server thread/INFO]: Starting minecraft server version 1.16.2
[15:47:54] [Server thread/INFO]: Loading properties
[15:47:54] [Server thread/INFO]: Default game type: SURVIVAL
[15:47:54] [Server thread/INFO]: Generating keypair
[15:47:55] [Server thread/INFO]: Starting Minecraft server on *:34268
[15:47:55] [Server thread/INFO]: Using default channel type
[15:47:55] [Server thread/WARN]: **** SERVER IS RUNNING IN OFFLINE/INSECURE MODE!
[15:47:55] [Server thread/WARN]: The server will make no attempt to authenticate usernames. Beware.
[15:47:55] [Server thread/WARN]: While this makes the game possible to play without internet access, it also opens up the ability for hackers to connect with any username they choose.
[15:47:55] [Server thread/WARN]: To change this, set "online-mode" to "true" in the server.properties file.
[15:47:55] [Server thread/INFO]: Preparing level "world"
[15:47:55] [Server thread/INFO]: [CM]: loaded setting combineXPOrbs as true from carpet.conf
[15:47:55] [Server thread/INFO]: [CM]: loaded setting onePlayerSleeping as true from carpet.conf
[15:47:55] [Server thread/INFO]: [CM]: loaded setting leadFix as true from carpet.conf
[15:47:55] [Server thread/INFO]: [CM]: loaded setting ctrlQCraftingFix as true from carpet.conf
[15:47:55] [Server thread/INFO]: [CM]: loaded setting language as zh_cn from carpet.conf
[15:47:55] [Server thread/INFO]: [CM]: loaded setting commandTick as true from carpet.conf
[15:47:55] [Server thread/INFO]: [CM]: loaded setting commandDraw as false from carpet.conf
[15:47:55] [Server thread/INFO]: [CM]: loaded setting fastRedstoneDust as true from carpet.conf
[15:47:55] [Server thread/INFO]: [CM]: loaded setting rotatorBlock as true from carpet.conf
[15:47:55] [Server thread/INFO]: [CM]: loaded setting commandPlayer as true from carpet.conf
[15:47:55] [Server thread/INFO]: [CM]: loaded setting reloadSuffocationFix as true from carpet.conf
[15:47:55] [Server thread/INFO]: [CM]: loaded setting antiCheatDisabled as true from carpet.conf
[15:47:55] [Server thread/INFO]: [CM]: loaded setting commandPing as true from carpet.conf
[15:47:55] [Server thread/INFO]: [CM]: loaded setting defaultLoggers as tps,mobcaps from carpet.conf
[15:47:55] [Server thread/INFO]: [CM]: loaded setting unloadedEntityFix as true from carpet.conf
[15:47:55] [Server thread/INFO]: [CM]: loaded setting placementRotationFix as true from carpet.conf
[15:47:55] [Server thread/INFO]: [CM]: loaded setting hopperCounters as true from carpet.conf
[15:47:55] [Server thread/INFO]: [CM]: loaded setting flippinCactus as true from carpet.conf
[15:47:55] [Server thread/INFO]: [CM]: loaded setting lagFreeSpawning as true from carpet.conf
[15:47:55] [Server thread/INFO]: create world dimension: minecraft:overworld (seed: 20190827)
[15:47:55] [Server thread/INFO]: create world dimension: minecraft:the_nether (seed: 20190827)
[15:47:55] [Server thread/INFO]: create world dimension: minecraft:the_end (seed: 20190827)
[15:47:55] [Server thread/INFO]: Preparing start region for dimension minecraft:overworld
[15:47:56] [Server thread/INFO]: Preparing spawn area: 0%
[15:47:56] [Server thread/INFO]: Preparing spawn area: 0%
[15:47:56] [Server thread/INFO]: Preparing spawn area: 0%
[15:47:57] [Server thread/INFO]: Preparing spawn area: 0%
[15:47:57] [Server thread/INFO]: Time elapsed: 2373 ms
[15:47:57] [Server thread/INFO]: Done (2.680s)! For help, type "help"
[15:47:57] [Server thread/INFO]: Starting remote control listener
[15:47:57] [Server thread/INFO]: Thread RCON Listener started
[15:47:57] [Server thread/INFO]: RCON running on 0.0.0.0:796
[15:47:57] [Thread-61/INFO]: Loading BlueMap...
[15:47:58] [Thread-61/INFO]: Loading resources...
[15:47:58] [Thread-62/INFO]: WebServer started.
[15:48:00] [Server thread/INFO]: Can only manipulate existing players
[15:48:00] [Server thread/INFO]: Can only manipulate existing players
[15:48:01] [Thread-61/INFO]: Loading bluemap assets (1/3)...
[15:48:01] [Thread-61/INFO]: Loading realms assets (2/3)...
[15:48:01] [Thread-61/INFO]: Loading minecraft assets (3/3)...
[15:48:02] [Thread-61/INFO]: BlueMap loaded!
[15:49:00] [Server thread/INFO]: Can only manipulate existing players
[15:49:00] [Server thread/INFO]: Can only manipulate existing players
[15:50:00] [Server thread/INFO]: Can only manipulate existing players
[15:50:00] [Server thread/INFO]: Can only manipulate existing players
[15:50:00] [Server thread/INFO]: shuijiao[local] logged in with entity id 101 at (-41.5, 62.0, 240.5)
[15:50:00] [Server thread/INFO]: shuijiao joined the game
[15:50:00] [Thread-81/INFO]: [STDERR]: java.lang.NullPointerException
[15:50:00] [Thread-81/INFO]: [STDERR]: 	at de.bluecolored.bluemap.common.plugin.skins.PlayerSkin.readTextureUrl(PlayerSkin.java:146)
[15:50:00] [Thread-81/INFO]: [STDERR]: 	at de.bluecolored.bluemap.common.plugin.skins.PlayerSkin.lambda$loadSkin$1(PlayerSkin.java:108)
[15:50:00] [Thread-81/INFO]: [STDERR]: 	at java.base/java.lang.Thread.run(Thread.java:832)
[16:00:00] [Server thread/INFO]: Player shuijiao is already logged on
[16:10:00] [Server thread/INFO]: Player shuijiao is already logged on
[16:17:01] [Server thread/WARN]: Fetching packet for removed entity class_1542['Air'/3164, l='ServerLevel[world]', x=-88.57, y=7.00, z=281.95]
[16:18:05] [Server thread/WARN]: Fetching packet for removed entity class_1542['Air'/3316, l='ServerLevel[world]', x=-91.43, y=7.00, z=281.57]
[16:20:00] [Server thread/INFO]: Player shuijiao is already logged on
[16:22:08] [Server thread/WARN]: Fetching packet for removed entity class_1542['Air'/3943, l='ServerLevel[world]', x=-86.05, y=7.00, z=279.73]
[16:30:00] [Server thread/INFO]: Player shuijiao is already logged on
[16:40:00] [Server thread/INFO]: Player shuijiao is already logged on
[16:50:00] [Server thread/INFO]: Player shuijiao is already logged on
[16:50:00] [Server thread/INFO]: [Textile Backup] Backup started by: Timer on: 2020-09-16_16-50-00
[16:50:00] [Server thread/INFO]: [Textile Backup] Saving server...
[16:50:00] [Server thread/INFO]: ThreadedAnvilChunkStorage (world): All chunks are saved
[16:50:00] [Server thread/INFO]: ThreadedAnvilChunkStorage (DIM-1): All chunks are saved
[16:50:00] [Server thread/INFO]: ThreadedAnvilChunkStorage (DIM1): All chunks are saved
[16:50:00] [pool-3-thread-1/INFO]: [Textile Backup] Starting backup
[16:50:08] [pool-3-thread-1/INFO]: [Textile Backup] Done!
[17:00:00] [Server thread/INFO]: Player shuijiao is already logged on
[17:04:19] [Server thread/WARN]: Fetching packet for removed entity class_1542['Air'/8784, l='ServerLevel[world]', x=-88.65, y=7.00, z=278.05]
[17:06:52] [Server thread/WARN]: Fetching packet for removed entity class_1542['Air'/9142, l='ServerLevel[world]', x=-87.80, y=7.00, z=278.05]
[17:10:00] [Server thread/INFO]: Player shuijiao is already logged on
[17:13:46] [Server thread/WARN]: Fetching packet for removed entity class_1542['Air'/9892, l='ServerLevel[world]', x=-89.95, y=7.00, z=279.37]
[17:20:00] [Server thread/INFO]: Player shuijiao is already logged on
[17:28:18] [Server thread/WARN]: Fetching packet for removed entity class_1542['Air'/11436, l='ServerLevel[world]', x=-86.05, y=7.00, z=280.37]
[17:30:00] [Server thread/INFO]: Player shuijiao is already logged on
[17:39:16] [Server thread/WARN]: Fetching packet for removed entity class_1542['Air'/12809, l='ServerLevel[world]', x=-89.95, y=7.00, z=279.41]
[17:40:00] [Server thread/INFO]: Player shuijiao is already logged on
[17:43:11] [Server thread/WARN]: Fetching packet for removed entity class_1542['Air'/13177, l='ServerLevel[world]', x=-88.08, y=7.00, z=278.05]
[17:44:47] [Server thread/WARN]: Fetching packet for removed entity class_1542['Air'/13298, l='ServerLevel[world]', x=-87.01, y=7.00, z=278.05]
[17:46:42] [Server thread/WARN]: Fetching packet for removed entity class_1542['Air'/13488, l='ServerLevel[world]', x=-86.05, y=7.00, z=279.99]
[17:50:00] [Server thread/INFO]: Player shuijiao is already logged on
[17:50:00] [Server thread/INFO]: [Textile Backup] Backup started by: Timer on: 2020-09-16_17-50-00
[17:50:00] [Server thread/INFO]: [Textile Backup] Saving server...
[17:50:00] [Server thread/INFO]: ThreadedAnvilChunkStorage (world): All chunks are saved
[17:50:00] [Server thread/INFO]: ThreadedAnvilChunkStorage (DIM-1): All chunks are saved
[17:50:00] [Server thread/INFO]: ThreadedAnvilChunkStorage (DIM1): All chunks are saved
[17:50:00] [pool-3-thread-1/INFO]: [Textile Backup] Starting backup
[17:50:08] [pool-3-thread-1/INFO]: [Textile Backup] Done!
[17:56:10] [Server thread/WARN]: Fetching packet for removed entity class_1542['Air'/14237, l='ServerLevel[world]', x=-85.53, y=7.00, z=280.36]
[18:00:00] [Server thread/INFO]: Player shuijiao is already logged on
[18:10:00] [Server thread/INFO]: Player shuijiao is already logged on
[18:12:14] [Server thread/WARN]: Fetching packet for removed entity class_1542['Air'/15960, l='ServerLevel[world]', x=-89.95, y=7.00, z=280.36]
[18:20:00] [Server thread/INFO]: Player shuijiao is already logged on
[18:24:17] [Server thread/WARN]: Fetching packet for removed entity class_1542['Air'/17179, l='ServerLevel[world]', x=-87.43, y=7.00, z=281.95]
[18:27:40] [Server thread/WARN]: Fetching packet for removed entity class_1542['Air'/17653, l='ServerLevel[world]', x=-89.95, y=7.00, z=280.24]
[18:30:00] [Server thread/INFO]: Player shuijiao is already logged on
[18:40:00] [Server thread/INFO]: Player shuijiao is already logged on
[18:50:00] [Server thread/INFO]: Player shuijiao is already logged on
[18:50:00] [Server thread/INFO]: [Textile Backup] Backup started by: Timer on: 2020-09-16_18-50-00
[18:50:00] [Server thread/INFO]: [Textile Backup] Saving server...
[18:50:00] [Server thread/INFO]: ThreadedAnvilChunkStorage (world): All chunks are saved
[18:50:00] [Server thread/INFO]: ThreadedAnvilChunkStorage (DIM-1): All chunks are saved
[18:50:00] [Server thread/INFO]: ThreadedAnvilChunkStorage (DIM1): All chunks are saved
[18:50:00] [pool-3-thread-1/INFO]: [Textile Backup] Starting backup
[18:50:08] [pool-3-thread-1/INFO]: [Textile Backup] Done!
[18:59:36] [Server thread/WARN]: Fetching packet for removed entity class_1542['Air'/20820, l='ServerLevel[world]', x=-89.95, y=7.00, z=279.59]
[19:00:00] [Server thread/INFO]: Player shuijiao is already logged on
[19:03:07] [Server thread/WARN]: Fetching packet for removed entity class_1542['Air'/21247, l='ServerLevel[world]', x=-87.94, y=7.00, z=278.05]
[19:10:00] [Server thread/INFO]: Player shuijiao is already logged on
[19:13:10] [Server thread/WARN]: Fetching packet for removed entity class_1542['Air'/22416, l='ServerLevel[world]', x=-89.95, y=7.00, z=279.91]
[19:16:40] [Server thread/WARN]: Fetching packet for removed entity class_1542['Air'/22833, l='ServerLevel[world]', x=-86.05, y=7.00, z=279.79]
[19:20:00] [Server thread/INFO]: Player shuijiao is already logged on
[19:30:00] [Server thread/INFO]: Player shuijiao is already logged on
[19:39:47] [Server thread/WARN]: Fetching packet for removed entity class_1542['Air'/25474, l='ServerLevel[world]', x=-88.65, y=7.00, z=278.05]
[19:40:00] [Server thread/INFO]: Player shuijiao is already logged on
[19:48:40] [Server thread/WARN]: Fetching packet for removed entity class_1542['Air'/26512, l='ServerLevel[world]', x=-87.60, y=7.00, z=278.05]
[19:50:00] [Server thread/INFO]: Player shuijiao is already logged on
[19:50:00] [Server thread/INFO]: [Textile Backup] Backup started by: Timer on: 2020-09-16_19-50-00
[19:50:00] [Server thread/INFO]: [Textile Backup] Saving server...
[19:50:00] [Server thread/INFO]: ThreadedAnvilChunkStorage (world): All chunks are saved
[19:50:00] [Server thread/INFO]: ThreadedAnvilChunkStorage (DIM-1): All chunks are saved
[19:50:00] [Server thread/INFO]: ThreadedAnvilChunkStorage (DIM1): All chunks are saved
[19:50:00] [pool-3-thread-1/INFO]: [Textile Backup] Starting backup
[19:50:08] [pool-3-thread-1/INFO]: [Textile Backup] Done!
[19:53:30] [Server thread/WARN]: Fetching packet for removed entity class_1542['Air'/26858, l='ServerLevel[world]', x=-89.97, y=7.00, z=279.01]
[20:00:00] [Server thread/INFO]: Player shuijiao is already logged on
[20:10:00] [Server thread/INFO]: Player shuijiao is already logged on
[20:20:00] [Server thread/INFO]: Player shuijiao is already logged on
[20:30:00] [Server thread/INFO]: Player shuijiao is already logged on
[20:38:40] [Server thread/WARN]: Fetching packet for removed entity class_1542['Air'/31767, l='ServerLevel[world]', x=-89.95, y=7.00, z=279.98]
[20:40:00] [Server thread/INFO]: Player shuijiao is already logged on
[20:50:00] [Server thread/INFO]: Player shuijiao is already logged on
[20:50:00] [Server thread/INFO]: [Textile Backup] Backup started by: Timer on: 2020-09-16_20-50-00
[20:50:00] [Server thread/INFO]: [Textile Backup] Saving server...
[20:50:00] [Server thread/INFO]: ThreadedAnvilChunkStorage (world): All chunks are saved
[20:50:00] [Server thread/INFO]: ThreadedAnvilChunkStorage (DIM-1): All chunks are saved
[20:50:00] [Server thread/INFO]: ThreadedAnvilChunkStorage (DIM1): All chunks are saved
[20:50:00] [pool-3-thread-1/INFO]: [Textile Backup] Starting backup
[20:50:08] [pool-3-thread-1/INFO]: [Textile Backup] Done!
[20:58:10] [Server thread/WARN]: Fetching packet for removed entity class_1542['Air'/33982, l='ServerLevel[world]', x=-86.05, y=7.00, z=279.01]
[21:00:00] [Server thread/INFO]: Player shuijiao is already logged on
[21:10:00] [Server thread/INFO]: Player shuijiao is already logged on
[21:20:00] [Server thread/INFO]: Player shuijiao is already logged on
[21:30:00] [Server thread/INFO]: Player shuijiao is already logged on
[21:38:12] [Server thread/WARN]: Fetching packet for removed entity class_1542['Air'/37968, l='ServerLevel[world]', x=-88.78, y=7.00, z=278.05]
[21:40:00] [Server thread/INFO]: Player shuijiao is already logged on
[21:40:42] [Server thread/WARN]: Fetching packet for removed entity class_1542['Air'/38325, l='ServerLevel[world]', x=-86.05, y=7.00, z=279.30]
[21:48:45] [Server thread/WARN]: Fetching packet for removed entity class_1542['Air'/39187, l='ServerLevel[world]', x=-88.45, y=7.00, z=281.95]
[21:50:00] [Server thread/INFO]: Player shuijiao is already logged on
[21:50:00] [Server thread/INFO]: [Textile Backup] Backup started by: Timer on: 2020-09-16_21-50-00
[21:50:00] [Server thread/INFO]: [Textile Backup] Saving server...
[21:50:00] [Server thread/INFO]: ThreadedAnvilChunkStorage (world): All chunks are saved
[21:50:00] [Server thread/INFO]: ThreadedAnvilChunkStorage (DIM-1): All chunks are saved
[21:50:00] [Server thread/INFO]: ThreadedAnvilChunkStorage (DIM1): All chunks are saved
[21:50:00] [pool-3-thread-1/INFO]: [Textile Backup] Starting backup
[21:50:08] [pool-3-thread-1/INFO]: [Textile Backup] Done!
[22:00:00] [Server thread/INFO]: Player shuijiao is already logged on
[22:02:29] [Server thread/WARN]: Fetching packet for removed entity class_1542['Air'/40834, l='ServerLevel[world]', x=-87.01, y=7.00, z=278.05]
[22:10:00] [Server thread/INFO]: Player shuijiao is already logged on
[22:12:39] [Server thread/WARN]: Fetching packet for removed entity class_1542['Air'/42058, l='ServerLevel[world]', x=-89.95, y=7.00, z=280.10]
[22:14:47] [Server thread/WARN]: Fetching packet for removed entity class_1542['Air'/42343, l='ServerLevel[world]', x=-87.14, y=7.00, z=281.95]
[22:20:00] [Server thread/INFO]: Player shuijiao is already logged on
[22:25:22] [Server thread/WARN]: Fetching packet for removed entity class_1542['Air'/43489, l='ServerLevel[world]', x=-86.05, y=7.00, z=280.19]
[22:30:00] [Server thread/INFO]: Player shuijiao is already logged on
[22:30:15] [Server thread/WARN]: Fetching packet for removed entity class_1542['Air'/44077, l='ServerLevel[world]', x=-88.37, y=7.00, z=278.05]
[22:40:00] [Server thread/INFO]: Player shuijiao is already logged on
[22:42:30] [Server thread/WARN]: Fetching packet for removed entity class_1542['Air'/45278, l='ServerLevel[world]', x=-88.74, y=7.00, z=278.05]
[22:50:00] [Server thread/INFO]: Player shuijiao is already logged on
[22:50:00] [Server thread/INFO]: [Textile Backup] Backup started by: Timer on: 2020-09-16_22-50-00
[22:50:00] [Server thread/INFO]: [Textile Backup] Saving server...
[22:50:00] [Server thread/INFO]: ThreadedAnvilChunkStorage (world): All chunks are saved
[22:50:00] [Server thread/INFO]: ThreadedAnvilChunkStorage (DIM-1): All chunks are saved
[22:50:00] [Server thread/INFO]: ThreadedAnvilChunkStorage (DIM1): All chunks are saved
[22:50:00] [pool-3-thread-1/INFO]: [Textile Backup] Starting backup
[22:50:09] [pool-3-thread-1/INFO]: [Textile Backup] Done!
[22:57:57] [Server thread/WARN]: Fetching packet for removed entity class_1542['Air'/46821, l='ServerLevel[world]', x=-88.39, y=7.00, z=281.95]
[23:00:00] [Server thread/INFO]: Player shuijiao is already logged on
[23:10:00] [Server thread/INFO]: Player shuijiao is already logged on
[23:20:00] [Server thread/INFO]: Player shuijiao is already logged on
[23:24:26] [Server thread/WARN]: Fetching packet for removed entity class_1542['Air'/49592, l='ServerLevel[world]', x=-88.44, y=7.00, z=281.95]
[23:30:00] [Server thread/INFO]: Player shuijiao is already logged on
[23:40:00] [Server thread/INFO]: Player shuijiao is already logged on
[23:48:10] [Server thread/WARN]: Fetching packet for removed entity class_1542['Air'/52179, l='ServerLevel[world]', x=-86.05, y=7.00, z=280.52]
[23:50:00] [Server thread/INFO]: Player shuijiao is already logged on
[23:50:00] [Server thread/INFO]: [Textile Backup] Backup started by: Timer on: 2020-09-16_23-50-00
[23:50:00] [Server thread/INFO]: [Textile Backup] Saving server...
[23:50:00] [Server thread/INFO]: ThreadedAnvilChunkStorage (world): All chunks are saved
[23:50:00] [Server thread/INFO]: ThreadedAnvilChunkStorage (DIM-1): All chunks are saved
[23:50:00] [Server thread/INFO]: ThreadedAnvilChunkStorage (DIM1): All chunks are saved
[23:50:00] [pool-3-thread-1/INFO]: [Textile Backup] Starting backup
[23:50:08] [pool-3-thread-1/INFO]: [Textile Backup] Done!
[23:57:27] [Server thread/WARN]: Fetching packet for removed entity class_1542['Air'/53365, l='ServerLevel[world]', x=-89.95, y=7.00, z=279.86]
