[20:11:45] [main/INFO]: Loading for game Minecraft 1.16.2
[20:11:46] [main/INFO]: [FabricLoader] Loading 55 mods: fabric-renderer-api-v1@0.3.0+8bcfced84e, fabric-keybindings-v0@0.2.0+3fa9f7c54e, fabricloader@0.9.3+build.207, fabric-structure-api-v1@1.0.1+fb0d9b0e4e, bbor@2.3-1.16.1, com_github_shevek_parallelgzip@master-SNAPSHOT, lithium@0.5.4, fabric-containers-v0@0.1.8+045df74f4e, fabric-object-builder-api-v1@1.7.0+432ea1884e, fabric-game-rule-api-v1@1.0.1+91555cd14e, fabric-api-base@0.1.3+12a8474c4e, fabric-rendering-data-attachment-v1@0.1.3+b7f9825d4e, fabric-textures-v0@1.0.4+eae12eb84e, fabric-rendering-fluids-v1@0.1.11+fb0d9b0e4e, cotton-logging@1.0.0-rc.4, fabric-blockrenderlayer-v1@1.1.4+c6a8ea894e, fabric-lifecycle-events-v1@1.2.0+74cc3b204e, fabric-renderer-registries-v1@2.1.0+e2862de64e, fabric-loot-tables-v1@1.0.1+432ea1884e, carpet-extra@1.4.8, fabric@0.20.1+build.401-1.16, carpet@1.4.9, fabric-particles-v1@0.2.2+fb0d9b0e4e, fabric-networking-v0@0.1.10+e00ecb5f4e, cotton-config@1.0.0-rc.7, fabric-screen-handler-api-v1@1.1.0+872498414e, here@0.0.10-mc1.16, minecraft@1.16.2, fabric-networking-blockentity-v0@0.2.5+b50ffc7b4e, jankson@3.0.0+j1.2.0, fabric-command-api-v1@1.0.8+5ce533984e, phosphor@0.6.0+build.7, bluemap@1.0.0, fabric-tool-attribute-api-v1@1.2.2+ccce563e4e, fabric-renderer-indigo@0.4.0+8bcfced84e, player-roles@1.1.0, org_apache_commons_commons-compress@1.19, fabric-crash-report-info-v1@0.1.2+b7f9825d4e, fabric-events-interaction-v0@0.4.0+e2e6cdad4e, fabric-item-api-v1@1.1.0+29679fd64e, fabric-rendering-v0@1.1.0+534104904e, fabric-rendering-v1@1.3.0+432ea1884e, fabric-key-binding-api-v1@1.0.1+730711c64e, org_tukaani_xz@1.8, fabric-resource-loader-v0@0.3.1+facf3bbf4e, fabric-content-registries-v0@0.1.9+059ea8664e, fabric-tag-extensions-v0@1.0.3+ac8e8c594e, fabric-registry-sync-v0@0.4.5+fcdfdfa14e, fabric-commands-v0@0.2.0+52d308364e, textile_backup@2.0.0-1.16.2, fabric-mining-levels-v0@0.1.2+b764ce994e, fabric-events-lifecycle-v0@0.2.0+16acbe5b4e, fabric-item-groups-v0@0.2.0+438f96364e, fabric-models-v0@0.1.0+dfdb52d64e, fabric-object-builders-v0@0.7.0+432ea1884e
[20:11:46] [main/WARN]: Mod `com_github_shevek_parallelgzip` (master-SNAPSHOT) does not respect SemVer - comparison support is limited.
[20:11:46] [main/INFO]: SpongePowered MIXIN Subsystem Version=0.8.1 Source=file:/D:/Users/MAX_XiaoKui0156/Server/survival/fabric-server-launch.jar Service=Knot/Fabric Env=SERVER
[20:11:49] [main/WARN]: @Mixin target net/minecraft/class_3898$class_3208 is public in fabric-networking-v[20:11:53] [main/INFO]: [Textile Backup] Starting Textile Backup by Szum123321.
[20:11:54] [main/INFO]: Environment: authHost='https://authserver.mojang.com', accountsHost='https://api.mojang.com', sessionHost='https://sessionserver.mojang.com', name='PROD'
[20:11:54] [main/WARN]: Ambiguity between arguments [bluemap, marker, create, id, map, x] and [bluemap, marker, create, id, map, label] with inputs: [0, -1, -.5, 1.2, .5, -1234.56]
[20:11:54] [main/WARN]: Ambiguity between arguments [bluemap, render, cancel] and [bluemap, render, world|map] with inputs: [cancel]
[20:11:54] [main/WARN]: Ambiguity between arguments [bluemap, render, prioritize] and [bluemap, render, world|map] with inputs: [prioritize]
[20:11:54] [main/WARN]: Ambiguity between arguments [bluemap, render, radius] and [bluemap, render, world|map] with inputs: [0, -123, 123]
[20:11:54] [main/WARN]: Ambiguity between arguments [bluemap, render, radius] and [bluemap, render, x] with inputs: [0, -123, 123]
[20:11:54] [main/WARN]: Ambiguity between arguments [bluemap, render, x] and [bluemap, render, radius] with inputs: [0, -1]
[20:11:54] [main/WARN]: Ambiguity between arguments [bluemap, render, x] and [bluemap, render, world|map] with inputs: [0, -1, -.5, 1.2, .5, -1234.56]
[20:11:54] [main/WARN]: Ambiguity between arguments [teleport, destination] and [teleport, targets] with inputs: [Player, 0123, @e, dd12be42-52a9-4a91-a8a1-11c01849e498]
[20:11:54] [main/WARN]: Ambiguity between arguments [teleport, location] and [teleport, destination] with inputs: [0.1 -0.5 .9, 0 0 0]
[20:11:54] [main/WARN]: Ambiguity between arguments [teleport, location] and [teleport, targets] with inputs: [0.1 -0.5 .9, 0 0 0]
[20:11:54] [main/WARN]: Ambiguity between arguments [teleport, targets] and [teleport, destination] with inputs: [Player, 0123, dd12be42-52a9-4a91-a8a1-11c01849e498]
[20:11:54] [main/WARN]: Ambiguity between arguments [teleport, targets, location] and [teleport, targets, destination] with inputs: [0.1 -0.5 .9, 0 0 0]
[20:11:55] [main/INFO]: Reloading ResourceManager: Default, bukkit, Fabric Tool Attribute API (v1), Player Roles, FZ.sDatapack-1.5.0-SNAPSHOT
[20:11:56] [Worker-Main-12/INFO]: Loaded 7 recipes
[20:11:56] [Worker-Main-12/INFO]: Loaded 927 advancements
[20:11:56] [main/WARN]: [fabric-registry-sync] Could not find the following registries: minecraft:biome_source_type, minecraft:block_state_provider_type, minecraft:dimension_type, minecraft:structure_piece, minecraft:carver, minecraft:block_placer_type, minecraft:decorator, minecraft:structure_feature, minecraft:surface_builder, minecraft:foliage_placer_type, minecraft:feature, minecraft:tree_decorator_type, minecraft:structure_pool_element, minecraft:biome, minecraft:chunk_generator_type, minecraft:structure_processor
[20:11:56] [main/INFO]: [fabric-registry-sync] Loaded registry data [file 1/4]
[20:11:56] [Server thread/INFO]: Starting minecraft server version 1.16.2
[20:11:56] [Server thread/INFO]: Loading properties
[20:11:56] [Server thread/INFO]: Default game type: SURVIVAL
[20:11:56] [Server thread/INFO]: Generating keypair
[20:11:57] [Server thread/INFO]: Starting Minecraft server on *:34268
[20:11:57] [Server thread/INFO]: Using default channel type
[20:11:57] [Server thread/WARN]: **** SERVER IS RUNNING IN OFFLINE/INSECURE MODE!
[20:11:57] [Server thread/WARN]: The server will make no attempt to authenticate usernames. Beware.
[20:11:57] [Server thread/WARN]: While this makes the game possible to play without internet access, it also opens up the ability for hackers to connect with any username they choose.
[20:11:57] [Server thread/WARN]: To change this, set "online-mode" to "true" in the server.properties file.
[20:11:57] [Server thread/INFO]: Preparing level "world"
[20:11:57] [Server thread/INFO]: [CM]: loaded setting combineXPOrbs as true from carpet.conf
[20:11:57] [Server thread/INFO]: [CM]: loaded setting onePlayerSleeping as true from carpet.conf
[20:11:57] [Server thread/INFO]: [CM]: loaded setting leadFix as true from carpet.conf
[20:11:57] [Server thread/INFO]: [CM]: loaded setting ctrlQCraftingFix as true from carpet.conf
[20:11:57] [Server thread/INFO]: [CM]: loaded setting language as zh_cn from carpet.conf
[20:11:57] [Server thread/INFO]: [CM]: loaded setting commandTick as true from carpet.conf
[20:11:57] [Server thread/INFO]: [CM]: loaded setting commandDraw as false from carpet.conf
[20:11:57] [Server thread/INFO]: [CM]: loaded setting fastRedstoneDust as true from carpet.conf
[20:11:57] [Server thread/INFO]: [CM]: loaded setting rotatorBlock as true from carpet.conf
[20:11:57] [Server thread/INFO]: [CM]: loaded setting commandPlayer as true from carpet.conf
[20:11:57] [Server thread/INFO]: [CM]: loaded setting reloadSuffocationFix as true from carpet.conf
[20:11:57] [Server thread/INFO]: [CM]: loaded setting antiCheatDisabled as true from carpet.conf
[20:11:57] [Server thread/INFO]: [CM]: loaded setting commandPing as true from carpet.conf
[20:11:57] [Server thread/INFO]: [CM]: loaded setting defaultLoggers as tps,mobcaps from carpet.conf
[20:11:57] [Server thread/INFO]: [CM]: loaded setting unloadedEntityFix as true from carpet.conf
[20:11:57] [Server thread/INFO]: [CM]: loaded setting placementRotationFix as true from carpet.conf
[20:11:57] [Server thread/INFO]: [CM]: loaded setting hopperCounters as true from carpet.conf
[20:11:57] [Server thread/INFO]: [CM]: loaded setting flippinCactus as true from carpet.conf
[20:11:57] [Server thread/INFO]: [CM]: loaded setting lagFreeSpawning as true from carpet.conf
[20:11:57] [Server thread/INFO]: create world dimension: minecraft:overworld (seed: 20190827)
[20:11:57] [Server thread/INFO]: create world dimension: minecraft:the_nether (seed: 20190827)
[20:11:57] [Server thread/INFO]: create world dimension: minecraft:the_end (seed: 20190827)
[20:11:57] [Server thread/INFO]: Preparing start region for dimension minecraft:overworld
[20:11:58] [Server thread/INFO]: Preparing spawn area: 0%
[20:11:58] [Server thread/INFO]: Preparing spawn area: 0%
[20:11:58] [Server thread/INFO]: Preparing spawn area: 0%
[20:11:59] [Server thread/INFO]: Time elapsed: 1784 ms
[20:11:59] [Server thread/INFO]: Done (2.139s)! For help, type "help"
[20:11:59] [Server thread/INFO]: Starting remote control listener
[20:11:59] [Server thread/INFO]: Thread RCON Listener started
[20:11:59] [Server thread/INFO]: RCON running on 0.0.0.0:796
[20:11:59] [Thread-61/INFO]: Loading BlueMap...
[20:11:59] [Thread-61/INFO]: Loading resources...
[20:11:59] [Thread-62/INFO]: WebServer started.
[20:12:00] [Server thread/INFO]: Can only manipulate existing players
[20:12:00] [Server thread/INFO]: Can only manipulate existing players
[20:12:03] [Thread-61/INFO]: Loading bluemap assets (1/3)...
[20:12:03] [Thread-61/INFO]: Loading realms assets (2/3)...
[20:12:03] [Thread-61/INFO]: Loading minecraft assets (3/3)...
[20:12:04] [Thread-61/INFO]: BlueMap loaded!
[20:13:00] [Server thread/INFO]: Can only manipulate existing players
[20:13:00] [Server thread/INFO]: Can only manipulate existing players
[20:14:00] [Server thread/INFO]: Can only manipulate existing players
[20:14:00] [Server thread/INFO]: Can only manipulate existing players
[20:15:00] [Server thread/INFO]: Can only manipulate existing players
[20:15:00] [Server thread/INFO]: Can only manipulate existing players
[20:16:00] [Server thread/INFO]: Can only manipulate existing players
[20:16:00] [Server thread/INFO]: Can only manipulate existing players
[20:17:00] [Server thread/INFO]: Can only manipulate existing players
[20:17:00] [Server thread/INFO]: Can only manipulate existing players
[20:18:00] [Server thread/INFO]: Can only manipulate existing players
[20:18:00] [Server thread/INFO]: Can only manipulate existing players
[20:19:00] [Server thread/INFO]: Can only manipulate existing players
[20:19:00] [Server thread/INFO]: Can only manipulate existing players
[20:20:00] [Server thread/INFO]: Can only manipulate existing players
[20:20:00] [Server thread/INFO]: Can only manipulate existing players
[20:20:00] [Server thread/INFO]: shuijiao[local] logged in with entity id 158 at (-41.5, 62.0, 240.5)
[20:20:00] [Server thread/INFO]: shuijiao joined the game
[20:20:00] [Thread-87/INFO]: [STDERR]: java.lang.NullPointerException
[20:20:00] [Thread-87/INFO]: [STDERR]: 	at de.bluecolored.bluemap.common.plugin.skins.PlayerSkin.readTextureUrl(PlayerSkin.java:146)
[20:20:00] [Thread-87/INFO]: [STDERR]: 	at de.bluecolored.bluemap.common.plugin.skins.PlayerSkin.lambda$loadSkin$1(PlayerSkin.java:108)
[20:20:00] [Thread-87/INFO]: [STDERR]: 	at java.base/java.lang.Thread.run(Thread.java:832)
[20:21:17] [Server thread/WARN]: Fetching packet for removed entity class_1542['Air'/422, l='ServerLevel[world]', x=-89.95, y=7.00, z=280.59]
[20:27:06] [Server thread/WARN]: Fetching packet for removed entity class_1542['Air'/1042, l='ServerLevel[world]', x=-91.76, y=7.00, z=280.89]
[20:27:35] [Server thread/WARN]: Fetching packet for removed entity class_1542['Air'/1125, l='ServerLevel[world]', x=-89.95, y=7.00, z=280.36]
[20:30:00] [Server thread/INFO]: Player shuijiao is already logged on
[20:33:22] [Server thread/WARN]: Fetching packet for removed entity class_1542['Air'/1708, l='ServerLevel[world]', x=-89.95, y=7.00, z=280.15]
[20:39:58] [Server thread/WARN]: Fetching packet for removed entity class_1542['Air'/2481, l='ServerLevel[world]', x=-88.38, y=7.00, z=278.05]
[20:40:00] [Server thread/INFO]: Player shuijiao is already logged on
[20:43:46] [Server thread/WARN]: Fetching packet for removed entity class_1542['Air'/2894, l='ServerLevel[world]', x=-87.27, y=7.00, z=278.05]
[20:47:53] [Server thread/WARN]: Fetching packet for removed entity class_1542['Air'/3416, l='ServerLevel[world]', x=-87.01, y=7.00, z=281.95]
[20:50:00] [Server thread/INFO]: Player shuijiao is already logged on
[20:56:43] [Server thread/WARN]: Fetching packet for removed entity class_1542['Air'/4453, l='ServerLevel[world]', x=-91.62, y=7.00, z=280.50]
[21:00:00] [Server thread/INFO]: Player shuijiao is already logged on
[21:10:00] [Server thread/INFO]: Player shuijiao is already logged on
[21:10:27] [Server thread/WARN]: Fetching packet for removed entity class_1542['Air'/5817, l='ServerLevel[world]', x=-89.95, y=7.00, z=280.38]
[21:20:00] [Server thread/INFO]: Player shuijiao is already logged on
[21:20:00] [Server thread/INFO]: [Textile Backup] Backup started by: Timer on: 2020-09-14_21-20-00
[21:20:00] [Server thread/INFO]: [Textile Backup] Saving server...
[21:20:00] [Server thread/INFO]: ThreadedAnvilChunkStorage (world): All chunks are saved
[21:20:00] [Server thread/INFO]: ThreadedAnvilChunkStorage (DIM-1): All chunks are saved
[21:20:00] [Server thread/INFO]: ThreadedAnvilChunkStorage (DIM1): All chunks are saved
[21:20:00] [pool-3-thread-1/INFO]: [Textile Backup] Starting backup
[21:20:08] [pool-3-thread-1/INFO]: [Textile Backup] Done!
[21:20:16] [Server thread/WARN]: Fetching packet for removed entity class_1542['Air'/6835, l='ServerLevel[world]', x=-86.05, y=7.00, z=280.56]
[21:22:39] [Server thread/WARN]: Fetching packet for removed entity class_1542['Air'/7069, l='ServerLevel[world]', x=-89.95, y=7.12, z=280.00]
[21:29:56] [Server thread/WARN]: Fetching packet for removed entity class_1542['Air'/7850, l='ServerLevel[world]', x=-87.45, y=7.00, z=276.02]
[21:30:00] [Server thread/INFO]: Player shuijiao is already logged on
[21:40:00] [Server thread/INFO]: Player shuijiao is already logged on
[21:46:38] [Server thread/WARN]: Fetching packet for removed entity class_1542['Air'/9648, l='ServerLevel[world]', x=-86.05, y=7.00, z=279.13]
[21:49:08] [Server thread/WARN]: Fetching packet for removed entity class_1542['Air'/9938, l='ServerLevel[world]', x=-88.05, y=7.00, z=281.95]
[21:50:00] [Server thread/INFO]: Player shuijiao is already logged on
[22:00:00] [Server thread/INFO]: Player shuijiao is already logged on
[22:10:00] [Server thread/INFO]: Player shuijiao is already logged on
[22:20:00] [Server thread/INFO]: Player shuijiao is already logged on
[22:20:00] [Server thread/INFO]: [Textile Backup] Backup started by: Timer on: 2020-09-14_22-20-00
[22:20:00] [Server thread/INFO]: [Textile Backup] Saving server...
[22:20:00] [Server thread/INFO]: ThreadedAnvilChunkStorage (world): All chunks are saved
[22:20:00] [Server thread/INFO]: ThreadedAnvilChunkStorage (DIM-1): All chunks are saved
[22:20:00] [Server thread/INFO]: ThreadedAnvilChunkStorage (DIM1): All chunks are saved
[22:20:00] [pool-3-thread-1/INFO]: [Textile Backup] Starting backup
[22:20:08] [pool-3-thread-1/INFO]: [Textile Backup] Done!
[22:30:00] [Server thread/INFO]: Player shuijiao is already logged on
[22:34:39] [Server thread/WARN]: Fetching packet for removed entity class_1542['Air'/14754, l='ServerLevel[world]', x=-88.25, y=7.00, z=281.95]
[22:40:00] [Server thread/INFO]: Player shuijiao is already logged on
[22:42:18] [Server thread/WARN]: Fetching packet for removed entity class_1542['Air'/15591, l='ServerLevel[world]', x=-84.17, y=7.00, z=281.97]
[22:50:00] [Server thread/INFO]: Player shuijiao is already logged on
[22:50:29] [Server thread/WARN]: Fetching packet for removed entity class_1542['Air'/16565, l='ServerLevel[world]', x=-88.13, y=7.00, z=281.95]
[23:00:00] [Server thread/INFO]: Player shuijiao is already logged on
[23:02:37] [Server thread/WARN]: Fetching packet for removed entity class_1542['Air'/17706, l='ServerLevel[world]', x=-89.95, y=7.00, z=280.56]
[23:10:00] [Server thread/INFO]: Player shuijiao is already logged on
[23:16:31] [Server thread/WARN]: Fetching packet for removed entity class_1542['Air'/19493, l='ServerLevel[world]', x=-88.04, y=7.00, z=281.95]
[23:20:00] [Server thread/INFO]: Player shuijiao is already logged on
[23:20:00] [Server thread/INFO]: [Textile Backup] Backup started by: Timer on: 2020-09-14_23-20-00
[23:20:00] [Server thread/INFO]: [Textile Backup] Saving server...
[23:20:00] [Server thread/INFO]: ThreadedAnvilChunkStorage (world): All chunks are saved
[23:20:00] [Server thread/INFO]: ThreadedAnvilChunkStorage (DIM-1): All chunks are saved
[23:20:00] [Server thread/INFO]: ThreadedAnvilChunkStorage (DIM1): All chunks are saved
[23:20:00] [pool-3-thread-1/INFO]: [Textile Backup] Starting backup
[23:20:08] [pool-3-thread-1/INFO]: [Textile Backup] Deleting: 2020-09-11_23-49-53#shutdown.zip
[23:20:08] [pool-3-thread-1/INFO]: [Textile Backup] Done!
[23:26:36] [Server thread/WARN]: Fetching packet for removed entity class_1542['Air'/20547, l='ServerLevel[world]', x=-88.25, y=7.00, z=281.95]
[23:30:00] [Server thread/INFO]: Player shuijiao is already logged on
[23:30:41] [Server thread/WARN]: Fetching packet for removed entity class_1542['Air'/20981, l='ServerLevel[world]', x=-88.24, y=7.00, z=281.95]
[23:32:07] [Server thread/WARN]: Fetching packet for removed entity class_1542['Air'/21140, l='ServerLevel[world]', x=-86.05, y=7.00, z=279.65]
[23:40:00] [Server thread/INFO]: Player shuijiao is already logged on
[23:50:00] [Server thread/INFO]: Player shuijiao is already logged on
[23:57:31] [Server thread/WARN]: Fetching packet for removed entity class_1542['Air'/24089, l='ServerLevel[world]', x=-88.94, y=7.00, z=281.95]
