[00:00:00] [Server thread/INFO]: Player shuijiao is already logged on
[00:02:57] [Server thread/WARN]: Fetching packet for removed entity class_1542['Air'/952622, l='ServerLevel[world]', x=-86.05, y=7.00, z=279.02]
[00:04:01] [Server thread/WARN]: Fetching packet for removed entity class_1542['Air'/952763, l='ServerLevel[world]', x=-86.05, y=7.00, z=279.27]
[00:10:00] [Server thread/INFO]: Player shuijiao is already logged on
[00:14:23] [Server thread/WARN]: Fetching packet for removed entity class_1542['Air'/953908, l='ServerLevel[world]', x=-86.05, y=7.00, z=280.18]
[00:20:00] [Server thread/INFO]: Player shuijiao is already logged on
[00:28:45] [Server thread/WARN]: Fetching packet for removed entity class_1542['Air'/955587, l='ServerLevel[world]', x=-87.85, y=7.00, z=278.05]
[00:30:00] [Server thread/INFO]: Player shuijiao is already logged on
[00:31:45] [Server thread/WARN]: Fetching packet for removed entity class_1542['Air'/956038, l='ServerLevel[world]', x=-86.05, y=7.00, z=280.08]
[00:40:00] [Server thread/INFO]: Player shuijiao is already logged on
[00:50:00] [Server thread/INFO]: Player shuijiao is already logged on
[00:52:16] [Server thread/WARN]: Fetching packet for removed entity class_1542['Air'/958296, l='ServerLevel[world]', x=-86.05, y=7.00, z=280.00]
[01:00:00] [Server thread/INFO]: Player shuijiao is already logged on
[01:00:48] [Server thread/WARN]: Fetching packet for removed entity class_1542['Air'/959197, l='ServerLevel[world]', x=-89.95, y=7.00, z=280.03]
[01:10:00] [Server thread/INFO]: Player shuijiao is already logged on
[01:10:02] [Server thread/WARN]: Fetching packet for removed entity class_1542['Air'/960268, l='ServerLevel[world]', x=-86.05, y=7.00, z=279.27]
[01:12:18] [Server thread/WARN]: Fetching packet for removed entity class_1542['Air'/960504, l='ServerLevel[world]', x=-91.16, y=7.00, z=281.79]
[01:16:12] [Server thread/WARN]: Fetching packet for removed entity class_1542['Air'/960845, l='ServerLevel[world]', x=-87.01, y=7.00, z=281.95]
[01:17:07] [Server thread/WARN]: Fetching packet for removed entity class_1542['Air'/960968, l='ServerLevel[world]', x=-86.05, y=7.00, z=279.09]
[01:20:00] [Server thread/INFO]: Player shuijiao is already logged on
[01:30:00] [Server thread/INFO]: Player shuijiao is already logged on
[01:40:00] [Server thread/INFO]: Player shuijiao is already logged on
[01:40:00] [Server thread/INFO]: [Textile Backup] Backup started by: Timer on: 2020-10-27_01-40-00
[01:40:00] [Server thread/INFO]: Saving server...
[01:40:00] [Server thread/INFO]: [Textile Backup] Saving server...
[01:40:00] [Server thread/INFO]: ThreadedAnvilChunkStorage (world): All chunks are saved
[01:40:00] [Server thread/INFO]: ThreadedAnvilChunkStorage (DIM-1): All chunks are saved
[01:40:00] [Server thread/INFO]: ThreadedAnvilChunkStorage (DIM1): All chunks are saved
[01:40:00] [pool-3-thread-1/INFO]: Starting backup
[01:40:00] [pool-3-thread-1/INFO]: [Textile Backup] Starting backup
[01:40:00] [pool-3-thread-1/INFO]: Starting compression...
[01:40:02] [pool-3-thread-1/INFO]: Compression took: 02.624 seconds.
[01:40:02] [pool-3-thread-1/INFO]: Done!
[01:40:02] [pool-3-thread-1/INFO]: [Textile Backup] Done!
[01:49:59] [Server thread/WARN]: Fetching packet for removed entity class_1542['Air'/964417, l='ServerLevel[world]', x=-88.65, y=7.00, z=278.05]
[01:50:00] [Server thread/INFO]: Player shuijiao is already logged on
[01:57:41] [Server thread/WARN]: Fetching packet for removed entity class_1542['Air'/965265, l='ServerLevel[world]', x=-88.39, y=7.00, z=281.95]
[02:00:00] [Server thread/INFO]: Player shuijiao is already logged on
[02:10:00] [Server thread/INFO]: Player shuijiao is already logged on
[02:20:00] [Server thread/INFO]: Player shuijiao is already logged on
[02:26:00] [Server thread/WARN]: Fetching packet for removed entity class_1542['Air'/968379, l='ServerLevel[world]', x=-88.91, y=7.00, z=278.05]
[02:30:00] [Server thread/INFO]: Player shuijiao is already logged on
[02:40:00] [Server thread/INFO]: Player shuijiao is already logged on
[02:50:00] [Server thread/INFO]: Player shuijiao is already logged on
[03:00:00] [Server thread/INFO]: Player shuijiao is already logged on
[03:03:18] [Server thread/WARN]: Fetching packet for removed entity class_1542['Air'/972184, l='ServerLevel[world]', x=-87.71, y=7.00, z=281.95]
[03:04:53] [Server thread/WARN]: Fetching packet for removed entity class_1542['Air'/972371, l='ServerLevel[world]', x=-86.05, y=7.00, z=279.98]
[03:09:55] [Server thread/WARN]: Fetching packet for removed entity class_1542['Air'/972934, l='ServerLevel[world]', x=-87.74, y=7.00, z=278.05]
[03:10:00] [Server thread/INFO]: Player shuijiao is already logged on
[03:20:00] [Server thread/INFO]: Player shuijiao is already logged on
[03:27:24] [Server thread/WARN]: Fetching packet for removed entity class_1542['Air'/975098, l='ServerLevel[world]', x=-87.01, y=7.00, z=281.95]
[03:30:00] [Server thread/INFO]: Player shuijiao is already logged on
[03:32:28] [Server thread/WARN]: Fetching packet for removed entity class_1542['Air'/975589, l='ServerLevel[world]', x=-87.55, y=7.00, z=282.32]
[03:40:00] [Server thread/INFO]: Player shuijiao is already logged on
[03:46:45] [Server thread/WARN]: Fetching packet for removed entity class_1542['Air'/977093, l='ServerLevel[world]', x=-89.95, y=7.00, z=279.90]
[03:47:32] [Server thread/WARN]: Fetching packet for removed entity class_1542['Air'/977173, l='ServerLevel[world]', x=-86.05, y=7.00, z=280.12]
[03:50:00] [Server thread/INFO]: Player shuijiao is already logged on
[04:00:00] [Server thread/INFO]: Player shuijiao is already logged on
[04:10:00] [Server thread/INFO]: Player shuijiao is already logged on
[04:20:00] [Server thread/INFO]: Player shuijiao is already logged on
[04:29:09] [Server thread/WARN]: Fetching packet for removed entity class_1542['Air'/981591, l='ServerLevel[world]', x=-88.09, y=7.00, z=281.95]
[04:30:00] [Server thread/INFO]: Player shuijiao is already logged on
[04:40:00] [Server thread/INFO]: Player shuijiao is already logged on
[04:50:00] [Server thread/INFO]: Player shuijiao is already logged on
[04:58:16] [Server thread/WARN]: Fetching packet for removed entity class_1542['Air'/984916, l='ServerLevel[world]', x=-88.10, y=7.00, z=281.95]
[04:59:02] [Server thread/WARN]: Fetching packet for removed entity class_1542['Air'/985021, l='ServerLevel[world]', x=-89.95, y=7.00, z=280.08]
[04:59:10] [Server thread/WARN]: Fetching packet for removed entity class_1542['Air'/985058, l='ServerLevel[world]', x=-89.95, y=7.00, z=279.87]
[05:00:00] [Server thread/INFO]: Player shuijiao is already logged on
[05:10:00] [Server thread/INFO]: Player shuijiao is already logged on
[05:20:00] [Server thread/INFO]: Player shuijiao is already logged on
[05:22:07] [Server thread/WARN]: Fetching packet for removed entity class_1542['Air'/987607, l='ServerLevel[world]', x=-88.32, y=7.00, z=281.95]
[05:29:57] [Server thread/WARN]: Fetching packet for removed entity class_1542['Air'/988466, l='ServerLevel[world]', x=-88.14, y=7.00, z=281.95]
[05:30:00] [Server thread/INFO]: Player shuijiao is already logged on
[05:40:00] [Server thread/INFO]: Player shuijiao is already logged on
[05:40:00] [Server thread/INFO]: [Textile Backup] Backup started by: Timer on: 2020-10-27_05-40-00
[05:40:00] [Server thread/INFO]: Saving server...
[05:40:00] [Server thread/INFO]: [Textile Backup] Saving server...
[05:40:00] [Server thread/INFO]: ThreadedAnvilChunkStorage (world): All chunks are saved
[05:40:00] [Server thread/INFO]: ThreadedAnvilChunkStorage (DIM-1): All chunks are saved
[05:40:00] [Server thread/INFO]: ThreadedAnvilChunkStorage (DIM1): All chunks are saved
[05:40:00] [pool-3-thread-1/INFO]: Starting backup
[05:40:00] [pool-3-thread-1/INFO]: [Textile Backup] Starting backup
[05:40:00] [pool-3-thread-1/INFO]: Starting compression...
[05:40:02] [pool-3-thread-1/INFO]: Compression took: 02.627 seconds.
[05:40:02] [pool-3-thread-1/INFO]: Done!
[05:40:02] [pool-3-thread-1/INFO]: [Textile Backup] Done!
[05:40:10] [Server thread/WARN]: Fetching packet for removed entity class_1542['Air'/989549, l='ServerLevel[world]', x=-86.05, y=7.00, z=279.58]
[05:50:00] [Server thread/INFO]: Player shuijiao is already logged on
[06:00:00] [Server thread/INFO]: Player shuijiao is already logged on
[06:10:00] [Server thread/INFO]: Player shuijiao is already logged on
[06:10:24] [Server thread/WARN]: Fetching packet for removed entity class_1542['Air'/992822, l='ServerLevel[world]', x=-86.05, y=7.00, z=279.39]
[06:20:00] [Server thread/INFO]: Player shuijiao is already logged on
[06:21:47] [Server thread/WARN]: Fetching packet for removed entity class_1542['Air'/994335, l='ServerLevel[world]', x=-86.05, y=7.00, z=280.65]
[06:29:07] [Server thread/WARN]: Fetching packet for removed entity class_1542['Air'/995149, l='ServerLevel[world]', x=-88.99, y=7.00, z=281.95]
[06:30:00] [Server thread/INFO]: Player shuijiao is already logged on
[06:37:56] [Server thread/WARN]: Fetching packet for removed entity class_1542['Air'/996374, l='ServerLevel[world]', x=-88.57, y=7.00, z=281.95]
[06:40:00] [Server thread/INFO]: Player shuijiao is already logged on
[06:50:00] [Server thread/INFO]: Player shuijiao is already logged on
[06:50:28] [Server thread/WARN]: Fetching packet for removed entity class_1542['Air'/997705, l='ServerLevel[world]', x=-86.05, y=7.00, z=279.67]
[06:53:42] [Server thread/WARN]: Fetching packet for removed entity class_1542['Air'/998014, l='ServerLevel[world]', x=-88.24, y=7.00, z=278.05]
[07:00:00] [Server thread/INFO]: Player shuijiao is already logged on
[07:00:26] [Server thread/WARN]: Fetching packet for removed entity class_1542['Air'/998723, l='ServerLevel[world]', x=-88.63, y=7.00, z=281.95]
[07:10:00] [Server thread/INFO]: Player shuijiao is already logged on
[07:20:00] [Server thread/INFO]: Player shuijiao is already logged on
[07:30:00] [Server thread/INFO]: Player shuijiao is already logged on
[07:35:46] [Server thread/WARN]: Fetching packet for removed entity class_1542['Air'/1002040, l='ServerLevel[world]', x=-87.81, y=7.00, z=278.05]
[07:40:00] [Server thread/INFO]: Player shuijiao is already logged on
[07:50:00] [Server thread/INFO]: Player shuijiao is already logged on
[08:00:00] [Server thread/INFO]: Player shuijiao is already logged on
[08:10:00] [Server thread/INFO]: Player shuijiao is already logged on
[08:13:17] [Server thread/WARN]: Fetching packet for removed entity class_1542['Air'/1006020, l='ServerLevel[world]', x=-87.85, y=7.00, z=276.26]
[08:17:08] [Server thread/WARN]: Fetching packet for removed entity class_1542['Air'/1006455, l='ServerLevel[world]', x=-88.30, y=7.00, z=281.95]
[08:20:00] [Server thread/INFO]: Player shuijiao is already logged on
[08:23:59] [Server thread/WARN]: Fetching packet for removed entity class_1542['Air'/1007214, l='ServerLevel[world]', x=-88.21, y=7.12, z=281.95]
[08:26:46] [Server thread/WARN]: Fetching packet for removed entity class_1542['Air'/1007563, l='ServerLevel[world]', x=-89.95, y=7.00, z=279.17]
[08:30:00] [Server thread/INFO]: Player shuijiao is already logged on
[08:32:55] [Server thread/WARN]: Fetching packet for removed entity class_1542['Air'/1008155, l='ServerLevel[world]', x=-88.39, y=7.00, z=281.95]
[08:32:56] [Server thread/WARN]: Fetching packet for removed entity class_1542['Air'/1008163, l='ServerLevel[world]', x=-89.95, y=7.00, z=280.08]
[08:34:37] [Server thread/WARN]: Fetching packet for removed entity class_1542['Air'/1008415, l='ServerLevel[world]', x=-86.05, y=7.00, z=279.92]
[08:40:00] [Server thread/INFO]: Player shuijiao is already logged on
[08:44:02] [Server thread/WARN]: Fetching packet for removed entity class_1542['Air'/1009513, l='ServerLevel[world]', x=-88.42, y=7.00, z=278.05]
[08:45:55] [Server thread/WARN]: Fetching packet for removed entity class_1542['Air'/1009747, l='ServerLevel[world]', x=-89.95, y=7.00, z=280.16]
[08:46:00] [Server thread/WARN]: Fetching packet for removed entity class_1542['Air'/1009753, l='ServerLevel[world]', x=-87.94, y=7.00, z=281.95]
[08:50:00] [Server thread/INFO]: Player shuijiao is already logged on
[09:00:00] [Server thread/INFO]: Player shuijiao is already logged on
[09:10:00] [Server thread/INFO]: Player shuijiao is already logged on
[09:15:20] [Server thread/WARN]: Fetching packet for removed entity class_1542['Air'/1012896, l='ServerLevel[world]', x=-86.05, y=7.00, z=280.17]
[09:20:00] [Server thread/INFO]: Player shuijiao is already logged on
[09:23:55] [Server thread/WARN]: Fetching packet for removed entity class_1542['Air'/1013773, l='ServerLevel[world]', x=-89.95, y=7.00, z=279.79]
[09:24:37] [Server thread/WARN]: Fetching packet for removed entity class_1542['Air'/1013862, l='ServerLevel[world]', x=-88.10, y=7.00, z=278.05]
[09:28:50] [Server thread/WARN]: Fetching packet for removed entity class_1542['Air'/1014291, l='ServerLevel[world]', x=-89.95, y=7.00, z=280.64]
[09:30:00] [Server thread/INFO]: Player shuijiao is already logged on
[09:40:00] [Server thread/INFO]: Player shuijiao is already logged on
[09:40:00] [Server thread/INFO]: [Textile Backup] Backup started by: Timer on: 2020-10-27_09-40-00
[09:40:00] [Server thread/INFO]: Saving server...
[09:40:00] [Server thread/INFO]: [Textile Backup] Saving server...
[09:40:00] [Server thread/INFO]: ThreadedAnvilChunkStorage (world): All chunks are saved
[09:40:00] [Server thread/INFO]: ThreadedAnvilChunkStorage (DIM-1): All chunks are saved
[09:40:00] [Server thread/INFO]: ThreadedAnvilChunkStorage (DIM1): All chunks are saved
[09:40:00] [pool-3-thread-1/INFO]: Starting backup
[09:40:00] [pool-3-thread-1/INFO]: [Textile Backup] Starting backup
[09:40:00] [pool-3-thread-1/INFO]: Starting compression...
[09:40:02] [pool-3-thread-1/INFO]: Compression took: 02.615 seconds.
[09:40:02] [pool-3-thread-1/INFO]: Done!
[09:40:02] [pool-3-thread-1/INFO]: [Textile Backup] Done!
[09:45:28] [Server thread/WARN]: Fetching packet for removed entity class_1542['Air'/1016162, l='ServerLevel[world]', x=-88.22, y=7.00, z=281.95]
[09:48:48] [Server thread/WARN]: Fetching packet for removed entity class_1542['Air'/1016536, l='ServerLevel[world]', x=-86.04, y=7.00, z=279.01]
[09:50:00] [Server thread/INFO]: Player shuijiao is already logged on
[09:58:35] [Server thread/WARN]: Fetching packet for removed entity class_1542['Air'/1017715, l='ServerLevel[world]', x=-88.43, y=7.00, z=281.95]
[09:58:37] [Server thread/WARN]: Fetching packet for removed entity class_1542['Air'/1017722, l='ServerLevel[world]', x=-87.78, y=7.00, z=281.95]
[10:00:00] [Server thread/INFO]: Player shuijiao is already logged on
[10:10:00] [Server thread/INFO]: Player shuijiao is already logged on
[10:20:00] [Server thread/INFO]: Player shuijiao is already logged on
[10:23:35] [Server thread/WARN]: Fetching packet for removed entity class_1542['Air'/1020413, l='ServerLevel[world]', x=-88.30, y=7.00, z=282.29]
[10:23:41] [Server thread/WARN]: Fetching packet for removed entity class_1542['Air'/1020426, l='ServerLevel[world]', x=-87.52, y=7.00, z=281.95]
[10:30:00] [Server thread/INFO]: Player shuijiao is already logged on
[10:40:00] [Server thread/INFO]: Player shuijiao is already logged on
[10:50:00] [Server thread/INFO]: Player shuijiao is already logged on
[10:56:17] [Server thread/WARN]: Fetching packet for removed entity class_1542['Air'/1023502, l='ServerLevel[world]', x=-91.82, y=7.00, z=280.95]
[11:00:00] [Server thread/INFO]: Player shuijiao is already logged on
[11:03:00] [Server thread/WARN]: Fetching packet for removed entity class_1542['Air'/1024349, l='ServerLevel[world]', x=-91.50, y=7.00, z=281.71]
[11:07:51] [Server thread/WARN]: Fetching packet for removed entity class_1542['Air'/1024876, l='ServerLevel[world]', x=-86.05, y=7.00, z=280.16]
[11:08:55] [Server thread/WARN]: Fetching packet for removed entity class_1542['Air'/1024957, l='ServerLevel[world]', x=-87.94, y=7.12, z=281.95]
[11:10:00] [Server thread/INFO]: Player shuijiao is already logged on
[11:20:00] [Server thread/INFO]: Player shuijiao is already logged on
[11:20:06] [Server thread/WARN]: Fetching packet for removed entity class_1542['Air'/1026087, l='ServerLevel[world]', x=-87.51, y=7.00, z=278.05]
[11:25:43] [Server thread/WARN]: Fetching packet for removed entity class_1542['Air'/1026731, l='ServerLevel[world]', x=-87.72, y=7.00, z=281.95]
[11:25:47] [Server thread/WARN]: Fetching packet for removed entity class_1542['Air'/1026743, l='ServerLevel[world]', x=-87.70, y=7.12, z=281.95]
[11:30:00] [Server thread/INFO]: Player shuijiao is already logged on
[11:36:28] [Server thread/WARN]: Fetching packet for removed entity class_1542['Air'/1027962, l='ServerLevel[world]', x=-89.95, y=7.00, z=279.75]
[11:40:00] [Server thread/INFO]: Player shuijiao is already logged on
[11:50:00] [Server thread/INFO]: Player shuijiao is already logged on
[11:55:50] [Server thread/WARN]: Fetching packet for removed entity class_1542['Air'/1030023, l='ServerLevel[world]', x=-86.05, y=7.00, z=279.76]
[12:00:00] [Server thread/INFO]: Player shuijiao is already logged on
[12:04:03] [Server thread/WARN]: Fetching packet for removed entity class_1542['Air'/1030907, l='ServerLevel[world]', x=-86.05, y=7.00, z=279.90]
[12:10:00] [Server thread/INFO]: Player shuijiao is already logged on
[12:20:00] [Server thread/INFO]: Player shuijiao is already logged on
[12:30:00] [Server thread/INFO]: Player shuijiao is already logged on
[12:35:20] [Server thread/WARN]: Fetching packet for removed entity class_1542['Air'/1034065, l='ServerLevel[world]', x=-89.95, y=7.00, z=280.36]
[12:40:00] [Server thread/INFO]: Player shuijiao is already logged on
[12:41:51] [Server thread/WARN]: Fetching packet for removed entity class_1542['Air'/1034758, l='ServerLevel[world]', x=-88.82, y=7.00, z=281.95]
[12:50:00] [Server thread/INFO]: Player shuijiao is already logged on
[12:55:51] [Server thread/WARN]: Fetching packet for removed entity class_1542['Air'/1036545, l='ServerLevel[world]', x=-87.01, y=7.00, z=281.95]
[12:55:53] [Server thread/WARN]: Fetching packet for removed entity class_1542['Air'/1036548, l='ServerLevel[world]', x=-88.00, y=7.00, z=281.95]
[13:00:00] [Server thread/INFO]: Player shuijiao is already logged on
[13:06:17] [Server thread/WARN]: Fetching packet for removed entity class_1542['Air'/1037613, l='ServerLevel[world]', x=-89.95, y=7.00, z=280.87]
[13:10:00] [Server thread/INFO]: Player shuijiao is already logged on
[13:20:00] [Server thread/INFO]: Player shuijiao is already logged on
[13:26:56] [Server thread/WARN]: Fetching packet for removed entity class_1542['Air'/1039778, l='ServerLevel[world]', x=-88.39, y=7.00, z=281.95]
[13:30:00] [Server thread/INFO]: Player shuijiao is already logged on
[13:40:00] [Server thread/INFO]: Player shuijiao is already logged on
[13:40:00] [Server thread/INFO]: [Textile Backup] Backup started by: Timer on: 2020-10-27_13-40-00
[13:40:00] [Server thread/INFO]: Saving server...
[13:40:00] [Server thread/INFO]: [Textile Backup] Saving server...
[13:40:00] [Server thread/INFO]: ThreadedAnvilChunkStorage (world): All chunks are saved
[13:40:00] [Server thread/INFO]: ThreadedAnvilChunkStorage (DIM-1): All chunks are saved
[13:40:00] [Server thread/INFO]: ThreadedAnvilChunkStorage (DIM1): All chunks are saved
[13:40:00] [pool-3-thread-1/INFO]: Starting backup
[13:40:00] [pool-3-thread-1/INFO]: [Textile Backup] Starting backup
[13:40:00] [pool-3-thread-1/INFO]: Starting compression...
[13:40:02] [pool-3-thread-1/INFO]: Compression took: 02.596 seconds.
[13:40:02] [pool-3-thread-1/INFO]: Done!
[13:40:02] [pool-3-thread-1/INFO]: [Textile Backup] Done!
[13:50:00] [Server thread/INFO]: Player shuijiao is already logged on
[14:00:00] [Server thread/INFO]: Player shuijiao is already logged on
[14:07:26] [Server thread/WARN]: Fetching packet for removed entity class_1542['Air'/1044355, l='ServerLevel[world]', x=-87.95, y=7.00, z=278.05]
[14:10:00] [Server thread/INFO]: Player shuijiao is already logged on
[14:20:00] [Server thread/INFO]: Player shuijiao is already logged on
[14:23:28] [Server thread/WARN]: Fetching packet for removed entity class_1542['Air'/1046225, l='ServerLevel[world]', x=-86.05, y=7.00, z=280.46]
[14:30:00] [Server thread/INFO]: Player shuijiao is already logged on
[14:40:00] [Server thread/INFO]: Player shuijiao is already logged on
[14:41:39] [Server thread/WARN]: Fetching packet for removed entity class_1542['Air'/1048141, l='ServerLevel[world]', x=-87.51, y=7.00, z=281.95]
[14:42:59] [Server thread/WARN]: Fetching packet for removed entity class_1542['Air'/1048302, l='ServerLevel[world]', x=-88.12, y=7.00, z=278.05]
[14:50:00] [Server thread/INFO]: Player shuijiao is already logged on
[15:00:00] [Server thread/INFO]: Player shuijiao is already logged on
[15:10:00] [Server thread/INFO]: Player shuijiao is already logged on
[15:11:25] [Server thread/WARN]: Fetching packet for removed entity class_1542['Air'/1051422, l='ServerLevel[world]', x=-86.05, y=7.00, z=280.69]
[15:20:00] [Server thread/INFO]: Player shuijiao is already logged on
[15:22:05] [Server thread/WARN]: Fetching packet for removed entity class_1542['Air'/1052655, l='ServerLevel[world]', x=-87.79, y=7.00, z=281.95]
[15:30:00] [Server thread/INFO]: Player shuijiao is already logged on
[15:40:00] [Server thread/INFO]: Player shuijiao is already logged on
[15:46:25] [Server thread/WARN]: Fetching packet for removed entity class_1542['Air'/1055524, l='ServerLevel[world]', x=-89.95, y=7.12, z=280.21]
[15:50:00] [Server thread/INFO]: Player shuijiao is already logged on
[15:59:49] [Server thread/WARN]: Fetching packet for removed entity class_1542['Air'/1057204, l='ServerLevel[world]', x=-89.95, y=7.00, z=279.69]
[16:00:00] [Server thread/INFO]: Player shuijiao is already logged on
[16:09:03] [Server thread/WARN]: Fetching packet for removed entity class_1542['Air'/1058373, l='ServerLevel[world]', x=-87.96, y=7.12, z=278.05]
[16:10:00] [Server thread/INFO]: Player shuijiao is already logged on
[16:11:45] [Server thread/WARN]: Fetching packet for removed entity class_1542['Air'/1058618, l='ServerLevel[world]', x=-86.05, y=7.00, z=280.27]
[16:11:46] [Server thread/WARN]: Fetching packet for removed entity class_1542['Air'/1058621, l='ServerLevel[world]', x=-87.05, y=7.00, z=281.95]
[16:20:00] [Server thread/INFO]: Player shuijiao is already logged on
[16:22:56] [Server thread/WARN]: Fetching packet for removed entity class_1542['Air'/1059789, l='ServerLevel[world]', x=-88.31, y=7.00, z=281.95]
[16:27:37] [Server thread/WARN]: Fetching packet for removed entity class_1542['Air'/1060302, l='ServerLevel[world]', x=-86.05, y=7.00, z=279.95]
[16:30:00] [Server thread/INFO]: Player shuijiao is already logged on
[16:31:18] [Server thread/WARN]: Fetching packet for removed entity class_1542['Air'/1060702, l='ServerLevel[world]', x=-89.95, y=7.00, z=280.65]
[16:40:00] [Server thread/INFO]: Player shuijiao is already logged on
[16:50:00] [Server thread/INFO]: Player shuijiao is already logged on
[16:55:41] [Server thread/WARN]: Fetching packet for removed entity class_1542['Air'/1063498, l='ServerLevel[world]', x=-88.67, y=7.00, z=281.95]
[16:58:43] [Server thread/WARN]: Fetching packet for removed entity class_1542['Air'/1063823, l='ServerLevel[world]', x=-87.79, y=7.00, z=281.95]
[17:00:00] [Server thread/INFO]: Player shuijiao is already logged on
[17:09:27] [Server thread/WARN]: Fetching packet for removed entity class_1542['Air'/1064994, l='ServerLevel[world]', x=-87.01, y=7.00, z=278.05]
[17:09:29] [Server thread/WARN]: Fetching packet for removed entity class_1542['Air'/1064996, l='ServerLevel[world]', x=-88.30, y=7.12, z=278.05]
[17:10:00] [Server thread/INFO]: Player shuijiao is already logged on
[17:20:00] [Server thread/INFO]: Player shuijiao is already logged on
[17:30:00] [Server thread/INFO]: Player shuijiao is already logged on
[17:34:46] [Server thread/WARN]: Fetching packet for removed entity class_1542['Air'/1067560, l='ServerLevel[world]', x=-88.84, y=7.00, z=281.95]
[17:36:21] [Server thread/WARN]: Fetching packet for removed entity class_1542['Air'/1067678, l='ServerLevel[world]', x=-86.05, y=7.00, z=280.97]
[17:40:00] [Server thread/INFO]: Player shuijiao is already logged on
[17:40:00] [Server thread/INFO]: [Textile Backup] Backup started by: Timer on: 2020-10-27_17-40-00
[17:40:00] [Server thread/INFO]: Saving server...
[17:40:00] [Server thread/INFO]: [Textile Backup] Saving server...
[17:40:00] [Server thread/INFO]: ThreadedAnvilChunkStorage (world): All chunks are saved
[17:40:00] [Server thread/INFO]: ThreadedAnvilChunkStorage (DIM-1): All chunks are saved
[17:40:00] [Server thread/INFO]: ThreadedAnvilChunkStorage (DIM1): All chunks are saved
[17:40:00] [pool-3-thread-1/INFO]: Starting backup
[17:40:00] [pool-3-thread-1/INFO]: [Textile Backup] Starting backup
[17:40:00] [pool-3-thread-1/INFO]: Starting compression...
[17:40:04] [pool-3-thread-1/INFO]: Compression took: 04.681 seconds.
[17:40:04] [pool-3-thread-1/INFO]: Done!
[17:40:04] [pool-3-thread-1/INFO]: [Textile Backup] Done!
[17:50:00] [Server thread/INFO]: Player shuijiao is already logged on
[18:00:00] [Server thread/INFO]: Player shuijiao is already logged on
[18:10:00] [Server thread/INFO]: Player shuijiao is already logged on
[18:14:39] [Server thread/WARN]: Fetching packet for removed entity class_1542['Air'/1071743, l='ServerLevel[world]', x=-87.64, y=7.00, z=281.95]
[18:20:00] [Server thread/INFO]: Player shuijiao is already logged on
[18:20:09] [Server thread/WARN]: Fetching packet for removed entity class_1542['Air'/1072297, l='ServerLevel[world]', x=-88.68, y=7.00, z=281.95]
[18:30:00] [Server thread/INFO]: Player shuijiao is already logged on
[18:30:08] [Server thread/WARN]: Fetching packet for removed entity class_1542['Air'/1073349, l='ServerLevel[world]', x=-86.05, y=7.00, z=279.34]
[18:40:00] [Server thread/INFO]: Player shuijiao is already logged on
[18:50:00] [Server thread/INFO]: Player shuijiao is already logged on
[19:00:00] [Server thread/INFO]: Player shuijiao is already logged on
[19:00:42] [Server thread/WARN]: Fetching packet for removed entity class_1542['Air'/1076408, l='ServerLevel[world]', x=-87.97, y=7.00, z=278.05]
[19:00:43] [Server thread/WARN]: Fetching packet for removed entity class_1542['Air'/1076411, l='ServerLevel[world]', x=-85.45, y=7.00, z=277.14]
[19:10:00] [Server thread/INFO]: Player shuijiao is already logged on
[19:20:00] [Server thread/INFO]: Player shuijiao is already logged on
[19:30:00] [Server thread/INFO]: Player shuijiao is already logged on
[19:40:00] [Server thread/INFO]: Player shuijiao is already logged on
[19:44:09] [Server thread/WARN]: Fetching packet for removed entity class_1542['Air'/1080948, l='ServerLevel[world]', x=-89.95, y=7.00, z=280.10]
[19:47:10] [Server thread/WARN]: Fetching packet for removed entity class_1542['Air'/1081249, l='ServerLevel[world]', x=-86.05, y=7.00, z=280.14]
[19:47:12] [Server thread/WARN]: Fetching packet for removed entity class_1542['Air'/1081253, l='ServerLevel[world]', x=-88.37, y=7.00, z=278.05]
[19:50:00] [Server thread/INFO]: Player shuijiao is already logged on
[20:00:00] [Server thread/INFO]: Player shuijiao is already logged on
[20:10:00] [Server thread/INFO]: Player shuijiao is already logged on
[20:20:00] [Server thread/INFO]: Player shuijiao is already logged on
[20:20:32] [Server thread/WARN]: Fetching packet for removed entity class_1542['Air'/1084969, l='ServerLevel[world]', x=-89.95, y=7.00, z=279.68]
[20:21:19] [Server thread/WARN]: Fetching packet for removed entity class_1542['Air'/1085071, l='ServerLevel[world]', x=-87.59, y=7.00, z=281.95]
[20:30:00] [Server thread/INFO]: Player shuijiao is already logged on
[20:32:57] [Server thread/WARN]: Fetching packet for removed entity class_1542['Air'/1086462, l='ServerLevel[world]', x=-89.95, y=7.12, z=280.98]
[20:39:53] [Server thread/WARN]: Fetching packet for removed entity class_1542['Air'/1087240, l='ServerLevel[world]', x=-86.05, y=7.00, z=279.98]
[20:40:00] [Server thread/INFO]: Player shuijiao is already logged on
[20:50:00] [Server thread/INFO]: Player shuijiao is already logged on
[21:00:00] [Server thread/INFO]: Player shuijiao is already logged on
[21:03:13] [Server thread/WARN]: Fetching packet for removed entity class_1542['Air'/1089499, l='ServerLevel[world]', x=-90.04, y=7.00, z=282.87]
[21:06:10] [Server thread/WARN]: Fetching packet for removed entity class_1542['Air'/1089919, l='ServerLevel[world]', x=-86.05, y=7.00, z=280.58]
[21:09:49] [Server thread/WARN]: Fetching packet for removed entity class_1542['Air'/1090275, l='ServerLevel[world]', x=-87.95, y=7.00, z=278.05]
[21:10:00] [Server thread/INFO]: Player shuijiao is already logged on
[21:20:00] [Server thread/INFO]: Player shuijiao is already logged on
[21:23:22] [Server thread/WARN]: Fetching packet for removed entity class_1542['Air'/1091551, l='ServerLevel[world]', x=-88.96, y=7.00, z=278.05]
[21:30:00] [Server thread/INFO]: Player shuijiao is already logged on
[21:40:00] [Server thread/INFO]: Player shuijiao is already logged on
[21:40:00] [Server thread/INFO]: [Textile Backup] Backup started by: Timer on: 2020-10-27_21-40-00
[21:40:00] [Server thread/INFO]: Saving server...
[21:40:00] [Server thread/INFO]: [Textile Backup] Saving server...
[21:40:00] [Server thread/INFO]: ThreadedAnvilChunkStorage (world): All chunks are saved
[21:40:00] [Server thread/INFO]: ThreadedAnvilChunkStorage (DIM-1): All chunks are saved
[21:40:00] [Server thread/INFO]: ThreadedAnvilChunkStorage (DIM1): All chunks are saved
[21:40:00] [pool-3-thread-1/INFO]: Starting backup
[21:40:00] [pool-3-thread-1/INFO]: [Textile Backup] Starting backup
[21:40:00] [pool-3-thread-1/INFO]: Starting compression...
[21:40:02] [pool-3-thread-1/INFO]: Compression took: 02.623 seconds.
[21:40:02] [pool-3-thread-1/INFO]: Done!
[21:40:02] [pool-3-thread-1/INFO]: [Textile Backup] Done!
[21:50:00] [Server thread/INFO]: Player shuijiao is already logged on
[21:51:55] [Server thread/WARN]: Fetching packet for removed entity class_1542['Air'/1094804, l='ServerLevel[world]', x=-86.05, y=7.00, z=280.99]
[22:00:00] [Server thread/INFO]: Player shuijiao is already logged on
[22:10:00] [Server thread/INFO]: Player shuijiao is already logged on
[22:19:25] [Server thread/WARN]: Fetching packet for removed entity class_1542['Air'/1097835, l='ServerLevel[world]', x=-87.01, y=7.00, z=281.95]
[22:20:00] [Server thread/INFO]: Player shuijiao is already logged on
[22:29:05] [Server thread/WARN]: Fetching packet for removed entity class_1542['Air'/1098894, l='ServerLevel[world]', x=-88.11, y=7.00, z=281.95]
[22:30:00] [Server thread/INFO]: Player shuijiao is already logged on
[22:37:59] [Server thread/WARN]: Fetching packet for removed entity class_1542['Air'/1100179, l='ServerLevel[world]', x=-89.95, y=7.00, z=280.02]
[22:40:00] [Server thread/INFO]: Player shuijiao is already logged on
[22:40:05] [Server thread/WARN]: Fetching packet for removed entity class_1542['Air'/1100537, l='ServerLevel[world]', x=-88.04, y=7.00, z=281.95]
[22:50:00] [Server thread/INFO]: Player shuijiao is already logged on
[22:54:32] [Server thread/WARN]: Fetching packet for removed entity class_1542['Air'/1102121, l='ServerLevel[world]', x=-86.05, y=7.00, z=280.16]
[22:56:14] [Server thread/WARN]: Fetching packet for removed entity class_1542['Air'/1102330, l='ServerLevel[world]', x=-86.05, y=7.00, z=280.99]
[23:00:00] [Server thread/INFO]: Player shuijiao is already logged on
[23:10:00] [Server thread/INFO]: Player shuijiao is already logged on
[23:20:00] [Server thread/INFO]: Player shuijiao is already logged on
[23:30:00] [Server thread/INFO]: Player shuijiao is already logged on
[23:37:04] [Server thread/WARN]: Fetching packet for removed entity class_1542['Air'/1106812, l='ServerLevel[world]', x=-89.95, y=7.00, z=280.35]
[23:38:21] [Server thread/WARN]: Fetching packet for removed entity class_1542['Air'/1106981, l='ServerLevel[world]', x=-88.41, y=7.00, z=278.05]
[23:40:00] [Server thread/INFO]: Player shuijiao is already logged on
[23:45:23] [Server thread/WARN]: Fetching packet for removed entity class_1542['Air'/1107887, l='ServerLevel[world]', x=-87.62, y=7.00, z=278.05]
[23:47:51] [Server thread/WARN]: Fetching packet for removed entity class_1542['Air'/1108150, l='ServerLevel[world]', x=-88.39, y=7.00, z=281.95]
[23:50:00] [Server thread/INFO]: Player shuijiao is already logged on
