[00:00:00] [Server thread/INFO]: Player shuijiao is already logged on
[00:04:02] [Server thread/WARN]: Fetching packet for removed entity class_1542['Air'/122911, l='ServerLevel[world]', x=-86.05, y=7.00, z=280.99]
[00:05:36] [Server thread/WARN]: Fetching packet for removed entity class_1542['Air'/123112, l='ServerLevel[world]', x=-84.45, y=7.00, z=280.76]
[00:07:45] [Server thread/WARN]: Fetching packet for removed entity class_1542['Air'/123373, l='ServerLevel[world]', x=-88.58, y=7.00, z=281.95]
[00:10:00] [Server thread/INFO]: Player shuijiao is already logged on
[00:20:00] [Server thread/INFO]: Player shuijiao is already logged on
[00:20:08] [Server thread/WARN]: Fetching packet for removed entity class_1542['Air'/124784, l='ServerLevel[world]', x=-86.05, y=7.00, z=280.05]
[00:22:28] [Server thread/WARN]: Fetching packet for removed entity class_1542['Air'/125001, l='ServerLevel[world]', x=-89.95, y=7.00, z=279.72]
[00:23:48] [Server thread/WARN]: Fetching packet for removed entity class_1542['Air'/125151, l='ServerLevel[world]', x=-89.95, y=7.00, z=280.99]
[00:29:43] [Server thread/WARN]: Fetching packet for removed entity class_1542['Air'/125600, l='ServerLevel[world]', x=-85.78, y=7.00, z=278.89]
[00:30:00] [Server thread/INFO]: Player shuijiao is already logged on
[00:40:00] [Server thread/INFO]: Player shuijiao is already logged on
[00:44:48] [Server thread/WARN]: Fetching packet for removed entity class_1542['Air'/127057, l='ServerLevel[world]', x=-86.05, y=7.00, z=280.40]
[00:50:00] [Server thread/INFO]: Player shuijiao is already logged on
[00:52:06] [Server thread/WARN]: Fetching packet for removed entity class_1542['Air'/127907, l='ServerLevel[world]', x=-89.95, y=7.00, z=280.28]
[00:55:43] [Server thread/WARN]: Fetching packet for removed entity class_1542['Air'/128268, l='ServerLevel[world]', x=-89.95, y=7.00, z=279.40]
[01:00:00] [Server thread/INFO]: Player shuijiao is already logged on
[01:05:07] [Server thread/WARN]: Fetching packet for removed entity class_1542['Air'/129405, l='ServerLevel[world]', x=-88.85, y=7.00, z=281.95]
[01:07:45] [Server thread/WARN]: Fetching packet for removed entity class_1542['Air'/129689, l='ServerLevel[world]', x=-86.05, y=7.00, z=280.08]
[01:10:00] [Server thread/INFO]: Player shuijiao is already logged on
[01:20:00] [Server thread/INFO]: Player shuijiao is already logged on
[01:28:55] [Server thread/WARN]: Fetching packet for removed entity class_1542['Air'/131962, l='ServerLevel[world]', x=-88.01, y=7.00, z=281.95]
[01:30:00] [Server thread/INFO]: Player shuijiao is already logged on
[01:40:00] [Server thread/INFO]: Player shuijiao is already logged on
[01:40:00] [Server thread/INFO]: [Textile Backup] Backup started by: Timer on: 2020-10-22_01-40-00
[01:40:00] [Server thread/INFO]: Saving server...
[01:40:00] [Server thread/INFO]: [Textile Backup] Saving server...
[01:40:00] [Server thread/INFO]: ThreadedAnvilChunkStorage (world): All chunks are saved
[01:40:00] [Server thread/INFO]: ThreadedAnvilChunkStorage (DIM-1): All chunks are saved
[01:40:00] [Server thread/INFO]: ThreadedAnvilChunkStorage (DIM1): All chunks are saved
[01:40:00] [pool-3-thread-1/INFO]: Starting backup
[01:40:00] [pool-3-thread-1/INFO]: [Textile Backup] Starting backup
[01:40:00] [pool-3-thread-1/INFO]: Starting compression...
[01:40:02] [pool-3-thread-1/INFO]: Compression took: 02.533 seconds.
[01:40:02] [pool-3-thread-1/INFO]: Deleting: 2020-10-10_05-40-00.zip
[01:40:02] [pool-3-thread-1/INFO]: [Textile Backup] Deleting: 2020-10-10_05-40-00.zip
[01:40:02] [pool-3-thread-1/INFO]: Done!
[01:40:02] [pool-3-thread-1/INFO]: [Textile Backup] Done!
[01:50:00] [Server thread/INFO]: Player shuijiao is already logged on
[02:00:00] [Server thread/INFO]: Player shuijiao is already logged on
[02:10:00] [Server thread/INFO]: Player shuijiao is already logged on
[02:10:27] [Server thread/WARN]: Fetching packet for removed entity class_1542['Air'/136341, l='ServerLevel[world]', x=-86.31, y=7.00, z=277.00]
[02:14:13] [Server thread/WARN]: Fetching packet for removed entity class_1542['Air'/136804, l='ServerLevel[world]', x=-88.23, y=7.00, z=281.95]
[02:14:31] [Server thread/WARN]: Fetching packet for removed entity class_1542['Air'/136880, l='ServerLevel[world]', x=-88.06, y=7.00, z=281.95]
[02:15:19] [Server thread/WARN]: Fetching packet for removed entity class_1542['Air'/136969, l='ServerLevel[world]', x=-89.95, y=7.00, z=280.00]
[02:20:00] [Server thread/INFO]: Player shuijiao is already logged on
[02:30:00] [Server thread/INFO]: Player shuijiao is already logged on
[02:33:21] [Server thread/WARN]: Fetching packet for removed entity class_1542['Air'/138982, l='ServerLevel[world]', x=-86.05, y=7.00, z=280.74]
[02:33:53] [Server thread/WARN]: Fetching packet for removed entity class_1542['Air'/139013, l='ServerLevel[world]', x=-89.95, y=7.00, z=279.75]
[02:38:54] [Server thread/WARN]: Fetching packet for removed entity class_1542['Air'/139445, l='ServerLevel[world]', x=-89.95, y=7.00, z=280.06]
[02:38:57] [Server thread/WARN]: Fetching packet for removed entity class_1542['Air'/139453, l='ServerLevel[world]', x=-88.32, y=7.00, z=281.95]
[02:40:00] [Server thread/INFO]: Player shuijiao is already logged on
[02:43:24] [Server thread/WARN]: Fetching packet for removed entity class_1542['Air'/139968, l='ServerLevel[world]', x=-86.05, y=7.00, z=280.70]
[02:47:32] [Server thread/WARN]: Fetching packet for removed entity class_1542['Air'/140470, l='ServerLevel[world]', x=-86.05, y=7.00, z=279.72]
[02:50:00] [Server thread/INFO]: Player shuijiao is already logged on
[03:00:00] [Server thread/INFO]: Player shuijiao is already logged on
[03:10:00] [Server thread/INFO]: Player shuijiao is already logged on
[03:12:49] [Server thread/WARN]: Fetching packet for removed entity class_1542['Air'/143669, l='ServerLevel[world]', x=-89.95, y=7.00, z=280.28]
[03:20:00] [Server thread/INFO]: Player shuijiao is already logged on
[03:21:33] [Server thread/WARN]: Fetching packet for removed entity class_1542['Air'/144631, l='ServerLevel[world]', x=-89.95, y=7.00, z=280.02]
[03:21:48] [Server thread/WARN]: Fetching packet for removed entity class_1542['Air'/144655, l='ServerLevel[world]', x=-87.27, y=7.00, z=281.95]
[03:30:00] [Server thread/INFO]: Player shuijiao is already logged on
[03:39:27] [Server thread/WARN]: Fetching packet for removed entity class_1542['Air'/147105, l='ServerLevel[world]', x=-86.05, y=7.00, z=279.01]
[03:40:00] [Server thread/INFO]: Player shuijiao is already logged on
[03:42:32] [Server thread/WARN]: Fetching packet for removed entity class_1542['Air'/147667, l='ServerLevel[world]', x=-89.95, y=7.00, z=280.19]
[03:50:00] [Server thread/INFO]: Player shuijiao is already logged on
[03:51:45] [Server thread/WARN]: Fetching packet for removed entity class_1542['Air'/148569, l='ServerLevel[world]', x=-89.95, y=7.00, z=280.22]
[04:00:00] [Server thread/INFO]: Player shuijiao is already logged on
[04:04:59] [Server thread/WARN]: Fetching packet for removed entity class_1542['Air'/150584, l='ServerLevel[world]', x=-86.05, y=7.00, z=279.60]
[04:06:04] [Server thread/WARN]: Fetching packet for removed entity class_1542['Air'/150711, l='ServerLevel[world]', x=-87.54, y=7.04, z=277.34]
[04:10:00] [Server thread/INFO]: Player shuijiao is already logged on
[04:20:00] [Server thread/INFO]: Player shuijiao is already logged on
[04:30:00] [Server thread/INFO]: Player shuijiao is already logged on
[04:40:00] [Server thread/INFO]: Player shuijiao is already logged on
[04:40:02] [Server thread/WARN]: Fetching packet for removed entity class_1542['Air'/154197, l='ServerLevel[world]', x=-89.95, y=7.00, z=279.01]
[04:40:54] [Server thread/WARN]: Fetching packet for removed entity class_1542['Air'/154284, l='ServerLevel[world]', x=-89.95, y=7.00, z=279.63]
[04:45:35] [Server thread/WARN]: Fetching packet for removed entity class_1542['Air'/154825, l='ServerLevel[world]', x=-86.05, y=7.00, z=279.83]
[04:50:00] [Server thread/INFO]: Player shuijiao is already logged on
[05:00:00] [Server thread/INFO]: Player shuijiao is already logged on
[05:10:00] [Server thread/INFO]: Player shuijiao is already logged on
[05:20:00] [Server thread/INFO]: Player shuijiao is already logged on
[05:28:51] [Server thread/WARN]: Fetching packet for removed entity class_1542['Air'/159608, l='ServerLevel[world]', x=-88.19, y=7.00, z=281.95]
[05:30:00] [Server thread/INFO]: Player shuijiao is already logged on
[05:34:55] [Server thread/WARN]: Fetching packet for removed entity class_1542['Air'/160313, l='ServerLevel[world]', x=-86.05, y=7.00, z=279.59]
[05:40:00] [Server thread/INFO]: Player shuijiao is already logged on
[05:40:00] [Server thread/INFO]: [Textile Backup] Backup started by: Timer on: 2020-10-22_05-40-00
[05:40:00] [Server thread/INFO]: Saving server...
[05:40:00] [Server thread/INFO]: [Textile Backup] Saving server...
[05:40:00] [Server thread/INFO]: ThreadedAnvilChunkStorage (world): All chunks are saved
[05:40:00] [Server thread/INFO]: ThreadedAnvilChunkStorage (DIM-1): All chunks are saved
[05:40:00] [Server thread/INFO]: ThreadedAnvilChunkStorage (DIM1): All chunks are saved
[05:40:00] [pool-3-thread-1/INFO]: Starting backup
[05:40:00] [pool-3-thread-1/INFO]: [Textile Backup] Starting backup
[05:40:00] [pool-3-thread-1/INFO]: Starting compression...
[05:40:02] [pool-3-thread-1/INFO]: Compression took: 02.560 seconds.
[05:40:02] [pool-3-thread-1/INFO]: Deleting: 2020-10-10_09-40-00.zip
[05:40:02] [pool-3-thread-1/INFO]: [Textile Backup] Deleting: 2020-10-10_09-40-00.zip
[05:40:02] [pool-3-thread-1/INFO]: Done!
[05:40:02] [pool-3-thread-1/INFO]: [Textile Backup] Done!
[05:46:55] [Server thread/WARN]: Fetching packet for removed entity class_1542['Air'/161414, l='ServerLevel[world]', x=-86.04, y=7.00, z=279.49]
[05:48:41] [Server thread/WARN]: Fetching packet for removed entity class_1542['Air'/161625, l='ServerLevel[world]', x=-89.95, y=7.00, z=279.54]
[05:50:00] [Server thread/INFO]: Player shuijiao is already logged on
[06:00:00] [Server thread/INFO]: Player shuijiao is already logged on
[06:08:52] [Server thread/WARN]: Fetching packet for removed entity class_1542['Air'/163846, l='ServerLevel[world]', x=-89.95, y=7.00, z=279.01]
[06:10:00] [Server thread/INFO]: Player shuijiao is already logged on
[06:13:26] [Server thread/WARN]: Fetching packet for removed entity class_1542['Air'/164312, l='ServerLevel[world]', x=-88.58, y=7.00, z=278.02]
[06:18:06] [Server thread/WARN]: Fetching packet for removed entity class_1542['Air'/164871, l='ServerLevel[world]', x=-87.78, y=7.00, z=281.95]
[06:20:00] [Server thread/INFO]: Player shuijiao is already logged on
[06:30:00] [Server thread/INFO]: Player shuijiao is already logged on
[06:31:00] [Server thread/WARN]: Fetching packet for removed entity class_1542['Air'/166341, l='ServerLevel[world]', x=-88.15, y=7.00, z=278.05]
[06:40:00] [Server thread/INFO]: Player shuijiao is already logged on
[06:50:00] [Server thread/INFO]: Player shuijiao is already logged on
[07:00:00] [Server thread/INFO]: Player shuijiao is already logged on
[07:00:07] [Server thread/WARN]: Fetching packet for removed entity class_1542['Air'/169504, l='ServerLevel[world]', x=-86.05, y=7.00, z=280.54]
[07:01:33] [Server thread/WARN]: Fetching packet for removed entity class_1542['Air'/169693, l='ServerLevel[world]', x=-86.05, y=7.00, z=280.92]
[07:08:27] [Server thread/WARN]: Fetching packet for removed entity class_1542['Air'/170393, l='ServerLevel[world]', x=-86.05, y=7.00, z=279.96]
[07:10:00] [Server thread/INFO]: Player shuijiao is already logged on
[07:12:38] [Server thread/WARN]: Fetching packet for removed entity class_1542['Air'/170856, l='ServerLevel[world]', x=-87.99, y=7.00, z=278.05]
[07:20:00] [Server thread/INFO]: Player shuijiao is already logged on
[07:28:40] [Server thread/WARN]: Fetching packet for removed entity class_1542['Air'/172826, l='ServerLevel[world]', x=-88.24, y=7.00, z=278.05]
[07:30:00] [Server thread/INFO]: Player shuijiao is already logged on
[07:36:37] [Server thread/WARN]: Fetching packet for removed entity class_1542['Air'/173802, l='ServerLevel[world]', x=-86.05, y=7.00, z=280.64]
[07:40:00] [Server thread/INFO]: Player shuijiao is already logged on
[07:50:00] [Server thread/INFO]: Player shuijiao is already logged on
[07:57:27] [Server thread/WARN]: Fetching packet for removed entity class_1542['Air'/175863, l='ServerLevel[world]', x=-88.04, y=7.00, z=281.95]
[07:59:09] [Server thread/WARN]: Fetching packet for removed entity class_1542['Air'/176017, l='ServerLevel[world]', x=-87.22, y=7.00, z=278.05]
[08:00:00] [Server thread/INFO]: Player shuijiao is already logged on
[08:08:15] [Server thread/WARN]: Fetching packet for removed entity class_1542['Air'/177016, l='ServerLevel[world]', x=-88.21, y=7.00, z=281.95]
[08:10:00] [Server thread/INFO]: Player shuijiao is already logged on
[08:20:00] [Server thread/INFO]: Player shuijiao is already logged on
[08:27:12] [Server thread/WARN]: Fetching packet for removed entity class_1542['Air'/178793, l='ServerLevel[world]', x=-88.28, y=7.00, z=278.05]
[08:28:06] [Server thread/WARN]: Fetching packet for removed entity class_1542['Air'/178907, l='ServerLevel[world]', x=-88.28, y=7.00, z=278.05]
[08:30:00] [Server thread/INFO]: Player shuijiao is already logged on
[08:40:00] [Server thread/INFO]: Player shuijiao is already logged on
[08:47:43] [Server thread/WARN]: Fetching packet for removed entity class_1542['Air'/181011, l='ServerLevel[world]', x=-84.30, y=7.00, z=281.88]
[08:48:46] [Server thread/WARN]: Fetching packet for removed entity class_1542['Air'/181141, l='ServerLevel[world]', x=-90.71, y=7.04, z=280.68]
[08:50:00] [Server thread/INFO]: Player shuijiao is already logged on
[09:00:00] [Server thread/INFO]: Player shuijiao is already logged on
[09:07:18] [Server thread/WARN]: Fetching packet for removed entity class_1542['Air'/183149, l='ServerLevel[world]', x=-86.05, y=7.00, z=279.95]
[09:10:00] [Server thread/INFO]: Player shuijiao is already logged on
[09:10:03] [Server thread/WARN]: Fetching packet for removed entity class_1542['Air'/183440, l='ServerLevel[world]', x=-88.39, y=7.00, z=281.95]
[09:20:00] [Server thread/INFO]: Player shuijiao is already logged on
[09:30:00] [Server thread/INFO]: Player shuijiao is already logged on
[09:40:00] [Server thread/INFO]: Player shuijiao is already logged on
[09:40:00] [Server thread/INFO]: [Textile Backup] Backup started by: Timer on: 2020-10-22_09-40-00
[09:40:00] [Server thread/INFO]: Saving server...
[09:40:00] [Server thread/INFO]: [Textile Backup] Saving server...
[09:40:00] [Server thread/INFO]: ThreadedAnvilChunkStorage (world): All chunks are saved
[09:40:00] [Server thread/INFO]: ThreadedAnvilChunkStorage (DIM-1): All chunks are saved
[09:40:00] [Server thread/INFO]: ThreadedAnvilChunkStorage (DIM1): All chunks are saved
[09:40:00] [pool-3-thread-1/INFO]: Starting backup
[09:40:00] [pool-3-thread-1/INFO]: [Textile Backup] Starting backup
[09:40:00] [pool-3-thread-1/INFO]: Starting compression...
[09:40:02] [pool-3-thread-1/INFO]: Compression took: 02.572 seconds.
[09:40:02] [pool-3-thread-1/INFO]: Deleting: 2020-10-10_13-40-00.zip
[09:40:02] [pool-3-thread-1/INFO]: [Textile Backup] Deleting: 2020-10-10_13-40-00.zip
[09:40:02] [pool-3-thread-1/INFO]: Done!
[09:40:02] [pool-3-thread-1/INFO]: [Textile Backup] Done!
[09:45:51] [Server thread/WARN]: Fetching packet for removed entity class_1542['Air'/187211, l='ServerLevel[world]', x=-89.95, y=7.00, z=280.03]
[09:50:00] [Server thread/INFO]: Player shuijiao is already logged on
[09:57:43] [Server thread/WARN]: Fetching packet for removed entity class_1542['Air'/188909, l='ServerLevel[world]', x=-87.65, y=7.00, z=278.05]
[10:00:00] [Server thread/INFO]: Player shuijiao is already logged on
[10:08:47] [Server thread/WARN]: Fetching packet for removed entity class_1542['Air'/190197, l='ServerLevel[world]', x=-87.84, y=7.12, z=281.95]
[10:10:00] [Server thread/INFO]: Player shuijiao is already logged on
[10:20:00] [Server thread/INFO]: Player shuijiao is already logged on
[10:28:32] [Server thread/WARN]: Fetching packet for removed entity class_1542['Air'/192438, l='ServerLevel[world]', x=-87.11, y=7.00, z=278.05]
[10:30:00] [Server thread/INFO]: Player shuijiao is already logged on
[10:36:18] [Server thread/WARN]: Fetching packet for removed entity class_1542['Air'/193350, l='ServerLevel[world]', x=-86.05, y=7.00, z=279.29]
[10:40:00] [Server thread/INFO]: Player shuijiao is already logged on
[10:43:13] [Server thread/WARN]: Fetching packet for removed entity class_1542['Air'/194132, l='ServerLevel[world]', x=-85.51, y=7.12, z=279.72]
[10:48:08] [Server thread/WARN]: Fetching packet for removed entity class_1542['Air'/194810, l='ServerLevel[world]', x=-89.95, y=7.00, z=280.45]
[10:50:00] [Server thread/INFO]: Player shuijiao is already logged on
[10:51:52] [Server thread/WARN]: Fetching packet for removed entity class_1542['Air'/195296, l='ServerLevel[world]', x=-87.95, y=7.00, z=278.05]
[10:52:15] [Server thread/WARN]: Fetching packet for removed entity class_1542['Air'/195372, l='ServerLevel[world]', x=-91.86, y=7.00, z=278.69]
[10:57:19] [Server thread/WARN]: Fetching packet for removed entity class_1542['Air'/196148, l='ServerLevel[world]', x=-91.57, y=7.00, z=278.01]
[11:00:00] [Server thread/INFO]: Player shuijiao is already logged on
[11:10:00] [Server thread/INFO]: Player shuijiao is already logged on
[11:20:00] [Server thread/INFO]: Player shuijiao is already logged on
[11:20:27] [Server thread/WARN]: Fetching packet for removed entity class_1542['Air'/198860, l='ServerLevel[world]', x=-86.05, y=7.00, z=279.39]
[11:30:00] [Server thread/INFO]: Player shuijiao is already logged on
[11:38:15] [Server thread/WARN]: Fetching packet for removed entity class_1542['Air'/200537, l='ServerLevel[world]', x=-88.11, y=7.00, z=281.95]
[11:40:00] [Server thread/INFO]: Player shuijiao is already logged on
[11:41:57] [Server thread/WARN]: Fetching packet for removed entity class_1542['Air'/200893, l='ServerLevel[world]', x=-86.05, y=7.00, z=280.37]
[11:44:16] [Server thread/WARN]: Fetching packet for removed entity class_1542['Air'/201116, l='ServerLevel[world]', x=-86.05, y=7.00, z=280.18]
[11:44:35] [Server thread/WARN]: Fetching packet for removed entity class_1542['Air'/201150, l='ServerLevel[world]', x=-87.92, y=7.00, z=278.05]
[11:50:00] [Server thread/INFO]: Player shuijiao is already logged on
[12:00:00] [Server thread/INFO]: Player shuijiao is already logged on
[12:10:00] [Server thread/INFO]: Player shuijiao is already logged on
[12:20:00] [Server thread/INFO]: Player shuijiao is already logged on
[12:28:05] [Server thread/WARN]: Fetching packet for removed entity class_1542['Air'/205865, l='ServerLevel[world]', x=-88.29, y=7.00, z=278.05]
[12:30:00] [Server thread/INFO]: Player shuijiao is already logged on
[12:37:25] [Server thread/WARN]: Fetching packet for removed entity class_1542['Air'/206762, l='ServerLevel[world]', x=-88.25, y=7.00, z=281.95]
[12:37:27] [Server thread/WARN]: Fetching packet for removed entity class_1542['Air'/206764, l='ServerLevel[world]', x=-87.69, y=7.00, z=281.95]
[12:39:35] [Server thread/WARN]: Fetching packet for removed entity class_1542['Air'/206991, l='ServerLevel[world]', x=-89.95, y=7.00, z=280.47]
[12:40:00] [Server thread/INFO]: Player shuijiao is already logged on
[12:50:00] [Server thread/INFO]: Player shuijiao is already logged on
[12:53:10] [Server thread/WARN]: Fetching packet for removed entity class_1542['Air'/208457, l='ServerLevel[world]', x=-89.95, y=7.00, z=280.09]
[13:00:00] [Server thread/INFO]: Player shuijiao is already logged on
[13:06:55] [Server thread/WARN]: Fetching packet for removed entity class_1542['Air'/210242, l='ServerLevel[world]', x=-86.05, y=7.00, z=279.52]
[13:10:00] [Server thread/INFO]: Player shuijiao is already logged on
[13:20:00] [Server thread/INFO]: Player shuijiao is already logged on
[13:30:00] [Server thread/INFO]: Player shuijiao is already logged on
[13:33:33] [Server thread/WARN]: Fetching packet for removed entity class_1542['Air'/213805, l='ServerLevel[world]', x=-87.53, y=7.00, z=281.95]
[13:36:47] [Server thread/WARN]: Fetching packet for removed entity class_1542['Air'/214174, l='ServerLevel[world]', x=-86.05, y=7.00, z=280.44]
[13:38:33] [Server thread/WARN]: Fetching packet for removed entity class_1542['Air'/214372, l='ServerLevel[world]', x=-88.42, y=7.00, z=278.05]
[13:40:00] [Server thread/INFO]: Player shuijiao is already logged on
[13:40:00] [Server thread/INFO]: [Textile Backup] Backup started by: Timer on: 2020-10-22_13-40-00
[13:40:00] [Server thread/INFO]: Saving server...
[13:40:00] [Server thread/INFO]: [Textile Backup] Saving server...
[13:40:00] [Server thread/INFO]: ThreadedAnvilChunkStorage (world): All chunks are saved
[13:40:00] [Server thread/INFO]: ThreadedAnvilChunkStorage (DIM-1): All chunks are saved
[13:40:00] [Server thread/INFO]: ThreadedAnvilChunkStorage (DIM1): All chunks are saved
[13:40:00] [pool-3-thread-1/INFO]: Starting backup
[13:40:00] [pool-3-thread-1/INFO]: [Textile Backup] Starting backup
[13:40:00] [pool-3-thread-1/INFO]: Starting compression...
[13:40:02] [pool-3-thread-1/INFO]: Compression took: 02.575 seconds.
[13:40:02] [pool-3-thread-1/INFO]: Deleting: 2020-10-10_17-40-00.zip
[13:40:02] [pool-3-thread-1/INFO]: [Textile Backup] Deleting: 2020-10-10_17-40-00.zip
[13:40:02] [pool-3-thread-1/INFO]: Done!
[13:40:02] [pool-3-thread-1/INFO]: [Textile Backup] Done!
[13:50:00] [Server thread/INFO]: Player shuijiao is already logged on
[14:00:00] [Server thread/INFO]: Player shuijiao is already logged on
[14:10:00] [Server thread/INFO]: Player shuijiao is already logged on
[14:20:00] [Server thread/INFO]: Player shuijiao is already logged on
[14:22:36] [Server thread/WARN]: Fetching packet for removed entity class_1542['Air'/219926, l='ServerLevel[world]', x=-89.95, y=7.00, z=280.61]
[14:23:40] [Server thread/WARN]: Fetching packet for removed entity class_1542['Air'/220070, l='ServerLevel[world]', x=-86.05, y=7.00, z=279.49]
[14:30:00] [Server thread/INFO]: Player shuijiao is already logged on
[14:40:00] [Server thread/INFO]: Player shuijiao is already logged on
[14:49:24] [Server thread/WARN]: Fetching packet for removed entity class_1542['Air'/222736, l='ServerLevel[world]', x=-88.11, y=7.00, z=281.95]
[14:50:00] [Server thread/INFO]: Player shuijiao is already logged on
[15:00:00] [Server thread/INFO]: Player shuijiao is already logged on
[15:01:44] [Server thread/WARN]: Fetching packet for removed entity class_1542['Air'/223798, l='ServerLevel[world]', x=-86.05, y=7.00, z=280.56]
[15:10:00] [Server thread/INFO]: Player shuijiao is already logged on
[15:10:09] [Server thread/WARN]: Fetching packet for removed entity class_1542['Air'/224746, l='ServerLevel[world]', x=-89.95, y=7.00, z=280.16]
[15:20:00] [Server thread/INFO]: Player shuijiao is already logged on
[15:30:00] [Server thread/INFO]: Player shuijiao is already logged on
[15:40:00] [Server thread/INFO]: Player shuijiao is already logged on
[15:50:00] [Server thread/INFO]: Player shuijiao is already logged on
[16:00:00] [Server thread/INFO]: Player shuijiao is already logged on
[16:04:54] [Server thread/WARN]: Fetching packet for removed entity class_1542['Air'/230892, l='ServerLevel[world]', x=-89.95, y=7.00, z=280.24]
[16:04:56] [Server thread/WARN]: Fetching packet for removed entity class_1542['Air'/230899, l='ServerLevel[world]', x=-89.95, y=7.00, z=280.69]
[16:06:23] [Server thread/WARN]: Fetching packet for removed entity class_1542['Air'/231031, l='ServerLevel[world]', x=-89.95, y=7.00, z=279.66]
[16:10:00] [Server thread/INFO]: Player shuijiao is already logged on
[16:20:00] [Server thread/INFO]: Player shuijiao is already logged on
[16:30:00] [Server thread/INFO]: Player shuijiao is already logged on
[16:40:00] [Server thread/INFO]: Player shuijiao is already logged on
[16:41:43] [Server thread/WARN]: Fetching packet for removed entity class_1542['Air'/234823, l='ServerLevel[world]', x=-86.05, y=7.00, z=280.17]
[16:43:19] [Server thread/WARN]: Fetching packet for removed entity class_1542['Air'/235021, l='ServerLevel[world]', x=-87.93, y=7.00, z=278.05]
[16:50:00] [Server thread/INFO]: Player shuijiao is already logged on
[16:56:42] [Server thread/WARN]: Fetching packet for removed entity class_1542['Air'/236321, l='ServerLevel[world]', x=-87.64, y=7.00, z=281.95]
[17:00:00] [Server thread/INFO]: Player shuijiao is already logged on
[17:10:00] [Server thread/INFO]: Player shuijiao is already logged on
[17:12:11] [Server thread/WARN]: Fetching packet for removed entity class_1542['Air'/238293, l='ServerLevel[world]', x=-86.05, y=7.00, z=279.75]
[17:20:00] [Server thread/INFO]: Player shuijiao is already logged on
[17:29:49] [Server thread/WARN]: Fetching packet for removed entity class_1542['Air'/240267, l='ServerLevel[world]', x=-87.75, y=7.00, z=281.95]
[17:30:00] [Server thread/INFO]: Player shuijiao is already logged on
[17:38:59] [Server thread/WARN]: Fetching packet for removed entity class_1542['Air'/241221, l='ServerLevel[world]', x=-88.12, y=7.12, z=278.05]
[17:39:55] [Server thread/WARN]: Fetching packet for removed entity class_1542['Air'/241383, l='ServerLevel[world]', x=-89.95, y=7.00, z=280.32]
[17:40:00] [Server thread/INFO]: Player shuijiao is already logged on
[17:40:00] [Server thread/INFO]: [Textile Backup] Backup started by: Timer on: 2020-10-22_17-40-00
[17:40:00] [Server thread/INFO]: Saving server...
[17:40:00] [Server thread/INFO]: [Textile Backup] Saving server...
[17:40:00] [Server thread/INFO]: ThreadedAnvilChunkStorage (world): All chunks are saved
[17:40:00] [Server thread/INFO]: ThreadedAnvilChunkStorage (DIM-1): All chunks are saved
[17:40:00] [Server thread/INFO]: ThreadedAnvilChunkStorage (DIM1): All chunks are saved
[17:40:00] [pool-3-thread-1/INFO]: Starting backup
[17:40:00] [pool-3-thread-1/INFO]: [Textile Backup] Starting backup
[17:40:00] [pool-3-thread-1/INFO]: Starting compression...
[17:40:03] [pool-3-thread-1/INFO]: Compression took: 03.541 seconds.
[17:40:03] [pool-3-thread-1/INFO]: Deleting: 2020-10-10_21-40-00.zip
[17:40:03] [pool-3-thread-1/INFO]: [Textile Backup] Deleting: 2020-10-10_21-40-00.zip
[17:40:03] [pool-3-thread-1/INFO]: Done!
[17:40:03] [pool-3-thread-1/INFO]: [Textile Backup] Done!
[17:50:00] [Server thread/INFO]: Player shuijiao is already logged on
[18:00:00] [Server thread/INFO]: Player shuijiao is already logged on
[18:03:10] [Server thread/WARN]: Fetching packet for removed entity class_1542['Air'/244038, l='ServerLevel[world]', x=-86.05, y=7.00, z=280.15]
[18:04:59] [Server thread/WARN]: Fetching packet for removed entity class_1542['Air'/244217, l='ServerLevel[world]', x=-88.34, y=7.00, z=278.05]
[18:07:10] [Server thread/WARN]: Fetching packet for removed entity class_1542['Air'/244535, l='ServerLevel[world]', x=-88.65, y=7.00, z=281.95]
[18:10:00] [Server thread/INFO]: Player shuijiao is already logged on
[18:20:00] [Server thread/INFO]: Player shuijiao is already logged on
[18:23:47] [Server thread/WARN]: Fetching packet for removed entity class_1542['Air'/246056, l='ServerLevel[world]', x=-89.95, y=7.00, z=280.54]
[18:30:00] [Server thread/INFO]: Player shuijiao is already logged on
[18:32:21] [Server thread/WARN]: Fetching packet for removed entity class_1542['Air'/246960, l='ServerLevel[world]', x=-84.83, y=7.00, z=278.00]
[18:40:00] [Server thread/INFO]: Player shuijiao is already logged on
[18:48:55] [Server thread/WARN]: Fetching packet for removed entity class_1542['Air'/248735, l='ServerLevel[world]', x=-88.11, y=7.00, z=278.05]
[18:50:00] [Server thread/INFO]: Player shuijiao is already logged on
[19:00:00] [Server thread/INFO]: Player shuijiao is already logged on
[19:06:41] [Server thread/WARN]: Fetching packet for removed entity class_1542['Air'/250549, l='ServerLevel[world]', x=-89.95, y=7.00, z=279.41]
[19:10:00] [Server thread/INFO]: Player shuijiao is already logged on
[19:20:00] [Server thread/INFO]: Player shuijiao is already logged on
[19:28:03] [Server thread/WARN]: Fetching packet for removed entity class_1542['Air'/252779, l='ServerLevel[world]', x=-87.72, y=7.00, z=281.95]
[19:30:00] [Server thread/INFO]: Player shuijiao is already logged on
[19:30:07] [Server thread/WARN]: Fetching packet for removed entity class_1542['Air'/253073, l='ServerLevel[world]', x=-89.95, y=7.00, z=279.88]
[19:40:00] [Server thread/INFO]: Player shuijiao is already logged on
[19:50:00] [Server thread/INFO]: Player shuijiao is already logged on
[19:52:07] [Server thread/WARN]: Fetching packet for removed entity class_1542['Air'/255383, l='ServerLevel[world]', x=-87.82, y=7.00, z=278.05]
[19:52:42] [Server thread/WARN]: Fetching packet for removed entity class_1542['Air'/255432, l='ServerLevel[world]', x=-88.57, y=7.00, z=281.95]
[19:54:06] [Server thread/WARN]: Fetching packet for removed entity class_1542['Air'/255626, l='ServerLevel[world]', x=-88.29, y=7.00, z=278.05]
[20:00:00] [Server thread/INFO]: Player shuijiao is already logged on
[20:03:21] [Server thread/WARN]: Fetching packet for removed entity class_1542['Air'/256486, l='ServerLevel[world]', x=-89.95, y=7.00, z=280.57]
[20:10:00] [Server thread/INFO]: Player shuijiao is already logged on
[20:12:23] [Server thread/WARN]: Fetching packet for removed entity class_1542['Air'/257340, l='ServerLevel[world]', x=-86.05, y=7.00, z=279.59]
[20:20:00] [Server thread/INFO]: Player shuijiao is already logged on
[20:30:00] [Server thread/INFO]: Player shuijiao is already logged on
[20:33:19] [Server thread/WARN]: Fetching packet for removed entity class_1542['Air'/259609, l='ServerLevel[world]', x=-86.05, y=7.00, z=279.01]
[20:33:42] [Server thread/WARN]: Fetching packet for removed entity class_1542['Air'/259710, l='ServerLevel[world]', x=-88.21, y=7.00, z=281.95]
[20:40:00] [Server thread/INFO]: Player shuijiao is already logged on
[20:50:00] [Server thread/INFO]: Player shuijiao is already logged on
[20:55:10] [Server thread/WARN]: Fetching packet for removed entity class_1542['Air'/261962, l='ServerLevel[world]', x=-87.76, y=7.00, z=278.05]
[21:00:00] [Server thread/INFO]: Player shuijiao is already logged on
[21:10:00] [Server thread/INFO]: Player shuijiao is already logged on
[21:20:00] [Server thread/INFO]: Player shuijiao is already logged on
[21:30:00] [Server thread/INFO]: Player shuijiao is already logged on
[21:40:00] [Server thread/INFO]: Player shuijiao is already logged on
[21:40:00] [Server thread/INFO]: [Textile Backup] Backup started by: Timer on: 2020-10-22_21-40-00
[21:40:00] [Server thread/INFO]: Saving server...
[21:40:00] [Server thread/INFO]: [Textile Backup] Saving server...
[21:40:00] [Server thread/INFO]: ThreadedAnvilChunkStorage (world): All chunks are saved
[21:40:00] [Server thread/INFO]: ThreadedAnvilChunkStorage (DIM-1): All chunks are saved
[21:40:00] [Server thread/INFO]: ThreadedAnvilChunkStorage (DIM1): All chunks are saved
[21:40:00] [pool-3-thread-1/INFO]: Starting backup
[21:40:00] [pool-3-thread-1/INFO]: [Textile Backup] Starting backup
[21:40:00] [pool-3-thread-1/INFO]: Starting compression...
[21:40:02] [pool-3-thread-1/INFO]: Compression took: 02.690 seconds.
[21:40:02] [pool-3-thread-1/INFO]: Deleting: 2020-10-11_01-40-00.zip
[21:40:02] [pool-3-thread-1/INFO]: [Textile Backup] Deleting: 2020-10-11_01-40-00.zip
[21:40:02] [pool-3-thread-1/INFO]: Done!
[21:40:02] [pool-3-thread-1/INFO]: [Textile Backup] Done!
[21:42:44] [Server thread/WARN]: Fetching packet for removed entity class_1542['Air'/266686, l='ServerLevel[world]', x=-89.95, y=7.00, z=280.05]
[21:43:37] [Server thread/WARN]: Fetching packet for removed entity class_1542['Air'/266797, l='ServerLevel[world]', x=-88.05, y=7.00, z=281.95]
[21:45:43] [Server thread/WARN]: Fetching packet for removed entity class_1542['Air'/267061, l='ServerLevel[world]', x=-87.95, y=7.00, z=278.05]
[21:50:00] [Server thread/INFO]: Player shuijiao is already logged on
[22:00:00] [Server thread/INFO]: Player shuijiao is already logged on
[22:10:00] [Server thread/INFO]: Player shuijiao is already logged on
[22:16:59] [Server thread/WARN]: Fetching packet for removed entity class_1542['Air'/270589, l='ServerLevel[world]', x=-86.05, y=7.00, z=279.35]
[22:20:00] [Server thread/INFO]: Player shuijiao is already logged on
[22:30:00] [Server thread/INFO]: Player shuijiao is already logged on
[22:36:29] [Server thread/WARN]: Fetching packet for removed entity class_1542['Air'/272893, l='ServerLevel[world]', x=-88.28, y=7.00, z=278.05]
[22:40:00] [Server thread/INFO]: Player shuijiao is already logged on
[22:50:00] [Server thread/INFO]: Player shuijiao is already logged on
[22:56:11] [Server thread/WARN]: Fetching packet for removed entity class_1542['Air'/274854, l='ServerLevel[world]', x=-87.84, y=7.00, z=281.95]
[23:00:00] [Server thread/INFO]: Player shuijiao is already logged on
[23:04:11] [Server thread/WARN]: Fetching packet for removed entity class_1542['Air'/275728, l='ServerLevel[world]', x=-86.05, y=7.00, z=280.08]
[23:10:00] [Server thread/INFO]: Player shuijiao is already logged on
[23:20:00] [Server thread/INFO]: Player shuijiao is already logged on
[23:30:00] [Server thread/INFO]: Player shuijiao is already logged on
[23:30:07] [Server thread/WARN]: Fetching packet for removed entity class_1542['Air'/278549, l='ServerLevel[world]', x=-88.47, y=7.00, z=278.05]
[23:40:00] [Server thread/INFO]: Player shuijiao is already logged on
[23:50:00] [Server thread/INFO]: Player shuijiao is already logged on
