[06:01:05] [main/INFO]: Loading for game Minecraft 1.16.1
[06:01:09] [main/INFO]: [FabricLoader] Loading 49 mods: fabric-renderer-api-v1@0.2.13+eae12eb87c, fabric-keybindings-v0@0.2.0+3fa9f7c57c, fabricloader@0.8.8+build.202, com_github_shevek_parallelgzip@master-SNAPSHOT, fabric-containers-v0@0.1.8+045df74f7c, fabric-object-builder-api-v1@1.5.5+e00ecb5f7c, fabric-dimensions-v1@1.0.0+a71b30537c, fabric-api-base@0.1.3+12a8474c7c, fabric-rendering-data-attachment-v1@0.1.3+b7f9825d7c, fabric-textures-v0@1.0.4+eae12eb87c, fabric-rendering-fluids-v1@0.1.7+12a8474c7c, cotton-logging@1.0.0-rc.4, fabric-blockrenderlayer-v1@1.1.4+c6a8ea897c, fabric-renderer-registries-v1@2.0.1+5a0f9a607c, carpet-extra@1.4.0, fabric-loot-tables-v1@0.1.10+059ea8667c, fabric@0.13.1+build.370-1.16, carpet@1.4.0, fabric-particles-v1@0.2.1+0a6f2a707c, fabric-networking-v0@0.1.10+e00ecb5f7c, cotton-config@1.0.0-rc.7, fabric-networking-blockentity-v0@0.2.5+b50ffc7b7c, minecraft@1.16.1, fabric-screen-handler-api-v1@1.0.1+f362c86e7c, here@0.0.8-mc1.16, fabric-command-api-v1@1.0.8+5ce533987c, jankson@3.0.0+j1.2.0, phosphor@0.6.0+build.7, fabric-tool-attribute-api-v1@1.1.4+5794386e7c, fabric-renderer-indigo@0.3.1+059ea8667c, org_apache_commons_commons-compress@1.19, fabric-biomes-v1@0.2.7+059ea8667c, fabric-events-interaction-v0@0.3.3+7066030f7c, fabric-crash-report-info-v1@0.1.2+b7f9825d7c, fabric-rendering-v0@1.1.0+534104907c, fabric-key-binding-api-v1@1.0.0+e16a97747c, fabric-rendering-v1@1.1.2+346247d77c, org_tukaani_xz@1.8, fabric-resource-loader-v0@0.2.5+059ea8667c, fabric-content-registries-v0@0.1.9+059ea8667c, fabric-tag-extensions-v0@0.2.5+5a6e8f4c7c, fabric-registry-sync-v0@0.3.8+7dba2d6c7c, fabric-commands-v0@0.2.0+52d308367c, textile_backup@1.2.2-1.16.1, fabric-mining-levels-v0@0.1.2+b764ce997c, fabric-events-lifecycle-v0@0.1.3+0d474ec47c, fabric-models-v0@0.1.0+dfdb52d67c, fabric-item-groups-v0@0.2.0+438f96367c, fabric-object-builders-v0@0.6.0+da175ad67c
[06:01:09] [main/WARN]: Mod `com_github_shevek_parallelgzip` (master-SNAPSHOT) does not respect SemVer - comparison support is limited.
[06:01:09] [main/INFO]: SpongePowered MIXIN Subsystem Version=0.8 Source=file:/C:/Server/skimit_survival/fabric-server-launch.jar Service=Knot/Fabric Env=SERVER
[06:01:15] [main/WARN]: @Mixin target net/minecraft/class_5120$class_5121 is public in fabric-tag-extensions-v0.mixins.json:MixinTagImpl and should be specified in value
[06:01:15] [main/WARN]: @Mixin target net.minecraft.class_5394 is public in fabric-tag-extensions-v0.mixins.json:MixinTagImpl and should be specified in value
[06:01:54] [main/INFO]: Environment: authHost='https://authserver.mojang.com', accountsHost='https://api.mojang.com', sessionHost='https://sessionserver.mojang.com', name='PROD'
[06:02:04] [main/INFO]: [TextileBackup]: Loading TextileBackup by Szum123321
[06:02:08] [main/WARN]: Ambiguity between arguments [teleport, destination] and [teleport, targets] with inputs: [Player, 0123, @e, dd12be42-52a9-4a91-a8a1-11c01849e498]
[06:02:08] [main/WARN]: Ambiguity between arguments [teleport, location] and [teleport, destination] with inputs: [0.1 -0.5 .9, 0 0 0]
[06:02:08] [main/WARN]: Ambiguity between arguments [teleport, location] and [teleport, targets] with inputs: [0.1 -0.5 .9, 0 0 0]
[06:02:08] [main/WARN]: Ambiguity between arguments [teleport, targets] and [teleport, destination] with inputs: [Player, 0123, dd12be42-52a9-4a91-a8a1-11c01849e498]
[06:02:08] [main/WARN]: Ambiguity between arguments [teleport, targets, location] and [teleport, targets, destination] with inputs: [0.1 -0.5 .9, 0 0 0]
[06:02:11] [main/INFO]: Reloading ResourceManager: Default, bukkit, Fabric Tool Attribute API (v1)
[06:02:17] [Worker-Main-2/INFO]: Loaded 7 recipes
[06:02:19] [Worker-Main-2/INFO]: Loaded 927 advancements
[06:02:23] [main/WARN]: [fabric-registry-sync] Could not find the following registries: minecraft:biome_source_type, minecraft:dimension_type, minecraft:chunk_generator_type
[06:02:23] [main/INFO]: [fabric-registry-sync] Loaded registry data [file 1/4]
[06:02:26] [Server thread/INFO]: Starting minecraft server version 1.16.1
[06:02:26] [Server thread/INFO]: Loading properties
[06:02:26] [Server thread/INFO]: Default game type: SURVIVAL
[06:02:26] [Server thread/INFO]: Generating keypair
[06:02:29] [Server thread/INFO]: Starting Minecraft server on *:26565
[06:02:30] [Server thread/INFO]: Using default channel type
[06:02:39] [Server thread/WARN]: **** SERVER IS RUNNING IN OFFLINE/INSECURE MODE!
[06:02:39] [Server thread/WARN]: The server will make no attempt to authenticate usernames. Beware.
[06:02:39] [Server thread/WARN]: While this makes the game possible to play without internet access, it also opens up the ability for hackers to connect with any username they choose.
[06:02:39] [Server thread/WARN]: To change this, set "online-mode" to "true" in the server.properties file.
[06:02:42] [Server thread/INFO]: Preparing level "world"
[06:02:42] [Server thread/ERROR]: [CM]: Carpet Mod Setting commandCameramode is not a valid - ignoring...
[06:02:42] [Server thread/INFO]: [CM]: loaded setting commandDraw as false from carpet.conf
[06:02:42] [Server thread/INFO]: [CM]: loaded setting rotatorBlock as true from carpet.conf
[06:02:42] [Server thread/INFO]: [CM]: loaded setting combineXPOrbs as true from carpet.conf
[06:02:42] [Server thread/INFO]: [CM]: loaded setting onePlayerSleeping as true from carpet.conf
[06:02:42] [Server thread/INFO]: [CM]: loaded setting portalSuffocationFix as true from carpet.conf
[06:02:42] [Server thread/INFO]: [CM]: loaded setting leadFix as true from carpet.conf
[06:02:42] [Server thread/INFO]: [CM]: loaded setting antiCheatDisabled as true from carpet.conf
[06:02:42] [Server thread/INFO]: [CM]: loaded setting defaultLoggers as tps,mobcaps from carpet.conf
[06:02:42] [Server thread/INFO]: [CM]: loaded setting unloadedEntityFix as true from carpet.conf
[06:02:42] [Server thread/INFO]: [CM]: loaded setting ctrlQCraftingFix as true from carpet.conf
[06:02:49] [Server thread/INFO]: Preparing start region for dimension minecraft:overworld
[06:03:04] [Server thread/INFO]: Preparing spawn area: 0%
[06:03:04] [Server thread/INFO]: Preparing spawn area: 0%
[06:03:04] [Server thread/INFO]: Preparing spawn area: 0%
[06:03:04] [Server thread/INFO]: Preparing spawn area: 0%
[06:03:04] [Server thread/INFO]: Preparing spawn area: 0%
[06:03:04] [Server thread/INFO]: Preparing spawn area: 0%
[06:03:04] [Server thread/INFO]: Preparing spawn area: 0%
[06:03:04] [Server thread/INFO]: Preparing spawn area: 0%
[06:03:04] [Server thread/INFO]: Preparing spawn area: 0%
[06:03:04] [Server thread/INFO]: Preparing spawn area: 0%
[06:03:04] [Server thread/INFO]: Preparing spawn area: 0%
[06:03:04] [Server thread/INFO]: Preparing spawn area: 0%
[06:03:04] [Server thread/INFO]: Preparing spawn area: 0%
[06:03:04] [Server thread/INFO]: Preparing spawn area: 0%
[06:03:04] [Server thread/INFO]: Preparing spawn area: 0%
[06:03:04] [Server thread/INFO]: Preparing spawn area: 0%
[06:03:04] [Server thread/INFO]: Preparing spawn area: 0%
[06:03:04] [Server thread/INFO]: Preparing spawn area: 0%
[06:03:04] [Server thread/INFO]: Preparing spawn area: 0%
[06:03:04] [Server thread/INFO]: Preparing spawn area: 0%
[06:03:04] [Server thread/INFO]: Preparing spawn area: 0%
[06:03:04] [Server thread/INFO]: Preparing spawn area: 0%
[06:03:04] [Server thread/INFO]: Preparing spawn area: 0%
[06:03:04] [Server thread/INFO]: Preparing spawn area: 0%
[06:03:04] [Server thread/INFO]: Preparing spawn area: 0%
[06:03:04] [Server thread/INFO]: Preparing spawn area: 0%
[06:03:04] [Server thread/INFO]: Preparing spawn area: 0%
[06:03:04] [Server thread/INFO]: Preparing spawn area: 0%
[06:03:04] [Server thread/INFO]: Preparing spawn area: 0%
[06:03:04] [Server thread/INFO]: Preparing spawn area: 0%
[06:03:04] [Server thread/INFO]: Preparing spawn area: 0%
[06:03:06] [Worker-Main-3/INFO]: Preparing spawn area: 0%
[06:03:06] [Worker-Main-3/INFO]: Preparing spawn area: 0%
[06:03:06] [Worker-Main-3/INFO]: Preparing spawn area: 0%
[06:03:08] [Worker-Main-3/INFO]: Preparing spawn area: 0%
[06:03:08] [Worker-Main-3/INFO]: Preparing spawn area: 0%
[06:03:08] [Worker-Main-3/INFO]: Preparing spawn area: 0%
[06:03:12] [Server thread/INFO]: Preparing spawn area: 0%
[06:03:12] [Server thread/INFO]: Preparing spawn area: 0%
[06:03:12] [Server thread/INFO]: Preparing spawn area: 0%
[06:03:12] [Server thread/INFO]: Preparing spawn area: 0%
[06:03:12] [Server thread/INFO]: Preparing spawn area: 0%
[06:03:12] [Server thread/INFO]: Preparing spawn area: 0%
[06:03:12] [Server thread/INFO]: Preparing spawn area: 0%
[06:03:12] [Server thread/INFO]: Preparing spawn area: 0%
[06:03:12] [Server thread/INFO]: Preparing spawn area: 0%
[06:03:13] [Server thread/INFO]: Preparing spawn area: 83%
[06:03:13] [Server thread/INFO]: Preparing spawn area: 83%
[06:03:22] [Server thread/INFO]: Time elapsed: 32568 ms
[06:03:22] [Server thread/INFO]: Done (39.563s)! For help, type "help"
[06:03:22] [Server thread/INFO]: Starting remote control listener
[06:03:22] [Server thread/INFO]: Thread RCON Listener started
[06:03:23] [RCON Listener #1/INFO]: RCON running on 0.0.0.0:25636
[06:03:26] [Server thread/WARN]: Can't keep up! Is the server overloaded? Running 3647ms or 72 ticks behind
[06:03:51] [Server thread/WARN]: Can't keep up! Is the server overloaded? Running 10160ms or 203 ticks behind
[08:42:34] [RCON Listener #1/INFO]: Thread RCON Client /91.241.19.60 started
[08:42:34] [RCON Client /91.241.19.60 #2/INFO]: Thread RCON Client /91.241.19.60 shutting down
[09:41:17] [Server thread/INFO]: Naando[/127.0.0.1:52684] logged in with entity id 417 at (-357.66073230856085, 69.0, 501.24433813343984)
[09:41:17] [Netty Server IO #1/WARN]: Received invalid identifier in minecraft:register: legacy:fml|hs (Non [a-z0-9/._-] character in path of location: legacy:fml|hs)
[09:41:18] [Server thread/INFO]: Naando joined the game
[09:41:19] [Server thread/WARN]: Can't keep up! Is the server overloaded? Running 6905ms or 138 ticks behind
[09:41:19] [Server thread/INFO]: [TextileBackup]: Backup started by: SERVER on: 2020-07-05_09-41-19
[09:41:19] [Server thread/INFO]: [TextileBackup]: Saving server...
[09:41:20] [Server thread/INFO]: ThreadedAnvilChunkStorage (world): All chunks are saved
[09:41:20] [Server thread/INFO]: ThreadedAnvilChunkStorage (DIM-1): All chunks are saved
[09:41:20] [Server thread/INFO]: ThreadedAnvilChunkStorage (DIM1): All chunks are saved
[09:41:24] [Thread-149/INFO]: [TextileBackup]: Starting compression...
[09:41:27] [Thread-149/ERROR]: [TextileBackup]: java.io.IOException: 另一个程序已锁定文件的一部分，进程无法访问。
[09:41:27] [Thread-149/INFO]: [TextileBackup]: Compression took: 2.949676899s
[09:41:27] [Thread-149/INFO]: [TextileBackup]: Deleting: 2020-07-01_10-58-10.zip
[09:41:27] [Thread-149/INFO]: [TextileBackup]: Done!
[09:41:43] [Server thread/WARN]: Can't keep up! Is the server overloaded? Running 9678ms or 193 ticks behind
[09:42:03] [Server thread/WARN]: Can't keep up! Is the server overloaded? Running 4588ms or 91 ticks behind
[09:42:45] [Server thread/WARN]: Can't keep up! Is the server overloaded? Running 4027ms or 80 ticks behind
[09:44:04] [Server thread/WARN]: Can't keep up! Is the server overloaded? Running 2951ms or 59 ticks behind
[09:44:42] [Server thread/INFO]: Naando lost connection: Disconnected
[09:44:42] [Server thread/INFO]: Naando left the game
[22:04:18] [Server thread/INFO]: Plants352039[/127.0.0.1:62160] logged in with entity id 2083 at (27.2261080418565, 15.0, 320.22190239811823)
[22:04:18] [Netty Server IO #1/WARN]: Received invalid identifier in minecraft:register: legacy:fml|hs (Non [a-z0-9/._-] character in path of location: legacy:fml|hs)
[22:04:18] [Server thread/INFO]: Plants352039 joined the game
[22:04:18] [Server thread/INFO]: [TextileBackup]: Backup started by: SERVER on: 2020-07-05_22-04-18
[22:04:18] [Server thread/INFO]: [TextileBackup]: Saving server...
[22:04:19] [Server thread/INFO]: ThreadedAnvilChunkStorage (world): All chunks are saved
[22:04:19] [Server thread/INFO]: ThreadedAnvilChunkStorage (DIM-1): All chunks are saved
[22:04:19] [Server thread/INFO]: ThreadedAnvilChunkStorage (DIM1): All chunks are saved
[22:04:19] [Thread-448/INFO]: [TextileBackup]: Starting compression...
[22:04:19] [Server thread/WARN]: Can't keep up! Is the server overloaded? Running 2130ms or 42 ticks behind
[22:04:37] [Server thread/WARN]: Can't keep up! Is the server overloaded? Running 2565ms or 51 ticks behind
[22:04:39] [Thread-448/ERROR]: [TextileBackup]: java.io.IOException: 另一个程序已锁定文件的一部分，进程无法访问。
[22:04:39] [Thread-448/INFO]: [TextileBackup]: Compression took: 20.085851099s
[22:04:39] [Thread-448/INFO]: [TextileBackup]: Deleting: 2020-07-02_05-30-01#shutdown.zip
[22:04:39] [Thread-448/INFO]: [TextileBackup]: Done!
[22:05:33] [Server thread/INFO]: Plants352039 was blown up by Creeper
[22:05:37] [Server thread/FATAL]: Error executing task on Server
java.lang.NullPointerException: null
	at net.minecraft.class_3204.method_14051(class_3204.java:202) ~[intermediary-server.jar:?]
	at net.minecraft.class_3898.method_18713(class_3898.java:939) ~[intermediary-server.jar:?]
	at net.minecraft.class_3215.method_14096(class_3215.java:467) ~[intermediary-server.jar:?]
	at net.minecraft.class_3244.method_12063(class_3244.java:867) ~[intermediary-server.jar:?]
	at net.minecraft.class_2828.method_12272(class_2828.java:122) ~[intermediary-server.jar:?]
	at net.minecraft.class_2828$class_2829.method_11054(class_2828.java:56) ~[intermediary-server.jar:?]
	at net.minecraft.class_2600.method_11072(class_2600.java:21) ~[intermediary-server.jar:?]
	at net.minecraft.class_3738.run(class_3738.java:18) ~[intermediary-server.jar:?]
	at net.minecraft.class_1255.method_18859(class_1255.java:144) ~[intermediary-server.jar:?]
	at net.minecraft.class_4093.method_18859(class_4093.java:23) ~[intermediary-server.jar:?]
	at net.minecraft.server.MinecraftServer.method_24306(MinecraftServer.java:763) ~[intermediary-server.jar:?]
	at net.minecraft.server.MinecraftServer.method_18859(MinecraftServer.java:154) ~[intermediary-server.jar:?]
	at net.minecraft.class_1255.method_16075(class_1255.java:118) ~[intermediary-server.jar:?]
	at net.minecraft.server.MinecraftServer.method_20415(MinecraftServer.java:745) ~[intermediary-server.jar:?]
	at net.minecraft.server.MinecraftServer.method_16075(MinecraftServer.java:739) ~[intermediary-server.jar:?]
	at net.minecraft.class_1255.method_5383(class_1255.java:103) ~[intermediary-server.jar:?]
	at net.minecraft.server.MinecraftServer.method_16208(MinecraftServer.java:723) ~[intermediary-server.jar:?]
	at net.minecraft.server.MinecraftServer.handler$zgf000$modifiedRunLoop(MinecraftServer.java:3805) ~[intermediary-server.jar:?]
	at net.minecraft.server.MinecraftServer.method_29741(MinecraftServer.java:653) ~[intermediary-server.jar:?]
	at net.minecraft.server.MinecraftServer.method_29739(MinecraftServer.java:256) ~[intermediary-server.jar:?]
	at java.lang.Thread.run(Unknown Source) [?:1.8.0_251]
[22:05:57] [Server thread/INFO]: Plants352039 lost connection: Disconnected
[22:05:57] [Server thread/INFO]: Plants352039 left the game
