[05:30:10] [main/INFO]: Loading for game Minecraft 1.16.2
[05:30:10] [main/INFO]: [FabricLoader] Loading 55 mods: fabric-renderer-api-v1@0.3.1+f8ac1db295, fabric-keybindings-v0@0.2.0+3fa9f7c595, fabricloader@0.9.3+build.207, bbor@2.3-1.16.2, fabric-structure-api-v1@1.1.0+f8ac1db295, com_github_shevek_parallelgzip@master-SNAPSHOT, fabric-containers-v0@0.1.8+045df74f95, fabric-object-builder-api-v1@1.8.1+f8ac1db295, fabric-game-rule-api-v1@1.0.2+f8ac1db295, fabric-api-base@0.1.3+12a8474c95, fabric-rendering-data-attachment-v1@0.1.4+f8ac1db295, fabric-textures-v0@1.0.4+eae12eb895, fabric-rendering-fluids-v1@0.1.12+f8ac1db295, cotton-logging@1.0.0-rc.4, fabric-blockrenderlayer-v1@1.1.4+c6a8ea8995, fabric-lifecycle-events-v1@1.2.0+74cc3b2095, fabric-renderer-registries-v1@2.2.0+f8ac1db295, carpet-extra@1.4.8, fabric-loot-tables-v1@1.0.1+432ea18895, fabric@0.22.1+build.409-1.16, carpet@1.4.11, fabric-particles-v1@0.2.2+fb0d9b0e95, fabric-networking-v0@0.1.10+e00ecb5f95, cotton-config@1.0.0-rc.7, minecraft@1.16.2, here@0.0.10-mc1.16, fabric-screen-handler-api-v1@1.1.0+8724984195, fabric-networking-blockentity-v0@0.2.5+b50ffc7b95, jankson@3.0.0+j1.2.0, fabric-command-api-v1@1.0.8+5ce5339895, phosphor@0.6.0+build.7, bluemap@1.0.0, fabric-tool-attribute-api-v1@1.2.3+f8ac1db295, fabric-renderer-indigo@0.4.1+f8ac1db295, player-roles@1.1.0, org_apache_commons_commons-compress@1.19, fabric-crash-report-info-v1@0.1.2+b7f9825d95, fabric-events-interaction-v0@0.4.1+f8ac1db295, fabric-item-api-v1@1.2.0+f8ac1db295, fabric-rendering-v0@1.1.1+f8ac1db295, fabric-rendering-v1@1.3.1+f8ac1db295, fabric-key-binding-api-v1@1.0.1+730711c695, org_tukaani_xz@1.8, fabric-resource-loader-v0@0.3.1+facf3bbf95, fabric-content-registries-v0@0.1.9+059ea86695, fabric-tag-extensions-v0@1.0.3+ac8e8c5995, fabric-biome-api-v1@2.0.0+c29459ab95, fabric-registry-sync-v0@0.5.2+3c53fe3395, fabric-commands-v0@0.2.0+52d3083695, textile_backup@2.0.1-1.16.3, fabric-mining-levels-v0@0.1.2+b764ce9995, fabric-events-lifecycle-v0@0.2.0+16acbe5b95, fabric-models-v0@0.1.1+f8ac1db295, fabric-item-groups-v0@0.2.0+438f963695, fabric-object-builders-v0@0.7.0+432ea18895
[05:30:10] [main/WARN]: Mod `com_github_shevek_parallelgzip` (master-SNAPSHOT) does not respect SemVer - comparison support is limited.
[05:30:10] [main/INFO]: SpongePowered MIXIN Subsystem Version=0.8.1 Source=file:/D:/Users/MAX_XiaoKui0156/Server/survival/fabric-server-launch.jar Service=Knot/Fabric Env=SERVER
[05:30:18] [main/INFO]: [Textile Backup] Starting Textile Backup by Szum123321.
[05:30:19] [main/INFO]: Environment: authHost='https://authserver.mojang.com', accountsHost='https://api.mojang.com', sessionHost='https://sessionserver.mojang.com', name='PROD'
[05:30:19] [main/WARN]: Ambiguity between arguments [bluemap, marker, create, id, map, x] and [bluemap, marker, create, id, map, label] with inputs: [0, -1, -.5, 1.2, .5, -1234.56]
[05:30:19] [main/WARN]: Ambiguity between arguments [bluemap, render, cancel] and [bluemap, render, world|map] with inputs: [cancel]
[05:30:19] [main/WARN]: Ambiguity between arguments [bluemap, render, prioritize] and [bluemap, render, world|map] with inputs: [prioritize]
[05:30:19] [main/WARN]: Ambiguity between arguments [bluemap, render, radius] and [bluemap, render, world|map] with inputs: [0, -123, 123]
[05:30:19] [main/WARN]: Ambiguity between arguments [bluemap, render, radius] and [bluemap, render, x] with inputs: [0, -123, 123]
[05:30:19] [main/WARN]: Ambiguity between arguments [bluemap, render, x] and [bluemap, render, radius] with inputs: [0, -1]
[05:30:19] [main/WARN]: Ambiguity between arguments [bluemap, render, x] and [bluemap, render, world|map] with inputs: [0, -1, -.5, 1.2, .5, -1234.56]
[05:30:19] [main/WARN]: Ambiguity between arguments [teleport, destination] and [teleport, targets] with inputs: [Player, 0123, @e, dd12be42-52a9-4a91-a8a1-11c01849e498]
[05:30:19] [main/WARN]: Ambiguity between arguments [teleport, location] and [teleport, destination] with inputs: [0.1 -0.5 .9, 0 0 0]
[05:30:19] [main/WARN]: Ambiguity between arguments [teleport, location] and [teleport, targets] with inputs: [0.1 -0.5 .9, 0 0 0]
[05:30:19] [main/WARN]: Ambiguity between arguments [teleport, targets] and [teleport, destination] with inputs: [Player, 0123, dd12be42-52a9-4a91-a8a1-11c01849e498]
[05:30:19] [main/WARN]: Ambiguity between arguments [teleport, targets, location] and [teleport, targets, destination] with inputs: [0.1 -0.5 .9, 0 0 0]
[05:30:19] [main/INFO]: Reloading ResourceManager: Default, bukkit, FZ.sDatapack-1.5.0-SNAPSHOT, Fabric Tool Attribute API (v1), Player Roles
[05:30:20] [Worker-Main-12/INFO]: Loaded 7 recipes
[05:30:20] [Worker-Main-12/INFO]: Loaded 927 advancements
[05:30:21] [main/WARN]: [fabric-registry-sync] Could not find the following registries: minecraft:biome_source_type, minecraft:block_state_provider_type, minecraft:dimension_type, minecraft:structure_piece, minecraft:carver, minecraft:block_placer_type, minecraft:decorator, minecraft:structure_feature, minecraft:surface_builder, minecraft:foliage_placer_type, minecraft:feature, minecraft:tree_decorator_type, minecraft:structure_pool_element, minecraft:biome, minecraft:chunk_generator_type, minecraft:structure_processor
[05:30:21] [main/INFO]: [fabric-registry-sync] Loaded registry data [file 1/4]
[05:30:21] [Server thread/INFO]: Starting minecraft server version 1.16.2
[05:30:21] [Server thread/INFO]: Loading properties
[05:30:21] [Server thread/INFO]: Default game type: SURVIVAL
[05:30:21] [Server thread/INFO]: Generating keypair
[05:30:22] [Server thread/INFO]: Starting Minecraft server on *:34268
[05:30:22] [Server thread/INFO]: Using default channel type
[05:30:22] [Server thread/WARN]: **** SERVER IS RUNNING IN OFFLINE/INSECURE MODE!
[05:30:22] [Server thread/WARN]: The server will make no attempt to authenticate usernames. Beware.
[05:30:22] [Server thread/WARN]: While this makes the game possible to play without internet access, it also opens up the ability for hackers to connect with any username they choose.
[05:30:22] [Server thread/WARN]: To change this, set "online-mode" to "true" in the server.properties file.
[05:30:22] [Server thread/INFO]: Preparing level "world"
[05:30:22] [Server thread/ERROR]: [CM]: Carpet Mod Setting unloadedEntityFix is not a valid - ignoring...
[05:30:22] [Server thread/INFO]: [CM]: loaded setting combineXPOrbs as true from carpet.conf
[05:30:22] [Server thread/INFO]: [CM]: loaded setting onePlayerSleeping as true from carpet.conf
[05:30:22] [Server thread/INFO]: [CM]: loaded setting leadFix as true from carpet.conf
[05:30:22] [Server thread/INFO]: [CM]: loaded setting ctrlQCraftingFix as true from carpet.conf
[05:30:22] [Server thread/INFO]: [CM]: loaded setting language as zh_cn from carpet.conf
[05:30:22] [Server thread/INFO]: [CM]: loaded setting commandTick as true from carpet.conf
[05:30:22] [Server thread/INFO]: [CM]: loaded setting commandDraw as false from carpet.conf
[05:30:22] [Server thread/INFO]: [CM]: loaded setting fastRedstoneDust as true from carpet.conf
[05:30:22] [Server thread/INFO]: [CM]: loaded setting rotatorBlock as true from carpet.conf
[05:30:22] [Server thread/INFO]: [CM]: loaded setting commandPlayer as true from carpet.conf
[05:30:22] [Server thread/INFO]: [CM]: loaded setting reloadSuffocationFix as true from carpet.conf
[05:30:22] [Server thread/INFO]: [CM]: loaded setting antiCheatDisabled as true from carpet.conf
[05:30:22] [Server thread/INFO]: [CM]: loaded setting commandPing as true from carpet.conf
[05:30:22] [Server thread/INFO]: [CM]: loaded setting defaultLoggers as tps,mobcaps from carpet.conf
[05:30:22] [Server thread/INFO]: [CM]: loaded setting placementRotationFix as true from carpet.conf
[05:30:22] [Server thread/INFO]: [CM]: loaded setting hopperCounters as true from carpet.conf
[05:30:22] [Server thread/INFO]: [CM]: loaded setting flippinCactus as true from carpet.conf
[05:30:22] [Server thread/INFO]: [CM]: loaded setting lagFreeSpawning as true from carpet.conf
[05:30:22] [Server thread/INFO]: create world dimension: minecraft:overworld (seed: 20190827)
[05:30:22] [Server thread/INFO]: create world dimension: minecraft:the_nether (seed: 20190827)
[05:30:22] [Server thread/INFO]: create world dimension: minecraft:the_end (seed: 20190827)
[05:30:22] [Server thread/INFO]: Preparing start region for dimension minecraft:overworld
[05:30:23] [Server thread/INFO]: Preparing spawn area: 0%
[05:30:23] [Server thread/INFO]: Preparing spawn area: 0%
[05:30:23] [Server thread/INFO]: Preparing spawn area: 0%
[05:30:24] [Server thread/INFO]: Time elapsed: 1560 ms
[05:30:24] [Server thread/INFO]: Done (1.847s)! For help, type "help"
[05:30:24] [Server thread/INFO]: Starting remote control listener
[05:30:24] [Server thread/INFO]: Thread RCON Listener started
[05:30:24] [Server thread/INFO]: RCON running on 0.0.0.0:796
[05:30:24] [Thread-61/INFO]: Loading BlueMap...
[05:30:24] [Thread-61/INFO]: Loading resources...
[05:30:24] [Thread-62/INFO]: WebServer started.
[05:30:27] [Thread-61/INFO]: Loading bluemap assets (1/3)...
[05:30:27] [Thread-61/INFO]: Loading realms assets (2/3)...
[05:30:27] [Thread-61/INFO]: Loading minecraft assets (3/3)...
[05:30:28] [Thread-61/INFO]: BlueMap loaded!
[05:31:00] [Server thread/INFO]: Can only manipulate existing players
[05:31:00] [Server thread/INFO]: Can only manipulate existing players
[05:32:00] [Server thread/INFO]: Can only manipulate existing players
[05:32:00] [Server thread/INFO]: Can only manipulate existing players
[05:33:00] [Server thread/INFO]: Can only manipulate existing players
[05:33:00] [Server thread/INFO]: Can only manipulate existing players
[05:34:00] [Server thread/INFO]: Can only manipulate existing players
[05:34:00] [Server thread/INFO]: Can only manipulate existing players
[05:35:00] [Server thread/INFO]: Can only manipulate existing players
[05:35:00] [Server thread/INFO]: Can only manipulate existing players
[05:36:00] [Server thread/INFO]: Can only manipulate existing players
[05:36:00] [Server thread/INFO]: Can only manipulate existing players
[05:37:00] [Server thread/INFO]: Can only manipulate existing players
[05:37:00] [Server thread/INFO]: Can only manipulate existing players
[05:38:00] [Server thread/INFO]: Can only manipulate existing players
[05:38:00] [Server thread/INFO]: Can only manipulate existing players
[05:39:00] [Server thread/INFO]: Can only manipulate existing players
[05:39:00] [Server thread/INFO]: Can only manipulate existing players
[05:40:00] [Server thread/INFO]: Can only manipulate existing players
[05:40:00] [Server thread/INFO]: Can only manipulate existing players
[05:40:00] [Server thread/INFO]: shuijiao[local] logged in with entity id 101 at (-41.5, 62.0, 240.5)
[05:40:00] [Server thread/INFO]: shuijiao joined the game
[05:40:01] [Thread-86/INFO]: [STDERR]: java.lang.NullPointerException: Cannot invoke "com.google.gson.JsonObject.get(String)" because the return value of "com.google.gson.JsonObject.getAsJsonObject(String)" is null
[05:40:01] [Thread-86/INFO]: [STDERR]: 	at de.bluecolored.bluemap.common.plugin.skins.PlayerSkin.readTextureUrl(PlayerSkin.java:146)
[05:40:01] [Thread-86/INFO]: [STDERR]: 	at de.bluecolored.bluemap.common.plugin.skins.PlayerSkin.lambda$loadSkin$1(PlayerSkin.java:108)
[05:40:01] [Thread-86/INFO]: [STDERR]: 	at java.base/java.lang.Thread.run(Thread.java:832)
[05:50:00] [Server thread/INFO]: Player shuijiao is already logged on
[05:59:34] [Server thread/WARN]: Fetching packet for removed entity class_1542['Air'/2247, l='ServerLevel[world]', x=-88.07, y=7.00, z=281.95]
[06:00:00] [Server thread/INFO]: Player shuijiao is already logged on
[06:10:00] [Server thread/INFO]: Player shuijiao is already logged on
[06:10:12] [Server thread/WARN]: Fetching packet for removed entity class_1542['Air'/3581, l='ServerLevel[world]', x=-86.03, y=7.00, z=279.01]
[06:16:50] [Server thread/WARN]: Fetching packet for removed entity class_1542['Air'/4384, l='ServerLevel[world]', x=-86.05, y=7.00, z=280.00]
[06:20:00] [Server thread/INFO]: Player shuijiao is already logged on
[06:24:10] [Server thread/WARN]: Fetching packet for removed entity class_1542['Air'/5069, l='ServerLevel[world]', x=-86.05, y=7.00, z=279.74]
[06:30:00] [Server thread/INFO]: Player shuijiao is already logged on
[06:31:26] [Server thread/WARN]: Fetching packet for removed entity class_1542['Air'/5866, l='ServerLevel[world]', x=-88.50, y=7.00, z=281.95]
[06:40:00] [Server thread/INFO]: Player shuijiao is already logged on
[06:43:05] [Server thread/WARN]: Fetching packet for removed entity class_1542['Air'/6987, l='ServerLevel[world]', x=-89.95, y=7.00, z=280.49]
[06:50:00] [Server thread/INFO]: Player shuijiao is already logged on
[06:54:30] [Server thread/WARN]: Fetching packet for removed entity class_1542['Air'/8141, l='ServerLevel[world]', x=-84.58, y=7.00, z=280.23]
[07:00:00] [Server thread/INFO]: Player shuijiao is already logged on
[07:03:16] [Server thread/WARN]: Fetching packet for removed entity class_1542['Air'/9133, l='ServerLevel[world]', x=-88.45, y=7.00, z=278.05]
[07:10:00] [Server thread/INFO]: Player shuijiao is already logged on
[07:13:29] [Server thread/WARN]: Fetching packet for removed entity class_1542['Air'/10116, l='ServerLevel[world]', x=-87.61, y=7.00, z=281.95]
[07:20:00] [Server thread/INFO]: Player shuijiao is already logged on
[07:30:00] [Server thread/INFO]: Player shuijiao is already logged on
[07:39:40] [Server thread/WARN]: Fetching packet for removed entity class_1542['Air'/12915, l='ServerLevel[world]', x=-88.02, y=7.00, z=278.05]
[07:40:00] [Server thread/INFO]: Player shuijiao is already logged on
[07:50:00] [Server thread/INFO]: Player shuijiao is already logged on
[08:00:00] [Server thread/INFO]: Player shuijiao is already logged on
[08:02:01] [Server thread/WARN]: Fetching packet for removed entity class_1542['Air'/15213, l='ServerLevel[world]', x=-89.95, y=7.00, z=279.54]
[08:10:00] [Server thread/INFO]: Player shuijiao is already logged on
[08:15:29] [Server thread/WARN]: Fetching packet for removed entity class_1542['Air'/16477, l='ServerLevel[world]', x=-87.64, y=7.00, z=281.95]
[08:20:00] [Server thread/INFO]: Player shuijiao is already logged on
[08:30:00] [Server thread/INFO]: Player shuijiao is already logged on
[08:40:00] [Server thread/INFO]: Player shuijiao is already logged on
[08:42:04] [Server thread/WARN]: Fetching packet for removed entity class_1542['Air'/19318, l='ServerLevel[world]', x=-86.05, y=7.00, z=279.56]
[08:46:11] [Server thread/WARN]: Fetching packet for removed entity class_1542['Air'/19776, l='ServerLevel[world]', x=-88.65, y=7.00, z=278.05]
[08:50:00] [Server thread/INFO]: Player shuijiao is already logged on
[09:00:00] [Server thread/INFO]: Player shuijiao is already logged on
[09:10:00] [Server thread/INFO]: Player shuijiao is already logged on
[09:20:00] [Server thread/INFO]: Player shuijiao is already logged on
[09:26:52] [Server thread/WARN]: Fetching packet for removed entity class_1542['Air'/23954, l='ServerLevel[world]', x=-87.83, y=7.00, z=281.95]
[09:28:52] [Server thread/WARN]: Fetching packet for removed entity class_1542['Air'/24165, l='ServerLevel[world]', x=-88.21, y=7.00, z=281.95]
[09:30:00] [Server thread/INFO]: Player shuijiao is already logged on
[09:33:08] [Server thread/WARN]: Fetching packet for removed entity class_1542['Air'/24646, l='ServerLevel[world]', x=-88.11, y=7.00, z=278.05]
[09:40:00] [Server thread/INFO]: Player shuijiao is already logged on
[09:40:00] [Server thread/INFO]: [Textile Backup] Backup started by: Timer on: 2020-10-14_09-40-00
[09:40:00] [Server thread/INFO]: Saving server...
[09:40:00] [Server thread/INFO]: [Textile Backup] Saving server...
[09:40:00] [Server thread/INFO]: ThreadedAnvilChunkStorage (world): All chunks are saved
[09:40:00] [Server thread/INFO]: ThreadedAnvilChunkStorage (DIM-1): All chunks are saved
[09:40:00] [Server thread/INFO]: ThreadedAnvilChunkStorage (DIM1): All chunks are saved
[09:40:00] [pool-3-thread-1/INFO]: Starting backup
[09:40:00] [pool-3-thread-1/INFO]: [Textile Backup] Starting backup
[09:40:00] [pool-3-thread-1/INFO]: Starting compression...
[09:40:02] [pool-3-thread-1/INFO]: Compression took: 02.787 seconds.
[09:40:02] [pool-3-thread-1/INFO]: Deleting: 2020-10-04_19-10-04.zip
[09:40:02] [pool-3-thread-1/INFO]: [Textile Backup] Deleting: 2020-10-04_19-10-04.zip
[09:40:02] [pool-3-thread-1/INFO]: Done!
[09:40:02] [pool-3-thread-1/INFO]: [Textile Backup] Done!
[09:50:00] [Server thread/INFO]: Player shuijiao is already logged on
[09:54:22] [Server thread/WARN]: Fetching packet for removed entity class_1542['Air'/26734, l='ServerLevel[world]', x=-86.05, y=7.00, z=280.17]
[09:58:59] [Server thread/WARN]: Fetching packet for removed entity class_1542['Air'/27194, l='ServerLevel[world]', x=-87.76, y=7.00, z=281.95]
[10:00:00] [Server thread/INFO]: Player shuijiao is already logged on
[10:00:24] [Server thread/WARN]: Fetching packet for removed entity class_1542['Air'/27370, l='ServerLevel[world]', x=-86.05, y=7.00, z=280.85]
[10:08:26] [Server thread/WARN]: Fetching packet for removed entity class_1542['Air'/28197, l='ServerLevel[world]', x=-87.51, y=7.00, z=278.05]
[10:10:00] [Server thread/INFO]: Player shuijiao is already logged on
[10:20:00] [Server thread/INFO]: Player shuijiao is already logged on
[10:30:00] [Server thread/INFO]: Player shuijiao is already logged on
[10:32:49] [Server thread/WARN]: Fetching packet for removed entity class_1542['Air'/30895, l='ServerLevel[world]', x=-88.99, y=7.00, z=281.95]
[10:40:00] [Server thread/INFO]: Player shuijiao is already logged on
[10:49:42] [Server thread/WARN]: Fetching packet for removed entity class_1542['Air'/32823, l='ServerLevel[world]', x=-88.04, y=7.00, z=281.95]
[10:50:00] [Server thread/INFO]: Player shuijiao is already logged on
[10:52:54] [Server thread/WARN]: Fetching packet for removed entity class_1542['Air'/33216, l='ServerLevel[world]', x=-88.04, y=7.00, z=278.05]
[11:00:00] [Server thread/INFO]: Player shuijiao is already logged on
[11:10:00] [Server thread/INFO]: Player shuijiao is already logged on
[11:20:00] [Server thread/INFO]: Player shuijiao is already logged on
[11:30:00] [Server thread/INFO]: Player shuijiao is already logged on
[11:40:00] [Server thread/INFO]: Player shuijiao is already logged on
[11:48:55] [Server thread/WARN]: Fetching packet for removed entity class_1542['Air'/38951, l='ServerLevel[world]', x=-86.05, y=7.00, z=279.67]
[11:50:00] [Server thread/INFO]: Player shuijiao is already logged on
[12:00:00] [Server thread/INFO]: Player shuijiao is already logged on
[12:10:00] [Server thread/INFO]: Player shuijiao is already logged on
[12:20:00] [Server thread/INFO]: Player shuijiao is already logged on
[12:30:00] [Server thread/INFO]: Player shuijiao is already logged on
[12:40:00] [Server thread/INFO]: Player shuijiao is already logged on
[12:50:00] [Server thread/INFO]: Player shuijiao is already logged on
[13:00:00] [Server thread/INFO]: Player shuijiao is already logged on
[13:10:00] [Server thread/INFO]: Player shuijiao is already logged on
[13:20:00] [Server thread/INFO]: Player shuijiao is already logged on
[13:30:00] [Server thread/INFO]: Player shuijiao is already logged on
[13:40:00] [Server thread/INFO]: Player shuijiao is already logged on
[13:40:00] [Server thread/INFO]: [Textile Backup] Backup started by: Timer on: 2020-10-14_13-40-00
[13:40:00] [Server thread/INFO]: Saving server...
[13:40:00] [Server thread/INFO]: [Textile Backup] Saving server...
[13:40:00] [Server thread/INFO]: ThreadedAnvilChunkStorage (world): All chunks are saved
[13:40:00] [Server thread/INFO]: ThreadedAnvilChunkStorage (DIM-1): All chunks are saved
[13:40:00] [Server thread/INFO]: ThreadedAnvilChunkStorage (DIM1): All chunks are saved
[13:40:00] [pool-3-thread-1/INFO]: Starting backup
[13:40:00] [pool-3-thread-1/INFO]: [Textile Backup] Starting backup
[13:40:00] [pool-3-thread-1/INFO]: Starting compression...
[13:40:02] [pool-3-thread-1/INFO]: Compression took: 02.727 seconds.
[13:40:02] [pool-3-thread-1/INFO]: Deleting: 2020-10-04_21-10-01.zip
[13:40:02] [pool-3-thread-1/INFO]: [Textile Backup] Deleting: 2020-10-04_21-10-01.zip
[13:40:02] [pool-3-thread-1/INFO]: Done!
[13:40:02] [pool-3-thread-1/INFO]: [Textile Backup] Done!
[13:50:00] [Server thread/INFO]: Player shuijiao is already logged on
[13:51:19] [Server thread/WARN]: Fetching packet for removed entity class_1542['Air'/52539, l='ServerLevel[world]', x=-86.05, y=7.00, z=279.82]
[13:52:59] [Server thread/WARN]: Fetching packet for removed entity class_1542['Air'/52745, l='ServerLevel[world]', x=-86.05, y=7.00, z=279.80]
[13:54:51] [Server thread/WARN]: Fetching packet for removed entity class_1542['Air'/52987, l='ServerLevel[world]', x=-86.05, y=7.00, z=280.98]
[14:00:00] [Server thread/INFO]: Player shuijiao is already logged on
[14:10:00] [Server thread/INFO]: Player shuijiao is already logged on
[14:19:02] [Server thread/WARN]: Fetching packet for removed entity class_1542['Air'/55662, l='ServerLevel[world]', x=-87.01, y=7.00, z=281.97]
[14:20:00] [Server thread/INFO]: Player shuijiao is already logged on
[14:30:00] [Server thread/INFO]: Player shuijiao is already logged on
[14:30:37] [Server thread/WARN]: Fetching packet for removed entity class_1542['Air'/56874, l='ServerLevel[world]', x=-90.00, y=7.00, z=276.28]
[14:40:00] [Server thread/INFO]: Player shuijiao is already logged on
[14:50:00] [Server thread/INFO]: Player shuijiao is already logged on
[14:54:25] [Server thread/WARN]: Fetching packet for removed entity class_1542['Air'/59309, l='ServerLevel[world]', x=-86.05, y=7.00, z=279.72]
[14:57:24] [Server thread/WARN]: Fetching packet for removed entity class_1542['Air'/59622, l='ServerLevel[world]', x=-89.95, y=7.00, z=279.14]
[15:00:00] [Server thread/INFO]: Player shuijiao is already logged on
[15:10:00] [Server thread/INFO]: Player shuijiao is already logged on
[15:16:22] [Server thread/WARN]: Fetching packet for removed entity class_1542['Air'/61573, l='ServerLevel[world]', x=-88.05, y=7.00, z=281.96]
[15:20:00] [Server thread/INFO]: Player shuijiao is already logged on
[15:23:27] [Server thread/WARN]: Fetching packet for removed entity class_1542['Air'/62256, l='ServerLevel[world]', x=-86.05, y=7.00, z=280.37]
[15:24:46] [Server thread/WARN]: Fetching packet for removed entity class_1542['Air'/62378, l='ServerLevel[world]', x=-86.05, y=7.00, z=279.71]
[15:24:49] [Server thread/WARN]: Fetching packet for removed entity class_1542['Air'/62405, l='ServerLevel[world]', x=-89.95, y=7.00, z=280.16]
[15:30:00] [Server thread/INFO]: Player shuijiao is already logged on
[15:40:00] [Server thread/INFO]: Player shuijiao is already logged on
[15:46:41] [Server thread/WARN]: Fetching packet for removed entity class_1542['Air'/64464, l='ServerLevel[world]', x=-89.95, y=7.00, z=280.19]
[15:47:29] [Server thread/WARN]: Fetching packet for removed entity class_1542['Air'/64521, l='ServerLevel[world]', x=-87.58, y=7.00, z=278.05]
[15:50:00] [Server thread/INFO]: Player shuijiao is already logged on
[15:50:22] [Server thread/WARN]: Fetching packet for removed entity class_1542['Air'/64988, l='ServerLevel[world]', x=-86.05, y=7.00, z=280.64]
[15:55:53] [Server thread/WARN]: Fetching packet for removed entity class_1542['Air'/65694, l='ServerLevel[world]', x=-87.51, y=7.00, z=278.05]
[15:55:59] [Server thread/WARN]: Fetching packet for removed entity class_1542['Air'/65741, l='ServerLevel[world]', x=-86.05, y=7.00, z=279.68]
[16:00:00] [Server thread/INFO]: Player shuijiao is already logged on
[16:07:11] [Server thread/WARN]: Fetching packet for removed entity class_1542['Air'/66908, l='ServerLevel[world]', x=-86.05, y=7.00, z=280.58]
[16:09:29] [Server thread/WARN]: Fetching packet for removed entity class_1542['Air'/67150, l='ServerLevel[world]', x=-89.95, y=7.00, z=279.83]
[16:10:00] [Server thread/INFO]: Player shuijiao is already logged on
[16:19:03] [Server thread/WARN]: Fetching packet for removed entity class_1542['Air'/68248, l='ServerLevel[world]', x=-88.99, y=7.00, z=281.95]
[16:20:00] [Server thread/INFO]: Player shuijiao is already logged on
[16:28:58] [Server thread/WARN]: Fetching packet for removed entity class_1542['Air'/69340, l='ServerLevel[world]', x=-87.96, y=7.00, z=278.05]
[16:30:00] [Server thread/INFO]: Player shuijiao is already logged on
[16:35:08] [Server thread/WARN]: Fetching packet for removed entity class_1542['Air'/70101, l='ServerLevel[world]', x=-85.54, y=7.12, z=281.01]
[16:40:00] [Server thread/INFO]: Player shuijiao is already logged on
[16:41:35] [Server thread/WARN]: Fetching packet for removed entity class_1542['Air'/70719, l='ServerLevel[world]', x=-89.95, y=7.00, z=279.99]
[16:44:13] [Server thread/WARN]: Fetching packet for removed entity class_1542['Air'/70972, l='ServerLevel[world]', x=-88.13, y=7.00, z=281.95]
[16:50:00] [Server thread/INFO]: Player shuijiao is already logged on
[16:52:16] [Server thread/WARN]: Fetching packet for removed entity class_1542['Air'/71819, l='ServerLevel[world]', x=-86.05, y=7.00, z=279.99]
[16:56:19] [Server thread/WARN]: Fetching packet for removed entity class_1542['Air'/72255, l='ServerLevel[world]', x=-86.05, y=7.00, z=280.10]
[16:56:25] [Server thread/WARN]: Fetching packet for removed entity class_1542['Air'/72259, l='ServerLevel[world]', x=-86.05, y=7.00, z=280.23]
[17:00:00] [Server thread/INFO]: Player shuijiao is already logged on
[17:10:00] [Server thread/INFO]: Player shuijiao is already logged on
[17:19:43] [Server thread/WARN]: Fetching packet for removed entity class_1542['Air'/74645, l='ServerLevel[world]', x=-87.01, y=7.00, z=281.95]
[17:20:00] [Server thread/INFO]: Player shuijiao is already logged on
[17:30:00] [Server thread/INFO]: Player shuijiao is already logged on
[17:33:08] [Server thread/WARN]: Fetching packet for removed entity class_1542['Air'/75934, l='ServerLevel[world]', x=-88.10, y=7.00, z=281.95]
[17:34:34] [Server thread/WARN]: Fetching packet for removed entity class_1542['Air'/76112, l='ServerLevel[world]', x=-87.55, y=7.00, z=278.05]
[17:40:00] [Server thread/INFO]: Player shuijiao is already logged on
[17:40:00] [Server thread/INFO]: [Textile Backup] Backup started by: Timer on: 2020-10-14_17-40-00
[17:40:00] [Server thread/INFO]: Saving server...
[17:40:00] [Server thread/INFO]: [Textile Backup] Saving server...
[17:40:00] [Server thread/INFO]: ThreadedAnvilChunkStorage (world): All chunks are saved
[17:40:00] [Server thread/INFO]: ThreadedAnvilChunkStorage (DIM-1): All chunks are saved
[17:40:00] [Server thread/INFO]: ThreadedAnvilChunkStorage (DIM1): All chunks are saved
[17:40:00] [pool-3-thread-1/INFO]: Starting backup
[17:40:00] [pool-3-thread-1/INFO]: [Textile Backup] Starting backup
[17:40:00] [pool-3-thread-1/INFO]: Starting compression...
[17:40:02] [pool-3-thread-1/INFO]: Compression took: 02.724 seconds.
[17:40:02] [pool-3-thread-1/INFO]: Deleting: 2020-10-04_23-10-00.zip
[17:40:02] [pool-3-thread-1/INFO]: [Textile Backup] Deleting: 2020-10-04_23-10-00.zip
[17:40:02] [pool-3-thread-1/INFO]: Done!
[17:40:02] [pool-3-thread-1/INFO]: [Textile Backup] Done!
[17:50:00] [Server thread/INFO]: Player shuijiao is already logged on
[17:53:49] [Server thread/WARN]: Fetching packet for removed entity class_1542['Air'/78240, l='ServerLevel[world]', x=-89.95, y=7.00, z=280.70]
[18:00:00] [Server thread/INFO]: Player shuijiao is already logged on
[18:10:00] [Server thread/INFO]: Player shuijiao is already logged on
[18:11:20] [Server thread/WARN]: Fetching packet for removed entity class_1542['Air'/80494, l='ServerLevel[world]', x=-86.05, y=7.00, z=280.34]
[18:13:52] [Server thread/WARN]: Fetching packet for removed entity class_1542['Air'/80793, l='ServerLevel[world]', x=-86.05, y=7.00, z=280.33]
[18:14:24] [Server thread/WARN]: Fetching packet for removed entity class_1542['Air'/80847, l='ServerLevel[world]', x=-88.60, y=7.00, z=281.95]
[18:20:00] [Server thread/INFO]: Player shuijiao is already logged on
[18:29:41] [Server thread/WARN]: Fetching packet for removed entity class_1542['Air'/82464, l='ServerLevel[world]', x=-87.80, y=7.00, z=278.05]
[18:30:00] [Server thread/INFO]: Player shuijiao is already logged on
[18:37:10] [Server thread/WARN]: Fetching packet for removed entity class_1542['Air'/83355, l='ServerLevel[world]', x=-88.44, y=7.00, z=277.60]
[18:40:00] [Server thread/INFO]: Player shuijiao is already logged on
[18:48:49] [Server thread/WARN]: Fetching packet for removed entity class_1542['Air'/84604, l='ServerLevel[world]', x=-89.95, y=7.00, z=280.64]
[18:50:00] [Server thread/INFO]: Player shuijiao is already logged on
[18:55:16] [Server thread/WARN]: Fetching packet for removed entity class_1542['Air'/85504, l='ServerLevel[world]', x=-89.95, y=7.00, z=280.65]
[19:00:00] [Server thread/INFO]: Player shuijiao is already logged on
[19:07:31] [Server thread/WARN]: Fetching packet for removed entity class_1542['Air'/87012, l='ServerLevel[world]', x=-86.05, y=7.00, z=279.39]
[19:07:34] [Server thread/WARN]: Fetching packet for removed entity class_1542['Air'/87026, l='ServerLevel[world]', x=-89.95, y=7.00, z=279.88]
[19:10:00] [Server thread/INFO]: Player shuijiao is already logged on
[19:20:00] [Server thread/INFO]: Player shuijiao is already logged on
[19:25:20] [Server thread/WARN]: Fetching packet for removed entity class_1542['Air'/88670, l='ServerLevel[world]', x=-86.05, y=7.00, z=279.81]
[19:30:00] [Server thread/INFO]: Player shuijiao is already logged on
[19:38:46] [Server thread/WARN]: Fetching packet for removed entity class_1542['Air'/90126, l='ServerLevel[world]', x=-88.38, y=7.00, z=283.34]
[19:40:00] [Server thread/INFO]: Player shuijiao is already logged on
[19:50:00] [Server thread/INFO]: Player shuijiao is already logged on
[20:00:00] [Server thread/INFO]: Player shuijiao is already logged on
[20:04:13] [Server thread/WARN]: Fetching packet for removed entity class_1542['Air'/92805, l='ServerLevel[world]', x=-89.95, y=7.00, z=280.99]
[20:05:48] [Server thread/WARN]: Fetching packet for removed entity class_1542['Air'/92957, l='ServerLevel[world]', x=-88.62, y=7.00, z=278.05]
[20:08:47] [Server thread/WARN]: Fetching packet for removed entity class_1542['Air'/93370, l='ServerLevel[world]', x=-87.70, y=7.00, z=278.05]
[20:09:39] [Server thread/WARN]: Fetching packet for removed entity class_1542['Air'/93462, l='ServerLevel[world]', x=-88.86, y=7.00, z=278.05]
[20:10:00] [Server thread/INFO]: Player shuijiao is already logged on
[20:10:29] [Server thread/WARN]: Fetching packet for removed entity class_1542['Air'/93641, l='ServerLevel[world]', x=-89.95, y=7.00, z=280.03]
[20:20:00] [Server thread/INFO]: Player shuijiao is already logged on
[20:21:25] [Server thread/WARN]: Fetching packet for removed entity class_1542['Air'/94716, l='ServerLevel[world]', x=-86.05, y=7.00, z=280.46]
[20:25:52] [Server thread/WARN]: Fetching packet for removed entity class_1542['Air'/95250, l='ServerLevel[world]', x=-86.05, y=7.00, z=279.81]
[20:30:00] [Server thread/INFO]: Player shuijiao is already logged on
[20:40:00] [Server thread/INFO]: Player shuijiao is already logged on
[20:50:00] [Server thread/INFO]: Player shuijiao is already logged on
[21:00:00] [Server thread/INFO]: Player shuijiao is already logged on
[21:08:40] [Server thread/WARN]: Fetching packet for removed entity class_1542['Air'/99833, l='ServerLevel[world]', x=-86.05, y=7.00, z=279.39]
[21:10:00] [Server thread/INFO]: Player shuijiao is already logged on
[21:20:00] [Server thread/INFO]: Player shuijiao is already logged on
[21:23:44] [Server thread/WARN]: Fetching packet for removed entity class_1542['Air'/101834, l='ServerLevel[world]', x=-86.05, y=7.00, z=280.09]
[21:29:44] [Server thread/WARN]: Fetching packet for removed entity class_1542['Air'/102546, l='ServerLevel[world]', x=-89.95, y=7.00, z=279.73]
[21:30:00] [Server thread/INFO]: Player shuijiao is already logged on
[21:40:00] [Server thread/INFO]: Player shuijiao is already logged on
[21:40:00] [Server thread/INFO]: [Textile Backup] Backup started by: Timer on: 2020-10-14_21-40-00
[21:40:00] [Server thread/INFO]: Saving server...
[21:40:00] [Server thread/INFO]: [Textile Backup] Saving server...
[21:40:00] [Server thread/INFO]: ThreadedAnvilChunkStorage (world): All chunks are saved
[21:40:00] [Server thread/INFO]: ThreadedAnvilChunkStorage (DIM-1): All chunks are saved
[21:40:00] [Server thread/INFO]: ThreadedAnvilChunkStorage (DIM1): All chunks are saved
[21:40:00] [pool-3-thread-1/INFO]: Starting backup
[21:40:00] [pool-3-thread-1/INFO]: [Textile Backup] Starting backup
[21:40:00] [pool-3-thread-1/INFO]: Starting compression...
[21:40:02] [pool-3-thread-1/INFO]: Compression took: 02.763 seconds.
[21:40:02] [pool-3-thread-1/INFO]: Deleting: 2020-10-05_01-10-00.zip
[21:40:02] [pool-3-thread-1/INFO]: [Textile Backup] Deleting: 2020-10-05_01-10-00.zip
[21:40:02] [pool-3-thread-1/INFO]: Done!
[21:40:02] [pool-3-thread-1/INFO]: [Textile Backup] Done!
[21:43:21] [Server thread/WARN]: Fetching packet for removed entity class_1542['Air'/103717, l='ServerLevel[world]', x=-87.42, y=7.00, z=281.95]
[21:47:33] [Server thread/WARN]: Fetching packet for removed entity class_1542['Air'/104311, l='ServerLevel[world]', x=-89.95, y=7.00, z=280.01]
[21:50:00] [Server thread/INFO]: Player shuijiao is already logged on
[21:58:27] [Server thread/WARN]: Fetching packet for removed entity class_1542['Air'/105692, l='ServerLevel[world]', x=-87.93, y=7.00, z=281.95]
[22:00:00] [Server thread/INFO]: Player shuijiao is already logged on
[22:10:00] [Server thread/INFO]: Player shuijiao is already logged on
[22:20:00] [Server thread/INFO]: Player shuijiao is already logged on
[22:24:34] [Server thread/WARN]: Fetching packet for removed entity class_1542['Air'/108385, l='ServerLevel[world]', x=-89.95, y=7.00, z=280.71]
[22:27:59] [Server thread/WARN]: Fetching packet for removed entity class_1542['Air'/108745, l='ServerLevel[world]', x=-88.27, y=7.00, z=281.95]
[22:30:00] [Server thread/INFO]: Player shuijiao is already logged on
[22:40:00] [Server thread/INFO]: Player shuijiao is already logged on
[22:43:46] [Server thread/WARN]: Fetching packet for removed entity class_1542['Air'/110252, l='ServerLevel[world]', x=-86.05, y=7.00, z=280.65]
[22:50:00] [Server thread/INFO]: Player shuijiao is already logged on
[23:00:00] [Server thread/INFO]: Player shuijiao is already logged on
[23:10:00] [Server thread/INFO]: Player shuijiao is already logged on
[23:12:43] [Server thread/WARN]: Fetching packet for removed entity class_1542['Air'/113078, l='ServerLevel[world]', x=-88.11, y=7.00, z=281.95]
[23:17:35] [Server thread/WARN]: Fetching packet for removed entity class_1542['Air'/113620, l='ServerLevel[world]', x=-88.99, y=7.00, z=281.95]
[23:20:00] [Server thread/INFO]: Player shuijiao is already logged on
[23:20:51] [Server thread/WARN]: Fetching packet for removed entity class_1542['Air'/113954, l='ServerLevel[world]', x=-88.11, y=7.00, z=281.95]
[23:30:00] [Server thread/INFO]: Player shuijiao is already logged on
[23:40:00] [Server thread/INFO]: Player shuijiao is already logged on
[23:44:20] [Server thread/WARN]: Fetching packet for removed entity class_1542['Air'/116469, l='ServerLevel[world]', x=-89.95, y=7.00, z=280.17]
[23:50:00] [Server thread/INFO]: Player shuijiao is already logged on
[23:51:45] [Server thread/WARN]: Fetching packet for removed entity class_1542['Air'/117293, l='ServerLevel[world]', x=-86.05, y=7.00, z=280.44]
[23:55:07] [Server thread/WARN]: Fetching packet for removed entity class_1542['Air'/117635, l='ServerLevel[world]', x=-87.39, y=7.00, z=281.95]
[23:55:19] [Server thread/WARN]: Fetching packet for removed entity class_1542['Air'/117673, l='ServerLevel[world]', x=-86.05, y=7.00, z=280.75]
