[18:57:14] [main/INFO]: Loading for game Minecraft 1.16.1
[18:57:19] [main/INFO]: [FabricLoader] Loading 49 mods: fabric-renderer-api-v1@0.2.13+eae12eb87c, fabric-keybindings-v0@0.2.0+3fa9f7c57c, fabricloader@0.8.8+build.202, com_github_shevek_parallelgzip@master-SNAPSHOT, fabric-containers-v0@0.1.8+045df74f7c, fabric-object-builder-api-v1@1.5.5+e00ecb5f7c, fabric-dimensions-v1@1.0.0+a71b30537c, fabric-api-base@0.1.3+12a8474c7c, fabric-rendering-data-attachment-v1@0.1.3+b7f9825d7c, fabric-textures-v0@1.0.4+eae12eb87c, fabric-rendering-fluids-v1@0.1.7+12a8474c7c, cotton-logging@1.0.0-rc.4, fabric-blockrenderlayer-v1@1.1.4+c6a8ea897c, fabric-renderer-registries-v1@2.0.1+5a0f9a607c, carpet-extra@1.4.0, fabric-loot-tables-v1@0.1.10+059ea8667c, fabric@0.13.1+build.370-1.16, carpet@1.4.0, fabric-particles-v1@0.2.1+0a6f2a707c, fabric-networking-v0@0.1.10+e00ecb5f7c, cotton-config@1.0.0-rc.7, fabric-networking-blockentity-v0@0.2.5+b50ffc7b7c, minecraft@1.16.1, fabric-screen-handler-api-v1@1.0.1+f362c86e7c, here@0.0.8-mc1.16, fabric-command-api-v1@1.0.8+5ce533987c, jankson@3.0.0+j1.2.0, phosphor@0.6.0+build.7, fabric-tool-attribute-api-v1@1.1.4+5794386e7c, fabric-renderer-indigo@0.3.1+059ea8667c, org_apache_commons_commons-compress@1.19, fabric-biomes-v1@0.2.7+059ea8667c, fabric-events-interaction-v0@0.3.3+7066030f7c, fabric-crash-report-info-v1@0.1.2+b7f9825d7c, fabric-rendering-v0@1.1.0+534104907c, fabric-key-binding-api-v1@1.0.0+e16a97747c, fabric-rendering-v1@1.1.2+346247d77c, org_tukaani_xz@1.8, fabric-resource-loader-v0@0.2.5+059ea8667c, fabric-content-registries-v0@0.1.9+059ea8667c, fabric-tag-extensions-v0@0.2.5+5a6e8f4c7c, fabric-registry-sync-v0@0.3.8+7dba2d6c7c, fabric-commands-v0@0.2.0+52d308367c, textile_backup@1.2.2-1.16.1, fabric-mining-levels-v0@0.1.2+b764ce997c, fabric-events-lifecycle-v0@0.1.3+0d474ec47c, fabric-models-v0@0.1.0+dfdb52d67c, fabric-item-groups-v0@0.2.0+438f96367c, fabric-object-builders-v0@0.6.0+da175ad67c
[18:57:19] [main/WARN]: Mod `com_github_shevek_parallelgzip` (master-SNAPSHOT) does not respect SemVer - comparison support is limited.
[18:57:19] [main/INFO]: SpongePowered MIXIN Subsystem Version=0.8 Source=file:/C:/Server/skimit_survival/fabric-server-launch.jar Service=Knot/Fabric Env=SERVER
[18:57:25] [main/WARN]: @Mixin target net/minecraft/class_5120$class_5121 is public in fabric-tag-extensions-v0.mixins.json:MixinTagImpl and should be specified in value
[18:57:25] [main/WARN]: @Mixin target net.minecraft.class_5394 is public in fabric-tag-extensions-v0.mixins.json:MixinTagImpl and should be specified in value
[18:58:11] [main/INFO]: Environment: authHost='https://authserver.mojang.com', accountsHost='https://api.mojang.com', sessionHost='https://sessionserver.mojang.com', name='PROD'
[18:58:18] [main/INFO]: [TextileBackup]: Loading TextileBackup by Szum123321
[18:58:21] [main/WARN]: Ambiguity between arguments [teleport, destination] and [teleport, targets] with inputs: [Player, 0123, @e, dd12be42-52a9-4a91-a8a1-11c01849e498]
[18:58:21] [main/WARN]: Ambiguity between arguments [teleport, location] and [teleport, destination] with inputs: [0.1 -0.5 .9, 0 0 0]
[18:58:21] [main/WARN]: Ambiguity between arguments [teleport, location] and [teleport, targets] with inputs: [0.1 -0.5 .9, 0 0 0]
[18:58:21] [main/WARN]: Ambiguity between arguments [teleport, targets] and [teleport, destination] with inputs: [Player, 0123, dd12be42-52a9-4a91-a8a1-11c01849e498]
[18:58:21] [main/WARN]: Ambiguity between arguments [teleport, targets, location] and [teleport, targets, destination] with inputs: [0.1 -0.5 .9, 0 0 0]
[18:58:24] [main/INFO]: Reloading ResourceManager: Default, bukkit, Fabric Tool Attribute API (v1)
[18:58:30] [Worker-Main-2/INFO]: Loaded 7 recipes
[18:58:32] [Worker-Main-2/INFO]: Loaded 927 advancements
[18:58:36] [main/WARN]: [fabric-registry-sync] Could not find the following registries: minecraft:biome_source_type, minecraft:dimension_type, minecraft:chunk_generator_type
[18:58:36] [main/INFO]: [fabric-registry-sync] Loaded registry data [file 1/4]
[18:58:40] [Server thread/INFO]: Starting minecraft server version 1.16.1
[18:58:40] [Server thread/INFO]: Loading properties
[18:58:40] [Server thread/INFO]: Default game type: SURVIVAL
[18:58:40] [Server thread/INFO]: Generating keypair
[18:58:44] [Server thread/INFO]: Starting Minecraft server on *:26565
[18:58:45] [Server thread/INFO]: Using default channel type
[18:58:53] [Server thread/WARN]: **** SERVER IS RUNNING IN OFFLINE/INSECURE MODE!
[18:58:53] [Server thread/WARN]: The server will make no attempt to authenticate usernames. Beware.
[18:58:53] [Server thread/WARN]: While this makes the game possible to play without internet access, it also opens up the ability for hackers to connect with any username they choose.
[18:58:53] [Server thread/WARN]: To change this, set "online-mode" to "true" in the server.properties file.
[18:58:56] [Server thread/INFO]: Preparing level "world"
[18:58:56] [Server thread/ERROR]: [CM]: Carpet Mod Setting commandCameramode is not a valid - ignoring...
[18:58:56] [Server thread/INFO]: [CM]: loaded setting commandDraw as false from carpet.conf
[18:58:56] [Server thread/INFO]: [CM]: loaded setting rotatorBlock as true from carpet.conf
[18:58:56] [Server thread/INFO]: [CM]: loaded setting combineXPOrbs as true from carpet.conf
[18:58:56] [Server thread/INFO]: [CM]: loaded setting onePlayerSleeping as true from carpet.conf
[18:58:56] [Server thread/INFO]: [CM]: loaded setting portalSuffocationFix as true from carpet.conf
[18:58:56] [Server thread/INFO]: [CM]: loaded setting leadFix as true from carpet.conf
[18:58:56] [Server thread/INFO]: [CM]: loaded setting antiCheatDisabled as true from carpet.conf
[18:58:56] [Server thread/INFO]: [CM]: loaded setting defaultLoggers as tps,mobcaps from carpet.conf
[18:58:56] [Server thread/INFO]: [CM]: loaded setting unloadedEntityFix as true from carpet.conf
[18:58:56] [Server thread/INFO]: [CM]: loaded setting ctrlQCraftingFix as true from carpet.conf
[18:59:01] [Server thread/INFO]: Preparing start region for dimension minecraft:overworld
[18:59:21] [Server thread/INFO]: Preparing spawn area: 0%
[18:59:21] [Server thread/INFO]: Preparing spawn area: 0%
[18:59:21] [Server thread/INFO]: Preparing spawn area: 0%
[18:59:21] [Server thread/INFO]: Preparing spawn area: 0%
[18:59:21] [Server thread/INFO]: Preparing spawn area: 0%
[18:59:21] [Server thread/INFO]: Preparing spawn area: 0%
[18:59:21] [Server thread/INFO]: Preparing spawn area: 0%
[18:59:21] [Server thread/INFO]: Preparing spawn area: 0%
[18:59:21] [Server thread/INFO]: Preparing spawn area: 0%
[18:59:21] [Server thread/INFO]: Preparing spawn area: 0%
[18:59:21] [Server thread/INFO]: Preparing spawn area: 0%
[18:59:21] [Server thread/INFO]: Preparing spawn area: 0%
[18:59:21] [Server thread/INFO]: Preparing spawn area: 0%
[18:59:21] [Server thread/INFO]: Preparing spawn area: 0%
[18:59:21] [Server thread/INFO]: Preparing spawn area: 0%
[18:59:21] [Server thread/INFO]: Preparing spawn area: 0%
[18:59:21] [Server thread/INFO]: Preparing spawn area: 0%
[18:59:21] [Server thread/INFO]: Preparing spawn area: 0%
[18:59:21] [Server thread/INFO]: Preparing spawn area: 0%
[18:59:21] [Server thread/INFO]: Preparing spawn area: 0%
[18:59:21] [Server thread/INFO]: Preparing spawn area: 0%
[18:59:21] [Server thread/INFO]: Preparing spawn area: 0%
[18:59:21] [Server thread/INFO]: Preparing spawn area: 0%
[18:59:21] [Server thread/INFO]: Preparing spawn area: 0%
[18:59:21] [Server thread/INFO]: Preparing spawn area: 0%
[18:59:21] [Server thread/INFO]: Preparing spawn area: 0%
[18:59:21] [Server thread/INFO]: Preparing spawn area: 0%
[18:59:21] [Server thread/INFO]: Preparing spawn area: 0%
[18:59:21] [Server thread/INFO]: Preparing spawn area: 0%
[18:59:21] [Server thread/INFO]: Preparing spawn area: 0%
[18:59:21] [Server thread/INFO]: Preparing spawn area: 0%
[18:59:21] [Server thread/INFO]: Preparing spawn area: 0%
[18:59:21] [Server thread/INFO]: Preparing spawn area: 0%
[18:59:21] [Server thread/INFO]: Preparing spawn area: 0%
[18:59:21] [Server thread/INFO]: Preparing spawn area: 0%
[18:59:21] [Server thread/INFO]: Preparing spawn area: 0%
[18:59:21] [Server thread/INFO]: Preparing spawn area: 0%
[18:59:21] [Server thread/INFO]: Preparing spawn area: 0%
[18:59:21] [Server thread/INFO]: Preparing spawn area: 0%
[18:59:21] [Server thread/INFO]: Preparing spawn area: 0%
[18:59:22] [Server thread/INFO]: Preparing spawn area: 0%
[18:59:22] [Server thread/INFO]: Preparing spawn area: 0%
[18:59:22] [Server thread/INFO]: Preparing spawn area: 0%
[18:59:22] [Server thread/INFO]: Preparing spawn area: 0%
[18:59:23] [Worker-Main-3/INFO]: Preparing spawn area: 0%
[18:59:24] [Worker-Main-3/INFO]: Preparing spawn area: 0%
[18:59:42] [Server thread/INFO]: Preparing spawn area: 0%
[18:59:42] [Server thread/INFO]: Preparing spawn area: 0%
[18:59:42] [Server thread/INFO]: Preparing spawn area: 0%
[18:59:42] [Server thread/INFO]: Preparing spawn area: 0%
[18:59:42] [Server thread/INFO]: Preparing spawn area: 0%
[18:59:42] [Server thread/INFO]: Preparing spawn area: 0%
[18:59:42] [Server thread/INFO]: Preparing spawn area: 0%
[18:59:42] [Server thread/INFO]: Preparing spawn area: 0%
[18:59:42] [Server thread/INFO]: Preparing spawn area: 0%
[18:59:42] [Server thread/INFO]: Preparing spawn area: 0%
[18:59:42] [Server thread/INFO]: Preparing spawn area: 0%
[18:59:42] [Server thread/INFO]: Preparing spawn area: 0%
[18:59:42] [Server thread/INFO]: Preparing spawn area: 0%
[18:59:42] [Server thread/INFO]: Preparing spawn area: 0%
[18:59:42] [Server thread/INFO]: Preparing spawn area: 0%
[18:59:42] [Server thread/INFO]: Preparing spawn area: 0%
[18:59:42] [Server thread/INFO]: Preparing spawn area: 0%
[18:59:42] [Server thread/INFO]: Preparing spawn area: 0%
[18:59:42] [Server thread/INFO]: Preparing spawn area: 0%
[18:59:42] [Server thread/INFO]: Preparing spawn area: 0%
[18:59:42] [Server thread/INFO]: Preparing spawn area: 0%
[18:59:42] [Server thread/INFO]: Preparing spawn area: 0%
[18:59:42] [Server thread/INFO]: Preparing spawn area: 0%
[18:59:42] [Server thread/INFO]: Preparing spawn area: 0%
[18:59:42] [Server thread/INFO]: Preparing spawn area: 0%
[18:59:42] [Server thread/INFO]: Preparing spawn area: 0%
[18:59:42] [Server thread/INFO]: Preparing spawn area: 0%
[18:59:42] [Server thread/INFO]: Preparing spawn area: 0%
[18:59:42] [Server thread/INFO]: Preparing spawn area: 0%
[18:59:42] [Server thread/INFO]: Preparing spawn area: 0%
[18:59:42] [Server thread/INFO]: Preparing spawn area: 0%
[18:59:42] [Server thread/INFO]: Preparing spawn area: 0%
[18:59:42] [Server thread/INFO]: Preparing spawn area: 0%
[18:59:42] [Server thread/INFO]: Preparing spawn area: 0%
[18:59:42] [Server thread/INFO]: Preparing spawn area: 0%
[18:59:42] [Server thread/INFO]: Preparing spawn area: 0%
[18:59:43] [Server thread/INFO]: Preparing spawn area: 83%
[18:59:43] [Server thread/INFO]: Preparing spawn area: 83%
[18:59:50] [Server thread/INFO]: Time elapsed: 48631 ms
[18:59:50] [Server thread/INFO]: Done (53.572s)! For help, type "help"
[18:59:50] [Server thread/INFO]: Starting remote control listener
[18:59:50] [Server thread/INFO]: Thread RCON Listener started
[18:59:50] [RCON Listener #1/INFO]: RCON running on 0.0.0.0:25636
[18:59:53] [Server thread/WARN]: Can't keep up! Is the server overloaded? Running 3225ms or 64 ticks behind
[19:00:14] [Server thread/WARN]: Can't keep up! Is the server overloaded? Running 5694ms or 113 ticks behind
[19:03:29] [Server thread/INFO]: MAX_XiaoKui[/127.0.0.1:51276] logged in with entity id 314 at (-547.5421003414814, 63.0, 1184.3275496854833)
[19:03:29] [Netty Server IO #1/WARN]: Received invalid identifier in minecraft:register: legacy:fml|hs (Non [a-z0-9/._-] character in path of location: legacy:fml|hs)
[19:03:29] [Server thread/INFO]: MAX_XiaoKui joined the game
[19:03:29] [Netty Server IO #1/INFO]: Player MAX_XiaoKui joined with a matching carpet client
[19:03:30] [Server thread/INFO]: [TextileBackup]: Backup started by: SERVER on: 2020-06-26_19-03-30
[19:03:30] [Server thread/INFO]: [TextileBackup]: Saving server...
[19:03:35] [Server thread/INFO]: ThreadedAnvilChunkStorage (world): All chunks are saved
[19:03:35] [Server thread/INFO]: ThreadedAnvilChunkStorage (DIM-1): All chunks are saved
[19:03:35] [Server thread/INFO]: ThreadedAnvilChunkStorage (DIM1): All chunks are saved
[19:03:37] [Server thread/WARN]: Can't keep up! Is the server overloaded? Running 8832ms or 176 ticks behind
[19:03:40] [Thread-59/INFO]: [TextileBackup]: Starting compression...
[19:03:45] [Thread-59/ERROR]: [TextileBackup]: java.io.IOException: 另一个程序已锁定文件的一部分，进程无法访问。
[19:03:45] [Thread-59/INFO]: [TextileBackup]: Compression took: 4.8188326s
[19:03:45] [Thread-59/INFO]: [TextileBackup]: Deleting: 2020-06-26_15-41-03.zip
[19:03:45] [Thread-59/INFO]: [TextileBackup]: Done!
[19:04:06] [Server thread/WARN]: Can't keep up! Is the server overloaded? Running 14058ms or 281 ticks behind
[19:04:26] [Server thread/WARN]: Can't keep up! Is the server overloaded? Running 5580ms or 111 ticks behind
[19:04:51] [Server thread/WARN]: Can't keep up! Is the server overloaded? Running 2519ms or 50 ticks behind
[19:07:37] [Server thread/INFO]: <MAX_XiaoKui> -170,176
[19:08:22] [Server thread/WARN]: Can't keep up! Is the server overloaded? Running 2039ms or 40 ticks behind
[19:10:23] [Server thread/INFO]: ChengXi123[/127.0.0.1:51507] logged in with entity id 1317 at (-50.259550033747274, 128.875, 63.26013600181049)
[19:10:23] [Netty Server IO #1/WARN]: Received invalid identifier in minecraft:register: legacy:fml|hs (Non [a-z0-9/._-] character in path of location: legacy:fml|hs)
[19:10:23] [Server thread/INFO]: ChengXi123 joined the game
[19:10:26] [Server thread/WARN]: Can't keep up! Is the server overloaded? Running 2002ms or 40 ticks behind
[19:10:47] [Server thread/WARN]: Can't keep up! Is the server overloaded? Running 5884ms or 117 ticks behind
[19:10:57] [Server thread/INFO]: <ChengXi123> 那个门可以进了吗？
[19:11:03] [Server thread/INFO]: <MAX_XiaoKui> 可以
[19:11:14] [Server thread/WARN]: Can't keep up! Is the server overloaded? Running 2172ms or 43 ticks behind
[19:11:18] [Server thread/INFO]: <MAX_XiaoKui> 反正我从主世界进来没问题
[19:11:32] [Server thread/WARN]: Can't keep up! Is the server overloaded? Running 2434ms or 48 ticks behind
[19:11:55] [Server thread/WARN]: Can't keep up! Is the server overloaded? Running 7922ms or 158 ticks behind
[19:12:51] [Server thread/INFO]: <ChengXi123> 那我把材料放一下
[19:13:44] [Server thread/INFO]: MAX_XiaoKui has completed the challenge [Hot Tourist Destinations]
[19:14:04] [Server thread/INFO]: <ChengXi123> 建多高
[19:14:35] [Server thread/INFO]: <MAX_XiaoKui> 怪物能在海平面附近摔死就行
[19:15:44] [Server thread/WARN]: Can't keep up! Is the server overloaded? Running 2008ms or 40 ticks behind
[19:16:07] [Server thread/WARN]: Can't keep up! Is the server overloaded? Running 8129ms or 162 ticks behind
[19:16:27] [Server thread/INFO]: <ChengXi123> 处死的平台要多大？
[19:16:45] [Server thread/INFO]: <MAX_XiaoKui> 你不是设计好了吗
[19:16:57] [Server thread/INFO]: <ChengXi123> 。
[19:17:07] [Server thread/WARN]: Can't keep up! Is the server overloaded? Running 2191ms or 43 ticks behind
[19:17:25] [Server thread/WARN]: Can't keep up! Is the server overloaded? Running 2881ms or 57 ticks behind
[19:17:45] [Server thread/WARN]: Can't keep up! Is the server overloaded? Running 2006ms or 40 ticks behind
[19:18:21] [Server thread/WARN]: Can't keep up! Is the server overloaded? Running 2002ms or 40 ticks behind
[19:18:43] [Server thread/WARN]: Can't keep up! Is the server overloaded? Running 6950ms or 139 ticks behind
[19:19:23] [Server thread/INFO]: <ChengXi123> 这根柱子是什么鬼
[19:19:35] [Server thread/INFO]: <MAX_XiaoKui> 让你上去的
[19:20:01] [Server thread/INFO]: <ChengXi123> 又没梯子，又没水，怎么上？
[19:21:21] [Server thread/WARN]: Can't keep up! Is the server overloaded? Running 2987ms or 59 ticks behind
[19:21:51] [Server thread/WARN]: Can't keep up! Is the server overloaded? Running 15080ms or 301 ticks behind
[19:22:43] [Server thread/WARN]: Can't keep up! Is the server overloaded? Running 2618ms or 52 ticks behind
[19:23:11] [Server thread/WARN]: Can't keep up! Is the server overloaded? Running 12919ms or 258 ticks behind
[19:23:41] [Server thread/WARN]: Can't keep up! Is the server overloaded? Running 2004ms or 40 ticks behind
[19:23:56] [Server thread/INFO]: <MAX_XiaoKui> 要带什么东西吗
[19:26:17] [Server thread/WARN]: Can't keep up! Is the server overloaded? Running 2015ms or 40 ticks behind
[19:26:48] [Server thread/WARN]: Can't keep up! Is the server overloaded? Running 2041ms or 40 ticks behind
[19:27:20] [Server thread/WARN]: Can't keep up! Is the server overloaded? Running 17634ms or 352 ticks behind
[19:27:30] [Server thread/INFO]: <ChengXi123> 睡觉
[19:27:36] [Server thread/INFO]: Firliang[/127.0.0.1:52093] logged in with entity id 11033 at (-111.2391461957466, 69.0, 382.32299133490454)
[19:27:37] [Netty Server IO #0/WARN]: Received invalid identifier in minecraft:register: legacy:fml|hs (Non [a-z0-9/._-] character in path of location: legacy:fml|hs)
[19:27:37] [Server thread/INFO]: Firliang joined the game
[19:27:49] [Server thread/WARN]: Can't keep up! Is the server overloaded? Running 13516ms or 270 ticks behind
[19:28:02] [Server thread/INFO]: <MAX_XiaoKui> 铁轨矿车要多少
[19:28:08] [Server thread/INFO]: <MAX_XiaoKui> 平滑石头要带吗
[19:28:13] [Server thread/WARN]: Can't keep up! Is the server overloaded? Running 9782ms or 195 ticks behind
[19:28:37] [Server thread/WARN]: Can't keep up! Is the server overloaded? Running 8779ms or 175 ticks behind
[19:29:01] [Server thread/WARN]: Can't keep up! Is the server overloaded? Running 8414ms or 168 ticks behind
[19:29:15] [Server thread/INFO]: <ChengXi123> 矿车10个，动力铁轨3组吧，普通铁轨1组
[19:29:24] [Server thread/WARN]: Can't keep up! Is the server overloaded? Running 8636ms or 172 ticks behind
[19:29:29] [Server thread/INFO]: <ChengXi123> 平滑石头带点
[19:29:44] [Server thread/INFO]: <MAX_XiaoKui> 平滑石头要带吗
[19:29:46] [Server thread/WARN]: Can't keep up! Is the server overloaded? Running 7264ms or 145 ticks behind
[19:30:12] [Server thread/WARN]: Can't keep up! Is the server overloaded? Running 10383ms or 207 ticks behind
[19:30:35] [Server thread/WARN]: Can't keep up! Is the server overloaded? Running 7985ms or 159 ticks behind
[19:30:53] [Server thread/INFO]: <MAX_XiaoKui> 刷铁轨机怎么拆了
[19:30:59] [Server thread/WARN]: Can't keep up! Is the server overloaded? Running 8789ms or 175 ticks behind
[19:31:21] [Server thread/WARN]: Can't keep up! Is the server overloaded? Running 7759ms or 155 ticks behind
[19:31:40] [Server thread/WARN]: Can't keep up! Is the server overloaded? Running 3996ms or 79 ticks behind
[19:31:58] [Server thread/WARN]: Can't keep up! Is the server overloaded? Running 3199ms or 63 ticks behind
[19:32:14] [Server thread/INFO]: <ChengXi123> 没有冰带几个桶也可以
[19:32:17] [Server thread/WARN]: Can't keep up! Is the server overloaded? Running 3385ms or 67 ticks behind
[19:32:36] [Server thread/WARN]: Can't keep up! Is the server overloaded? Running 4532ms or 90 ticks behind
[19:32:55] [Server thread/WARN]: Can't keep up! Is the server overloaded? Running 3669ms or 73 ticks behind
[19:33:12] [Server thread/WARN]: Can't keep up! Is the server overloaded? Running 2375ms or 47 ticks behind
[19:33:36] [Server thread/WARN]: Can't keep up! Is the server overloaded? Running 9009ms or 180 ticks behind
[19:33:59] [Server thread/WARN]: Can't keep up! Is the server overloaded? Running 8257ms or 165 ticks behind
[19:34:17] [Server thread/WARN]: Can't keep up! Is the server overloaded? Running 2389ms or 47 ticks behind
[19:34:54] [Server thread/WARN]: Can't keep up! Is the server overloaded? Running 21792ms or 435 ticks behind
[19:35:16] [Server thread/WARN]: Can't keep up! Is the server overloaded? Running 7265ms or 145 ticks behind
[19:35:38] [Server thread/WARN]: Can't keep up! Is the server overloaded? Running 7546ms or 150 ticks behind
[19:36:05] [Server thread/WARN]: Can't keep up! Is the server overloaded? Running 11773ms or 235 ticks behind
[19:36:26] [Server thread/WARN]: Can't keep up! Is the server overloaded? Running 5828ms or 116 ticks behind
[19:36:38] [Server thread/INFO]: <MAX_XiaoKui> 你打个/here
[19:36:46] [Server thread/INFO]: Firliang has reached the goal [Postmortal]
[19:36:48] [Server thread/WARN]: Can't keep up! Is the server overloaded? Running 6661ms or 133 ticks behind
[19:36:51] [Server thread/INFO]: ChengXi123 lost connection: Disconnected
[19:36:51] [Server thread/INFO]: ChengXi123 left the game
[19:37:09] [Server thread/WARN]: Can't keep up! Is the server overloaded? Running 2167ms or 43 ticks behind
[19:37:26] [Server thread/WARN]: Can't keep up! Is the server overloaded? Running 2132ms or 42 ticks behind
[19:37:48] [Server thread/WARN]: Can't keep up! Is the server overloaded? Running 2759ms or 55 ticks behind
[19:38:08] [Server thread/WARN]: Can't keep up! Is the server overloaded? Running 2022ms or 40 ticks behind
[19:38:17] [Server thread/INFO]: ChengXi123[/127.0.0.1:52448] logged in with entity id 16971 at (-431.6882681556584, 69.875, 533.3998742033541)
[19:38:17] [Netty Server IO #1/WARN]: Received invalid identifier in minecraft:register: legacy:fml|hs (Non [a-z0-9/._-] character in path of location: legacy:fml|hs)
[19:38:17] [Server thread/INFO]: ChengXi123 joined the game
[19:38:28] [Server thread/WARN]: Can't keep up! Is the server overloaded? Running 4292ms or 85 ticks behind
[19:38:30] [Server thread/INFO]: <MAX_XiaoKui> 你打个/here
[19:38:46] [Server thread/WARN]: Can't keep up! Is the server overloaded? Running 3478ms or 69 ticks behind
[19:38:57] [Server thread/INFO]: ChengXi123 lost connection: Disconnected
[19:38:57] [Server thread/INFO]: ChengXi123 left the game
[19:39:00] [Server thread/INFO]: ChengXi123[/127.0.0.1:52474] logged in with entity id 17323 at (-399.74689680325037, 71.0, 506.3935845842343)
[19:39:00] [Netty Server IO #0/WARN]: Received invalid identifier in minecraft:register: legacy:fml|hs (Non [a-z0-9/._-] character in path of location: legacy:fml|hs)
[19:39:01] [Server thread/INFO]: ChengXi123 joined the game
[19:39:05] [Server thread/WARN]: Can't keep up! Is the server overloaded? Running 4035ms or 80 ticks behind
[19:39:09] [Server thread/INFO]: <MAX_XiaoKui> 你咋回这边了
[19:39:24] [Server thread/WARN]: Can't keep up! Is the server overloaded? Running 3980ms or 79 ticks behind
[19:39:27] [Server thread/INFO]: <MAX_XiaoKui> 走吧
[19:39:43] [Server thread/WARN]: Can't keep up! Is the server overloaded? Running 3543ms or 70 ticks behind
[19:40:08] [Server thread/WARN]: Can't keep up! Is the server overloaded? Running 9998ms or 199 ticks behind
[19:40:25] [Server thread/WARN]: Can't keep up! Is the server overloaded? Running 2524ms or 50 ticks behind
[19:40:42] [Server thread/INFO]: Firliang tried to swim in lava
[19:40:45] [Server thread/WARN]: Can't keep up! Is the server overloaded? Running 5411ms or 108 ticks behind
[19:41:07] [Server thread/WARN]: Can't keep up! Is the server overloaded? Running 6651ms or 133 ticks behind
[19:41:35] [Server thread/WARN]: Can't keep up! Is the server overloaded? Running 12551ms or 251 ticks behind
[19:41:55] [Server thread/WARN]: Can't keep up! Is the server overloaded? Running 4895ms or 97 ticks behind
[19:42:09] [Server thread/INFO]: <MAX_XiaoKui> 这是摔死平台？
[19:42:20] [Server thread/INFO]: <ChengXi123> 摔死后收集的
[19:42:25] [Server thread/INFO]: <MAX_XiaoKui> 材料给你了
[19:42:51] [Server thread/INFO]: <ChengXi123> 摔死要岩浆块，困难怪有盔甲
[19:45:18] [Server thread/INFO]: <MAX_XiaoKui> 半砖还有吗
[19:45:54] [Server thread/INFO]: <MAX_XiaoKui> ?
[19:46:06] [Server thread/INFO]: <MAX_XiaoKui> 半砖
[19:46:14] [Server thread/INFO]: <MAX_XiaoKui> 我没了
[19:46:27] [Server thread/INFO]: <ChengXi123> 合成啊
[19:46:40] [Server thread/WARN]: Can't keep up! Is the server overloaded? Running 2332ms or 46 ticks behind
[19:46:56] [Server thread/INFO]: <ChengXi123> 卸货装置怎么做？
[19:46:57] [Server thread/INFO]: <MAX_XiaoKui> 你没带切石机？
[19:47:15] [Server thread/WARN]: Can't keep up! Is the server overloaded? Running 2045ms or 40 ticks behind
[19:47:20] [Server thread/INFO]: <ChengXi123> 工作台做半砖也可以啊
[19:47:28] [Server thread/INFO]: <MAX_XiaoKui> 浪费啊
[19:47:34] [Server thread/WARN]: Can't keep up! Is the server overloaded? Running 3928ms or 78 ticks behind
[19:47:54] [Server thread/WARN]: Can't keep up! Is the server overloaded? Running 5707ms or 114 ticks behind
[19:48:16] [Server thread/WARN]: Can't keep up! Is the server overloaded? Running 6095ms or 121 ticks behind
[19:48:37] [Server thread/INFO]: Alex[local] logged in with entity id 22946 at (-382.0568650472784, 69.0, 531.9855412007505)
[19:48:37] [Server thread/INFO]: Alex joined the game
[19:48:37] [Server thread/WARN]: Can't keep up! Is the server overloaded? Running 6928ms or 138 ticks behind
[19:49:05] [Server thread/WARN]: Can't keep up! Is the server overloaded? Running 12880ms or 257 ticks behind
[19:49:14] [Server thread/INFO]: MAX_XiaoKui lost connection: Timed out
[19:49:14] [Server thread/INFO]: MAX_XiaoKui left the game
[19:49:14] [Server thread/WARN]: handleDisconnection() called twice
[19:49:28] [Server thread/WARN]: Can't keep up! Is the server overloaded? Running 7314ms or 146 ticks behind
[19:49:57] [Server thread/WARN]: Can't keep up! Is the server overloaded? Running 2052ms or 41 ticks behind
[19:50:01] [Server thread/INFO]: MAX_XiaoKui[/127.0.0.1:52845] logged in with entity id 23570 at (-53.459466904003946, 131.34751270746398, 99.35446930871534)
[19:50:01] [Netty Server IO #0/WARN]: Received invalid identifier in minecraft:register: legacy:fml|hs (Non [a-z0-9/._-] character in path of location: legacy:fml|hs)
[19:50:01] [Server thread/INFO]: MAX_XiaoKui joined the game
[19:50:02] [Netty Server IO #0/INFO]: Player MAX_XiaoKui joined with a matching carpet client
[19:50:17] [Server thread/WARN]: Can't keep up! Is the server overloaded? Running 5602ms or 112 ticks behind
[19:50:41] [Server thread/WARN]: Can't keep up! Is the server overloaded? Running 8404ms or 168 ticks behind
[19:51:03] [Server thread/WARN]: Can't keep up! Is the server overloaded? Running 7123ms or 142 ticks behind
[19:51:25] [Server thread/WARN]: Can't keep up! Is the server overloaded? Running 7281ms or 145 ticks behind
[19:51:48] [Server thread/WARN]: Can't keep up! Is the server overloaded? Running 8016ms or 160 ticks behind
[19:52:11] [Server thread/WARN]: Can't keep up! Is the server overloaded? Running 8049ms or 160 ticks behind
[19:52:19] [Server thread/INFO]: <ChengXi123> 卸货装置怎么做？
[19:52:32] [Server thread/INFO]: <MAX_XiaoKui> 我帮你做？
[19:52:32] [Server thread/WARN]: Can't keep up! Is the server overloaded? Running 5810ms or 116 ticks behind
[19:52:45] [Server thread/INFO]: <ChengXi123> 好啊
[19:52:52] [Server thread/WARN]: Can't keep up! Is the server overloaded? Running 5521ms or 110 ticks behind
[19:52:58] [Server thread/INFO]: <MAX_XiaoKui> 做哪
[19:53:13] [Server thread/WARN]: Can't keep up! Is the server overloaded? Running 5765ms or 115 ticks behind
[19:53:38] [Server thread/WARN]: Can't keep up! Is the server overloaded? Running 9439ms or 188 ticks behind
[19:53:38] [Server thread/INFO]: <ChengXi123> 这是我的私人存货
[19:53:51] [Server thread/INFO]: <MAX_XiaoKui> ???
[19:53:59] [Server thread/INFO]: <ChengXi123> 做这
[19:54:03] [Server thread/WARN]: Can't keep up! Is the server overloaded? Running 10283ms or 205 ticks behind
[19:54:13] [Server thread/INFO]: <ChengXi123> 做一排
[19:54:17] [Server thread/INFO]: <MAX_XiaoKui> o
[19:54:24] [Server thread/WARN]: Can't keep up! Is the server overloaded? Running 5754ms or 115 ticks behind
[19:54:33] [Server thread/INFO]: <MAX_XiaoKui> 你拿下材料
[19:54:38] [Server thread/INFO]: <ChengXi123> 这应该够材料
[19:54:45] [Server thread/WARN]: Can't keep up! Is the server overloaded? Running 6052ms or 121 ticks behind
[19:55:01] [Server thread/INFO]: <ChengXi123> 我的私人存货
[19:55:06] [Server thread/WARN]: Can't keep up! Is the server overloaded? Running 6335ms or 126 ticks behind
[19:55:24] [Server thread/INFO]: <MAX_XiaoKui> 中继器不够啊
[19:55:28] [Server thread/WARN]: Can't keep up! Is the server overloaded? Running 6801ms or 136 ticks behind
[19:55:49] [Server thread/WARN]: Can't keep up! Is the server overloaded? Running 6733ms or 134 ticks behind
[19:56:16] [Server thread/INFO]: <MAX_XiaoKui> 我觉得做另一排比较好 铁轨这个方向不好铺
[19:56:16] [Server thread/WARN]: Can't keep up! Is the server overloaded? Running 11544ms or 230 ticks behind
[19:56:27] [Server thread/INFO]: <ChengXi123> ?
[19:56:38] [Server thread/WARN]: Can't keep up! Is the server overloaded? Running 7571ms or 151 ticks behind
[19:56:45] [Server thread/INFO]: <MAX_XiaoKui> 铁轨东西走向好铺
[19:56:56] [Server thread/INFO]: <ChengXi123> o
[19:57:01] [Server thread/WARN]: Can't keep up! Is the server overloaded? Running 7278ms or 145 ticks behind
[19:57:06] [Server thread/INFO]: <MAX_XiaoKui> 所以做哪边
[19:57:14] [Server thread/INFO]: <MAX_XiaoKui> 东边还是西边
[19:57:24] [Server thread/WARN]: Can't keep up! Is the server overloaded? Running 8533ms or 170 ticks behind
[19:57:47] [Server thread/WARN]: Can't keep up! Is the server overloaded? Running 8106ms or 162 ticks behind
[19:58:10] [Server thread/INFO]: <MAX_XiaoKui> ?
[19:58:14] [Server thread/WARN]: Can't keep up! Is the server overloaded? Running 11491ms or 229 ticks behind
[19:58:37] [Server thread/WARN]: Can't keep up! Is the server overloaded? Running 8467ms or 169 ticks behind
[19:59:00] [Server thread/WARN]: Can't keep up! Is the server overloaded? Running 7333ms or 146 ticks behind
[19:59:23] [Server thread/WARN]: Can't keep up! Is the server overloaded? Running 8094ms or 161 ticks behind
[19:59:46] [Server thread/WARN]: Can't keep up! Is the server overloaded? Running 8607ms or 172 ticks behind
[20:00:11] [Server thread/WARN]: Can't keep up! Is the server overloaded? Running 9562ms or 191 ticks behind
[20:00:18] [Server thread/INFO]: <MAX_XiaoKui> 在吗
[20:00:34] [Server thread/INFO]: <MAX_XiaoKui> 东边还是西边
[20:00:41] [Server thread/WARN]: Can't keep up! Is the server overloaded? Running 14957ms or 299 ticks behind
[20:00:55] [Server thread/INFO]: <ChengXi123> 哪里是东？
[20:00:59] [Server thread/INFO]: <MAX_XiaoKui> 我这里
[20:01:02] [Server thread/WARN]: Can't keep up! Is the server overloaded? Running 6723ms or 134 ticks behind
[20:01:11] [Server thread/INFO]: <ChengXi123> 西吧
[20:01:16] [Server thread/INFO]: <MAX_XiaoKui> 啊说反了
[20:01:24] [Server thread/INFO]: <MAX_XiaoKui> 就这边吧
[20:01:25] [Server thread/WARN]: Can't keep up! Is the server overloaded? Running 8088ms or 161 ticks behind
[20:01:44] [Server thread/INFO]: <ChengXi123> 地狱门这边？
[20:01:49] [Server thread/INFO]: <MAX_XiaoKui> 我这边
[20:01:54] [Server thread/INFO]: <ChengXi123> ?
[20:01:54] [Server thread/WARN]: Can't keep up! Is the server overloaded? Running 13640ms or 272 ticks behind
[20:01:55] [Server thread/INFO]: <MAX_XiaoKui> 地狱门那边也行
[20:02:08] [Server thread/INFO]: <MAX_XiaoKui> 就是等下上来不方便
[20:02:15] [Server thread/WARN]: Can't keep up! Is the server overloaded? Running 5790ms or 115 ticks behind
[20:02:36] [Server thread/WARN]: Can't keep up! Is the server overloaded? Running 5801ms or 116 ticks behind
[20:02:42] [Server thread/INFO]: <ChengXi123> 漏斗汇到一起
[20:02:58] [Server thread/WARN]: Can't keep up! Is the server overloaded? Running 7823ms or 156 ticks behind
[20:03:20] [Server thread/WARN]: Can't keep up! Is the server overloaded? Running 6181ms or 123 ticks behind
[20:03:31] [Server thread/INFO]: [TextileBackup]: Backup started by: SERVER on: 2020-06-26_20-03-31
[20:03:31] [Server thread/INFO]: [TextileBackup]: Saving server...
[20:03:35] [Server thread/INFO]: ThreadedAnvilChunkStorage (world): All chunks are saved
[20:03:37] [Server thread/INFO]: ThreadedAnvilChunkStorage (DIM-1): All chunks are saved
[20:03:37] [Server thread/INFO]: ThreadedAnvilChunkStorage (DIM1): All chunks are saved
[20:03:39] [Thread-107/INFO]: [TextileBackup]: Starting compression...
[20:03:53] [Thread-107/ERROR]: [TextileBackup]: java.io.IOException: 另一个程序已锁定文件的一部分，进程无法访问。
[20:03:53] [Thread-107/INFO]: [TextileBackup]: Compression took: 13.5546474s
[20:03:53] [Thread-107/INFO]: [TextileBackup]: Deleting: 2020-06-26_15-59-28.zip
[20:03:54] [Thread-107/INFO]: [TextileBackup]: Done!
[20:03:58] [Server thread/WARN]: Can't keep up! Is the server overloaded? Running 23045ms or 460 ticks behind
[20:04:15] [Server thread/INFO]: <ChengXi123> 你要在这边搭什么？
[20:04:18] [Server thread/WARN]: Can't keep up! Is the server overloaded? Running 5378ms or 107 ticks behind
[20:04:19] [Server thread/INFO]: <MAX_XiaoKui> 拉杆有吗
[20:04:28] [Server thread/INFO]: <MAX_XiaoKui> 我激活铁轨
[20:04:38] [Server thread/WARN]: Can't keep up! Is the server overloaded? Running 4939ms or 98 ticks behind
[20:04:47] [Server thread/INFO]: <ChengXi123> 红石块要吗？
[20:04:57] [Server thread/INFO]: <MAX_XiaoKui> 也行
[20:04:57] [Server thread/WARN]: Can't keep up! Is the server overloaded? Running 4578ms or 91 ticks behind
[20:05:18] [Server thread/WARN]: Can't keep up! Is the server overloaded? Running 5971ms or 119 ticks behind
[20:05:33] [Server thread/INFO]: <MAX_XiaoKui> 铁轨没了
[20:05:39] [Server thread/WARN]: Can't keep up! Is the server overloaded? Running 5521ms or 110 ticks behind
[20:05:59] [Server thread/WARN]: Can't keep up! Is the server overloaded? Running 5099ms or 101 ticks behind
[20:06:06] [Server thread/INFO]: Firliang lost connection: Disconnected
[20:06:06] [Server thread/INFO]: Firliang left the game
[20:06:16] [Server thread/INFO]: <MAX_XiaoKui> 给我点铁轨啊
[20:06:17] [Server thread/WARN]: Can't keep up! Is the server overloaded? Running 3141ms or 62 ticks behind
[20:06:53] [Server thread/INFO]: ChengXi123 lost connection: Timed out
[20:06:53] [Server thread/INFO]: ChengXi123 left the game
[20:06:53] [Server thread/WARN]: handleDisconnection() called twice
[20:08:04] [Server thread/WARN]: Can't keep up! Is the server overloaded? Running 2011ms or 40 ticks behind
[20:08:23] [Server thread/WARN]: Can't keep up! Is the server overloaded? Running 3465ms or 69 ticks behind
[20:11:32] [Server thread/WARN]: Can't keep up! Is the server overloaded? Running 2002ms or 40 ticks behind
[20:13:11] [Server thread/WARN]: Can't keep up! Is the server overloaded? Running 2165ms or 43 ticks behind
[20:14:30] [Server thread/WARN]: Can't keep up! Is the server overloaded? Running 2014ms or 40 ticks behind
[20:16:01] [Server thread/WARN]: Can't keep up! Is the server overloaded? Running 2063ms or 41 ticks behind
[20:16:26] [Server thread/WARN]: Can't keep up! Is the server overloaded? Running 9826ms or 196 ticks behind
[20:18:27] [Server thread/WARN]: Can't keep up! Is the server overloaded? Running 2418ms or 48 ticks behind
[20:18:52] [Server thread/WARN]: Can't keep up! Is the server overloaded? Running 9987ms or 199 ticks behind
[20:23:40] [Server thread/WARN]: Can't keep up! Is the server overloaded? Running 2181ms or 43 ticks behind
[20:23:57] [Server thread/WARN]: Can't keep up! Is the server overloaded? Running 2489ms or 49 ticks behind
[20:28:45] [Server thread/WARN]: Can't keep up! Is the server overloaded? Running 2076ms or 41 ticks behind
[20:32:28] [Server thread/WARN]: Can't keep up! Is the server overloaded? Running 2040ms or 40 ticks behind
[20:32:50] [Server thread/WARN]: Can't keep up! Is the server overloaded? Running 7201ms or 144 ticks behind
[20:33:49] [Server thread/WARN]: Can't keep up! Is the server overloaded? Running 2039ms or 40 ticks behind
[20:34:16] [Server thread/WARN]: Can't keep up! Is the server overloaded? Running 12505ms or 250 ticks behind
[20:37:27] [Server thread/WARN]: Can't keep up! Is the server overloaded? Running 3855ms or 77 ticks behind
[20:37:45] [Server thread/WARN]: Can't keep up! Is the server overloaded? Running 3092ms or 61 ticks behind
[20:39:17] [Server thread/WARN]: Can't keep up! Is the server overloaded? Running 2098ms or 41 ticks behind
[20:39:34] [Server thread/WARN]: Can't keep up! Is the server overloaded? Running 2382ms or 47 ticks behind
[20:43:22] [Server thread/INFO]: MAX_XiaoKui lost connection: Disconnected
[20:43:22] [Server thread/INFO]: MAX_XiaoKui left the game
[20:49:22] [Server thread/WARN]: Can't keep up! Is the server overloaded? Running 2127ms or 42 ticks behind
[20:50:59] [Server thread/INFO]: extclp[/127.0.0.1:54927] logged in with entity id 53811 at (-49.16056985438325, 128.0, 62.71179118585242)
[20:50:59] [Netty Server IO #0/WARN]: Received invalid identifier in minecraft:register: legacy:fml|hs (Non [a-z0-9/._-] character in path of location: legacy:fml|hs)
[20:50:59] [Server thread/INFO]: extclp joined the game
[20:51:26] [Server thread/INFO]: extclp lost connection: Disconnected
[20:51:26] [Server thread/INFO]: extclp left the game
[20:59:25] [Server thread/WARN]: Can't keep up! Is the server overloaded? Running 2312ms or 46 ticks behind
[21:03:28] [Server thread/INFO]: [TextileBackup]: Backup started by: SERVER on: 2020-06-26_21-03-28
[21:03:28] [Server thread/INFO]: [TextileBackup]: Saving server...
[21:03:30] [Server thread/INFO]: ThreadedAnvilChunkStorage (world): All chunks are saved
[21:03:30] [Server thread/INFO]: ThreadedAnvilChunkStorage (DIM-1): All chunks are saved
[21:03:30] [Server thread/INFO]: ThreadedAnvilChunkStorage (DIM1): All chunks are saved
[21:03:30] [Thread-148/INFO]: [TextileBackup]: Starting compression...
[21:03:31] [Server thread/WARN]: Can't keep up! Is the server overloaded? Running 2126ms or 42 ticks behind
[21:03:46] [Thread-148/ERROR]: [TextileBackup]: java.io.IOException: 另一个程序已锁定文件的一部分，进程无法访问。
[21:03:46] [Thread-148/INFO]: [TextileBackup]: Compression took: 15.692836s
[21:03:46] [Thread-148/INFO]: [TextileBackup]: Deleting: 2020-06-26_16-01-44#shutdown.zip
[21:03:46] [Thread-148/INFO]: [TextileBackup]: Done!
[21:03:50] [Server thread/WARN]: Can't keep up! Is the server overloaded? Running 3764ms or 75 ticks behind
[21:09:32] [Server thread/WARN]: Can't keep up! Is the server overloaded? Running 2244ms or 44 ticks behind
[21:19:36] [Server thread/WARN]: Can't keep up! Is the server overloaded? Running 2001ms or 40 ticks behind
[21:24:37] [Server thread/WARN]: Can't keep up! Is the server overloaded? Running 2100ms or 42 ticks behind
[21:29:39] [Server thread/WARN]: Can't keep up! Is the server overloaded? Running 2201ms or 44 ticks behind
[21:34:41] [Server thread/WARN]: Can't keep up! Is the server overloaded? Running 2192ms or 43 ticks behind
[21:39:44] [Server thread/WARN]: Can't keep up! Is the server overloaded? Running 2293ms or 45 ticks behind
[22:03:28] [Server thread/INFO]: [TextileBackup]: Backup started by: SERVER on: 2020-06-26_22-03-28
[22:03:28] [Server thread/INFO]: [TextileBackup]: Saving server...
[22:03:29] [Server thread/INFO]: ThreadedAnvilChunkStorage (world): All chunks are saved
[22:03:29] [Server thread/INFO]: ThreadedAnvilChunkStorage (DIM-1): All chunks are saved
[22:03:29] [Server thread/INFO]: ThreadedAnvilChunkStorage (DIM1): All chunks are saved
[22:03:29] [Thread-175/INFO]: [TextileBackup]: Starting compression...
[22:03:35] [Server thread/WARN]: Can't keep up! Is the server overloaded? Running 2391ms or 47 ticks behind
[22:03:41] [Thread-175/ERROR]: [TextileBackup]: java.io.IOException: 另一个程序已锁定文件的一部分，进程无法访问。
[22:03:41] [Thread-175/INFO]: [TextileBackup]: Compression took: 12.0942545s
[22:03:41] [Thread-175/INFO]: [TextileBackup]: Deleting: 2020-06-26_16-15-12.zip
[22:03:41] [Thread-175/INFO]: [TextileBackup]: Done!
[22:25:10] [Server thread/INFO]: poxington[/127.0.0.1:58206] logged in with entity id 91015 at (-42.5, 64.0, 239.5)
[22:25:10] [Netty Server IO #1/WARN]: Received invalid identifier in minecraft:register: legacy:fml|hs (Non [a-z0-9/._-] character in path of location: legacy:fml|hs)
[22:25:10] [Server thread/INFO]: poxington joined the game
[22:27:24] [Server thread/INFO]: poxington lost connection: Disconnected
[22:27:24] [Server thread/INFO]: poxington left the game
[22:27:28] [Server thread/INFO]: poxington[/127.0.0.1:58290] logged in with entity id 92245 at (-45.29181280576301, 66.0, 241.03209124871137)
[22:27:28] [Netty Server IO #1/WARN]: Received invalid identifier in minecraft:register: legacy:fml|hs (Non [a-z0-9/._-] character in path of location: legacy:fml|hs)
[22:27:29] [Server thread/INFO]: poxington joined the game
[22:28:09] [Server thread/INFO]: poxington lost connection: Disconnected
[22:28:09] [Server thread/INFO]: poxington left the game
[22:28:26] [Server thread/INFO]: poxington[/127.0.0.1:58323] logged in with entity id 92702 at (-23.312983755626338, 64.23152379758702, 263.6999999880792)
[22:28:26] [Netty Server IO #1/WARN]: Received invalid identifier in minecraft:register: legacy:fml|hs (Non [a-z0-9/._-] character in path of location: legacy:fml|hs)
[22:28:26] [Server thread/INFO]: poxington joined the game
[22:29:01] [Server thread/INFO]: poxington lost connection: Disconnected
[22:29:01] [Server thread/INFO]: poxington left the game
[22:29:06] [Server thread/INFO]: poxington[/127.0.0.1:58348] logged in with entity id 93041 at (-28.39874260918647, 64.0, 259.3732398837298)
[22:29:06] [Netty Server IO #0/WARN]: Received invalid identifier in minecraft:register: legacy:fml|hs (Non [a-z0-9/._-] character in path of location: legacy:fml|hs)
[22:29:06] [Server thread/INFO]: poxington joined the game
[22:29:48] [Server thread/WARN]: Can't keep up! Is the server overloaded? Running 2078ms or 41 ticks behind
[22:30:57] [Server thread/INFO]: MAX_XiaoKui[/127.0.0.1:58423] logged in with entity id 94050 at (-561.9829101096839, 63.5625, 1187.7801565567204)
[22:30:57] [Netty Server IO #0/WARN]: Received invalid identifier in minecraft:register: legacy:fml|hs (Non [a-z0-9/._-] character in path of location: legacy:fml|hs)
[22:30:57] [Server thread/INFO]: MAX_XiaoKui joined the game
[22:31:02] [Server thread/WARN]: Can't keep up! Is the server overloaded? Running 2301ms or 46 ticks behind
[22:31:06] [Server thread/INFO]: MAX_XiaoKui lost connection: Disconnected
[22:31:06] [Server thread/INFO]: MAX_XiaoKui left the game
[22:31:23] [Server thread/INFO]: poxington lost connection: Disconnected
[22:31:23] [Server thread/INFO]: poxington left the game
[22:32:03] [Server thread/INFO]: poxington[/127.0.0.1:58461] logged in with entity id 94598 at (-386.42480616469646, 69.0, 510.12513953969716)
[22:32:03] [Netty Server IO #1/WARN]: Received invalid identifier in minecraft:register: legacy:fml|hs (Non [a-z0-9/._-] character in path of location: legacy:fml|hs)
[22:32:03] [Server thread/INFO]: poxington joined the game
[22:32:36] [Server thread/INFO]: poxington lost connection: Disconnected
[22:32:36] [Server thread/INFO]: poxington left the game
[22:34:53] [Server thread/WARN]: Can't keep up! Is the server overloaded? Running 2332ms or 46 ticks behind
[22:39:58] [Server thread/WARN]: Can't keep up! Is the server overloaded? Running 2248ms or 44 ticks behind
[22:54:57] [Server thread/WARN]: Can't keep up! Is the server overloaded? Running 2080ms or 41 ticks behind
[22:59:25] [Server thread/INFO]: xiumu[/127.0.0.1:59430] logged in with entity id 105077 at (-42.5, 64.0, 239.5)
[22:59:25] [Netty Server IO #0/WARN]: Received invalid identifier in minecraft:register: legacy:fml|hs (Non [a-z0-9/._-] character in path of location: legacy:fml|hs)
[22:59:25] [Server thread/INFO]: xiumu joined the game
[22:59:30] [Netty Server IO #0/INFO]: Player xiumu joined with a matching carpet client
[22:59:59] [Server thread/WARN]: Can't keep up! Is the server overloaded? Running 2476ms or 49 ticks behind
[23:03:28] [Server thread/INFO]: [TextileBackup]: Backup started by: SERVER on: 2020-06-26_23-03-28
[23:03:28] [Server thread/INFO]: [TextileBackup]: Saving server...
[23:03:30] [Server thread/INFO]: ThreadedAnvilChunkStorage (world): All chunks are saved
[23:03:30] [Server thread/INFO]: ThreadedAnvilChunkStorage (DIM-1): All chunks are saved
[23:03:30] [Server thread/INFO]: ThreadedAnvilChunkStorage (DIM1): All chunks are saved
[23:03:30] [Server thread/WARN]: Can't keep up! Is the server overloaded? Running 2118ms or 42 ticks behind
[23:03:31] [Thread-206/INFO]: [TextileBackup]: Starting compression...
[23:03:47] [Thread-206/ERROR]: [TextileBackup]: java.io.IOException: 另一个程序已锁定文件的一部分，进程无法访问。
[23:03:47] [Thread-206/INFO]: [TextileBackup]: Compression took: 15.9108446s
[23:03:47] [Thread-206/INFO]: [TextileBackup]: Deleting: 2020-06-26_16-34-58#shutdown.zip
[23:03:47] [Thread-206/INFO]: [TextileBackup]: Done!
[23:03:53] [Server thread/WARN]: Can't keep up! Is the server overloaded? Running 7905ms or 158 ticks behind
[23:07:06] [Server thread/WARN]: Fetching packet for removed entity class_1542['Air'/108661, l='ServerLevel[world]', x=-128.36, y=6.00, z=237.13]
[23:10:11] [Server thread/WARN]: Can't keep up! Is the server overloaded? Running 2062ms or 41 ticks behind
[23:17:12] [Server thread/INFO]: xiumu has made the advancement [We Need to Go Deeper]
[23:20:12] [Server thread/WARN]: Can't keep up! Is the server overloaded? Running 2035ms or 40 ticks behind
[23:30:14] [Server thread/WARN]: Can't keep up! Is the server overloaded? Running 2232ms or 44 ticks behind
[23:30:32] [Server thread/WARN]: Can't keep up! Is the server overloaded? Running 2231ms or 44 ticks behind
[23:40:19] [Server thread/WARN]: Can't keep up! Is the server overloaded? Running 2281ms or 45 ticks behind
[23:45:21] [Server thread/WARN]: Can't keep up! Is the server overloaded? Running 2051ms or 41 ticks behind
[23:45:42] [Server thread/WARN]: Fetching packet for removed entity class_1542['Air'/126908, l='ServerLevel[world]', x=-150.11, y=6.00, z=253.21]
[23:47:36] [Server thread/INFO]: xiumu has made the advancement [Acquire Hardware]
[23:50:23] [Server thread/WARN]: Can't keep up! Is the server overloaded? Running 2075ms or 41 ticks behind
[23:53:20] [Server thread/WARN]: Can't keep up! Is the server overloaded? Running 2053ms or 41 ticks behind
[23:55:27] [Server thread/WARN]: Can't keep up! Is the server overloaded? Running 2127ms or 42 ticks behind
[23:55:46] [Server thread/WARN]: Can't keep up! Is the server overloaded? Running 4318ms or 86 ticks behind
