[21:43:26] [main/INFO]: Loading for game Minecraft 1.16.2
[21:43:26] [main/INFO]: [FabricLoader] Loading 55 mods: fabric-renderer-api-v1@0.3.0+8bcfced84e, fabric-keybindings-v0@0.2.0+3fa9f7c54e, fabricloader@0.9.3+build.207, bbor@2.3-1.16.1, fabric-structure-api-v1@1.0.1+fb0d9b0e4e, com_github_shevek_parallelgzip@master-SNAPSHOT, lithium@0.5.4, fabric-containers-v0@0.1.8+045df74f4e, fabric-object-builder-api-v1@1.7.0+432ea1884e, fabric-game-rule-api-v1@1.0.1+91555cd14e, fabric-api-base@0.1.3+12a8474c4e, fabric-rendering-data-attachment-v1@0.1.3+b7f9825d4e, fabric-textures-v0@1.0.4+eae12eb84e, fabric-rendering-fluids-v1@0.1.11+fb0d9b0e4e, cotton-logging@1.0.0-rc.4, fabric-blockrenderlayer-v1@1.1.4+c6a8ea894e, fabric-lifecycle-events-v1@1.2.0+74cc3b204e, fabric-renderer-registries-v1@2.1.0+e2862de64e, carpet-extra@1.4.8, fabric-loot-tables-v1@1.0.1+432ea1884e, fabric@0.20.1+build.401-1.16, carpet@1.4.9, fabric-particles-v1@0.2.2+fb0d9b0e4e, fabric-networking-v0@0.1.10+e00ecb5f4e, cotton-config@1.0.0-rc.7, fabric-networking-blockentity-v0@0.2.5+b50ffc7b4e, fabric-screen-handler-api-v1@1.1.0+872498414e, here@0.0.10-mc1.16, minecraft@1.16.2, jankson@3.0.0+j1.2.0, fabric-command-api-v1@1.0.8+5ce533984e, phosphor@0.6.0+build.7, bluemap@1.0.0, fabric-tool-attribute-api-v1@1.2.2+ccce563e4e, fabric-renderer-indigo@0.4.0+8bcfced84e, player-roles@1.1.0, org_apache_commons_commons-compress@1.19, fabric-crash-report-info-v1@0.1.2+b7f9825d4e, fabric-events-interaction-v0@0.4.0+e2e6cdad4e, fabric-item-api-v1@1.1.0+29679fd64e, fabric-rendering-v0@1.1.0+534104904e, fabric-key-binding-api-v1@1.0.1+730711c64e, fabric-rendering-v1@1.3.0+432ea1884e, org_tukaani_xz@1.8, fabric-resource-loader-v0@0.3.1+facf3bbf4e, fabric-content-registries-v0@0.1.9+059ea8664e, fabric-tag-extensions-v0@1.0.3+ac8e8c594e, fabric-registry-sync-v0@0.4.5+fcdfdfa14e, fabric-commands-v0@0.2.0+52d308364e, textile_backup@2.0.0-1.16.2, fabric-mining-levels-v0@0.1.2+b764ce994e, fabric-events-lifecycle-v0@0.2.0+16acbe5b4e, fabric-item-groups-v0@0.2.0+438f96364e, fabric-models-v0@0.1.0+dfdb52d64e, fabric-object-builders-v0@0.7.0+432ea1884e
[21:43:26] [main/WARN]: Mod `com_github_shevek_parallelgzip` (master-SNAPSHOT) does not respect SemVer - comparison support is limited.
[21:43:26] [main/INFO]: SpongePowered MIXIN Subsystem Version=0.8.1 Source=file:/D:/Users/MAX_XiaoKui0156/Server/survival/fabric-server-launch.jar Service=Knot/Fabric Env=SERVER
[21:43:30] [main/WARN]: @Mixin target net/minecraft/class_3898$class_3208 is public in fabric-networking-v[21:43:34] [main/INFO]: [Textile Backup] Starting Textile Backup by Szum123321.
[21:43:34] [main/INFO]: Environment: authHost='https://authserver.mojang.com', accountsHost='https://api.mojang.com', sessionHost='https://sessionserver.mojang.com', name='PROD'
[21:43:35] [main/WARN]: Ambiguity between arguments [bluemap, marker, create, id, map, x] and [bluemap, marker, create, id, map, label] with inputs: [0, -1, -.5, 1.2, .5, -1234.56]
[21:43:35] [main/WARN]: Ambiguity between arguments [bluemap, render, cancel] and [bluemap, render, world|map] with inputs: [cancel]
[21:43:35] [main/WARN]: Ambiguity between arguments [bluemap, render, prioritize] and [bluemap, render, world|map] with inputs: [prioritize]
[21:43:35] [main/WARN]: Ambiguity between arguments [bluemap, render, radius] and [bluemap, render, world|map] with inputs: [0, -123, 123]
[21:43:35] [main/WARN]: Ambiguity between arguments [bluemap, render, radius] and [bluemap, render, x] with inputs: [0, -123, 123]
[21:43:35] [main/WARN]: Ambiguity between arguments [bluemap, render, x] and [bluemap, render, radius] with inputs: [0, -1]
[21:43:35] [main/WARN]: Ambiguity between arguments [bluemap, render, x] and [bluemap, render, world|map] with inputs: [0, -1, -.5, 1.2, .5, -1234.56]
[21:43:35] [main/WARN]: Ambiguity between arguments [teleport, destination] and [teleport, targets] with inputs: [Player, 0123, @e, dd12be42-52a9-4a91-a8a1-11c01849e498]
[21:43:35] [main/WARN]: Ambiguity between arguments [teleport, location] and [teleport, destination] with inputs: [0.1 -0.5 .9, 0 0 0]
[21:43:35] [main/WARN]: Ambiguity between arguments [teleport, location] and [teleport, targets] with inputs: [0.1 -0.5 .9, 0 0 0]
[21:43:35] [main/WARN]: Ambiguity between arguments [teleport, targets] and [teleport, destination] with inputs: [Player, 0123, dd12be42-52a9-4a91-a8a1-11c01849e498]
[21:43:35] [main/WARN]: Ambiguity between arguments [teleport, targets, location] and [teleport, targets, destination] with inputs: [0.1 -0.5 .9, 0 0 0]
[21:43:35] [main/INFO]: Reloading ResourceManager: Default, bukkit, Fabric Tool Attribute API (v1), Player Roles, FZ.sDatapack-1.5.0-SNAPSHOT
[21:43:36] [Worker-Main-12/INFO]: Loaded 7 recipes
[21:43:36] [Worker-Main-12/INFO]: Loaded 927 advancements
[21:43:37] [main/WARN]: [fabric-registry-sync] Could not find the following registries: minecraft:biome_source_type, minecraft:block_state_provider_type, minecraft:dimension_type, minecraft:structure_piece, minecraft:carver, minecraft:block_placer_type, minecraft:decorator, minecraft:structure_feature, minecraft:surface_builder, minecraft:foliage_placer_type, minecraft:feature, minecraft:tree_decorator_type, minecraft:structure_pool_element, minecraft:biome, minecraft:chunk_generator_type, minecraft:structure_processor
[21:43:37] [main/INFO]: [fabric-registry-sync] Loaded registry data [file 1/4]
[21:43:37] [Server thread/INFO]: Starting minecraft server version 1.16.2
[21:43:37] [Server thread/INFO]: Loading properties
[21:43:37] [Server thread/INFO]: Default game type: SURVIVAL
[21:43:37] [Server thread/INFO]: Generating keypair
[21:43:37] [Server thread/INFO]: Starting Minecraft server on *:34268
[21:43:37] [Server thread/INFO]: Using default channel type
[21:43:37] [Server thread/WARN]: **** SERVER IS RUNNING IN OFFLINE/INSECURE MODE!
[21:43:37] [Server thread/WARN]: The server will make no attempt to authenticate usernames. Beware.
[21:43:37] [Server thread/WARN]: While this makes the game possible to play without internet access, it also opens up the ability for hackers to connect with any username they choose.
[21:43:37] [Server thread/WARN]: To change this, set "online-mode" to "true" in the server.properties file.
[21:43:37] [Server thread/INFO]: Preparing level "world"
[21:43:37] [Server thread/INFO]: [CM]: loaded setting combineXPOrbs as true from carpet.conf
[21:43:37] [Server thread/INFO]: [CM]: loaded setting onePlayerSleeping as true from carpet.conf
[21:43:37] [Server thread/INFO]: [CM]: loaded setting leadFix as true from carpet.conf
[21:43:37] [Server thread/INFO]: [CM]: loaded setting ctrlQCraftingFix as true from carpet.conf
[21:43:37] [Server thread/INFO]: [CM]: loaded setting language as zh_cn from carpet.conf
[21:43:37] [Server thread/INFO]: [CM]: loaded setting commandTick as true from carpet.conf
[21:43:37] [Server thread/INFO]: [CM]: loaded setting commandDraw as false from carpet.conf
[21:43:37] [Server thread/INFO]: [CM]: loaded setting fastRedstoneDust as true from carpet.conf
[21:43:37] [Server thread/INFO]: [CM]: loaded setting rotatorBlock as true from carpet.conf
[21:43:37] [Server thread/INFO]: [CM]: loaded setting commandPlayer as true from carpet.conf
[21:43:37] [Server thread/INFO]: [CM]: loaded setting reloadSuffocationFix as true from carpet.conf
[21:43:37] [Server thread/INFO]: [CM]: loaded setting antiCheatDisabled as true from carpet.conf
[21:43:37] [Server thread/INFO]: [CM]: loaded setting commandPing as true from carpet.conf
[21:43:37] [Server thread/INFO]: [CM]: loaded setting defaultLoggers as tps,mobcaps from carpet.conf
[21:43:37] [Server thread/INFO]: [CM]: loaded setting unloadedEntityFix as true from carpet.conf
[21:43:37] [Server thread/INFO]: [CM]: loaded setting placementRotationFix as true from carpet.conf
[21:43:37] [Server thread/INFO]: [CM]: loaded setting hopperCounters as true from carpet.conf
[21:43:37] [Server thread/INFO]: [CM]: loaded setting flippinCactus as true from carpet.conf
[21:43:37] [Server thread/INFO]: [CM]: loaded setting lagFreeSpawning as true from carpet.conf
[21:43:38] [Server thread/INFO]: create world dimension: minecraft:overworld (seed: 20190827)
[21:43:38] [Server thread/INFO]: create world dimension: minecraft:the_nether (seed: 20190827)
[21:43:38] [Server thread/INFO]: create world dimension: minecraft:the_end (seed: 20190827)
[21:43:38] [Server thread/INFO]: Preparing start region for dimension minecraft:overworld
[21:43:38] [Server thread/INFO]: Preparing spawn area: 0%
[21:43:38] [Server thread/INFO]: Preparing spawn area: 0%
[21:43:39] [Server thread/INFO]: Preparing spawn area: 0%
[21:43:40] [Server thread/INFO]: Time elapsed: 2031 ms
[21:43:40] [Server thread/INFO]: Done (2.359s)! For help, type "help"
[21:43:40] [Server thread/INFO]: Starting remote control listener
[21:43:40] [Server thread/INFO]: Thread RCON Listener started
[21:43:40] [Server thread/INFO]: RCON running on 0.0.0.0:796
[21:43:40] [Thread-62/INFO]: Loading BlueMap...
[21:43:40] [Thread-62/INFO]: Loading resources...
[21:43:40] [Thread-63/INFO]: WebServer started.
[21:43:42] [Thread-62/INFO]: Loading bluemap assets (1/3)...
[21:43:42] [Thread-62/INFO]: Loading realms assets (2/3)...
[21:43:42] [Thread-62/INFO]: Loading minecraft assets (3/3)...
[21:43:43] [Thread-62/INFO]: BlueMap loaded!
[21:44:00] [Server thread/INFO]: Can only manipulate existing players
[21:44:00] [Server thread/INFO]: Can only manipulate existing players
[21:45:00] [Server thread/INFO]: Can only manipulate existing players
[21:45:00] [Server thread/INFO]: Can only manipulate existing players
[21:46:00] [Server thread/INFO]: Can only manipulate existing players
[21:46:00] [Server thread/INFO]: Can only manipulate existing players
[21:47:00] [Server thread/INFO]: Can only manipulate existing players
[21:47:00] [Server thread/INFO]: Can only manipulate existing players
[21:48:00] [Server thread/INFO]: Can only manipulate existing players
[21:48:00] [Server thread/INFO]: Can only manipulate existing players
[21:49:00] [Server thread/INFO]: Can only manipulate existing players
[21:49:00] [Server thread/INFO]: Can only manipulate existing players
[21:50:00] [Server thread/INFO]: Can only manipulate existing players
[21:50:00] [Server thread/INFO]: Can only manipulate existing players
[21:50:00] [Server thread/INFO]: shuijiao[local] logged in with entity id 164 at (-41.5, 62.0, 240.5)
[21:50:00] [Server thread/INFO]: shuijiao joined the game
[21:50:00] [Thread-87/INFO]: [STDERR]: java.lang.NullPointerException
[21:50:00] [Thread-87/INFO]: [STDERR]: 	at de.bluecolored.bluemap.common.plugin.skins.PlayerSkin.readTextureUrl(PlayerSkin.java:146)
[21:50:00] [Thread-87/INFO]: [STDERR]: 	at de.bluecolored.bluemap.common.plugin.skins.PlayerSkin.lambda$loadSkin$1(PlayerSkin.java:108)
[21:50:00] [Thread-87/INFO]: [STDERR]: 	at java.base/java.lang.Thread.run(Thread.java:832)
[22:00:00] [Server thread/INFO]: Player shuijiao is already logged on
[22:08:05] [Server thread/WARN]: Fetching packet for removed entity class_1542['Air'/1849, l='ServerLevel[world]', x=-88.99, y=7.00, z=278.05]
[22:10:00] [Server thread/INFO]: Player shuijiao is already logged on
[22:20:00] [Server thread/INFO]: Player shuijiao is already logged on
[22:30:00] [Server thread/INFO]: Player shuijiao is already logged on
[22:40:00] [Server thread/INFO]: Player shuijiao is already logged on
[22:50:00] [Server thread/INFO]: Player shuijiao is already logged on
[22:50:00] [Server thread/INFO]: [Textile Backup] Backup started by: Timer on: 2020-09-15_22-50-00
[22:50:00] [Server thread/INFO]: [Textile Backup] Saving server...
[22:50:00] [Server thread/INFO]: ThreadedAnvilChunkStorage (world): All chunks are saved
[22:50:00] [Server thread/INFO]: ThreadedAnvilChunkStorage (DIM-1): All chunks are saved
[22:50:00] [Server thread/INFO]: ThreadedAnvilChunkStorage (DIM1): All chunks are saved
[22:50:00] [pool-3-thread-1/INFO]: [Textile Backup] Starting backup
[22:50:08] [pool-3-thread-1/INFO]: [Textile Backup] Done!
[22:59:38] [Server thread/WARN]: Fetching packet for removed entity class_1542['Air'/7637, l='ServerLevel[world]', x=-88.65, y=7.00, z=278.05]
[23:00:00] [Server thread/INFO]: Player shuijiao is already logged on
[23:10:00] [Server thread/INFO]: Player shuijiao is already logged on
[23:20:00] [Server thread/INFO]: Player shuijiao is already logged on
[23:20:03] [Server thread/WARN]: Fetching packet for removed entity class_1542['Air'/9794, l='ServerLevel[world]', x=-88.22, y=7.00, z=281.95]
[23:30:00] [Server thread/INFO]: Player shuijiao is already logged on
[23:32:51] [Server thread/WARN]: Fetching packet for removed entity class_1542['Air'/11484, l='ServerLevel[world]', x=-86.05, y=7.00, z=280.19]
[23:32:53] [Server thread/WARN]: Fetching packet for removed entity class_1542['Air'/11492, l='ServerLevel[world]', x=-86.05, y=7.00, z=279.75]
[23:35:33] [Server thread/WARN]: Fetching packet for removed entity class_1542['Air'/11847, l='ServerLevel[world]', x=-88.63, y=7.00, z=281.95]
[23:40:00] [Server thread/INFO]: Player shuijiao is already logged on
[23:44:25] [Server thread/WARN]: Fetching packet for removed entity class_1542['Air'/12832, l='ServerLevel[world]', x=-87.19, y=7.00, z=278.05]
[23:45:46] [Server thread/WARN]: Fetching packet for removed entity class_1542['Air'/12966, l='ServerLevel[world]', x=-89.95, y=7.00, z=279.95]
[23:50:00] [Server thread/INFO]: Player shuijiao is already logged on
[23:50:00] [Server thread/INFO]: [Textile Backup] Backup started by: Timer on: 2020-09-15_23-50-00
[23:50:00] [Server thread/INFO]: [Textile Backup] Saving server...
[23:50:00] [Server thread/INFO]: ThreadedAnvilChunkStorage (world): All chunks are saved
[23:50:00] [Server thread/INFO]: ThreadedAnvilChunkStorage (DIM-1): All chunks are saved
[23:50:00] [Server thread/INFO]: ThreadedAnvilChunkStorage (DIM1): All chunks are saved
[23:50:00] [pool-3-thread-1/INFO]: [Textile Backup] Starting backup
[23:50:08] [pool-3-thread-1/INFO]: [Textile Backup] Done!
