[20:55:17] [main/INFO]: Loading for game Minecraft 1.16.1
[20:55:21] [main/INFO]: [FabricLoader] Loading 51 mods: fabric-renderer-api-v1@0.2.13+eae12eb87c, fabric-keybindings-v0@0.2.0+3fa9f7c57c, fabricloader@0.8.8+build.202, bbor@2.3-1.16.1, com_github_shevek_parallelgzip@master-SNAPSHOT, fabric-containers-v0@0.1.8+045df74f7c, lithium@0.5.0, fabric-dimensions-v1@1.0.0+a71b30537c, fabric-object-builder-api-v1@1.5.5+e00ecb5f7c, fabric-api-base@0.1.3+12a8474c7c, fabric-rendering-data-attachment-v1@0.1.3+b7f9825d7c, fabric-textures-v0@1.0.4+eae12eb87c, fabric-rendering-fluids-v1@0.1.7+12a8474c7c, cotton-logging@1.0.0-rc.4, fabric-blockrenderlayer-v1@1.1.4+c6a8ea897c, fabric-renderer-registries-v1@2.0.1+5a0f9a607c, carpet-extra@1.4.0, fabric-loot-tables-v1@0.1.10+059ea8667c, fabric@0.13.1+build.370-1.16, carpet@1.4.0, fabric-particles-v1@0.2.1+0a6f2a707c, fabric-networking-v0@0.1.10+e00ecb5f7c, cotton-config@1.0.0-rc.7, fabric-networking-blockentity-v0@0.2.5+b50ffc7b7c, minecraft@1.16.1, fabric-screen-handler-api-v1@1.0.1+f362c86e7c, here@0.0.8-mc1.16, fabric-command-api-v1@1.0.8+5ce533987c, jankson@3.0.0+j1.2.0, phosphor@0.6.0+build.7, fabric-tool-attribute-api-v1@1.1.4+5794386e7c, fabric-renderer-indigo@0.3.1+059ea8667c, org_apache_commons_commons-compress@1.19, fabric-biomes-v1@0.2.7+059ea8667c, fabric-events-interaction-v0@0.3.3+7066030f7c, fabric-crash-report-info-v1@0.1.2+b7f9825d7c, fabric-rendering-v0@1.1.0+534104907c, fabric-key-binding-api-v1@1.0.0+e16a97747c, fabric-rendering-v1@1.1.2+346247d77c, org_tukaani_xz@1.8, fabric-resource-loader-v0@0.2.5+059ea8667c, fabric-content-registries-v0@0.1.9+059ea8667c, fabric-tag-extensions-v0@0.2.5+5a6e8f4c7c, fabric-registry-sync-v0@0.3.8+7dba2d6c7c, fabric-commands-v0@0.2.0+52d308367c, textile_backup@1.2.3-1.16.1, fabric-mining-levels-v0@0.1.2+b764ce997c, fabric-events-lifecycle-v0@0.1.3+0d474ec47c, fabric-models-v0@0.1.0+dfdb52d67c, fabric-item-groups-v0@0.2.0+438f96367c, fabric-object-builders-v0@0.6.0+da175ad67c
[20:55:21] [main/WARN]: Mod `com_github_shevek_parallelgzip` (master-SNAPSHOT) does not respect SemVer - comparison support is limited.
[20:55:22] [main/INFO]: SpongePowered MIXIN Subsystem Version=0.8 Source=file:/C:/Server/skimit_survival/fabric-server-launch.jar Service=Knot/Fabric Env=SERVER
[20:55:27] [main/WARN]: @Mixin target net/minecraft/class_3898$class_3208 is public in fabric-networking-v0.mixins.json:MixinEntityTracker and should be specified in value
[20:55:30] [main/WARN]: @Mixin target net[20:56:04] [main/INFO]: Environment: authHost='https://authserver.mojang.com', accountsHost='https://api.mojang.com', sessionHost='https://sessionserver.mojang.com', name='PROD'
[20:56:12] [main/WARN]: Ambiguity between arguments [teleport, destination] and [teleport, targets] with inputs: [Player, 0123, @e, dd12be42-52a9-4a91-a8a1-11c01849e498]
[20:56:12] [main/WARN]: Ambiguity between arguments [teleport, location] and [teleport, destination] with inputs: [0.1 -0.5 .9, 0 0 0]
[20:56:12] [main/WARN]: Ambiguity between arguments [teleport, location] and [teleport, targets] with inputs: [0.1 -0.5 .9, 0 0 0]
[20:56:12] [main/WARN]: Ambiguity between arguments [teleport, targets] and [teleport, destination] with inputs: [Player, 0123, dd12be42-52a9-4a91-a8a1-11c01849e498]
[20:56:12] [main/WARN]: Ambiguity between arguments [teleport, targets, location] and [teleport, targets, destination] with inputs: [0.1 -0.5 .9, 0 0 0]
[20:56:13] [main/INFO]: Reloading ResourceManager: Default, bukkit, Fabric Tool Attribute API (v1)
[20:56:19] [Worker-Main-2/INFO]: Loaded 7 recipes
[20:56:20] [Worker-Main-2/INFO]: Loaded 927 advancements
[20:56:24] [main/WARN]: [fabric-registry-sync] Could not find the following registries: minecraft:biome_source_type, minecraft:dimension_type, minecraft:chunk_generator_type
[20:56:24] [main/INFO]: [fabric-registry-sync] Loaded registry data [file 1/4]
[20:56:26] [Server thread/INFO]: Starting minecraft server version 1.16.1
[20:56:26] [Server thread/INFO]: Loading properties
[20:56:26] [Server thread/INFO]: Default game type: SURVIVAL
[20:56:26] [Server thread/INFO]: Generating keypair
[20:56:26] [Server thread/INFO]: Starting Minecraft server on *:26565
[20:56:26] [Server thread/INFO]: Using default channel type
[20:56:34] [Server thread/WARN]: **** SERVER IS RUNNING IN OFFLINE/INSECURE MODE!
[20:56:34] [Server thread/WARN]: The server will make no attempt to authenticate usernames. Beware.
[20:56:34] [Server thread/WARN]: While this makes the game possible to play without internet access, it also opens up the ability for hackers to connect with any username they choose.
[20:56:34] [Server thread/WARN]: To change this, set "online-mode" to "true" in the server.properties file.
[20:56:38] [Server thread/INFO]: Preparing level "world"
[20:56:38] [Server thread/ERROR]: [CM]: Carpet Mod Setting commandCameramode is not a valid - ignoring...
[20:56:38] [Server thread/INFO]: [CM]: loaded setting commandDraw as false from carpet.conf
[20:56:38] [Server thread/INFO]: [CM]: loaded setting rotatorBlock as true from carpet.conf
[20:56:38] [Server thread/INFO]: [CM]: loaded setting combineXPOrbs as true from carpet.conf
[20:56:38] [Server thread/INFO]: [CM]: loaded setting onePlayerSleeping as true from carpet.conf
[20:56:38] [Server thread/INFO]: [CM]: loaded setting portalSuffocationFix as true from carpet.conf
[20:56:38] [Server thread/INFO]: [CM]: loaded setting leadFix as true from carpet.conf
[20:56:38] [Server thread/INFO]: [CM]: loaded setting antiCheatDisabled as true from carpet.conf
[20:56:38] [Server thread/INFO]: [CM]: loaded setting defaultLoggers as tps,mobcaps from carpet.conf
[20:56:38] [Server thread/INFO]: [CM]: loaded setting unloadedEntityFix as true from carpet.conf
[20:56:38] [Server thread/INFO]: [CM]: loaded setting ctrlQCraftingFix as true from carpet.conf
[20:56:42] [Server thread/INFO]: create world dimension: minecraft:overworld (seed: 20190827)
[20:56:42] [Server thread/INFO]: create world dimension: minecraft:the_nether (seed: 20190827)
[20:56:42] [Server thread/INFO]: create world dimension: minecraft:the_end (seed: 20190827)
[20:56:42] [Server thread/INFO]: Preparing start region for dimension minecraft:overworld
[20:57:09] [Server thread/INFO]: Preparing spawn area: 0%
[20:57:09] [Server thread/INFO]: Preparing spawn area: 0%
[20:57:09] [Server thread/INFO]: Preparing spawn area: 0%
[20:57:09] [Server thread/INFO]: Preparing spawn area: 0%
[20:57:09] [Server thread/INFO]: Preparing spawn area: 0%
[20:57:09] [Server thread/INFO]: Preparing spawn area: 0%
[20:57:09] [Server thread/INFO]: Preparing spawn area: 0%
[20:57:09] [Server thread/INFO]: Preparing spawn area: 0%
[20:57:09] [Server thread/INFO]: Preparing spawn area: 0%
[20:57:09] [Server thread/INFO]: Preparing spawn area: 0%
[20:57:09] [Server thread/INFO]: Preparing spawn area: 0%
[20:57:09] [Server thread/INFO]: Preparing spawn area: 0%
[20:57:09] [Server thread/INFO]: Preparing spawn area: 0%
[20:57:09] [Server thread/INFO]: Preparing spawn area: 0%
[20:57:09] [Server thread/INFO]: Preparing spawn area: 0%
[20:57:09] [Server thread/INFO]: Preparing spawn area: 0%
[20:57:09] [Server thread/INFO]: Preparing spawn area: 0%
[20:57:09] [Server thread/INFO]: Preparing spawn area: 0%
[20:57:09] [Server thread/INFO]: Preparing spawn area: 0%
[20:57:09] [Server thread/INFO]: Preparing spawn area: 0%
[20:57:09] [Server thread/INFO]: Preparing spawn area: 0%
[20:57:09] [Server thread/INFO]: Preparing spawn area: 0%
[20:57:09] [Server thread/INFO]: Preparing spawn area: 0%
[20:57:09] [Server thread/INFO]: Preparing spawn area: 0%
[20:57:09] [Server thread/INFO]: Preparing spawn area: 0%
[20:57:09] [Server thread/INFO]: Preparing spawn area: 0%
[20:57:09] [Server thread/INFO]: Preparing spawn area: 0%
[20:57:09] [Server thread/INFO]: Preparing spawn area: 0%
[20:57:09] [Server thread/INFO]: Preparing spawn area: 0%
[20:57:09] [Server thread/INFO]: Preparing spawn area: 0%
[20:57:09] [Server thread/INFO]: Preparing spawn area: 0%
[20:57:09] [Server thread/INFO]: Preparing spawn area: 0%
[20:57:09] [Server thread/INFO]: Preparing spawn area: 0%
[20:57:09] [Server thread/INFO]: Preparing spawn area: 0%
[20:57:09] [Server thread/INFO]: Preparing spawn area: 0%
[20:57:09] [Server thread/INFO]: Preparing spawn area: 0%
[20:57:09] [Server thread/INFO]: Preparing spawn area: 0%
[20:57:09] [Server thread/INFO]: Preparing spawn area: 0%
[20:57:09] [Server thread/INFO]: Preparing spawn area: 0%
[20:57:09] [Server thread/INFO]: Preparing spawn area: 0%
[20:57:09] [Server thread/INFO]: Preparing spawn area: 0%
[20:57:09] [Server thread/INFO]: Preparing spawn area: 0%
[20:57:09] [Server thread/INFO]: Preparing spawn area: 0%
[20:57:09] [Server thread/INFO]: Preparing spawn area: 0%
[20:57:09] [Server thread/INFO]: Preparing spawn area: 0%
[20:57:09] [Server thread/INFO]: Preparing spawn area: 0%
[20:57:09] [Server thread/INFO]: Preparing spawn area: 0%
[20:57:09] [Server thread/INFO]: Preparing spawn area: 0%
[20:57:09] [Server thread/INFO]: Preparing spawn area: 0%
[20:57:09] [Server thread/INFO]: Preparing spawn area: 0%
[20:57:09] [Server thread/INFO]: Preparing spawn area: 0%
[20:57:09] [Server thread/INFO]: Preparing spawn area: 0%
[20:57:09] [Server thread/INFO]: Preparing spawn area: 0%
[20:57:09] [Server thread/INFO]: Preparing spawn area: 0%
[20:57:09] [Server thread/INFO]: Preparing spawn area: 0%
[20:57:11] [Server thread/INFO]: Preparing spawn area: 0%
[20:57:11] [Server thread/INFO]: Preparing spawn area: 0%
[20:57:11] [Server thread/INFO]: Preparing spawn area: 0%
[20:57:11] [Server thread/INFO]: Preparing spawn area: 0%
[20:57:12] [Worker-Main-3/INFO]: Preparing spawn area: 0%
[20:57:13] [Worker-Main-3/INFO]: Preparing spawn area: 0%
[20:57:13] [Worker-Main-3/INFO]: Preparing spawn area: 0%
[20:57:19] [Server thread/INFO]: Preparing spawn area: 0%
[20:57:19] [Server thread/INFO]: Preparing spawn area: 0%
[20:57:19] [Server thread/INFO]: Preparing spawn area: 0%
[20:57:19] [Server thread/INFO]: Preparing spawn area: 0%
[20:57:19] [Server thread/INFO]: Preparing spawn area: 0%
[20:57:19] [Server thread/INFO]: Preparing spawn area: 0%
[20:57:19] [Server thread/INFO]: Preparing spawn area: 0%
[20:57:19] [Server thread/INFO]: Preparing spawn area: 0%
[20:57:19] [Server thread/INFO]: Preparing spawn area: 0%
[20:57:19] [Server thread/INFO]: Preparing spawn area: 0%
[20:57:19] [Server thread/INFO]: Preparing spawn area: 0%
[20:57:19] [Server thread/INFO]: Preparing spawn area: 0%
[20:57:19] [Server thread/INFO]: Preparing spawn area: 0%
[20:57:21] [Server thread/INFO]: Preparing spawn area: 83%
[20:57:21] [Server thread/INFO]: Preparing spawn area: 83%
[20:57:21] [Server thread/INFO]: Preparing spawn area: 83%
[20:57:32] [Server thread/INFO]: Time elapsed: 49775 ms
[20:57:32] [Server thread/INFO]: Done (54.029s)! For help, type "help"
[20:57:32] [Server thread/INFO]: Starting remote control listener
[20:57:32] [Server thread/INFO]: Thread RCON Listener started
[20:57:32] [RCON Listener #1/INFO]: RCON running on 0.0.0.0:25636
[20:57:35] [Server thread/WARN]: Can't keep up! Is the server overloaded? Running 3018ms or 60 ticks behind
[20:58:00] [Server thread/WARN]: Can't keep up! Is the server overloaded? Running 10328ms or 206 ticks behind
[21:01:32] [Server thread/INFO]: Plants352039[/127.0.0.1:60484] logged in with entity id 623 at (25.30000001192093, 6.0, 320.0275425616123)
[21:01:32] [Netty Server IO #1/WARN]: Received invalid identifier in minecraft:register: legacy:fml|hs (Non [a-z0-9/._-] character in path of location: legacy:fml|hs)
[21:01:32] [Server thread/INFO]: Plants352039 joined the game
[21:01:33] [Server thread/WARN]: Can't keep up! Is the server overloaded? Running 2079ms or 41 ticks behind
[21:01:33] [Server thread/INFO]: Backup started by: SERVER on: 2020-07-06_21-01-33
[21:01:33] [Server thread/INFO]: Saving server...
[21:01:36] [Server thread/INFO]: ThreadedAnvilChunkStorage (world): All chunks are saved
[21:01:36] [Server thread/INFO]: ThreadedAnvilChunkStorage (DIM-1): All chunks are saved
[21:01:36] [Server thread/INFO]: ThreadedAnvilChunkStorage (DIM1): All chunks are saved
[21:01:38] [Thread-62/INFO]: Starting backup
[21:01:41] [Thread-62/INFO]: Starting compression...
[21:02:12] [Thread-62/INFO]: Compression took: 30.6170427s
[21:02:12] [Thread-62/INFO]: Deleting: 2020-07-06_05-30-01#shutdown.zip
[21:02:12] [Thread-62/INFO]: Done!
[21:02:12] [Server thread/WARN]: Can't keep up! Is the server overloaded? Running 24047ms or 480 ticks behind
[21:03:07] [Server thread/WARN]: Can't keep up! Is the server overloaded? Running 2566ms or 51 ticks behind
[21:04:33] [Server thread/WARN]: Can't keep up! Is the server overloaded? Running 2903ms or 58 ticks behind
[21:04:42] [Server thread/INFO]: Firliang[/127.0.0.1:60594] logged in with entity id 2384 at (-556.9773302978114, 70.0, 649.7714258399768)
[21:04:42] [Server thread/INFO]: Firliang joined the game
[21:04:42] [Netty Server IO #1/WARN]: Received invalid identifier in minecraft:register: legacy:fml|hs (Non [a-z0-9/._-] character in path of location: legacy:fml|hs)
[21:05:01] [Server thread/WARN]: Can't keep up! Is the server overloaded? Running 13493ms or 269 ticks behind
[21:05:25] [Server thread/WARN]: Can't keep up! Is the server overloaded? Running 2724ms or 54 ticks behind
[21:05:32] [Server thread/INFO]: Plants352039 has made the advancement [Bring Home the Beacon]
[21:05:32] [Server thread/INFO]: Plants352039 has reached the goal [Beaconator]
[21:05:47] [Server thread/WARN]: Can't keep up! Is the server overloaded? Running 7177ms or 143 ticks behind
[21:06:07] [Server thread/INFO]: Firliang lost connection: Disconnected
[21:06:07] [Server thread/INFO]: Firliang left the game
[21:06:19] [Server thread/INFO]: Firliang[/127.0.0.1:60650] logged in with entity id 3468 at (-556.9773302978114, 70.0, 649.7714258399768)
[21:06:19] [Netty Server IO #0/WARN]: Received invalid identifier in minecraft:register: legacy:fml|hs (Non [a-z0-9/._-] character in path of location: legacy:fml|hs)
[21:06:19] [Server thread/INFO]: Firliang joined the game
[21:07:13] [Server thread/WARN]: Can't keep up! Is the server overloaded? Running 2441ms or 48 ticks behind
[21:07:49] [Server thread/INFO]: Firliang lost connection: Disconnected
[21:07:49] [Server thread/INFO]: Firliang left the game
[21:13:46] [Server thread/WARN]: Can't keep up! Is the server overloaded? Running 2272ms or 45 ticks behind
[21:17:00] [Server thread/INFO]: Plants352039 lost connection: Disconnected
[21:17:00] [Server thread/INFO]: Plants352039 left the game
[21:29:14] [Server thread/INFO]: Firliang[/127.0.0.1:61448] logged in with entity id 9162 at (-565.4689762526177, 68.0, 570.744949042433)
[21:29:14] [Netty Server IO #1/WARN]: Received invalid identifier in minecraft:register: legacy:fml|hs (Non [a-z0-9/._-] character in path of location: legacy:fml|hs)
[21:29:14] [Server thread/INFO]: Firliang joined the game
[21:29:57] [Server thread/INFO]: <Firliang> 你在哪
[21:32:38] [Server thread/INFO]: ChengXi123[/127.0.0.1:61571] logged in with entity id 10966 at (-580.5565256087939, 71.0, 1184.8288432871666)
[21:32:38] [Netty Server IO #0/WARN]: Received invalid identifier in minecraft:register: legacy:fml|hs (Non [a-z0-9/._-] character in path of location: legacy:fml|hs)
[21:32:39] [Server thread/INFO]: ChengXi123 joined the game
[21:32:41] [Server thread/WARN]: Can't keep up! Is the server overloaded? Running 2379ms or 47 ticks behind
[21:32:42] [Netty Server IO #0/INFO]: Player ChengXi123 joined with a matching carpet client
[21:33:18] [Server thread/INFO]: <ChengXi123> 你在哪
[21:33:54] [Server thread/WARN]: Can't keep up! Is the server overloaded? Running 2007ms or 40 ticks behind
[21:34:12] [Server thread/WARN]: Can't keep up! Is the server overloaded? Running 2118ms or 42 ticks behind
[21:35:35] [Server thread/INFO]: <Firliang> 我要去哪
[21:35:51] [Server thread/INFO]: <ChengXi123> 你人呢
[21:37:31] [Server thread/WARN]: Can't keep up! Is the server overloaded? Running 2118ms or 42 ticks behind
[21:38:33] [Server thread/WARN]: Can't keep up! Is the server overloaded? Running 2354ms or 47 ticks behind
[21:40:10] [Server thread/INFO]: <ChengXi123> 去哪点动力铁轨
[21:40:14] [Server thread/INFO]: <ChengXi123> 拿
[21:40:47] [Server thread/INFO]: MAX_XiaoKui[/127.0.0.1:61852] logged in with entity id 15415 at (-374.0396209267531, 69.0, 512.6449408075825)
[21:40:47] [Netty Server IO #1/WARN]: Received invalid identifier in minecraft:register: legacy:fml|hs (Non [a-z0-9/._-] character in path of location: legacy:fml|hs)
[21:40:47] [Server thread/INFO]: MAX_XiaoKui joined the game
[21:40:58] [Netty Server IO #1/INFO]: Player MAX_XiaoKui joined with a matching carpet client
[21:42:04] [Server thread/INFO]: <MAX_XiaoKui> 你们人在干嘛
[21:42:05] [Server thread/INFO]: <Firliang> 没有了
[21:42:13] [Server thread/INFO]: <ChengXi123> 修东西
[21:42:20] [Server thread/INFO]: <MAX_XiaoKui> 修啥
[21:43:19] [Server thread/WARN]: Can't keep up! Is the server overloaded? Running 2014ms or 40 ticks behind
[21:43:50] [Server thread/INFO]: <MAX_XiaoKui> ?人呢
[21:43:52] [Server thread/INFO]: <Firliang> 你们人呢
[21:44:00] [Server thread/WARN]: Can't keep up! Is the server overloaded? Running 2353ms or 47 ticks behind
[21:44:00] [Server thread/INFO]: <MAX_XiaoKui> 我在出生点
[21:44:07] [Server thread/INFO]: <ChengXi123> 为什么我没装Optifine也能开光影？
[21:44:14] [Server thread/INFO]: <MAX_XiaoKui> ???白名单、
[21:44:19] [Server thread/INFO]: <MAX_XiaoKui> ??不知道
[21:44:32] [Server thread/INFO]: <MAX_XiaoKui> ChengXi123你在修啥
[21:44:39] [Server thread/INFO]: <ChengXi123> 是你给的mod吗？
[21:44:45] [Server thread/INFO]: <ChengXi123> 刷怪塔
[21:44:56] [Server thread/INFO]: <ChengXi123> 还有动力铁轨吗
[21:45:00] [Server thread/INFO]: <MAX_XiaoKui> 我给的mod里面有optifine
[21:45:10] [Server thread/INFO]: <ChengXi123> 兼容？
[21:45:21] [Server thread/INFO]: <MAX_XiaoKui> en 刚出
[21:45:26] [Server thread/INFO]: <Firliang> 出生点有
[21:45:48] [Server thread/WARN]: Can't keep up! Is the server overloaded? Running 2018ms or 40 ticks behind
[21:46:07] [Server thread/WARN]: Can't keep up! Is the server overloaded? Running 4450ms or 89 ticks behind
[21:46:25] [Server thread/WARN]: Can't keep up! Is the server overloaded? Running 2102ms or 42 ticks behind
[21:46:52] [Server thread/WARN]: Can't keep up! Is the server overloaded? Running 2008ms or 40 ticks behind
[21:47:07] [Server thread/INFO]: <ChengXi123> 啊啊啊啊，开光影好爽
[21:47:51] [Server thread/INFO]: <MAX_XiaoKui> 你用的啥光影
[21:47:56] [Server thread/WARN]: Can't keep up! Is the server overloaded? Running 2037ms or 40 ticks behind
[21:48:01] [Server thread/INFO]: <ChengXi123> 你给的
[21:48:08] [Server thread/INFO]: <MAX_XiaoKui> BSL?
[21:48:15] [Server thread/INFO]: <ChengXi123> 好像是
[21:48:52] [Server thread/INFO]: <MAX_XiaoKui> 这边收集是用投掷器+水流发射出来然后分类收集吗
[21:49:15] [Server thread/INFO]: <ChengXi123> 直接漏斗链吧
[21:49:37] [Server thread/INFO]: <MAX_XiaoKui> 两排漏斗传得过来吗
[21:49:52] [Server thread/INFO]: <ChengXi123> 好像不行
[21:50:35] [Server thread/WARN]: Can't keep up! Is the server overloaded? Running 2731ms or 54 ticks behind
[21:50:55] [Server thread/WARN]: Can't keep up! Is the server overloaded? Running 4440ms or 88 ticks behind
[21:51:56] [Server thread/INFO]: <MAX_XiaoKui> 现在僵尸猪灵伤害这么高？
[21:52:08] [Server thread/INFO]: <MAX_XiaoKui> 给我点
[21:52:39] [Server thread/INFO]: <ChengXi123> 感觉不够，我再挖点
[21:53:06] [Server thread/WARN]: Can't keep up! Is the server overloaded? Running 2001ms or 40 ticks behind
[21:53:18] [Server thread/INFO]: <MAX_XiaoKui> 没了
[21:54:24] [Server thread/WARN]: Can't keep up! Is the server overloaded? Running 2632ms or 52 ticks behind
[21:54:49] [Server thread/WARN]: Can't keep up! Is the server overloaded? Running 9769ms or 195 ticks behind
[21:59:38] [Server thread/WARN]: Can't keep up! Is the server overloaded? Running 2311ms or 46 ticks behind
[21:59:58] [Server thread/WARN]: Can't keep up! Is the server overloaded? Running 5455ms or 109 ticks behind
[22:00:07] [Server thread/INFO]: Firliang lost connection: Disconnected
[22:00:07] [Server thread/INFO]: Firliang left the game
[22:00:26] [Server thread/WARN]: Can't keep up! Is the server overloaded? Running 2094ms or 41 ticks behind
[22:00:37] [Server thread/INFO]: <MAX_XiaoKui> 挖了多少了
[22:01:29] [Server thread/INFO]: <ChengXi123> 找不到上去的地方了
[22:01:33] [Server thread/INFO]: Backup started by: SERVER on: 2020-07-06_22-01-33
[22:01:33] [Server thread/INFO]: Saving server...
[22:01:33] [Server thread/INFO]: ThreadedAnvilChunkStorage (world): All chunks are saved
[22:01:36] [Server thread/INFO]: ThreadedAnvilChunkStorage (DIM-1): All chunks are saved
[22:01:36] [Server thread/INFO]: ThreadedAnvilChunkStorage (DIM1): All chunks are saved
[22:01:36] [Server thread/WARN]: Can't keep up! Is the server overloaded? Running 3099ms or 61 ticks behind
[22:01:36] [Thread-104/INFO]: Starting backup
[22:01:36] [Thread-104/INFO]: Starting compression...
[22:01:54] [Server thread/WARN]: Can't keep up! Is the server overloaded? Running 2176ms or 43 ticks behind
[22:01:56] [Thread-104/INFO]: Compression took: 20.4491004s
[22:01:56] [Thread-104/INFO]: Deleting: 2020-07-06_12-47-36.zip
[22:01:56] [Thread-104/INFO]: Done!
[22:02:06] [Server thread/INFO]: <MAX_XiaoKui> o键灵魂出窍
[22:02:13] [Server thread/WARN]: Can't keep up! Is the server overloaded? Running 2029ms or 40 ticks behind
[22:02:18] [Server thread/INFO]: ChengXi123 has completed the challenge [Hot Tourist Destinations]
[22:02:41] [Server thread/INFO]: <ChengXi123> 这。。。我不是故意的
[22:03:17] [Server thread/INFO]: <MAX_XiaoKui> 我之前就搞到了
[22:07:07] [Server thread/WARN]: Can't keep up! Is the server overloaded? Running 2283ms or 45 ticks behind
[22:09:57] [Server thread/WARN]: Can't keep up! Is the server overloaded? Running 2305ms or 46 ticks behind
[22:10:39] [Server thread/INFO]: <MAX_XiaoKui> 咋样了
[22:12:23] [Server thread/WARN]: Mismatch in destroy block pos: class_2338{x=41, y=70, z=55} class_2338{x=41, y=71, z=53}
[22:12:23] [Server thread/WARN]: Mismatch in destroy block pos: class_2338{x=41, y=70, z=55} class_2338{x=41, y=70, z=52}
[22:14:58] [Server thread/WARN]: Can't keep up! Is the server overloaded? Running 2092ms or 41 ticks behind
[22:15:19] [Server thread/WARN]: Can't keep up! Is the server overloaded? Running 6068ms or 121 ticks behind
[22:17:31] [Server thread/INFO]: <MAX_XiaoKui> 所以收集用哪种方式
[22:17:39] [Server thread/INFO]: <MAX_XiaoKui> 还是说不分类
[22:17:40] [Server thread/INFO]: <ChengXi123> 水流吧
[22:18:57] [Server thread/INFO]: <MAX_XiaoKui> 分类？
[22:19:11] [Server thread/INFO]: <ChengXi123> 不分吧
[22:19:26] [Server thread/INFO]: <MAX_XiaoKui> 那就直接装箱
[22:19:51] [Server thread/INFO]: <ChengXi123> 终于找到路了
[22:20:08] [Server thread/INFO]: <ChengXi123> 挖了几分钟，找路几十分钟
[22:20:20] [Server thread/INFO]: <MAX_XiaoKui> 我去拿点铁去
[22:21:11] [Server thread/WARN]: Can't keep up! Is the server overloaded? Running 2055ms or 41 ticks behind
[22:25:13] [Server thread/WARN]: Can't keep up! Is the server overloaded? Running 2333ms or 46 ticks behind
[22:27:53] [Server thread/INFO]: <MAX_XiaoKui> 我们是不是得换个方向爬上来
[22:30:33] [Server thread/INFO]: <MAX_XiaoKui> 梯子给我
[22:33:47] [Server thread/INFO]: xiaolouQAQ[/127.0.0.1:63669] logged in with entity id 47815 at (-602.2395831142175, 29.0, 354.30000001192093)
[22:33:47] [Netty Server IO #1/WARN]: Received invalid identifier in minecraft:register: legacy:fml|hs (Non [a-z0-9/._-] character in path of location: legacy:fml|hs)
[22:33:47] [Server thread/INFO]: xiaolouQAQ joined the game
[22:33:50] [Netty Server IO #1/INFO]: Player xiaolouQAQ joined with a matching carpet client
[22:34:11] [Server thread/INFO]: <ChengXi123> 我去搞点梯子
[22:34:42] [Server thread/INFO]: <xiaolouQAQ> 现在白天吗
[22:34:49] [Server thread/INFO]: <ChengXi123> ?
[22:34:56] [Server thread/INFO]: <xiaolouQAQ> 我在地下差点卡死
[22:35:11] [Server thread/WARN]: Can't keep up! Is the server overloaded? Running 3453ms or 69 ticks behind
[22:35:38] [Server thread/WARN]: Can't keep up! Is the server overloaded? Running 11551ms or 231 ticks behind
[22:35:58] [Server thread/INFO]: <MAX_XiaoKui> 动力铁轨
[22:36:12] [Server thread/INFO]: <ChengXi123> 没有
[22:36:13] [Server thread/INFO]: <MAX_XiaoKui> 有吗
[22:36:16] [Server thread/INFO]: <MAX_XiaoKui> .
[22:36:58] [Server thread/INFO]: <xiaolouQAQ> 为什么没皮肤了
[22:37:07] [Server thread/INFO]: <MAX_XiaoKui> 白名单
[22:37:09] [Server thread/INFO]: <MAX_XiaoKui> 不知道
[22:38:27] [Server thread/INFO]: <MAX_XiaoKui> 岩浆块
[22:39:00] [Server thread/INFO]: <MAX_XiaoKui> 岩浆块
[22:39:06] [Server thread/INFO]: <xiaolouQAQ> 你们在哪
[22:40:25] [Server thread/WARN]: Can't keep up! Is the server overloaded? Running 2251ms or 45 ticks behind
[22:40:53] [Server thread/WARN]: Can't keep up! Is the server overloaded? Running 12842ms or 256 ticks behind
[22:41:04] [Server thread/INFO]: <MAX_XiaoKui> 矿车
[22:41:14] [Server thread/INFO]: <MAX_XiaoKui> xiaolouQAQ你在干嘛
[22:41:19] [Server thread/INFO]: <xiaolouQAQ> 来的路上
[22:41:37] [Server thread/INFO]: <xiaolouQAQ> 要拿东西来吗
[22:41:55] [Server thread/INFO]: <ChengXi123> 没了
[22:41:57] [Server thread/INFO]: <MAX_XiaoKui> 不用 你问chengxi要帮什么忙
[22:42:03] [Server thread/WARN]: Can't keep up! Is the server overloaded? Running 2036ms or 40 ticks behind
[22:42:20] [Server thread/INFO]: <ChengXi123> 一组木头，一些桶
[22:42:40] [Server thread/INFO]: <MAX_XiaoKui> 桶不用，这边有两组铁块
[22:43:00] [Server thread/INFO]: <xiaolouQAQ> 我去砍木头
[22:44:40] [Server thread/INFO]: <xiaolouQAQ> 怎么把替换工具去掉
[22:45:10] [Server thread/INFO]: <ChengXi123> 拿点平滑石头
[22:45:35] [Server thread/INFO]: <MAX_XiaoKui> xiaolouQAQ 看群里
[22:45:43] [Server thread/WARN]: Can't keep up! Is the server overloaded? Running 2510ms or 50 ticks behind
[22:46:16] [Server thread/INFO]: <xiaolouQAQ> ok
[22:46:19] [Server thread/INFO]: <xiaolouQAQ> xiexie
[22:47:09] [Server thread/INFO]: <MAX_XiaoKui> 木头没了
[22:47:13] [Server thread/INFO]: <xiaolouQAQ> 来了
[22:47:30] [Server thread/INFO]: <xiaolouQAQ> 在腐竹身上
[22:47:37] [Server thread/INFO]: <xiaolouQAQ> 还要什么
[22:48:25] [Server thread/INFO]: <xiaolouQAQ> 主城出生点没挖玩吗
[22:48:32] [Server thread/INFO]: <MAX_XiaoKui> 没
[22:48:36] [Server thread/INFO]: <xiaolouQAQ> 那我去看了
[22:48:47] [Server thread/INFO]: <ChengXi123> 做几层
[22:49:04] [Server thread/INFO]: <MAX_XiaoKui> 5~8
[22:50:44] [Server thread/WARN]: Can't keep up! Is the server overloaded? Running 2040ms or 40 ticks behind
[22:51:06] [Server thread/WARN]: Can't keep up! Is the server overloaded? Running 6470ms or 129 ticks behind
[22:51:21] [Server thread/INFO]: <MAX_XiaoKui> 木头还少一点
[22:52:04] [Server thread/INFO]: <MAX_XiaoKui> 咋做这种水流刷怪塔啊
[22:52:44] [Server thread/INFO]: <MAX_XiaoKui> 而且最好弄个开关在下面
[22:54:38] [Server thread/WARN]: Fetching packet for removed entity class_1542['Air'/60850, l='ServerLevel[world]', x=-25.54, y=65.00, z=271.88]
[22:54:38] [Server thread/WARN]: Can't keep up! Is the server overloaded? Running 2022ms or 40 ticks behind
[22:55:55] [Server thread/WARN]: Can't keep up! Is the server overloaded? Running 2402ms or 48 ticks behind
[22:56:21] [Server thread/WARN]: Can't keep up! Is the server overloaded? Running 11274ms or 225 ticks behind
[22:56:39] [Server thread/WARN]: Can't keep up! Is the server overloaded? Running 2652ms or 53 ticks behind
[22:56:56] [Server thread/WARN]: Can't keep up! Is the server overloaded? Running 2340ms or 46 ticks behind
[22:57:25] [Server thread/WARN]: Can't keep up! Is the server overloaded? Running 2012ms or 40 ticks behind
[22:57:32] [Server thread/INFO]: <MAX_XiaoKui> 找到将近半盒原木
[22:57:42] [Server thread/WARN]: Can't keep up! Is the server overloaded? Running 2147ms or 42 ticks behind
[22:57:59] [Server thread/INFO]: <ChengXi123> 为什么要那么多木头？
[22:58:07] [Server thread/INFO]: <MAX_XiaoKui> 箱子和漏斗
[22:59:55] [Server thread/INFO]: <MAX_XiaoKui> 收集做好了
[23:01:19] [Server thread/WARN]: Can't keep up! Is the server overloaded? Running 2531ms or 50 ticks behind
[23:01:39] [Server thread/INFO]: Yu_Chei[/127.0.0.1:64613] logged in with entity id 66113 at (-372.700000025332, 69.0000002, 495.299999974668)
[23:01:39] [Netty Server IO #1/WARN]: Received invalid identifier in minecraft:register: legacy:fml|hs (Non [a-z0-9/._-] character in path of location: legacy:fml|hs)
[23:01:39] [Server thread/INFO]: Yu_Chei joined the game
[23:01:45] [Server thread/INFO]: Backup started by: SERVER on: 2020-07-06_23-01-45
[23:01:45] [Server thread/INFO]: Saving server...
[23:01:46] [Server thread/INFO]: ThreadedAnvilChunkStorage (world): All chunks are saved
[23:01:46] [Server thread/INFO]: ThreadedAnvilChunkStorage (DIM-1): All chunks are saved
[23:01:46] [Server thread/INFO]: ThreadedAnvilChunkStorage (DIM1): All chunks are saved
[23:01:48] [Thread-157/INFO]: Starting backup
[23:01:48] [Thread-157/INFO]: Starting compression...
[23:01:50] [Server thread/WARN]: Can't keep up! Is the server overloaded? Running 15814ms or 316 ticks behind
[23:02:19] [Thread-157/INFO]: Compression took: 31.523666599s
[23:02:19] [Thread-157/INFO]: Deleting: 2020-07-06_13-47-34.zip
[23:02:19] [Thread-157/INFO]: Done!
[23:02:29] [Server thread/WARN]: Can't keep up! Is the server overloaded? Running 23910ms or 478 ticks behind
[23:02:50] [Server thread/WARN]: Can't keep up! Is the server overloaded? Running 5600ms or 112 ticks behind
[23:03:11] [Server thread/WARN]: Can't keep up! Is the server overloaded? Running 6295ms or 125 ticks behind
[23:03:14] [Server thread/INFO]: <ChengXi123> 可以只铺上半砖吗？
[23:03:20] [Server thread/INFO]: <MAX_XiaoKui> 可以
[23:03:34] [Server thread/WARN]: Can't keep up! Is the server overloaded? Running 8074ms or 161 ticks behind
[23:03:56] [Server thread/WARN]: Can't keep up! Is the server overloaded? Running 7134ms or 142 ticks behind
[23:04:18] [Server thread/WARN]: Can't keep up! Is the server overloaded? Running 6841ms or 136 ticks behind
[23:04:29] [Server thread/INFO]: <MAX_XiaoKui> ChengXi123 我先下了，装箱你看我已经做的做，材料在地狱门前面的末影箱里面
[23:04:38] [Server thread/WARN]: Can't keep up! Is the server overloaded? Running 5214ms or 104 ticks behind
[23:04:40] [Server thread/INFO]: <ChengXi123> 我要下了
[23:04:46] [Server thread/INFO]: MAX_XiaoKui lost connection: Disconnected
[23:04:46] [Server thread/INFO]: MAX_XiaoKui left the game
[23:04:57] [Server thread/WARN]: Can't keep up! Is the server overloaded? Running 4394ms or 87 ticks behind
[23:05:18] [Server thread/WARN]: Can't keep up! Is the server overloaded? Running 5914ms or 118 ticks behind
[23:05:36] [Server thread/WARN]: Can't keep up! Is the server overloaded? Running 2551ms or 51 ticks behind
[23:06:02] [Server thread/INFO]: ChengXi123 lost connection: Disconnected
[23:06:02] [Server thread/INFO]: ChengXi123 left the game
[23:07:56] [Server thread/WARN]: Can't keep up! Is the server overloaded? Running 2217ms or 44 ticks behind
[23:10:55] [Server thread/WARN]: Fetching packet for removed entity class_1542['White Carpet'/71632, l='ServerLevel[world]', x=-23.57, y=65.01, z=266.13]
[23:16:28] [Server thread/WARN]: Fetching packet for removed entity class_1303['Experience Orb'/74361, l='ServerLevel[world]', x=-57.86, y=6.03, z=336.18]
[23:17:17] [Server thread/INFO]: Yu_Chei lost connection: Disconnected
[23:17:17] [Server thread/INFO]: Yu_Chei left the game
[23:20:34] [Server thread/INFO]: There are 1 of a max of 8 players online: xiaolouQAQ
[23:22:54] [Server thread/WARN]: Can't keep up! Is the server overloaded? Running 2010ms or 40 ticks behind
[23:26:55] [Server thread/WARN]: Can't keep up! Is the server overloaded? Running 2044ms or 40 ticks behind
[23:27:55] [Server thread/WARN]: Can't keep up! Is the server overloaded? Running 2002ms or 40 ticks behind
[23:31:20] [Server thread/INFO]: extclp[/127.0.0.1:49251] logged in with entity id 86291 at (-377.49573007131517, 73.0, 497.13749998807907)
[23:31:20] [Server thread/INFO]: extclp joined the game
[23:31:20] [Netty Server IO #0/WARN]: Received invalid identifier in minecraft:register: legacy:fml|hs (Non [a-z0-9/._-] character in path of location: legacy:fml|hs)
[23:31:28] [Server thread/WARN]: Can't keep up! Is the server overloaded? Running 2018ms or 40 ticks behind
[23:31:45] [Server thread/WARN]: Can't keep up! Is the server overloaded? Running 2399ms or 47 ticks behind
[23:31:54] [Server thread/INFO]: <xiaolouQAQ> 你好
[23:32:31] [Server thread/WARN]: Can't keep up! Is the server overloaded? Running 2013ms or 40 ticks behind
[23:32:54] [Server thread/WARN]: Can't keep up! Is the server overloaded? Running 2003ms or 40 ticks behind
[23:33:14] [Server thread/WARN]: Can't keep up! Is the server overloaded? Running 4877ms or 97 ticks behind
[23:33:34] [Server thread/WARN]: Can't keep up! Is the server overloaded? Running 4891ms or 97 ticks behind
[23:33:52] [Server thread/WARN]: Can't keep up! Is the server overloaded? Running 2708ms or 54 ticks behind
[23:33:56] [Server thread/INFO]: <extclp> 好
[23:34:11] [Server thread/WARN]: Can't keep up! Is the server overloaded? Running 4002ms or 80 ticks behind
[23:34:29] [Server thread/WARN]: Can't keep up! Is the server overloaded? Running 2735ms or 54 ticks behind
[23:34:47] [Server thread/INFO]: <xiaolouQAQ> 你来服务器多长时间了
[23:34:49] [Server thread/WARN]: Can't keep up! Is the server overloaded? Running 2003ms or 40 ticks behind
[23:34:55] [Server thread/INFO]: <extclp> 一个
[23:34:58] [Server thread/INFO]: <extclp> 星期
[23:35:03] [Server thread/INFO]: <xiaolouQAQ> en
[23:35:08] [Server thread/WARN]: Can't keep up! Is the server overloaded? Running 2009ms or 40 ticks behind
[23:35:18] [Server thread/INFO]: <xiaolouQAQ> 你在哪里
[23:35:22] [Server thread/INFO]: <extclp> 我只是来凑热闹的
[23:35:30] [Server thread/WARN]: Can't keep up! Is the server overloaded? Running 2005ms or 40 ticks behind
[23:35:40] [Server thread/INFO]: <xiaolouQAQ> 凑热闹还行
[23:35:47] [Server thread/WARN]: Can't keep up! Is the server overloaded? Running 2208ms or 44 ticks behind
[23:36:04] [Server thread/INFO]: <xiaolouQAQ> 这服务器大佬多
[23:36:11] [Server thread/INFO]: <extclp> 没看到
[23:36:30] [Server thread/INFO]: <xiaolouQAQ> 不是肝就是红石
[23:36:39] [Server thread/INFO]: <extclp> 我是说红石和生存大佬
[23:36:57] [Server thread/INFO]: <xiaolouQAQ> 他们刚下
[23:37:02] [Server thread/INFO]: <extclp> t我知道
[23:37:55] [Server thread/INFO]: <xiaolouQAQ> 我去找你玩
[23:37:55] [Server thread/INFO]: extclp lost connection: Disconnected
[23:37:55] [Server thread/INFO]: extclp left the game
[23:37:58] [Server thread/INFO]: extclp[/127.0.0.1:49469] logged in with entity id 90592 at (-347.59837802972044, 67.0, 532.3000000119209)
[23:37:58] [Netty Server IO #0/WARN]: Received invalid identifier in minecraft:register: legacy:fml|hs (Non [a-z0-9/._-] character in path of location: legacy:fml|hs)
[23:37:58] [Server thread/INFO]: extclp joined the game
[23:38:10] [Server thread/INFO]: <extclp> 我只是在挂机
[23:38:25] [Server thread/INFO]: <xiaolouQAQ> 行吧
[23:38:35] [Server thread/WARN]: Can't keep up! Is the server overloaded? Running 2032ms or 40 ticks behind
[23:38:54] [Server thread/WARN]: Can't keep up! Is the server overloaded? Running 3197ms or 63 ticks behind
[23:39:02] [Server thread/INFO]: <extclp> 你在做什么
[23:39:14] [Server thread/INFO]: <xiaolouQAQ> 挖石头
[23:39:17] [Server thread/INFO]: <xiaolouQAQ> 收庄稼
[23:39:23] [Server thread/INFO]: <xiaolouQAQ> 太长时间没玩了
[23:39:27] [Server thread/INFO]: <xiaolouQAQ> 打理打理
[23:39:30] [Server thread/INFO]: <extclp> . .
[23:39:54] [Server thread/INFO]: <extclp> 这个服务器开了多久了
[23:40:10] [Server thread/INFO]: <xiaolouQAQ> 我来半年了
[23:40:26] [Server thread/INFO]: <extclp> 哦
[23:40:49] [Server thread/INFO]: extclp lost connection: Disconnected
[23:40:49] [Server thread/INFO]: extclp left the game
[23:43:42] [Server thread/WARN]: Can't keep up! Is the server overloaded? Running 2377ms or 47 ticks behind
[23:48:46] [Server thread/INFO]: xiaolouQAQ has made the advancement [Sticky Situation]
[23:50:14] [Server thread/INFO]: xiaolouQAQ lost connection: Disconnected
[23:50:14] [Server thread/INFO]: xiaolouQAQ left the game
