[16:35:09] [main/INFO]: Loading for game Minecraft 1.16.1
[16:35:13] [main/INFO]: [FabricLoader] Loading 49 mods: fabric-renderer-api-v1@0.2.13+eae12eb87c, fabric-keybindings-v0@0.2.0+3fa9f7c57c, fabricloader@0.8.8+build.202, com_github_shevek_parallelgzip@master-SNAPSHOT, fabric-containers-v0@0.1.8+045df74f7c, fabric-object-builder-api-v1@1.5.5+e00ecb5f7c, fabric-dimensions-v1@1.0.0+a71b30537c, fabric-api-base@0.1.3+12a8474c7c, fabric-rendering-data-attachment-v1@0.1.3+b7f9825d7c, fabric-textures-v0@1.0.4+eae12eb87c, fabric-rendering-fluids-v1@0.1.7+12a8474c7c, cotton-logging@1.0.0-rc.4, fabric-blockrenderlayer-v1@1.1.4+c6a8ea897c, fabric-renderer-registries-v1@2.0.1+5a0f9a607c, carpet-extra@1.4.0, fabric-loot-tables-v1@0.1.10+059ea8667c, fabric@0.13.1+build.370-1.16, carpet@1.4.0, fabric-particles-v1@0.2.1+0a6f2a707c, fabric-networking-v0@0.1.10+e00ecb5f7c, cotton-config@1.0.0-rc.7, fabric-networking-blockentity-v0@0.2.5+b50ffc7b7c, minecraft@1.16.1, fabric-screen-handler-api-v1@1.0.1+f362c86e7c, here@0.0.8-mc1.16, fabric-command-api-v1@1.0.8+5ce533987c, jankson@3.0.0+j1.2.0, phosphor@0.6.0+build.7, fabric-tool-attribute-api-v1@1.1.4+5794386e7c, fabric-renderer-indigo@0.3.1+059ea8667c, org_apache_commons_commons-compress@1.19, fabric-biomes-v1@0.2.7+059ea8667c, fabric-events-interaction-v0@0.3.3+7066030f7c, fabric-crash-report-info-v1@0.1.2+b7f9825d7c, fabric-rendering-v0@1.1.0+534104907c, fabric-key-binding-api-v1@1.0.0+e16a97747c, fabric-rendering-v1@1.1.2+346247d77c, org_tukaani_xz@1.8, fabric-resource-loader-v0@0.2.5+059ea8667c, fabric-content-registries-v0@0.1.9+059ea8667c, fabric-tag-extensions-v0@0.2.5+5a6e8f4c7c, fabric-registry-sync-v0@0.3.8+7dba2d6c7c, fabric-commands-v0@0.2.0+52d308367c, textile_backup@1.2.2-1.16.1, fabric-mining-levels-v0@0.1.2+b764ce997c, fabric-events-lifecycle-v0@0.1.3+0d474ec47c, fabric-models-v0@0.1.0+dfdb52d67c, fabric-item-groups-v0@0.2.0+438f96367c, fabric-object-builders-v0@0.6.0+da175ad67c
[16:35:13] [main/WARN]: Mod `com_github_shevek_parallelgzip` (master-SNAPSHOT) does not respect SemVer - comparison support is limited.
[16:35:13] [main/INFO]: SpongePowered MIXIN Subsystem Version=0.8 Source=file:/C:/Server/skimit_survival/fabric-server-launch.jar Service=Knot/Fabric Env=SERVER
[16:35:19] [main/WARN]: @Mixin target net/minecraft/class_5120$class_5121 is public in fabric-tag-extensions-v0.mixins.json:MixinTagImpl and should be specified in value
[16:35:19] [main/WARN]: @Mixin target net.minecraft.class_5394 is public in fabric-tag-extensions-v0.mixins.json:MixinTagImpl and should be specified in value
[16:35:56] [main/INFO]: Environment: authHost='https://authserver.mojang.com', accountsHost='https://api.mojang.com', sessionHost='https://sessionserver.mojang.com', name='PROD'
[16:35:59] [main/INFO]: [TextileBackup]: Loading TextileBackup by Szum123321
[16:36:03] [main/WARN]: Ambiguity between arguments [teleport, destination] and [teleport, targets] with inputs: [Player, 0123, @e, dd12be42-52a9-4a91-a8a1-11c01849e498]
[16:36:03] [main/WARN]: Ambiguity between arguments [teleport, location] and [teleport, destination] with inputs: [0.1 -0.5 .9, 0 0 0]
[16:36:03] [main/WARN]: Ambiguity between arguments [teleport, location] and [teleport, targets] with inputs: [0.1 -0.5 .9, 0 0 0]
[16:36:03] [main/WARN]: Ambiguity between arguments [teleport, targets] and [teleport, destination] with inputs: [Player, 0123, dd12be42-52a9-4a91-a8a1-11c01849e498]
[16:36:03] [main/WARN]: Ambiguity between arguments [teleport, targets, location] and [teleport, targets, destination] with inputs: [0.1 -0.5 .9, 0 0 0]
[16:36:04] [main/INFO]: Reloading ResourceManager: Default, bukkit, Fabric Tool Attribute API (v1)
[16:36:11] [Worker-Main-2/INFO]: Loaded 7 recipes
[16:36:12] [Worker-Main-2/INFO]: Loaded 927 advancements
[16:36:16] [main/WARN]: [fabric-registry-sync] Could not find the following registries: minecraft:biome_source_type, minecraft:dimension_type, minecraft:chunk_generator_type
[16:36:16] [main/INFO]: [fabric-registry-sync] Loaded registry data [file 1/4]
[16:36:18] [Server thread/INFO]: Starting minecraft server version 1.16.1
[16:36:18] [Server thread/INFO]: Loading properties
[16:36:18] [Server thread/INFO]: Default game type: SURVIVAL
[16:36:18] [Server thread/INFO]: Generating keypair
[16:36:18] [Server thread/INFO]: Starting Minecraft server on *:26565
[16:36:18] [Server thread/INFO]: Using default channel type
[16:36:26] [Server thread/WARN]: **** SERVER IS RUNNING IN OFFLINE/INSECURE MODE!
[16:36:26] [Server thread/WARN]: The server will make no attempt to authenticate usernames. Beware.
[16:36:26] [Server thread/WARN]: While this makes the game possible to play without internet access, it also opens up the ability for hackers to connect with any username they choose.
[16:36:26] [Server thread/WARN]: To change this, set "online-mode" to "true" in the server.properties file.
[16:36:30] [Server thread/INFO]: Preparing level "world"
[16:36:30] [Server thread/ERROR]: [CM]: Carpet Mod Setting commandCameramode is not a valid - ignoring...
[16:36:30] [Server thread/INFO]: [CM]: loaded setting commandDraw as false from carpet.conf
[16:36:30] [Server thread/INFO]: [CM]: loaded setting rotatorBlock as true from carpet.conf
[16:36:30] [Server thread/INFO]: [CM]: loaded setting combineXPOrbs as true from carpet.conf
[16:36:30] [Server thread/INFO]: [CM]: loaded setting onePlayerSleeping as true from carpet.conf
[16:36:30] [Server thread/INFO]: [CM]: loaded setting portalSuffocationFix as true from carpet.conf
[16:36:30] [Server thread/INFO]: [CM]: loaded setting leadFix as true from carpet.conf
[16:36:30] [Server thread/INFO]: [CM]: loaded setting antiCheatDisabled as true from carpet.conf
[16:36:30] [Server thread/INFO]: [CM]: loaded setting defaultLoggers as tps,mobcaps from carpet.conf
[16:36:30] [Server thread/INFO]: [CM]: loaded setting unloadedEntityFix as true from carpet.conf
[16:36:30] [Server thread/INFO]: [CM]: loaded setting ctrlQCraftingFix as true from carpet.conf
[16:36:36] [Server thread/INFO]: Preparing start region for dimension minecraft:overworld
[16:36:50] [Server thread/INFO]: Preparing spawn area: 0%
[16:36:50] [Server thread/INFO]: Preparing spawn area: 0%
[16:36:50] [Server thread/INFO]: Preparing spawn area: 0%
[16:36:50] [Server thread/INFO]: Preparing spawn area: 0%
[16:36:50] [Server thread/INFO]: Preparing spawn area: 0%
[16:36:50] [Server thread/INFO]: Preparing spawn area: 0%
[16:36:50] [Server thread/INFO]: Preparing spawn area: 0%
[16:36:50] [Server thread/INFO]: Preparing spawn area: 0%
[16:36:50] [Server thread/INFO]: Preparing spawn area: 0%
[16:36:50] [Server thread/INFO]: Preparing spawn area: 0%
[16:36:50] [Server thread/INFO]: Preparing spawn area: 0%
[16:36:50] [Server thread/INFO]: Preparing spawn area: 0%
[16:36:50] [Server thread/INFO]: Preparing spawn area: 0%
[16:36:50] [Server thread/INFO]: Preparing spawn area: 0%
[16:36:50] [Server thread/INFO]: Preparing spawn area: 0%
[16:36:50] [Server thread/INFO]: Preparing spawn area: 0%
[16:36:50] [Server thread/INFO]: Preparing spawn area: 0%
[16:36:50] [Server thread/INFO]: Preparing spawn area: 0%
[16:36:50] [Server thread/INFO]: Preparing spawn area: 0%
[16:36:50] [Server thread/INFO]: Preparing spawn area: 0%
[16:36:50] [Server thread/INFO]: Preparing spawn area: 0%
[16:36:50] [Server thread/INFO]: Preparing spawn area: 0%
[16:36:50] [Server thread/INFO]: Preparing spawn area: 0%
[16:36:50] [Server thread/INFO]: Preparing spawn area: 0%
[16:36:50] [Server thread/INFO]: Preparing spawn area: 0%
[16:36:50] [Server thread/INFO]: Preparing spawn area: 0%
[16:36:50] [Server thread/INFO]: Preparing spawn area: 0%
[16:36:50] [Server thread/INFO]: Preparing spawn area: 0%
[16:36:50] [Server thread/INFO]: Preparing spawn area: 0%
[16:36:50] [Server thread/INFO]: Preparing spawn area: 0%
[16:36:51] [Server thread/INFO]: Preparing spawn area: 0%
[16:36:52] [Worker-Main-3/INFO]: Preparing spawn area: 0%
[16:36:52] [Worker-Main-3/INFO]: Preparing spawn area: 0%
[16:36:53] [Worker-Main-3/INFO]: Preparing spawn area: 0%
[16:36:58] [Server thread/INFO]: Preparing spawn area: 0%
[16:37:06] [Server thread/INFO]: Preparing spawn area: 0%
[16:37:06] [Server thread/INFO]: Preparing spawn area: 0%
[16:37:06] [Server thread/INFO]: Preparing spawn area: 0%
[16:37:06] [Server thread/INFO]: Preparing spawn area: 0%
[16:37:06] [Server thread/INFO]: Preparing spawn area: 0%
[16:37:06] [Server thread/INFO]: Preparing spawn area: 0%
[16:37:06] [Server thread/INFO]: Preparing spawn area: 0%
[16:37:06] [Server thread/INFO]: Preparing spawn area: 0%
[16:37:06] [Server thread/INFO]: Preparing spawn area: 0%
[16:37:06] [Server thread/INFO]: Preparing spawn area: 0%
[16:37:06] [Server thread/INFO]: Preparing spawn area: 0%
[16:37:06] [Server thread/INFO]: Preparing spawn area: 0%
[16:37:06] [Server thread/INFO]: Preparing spawn area: 0%
[16:37:06] [Server thread/INFO]: Preparing spawn area: 0%
[16:37:06] [Server thread/INFO]: Preparing spawn area: 0%
[16:37:06] [Server thread/INFO]: Preparing spawn area: 0%
[16:37:06] [Server thread/INFO]: Preparing spawn area: 0%
[16:37:06] [Server thread/INFO]: Preparing spawn area: 0%
[16:37:06] [Server thread/INFO]: Preparing spawn area: 0%
[16:37:06] [Server thread/INFO]: Preparing spawn area: 0%
[16:37:06] [Server thread/INFO]: Preparing spawn area: 0%
[16:37:06] [Server thread/INFO]: Preparing spawn area: 0%
[16:37:06] [Server thread/INFO]: Preparing spawn area: 0%
[16:37:06] [Server thread/INFO]: Preparing spawn area: 0%
[16:37:06] [Server thread/INFO]: Preparing spawn area: 0%
[16:37:06] [Server thread/INFO]: Preparing spawn area: 0%
[16:37:08] [Server thread/INFO]: Preparing spawn area: 83%
[16:37:08] [Server thread/INFO]: Preparing spawn area: 83%
[16:37:08] [Server thread/INFO]: Preparing spawn area: 83%
[16:37:08] [Server thread/INFO]: Preparing spawn area: 83%
[16:37:08] [Server thread/INFO]: Preparing spawn area: 83%
[16:37:16] [Server thread/INFO]: Time elapsed: 40338 ms
[16:37:16] [Server thread/INFO]: Done (46.176s)! For help, type "help"
[16:37:16] [Server thread/INFO]: Starting remote control listener
[16:37:16] [Server thread/INFO]: Thread RCON Listener started
[16:37:17] [RCON Listener #1/INFO]: RCON running on 0.0.0.0:25636
[16:37:20] [Server thread/WARN]: Can't keep up! Is the server overloaded? Running 3488ms or 69 ticks behind
[16:37:35] [Server thread/INFO]: [TextileBackup]: Backup started by: Server on: 2020-06-26_16-37-35
[16:37:35] [Server thread/INFO]: Saving server...
[16:37:35] [Server thread/INFO]: [TextileBackup]: Saving server...
[16:37:45] [Server thread/INFO]: ThreadedAnvilChunkStorage (world): All chunks are saved
[16:37:45] [Server thread/INFO]: ThreadedAnvilChunkStorage (DIM-1): All chunks are saved
[16:37:46] [Server thread/INFO]: ThreadedAnvilChunkStorage (DIM1): All chunks are saved
[16:37:50] [Thread-59/INFO]: Starting compression...
[16:37:50] [Thread-59/INFO]: [TextileBackup]: Starting compression...
[16:38:09] [Thread-59/ERROR]: [TextileBackup]: java.io.IOException: 另一个程序已锁定文件的一部分，进程无法访问。
[16:38:09] [Thread-59/INFO]: Compression took: 18.8255257s
[16:38:09] [Thread-59/INFO]: [TextileBackup]: Compression took: 18.8255257s
[16:38:09] [Thread-59/INFO]: Deleting: 2020-06-26_04-40-01#shutdown.zip
[16:38:09] [Thread-59/INFO]: [TextileBackup]: Deleting: 2020-06-26_04-40-01#shutdown.zip
[16:38:09] [Thread-59/INFO]: Done!
[16:38:09] [Thread-59/INFO]: [TextileBackup]: Done!
[16:38:09] [Server thread/WARN]: Can't keep up! Is the server overloaded? Running 34475ms or 689 ticks behind
[16:44:12] [Server thread/INFO]: Stopping the server
[16:44:12] [Server thread/INFO]: Unknown or incomplete command, see below for error
[16:44:12] [Server thread/INFO]: end<--[HERE]
[16:44:12] [Server thread/INFO]: Unknown or incomplete command, see below for error
[16:44:12] [Server thread/INFO]: exit<--[HERE]
[16:44:12] [Server thread/INFO]: Stopping server
[16:44:12] [Server thread/INFO]: Saving players
[16:44:12] [Server thread/INFO]: Saving worlds
[16:44:12] [Server thread/INFO]: Saving chunks for level 'ServerLevel[world]'/minecraft:overworld
[16:44:13] [Server thread/INFO]: ThreadedAnvilChunkStorage (world): All chunks are saved
[16:44:13] [Server thread/INFO]: Saving chunks for level 'ServerLevel[world]'/minecraft:the_nether
[16:44:13] [Server thread/INFO]: ThreadedAnvilChunkStorage (DIM-1): All chunks are saved
[16:44:13] [Server thread/INFO]: Saving chunks for level 'ServerLevel[world]'/minecraft:the_end
[16:44:13] [Server thread/INFO]: ThreadedAnvilChunkStorage (DIM1): All chunks are saved
[16:44:13] [Server thread/INFO]: [TextileBackup]: Backup started by: SERVER on: 2020-06-26_16-44-13
[16:44:13] [Server thread/INFO]: [TextileBackup]: Saving server...
[16:44:13] [Thread-66/INFO]: [TextileBackup]: Starting compression...
[16:44:17] [Thread-66/ERROR]: [TextileBackup]: java.io.IOException: 另一个程序已锁定文件的一部分，进程无法访问。
[16:44:17] [Thread-66/INFO]: [TextileBackup]: Compression took: 4.1936363s
[16:44:17] [Thread-66/INFO]: [TextileBackup]: Deleting: 2020-06-26_04-44-13.zip
[16:44:17] [Thread-66/INFO]: [TextileBackup]: Done!
[16:44:17] [Server thread/INFO]: ThreadedAnvilChunkStorage (world): All chunks are saved
[16:44:17] [Server thread/INFO]: ThreadedAnvilChunkStorage (DIM-1): All chunks are saved
[16:44:17] [Server thread/INFO]: ThreadedAnvilChunkStorage (DIM1): All chunks are saved
[16:44:17] [Server thread/INFO]: Thread RCON Listener stopped
