[06:01:07] [main/INFO]: Loading for game Minecraft 1.15.2
[06:01:11] [main/WARN]: Mod `jankson` (2.0.0+j1.2.0) uses 'requires' key in fabric.mod.json, which is not supported - use 'depends'
[06:01:11] [main/INFO]: [FabricLoader] Loading 40 mods: minecraft@1.15.2, fabric-networking-blockentity-v0@0.2.3+e08a73050c, fabric-renderer-api-v1@0.2.10+f08b61330c, fabric-keybindings-v0@0.1.1+dfdb52d60c, jankson@2.0.0+j1.2.0, fabricloader@0.7.8+build.189, fabric-renderer-indigo@0.2.23+9290e2ed0c, fabric-containers-v0@0.1.3+b7f9825d0c, fabric-dimensions-v1@0.3.0+2ad156310c, org_apache_commons_commons-compress@1.9, fabric-biomes-v1@0.1.5+3b05f68e0c, fabric-events-interaction-v0@0.3.0+fac69e320c, fabric-crash-report-info-v1@0.1.2+b7f9825d0c, fabric-api-base@0.1.2+b7f9825d0c, fabric-rendering-v0@1.1.0+534104900c, fabric-rendering-v1@0.1.0+534104900c, fabric-rendering-data-attachment-v1@0.1.3+b7f9825d0c, fabric-resource-loader-v0@0.1.10+06c939b30c, fabric-textures-v0@1.0.4+821cdba70c, fabric-content-registries-v0@0.1.3+b7f9825d0c, fabric-tag-extensions-v0@0.1.3+abd915800c, fabric-rendering-fluids-v1@0.1.6+12515ed90c, fabric-commands-v0@0.1.2+b7f9825d0c, fabric-registry-sync-v0@0.2.6+f3d8141b0c, cotton-logging@1.0.0-rc.4, fabric-blockrenderlayer-v1@1.1.4+c6a8ea890c, textile_backup@1.1.0-1.15, fabric-mining-levels-v0@0.1.1+b7f9825d0c, fabric-renderer-registries-v1@2.0.1+5a0f9a600c, carpet-extra@1.3.15, fabric-events-lifecycle-v0@0.1.2+b7f9825d0c, fabric-loot-tables-v1@0.1.5+e08a73050c, fabric@0.5.1+build.294-1.15, carpet@1.3.15, fabric-item-groups-v0@0.1.6+ec40b2e10c, fabric-models-v0@0.1.0+dfdb52d60c, fabric-particles-v1@0.1.1+dfdb52d60c, fabric-networking-v0@0.1.7+12515ed90c, fabric-object-builders-v0@0.1.3+e4c9a9c30c, cotton-config@1.0.0-rc.7
[06:01:11] [main/INFO]: SpongePowered MIXIN Subsystem Version=0.8 Source=file:/C:/Server/skimit_survival/fabric-server-launch.jar Service=Knot/Fabric Env=SERVER
[06:02:35] [main/WARN]: Ambiguity between arguments [teleport, destination] and [teleport, targets] with inputs: [Player, 0123, @e, dd12be42-52a9-4a91-a8a1-11c01849e498]
[06:02:35] [main/WARN]: Ambiguity between arguments [teleport, location] and [teleport, destination] with inputs: [0.1 -0.5 .9, 0 0 0]
[06:02:36] [main/WARN]: Ambiguity between arguments [teleport, location] and [teleport, targets] with inputs: [0.1 -0.5 .9, 0 0 0]
[06:02:36] [main/WARN]: Ambiguity between arguments [teleport, targets] and [teleport, destination] with inputs: [Player, 0123, dd12be42-52a9-4a91-a8a1-11c01849e498]
[06:02:36] [main/WARN]: Ambiguity between arguments [teleport, targets, location] and [teleport, targets, destination] with inputs: [0.1 -0.5 .9, 0 0 0]
[06:02:40] [main/INFO]: [TextileBackup]: Loading TextileBackup by Szum123321
[06:02:41] [Server thread/INFO]: Starting minecraft server version 1.15.2
[06:02:42] [Server thread/INFO]: Loading properties
[06:02:42] [Server thread/INFO]: Default game type: SURVIVAL
[06:02:42] [Server thread/INFO]: Generating keypair
[06:02:42] [Server thread/INFO]: Starting Minecraft server on *:26565
[06:02:42] [Server thread/INFO]: Using default channel type
[06:02:44] [Server thread/WARN]: **** SERVER IS RUNNING IN OFFLINE/INSECURE MODE!
[06:02:44] [Server thread/WARN]: The server will make no attempt to authenticate usernames. Beware.
[06:02:44] [Server thread/WARN]: While this makes the game possible to play without internet access, it also opens up the ability for hackers to connect with any username they choose.
[06:02:44] [Server thread/WARN]: To change this, set "online-mode" to "true" in the server.properties file.
[06:02:44] [Server thread/INFO]: Preparing level "skimit"
[06:02:44] [Server thread/INFO]: [CM]: loaded setting commandDraw as false from carpet.conf
[06:02:44] [Server thread/INFO]: [CM]: loaded setting rotatorBlock as true from carpet.conf
[06:02:44] [Server thread/INFO]: [CM]: loaded setting combineXPOrbs as true from carpet.conf
[06:02:44] [Server thread/INFO]: [CM]: loaded setting onePlayerSleeping as true from carpet.conf
[06:02:44] [Server thread/INFO]: [CM]: loaded setting portalSuffocationFix as true from carpet.conf
[06:02:44] [Server thread/INFO]: [CM]: loaded setting leadFix as true from carpet.conf
[06:02:44] [Server thread/INFO]: [CM]: loaded setting antiCheatDisabled as true from carpet.conf
[06:02:44] [Server thread/INFO]: [CM]: loaded setting defaultLoggers as tps from carpet.conf
[06:02:44] [Server thread/INFO]: [CM]: loaded setting commandCameramode as false from carpet.conf
[06:02:44] [Server thread/INFO]: [CM]: loaded setting unloadedEntityFix as true from carpet.conf
[06:02:44] [Server thread/INFO]: [CM]: loaded setting ctrlQCraftingFix as true from carpet.conf
[06:02:45] [Server thread/INFO]: [fabric-registry-sync] Loaded registry data [file 1/4]
[06:02:45] [Server thread/INFO]: Reloading ResourceManager: Default, bukkit, Fabric Mining Levels (v0)
[06:02:48] [Server thread/INFO]: Loaded 6 recipes
[06:02:50] [Server thread/INFO]: Loaded 825 advancements
[06:02:50] [Server thread/INFO]: Preparing start region for dimension minecraft:overworld
[06:02:55] [Server thread/INFO]: Preparing spawn area: 0%
[06:02:55] [Server thread/INFO]: Preparing spawn area: 0%
[06:02:55] [Server thread/INFO]: Preparing spawn area: 0%
[06:02:55] [Server thread/INFO]: Preparing spawn area: 0%
[06:02:55] [Server thread/INFO]: Preparing spawn area: 0%
[06:02:55] [Server thread/INFO]: Preparing spawn area: 0%
[06:02:55] [Server thread/INFO]: Preparing spawn area: 0%
[06:02:55] [Server thread/INFO]: Preparing spawn area: 0%
[06:02:55] [Server thread/INFO]: Preparing spawn area: 0%
[06:02:55] [Server thread/INFO]: Preparing spawn area: 0%
[06:02:55] [Server thread/INFO]: Preparing spawn area: 0%
[06:02:56] [Server-Worker-2/INFO]: Preparing spawn area: 0%
[06:02:57] [Server-Worker-2/INFO]: Preparing spawn area: 0%
[06:02:57] [Server thread/INFO]: Preparing spawn area: 0%
[06:02:58] [Server-Worker-2/INFO]: Preparing spawn area: 0%
[06:02:58] [Server thread/INFO]: Preparing spawn area: 0%
[06:02:58] [Server thread/INFO]: Preparing spawn area: 0%
[06:02:59] [Server thread/INFO]: Preparing spawn area: 83%
[06:03:00] [Server thread/INFO]: Time elapsed: 9536 ms
[06:03:00] [Server thread/INFO]: Done (15.827s)! For help, type "help"
[06:03:00] [Server thread/INFO]: Starting remote control listener
[06:03:00] [RCON Listener #1/INFO]: RCON running on 0.0.0.0:25636
[06:03:02] [Server thread/WARN]: Can't keep up! Is the server overloaded? Running 2556ms or 51 ticks behind
[08:30:33] [Server thread/INFO]: ChengXi123[/127.0.0.1:51537] logged in with entity id 103 at (-146.49010404450735, 104.0, 211.42572398418048)
[08:30:33] [Netty Server IO #1/WARN]: Received invalid identifier in minecraft:register: legacy:fml|hs (Non [a-z0-9/._-] character in path of location: legacy:fml|hs)
[08:30:33] [Server thread/INFO]: ChengXi123 joined the game
[08:30:34] [Server thread/INFO]: [TextileBackup]: Backup started by: SERVER on: 2020-04-23_08-30-34
[08:30:34] [Server thread/INFO]: [TextileBackup]: Saving server...
[08:30:34] [Thread-50/INFO]: [TextileBackup]: Starting compression...
[08:30:35] [Server thread/WARN]: Can't keep up! Is the server overloaded? Running 2463ms or 49 ticks behind
[08:31:26] [Server thread/WARN]: Can't keep up! Is the server overloaded? Running 36404ms or 728 ticks behind
[08:31:52] [Server thread/WARN]: Can't keep up! Is the server overloaded? Running 10579ms or 211 ticks behind
[08:32:23] [Server thread/WARN]: Can't keep up! Is the server overloaded? Running 16155ms or 323 ticks behind
[08:32:52] [Server thread/WARN]: Can't keep up! Is the server overloaded? Running 13964ms or 279 ticks behind
[08:33:13] [Server thread/WARN]: Can't keep up! Is the server overloaded? Running 6034ms or 120 ticks behind
[08:33:36] [Server thread/INFO]: Cora_cold[/127.0.0.1:51639] logged in with entity id 619 at (-27.05147017140505, 61.0, -25.844453442120432)
[08:33:36] [Netty Server IO #1/WARN]: Received invalid identifier in minecraft:register: legacy:fml|hs (Non [a-z0-9/._-] character in path of location: legacy:fml|hs)
[08:33:36] [Server thread/INFO]: Cora_cold joined the game
[08:33:48] [Server thread/INFO]: Scanning for legacy world dragon fight...
[08:33:48] [Server thread/INFO]: Found that the dragon has been killed in this world already.
[08:33:56] [Server thread/WARN]: Can't keep up! Is the server overloaded? Running 28381ms or 567 ticks behind
[08:33:58] [Thread-50/INFO]: [TextileBackup]: Compression finished
[08:33:58] [Thread-50/INFO]: [TextileBackup]: Deleting: 2020-04-22_08-19-26.zip
[08:34:01] [Thread-50/INFO]: [TextileBackup]: Done!
[08:34:07] [Server thread/INFO]: <ChengXi123> 帮忙做下收集
[08:34:17] [Server thread/WARN]: Can't keep up! Is the server overloaded? Running 5641ms or 112 ticks behind
[08:34:38] [Server thread/WARN]: Can't keep up! Is the server overloaded? Running 6205ms or 124 ticks behind
[08:34:55] [Server thread/WARN]: Can't keep up! Is the server overloaded? Running 2181ms or 43 ticks behind
[08:34:57] [Server thread/INFO]: <Cora_cold> 在哪？
[08:35:14] [Server thread/WARN]: Can't keep up! Is the server overloaded? Running 4030ms or 80 ticks behind
[08:35:28] [Server thread/INFO]: <ChengXi123> 刷铁机下面
[08:35:34] [Server thread/WARN]: Can't keep up! Is the server overloaded? Running 5192ms or 103 ticks behind
[08:36:29] [Server thread/INFO]: <ChengXi123> 做下面
[08:36:39] [Server thread/INFO]: <Cora_cold> 咋收集
[08:36:50] [Server thread/INFO]: <Cora_cold> 收集啥
[08:37:10] [Server thread/INFO]: ChengXi123 lost connection: Timed out
[08:37:10] [Server thread/INFO]: ChengXi123 left the game
[08:37:11] [Server thread/WARN]: handleDisconnection() called twice
[08:37:39] [Server thread/INFO]: ChengXi123[/127.0.0.1:51783] logged in with entity id 2224 at (-142.39393614999202, 107.0, 192.33941668626414)
[08:37:39] [Netty Server IO #0/WARN]: Received invalid identifier in minecraft:register: legacy:fml|hs (Non [a-z0-9/._-] character in path of location: legacy:fml|hs)
[08:37:39] [Server thread/INFO]: ChengXi123 joined the game
[08:37:49] [Server thread/INFO]: <Cora_cold> 怎么做
[08:37:57] [Server thread/INFO]: <ChengXi123> 处死铁傀儡
[08:38:35] [Server thread/INFO]: Villager class_1646[''/18, l='skimit', x=-141.14, y=104.00, z=192.46] died, message: '? ? ? -274877 was slain by ChengXi123'
[08:38:42] [Server thread/INFO]: <Cora_cold> 让铁傀儡掉下去？
[08:38:47] [Server thread/INFO]: <ChengXi123> 嗯
[08:39:01] [Server thread/INFO]: <Cora_cold> 那边的铁轨要拆了
[08:39:18] [Server thread/INFO]: <ChengXi123> 先在下面20格左右搭一个平台
[08:39:42] [Server thread/INFO]: <ChengXi123> 哪的铁轨？
[08:40:02] [Server thread/INFO]: <Cora_cold> 上去的铁轨
[08:40:14] [Server thread/INFO]: <ChengXi123> 我还要再运一只村民
[08:40:18] [Server thread/INFO]: <Cora_cold> 铁傀儡都掉到铁轨上了
[08:40:22] [Server thread/WARN]: Can't keep up! Is the server overloaded? Running 2236ms or 44 ticks behind
[08:41:59] [Server thread/INFO]: ChengXi123 was slain by Iron Golem
[08:42:09] [Server thread/WARN]: Can't keep up! Is the server overloaded? Running 2006ms or 40 ticks behind
[08:42:18] [Server thread/INFO]: <ChengXi123> 一下我就死了！
[08:42:27] [Server thread/INFO]: <Cora_cold> 一下半管血
[08:42:37] [Server thread/INFO]: <ChengXi123> 一管
[08:42:50] [Server thread/INFO]: <Cora_cold> 我穿装备的
[08:43:41] [Server thread/INFO]: <Cora_cold> 退下来
[08:43:43] [Server thread/INFO]: <Cora_cold> 推下来
[08:44:00] [Server thread/INFO]: <ChengXi123> 推不动啊
[08:44:10] [Server thread/INFO]: <Cora_cold> 挤下就行了
[08:44:48] [Server thread/INFO]: <Cora_cold> 这是谁家？
[08:44:54] [Server thread/INFO]: <Cora_cold> 我拆了吧QAQ
[08:45:26] [Server thread/WARN]: Can't keep up! Is the server overloaded? Running 2534ms or 50 ticks behind
[08:46:24] [Server thread/INFO]: <Cora_cold> ?
[08:48:05] [Server thread/INFO]: ChengXi123 was slain by Zombie
[08:48:09] [Server thread/WARN]: Can't keep up! Is the server overloaded? Running 2147ms or 42 ticks behind
[08:48:18] [Server thread/INFO]: <ChengXi123> .
[08:48:32] [Server thread/WARN]: Can't keep up! Is the server overloaded? Running 7179ms or 143 ticks behind
[08:48:35] [Server thread/INFO]: <ChengXi123> 不用拆别人家啊
[08:48:47] [Server thread/INFO]: <Cora_cold> 平台多大？
[08:48:49] [Server thread/WARN]: Can't keep up! Is the server overloaded? Running 2616ms or 52 ticks behind
[08:50:40] [Server thread/WARN]: Can't keep up! Is the server overloaded? Running 2258ms or 45 ticks behind
[08:50:52] [Server thread/INFO]: <ChengXi123> 包括两个铁傀儡生成平台
[08:51:42] [Server thread/WARN]: Can't keep up! Is the server overloaded? Running 2221ms or 44 ticks behind
[08:52:05] [Server thread/WARN]: Can't keep up! Is the server overloaded? Running 8864ms or 177 ticks behind
[08:53:12] [Server thread/WARN]: Can't keep up! Is the server overloaded? Running 2003ms or 40 ticks behind
[08:53:31] [Server thread/WARN]: Can't keep up! Is the server overloaded? Running 2253ms or 45 ticks behind
[08:53:52] [Server thread/WARN]: Can't keep up! Is the server overloaded? Running 5950ms or 119 ticks behind
[08:55:39] [Server thread/INFO]: <Cora_cold> 告示牌会着火吗？
[08:55:44] [Server thread/INFO]: <ChengXi123> 不会
[08:56:05] [Server thread/WARN]: Can't keep up! Is the server overloaded? Running 3273ms or 65 ticks behind
[08:56:25] [Server thread/WARN]: Can't keep up! Is the server overloaded? Running 5396ms or 107 ticks behind
[08:57:49] [Server thread/INFO]: <Cora_cold> 我要上课了
[08:57:53] [Server thread/INFO]: <Cora_cold> 一个平台做好了
[08:57:55] [Server thread/INFO]: <ChengXi123> o
[08:58:07] [Server thread/INFO]: <ChengXi123> 放到一起收集
[08:58:12] [Server thread/WARN]: Can't keep up! Is the server overloaded? Running 2016ms or 40 ticks behind
[08:58:25] [Server thread/INFO]: <Cora_cold> 我就做了处死
[08:58:30] [Server thread/INFO]: <Cora_cold> 怎么收集
[08:58:34] [Server thread/INFO]: <Cora_cold> 用水流吗？
[08:58:34] [Server thread/WARN]: Can't keep up! Is the server overloaded? Running 6986ms or 139 ticks behind
[08:58:46] [Server thread/INFO]: <ChengXi123> 放到一起处死
[08:58:55] [Server thread/WARN]: Can't keep up! Is the server overloaded? Running 2066ms or 41 ticks behind
[08:58:56] [Server thread/INFO]: <Cora_cold> ？？？
[08:59:13] [Server thread/INFO]: <Cora_cold> 我做的就是一个处死平台
[08:59:17] [Server thread/WARN]: Can't keep up! Is the server overloaded? Running 6312ms or 126 ticks behind
[08:59:24] [Server thread/INFO]: <ChengXi123> o
[08:59:28] [Server thread/INFO]: <ChengXi123> 我来吧
[08:59:32] [Server thread/INFO]: <Cora_cold> 我打算做两个处死，然后水流一起收集
[08:59:36] [Server thread/WARN]: Can't keep up! Is the server overloaded? Running 4518ms or 90 ticks behind
[08:59:43] [Server thread/INFO]: <ChengXi123> 可以
[08:59:50] [Server thread/INFO]: <ChengXi123> 那你来吧
[08:59:51] [Server thread/INFO]: <Cora_cold> 为什么小黑那里没有生命恢复
[08:59:57] [Server thread/WARN]: Can't keep up! Is the server overloaded? Running 5395ms or 107 ticks behind
[09:00:15] [Server thread/INFO]: <ChengXi123> 信标层数不够
[09:00:26] [Server thread/WARN]: Can't keep up! Is the server overloaded? Running 14901ms or 298 ticks behind
[09:00:48] [Server thread/WARN]: Can't keep up! Is the server overloaded? Running 6572ms or 131 ticks behind
[09:00:57] [Server thread/WARN]: Wrong location! (12, 0) should be (12, -1), class_1560['Enderman'/8676, l='skimit', x=193.31, y=4.90, z=0.05]
[09:00:59] [Server thread/WARN]: Fetching packet for removed entity class_1560['Enderman'/8676, l='skimit', x=193.31, y=4.90, z=0.05]
[09:01:13] [Server thread/WARN]: Can't keep up! Is the server overloaded? Running 10185ms or 203 ticks behind
[09:01:32] [Server thread/WARN]: Can't keep up! Is the server overloaded? Running 3541ms or 70 ticks behind
[09:02:11] [Server thread/WARN]: Can't keep up! Is the server overloaded? Running 2082ms or 41 ticks behind
[09:02:11] [Server thread/INFO]: <ChengXi123> 语文课太无聊了
[09:02:24] [Server thread/INFO]: <Cora_cold> 下了
[09:02:26] [Server thread/INFO]: Cora_cold lost connection: Disconnected
[09:02:26] [Server thread/INFO]: Cora_cold left the game
[09:02:38] [Server thread/WARN]: Can't keep up! Is the server overloaded? Running 12008ms or 240 ticks behind
[09:04:19] [Server thread/WARN]: Can't keep up! Is the server overloaded? Running 2022ms or 40 ticks behind
[09:18:53] [Server thread/INFO]: ChengXi123 lost connection: Disconnected
[09:18:53] [Server thread/INFO]: ChengXi123 left the game
[09:19:21] [Server thread/INFO]: ChengXi123[/127.0.0.1:53266] logged in with entity id 11030 at (-370.23750001192093, 69.0, 511.1633864088782)
[09:19:21] [Netty Server IO #0/WARN]: Received invalid identifier in minecraft:register: legacy:fml|hs (Non [a-z0-9/._-] character in path of location: legacy:fml|hs)
[09:19:21] [Server thread/INFO]: ChengXi123 joined the game
[09:19:26] [Server thread/WARN]: Can't keep up! Is the server overloaded? Running 2424ms or 48 ticks behind
[09:26:16] [Server thread/WARN]: Can't keep up! Is the server overloaded? Running 2033ms or 40 ticks behind
[09:27:35] [Server thread/WARN]: Can't keep up! Is the server overloaded? Running 2513ms or 50 ticks behind
[09:28:32] [Server thread/INFO]: ChengXi123 tried to swim in lava
[09:30:33] [Server thread/INFO]: [TextileBackup]: Backup started by: SERVER on: 2020-04-23_09-30-33
[09:30:33] [Server thread/INFO]: [TextileBackup]: Saving server...
[09:30:35] [Server thread/WARN]: Can't keep up! Is the server overloaded? Running 2970ms or 59 ticks behind
[09:30:36] [Thread-51/INFO]: [TextileBackup]: Starting compression...
[09:30:47] [Server thread/WARN]: Fetching packet for removed entity class_1642['Zombie'/12924, l='skimit', x=-317.50, y=26.35, z=383.40]
[09:31:19] [Server thread/WARN]: Can't keep up! Is the server overloaded? Running 28876ms or 577 ticks behind
[09:31:55] [Server thread/WARN]: Can't keep up! Is the server overloaded? Running 21139ms or 422 ticks behind
[09:32:37] [Server thread/WARN]: Can't keep up! Is the server overloaded? Running 27073ms or 541 ticks behind
[09:32:59] [Thread-51/INFO]: [TextileBackup]: Compression finished
[09:32:59] [Thread-51/INFO]: [TextileBackup]: Deleting: 2020-04-22_09-19-27.zip
[09:33:03] [Thread-51/INFO]: [TextileBackup]: Done!
[09:33:04] [Server thread/WARN]: Can't keep up! Is the server overloaded? Running 11930ms or 238 ticks behind
[09:34:11] [Server thread/INFO]: Villager class_1646[''/2932, l='skimit', x=-141.50, y=104.06, z=215.89] died, message: '? ? ? 0 was shot by ChengXi123'
[09:40:09] [Server thread/INFO]: Villager class_1646[''/2933, l='skimit', x=-141.33, y=104.00, z=192.48] died, message: '? ? ? 0 was shot by ChengXi123'
[09:44:09] [Server thread/WARN]: Can't keep up! Is the server overloaded? Running 2064ms or 41 ticks behind
[09:59:12] [Server thread/WARN]: Can't keep up! Is the server overloaded? Running 2145ms or 42 ticks behind
[10:02:06] [Server thread/INFO]: ChengXi123 lost connection: Disconnected
[10:02:06] [Server thread/INFO]: ChengXi123 left the game
[10:02:11] [Server thread/INFO]: ChengXi123[/127.0.0.1:54809] logged in with entity id 19037 at (-139.6917160015118, 104.5, 193.49728816336417)
[10:02:11] [Netty Server IO #1/WARN]: Received invalid identifier in minecraft:register: legacy:fml|hs (Non [a-z0-9/._-] character in path of location: legacy:fml|hs)
[10:02:11] [Server thread/INFO]: ChengXi123 joined the game
[10:03:51] [Server thread/INFO]: Villager class_1646['Fisherman'/4477, l='skimit', x=-139.49, y=104.00, z=192.52] died, message: 'Fisherman was shot by ChengXi123'
[10:14:16] [Server thread/WARN]: Can't keep up! Is the server overloaded? Running 2155ms or 43 ticks behind
[10:16:25] [Server thread/INFO]: ChengXi123 was slain by Iron Golem
[10:22:41] [Server thread/INFO]: ChengXi123 lost connection: Disconnected
[10:22:41] [Server thread/INFO]: ChengXi123 left the game
[10:22:51] [Server thread/INFO]: ChengXi123[/127.0.0.1:55554] logged in with entity id 22389 at (-169.01619750358248, 5.0, 201.03848708496236)
[10:22:51] [Netty Server IO #1/WARN]: Received invalid identifier in minecraft:register: legacy:fml|hs (Non [a-z0-9/._-] character in path of location: legacy:fml|hs)
[10:22:51] [Server thread/INFO]: ChengXi123 joined the game
[10:30:32] [Server thread/INFO]: [TextileBackup]: Backup started by: SERVER on: 2020-04-23_10-30-32
[10:30:32] [Server thread/INFO]: [TextileBackup]: Saving server...
[10:30:33] [Thread-52/INFO]: [TextileBackup]: Starting compression...
[10:30:36] [Server thread/WARN]: Can't keep up! Is the server overloaded? Running 2049ms or 40 ticks behind
[10:31:19] [Server thread/WARN]: Can't keep up! Is the server overloaded? Running 28106ms or 562 ticks behind
[10:31:38] [Server thread/WARN]: Can't keep up! Is the server overloaded? Running 3706ms or 74 ticks behind
[10:31:59] [Server thread/WARN]: Can't keep up! Is the server overloaded? Running 6482ms or 129 ticks behind
[10:32:20] [Server thread/WARN]: Can't keep up! Is the server overloaded? Running 5227ms or 104 ticks behind
[10:32:39] [Server thread/WARN]: Can't keep up! Is the server overloaded? Running 4602ms or 92 ticks behind
[10:33:01] [Server thread/WARN]: Can't keep up! Is the server overloaded? Running 6802ms or 136 ticks behind
[10:33:01] [Thread-52/INFO]: [TextileBackup]: Compression finished
[10:33:01] [Thread-52/INFO]: [TextileBackup]: Deleting: 2020-04-22_10-19-25.zip
[10:33:02] [Thread-52/INFO]: [TextileBackup]: Done!
[10:53:36] [Server thread/INFO]: Cora_cold[/127.0.0.1:56665] logged in with entity id 26536 at (192.69999998807907, 1.0, 0.474868985890372)
[10:53:36] [Server thread/INFO]: Cora_cold joined the game
[10:53:36] [Netty Server IO #0/WARN]: Received invalid identifier in minecraft:register: legacy:fml|hs (Non [a-z0-9/._-] character in path of location: legacy:fml|hs)
[10:53:37] [Server thread/WARN]: Wrong location! (12, 0) should be (12, -1), class_1560['Enderman'/26545, l='skimit', x=193.31, y=4.90, z=0.05]
[10:53:37] [Server thread/WARN]: Fetching packet for removed entity class_1560['Enderman'/26545, l='skimit', x=193.31, y=4.90, z=0.05]
[10:56:35] [Server thread/WARN]: Can't keep up! Is the server overloaded? Running 2022ms or 40 ticks behind
[10:56:54] [Server thread/WARN]: Can't keep up! Is the server overloaded? Running 4429ms or 88 ticks behind
[10:58:42] [Server thread/INFO]: <Cora_cold> 末影螨为什么不上矿车
[11:00:19] [Server thread/WARN]: Can't keep up! Is the server overloaded? Running 2585ms or 51 ticks behind
[11:00:37] [Server thread/WARN]: Can't keep up! Is the server overloaded? Running 2619ms or 52 ticks behind
[11:01:09] [Server thread/WARN]: Can't keep up! Is the server overloaded? Running 2031ms or 40 ticks behind
[11:01:28] [Server thread/WARN]: Can't keep up! Is the server overloaded? Running 4917ms or 98 ticks behind
[11:01:47] [Server thread/WARN]: Can't keep up! Is the server overloaded? Running 3309ms or 66 ticks behind
[11:02:05] [Server thread/WARN]: Can't keep up! Is the server overloaded? Running 2797ms or 55 ticks behind
[11:02:22] [Server thread/WARN]: Can't keep up! Is the server overloaded? Running 2285ms or 45 ticks behind
[11:02:39] [Server thread/WARN]: Can't keep up! Is the server overloaded? Running 2709ms or 54 ticks behind
[11:02:58] [Server thread/WARN]: Can't keep up! Is the server overloaded? Running 3179ms or 63 ticks behind
[11:03:15] [Server thread/WARN]: Can't keep up! Is the server overloaded? Running 2182ms or 43 ticks behind
[11:03:34] [Server thread/WARN]: Can't keep up! Is the server overloaded? Running 3762ms or 75 ticks behind
[11:03:53] [Server thread/WARN]: Can't keep up! Is the server overloaded? Running 4599ms or 91 ticks behind
[11:04:10] [Server thread/WARN]: Can't keep up! Is the server overloaded? Running 2002ms or 40 ticks behind
[11:04:29] [Server thread/WARN]: Can't keep up! Is the server overloaded? Running 4201ms or 84 ticks behind
[11:04:47] [Server thread/WARN]: Can't keep up! Is the server overloaded? Running 2205ms or 44 ticks behind
[11:05:07] [Server thread/WARN]: Can't keep up! Is the server overloaded? Running 2039ms or 40 ticks behind
[11:05:15] [Server thread/INFO]: <Cora_cold> 在哪？
[11:05:31] [Server thread/WARN]: Can't keep up! Is the server overloaded? Running 2112ms or 42 ticks behind
[11:06:08] [Server thread/WARN]: Can't keep up! Is the server overloaded? Running 2643ms or 52 ticks behind
[11:09:21] [Server thread/INFO]: <ChengXi123> 你什么时候来的？
[11:09:25] [Server thread/INFO]: <Cora_cold> 十几分钟
[11:10:13] [Server thread/INFO]: <ChengXi123> 收集装置弄好了？
[11:10:19] [Server thread/INFO]: <Cora_cold> mei
[11:10:48] [Server thread/INFO]: <ChengXi123> 挂了一大箱掉落物
[11:11:10] [Server thread/WARN]: Can't keep up! Is the server overloaded? Running 2028ms or 40 ticks behind
[11:11:59] [Server thread/INFO]: <ChengXi123> 刷铁机两边都弄好了，就差你的收集了
[11:12:08] [Server thread/WARN]: Fetching packet for removed entity class_1542['Air'/33743, l='skimit', x=-128.57, y=4.00, z=235.26]
[11:15:06] [Server thread/INFO]: <ChengXi123> 你在哪？
[11:16:17] [Server thread/WARN]: Fetching packet for removed entity class_1542['Air'/36574, l='skimit', x=-136.69, y=5.00, z=232.05]
[11:16:26] [Server thread/WARN]: Fetching packet for removed entity class_1542['Air'/36706, l='skimit', x=-136.85, y=5.00, z=233.18]
[11:17:33] [Server thread/WARN]: Fetching packet for removed entity class_1542['Air'/37232, l='skimit', x=-135.89, y=5.00, z=228.97]
[11:19:12] [Server thread/INFO]: <ChengXi123> 这边一地铁傀儡
[11:21:25] [Server thread/INFO]: <Cora_cold> 末地
[11:22:09] [Server thread/WARN]: Can't keep up! Is the server overloaded? Running 2008ms or 40 ticks behind
[11:22:39] [Server thread/WARN]: Can't keep up! Is the server overloaded? Running 2009ms or 40 ticks behind
[11:22:45] [Server thread/INFO]: ChengXi123 lost connection: Disconnected
[11:22:45] [Server thread/INFO]: ChengXi123 left the game
[11:22:59] [Server thread/INFO]: ChengXi123[/127.0.0.1:57719] logged in with entity id 39141 at (-140.37033182262255, 106.0, 197.27933320426447)
[11:22:59] [Server thread/INFO]: ChengXi123 joined the game
[11:23:00] [Netty Server IO #0/WARN]: Received invalid identifier in minecraft:register: legacy:fml|hs (Non [a-z0-9/._-] character in path of location: legacy:fml|hs)
[11:23:46] [Server thread/WARN]: Can't keep up! Is the server overloaded? Running 2021ms or 40 ticks behind
[11:24:05] [Server thread/WARN]: Can't keep up! Is the server overloaded? Running 3824ms or 76 ticks behind
[11:24:24] [Server thread/WARN]: Can't keep up! Is the server overloaded? Running 3902ms or 78 ticks behind
[11:24:32] [Server thread/INFO]: <Cora_cold> 修好了
[11:24:43] [Server thread/INFO]: <ChengXi123> 能用了？
[11:24:44] [Server thread/WARN]: Can't keep up! Is the server overloaded? Running 5400ms or 108 ticks behind
[11:24:46] [Server thread/INFO]: <Cora_cold> 是的
[11:25:06] [Server thread/WARN]: Can't keep up! Is the server overloaded? Running 7135ms or 142 ticks behind
[11:25:29] [Server thread/WARN]: Can't keep up! Is the server overloaded? Running 7970ms or 159 ticks behind
[11:25:46] [Server thread/WARN]: Can't keep up! Is the server overloaded? Running 2358ms or 47 ticks behind
[11:26:05] [Server thread/WARN]: Can't keep up! Is the server overloaded? Running 3685ms or 73 ticks behind
[11:26:26] [Server thread/WARN]: Can't keep up! Is the server overloaded? Running 5880ms or 117 ticks behind
[11:26:44] [Server thread/WARN]: Can't keep up! Is the server overloaded? Running 3523ms or 70 ticks behind
[11:27:02] [Server thread/WARN]: Can't keep up! Is the server overloaded? Running 2819ms or 56 ticks behind
[11:27:27] [Server thread/WARN]: Can't keep up! Is the server overloaded? Running 9961ms or 199 ticks behind
[11:27:49] [Server thread/WARN]: Can't keep up! Is the server overloaded? Running 7232ms or 144 ticks behind
[11:27:59] [Server thread/INFO]: <ChengXi123> 我来看看
[11:28:10] [Server thread/WARN]: Can't keep up! Is the server overloaded? Running 5245ms or 104 ticks behind
[11:28:30] [Server thread/WARN]: Can't keep up! Is the server overloaded? Running 5153ms or 103 ticks behind
[11:28:33] [Server thread/INFO]: <ChengXi123> 14块的经验修补，哈哈
[11:28:56] [Server thread/WARN]: Can't keep up! Is the server overloaded? Running 11336ms or 226 ticks behind
[11:29:18] [Server thread/WARN]: Can't keep up! Is the server overloaded? Running 7368ms or 147 ticks behind
[11:29:20] [Server thread/INFO]: <ChengXi123> 你有打火石吗
[11:29:27] [Server thread/INFO]: <Cora_cold> 没带
[11:29:32] [Server thread/INFO]: <ChengXi123> 门炸了
[11:29:37] [Server thread/WARN]: Can't keep up! Is the server overloaded? Running 3938ms or 78 ticks behind
[11:30:05] [Server thread/WARN]: Can't keep up! Is the server overloaded? Running 12566ms or 251 ticks behind
[11:30:29] [Server thread/WARN]: Can't keep up! Is the server overloaded? Running 9153ms or 183 ticks behind
[11:30:33] [Server thread/INFO]: [TextileBackup]: Backup started by: SERVER on: 2020-04-23_11-30-33
[11:30:33] [Server thread/INFO]: [TextileBackup]: Saving server...
[11:30:36] [Thread-53/INFO]: [TextileBackup]: Starting compression...
[11:31:28] [Server thread/WARN]: Can't keep up! Is the server overloaded? Running 44042ms or 880 ticks behind
[11:32:15] [Server thread/WARN]: Can't keep up! Is the server overloaded? Running 32436ms or 648 ticks behind
[11:32:51] [Server thread/WARN]: Can't keep up! Is the server overloaded? Running 20712ms or 414 ticks behind
[11:32:54] [Thread-53/INFO]: [TextileBackup]: Compression finished
[11:32:54] [Thread-53/INFO]: [TextileBackup]: Deleting: 2020-04-22_11-19-29.zip
[11:33:01] [Thread-53/INFO]: [TextileBackup]: Done!
[11:33:39] [Server thread/INFO]: <Cora_cold> 信标玩不懂
[11:34:01] [Server thread/WARN]: Can't keep up! Is the server overloaded? Running 2052ms or 41 ticks behind
[11:34:57] [Server thread/WARN]: Can't keep up! Is the server overloaded? Running 3751ms or 75 ticks behind
[11:37:08] [Server thread/WARN]: Fetching packet for removed entity class_1542['Air'/44000, l='skimit', x=-525.35, y=81.62, z=424.61]
[11:38:36] [Server thread/WARN]: Can't keep up! Is the server overloaded? Running 2008ms or 40 ticks behind
[11:39:00] [Server thread/WARN]: Can't keep up! Is the server overloaded? Running 9138ms or 182 ticks behind
[11:39:24] [Server thread/WARN]: Can't keep up! Is the server overloaded? Running 9075ms or 181 ticks behind
[11:39:42] [Server thread/WARN]: Can't keep up! Is the server overloaded? Running 3182ms or 63 ticks behind
[11:40:03] [Server thread/WARN]: Can't keep up! Is the server overloaded? Running 5423ms or 108 ticks behind
[11:40:20] [Server thread/WARN]: Fetching packet for removed entity class_1542['Air'/45348, l='skimit', x=-519.74, y=70.71, z=422.45]
[11:40:24] [Server thread/WARN]: Can't keep up! Is the server overloaded? Running 5856ms or 117 ticks behind
[11:40:51] [Server thread/WARN]: Can't keep up! Is the server overloaded? Running 12127ms or 242 ticks behind
[11:41:10] [Server thread/WARN]: Can't keep up! Is the server overloaded? Running 4844ms or 96 ticks behind
[11:41:31] [Server thread/WARN]: Can't keep up! Is the server overloaded? Running 5402ms or 108 ticks behind
[11:41:52] [Server thread/WARN]: Can't keep up! Is the server overloaded? Running 5958ms or 119 ticks behind
[11:41:59] [Server thread/INFO]: <ChengXi123> 你人呢/
[11:42:09] [Server thread/WARN]: Can't keep up! Is the server overloaded? Running 2312ms or 46 ticks behind
[11:42:13] [Server thread/INFO]: <Cora_cold> zhushijie
[11:42:32] [Server thread/WARN]: Can't keep up! Is the server overloaded? Running 7787ms or 155 ticks behind
[11:42:44] [Server thread/INFO]: <ChengXi123> 猪屎街？
[11:42:50] [Server thread/WARN]: Can't keep up! Is the server overloaded? Running 3411ms or 68 ticks behind
[11:42:54] [Server thread/INFO]: <Cora_cold> 主世界
[11:43:10] [Server thread/WARN]: Can't keep up! Is the server overloaded? Running 5058ms or 101 ticks behind
[11:43:32] [Server thread/WARN]: Can't keep up! Is the server overloaded? Running 6757ms or 135 ticks behind
[11:43:53] [Server thread/INFO]: <ChengXi123> 主世界哪？
[11:43:53] [Server thread/WARN]: Can't keep up! Is the server overloaded? Running 5886ms or 117 ticks behind
[11:44:08] [Server thread/INFO]: <Cora_cold> 村名哪里
[11:44:21] [Server thread/INFO]: <Cora_cold> 村民那里
[11:44:26] [Server thread/WARN]: Can't keep up! Is the server overloaded? Running 2079ms or 41 ticks behind
[11:44:47] [Server thread/WARN]: Can't keep up! Is the server overloaded? Running 6456ms or 129 ticks behind
[11:45:13] [Server thread/WARN]: Can't keep up! Is the server overloaded? Running 10727ms or 214 ticks behind
[11:45:41] [Server thread/WARN]: Can't keep up! Is the server overloaded? Running 12690ms or 253 ticks behind
[11:46:02] [Server thread/WARN]: Can't keep up! Is the server overloaded? Running 5840ms or 116 ticks behind
[11:46:21] [Server thread/WARN]: Can't keep up! Is the server overloaded? Running 4392ms or 87 ticks behind
[11:46:42] [Server thread/WARN]: Can't keep up! Is the server overloaded? Running 6025ms or 120 ticks behind
[11:47:03] [Server thread/WARN]: Can't keep up! Is the server overloaded? Running 5849ms or 116 ticks behind
[11:47:26] [Server thread/WARN]: Can't keep up! Is the server overloaded? Running 8094ms or 161 ticks behind
[11:47:36] [Server thread/INFO]: <ChengXi123> 找不到你
[11:47:56] [Server thread/WARN]: Can't keep up! Is the server overloaded? Running 15092ms or 301 ticks behind
[11:47:57] [Server thread/INFO]: <Cora_cold> d等等
[11:48:17] [Server thread/WARN]: Can't keep up! Is the server overloaded? Running 6577ms or 131 ticks behind
[11:48:40] [Server thread/WARN]: Can't keep up! Is the server overloaded? Running 8138ms or 162 ticks behind
[11:49:00] [Server thread/WARN]: Can't keep up! Is the server overloaded? Running 4860ms or 97 ticks behind
[11:49:25] [Server thread/WARN]: Can't keep up! Is the server overloaded? Running 9237ms or 184 ticks behind
[11:49:46] [Server thread/WARN]: Can't keep up! Is the server overloaded? Running 6254ms or 125 ticks behind
[11:50:07] [Server thread/WARN]: Can't keep up! Is the server overloaded? Running 5871ms or 117 ticks behind
[11:50:26] [Server thread/WARN]: Can't keep up! Is the server overloaded? Running 4134ms or 82 ticks behind
[11:50:45] [Server thread/WARN]: Can't keep up! Is the server overloaded? Running 4101ms or 82 ticks behind
[11:51:05] [Server thread/WARN]: Can't keep up! Is the server overloaded? Running 5489ms or 109 ticks behind
[11:51:26] [Server thread/WARN]: Can't keep up! Is the server overloaded? Running 5559ms or 111 ticks behind
[11:51:44] [Server thread/WARN]: Can't keep up! Is the server overloaded? Running 3331ms or 66 ticks behind
[11:52:13] [Server thread/WARN]: Can't keep up! Is the server overloaded? Running 2053ms or 41 ticks behind
[11:52:46] [Server thread/INFO]: ChengXi123 lost connection: Disconnected
[11:52:46] [Server thread/INFO]: ChengXi123 left the game
[11:53:03] [Server thread/INFO]: ChengXi123[/127.0.0.1:58761] logged in with entity id 49088 at (-179.88554822005733, 35.40437599579859, 215.52092078026703)
[11:53:03] [Netty Server IO #1/WARN]: Received invalid identifier in minecraft:register: legacy:fml|hs (Non [a-z0-9/._-] character in path of location: legacy:fml|hs)
[11:53:03] [Server thread/INFO]: ChengXi123 joined the game
[11:53:19] [Server thread/WARN]: Can't keep up! Is the server overloaded? Running 2021ms or 40 ticks behind
[11:53:58] [Server thread/WARN]: Can't keep up! Is the server overloaded? Running 2510ms or 50 ticks behind
[11:54:17] [Server thread/WARN]: Can't keep up! Is the server overloaded? Running 3887ms or 77 ticks behind
[11:55:56] [Server thread/INFO]: <ChengXi123> 下面一地铁傀儡怎么处理
[11:57:04] [Server thread/INFO]: <Cora_cold> 铁傀儡进去之后会掉血生锈
[11:57:26] [Server thread/INFO]: <Cora_cold> 把铁轨拆了吧
[11:57:57] [Server thread/WARN]: Can't keep up! Is the server overloaded? Running 2117ms or 42 ticks behind
[11:58:18] [Server thread/WARN]: Can't keep up! Is the server overloaded? Running 2016ms or 40 ticks behind
[11:58:19] [Server thread/INFO]: <ChengXi123> 先拆这么多吧
[11:58:33] [Server thread/INFO]: <ChengXi123> 可能以后要维修
[11:58:36] [Server thread/WARN]: Can't keep up! Is the server overloaded? Running 3313ms or 66 ticks behind
[11:58:48] [Server thread/INFO]: <Cora_cold> 铁傀儡咋办
[11:58:58] [Server thread/WARN]: Can't keep up! Is the server overloaded? Running 2098ms or 41 ticks behind
[11:59:07] [Server thread/WARN]: Fetching packet for removed entity class_1542['Air'/50061, l='skimit', x=-130.76, y=3.00, z=267.11]
[11:59:16] [Server thread/WARN]: Can't keep up! Is the server overloaded? Running 2978ms or 59 ticks behind
[11:59:33] [Server thread/WARN]: Can't keep up! Is the server overloaded? Running 2144ms or 42 ticks behind
[11:59:58] [Server thread/WARN]: Can't keep up! Is the server overloaded? Running 2003ms or 40 ticks behind
[12:00:18] [Server thread/WARN]: Can't keep up! Is the server overloaded? Running 2028ms or 40 ticks behind
[12:00:35] [Server thread/WARN]: Can't keep up! Is the server overloaded? Running 2141ms or 42 ticks behind
[12:00:44] [Server thread/INFO]: <ChengXi123> 这边一地粘液球
[12:00:52] [Server thread/WARN]: Can't keep up! Is the server overloaded? Running 2023ms or 40 ticks behind
[12:01:15] [Server thread/INFO]: <Cora_cold> 怎么办
[12:01:19] [Server thread/INFO]: <Cora_cold> 这么多铁傀儡
[12:01:35] [Server thread/INFO]: <ChengXi123> 留几只产粘液球
[12:01:39] [Server thread/WARN]: Can't keep up! Is the server overloaded? Running 2009ms or 40 ticks behind
[12:01:45] [Server thread/INFO]: Cora_cold lost connection: Disconnected
[12:01:45] [Server thread/INFO]: Cora_cold left the game
[12:01:57] [Server thread/WARN]: Can't keep up! Is the server overloaded? Running 2072ms or 41 ticks behind
[12:03:00] [Server thread/INFO]: ChengXi123 lost connection: Disconnected
[12:03:00] [Server thread/INFO]: ChengXi123 left the game
[13:47:35] [Server thread/INFO]: Cora_cold[/127.0.0.1:62898] logged in with entity id 50827 at (-291.79207643753847, 144.6295357529775, 438.1521679887123)
[13:47:35] [Netty Server IO #1/WARN]: Received invalid identifier in minecraft:register: legacy:fml|hs (Non [a-z0-9/._-] character in path of location: legacy:fml|hs)
[13:47:35] [Server thread/INFO]: Cora_cold joined the game
[13:47:35] [Server thread/INFO]: [TextileBackup]: Backup started by: SERVER on: 2020-04-23_13-47-35
[13:47:35] [Server thread/INFO]: [TextileBackup]: Saving server...
[13:47:36] [Thread-54/INFO]: [TextileBackup]: Starting compression...
[13:47:37] [Server thread/WARN]: Can't keep up! Is the server overloaded? Running 2257ms or 45 ticks behind
[13:48:08] [Server thread/WARN]: Can't keep up! Is the server overloaded? Running 16306ms or 326 ticks behind
[13:48:43] [Server thread/WARN]: Can't keep up! Is the server overloaded? Running 20309ms or 406 ticks behind
[13:49:14] [Server thread/WARN]: Can't keep up! Is the server overloaded? Running 16072ms or 321 ticks behind
[13:49:49] [Server thread/WARN]: Can't keep up! Is the server overloaded? Running 19931ms or 398 ticks behind
[13:50:20] [Thread-54/INFO]: [TextileBackup]: Compression finished
[13:50:21] [Thread-54/INFO]: [TextileBackup]: Deleting: 2020-04-22_12-45-20.zip
[13:50:21] [Thread-54/INFO]: [TextileBackup]: Done!
[13:50:28] [Server thread/WARN]: Can't keep up! Is the server overloaded? Running 23875ms or 477 ticks behind
[13:50:51] [Server thread/WARN]: Can't keep up! Is the server overloaded? Running 8418ms or 168 ticks behind
[13:51:11] [Server thread/WARN]: Can't keep up! Is the server overloaded? Running 4790ms or 95 ticks behind
[13:51:34] [Server thread/WARN]: Can't keep up! Is the server overloaded? Running 8226ms or 164 ticks behind
[13:53:39] [Server thread/WARN]: Mismatch in destroy block pos: class_2338{x=-183, y=62, z=191} class_2338{x=-183, y=60, z=190}
[13:56:30] [Server thread/WARN]: Can't keep up! Is the server overloaded? Running 2122ms or 42 ticks behind
[13:56:44] [Server thread/INFO]: ChengXi123[/127.0.0.1:63217] logged in with entity id 52510 at (-140.25275890179762, 5.0, 213.3033232345948)
[13:56:44] [Netty Server IO #0/WARN]: Received invalid identifier in minecraft:register: legacy:fml|hs (Non [a-z0-9/._-] character in path of location: legacy:fml|hs)
[13:56:44] [Server thread/INFO]: ChengXi123 joined the game
[13:56:54] [Server thread/INFO]: <ChengXi123> hi
[13:57:05] [Server thread/INFO]: <Cora_cold> 我做一下收集就去上课
[13:57:46] [Server thread/INFO]: <Cora_cold> 收集怎么做啊
[13:58:05] [Server thread/INFO]: <ChengXi123> 用漏斗？
[13:58:38] [Server thread/INFO]: ChengXi123 lost connection: Disconnected
[13:58:38] [Server thread/INFO]: ChengXi123 left the game
[13:59:24] [Server thread/INFO]: Cora_cold lost connection: Disconnected
[13:59:24] [Server thread/INFO]: Cora_cold left the game
[14:02:18] [Server thread/INFO]: ChengXi123[/127.0.0.1:63423] logged in with entity id 53151 at (-172.6311759426439, 82.1212968405392, 204.53853514371352)
[14:02:18] [Netty Server IO #1/WARN]: Received invalid identifier in minecraft:register: legacy:fml|hs (Non [a-z0-9/._-] character in path of location: legacy:fml|hs)
[14:02:18] [Server thread/INFO]: ChengXi123 joined the game
[14:04:58] [Server thread/WARN]: Can't keep up! Is the server overloaded? Running 2323ms or 46 ticks behind
[14:05:20] [Server thread/WARN]: Can't keep up! Is the server overloaded? Running 2018ms or 40 ticks behind
[14:06:37] [Server thread/WARN]: Can't keep up! Is the server overloaded? Running 2544ms or 50 ticks behind
[14:11:40] [Server thread/WARN]: Can't keep up! Is the server overloaded? Running 2400ms or 48 ticks behind
[14:22:53] [Server thread/INFO]: ChengXi123 lost connection: Disconnected
[14:22:53] [Server thread/INFO]: ChengXi123 left the game
[14:23:01] [Server thread/INFO]: ChengXi123[/127.0.0.1:64167] logged in with entity id 56580 at (-144.6041981964622, 82.0, 184.0404800034169)
[14:23:01] [Server thread/INFO]: ChengXi123 joined the game
[14:23:02] [Netty Server IO #1/WARN]: Received invalid identifier in minecraft:register: legacy:fml|hs (Non [a-z0-9/._-] character in path of location: legacy:fml|hs)
[14:46:42] [Server thread/WARN]: Can't keep up! Is the server overloaded? Running 2207ms or 44 ticks behind
[14:47:34] [Server thread/INFO]: [TextileBackup]: Backup started by: SERVER on: 2020-04-23_14-47-34
[14:47:34] [Server thread/INFO]: [TextileBackup]: Saving server...
[14:47:35] [Thread-55/INFO]: [TextileBackup]: Starting compression...
[14:47:38] [Server thread/WARN]: Can't keep up! Is the server overloaded? Running 2182ms or 43 ticks behind
[14:47:55] [Server thread/WARN]: Can't keep up! Is the server overloaded? Running 2502ms or 50 ticks behind
[14:48:20] [Server thread/INFO]: Cora_cold[/127.0.0.1:65094] logged in with entity id 60469 at (-138.32238179370358, 82.0, 185.13761805568333)
[14:48:20] [Server thread/INFO]: Cora_cold joined the game
[14:48:21] [Server thread/WARN]: Can't keep up! Is the server overloaded? Running 2250ms or 45 ticks behind
[14:48:22] [Netty Server IO #1/WARN]: Received invalid identifier in minecraft:register: legacy:fml|hs (Non [a-z0-9/._-] character in path of location: legacy:fml|hs)
[14:48:42] [Server thread/WARN]: Can't keep up! Is the server overloaded? Running 5673ms or 113 ticks behind
[14:48:46] [Server thread/INFO]: <Cora_cold> 神他妈的收集QAQ
[14:48:56] [Server thread/INFO]: <Cora_cold> 我打算用水流
[14:49:01] [Server thread/WARN]: Can't keep up! Is the server overloaded? Running 4396ms or 87 ticks behind
[14:49:19] [Server thread/WARN]: Can't keep up! Is the server overloaded? Running 2744ms or 54 ticks behind
[14:49:24] [Server thread/INFO]: <ChengXi123> 还差2个漏斗要吗？给我
[14:49:27] [Thread-55/INFO]: [TextileBackup]: Compression finished
[14:49:27] [Thread-55/INFO]: [TextileBackup]: Deleting: 2020-04-22_13-48-44.zip
[14:49:31] [Server thread/INFO]: <ChengXi123> 有
[14:49:34] [Thread-55/INFO]: [TextileBackup]: Done!
[14:49:36] [Server thread/WARN]: Can't keep up! Is the server overloaded? Running 2491ms or 49 ticks behind
[14:50:00] [Server thread/INFO]: <ChengXi123> 这样收集不好吗
[14:50:11] [Server thread/INFO]: <Cora_cold> 有点费漏斗
[14:50:24] [Server thread/INFO]: <ChengXi123> 难不成还要弄一个分类装置？
[14:50:45] [Server thread/WARN]: Can't keep up! Is the server overloaded? Running 2104ms or 42 ticks behind
[14:50:46] [Server thread/INFO]: <Cora_cold> 那我去做两个
[14:51:03] [Server thread/WARN]: Can't keep up! Is the server overloaded? Running 3384ms or 67 ticks behind
[14:51:27] [Server thread/WARN]: Can't keep up! Is the server overloaded? Running 8829ms or 176 ticks behind
[14:51:49] [Server thread/WARN]: Can't keep up! Is the server overloaded? Running 6642ms or 132 ticks behind
[14:51:55] [Server thread/INFO]: <ChengXi123> 告示牌
[14:52:08] [Server thread/WARN]: Can't keep up! Is the server overloaded? Running 4267ms or 85 ticks behind
[14:52:32] [Server thread/WARN]: Can't keep up! Is the server overloaded? Running 3461ms or 69 ticks behind
[14:52:49] [Server thread/WARN]: Can't keep up! Is the server overloaded? Running 2239ms or 44 ticks behind
[14:53:35] [Server thread/INFO]: <Cora_cold> 漏斗扑上去
[14:56:24] [Server thread/INFO]: <Cora_cold> 放漏斗啊
[14:56:30] [Server thread/INFO]: <ChengXi123> 两个箱子
[14:56:37] [Server thread/INFO]: <Cora_cold> 我去繁殖村民吗？
[14:56:43] [Server thread/INFO]: <ChengXi123> ?
[14:56:56] [Server thread/INFO]: <Cora_cold> 去交易场那里
[14:57:10] [Server thread/INFO]: <ChengXi123> 弄完再说
[14:57:36] [Server thread/WARN]: Can't keep up! Is the server overloaded? Running 2097ms or 41 ticks behind
[14:58:35] [Server thread/WARN]: Can't keep up! Is the server overloaded? Running 2011ms or 40 ticks behind
[14:58:37] [Server thread/INFO]: <ChengXi123> 啊啊啊啊，差个箱子
[14:58:53] [Server thread/WARN]: Can't keep up! Is the server overloaded? Running 2832ms or 56 ticks behind
[14:59:12] [Server thread/WARN]: Can't keep up! Is the server overloaded? Running 4612ms or 92 ticks behind
[14:59:32] [Server thread/WARN]: Can't keep up! Is the server overloaded? Running 4026ms or 80 ticks behind
[14:59:49] [Server thread/WARN]: Can't keep up! Is the server overloaded? Running 2415ms or 48 ticks behind
[15:00:06] [Server thread/WARN]: Can't keep up! Is the server overloaded? Running 2410ms or 48 ticks behind
[15:01:27] [Server thread/INFO]: <ChengXi123> 如此浪费
[15:01:43] [Server thread/INFO]: <Cora_cold> 做个四联的？
[15:01:58] [Server thread/INFO]: <ChengXi123> 你来你来
[15:02:06] [Server thread/INFO]: <Cora_cold> 这个东西没必要往上堆吧
[15:02:15] [Server thread/INFO]: <ChengXi123> 好看
[15:02:22] [Server thread/INFO]: <Cora_cold> 平行的堆就行了吧
[15:02:51] [Server thread/INFO]: <ChengXi123> 最好四个方向
[15:02:56] [Server thread/WARN]: Can't keep up! Is the server overloaded? Running 2017ms or 40 ticks behind
[15:04:39] [Server thread/WARN]: Can't keep up! Is the server overloaded? Running 2033ms or 40 ticks behind
[15:05:17] [Server thread/WARN]: Can't keep up! Is the server overloaded? Running 2055ms or 41 ticks behind
[15:05:26] [Server thread/INFO]: <ChengXi123> 距离要把控好，不然刷不了铁傀儡
[15:05:38] [Server thread/WARN]: Can't keep up! Is the server overloaded? Running 5985ms or 119 ticks behind
[15:05:41] [Server thread/INFO]: <ChengXi123> 先看看服主的怎么做的
[15:06:01] [Server thread/WARN]: Can't keep up! Is the server overloaded? Running 7438ms or 148 ticks behind
[15:06:26] [Server thread/WARN]: Can't keep up! Is the server overloaded? Running 10175ms or 203 ticks behind
[15:06:56] [Server thread/WARN]: Can't keep up! Is the server overloaded? Running 15083ms or 301 ticks behind
[15:07:22] [Server thread/INFO]: <ChengXi123> 这有繁殖好的村民
[15:07:30] [Server thread/WARN]: Can't keep up! Is the server overloaded? Running 18957ms or 379 ticks behind
[15:07:46] [Server thread/INFO]: <Cora_cold> 我挂机啦
[15:07:58] [Server thread/INFO]: <ChengXi123> 挂女巫塔啊
[15:07:59] [Server thread/WARN]: Can't keep up! Is the server overloaded? Running 14008ms or 280 ticks behind
[15:08:30] [Server thread/WARN]: Can't keep up! Is the server overloaded? Running 16547ms or 330 ticks behind
[15:08:39] [Server thread/INFO]: <Cora_cold> 挂箱子下面？
[15:08:49] [Server thread/WARN]: Can't keep up! Is the server overloaded? Running 4017ms or 80 ticks behind
[15:08:50] [Server thread/INFO]: <ChengXi123> y184
[15:08:56] [Server thread/INFO]: <Cora_cold> o
[15:08:57] [Server thread/INFO]: <ChengXi123> 上面有
[15:09:07] [Server thread/WARN]: Can't keep up! Is the server overloaded? Running 2816ms or 56 ticks behind
[15:09:26] [Server thread/WARN]: Can't keep up! Is the server overloaded? Running 4136ms or 82 ticks behind
[15:09:58] [Server thread/WARN]: Can't keep up! Is the server overloaded? Running 16589ms or 331 ticks behind
[15:10:39] [Server thread/INFO]: <Cora_cold> 我要去做题了
[15:10:43] [Server thread/INFO]: <ChengXi123> o
[15:12:04] [Server thread/INFO]: <Cora_cold> 笔记本的触摸板，不小心卡了一下
[15:12:12] [Server thread/INFO]: <ChengXi123> hh
[15:12:29] [Server thread/INFO]: <Cora_cold> [x:101, y:61, z:154]
[15:12:43] [Server thread/INFO]: <Cora_cold> 这里有6个史莱姆区块
[15:12:47] [Server thread/INFO]: <ChengXi123> ?
[15:12:53] [Server thread/INFO]: <Cora_cold> 我我下啦
[15:12:55] [Server thread/INFO]: Cora_cold lost connection: Disconnected
[15:12:55] [Server thread/INFO]: Cora_cold left the game
[15:12:56] [Server thread/INFO]: <ChengXi123> ?
[15:12:59] [Server thread/INFO]: ChengXi123 lost connection: Disconnected
[15:12:59] [Server thread/INFO]: ChengXi123 left the game
[15:13:20] [Server thread/INFO]: ChengXi123[/127.0.0.1:49642] logged in with entity id 65928 at (243.57336520599318, 184.0, 215.6032262763987)
[15:13:20] [Netty Server IO #0/WARN]: Received invalid identifier in minecraft:register: legacy:fml|hs (Non [a-z0-9/._-] character in path of location: legacy:fml|hs)
[15:13:20] [Server thread/INFO]: ChengXi123 joined the game
[15:45:01] [Server thread/INFO]: ChengXi123 lost connection: Disconnected
[15:45:01] [Server thread/INFO]: ChengXi123 left the game
[16:14:11] [Server thread/INFO]: ChengXi123[/127.0.0.1:51867] logged in with entity id 70908 at (245.69999998807907, 53.0, 212.48921347393954)
[16:14:11] [Netty Server IO #1/WARN]: Received invalid identifier in minecraft:register: legacy:fml|hs (Non [a-z0-9/._-] character in path of location: legacy:fml|hs)
[16:14:11] [Server thread/INFO]: ChengXi123 joined the game
[16:14:11] [Server thread/INFO]: [TextileBackup]: Backup started by: SERVER on: 2020-04-23_16-14-11
[16:14:11] [Server thread/INFO]: [TextileBackup]: Saving server...
[16:14:11] [Thread-56/INFO]: [TextileBackup]: Starting compression...
[16:14:20] [Server thread/WARN]: Wrong location! (20, 14) should be (21, 14), class_1642['Zombie'/70977, l='skimit', x=335.99, y=64.35, z=228.50]
[16:14:21] [Server thread/WARN]: Can't keep up! Is the server overloaded? Running 2391ms or 47 ticks behind
[16:14:48] [Server thread/WARN]: Can't keep up! Is the server overloaded? Running 11448ms or 228 ticks behind
[16:15:10] [Server thread/WARN]: Can't keep up! Is the server overloaded? Running 7377ms or 147 ticks behind
[16:15:34] [Server thread/WARN]: Can't keep up! Is the server overloaded? Running 9204ms or 184 ticks behind
[16:16:04] [Server thread/WARN]: Can't keep up! Is the server overloaded? Running 2035ms or 40 ticks behind
[16:16:36] [Thread-56/INFO]: [TextileBackup]: Compression finished
[16:16:36] [Thread-56/INFO]: [TextileBackup]: Deleting: 2020-04-22_14-48-46.zip
[16:16:36] [Thread-56/INFO]: [TextileBackup]: Done!
[16:23:54] [Server thread/WARN]: Can't keep up! Is the server overloaded? Running 2461ms or 49 ticks behind
[16:25:16] [Server thread/WARN]: Can't keep up! Is the server overloaded? Running 2432ms or 48 ticks behind
[16:25:33] [Server thread/WARN]: Can't keep up! Is the server overloaded? Running 2192ms or 43 ticks behind
[16:28:21] [Server thread/WARN]: Can't keep up! Is the server overloaded? Running 2279ms or 45 ticks behind
[16:28:42] [Server thread/WARN]: Can't keep up! Is the server overloaded? Running 5467ms or 109 ticks behind
[16:30:31] [Server thread/WARN]: Fetching packet for removed entity class_1542['Air'/73500, l='skimit', x=-155.14, y=6.00, z=179.70]
[16:32:30] [Server thread/INFO]: ChengXi123 lost connection: Disconnected
[16:32:30] [Server thread/INFO]: ChengXi123 left the game
[16:34:24] [Server thread/INFO]: ChengXi123[/127.0.0.1:52578] logged in with entity id 73872 at (-139.96350394227625, 82.0, 195.87495778536547)
[16:34:24] [Netty Server IO #0/WARN]: Received invalid identifier in minecraft:register: legacy:fml|hs (Non [a-z0-9/._-] character in path of location: legacy:fml|hs)
[16:34:24] [Server thread/INFO]: ChengXi123 joined the game
[16:34:47] [Server thread/WARN]: Fetching packet for removed entity class_1542['Air'/73967, l='skimit', x=-144.25, y=3.00, z=237.13]
[16:35:37] [Server thread/INFO]: ChengXi123 lost connection: Disconnected
[16:35:37] [Server thread/INFO]: ChengXi123 left the game
[16:46:06] [Server thread/WARN]: Can't keep up! Is the server overloaded? Running 2324ms or 46 ticks behind
[20:28:24] [Server thread/INFO]: XxiaoyunX[/127.0.0.1:61062] logged in with entity id 74188 at (-369.0169163049752, 74.0, 319.3827943390994)
[20:28:24] [Netty Server IO #0/WARN]: Received invalid identifier in minecraft:register: legacy:fml|hs (Non [a-z0-9/._-] character in path of location: legacy:fml|hs)
[20:28:24] [Server thread/INFO]: XxiaoyunX joined the game
[20:28:24] [Server thread/INFO]: [TextileBackup]: Backup started by: SERVER on: 2020-04-23_20-28-24
[20:28:24] [Server thread/INFO]: [TextileBackup]: Saving server...
[20:28:24] [Thread-57/INFO]: [TextileBackup]: Starting compression...
[20:29:00] [Server thread/WARN]: Can't keep up! Is the server overloaded? Running 2010ms or 40 ticks behind
[20:29:19] [Server thread/WARN]: Can't keep up! Is the server overloaded? Running 3731ms or 74 ticks behind
[20:29:41] [Server thread/WARN]: Fetching packet for removed entity class_1642['Zombie'/73282, l='skimit', x=-260.32, y=32.48, z=400.22]
[20:30:06] [Server thread/WARN]: Can't keep up! Is the server overloaded? Running 2134ms or 42 ticks behind
[20:30:31] [Server thread/WARN]: Can't keep up! Is the server overloaded? Running 10211ms or 204 ticks behind
[20:30:31] [Thread-57/INFO]: [TextileBackup]: Compression finished
[20:30:31] [Thread-57/INFO]: [TextileBackup]: Deleting: 2020-04-22_15-48-44.zip
[20:30:32] [Thread-57/INFO]: [TextileBackup]: Done!
[20:31:01] [Server thread/WARN]: Can't keep up! Is the server overloaded? Running 2325ms or 46 ticks behind
[20:31:24] [Server thread/WARN]: Can't keep up! Is the server overloaded? Running 7614ms or 152 ticks behind
[20:39:35] [Server thread/WARN]: Can't keep up! Is the server overloaded? Running 2131ms or 42 ticks behind
[20:41:19] [Server thread/WARN]: Can't keep up! Is the server overloaded? Running 2014ms or 40 ticks behind
[20:41:38] [Server thread/WARN]: Can't keep up! Is the server overloaded? Running 3273ms or 65 ticks behind
[20:46:24] [Server thread/WARN]: Can't keep up! Is the server overloaded? Running 2018ms or 40 ticks behind
[20:48:08] [Server thread/INFO]: XxiaoyunX was blown up by Creeper
[20:49:36] [Server thread/INFO]: XxiaoyunX hit the ground too hard
[20:51:27] [Server thread/WARN]: Can't keep up! Is the server overloaded? Running 3648ms or 72 ticks behind
[20:56:30] [Server thread/WARN]: Can't keep up! Is the server overloaded? Running 2140ms or 42 ticks behind
[20:57:27] [Server thread/WARN]: Can't keep up! Is the server overloaded? Running 2211ms or 44 ticks behind
[20:58:42] [Server thread/WARN]: Can't keep up! Is the server overloaded? Running 2021ms or 40 ticks behind
[20:59:00] [Server thread/WARN]: Can't keep up! Is the server overloaded? Running 2884ms or 57 ticks behind
[20:59:27] [Server thread/INFO]: XxiaoyunX lost connection: Disconnected
[20:59:27] [Server thread/INFO]: XxiaoyunX left the game
[22:48:47] [Server thread/INFO]: mingyuang[/127.0.0.1:49809] logged in with entity id 80849 at (192.5875516192681, 1.0, 0.7847932324542866)
[22:48:47] [Netty Server IO #1/WARN]: Received invalid identifier in minecraft:register: legacy:fml|hs (Non [a-z0-9/._-] character in path of location: legacy:fml|hs)
[22:48:47] [Server thread/INFO]: mingyuang joined the game
[22:48:47] [Server thread/WARN]: Fetching packet for removed entity class_1542['Ender Pearl'/80871, l='skimit', x=192.40, y=2.06, z=-0.46]
[22:48:47] [Server thread/INFO]: [TextileBackup]: Backup started by: SERVER on: 2020-04-23_22-48-47
[22:48:47] [Server thread/INFO]: [TextileBackup]: Saving server...
[22:48:48] [Thread-58/INFO]: [TextileBackup]: Starting compression...
[22:48:53] [Server thread/WARN]: Can't keep up! Is the server overloaded? Running 2170ms or 43 ticks behind
[22:49:21] [Server thread/WARN]: Can't keep up! Is the server overloaded? Running 13643ms or 272 ticks behind
[22:49:28] [Server thread/INFO]: mingyuang lost connection: Disconnected
[22:49:28] [Server thread/INFO]: mingyuang left the game
[22:50:10] [Thread-58/INFO]: [TextileBackup]: Compression finished
[22:50:10] [Thread-58/INFO]: [TextileBackup]: Deleting: 2020-04-22_18-57-19.zip
[22:50:10] [Thread-58/INFO]: [TextileBackup]: Done!
