[12:11:00] [main/INFO]: Loading for game Minecraft 1.16.2
[12:11:01] [ForkJoinPool-1-worker-3/WARN]: The mod "cotton-logging" contains invalid entries in its mod json:
- Unsupported root entry "licence" at line 7 column 12
[12:11:01] [ForkJoinPool-1-worker-3/WARN]: The mod "cotton-config" contains invalid entries in its mod json:
- Unsupported root entry "licence" at line 7 column 12
[12:11:01] [main/WARN]: Warnings were found! 
 - Mod 'BetterF3' (betterf3) recommends version 1.14.6 or later of mod modmenu, which is missing!
	 - You must install version 1.14.6 or later of modmenu.
[12:11:01] [main/INFO]: [FabricLoader] Loading 58 mods: fabric-renderer-api-v1@0.3.1+f8ac1db295, fabric-keybindings-v0@0.2.0+3fa9f7c595, fabricloader@0.10.6+build.214, fabric-structure-api-v1@1.1.0+f8ac1db295, bbor@2.4-1.16.3, com_github_shevek_parallelgzip@master-SNAPSHOT, fabric-containers-v0@0.1.8+045df74f95, fabric-object-builder-api-v1@1.8.1+f8ac1db295, fabric-game-rule-api-v1@1.0.2+f8ac1db295, fabric-api-base@0.1.3+12a8474c95, fabric-rendering-data-attachment-v1@0.1.4+f8ac1db295, fabric-textures-v0@1.0.4+eae12eb895, fabric-rendering-fluids-v1@0.1.12+f8ac1db295, cotton-logging@1.0.0-rc.4, fabric-blockrenderlayer-v1@1.1.4+c6a8ea8995, fabric-lifecycle-events-v1@1.2.0+74cc3b2095, fabric-renderer-registries-v1@2.2.0+f8ac1db295, fabric-loot-tables-v1@1.0.1+432ea18895, carpet-extra@1.4.14, fabric@0.22.1+build.409-1.16, carpet@1.4.14, fabric-particles-v1@0.2.2+fb0d9b0e95, fabric-networking-v0@0.1.10+e00ecb5f95, cotton-config@1.0.0-rc.7, fabric-networking-blockentity-v0@0.2.5+b50ffc7b95, here@0.0.10-mc1.16, minecraft@1.16.2, fabric-screen-handler-api-v1@1.1.0+8724984195, fabric-command-api-v1@1.0.8+5ce5339895, jankson@3.0.0+j1.2.0, cloth-basic-math@0.5.1, phosphor@0.6.0+build.7, fabric-tool-attribute-api-v1@1.2.3+f8ac1db295, bluemap@1.0.0, fabric-renderer-indigo@0.4.1+f8ac1db295, player-roles@1.1.1, org_apache_commons_commons-compress@1.19, fabric-item-api-v1@1.2.0+f8ac1db295, fabric-events-interaction-v0@0.4.1+f8ac1db295, fabric-crash-report-info-v1@0.1.2+b7f9825d95, fabric-rendering-v0@1.1.1+f8ac1db295, fabric-key-binding-api-v1@1.0.1+730711c695, fabric-rendering-v1@1.3.1+f8ac1db295, cloth-config2@4.7.0-unstable, org_tukaani_xz@1.8, fabric-resource-loader-v0@0.3.1+facf3bbf95, fabric-content-registries-v0@0.1.9+059ea86695, fabric-tag-extensions-v0@1.0.3+ac8e8c5995, fabric-biome-api-v1@2.0.0+c29459ab95, fabric-registry-sync-v0@0.5.2+3c53fe3395, fabric-commands-v0@0.2.0+52d3083695, textile_backup@2.0.1-1.16.3, fabric-mining-levels-v0@0.1.2+b764ce9995, betterf3@1.1.1, fabric-events-lifecycle-v0@0.2.0+16acbe5b95, fabric-models-v0@0.1.1+f8ac1db295, fabric-item-groups-v0@0.2.0+438f963695, fabric-object-builders-v0@0.7.0+432ea18895
[12:11:01] [main/WARN]: Mod `com_github_shevek_parallelgzip` (master-SNAPSHOT) does not respect SemVer - comparison support is limited.
[12:11:02] [main/INFO]: SpongePowered MIXIN Subsystem Version=0.8.2 Source=file:/srv/survival/fabric-server-launch.jar Service=Knot/Fabric Env=SERVER
[12:11:28] [main/INFO]: [Textile Backup] Starting Textile Backup by Szum123321.
[12:11:32] [main/INFO]: Environment: authHost='https://authserver.mojang.com', accountsHost='https://api.mojang.com', sessionHost='https://sessionserver.mojang.com', name='PROD'
[12:11:35] [main/WARN]: Ambiguity between arguments [bluemap, marker, create, id, map, x] and [bluemap, marker, create, id, map, label] with inputs: [0, -1, -.5, 1.2, .5, -1234.56]
[12:11:35] [main/WARN]: Ambiguity between arguments [bluemap, render, cancel] and [bluemap, render, world|map] with inputs: [cancel]
[12:11:35] [main/WARN]: Ambiguity between arguments [bluemap, render, prioritize] and [bluemap, render, world|map] with inputs: [prioritize]
[12:11:35] [main/WARN]: Ambiguity between arguments [bluemap, render, radius] and [bluemap, render, world|map] with inputs: [0, -123, 123]
[12:11:35] [main/WARN]: Ambiguity between arguments [bluemap, render, radius] and [bluemap, render, x] with inputs: [0, -123, 123]
[12:11:35] [main/WARN]: Ambiguity between arguments [bluemap, render, x] and [bluemap, render, radius] with inputs: [0, -1]
[12:11:35] [main/WARN]: Ambiguity between arguments [bluemap, render, x] and [bluemap, render, world|map] with inputs: [0, -1, -.5, 1.2, .5, -1234.56]
[12:11:35] [main/WARN]: Ambiguity between arguments [teleport, destination] and [teleport, targets] with inputs: [Player, 0123, @e, dd12be42-52a9-4a91-a8a1-11c01849e498]
[12:11:35] [main/WARN]: Ambiguity between arguments [teleport, location] and [teleport, destination] with inputs: [0.1 -0.5 .9, 0 0 0]
[12:11:35] [main/WARN]: Ambiguity between arguments [teleport, location] and [teleport, targets] with inputs: [0.1 -0.5 .9, 0 0 0]
[12:11:35] [main/WARN]: Ambiguity between arguments [teleport, targets] and [teleport, destination] with inputs: [Player, 0123, dd12be42-52a9-4a91-a8a1-11c01849e498]
[12:11:35] [main/WARN]: Ambiguity between arguments [teleport, targets, location] and [teleport, targets, destination] with inputs: [0.1 -0.5 .9, 0 0 0]
[12:11:35] [main/INFO]: Reloading ResourceManager: Default, bukkit, Fabric Tool Attribute API (v1), Player Roles, skimit-DataPack
[12:11:40] [Worker-Main-2/INFO]: Loaded 7 recipes
[12:11:41] [Worker-Main-2/INFO]: Loaded 927 advancements
[12:11:46] [main/WARN]: [fabric-registry-sync] Could not find the following registries: minecraft:biome_source_type, minecraft:block_state_provider_type, minecraft:dimension_type, minecraft:structure_piece, minecraft:carver, minecraft:block_placer_type, minecraft:decorator, minecraft:structure_feature, minecraft:surface_builder, minecraft:foliage_placer_type, minecraft:feature, minecraft:tree_decorator_type, minecraft:structure_pool_element, minecraft:biome, minecraft:chunk_generator_type, minecraft:structure_processor
[12:11:46] [main/INFO]: [fabric-registry-sync] Loaded registry data [file 1/4]
[12:11:47] [Server thread/INFO]: Starting minecraft server version 1.16.2
[12:11:47] [Server thread/INFO]: Loading properties
[12:11:47] [Server thread/INFO]: Default game type: SURVIVAL
[12:11:47] [Server thread/INFO]: Generating keypair
[12:11:47] [Server thread/INFO]: Starting Minecraft server on *:34268
[12:11:47] [Server thread/INFO]: Using epoll channel type
[12:11:48] [Server thread/WARN]: **** SERVER IS RUNNING IN OFFLINE/INSECURE MODE!
[12:11:48] [Server thread/WARN]: The server will make no attempt to authenticate usernames. Beware.
[12:11:48] [Server thread/WARN]: While this makes the game possible to play without internet access, it also opens up the ability for hackers to connect with any username they choose.
[12:11:48] [Server thread/WARN]: To change this, set "online-mode" to "true" in the server.properties file.
[12:11:48] [Server thread/INFO]: Preparing level "world"
[12:11:49] [Server thread/INFO]: [CM]: loaded setting combineXPOrbs as true from carpet.conf
[12:11:49] [Server thread/INFO]: [CM]: loaded setting onePlayerSleeping as true from carpet.conf
[12:11:49] [Server thread/INFO]: [CM]: loaded setting leadFix as true from carpet.conf
[12:11:49] [Server thread/INFO]: [CM]: loaded setting ctrlQCraftingFix as true from carpet.conf
[12:11:49] [Server thread/INFO]: [CM]: loaded setting language as zh_cn from carpet.conf
[12:11:49] [Server thread/INFO]: [CM]: loaded setting commandTick as true from carpet.conf
[12:11:49] [Server thread/INFO]: [CM]: loaded setting commandDraw as false from carpet.conf
[12:11:49] [Server thread/INFO]: [CM]: loaded setting fastRedstoneDust as true from carpet.conf
[12:11:49] [Server thread/INFO]: [CM]: loaded setting rotatorBlock as true from carpet.conf
[12:11:49] [Server thread/INFO]: [CM]: loaded setting commandPlayer as true from carpet.conf
[12:11:49] [Server thread/INFO]: [CM]: loaded setting updateSuppressionCrashFix as true from carpet.conf
[12:11:49] [Server thread/INFO]: [CM]: loaded setting reloadSuffocationFix as true from carpet.conf
[12:11:49] [Server thread/INFO]: [CM]: loaded setting antiCheatDisabled as true from carpet.conf
[12:11:49] [Server thread/INFO]: [CM]: loaded setting commandPing as true from carpet.conf
[12:11:49] [Server thread/INFO]: [CM]: loaded setting defaultLoggers as tps,mobcaps from carpet.conf
[12:11:49] [Server thread/INFO]: [CM]: loaded setting placementRotationFix as true from carpet.conf
[12:11:49] [Server thread/INFO]: [CM]: loaded setting hopperCounters as true from carpet.conf
[12:11:49] [Server thread/INFO]: [CM]: loaded setting flippinCactus as true from carpet.conf
[12:11:49] [Server thread/INFO]: [CM]: loaded setting lagFreeSpawning as true from carpet.conf
[12:11:50] [Server thread/INFO]: create world dimension: minecraft:overworld (seed: 20190827)
[12:11:50] [Server thread/INFO]: create world dimension: minecraft:the_nether (seed: 20190827)
[12:11:50] [Server thread/INFO]: create world dimension: minecraft:the_end (seed: 20190827)
[12:11:50] [Server thread/INFO]: Preparing start region for dimension minecraft:overworld
[12:12:03] [Server thread/INFO]: Preparing spawn area: 0%
[12:12:03] [Server thread/INFO]: Preparing spawn area: 0%
[12:12:03] [Server thread/INFO]: Preparing spawn area: 0%
[12:12:03] [Server thread/INFO]: Preparing spawn area: 0%
[12:12:03] [Server thread/INFO]: Preparing spawn area: 0%
[12:12:03] [Server thread/INFO]: Preparing spawn area: 0%
[12:12:03] [Server thread/INFO]: Preparing spawn area: 0%
[12:12:03] [Server thread/INFO]: Preparing spawn area: 0%
[12:12:03] [Server thread/INFO]: Preparing spawn area: 0%
[12:12:03] [Server thread/INFO]: Preparing spawn area: 0%
[12:12:03] [Server thread/INFO]: Preparing spawn area: 0%
[12:12:03] [Server thread/INFO]: Preparing spawn area: 0%
[12:12:03] [Server thread/INFO]: Preparing spawn area: 0%
[12:12:03] [Server thread/INFO]: Preparing spawn area: 0%
[12:12:03] [Server thread/INFO]: Preparing spawn area: 0%
[12:12:03] [Server thread/INFO]: Preparing spawn area: 0%
[12:12:03] [Server thread/INFO]: Preparing spawn area: 0%
[12:12:03] [Server thread/INFO]: Preparing spawn area: 0%
[12:12:03] [Server thread/INFO]: Preparing spawn area: 0%
[12:12:03] [Server thread/INFO]: Preparing spawn area: 0%
[12:12:03] [Server thread/INFO]: Preparing spawn area: 0%
[12:12:03] [Server thread/INFO]: Preparing spawn area: 0%
[12:12:03] [Server thread/INFO]: Preparing spawn area: 0%
[12:12:03] [Server thread/INFO]: Preparing spawn area: 0%
[12:12:03] [Server thread/INFO]: Preparing spawn area: 0%
[12:12:03] [Server thread/INFO]: Preparing spawn area: 0%
[12:12:03] [Server thread/INFO]: Preparing spawn area: 0%
[12:12:03] [Worker-Main-2/INFO]: Preparing spawn area: 0%
[12:12:04] [Server thread/INFO]: Preparing spawn area: 0%
[12:12:05] [Server thread/INFO]: Time elapsed: 15698 ms
[12:12:05] [Server thread/INFO]: Done (16.921s)! For help, type "help"
[12:12:05] [Server thread/INFO]: Starting remote control listener
[12:12:05] [Server thread/INFO]: Thread RCON Listener started
[12:12:05] [Server thread/INFO]: RCON running on 0.0.0.0:796
[12:12:06] [Thread-66/INFO]: Loading BlueMap...
[12:12:08] [Thread-66/INFO]: Loading resources...
[12:12:08] [Thread-67/INFO]: WebServer started.
[12:12:08] [Server thread/INFO]: Can only manipulate existing players
[12:12:08] [Server thread/INFO]: Can only manipulate existing players
[12:12:08] [Server thread/INFO]: Can only manipulate existing players
[12:12:08] [Server thread/INFO]: Can only manipulate existing players
[12:12:08] [Server thread/INFO]: Can only manipulate existing players
[12:12:08] [Server thread/INFO]: Can only manipulate existing players
[12:12:08] [Server thread/INFO]: Can only manipulate existing players
[12:12:08] [Server thread/INFO]: Can only manipulate existing players
[12:12:08] [Server thread/INFO]: Can only manipulate existing players
[12:12:08] [Server thread/INFO]: Can only manipulate existing players
[12:12:08] [Server thread/INFO]: An unexpected error occurred trying to execute that command
[12:12:08] [Server thread/INFO]: Can only manipulate existing players
[12:12:08] [Server thread/INFO]: Can only manipulate existing players
[12:12:08] [Server thread/WARN]: Can't keep up! Is the server overloaded? Running 2470ms or 49 ticks behind
[12:12:15] [Thread-66/INFO]: Loading bluemap assets (1/3)...
[12:12:16] [Thread-66/INFO]: Loading realms assets (2/3)...
[12:12:16] [Thread-66/INFO]: Loading minecraft assets (3/3)...
[12:12:21] [Thread-66/INFO]: BlueMap loaded!
[12:12:28] [Server thread/WARN]: Can't keep up! Is the server overloaded? Running 5234ms or 104 ticks behind
[12:14:00] [Server thread/INFO]: Can only manipulate existing players
[12:14:00] [Server thread/INFO]: Can only manipulate existing players
[12:16:00] [Server thread/INFO]: Can only manipulate existing players
[12:16:00] [Server thread/INFO]: Can only manipulate existing players
[12:18:00] [Server thread/INFO]: Can only manipulate existing players
[12:18:00] [Server thread/INFO]: Can only manipulate existing players
[12:20:00] [Server thread/INFO]: Can only manipulate existing players
[12:20:00] [Server thread/INFO]: Can only manipulate existing players
[12:20:00] [Server thread/INFO]: shuijiao[local] logged in with entity id 130 at (-42.5, 61.0, 240.5)
[12:20:00] [Server thread/INFO]: shuijiao joined the game
[12:20:02] [Server thread/WARN]: Can't keep up! Is the server overloaded? Running 2037ms or 40 ticks behind
[12:30:00] [Server thread/INFO]: Player shuijiao is already logged on
[12:40:00] [Server thread/INFO]: Player shuijiao is already logged on
[12:50:00] [Server thread/INFO]: Player shuijiao is already logged on
[13:00:00] [Server thread/INFO]: Player shuijiao is already logged on
[13:10:00] [Server thread/INFO]: Player shuijiao is already logged on
[13:20:00] [Server thread/INFO]: Player shuijiao is already logged on
[13:30:00] [Server thread/INFO]: Player shuijiao is already logged on
[13:40:00] [Server thread/INFO]: Player shuijiao is already logged on
[13:50:00] [Server thread/INFO]: Player shuijiao is already logged on
[14:00:00] [Server thread/INFO]: Player shuijiao is already logged on
[14:10:00] [Server thread/INFO]: Player shuijiao is already logged on
[14:20:00] [Server thread/INFO]: Player shuijiao is already logged on
[14:30:00] [Server thread/INFO]: Player shuijiao is already logged on
[14:40:00] [Server thread/INFO]: Player shuijiao is already logged on
[14:50:00] [Server thread/INFO]: Player shuijiao is already logged on
[15:00:00] [Server thread/INFO]: Player shuijiao is already logged on
[15:10:00] [Server thread/INFO]: Player shuijiao is already logged on
[15:13:28] [Server thread/WARN]: Can't keep up! Is the server overloaded? Running 27696ms or 553 ticks behind
[15:17:54] [Server thread/WARN]: Can't keep up! Is the server overloaded? Running 3170ms or 63 ticks behind
[15:19:37] [Server thread/WARN]: Fetching packet for removed entity class_1542['Air'/14861, l='ServerLevel[world]', x=-85.73, y=7.00, z=279.56]
[15:20:00] [Server thread/INFO]: Player shuijiao is already logged on
[15:26:35] [Server thread/WARN]: Fetching packet for removed entity class_1542['Air'/15482, l='ServerLevel[world]', x=-88.61, y=7.00, z=282.56]
[15:30:00] [Server thread/INFO]: Player shuijiao is already logged on
[15:40:00] [Server thread/INFO]: Player shuijiao is already logged on
[15:50:00] [Server thread/INFO]: Player shuijiao is already logged on
[16:00:00] [Server thread/INFO]: Player shuijiao is already logged on
[16:10:00] [Server thread/INFO]: Player shuijiao is already logged on
[16:20:00] [Server thread/INFO]: Player shuijiao is already logged on
[16:20:00] [Server thread/INFO]: [Textile Backup] Backup started by: Timer on: 2020-11-10_16-20-00
[16:20:00] [Server thread/INFO]: Saving server...
[16:20:00] [Server thread/INFO]: [Textile Backup] Saving server...
[16:20:00] [Server thread/INFO]: ThreadedAnvilChunkStorage (world): All chunks are saved
[16:20:00] [Server thread/INFO]: ThreadedAnvilChunkStorage (DIM-1): All chunks are saved
[16:20:00] [Server thread/INFO]: ThreadedAnvilChunkStorage (DIM1): All chunks are saved
[16:20:00] [pool-3-thread-1/INFO]: Starting backup
[16:20:00] [pool-3-thread-1/INFO]: [Textile Backup] Starting backup
[16:20:00] [pool-3-thread-1/INFO]: Starting compression...
[16:21:13] [pool-3-thread-1/INFO]: Compression took: 01:13.192 seconds.
[16:21:14] [pool-3-thread-1/INFO]: Deleting: 2020-11-08_04-10-00.zip
[16:21:14] [pool-3-thread-1/INFO]: [Textile Backup] Deleting: 2020-11-08_04-10-00.zip
[16:21:14] [pool-3-thread-1/INFO]: Done!
[16:21:14] [pool-3-thread-1/INFO]: [Textile Backup] Done!
[16:30:00] [Server thread/INFO]: Player shuijiao is already logged on
[16:40:00] [Server thread/INFO]: Player shuijiao is already logged on
[16:50:00] [Server thread/INFO]: Player shuijiao is already logged on
[17:00:00] [Server thread/INFO]: Player shuijiao is already logged on
[17:10:00] [Server thread/INFO]: Player shuijiao is already logged on
[17:20:00] [Server thread/INFO]: Player shuijiao is already logged on
[17:30:00] [Server thread/INFO]: Player shuijiao is already logged on
[17:40:00] [Server thread/INFO]: Player shuijiao is already logged on
[17:50:00] [Server thread/INFO]: Player shuijiao is already logged on
[18:00:00] [Server thread/INFO]: Player shuijiao is already logged on
[18:10:00] [Server thread/INFO]: Player shuijiao is already logged on
[18:20:00] [Server thread/INFO]: Player shuijiao is already logged on
[18:30:00] [Server thread/INFO]: Player shuijiao is already logged on
[18:33:44] [Server thread/WARN]: Can't keep up! Is the server overloaded? Running 16377ms or 327 ticks behind
[18:40:00] [Server thread/INFO]: Player shuijiao is already logged on
[18:50:00] [Server thread/INFO]: Player shuijiao is already logged on
[19:00:00] [Server thread/INFO]: Player shuijiao is already logged on
[19:10:00] [Server thread/INFO]: Player shuijiao is already logged on
[19:20:00] [Server thread/INFO]: Player shuijiao is already logged on
[19:30:00] [Server thread/INFO]: Player shuijiao is already logged on
[19:40:00] [Server thread/INFO]: Player shuijiao is already logged on
[19:40:22] [Server thread/WARN]: Fetching packet for removed entity class_1542['Air'/36088, l='ServerLevel[world]', x=-90.67, y=7.00, z=279.02]
[19:50:00] [Server thread/INFO]: Player shuijiao is already logged on
[20:00:00] [Server thread/INFO]: Player shuijiao is already logged on
[20:10:00] [Server thread/INFO]: Player shuijiao is already logged on
[20:20:00] [Server thread/INFO]: Player shuijiao is already logged on
[20:20:00] [Server thread/INFO]: [Textile Backup] Backup started by: Timer on: 2020-11-10_20-20-00
[20:20:00] [Server thread/INFO]: Saving server...
[20:20:00] [Server thread/INFO]: [Textile Backup] Saving server...
[20:20:00] [Server thread/INFO]: ThreadedAnvilChunkStorage (world): All chunks are saved
[20:20:00] [Server thread/INFO]: ThreadedAnvilChunkStorage (DIM-1): All chunks are saved
[20:20:00] [Server thread/INFO]: ThreadedAnvilChunkStorage (DIM1): All chunks are saved
[20:20:00] [pool-3-thread-1/INFO]: Starting backup
[20:20:00] [pool-3-thread-1/INFO]: [Textile Backup] Starting backup
[20:20:00] [pool-3-thread-1/INFO]: Starting compression...
[20:21:15] [pool-3-thread-1/INFO]: Compression took: 01:14.992 seconds.
[20:21:15] [pool-3-thread-1/INFO]: Deleting: 2020-11-08_05-00-02#shutdown.zip
[20:21:15] [pool-3-thread-1/INFO]: [Textile Backup] Deleting: 2020-11-08_05-00-02#shutdown.zip
[20:21:15] [pool-3-thread-1/INFO]: Done!
[20:21:15] [pool-3-thread-1/INFO]: [Textile Backup] Done!
[20:30:00] [Server thread/INFO]: Player shuijiao is already logged on
[20:40:00] [Server thread/INFO]: Player shuijiao is already logged on
[20:50:00] [Server thread/INFO]: Player shuijiao is already logged on
[21:00:00] [Server thread/INFO]: Player shuijiao is already logged on
[21:10:00] [Server thread/INFO]: Player shuijiao is already logged on
[21:20:00] [Server thread/INFO]: Player shuijiao is already logged on
[21:30:00] [Server thread/INFO]: Player shuijiao is already logged on
[21:40:00] [Server thread/INFO]: Player shuijiao is already logged on
[21:50:00] [Server thread/INFO]: Player shuijiao is already logged on
[22:00:00] [Server thread/INFO]: Player shuijiao is already logged on
[22:10:00] [Server thread/INFO]: Player shuijiao is already logged on
[22:13:17] [Server thread/WARN]: Can't keep up! Is the server overloaded? Running 8241ms or 164 ticks behind
[22:20:00] [Server thread/INFO]: Player shuijiao is already logged on
[22:30:00] [Server thread/INFO]: Player shuijiao is already logged on
[22:40:00] [Server thread/INFO]: Player shuijiao is already logged on
[22:50:00] [Server thread/INFO]: Player shuijiao is already logged on
[23:00:00] [Server thread/INFO]: Player shuijiao is already logged on
[23:10:00] [Server thread/INFO]: Player shuijiao is already logged on
[23:15:14] [Server thread/WARN]: Fetching packet for removed entity class_1542['Air'/53757, l='ServerLevel[world]', x=-87.72, y=7.00, z=282.32]
[23:20:00] [Server thread/INFO]: Player shuijiao is already logged on
[23:30:00] [Server thread/INFO]: Player shuijiao is already logged on
[23:40:00] [Server thread/INFO]: Player shuijiao is already logged on
[23:50:00] [Server thread/INFO]: Player shuijiao is already logged on
