[00:00:00] [Server thread/INFO]: Player shuijiao is already logged on
[00:00:11] [Server thread/WARN]: Fetching packet for removed entity class_1542['Air'/2604696, l='ServerLevel[world]', x=-87.85, y=7.12, z=278.05]
[00:05:05] [Server thread/INFO]: [Textile Backup] Backup started by: Timer on: 2020-09-11_00-05-05
[00:05:05] [Server thread/INFO]: [Textile Backup] Saving server...
[00:05:05] [Server thread/INFO]: ThreadedAnvilChunkStorage (world): All chunks are saved
[00:05:05] [Server thread/INFO]: ThreadedAnvilChunkStorage (DIM-1): All chunks are saved
[00:05:05] [Server thread/INFO]: ThreadedAnvilChunkStorage (DIM1): All chunks are saved
[00:05:05] [pool-3-thread-1/INFO]: [Textile Backup] Starting backup
[00:05:34] [pool-3-thread-1/INFO]: [Textile Backup] Deleting: 2020-09-10_09-05-05.zip
[00:05:35] [pool-3-thread-1/INFO]: [Textile Backup] Done!
[00:10:00] [Server thread/INFO]: Player shuijiao is already logged on
[00:20:00] [Server thread/INFO]: Player shuijiao is already logged on
[00:26:54] [Server thread/WARN]: Fetching packet for removed entity class_1542['Air'/2612584, l='ServerLevel[world]', x=-87.01, y=7.00, z=281.95]
[00:26:57] [Server thread/WARN]: Fetching packet for removed entity class_1542['Air'/2612593, l='ServerLevel[world]', x=-89.95, y=7.00, z=280.99]
[00:28:25] [Server thread/WARN]: Fetching packet for removed entity class_1542['Air'/2613017, l='ServerLevel[world]', x=243.30, y=57.00, z=212.70]
[00:28:27] [Server thread/WARN]: Fetching packet for removed entity class_1542['Air'/2613041, l='ServerLevel[world]', x=243.30, y=57.00, z=212.70]
[00:30:00] [Server thread/INFO]: Player shuijiao is already logged on
[00:35:33] [Server thread/WARN]: Fetching packet for removed entity class_1542['Air'/2615347, l='ServerLevel[world]', x=-87.95, y=7.00, z=281.95]
[00:36:57] [Server thread/WARN]: Fetching packet for removed entity class_1542['Air'/2615727, l='ServerLevel[world]', x=-86.05, y=7.00, z=279.99]
[00:40:00] [Server thread/INFO]: Player shuijiao is already logged on
[00:44:25] [Server thread/WARN]: Fetching packet for removed entity class_1542['Air'/2617910, l='ServerLevel[world]', x=-87.62, y=7.00, z=281.95]
[00:45:29] [Server thread/WARN]: Fetching packet for removed entity class_1542['Air'/2618328, l='ServerLevel[world]', x=-86.05, y=7.00, z=279.68]
[00:50:00] [Server thread/INFO]: Player shuijiao is already logged on
[00:55:59] [Server thread/WARN]: Fetching packet for removed entity class_1542['Air'/2621513, l='ServerLevel[world]', x=-86.05, y=7.00, z=279.84]
[01:00:00] [Server thread/INFO]: Player shuijiao is already logged on
[01:01:17] [Server thread/WARN]: Fetching packet for removed entity class_1542['Air'/2623143, l='ServerLevel[world]', x=-88.08, y=7.00, z=278.05]
[01:05:05] [Server thread/INFO]: [Textile Backup] Backup started by: Timer on: 2020-09-11_01-05-05
[01:05:05] [Server thread/INFO]: [Textile Backup] Saving server...
[01:05:05] [Server thread/INFO]: ThreadedAnvilChunkStorage (world): All chunks are saved
[01:05:05] [Server thread/INFO]: ThreadedAnvilChunkStorage (DIM-1): All chunks are saved
[01:05:05] [Server thread/INFO]: ThreadedAnvilChunkStorage (DIM1): All chunks are saved
[01:05:05] [pool-3-thread-1/INFO]: [Textile Backup] Starting backup
[01:05:33] [pool-3-thread-1/INFO]: [Textile Backup] Deleting: 2020-09-10_10-05-05.zip
[01:05:33] [pool-3-thread-1/INFO]: [Textile Backup] Done!
[01:05:36] [Server thread/WARN]: Fetching packet for removed entity class_1542['Air'/2624437, l='ServerLevel[world]', x=-573.33, y=73.00, z=1185.50]
[01:10:00] [Server thread/INFO]: Player shuijiao is already logged on
[01:18:15] [Server thread/WARN]: Fetching packet for removed entity class_1542['Air'/2628544, l='ServerLevel[world]', x=-86.05, y=7.00, z=279.95]
[01:20:00] [Server thread/INFO]: Player shuijiao is already logged on
[01:23:30] [Server thread/WARN]: Fetching packet for removed entity class_1542['Air'/2630120, l='ServerLevel[world]', x=-89.95, y=7.00, z=280.16]
[01:23:43] [Server thread/WARN]: Fetching packet for removed entity class_1542['Air'/2630193, l='ServerLevel[world]', x=-86.05, y=7.00, z=280.54]
[01:30:00] [Server thread/INFO]: Player shuijiao is already logged on
[01:30:42] [Server thread/WARN]: Fetching packet for removed entity class_1542['Air'/2632236, l='ServerLevel[world]', x=243.70, y=57.00, z=212.70]
[01:36:19] [Server thread/WARN]: Fetching packet for removed entity class_1542['Air'/2634136, l='ServerLevel[world]', x=-86.05, y=7.00, z=279.53]
[01:40:00] [Server thread/INFO]: Player shuijiao is already logged on
[01:42:43] [Server thread/WARN]: Fetching packet for removed entity class_1542['Air'/2636134, l='ServerLevel[world]', x=-89.95, y=7.00, z=280.61]
[01:50:00] [Server thread/INFO]: Player shuijiao is already logged on
[02:00:00] [Server thread/INFO]: Player shuijiao is already logged on
[02:05:05] [Server thread/INFO]: [Textile Backup] Backup started by: Timer on: 2020-09-11_02-05-05
[02:05:05] [Server thread/INFO]: [Textile Backup] Saving server...
[02:05:05] [Server thread/INFO]: ThreadedAnvilChunkStorage (world): All chunks are saved
[02:05:05] [Server thread/INFO]: ThreadedAnvilChunkStorage (DIM-1): All chunks are saved
[02:05:05] [Server thread/INFO]: ThreadedAnvilChunkStorage (DIM1): All chunks are saved
[02:05:05] [pool-3-thread-1/INFO]: [Textile Backup] Starting backup
[02:05:37] [pool-3-thread-1/INFO]: [Textile Backup] Deleting: 2020-09-10_11-05-05.zip
[02:05:37] [pool-3-thread-1/INFO]: [Textile Backup] Done!
[02:09:35] [Server thread/WARN]: Fetching packet for removed entity class_1542['Air'/2644136, l='ServerLevel[world]', x=-86.05, y=7.00, z=280.99]
[02:10:00] [Server thread/INFO]: Player shuijiao is already logged on
[02:20:00] [Server thread/INFO]: Player shuijiao is already logged on
[02:21:01] [Server thread/WARN]: Fetching packet for removed entity class_1542['Air'/2647313, l='ServerLevel[world]', x=243.30, y=57.00, z=212.70]
[02:30:00] [Server thread/INFO]: Player shuijiao is already logged on
[02:31:13] [Server thread/WARN]: Fetching packet for removed entity class_1542['Air'/2650334, l='ServerLevel[world]', x=-87.36, y=7.00, z=278.05]
[02:34:20] [Server thread/WARN]: Fetching packet for removed entity class_1542['Air'/2651233, l='ServerLevel[world]', x=-582.50, y=73.00, z=1176.32]
[02:36:52] [Server thread/WARN]: Fetching packet for removed entity class_1542['Air'/2651999, l='ServerLevel[world]', x=-89.13, y=7.00, z=276.58]
[02:38:31] [Server thread/WARN]: Fetching packet for removed entity class_1542['Air'/2652519, l='ServerLevel[world]', x=-582.50, y=73.00, z=1194.67]
[02:40:00] [Server thread/INFO]: Player shuijiao is already logged on
[02:50:00] [Server thread/INFO]: Player shuijiao is already logged on
[02:52:34] [Server thread/WARN]: Fetching packet for removed entity class_1542['Air'/2656887, l='ServerLevel[world]', x=-87.96, y=7.00, z=278.05]
[02:54:29] [Server thread/WARN]: Fetching packet for removed entity class_1542['Air'/2657551, l='ServerLevel[world]', x=243.70, y=57.00, z=212.70]
[02:56:27] [Server thread/WARN]: Fetching packet for removed entity class_1542['Air'/2658225, l='ServerLevel[world]', x=-573.28, y=73.00, z=1185.50]
[03:00:00] [Server thread/INFO]: Player shuijiao is already logged on
[03:01:14] [Server thread/WARN]: Fetching packet for removed entity class_1542['Air'/2659667, l='ServerLevel[world]', x=-89.95, y=7.00, z=280.72]
[03:04:09] [Server thread/WARN]: Fetching packet for removed entity class_1542['Air'/2660569, l='ServerLevel[world]', x=-90.98, y=7.00, z=277.95]
[03:05:05] [Server thread/INFO]: [Textile Backup] Backup started by: Timer on: 2020-09-11_03-05-05
[03:05:05] [Server thread/INFO]: [Textile Backup] Saving server...
[03:05:05] [Server thread/INFO]: ThreadedAnvilChunkStorage (world): All chunks are saved
[03:05:05] [Server thread/INFO]: ThreadedAnvilChunkStorage (DIM-1): All chunks are saved
[03:05:05] [Server thread/INFO]: ThreadedAnvilChunkStorage (DIM1): All chunks are saved
[03:05:05] [pool-3-thread-1/INFO]: [Textile Backup] Starting backup
[03:05:31] [pool-3-thread-1/INFO]: [Textile Backup] Deleting: 2020-09-10_12-05-05.zip
[03:05:31] [pool-3-thread-1/INFO]: [Textile Backup] Done!
[03:09:47] [Server thread/WARN]: Fetching packet for removed entity class_1542['Air'/2662157, l='ServerLevel[world]', x=-88.18, y=7.00, z=278.05]
[03:10:00] [Server thread/INFO]: Player shuijiao is already logged on
[03:20:00] [Server thread/INFO]: Player shuijiao is already logged on
[03:29:43] [Server thread/WARN]: Fetching packet for removed entity class_1542['Air'/2667971, l='ServerLevel[world]', x=-86.05, y=7.00, z=279.94]
[03:30:00] [Server thread/INFO]: Player shuijiao is already logged on
[03:37:56] [Server thread/WARN]: Fetching packet for removed entity class_1542['Air'/2670487, l='ServerLevel[world]', x=-86.05, y=7.00, z=280.87]
[03:40:00] [Server thread/INFO]: Player shuijiao is already logged on
[03:50:00] [Server thread/INFO]: Player shuijiao is already logged on
[03:51:52] [Server thread/WARN]: Fetching packet for removed entity class_1542['Air'/2674875, l='ServerLevel[world]', x=-87.03, y=7.00, z=281.95]
[04:00:00] [Server thread/INFO]: Player shuijiao is already logged on
[04:00:37] [Server thread/WARN]: Fetching packet for removed entity class_1542['Air'/2677569, l='ServerLevel[world]', x=-88.06, y=7.00, z=278.05]
[04:02:35] [Server thread/WARN]: Fetching packet for removed entity class_1542['Air'/2678174, l='ServerLevel[world]', x=-86.05, y=7.00, z=279.93]
[04:05:05] [Server thread/INFO]: [Textile Backup] Backup started by: Timer on: 2020-09-11_04-05-05
[04:05:05] [Server thread/INFO]: [Textile Backup] Saving server...
[04:05:05] [Server thread/INFO]: ThreadedAnvilChunkStorage (world): All chunks are saved
[04:05:05] [Server thread/INFO]: ThreadedAnvilChunkStorage (DIM-1): All chunks are saved
[04:05:05] [Server thread/INFO]: ThreadedAnvilChunkStorage (DIM1): All chunks are saved
[04:05:05] [pool-3-thread-1/INFO]: [Textile Backup] Starting backup
[04:05:37] [pool-3-thread-1/INFO]: [Textile Backup] Deleting: 2020-09-10_13-05-06.zip
[04:05:37] [pool-3-thread-1/INFO]: [Textile Backup] Done!
[04:10:00] [Server thread/INFO]: Player shuijiao is already logged on
[04:20:00] [Server thread/INFO]: Player shuijiao is already logged on
[04:29:03] [Server thread/WARN]: Fetching packet for removed entity class_1542['Air'/2685857, l='ServerLevel[world]', x=243.30, y=57.00, z=212.30]
[04:30:00] [Server thread/INFO]: Player shuijiao is already logged on
[04:30:35] [Server thread/WARN]: Fetching packet for removed entity class_1542['Air'/2686403, l='ServerLevel[world]', x=-589.58, y=73.00, z=1188.58]
[04:38:14] [Server thread/WARN]: Fetching packet for removed entity class_1542['Air'/2688791, l='ServerLevel[world]', x=-87.37, y=7.00, z=278.05]
[04:40:00] [Server thread/INFO]: Player shuijiao is already logged on
[04:50:00] [Server thread/INFO]: Player shuijiao is already logged on
[05:00:00] [Server thread/INFO]: Player shuijiao is already logged on
[05:05:05] [Server thread/INFO]: [Textile Backup] Backup started by: Timer on: 2020-09-11_05-05-05
[05:05:05] [Server thread/INFO]: [Textile Backup] Saving server...
[05:05:05] [Server thread/INFO]: ThreadedAnvilChunkStorage (world): All chunks are saved
[05:05:05] [Server thread/INFO]: ThreadedAnvilChunkStorage (DIM-1): All chunks are saved
[05:05:05] [Server thread/INFO]: ThreadedAnvilChunkStorage (DIM1): All chunks are saved
[05:05:05] [pool-3-thread-1/INFO]: [Textile Backup] Starting backup
[05:05:37] [pool-3-thread-1/INFO]: [Textile Backup] Deleting: 2020-09-10_14-05-06.zip
[05:05:37] [pool-3-thread-1/INFO]: [Textile Backup] Done!
[05:09:22] [Server thread/WARN]: Fetching packet for removed entity class_1542['Air'/2698411, l='ServerLevel[world]', x=-89.95, y=7.00, z=279.01]
[05:10:00] [Server thread/INFO]: Player shuijiao is already logged on
[05:13:39] [Server thread/WARN]: Fetching packet for removed entity class_1542['Air'/2699815, l='ServerLevel[world]', x=243.30, y=57.00, z=212.30]
[05:20:00] [Server thread/INFO]: Player shuijiao is already logged on
[05:25:01] [Server thread/INFO]: Unknown or incomplete command, see below for error
[05:25:01] [Server thread/INFO]: _say 服务器将在5分钟后关闭备份存档，6:01继续开启<--[HERE]
[05:29:22] [Server thread/WARN]: Fetching packet for removed entity class_1542['Air'/2704714, l='ServerLevel[world]', x=-87.67, y=7.00, z=281.95]
[05:30:00] [Server thread/INFO]: Player shuijiao is already logged on
[05:30:01] [Server thread/INFO]: Unknown or incomplete command, see below for error
[05:30:01] [Server thread/INFO]: __stop___<--[HERE]
[05:30:30] [Server thread/WARN]: Fetching packet for removed entity class_1542['Air'/2705097, l='ServerLevel[world]', x=-88.31, y=7.00, z=281.95]
[05:30:35] [Server thread/WARN]: Can't keep up! Is the server overloaded? Running 2011ms or 40 ticks behind
[05:31:47] [Server thread/WARN]: Fetching packet for removed entity class_1542['Air'/2705542, l='ServerLevel[world]', x=-88.50, y=7.00, z=281.95]
[05:31:49] [Server thread/WARN]: Fetching packet for removed entity class_1542['Air'/2705557, l='ServerLevel[world]', x=-88.03, y=7.00, z=281.95]
[05:35:26] [Server thread/WARN]: Fetching packet for removed entity class_1542['Air'/2706633, l='ServerLevel[world]', x=-87.01, y=7.00, z=281.95]
[05:40:00] [Server thread/INFO]: Player shuijiao is already logged on
[05:44:16] [Server thread/WARN]: Fetching packet for removed entity class_1542['Air'/2709298, l='ServerLevel[world]', x=-88.05, y=7.12, z=282.38]
[05:46:02] [Server thread/WARN]: Fetching packet for removed entity class_1542['Air'/2709883, l='ServerLevel[world]', x=243.70, y=57.00, z=212.30]
[05:50:00] [Server thread/INFO]: Player shuijiao is already logged on
[06:00:00] [Server thread/INFO]: Player shuijiao is already logged on
[06:05:05] [Server thread/INFO]: [Textile Backup] Backup started by: Timer on: 2020-09-11_06-05-05
[06:05:05] [Server thread/INFO]: [Textile Backup] Saving server...
[06:05:05] [Server thread/INFO]: ThreadedAnvilChunkStorage (world): All chunks are saved
[06:05:05] [Server thread/INFO]: ThreadedAnvilChunkStorage (DIM-1): All chunks are saved
[06:05:05] [Server thread/INFO]: ThreadedAnvilChunkStorage (DIM1): All chunks are saved
[06:05:05] [pool-3-thread-1/INFO]: [Textile Backup] Starting backup
[06:05:24] [Server thread/WARN]: Fetching packet for removed entity class_1542['Air'/2715836, l='ServerLevel[world]', x=243.70, y=57.00, z=212.70]
[06:05:34] [pool-3-thread-1/ERROR]: [Textile Backup] An exception occurred!
java.io.IOException: 设备上没有空间
	at java.io.FileOutputStream.writeBytes(Native Method) ~[?:1.8.0_252]
	at java.io.FileOutputStream.write(FileOutputStream.java:326) ~[?:1.8.0_252]
	at java.io.BufferedOutputStream.write(BufferedOutputStream.java:122) ~[?:1.8.0_252]
	at org.apache.commons.compress.archivers.zip.StreamCompressor$OutputStreamCompressor.writeOut(StreamCompressor.java:306) ~[f563ace4-24e5-42f9-b711-42e44f1db8e0.jar:?]
	at org.apache.commons.compress.archivers.zip.StreamCompressor.writeCounted(StreamCompressor.java:273) ~[f563ace4-24e5-42f9-b711-42e44f1db8e0.jar:?]
	at org.apache.commons.compress.archivers.zip.ZipArchiveOutputStream.copyFromZipInputStream(ZipArchiveOutputStream.java:948) ~[f563ace4-24e5-42f9-b711-42e44f1db8e0.jar:?]
	at org.apache.commons.compress.archivers.zip.ZipArchiveOutputStream.addRawArchiveEntry(ZipArchiveOutputStream.java:588) ~[f563ace4-24e5-42f9-b711-42e44f1db8e0.jar:?]
	at org.apache.commons.compress.archivers.zip.ScatterZipOutputStream$ZipEntryWriter.writeNextZipEntry(ScatterZipOutputStream.java:145) ~[f563ace4-24e5-42f9-b711-42e44f1db8e0.jar:?]
	at org.apache.commons.compress.archivers.zip.ParallelScatterZipCreator.writeTo(ParallelScatterZipCreator.java:279) ~[f563ace4-24e5-42f9-b711-42e44f1db8e0.jar:?]
	at net.szum123321.textile_backup.core.create.compressors.ParallelZipCompressor.createArchive(ParallelZipCompressor.java:77) [%5B%E5%A4%87%E4%BB%BD%5Dtextile_backup-2.0.0-1.16.2.jar:?]
	at net.szum123321.textile_backup.core.create.MakeBackupRunnable.run(MakeBackupRunnable.java:76) [%5B%E5%A4%87%E4%BB%BD%5Dtextile_backup-2.0.0-1.16.2.jar:?]
	at java.util.concurrent.Executors$RunnableAdapter.call(Executors.java:511) [?:1.8.0_252]
	at java.util.concurrent.FutureTask.run(FutureTask.java:266) [?:1.8.0_252]
	at java.util.concurrent.ThreadPoolExecutor.runWorker(ThreadPoolExecutor.java:1149) [?:1.8.0_252]
	at java.util.concurrent.ThreadPoolExecutor$Worker.run(ThreadPoolExecutor.java:624) [?:1.8.0_252]
	at java.lang.Thread.run(Thread.java:748) [?:1.8.0_252]
	Suppressed: java.io.IOException: This archive contains unclosed entries.
		at org.apache.commons.compress.archivers.zip.ZipArchiveOutputStream.finish(ZipArchiveOutputStream.java:467) ~[f563ace4-24e5-42f9-b711-42e44f1db8e0.jar:?]
		at org.apache.commons.compress.archivers.zip.ZipArchiveOutputStream.close(ZipArchiveOutputStream.java:966) ~[f563ace4-24e5-42f9-b711-42e44f1db8e0.jar:?]
		at net.szum123321.textile_backup.core.create.compressors.ParallelZipCompressor.createArchive(ParallelZipCompressor.java:50) [%5B%E5%A4%87%E4%BB%BD%5Dtextile_backup-2.0.0-1.16.2.jar:?]
		at net.szum123321.textile_backup.core.create.MakeBackupRunnable.run(MakeBackupRunnable.java:76) [%5B%E5%A4%87%E4%BB%BD%5Dtextile_backup-2.0.0-1.16.2.jar:?]
		at java.util.concurrent.Executors$RunnableAdapter.call(Executors.java:511) [?:1.8.0_252]
		at java.util.concurrent.FutureTask.run(FutureTask.java:266) [?:1.8.0_252]
		at java.util.concurrent.ThreadPoolExecutor.runWorker(ThreadPoolExecutor.java:1149) [?:1.8.0_252]
		at java.util.concurrent.ThreadPoolExecutor$Worker.run(ThreadPoolExecutor.java:624) [?:1.8.0_252]
		at java.lang.Thread.run(Thread.java:748) [?:1.8.0_252]
[06:05:34] [pool-3-thread-1/INFO]: [Textile Backup] Deleting: 2020-09-10_15-05-06.zip
[06:05:34] [pool-3-thread-1/INFO]: [Textile Backup] Done!
[06:10:00] [Server thread/INFO]: Player shuijiao is already logged on
[06:20:00] [Server thread/INFO]: Player shuijiao is already logged on
[06:26:19] [Server thread/WARN]: Fetching packet for removed entity class_1542['Air'/2722026, l='ServerLevel[world]', x=-89.95, y=7.00, z=279.80]
[06:30:00] [Server thread/INFO]: Player shuijiao is already logged on
[06:32:44] [Server thread/WARN]: Fetching packet for removed entity class_1542['Air'/2723912, l='ServerLevel[world]', x=-88.13, y=7.00, z=278.05]
[06:40:00] [Server thread/INFO]: Player shuijiao is already logged on
[06:50:00] [Server thread/INFO]: Player shuijiao is already logged on
[06:50:50] [Server thread/WARN]: Fetching packet for removed entity class_1542['Air'/2729249, l='ServerLevel[world]', x=243.30, y=57.00, z=212.70]
[06:52:53] [Server thread/WARN]: Fetching packet for removed entity class_1542['Air'/2729872, l='ServerLevel[world]', x=-86.05, y=7.00, z=279.79]
[07:00:00] [Server thread/INFO]: Player shuijiao is already logged on
[07:05:05] [Server thread/INFO]: [Textile Backup] Backup started by: Timer on: 2020-09-11_07-05-05
[07:05:05] [Server thread/INFO]: [Textile Backup] Saving server...
[07:05:05] [Server thread/INFO]: ThreadedAnvilChunkStorage (world): All chunks are saved
[07:05:05] [Server thread/INFO]: ThreadedAnvilChunkStorage (DIM-1): All chunks are saved
[07:05:05] [Server thread/INFO]: ThreadedAnvilChunkStorage (DIM1): All chunks are saved
[07:05:05] [pool-3-thread-1/INFO]: [Textile Backup] Starting backup
[07:05:37] [pool-3-thread-1/INFO]: [Textile Backup] Deleting: 2020-09-10_16-05-05.zip
[07:05:37] [pool-3-thread-1/INFO]: [Textile Backup] Done!
[07:07:26] [Server thread/WARN]: Fetching packet for removed entity class_1542['Air'/2734367, l='ServerLevel[world]', x=-86.05, y=7.00, z=280.20]
[07:10:00] [Server thread/INFO]: Player shuijiao is already logged on
[07:11:28] [Server thread/WARN]: Fetching packet for removed entity class_1542['Air'/2735560, l='ServerLevel[world]', x=-87.38, y=7.00, z=278.05]
[07:16:20] [Server thread/WARN]: Fetching packet for removed entity class_1542['Air'/2737001, l='ServerLevel[world]', x=-89.95, y=7.00, z=279.40]
[07:20:00] [Server thread/INFO]: Player shuijiao is already logged on
[07:30:00] [Server thread/INFO]: Player shuijiao is already logged on
[07:40:00] [Server thread/INFO]: Player shuijiao is already logged on
[07:45:05] [Server thread/WARN]: Fetching packet for removed entity class_1542['Air'/2746147, l='ServerLevel[world]', x=-86.05, y=7.00, z=280.84]
[07:49:49] [Server thread/WARN]: Fetching packet for removed entity class_1542['Air'/2747600, l='ServerLevel[world]', x=-87.97, y=7.00, z=281.95]
[07:50:00] [Server thread/INFO]: Player shuijiao is already logged on
[07:54:15] [Server thread/WARN]: Fetching packet for removed entity class_1542['Air'/2748929, l='ServerLevel[world]', x=-88.22, y=7.00, z=278.05]
[08:00:00] [Server thread/INFO]: Player shuijiao is already logged on
[08:00:04] [Server thread/WARN]: Fetching packet for removed entity class_1542['Air'/2750344, l='ServerLevel[world]', x=-86.05, y=7.00, z=280.23]
[08:05:05] [Server thread/INFO]: [Textile Backup] Backup started by: Timer on: 2020-09-11_08-05-05
[08:05:05] [Server thread/INFO]: [Textile Backup] Saving server...
[08:05:05] [Server thread/INFO]: ThreadedAnvilChunkStorage (world): All chunks are saved
[08:05:05] [Server thread/INFO]: ThreadedAnvilChunkStorage (DIM-1): All chunks are saved
[08:05:05] [Server thread/INFO]: ThreadedAnvilChunkStorage (DIM1): All chunks are saved
[08:05:05] [pool-3-thread-1/INFO]: [Textile Backup] Starting backup
[08:05:37] [pool-3-thread-1/INFO]: [Textile Backup] Deleting: 2020-09-10_17-05-05.zip
[08:05:37] [pool-3-thread-1/INFO]: [Textile Backup] Done!
[08:09:15] [Server thread/WARN]: Fetching packet for removed entity class_1542['Air'/2753168, l='ServerLevel[world]', x=243.70, y=57.00, z=212.70]
[08:09:15] [Server thread/WARN]: Fetching packet for removed entity class_1542['Air'/2753169, l='ServerLevel[world]', x=243.70, y=57.00, z=212.70]
[08:10:00] [Server thread/INFO]: Player shuijiao is already logged on
[08:12:59] [Server thread/WARN]: Fetching packet for removed entity class_1542['Air'/2754273, l='ServerLevel[world]', x=243.70, y=57.00, z=212.30]
[08:20:00] [Server thread/INFO]: Player shuijiao is already logged on
[08:23:56] [Server thread/WARN]: Fetching packet for removed entity class_1542['Air'/2758008, l='ServerLevel[world]', x=-577.42, y=73.00, z=1189.58]
[08:24:19] [Server thread/WARN]: Fetching packet for removed entity class_1542['Air'/2758139, l='ServerLevel[world]', x=-89.95, y=7.00, z=279.24]
[08:30:00] [Server thread/INFO]: Player shuijiao is already logged on
[08:36:08] [Server thread/WARN]: Fetching packet for removed entity class_1542['Air'/2761633, l='ServerLevel[world]', x=-86.05, y=7.00, z=280.64]
[08:40:00] [Server thread/INFO]: Player shuijiao is already logged on
[08:45:18] [Server thread/WARN]: Fetching packet for removed entity class_1542['Air'/2764399, l='ServerLevel[world]', x=-86.05, y=7.00, z=279.01]
[08:45:22] [Server thread/WARN]: Fetching packet for removed entity class_1542['Air'/2764430, l='ServerLevel[world]', x=-86.05, y=7.00, z=280.29]
[08:49:55] [Server thread/WARN]: Fetching packet for removed entity class_1542['Air'/2765770, l='ServerLevel[world]', x=243.30, y=57.00, z=212.30]
[08:50:00] [Server thread/INFO]: Player shuijiao is already logged on
[09:00:00] [Server thread/INFO]: Player shuijiao is already logged on
[09:03:48] [Server thread/WARN]: Fetching packet for removed entity class_1542['Air'/2770041, l='ServerLevel[world]', x=-89.95, y=7.00, z=280.54]
[09:05:05] [Server thread/INFO]: [Textile Backup] Backup started by: Timer on: 2020-09-11_09-05-05
[09:05:05] [Server thread/INFO]: [Textile Backup] Saving server...
[09:05:05] [Server thread/INFO]: ThreadedAnvilChunkStorage (world): All chunks are saved
[09:05:05] [Server thread/INFO]: ThreadedAnvilChunkStorage (DIM-1): All chunks are saved
[09:05:05] [Server thread/INFO]: ThreadedAnvilChunkStorage (DIM1): All chunks are saved
[09:05:05] [pool-3-thread-1/INFO]: [Textile Backup] Starting backup
[09:05:36] [pool-3-thread-1/ERROR]: [Textile Backup] An exception occurred!
java.io.IOException: 设备上没有空间
	at java.io.FileOutputStream.writeBytes(Native Method) ~[?:1.8.0_252]
	at java.io.FileOutputStream.write(FileOutputStream.java:326) ~[?:1.8.0_252]
	at java.io.BufferedOutputStream.write(BufferedOutputStream.java:122) ~[?:1.8.0_252]
	at org.apache.commons.compress.archivers.zip.StreamCompressor$OutputStreamCompressor.writeOut(StreamCompressor.java:306) ~[f563ace4-24e5-42f9-b711-42e44f1db8e0.jar:?]
	at org.apache.commons.compress.archivers.zip.StreamCompressor.writeCounted(StreamCompressor.java:273) ~[f563ace4-24e5-42f9-b711-42e44f1db8e0.jar:?]
	at org.apache.commons.compress.archivers.zip.ZipArchiveOutputStream.copyFromZipInputStream(ZipArchiveOutputStream.java:948) ~[f563ace4-24e5-42f9-b711-42e44f1db8e0.jar:?]
	at org.apache.commons.compress.archivers.zip.ZipArchiveOutputStream.addRawArchiveEntry(ZipArchiveOutputStream.java:588) ~[f563ace4-24e5-42f9-b711-42e44f1db8e0.jar:?]
	at org.apache.commons.compress.archivers.zip.ScatterZipOutputStream$ZipEntryWriter.writeNextZipEntry(ScatterZipOutputStream.java:145) ~[f563ace4-24e5-42f9-b711-42e44f1db8e0.jar:?]
	at org.apache.commons.compress.archivers.zip.ParallelScatterZipCreator.writeTo(ParallelScatterZipCreator.java:279) ~[f563ace4-24e5-42f9-b711-42e44f1db8e0.jar:?]
	at net.szum123321.textile_backup.core.create.compressors.ParallelZipCompressor.createArchive(ParallelZipCompressor.java:77) [%5B%E5%A4%87%E4%BB%BD%5Dtextile_backup-2.0.0-1.16.2.jar:?]
	at net.szum123321.textile_backup.core.create.MakeBackupRunnable.run(MakeBackupRunnable.java:76) [%5B%E5%A4%87%E4%BB%BD%5Dtextile_backup-2.0.0-1.16.2.jar:?]
	at java.util.concurrent.Executors$RunnableAdapter.call(Executors.java:511) [?:1.8.0_252]
	at java.util.concurrent.FutureTask.run(FutureTask.java:266) [?:1.8.0_252]
	at java.util.concurrent.ThreadPoolExecutor.runWorker(ThreadPoolExecutor.java:1149) [?:1.8.0_252]
	at java.util.concurrent.ThreadPoolExecutor$Worker.run(ThreadPoolExecutor.java:624) [?:1.8.0_252]
	at java.lang.Thread.run(Thread.java:748) [?:1.8.0_252]
	Suppressed: java.io.IOException: This archive contains unclosed entries.
		at org.apache.commons.compress.archivers.zip.ZipArchiveOutputStream.finish(ZipArchiveOutputStream.java:467) ~[f563ace4-24e5-42f9-b711-42e44f1db8e0.jar:?]
		at org.apache.commons.compress.archivers.zip.ZipArchiveOutputStream.close(ZipArchiveOutputStream.java:966) ~[f563ace4-24e5-42f9-b711-42e44f1db8e0.jar:?]
		at net.szum123321.textile_backup.core.create.compressors.ParallelZipCompressor.createArchive(ParallelZipCompressor.java:50) [%5B%E5%A4%87%E4%BB%BD%5Dtextile_backup-2.0.0-1.16.2.jar:?]
		at net.szum123321.textile_backup.core.create.MakeBackupRunnable.run(MakeBackupRunnable.java:76) [%5B%E5%A4%87%E4%BB%BD%5Dtextile_backup-2.0.0-1.16.2.jar:?]
		at java.util.concurrent.Executors$RunnableAdapter.call(Executors.java:511) [?:1.8.0_252]
		at java.util.concurrent.FutureTask.run(FutureTask.java:266) [?:1.8.0_252]
		at java.util.concurrent.ThreadPoolExecutor.runWorker(ThreadPoolExecutor.java:1149) [?:1.8.0_252]
		at java.util.concurrent.ThreadPoolExecutor$Worker.run(ThreadPoolExecutor.java:624) [?:1.8.0_252]
		at java.lang.Thread.run(Thread.java:748) [?:1.8.0_252]
[09:05:36] [pool-3-thread-1/INFO]: [Textile Backup] Deleting: 2020-09-10_18-05-05.zip
[09:05:36] [pool-3-thread-1/INFO]: [Textile Backup] Done!
[09:07:02] [Server thread/WARN]: Fetching packet for removed entity class_1542['Air'/2771138, l='ServerLevel[world]', x=-89.95, y=7.00, z=280.43]
[09:10:00] [Server thread/INFO]: Player shuijiao is already logged on
[09:18:09] [Server thread/WARN]: Fetching packet for removed entity class_1542['Air'/2774369, l='ServerLevel[world]', x=-88.20, y=7.00, z=281.95]
[09:18:12] [Server thread/WARN]: Fetching packet for removed entity class_1542['Air'/2774389, l='ServerLevel[world]', x=243.70, y=57.00, z=212.70]
[09:20:00] [Server thread/INFO]: Player shuijiao is already logged on
[09:30:00] [Server thread/INFO]: Player shuijiao is already logged on
[09:40:00] [Server thread/INFO]: Player shuijiao is already logged on
[09:42:33] [Server thread/WARN]: Fetching packet for removed entity class_1542['Air'/2781574, l='ServerLevel[world]', x=-87.89, y=7.00, z=278.05]
[09:45:24] [Server thread/WARN]: Fetching packet for removed entity class_1542['Air'/2782386, l='ServerLevel[world]', x=-88.31, y=7.00, z=278.05]
[09:48:22] [Server thread/WARN]: Fetching packet for removed entity class_1542['Air'/2783323, l='ServerLevel[world]', x=-88.20, y=7.00, z=281.95]
[09:50:00] [Server thread/INFO]: Player shuijiao is already logged on
[09:51:48] [Server thread/WARN]: Fetching packet for removed entity class_1542['Air'/2784394, l='ServerLevel[world]', x=243.30, y=57.00, z=212.30]
[10:00:00] [Server thread/INFO]: Player shuijiao is already logged on
[10:05:05] [Server thread/INFO]: [Textile Backup] Backup started by: Timer on: 2020-09-11_10-05-05
[10:05:05] [Server thread/INFO]: [Textile Backup] Saving server...
[10:05:05] [Server thread/INFO]: ThreadedAnvilChunkStorage (world): All chunks are saved
[10:05:05] [Server thread/INFO]: ThreadedAnvilChunkStorage (DIM-1): All chunks are saved
[10:05:05] [Server thread/INFO]: ThreadedAnvilChunkStorage (DIM1): All chunks are saved
[10:05:05] [pool-3-thread-1/INFO]: [Textile Backup] Starting backup
[10:05:33] [pool-3-thread-1/INFO]: [Textile Backup] Deleting: 2020-09-10_19-05-05.zip
[10:05:34] [pool-3-thread-1/INFO]: [Textile Backup] Done!
[10:10:00] [Server thread/INFO]: Player shuijiao is already logged on
[10:15:09] [Server thread/WARN]: Fetching packet for removed entity class_1542['Air'/2791076, l='ServerLevel[world]', x=-86.56, y=7.00, z=283.68]
[10:20:00] [Server thread/INFO]: Player shuijiao is already logged on
[10:30:00] [Server thread/INFO]: Player shuijiao is already logged on
[10:40:00] [Server thread/INFO]: Player shuijiao is already logged on
[10:43:58] [Server thread/WARN]: Fetching packet for removed entity class_1542['Air'/2799772, l='ServerLevel[world]', x=-577.43, y=73.00, z=1190.10]
[10:50:00] [Server thread/INFO]: Player shuijiao is already logged on
[10:56:40] [Server thread/WARN]: Fetching packet for removed entity class_1542['Air'/2803618, l='ServerLevel[world]', x=-86.05, y=7.00, z=279.83]
[11:00:00] [Server thread/INFO]: Player shuijiao is already logged on
[11:05:05] [Server thread/INFO]: [Textile Backup] Backup started by: Timer on: 2020-09-11_11-05-05
[11:05:05] [Server thread/INFO]: [Textile Backup] Saving server...
[11:05:05] [Server thread/INFO]: ThreadedAnvilChunkStorage (world): All chunks are saved
[11:05:05] [Server thread/INFO]: ThreadedAnvilChunkStorage (DIM-1): All chunks are saved
[11:05:05] [Server thread/INFO]: ThreadedAnvilChunkStorage (DIM1): All chunks are saved
[11:05:05] [pool-3-thread-1/INFO]: [Textile Backup] Starting backup
[11:05:34] [pool-3-thread-1/INFO]: [Textile Backup] Deleting: 2020-09-10_20-05-05.zip
[11:05:35] [pool-3-thread-1/INFO]: [Textile Backup] Done!
[11:10:00] [Server thread/INFO]: Player shuijiao is already logged on
[11:13:31] [Server thread/WARN]: Fetching packet for removed entity class_1542['Air'/2808606, l='ServerLevel[world]', x=243.30, y=57.00, z=212.30]
[11:20:00] [Server thread/INFO]: Player shuijiao is already logged on
[11:22:28] [Server thread/WARN]: Fetching packet for removed entity class_1542['Air'/2811406, l='ServerLevel[world]', x=243.30, y=57.00, z=212.70]
[11:22:28] [Server thread/WARN]: Fetching packet for removed entity class_1542['Air'/2811407, l='ServerLevel[world]', x=243.30, y=57.00, z=212.70]
[11:25:47] [Server thread/WARN]: Fetching packet for removed entity class_1542['Air'/2812510, l='ServerLevel[world]', x=-89.95, y=7.00, z=280.99]
[11:30:00] [Server thread/INFO]: Player shuijiao is already logged on
[11:40:00] [Server thread/INFO]: Player shuijiao is already logged on
[11:50:00] [Server thread/INFO]: Player shuijiao is already logged on
[11:51:31] [Server thread/WARN]: Fetching packet for removed entity class_1542['Air'/2820137, l='ServerLevel[world]', x=243.70, y=57.00, z=212.30]
[11:53:51] [Server thread/WARN]: Fetching packet for removed entity class_1542['Air'/2820906, l='ServerLevel[world]', x=243.70, y=57.00, z=212.30]
[11:53:51] [Server thread/WARN]: Fetching packet for removed entity class_1542['Air'/2820907, l='ServerLevel[world]', x=243.70, y=57.00, z=212.30]
[12:00:00] [Server thread/INFO]: Player shuijiao is already logged on
[12:05:05] [Server thread/INFO]: [Textile Backup] Backup started by: Timer on: 2020-09-11_12-05-05
[12:05:05] [Server thread/INFO]: [Textile Backup] Saving server...
[12:05:05] [Server thread/INFO]: ThreadedAnvilChunkStorage (world): All chunks are saved
[12:05:05] [Server thread/INFO]: ThreadedAnvilChunkStorage (DIM-1): All chunks are saved
[12:05:05] [Server thread/INFO]: ThreadedAnvilChunkStorage (DIM1): All chunks are saved
[12:05:05] [pool-3-thread-1/INFO]: [Textile Backup] Starting backup
[12:05:34] [pool-3-thread-1/ERROR]: [Textile Backup] An exception occurred!
java.io.IOException: 设备上没有空间
	at java.io.FileOutputStream.writeBytes(Native Method) ~[?:1.8.0_252]
	at java.io.FileOutputStream.write(FileOutputStream.java:326) ~[?:1.8.0_252]
	at java.io.BufferedOutputStream.write(BufferedOutputStream.java:122) ~[?:1.8.0_252]
	at org.apache.commons.compress.archivers.zip.StreamCompressor$OutputStreamCompressor.writeOut(StreamCompressor.java:306) ~[f563ace4-24e5-42f9-b711-42e44f1db8e0.jar:?]
	at org.apache.commons.compress.archivers.zip.StreamCompressor.writeCounted(StreamCompressor.java:273) ~[f563ace4-24e5-42f9-b711-42e44f1db8e0.jar:?]
	at org.apache.commons.compress.archivers.zip.ZipArchiveOutputStream.copyFromZipInputStream(ZipArchiveOutputStream.java:948) ~[f563ace4-24e5-42f9-b711-42e44f1db8e0.jar:?]
	at org.apache.commons.compress.archivers.zip.ZipArchiveOutputStream.addRawArchiveEntry(ZipArchiveOutputStream.java:588) ~[f563ace4-24e5-42f9-b711-42e44f1db8e0.jar:?]
	at org.apache.commons.compress.archivers.zip.ScatterZipOutputStream$ZipEntryWriter.writeNextZipEntry(ScatterZipOutputStream.java:145) ~[f563ace4-24e5-42f9-b711-42e44f1db8e0.jar:?]
	at org.apache.commons.compress.archivers.zip.ParallelScatterZipCreator.writeTo(ParallelScatterZipCreator.java:279) ~[f563ace4-24e5-42f9-b711-42e44f1db8e0.jar:?]
	at net.szum123321.textile_backup.core.create.compressors.ParallelZipCompressor.createArchive(ParallelZipCompressor.java:77) [%5B%E5%A4%87%E4%BB%BD%5Dtextile_backup-2.0.0-1.16.2.jar:?]
	at net.szum123321.textile_backup.core.create.MakeBackupRunnable.run(MakeBackupRunnable.java:76) [%5B%E5%A4%87%E4%BB%BD%5Dtextile_backup-2.0.0-1.16.2.jar:?]
	at java.util.concurrent.Executors$RunnableAdapter.call(Executors.java:511) [?:1.8.0_252]
	at java.util.concurrent.FutureTask.run(FutureTask.java:266) [?:1.8.0_252]
	at java.util.concurrent.ThreadPoolExecutor.runWorker(ThreadPoolExecutor.java:1149) [?:1.8.0_252]
	at java.util.concurrent.ThreadPoolExecutor$Worker.run(ThreadPoolExecutor.java:624) [?:1.8.0_252]
	at java.lang.Thread.run(Thread.java:748) [?:1.8.0_252]
	Suppressed: java.io.IOException: This archive contains unclosed entries.
		at org.apache.commons.compress.archivers.zip.ZipArchiveOutputStream.finish(ZipArchiveOutputStream.java:467) ~[f563ace4-24e5-42f9-b711-42e44f1db8e0.jar:?]
		at org.apache.commons.compress.archivers.zip.ZipArchiveOutputStream.close(ZipArchiveOutputStream.java:966) ~[f563ace4-24e5-42f9-b711-42e44f1db8e0.jar:?]
		at net.szum123321.textile_backup.core.create.compressors.ParallelZipCompressor.createArchive(ParallelZipCompressor.java:50) [%5B%E5%A4%87%E4%BB%BD%5Dtextile_backup-2.0.0-1.16.2.jar:?]
		at net.szum123321.textile_backup.core.create.MakeBackupRunnable.run(MakeBackupRunnable.java:76) [%5B%E5%A4%87%E4%BB%BD%5Dtextile_backup-2.0.0-1.16.2.jar:?]
		at java.util.concurrent.Executors$RunnableAdapter.call(Executors.java:511) [?:1.8.0_252]
		at java.util.concurrent.FutureTask.run(FutureTask.java:266) [?:1.8.0_252]
		at java.util.concurrent.ThreadPoolExecutor.runWorker(ThreadPoolExecutor.java:1149) [?:1.8.0_252]
		at java.util.concurrent.ThreadPoolExecutor$Worker.run(ThreadPoolExecutor.java:624) [?:1.8.0_252]
		at java.lang.Thread.run(Thread.java:748) [?:1.8.0_252]
[12:05:34] [pool-3-thread-1/INFO]: [Textile Backup] Deleting: 2020-09-10_21-05-05.zip
[12:05:34] [pool-3-thread-1/INFO]: [Textile Backup] Done!
[12:10:00] [Server thread/INFO]: Player shuijiao is already logged on
[12:20:00] [Server thread/INFO]: Player shuijiao is already logged on
[12:26:50] [Server thread/WARN]: Fetching packet for removed entity class_1542['Air'/2831154, l='ServerLevel[world]', x=243.70, y=57.00, z=212.70]
[12:30:00] [Server thread/INFO]: Player shuijiao is already logged on
[12:30:32] [Server thread/WARN]: Fetching packet for removed entity class_1542['Air'/2832305, l='ServerLevel[world]', x=-89.95, y=7.00, z=280.64]
[12:31:31] [Server thread/WARN]: Fetching packet for removed entity class_1542['Air'/2832649, l='ServerLevel[world]', x=-86.05, y=7.00, z=280.17]
[12:32:30] [Server thread/WARN]: Fetching packet for removed entity class_1542['Air'/2832969, l='ServerLevel[world]', x=-88.45, y=7.00, z=278.05]
[12:40:00] [Server thread/INFO]: Player shuijiao is already logged on
[12:50:00] [Server thread/INFO]: Player shuijiao is already logged on
[13:00:00] [Server thread/INFO]: Player shuijiao is already logged on
[13:05:05] [Server thread/INFO]: [Textile Backup] Backup started by: Timer on: 2020-09-11_13-05-05
[13:05:05] [Server thread/INFO]: [Textile Backup] Saving server...
[13:05:05] [Server thread/INFO]: ThreadedAnvilChunkStorage (world): All chunks are saved
[13:05:05] [Server thread/INFO]: ThreadedAnvilChunkStorage (DIM-1): All chunks are saved
[13:05:05] [Server thread/INFO]: ThreadedAnvilChunkStorage (DIM1): All chunks are saved
[13:05:05] [pool-3-thread-1/INFO]: [Textile Backup] Starting backup
[13:05:36] [pool-3-thread-1/INFO]: [Textile Backup] Deleting: 2020-09-10_22-05-05.zip
[13:05:36] [pool-3-thread-1/INFO]: [Textile Backup] Done!
[13:06:57] [Server thread/WARN]: Fetching packet for removed entity class_1542['Air'/2843773, l='ServerLevel[world]', x=-89.95, y=7.00, z=280.70]
[13:07:01] [Server thread/WARN]: Fetching packet for removed entity class_1542['Air'/2843797, l='ServerLevel[world]', x=-89.95, y=7.00, z=280.63]
[13:08:15] [Server thread/WARN]: Fetching packet for removed entity class_1542['Air'/2844132, l='ServerLevel[world]', x=-88.08, y=7.00, z=281.95]
[13:10:00] [Server thread/INFO]: Player shuijiao is already logged on
[13:20:00] [Server thread/INFO]: Player shuijiao is already logged on
[13:21:27] [Server thread/WARN]: Fetching packet for removed entity class_1542['Air'/2848066, l='ServerLevel[world]', x=-582.50, y=73.00, z=1176.34]
[13:24:45] [Server thread/WARN]: Fetching packet for removed entity class_1542['Air'/2848919, l='ServerLevel[world]', x=-86.05, y=7.00, z=279.76]
[13:30:00] [Server thread/INFO]: Player shuijiao is already logged on
[13:40:00] [Server thread/INFO]: Player shuijiao is already logged on
[13:50:00] [Server thread/INFO]: Player shuijiao is already logged on
[14:00:00] [Server thread/INFO]: Player shuijiao is already logged on
[14:05:05] [Server thread/INFO]: [Textile Backup] Backup started by: Timer on: 2020-09-11_14-05-05
[14:05:05] [Server thread/INFO]: [Textile Backup] Saving server...
[14:05:05] [Server thread/INFO]: ThreadedAnvilChunkStorage (world): All chunks are saved
[14:05:05] [Server thread/INFO]: ThreadedAnvilChunkStorage (DIM-1): All chunks are saved
[14:05:05] [Server thread/INFO]: ThreadedAnvilChunkStorage (DIM1): All chunks are saved
[14:05:05] [pool-3-thread-1/INFO]: [Textile Backup] Starting backup
[14:05:35] [pool-3-thread-1/INFO]: [Textile Backup] Deleting: 2020-09-10_23-05-05.zip
[14:05:36] [pool-3-thread-1/INFO]: [Textile Backup] Done!
[14:10:00] [Server thread/INFO]: Player shuijiao is already logged on
[14:14:40] [Server thread/WARN]: Fetching packet for removed entity class_1542['Air'/2863651, l='ServerLevel[world]', x=-87.99, y=7.00, z=278.05]
[14:20:00] [Server thread/INFO]: Player shuijiao is already logged on
[14:23:36] [Server thread/WARN]: Fetching packet for removed entity class_1542['Air'/2866349, l='ServerLevel[world]', x=-88.09, y=7.00, z=278.05]
[14:24:49] [Server thread/WARN]: Fetching packet for removed entity class_1542['Air'/2866741, l='ServerLevel[world]', x=-579.79, y=73.00, z=1178.64]
[14:30:00] [Server thread/INFO]: Player shuijiao is already logged on
[14:30:42] [Server thread/WARN]: Fetching packet for removed entity class_1542['Air'/2868447, l='ServerLevel[world]', x=-86.05, y=7.00, z=280.25]
[14:30:46] [Server thread/WARN]: Fetching packet for removed entity class_1542['Air'/2868453, l='ServerLevel[world]', x=-86.05, y=7.00, z=279.99]
[14:40:00] [Server thread/INFO]: Player shuijiao is already logged on
[14:41:20] [Server thread/WARN]: Fetching packet for removed entity class_1542['Air'/2871976, l='ServerLevel[world]', x=-86.05, y=7.00, z=280.83]
[14:50:00] [Server thread/INFO]: Player shuijiao is already logged on
[14:51:26] [Server thread/WARN]: Fetching packet for removed entity class_1542['Air'/2875075, l='ServerLevel[world]', x=-86.05, y=7.00, z=280.00]
[15:00:00] [Server thread/INFO]: Player shuijiao is already logged on
[15:02:10] [Server thread/WARN]: Fetching packet for removed entity class_1542['Air'/2878704, l='ServerLevel[world]', x=243.30, y=57.00, z=212.30]
[15:05:05] [Server thread/INFO]: [Textile Backup] Backup started by: Timer on: 2020-09-11_15-05-05
[15:05:05] [Server thread/INFO]: [Textile Backup] Saving server...
[15:05:05] [Server thread/INFO]: ThreadedAnvilChunkStorage (world): All chunks are saved
[15:05:05] [Server thread/INFO]: ThreadedAnvilChunkStorage (DIM-1): All chunks are saved
[15:05:05] [Server thread/INFO]: ThreadedAnvilChunkStorage (DIM1): All chunks are saved
[15:05:05] [pool-3-thread-1/INFO]: [Textile Backup] Starting backup
[15:05:38] [pool-3-thread-1/INFO]: [Textile Backup] Deleting: 2020-09-11_00-05-05.zip
[15:05:38] [pool-3-thread-1/INFO]: [Textile Backup] Done!
[15:10:00] [Server thread/INFO]: Player shuijiao is already logged on
[15:20:00] [Server thread/INFO]: Player shuijiao is already logged on
[15:28:43] [Server thread/WARN]: Fetching packet for removed entity class_1542['Air'/2886867, l='ServerLevel[world]', x=-86.05, y=7.00, z=280.16]
[15:30:00] [Server thread/INFO]: Player shuijiao is already logged on
[15:31:21] [Server thread/WARN]: Fetching packet for removed entity class_1542['Air'/2887635, l='ServerLevel[world]', x=-86.05, y=7.00, z=280.06]
[15:40:00] [Server thread/INFO]: Player shuijiao is already logged on
[15:44:30] [Server thread/WARN]: Fetching packet for removed entity class_1542['Air'/2891517, l='ServerLevel[world]', x=-86.05, y=7.00, z=280.46]
[15:47:35] [Server thread/WARN]: Fetching packet for removed entity class_1542['Air'/2892411, l='ServerLevel[world]', x=-88.99, y=7.00, z=278.05]
[15:50:00] [Server thread/INFO]: Player shuijiao is already logged on
[15:51:29] [Server thread/WARN]: Fetching packet for removed entity class_1542['Air'/2893626, l='ServerLevel[world]', x=243.30, y=57.00, z=212.70]
[16:00:00] [Server thread/INFO]: Player shuijiao is already logged on
[16:00:32] [Server thread/WARN]: Fetching packet for removed entity class_1542['Air'/2896372, l='ServerLevel[world]', x=-86.05, y=7.00, z=279.39]
[16:02:03] [Server thread/WARN]: Fetching packet for removed entity class_1542['Air'/2896778, l='ServerLevel[world]', x=-87.01, y=7.00, z=278.05]
[16:05:05] [Server thread/INFO]: [Textile Backup] Backup started by: Timer on: 2020-09-11_16-05-05
[16:05:05] [Server thread/INFO]: [Textile Backup] Saving server...
[16:05:05] [Server thread/INFO]: ThreadedAnvilChunkStorage (world): All chunks are saved
[16:05:05] [Server thread/INFO]: ThreadedAnvilChunkStorage (DIM-1): All chunks are saved
[16:05:05] [Server thread/INFO]: ThreadedAnvilChunkStorage (DIM1): All chunks are saved
[16:05:05] [pool-3-thread-1/INFO]: [Textile Backup] Starting backup
[16:05:35] [pool-3-thread-1/INFO]: [Textile Backup] Deleting: 2020-09-11_01-05-05.zip
[16:05:35] [pool-3-thread-1/INFO]: [Textile Backup] Done!
[16:10:00] [Server thread/INFO]: Player shuijiao is already logged on
[16:12:03] [Server thread/WARN]: Fetching packet for removed entity class_1542['Air'/2899829, l='ServerLevel[world]', x=243.70, y=57.00, z=212.30]
[16:20:00] [Server thread/INFO]: Player shuijiao is already logged on
[16:30:00] [Server thread/INFO]: Player shuijiao is already logged on
[16:34:17] [Server thread/WARN]: Fetching packet for removed entity class_1542['Air'/2906002, l='ServerLevel[world]', x=243.70, y=57.00, z=212.30]
[16:40:00] [Server thread/INFO]: Player shuijiao is already logged on
[16:47:20] [Server thread/WARN]: Fetching packet for removed entity class_1542['Air'/2910115, l='ServerLevel[world]', x=-87.81, y=7.00, z=278.05]
[16:50:00] [Server thread/INFO]: Player shuijiao is already logged on
[17:00:00] [Server thread/INFO]: Player shuijiao is already logged on
[17:05:05] [Server thread/INFO]: [Textile Backup] Backup started by: Timer on: 2020-09-11_17-05-05
[17:05:05] [Server thread/INFO]: [Textile Backup] Saving server...
[17:05:05] [Server thread/INFO]: ThreadedAnvilChunkStorage (world): All chunks are saved
[17:05:05] [Server thread/INFO]: ThreadedAnvilChunkStorage (DIM-1): All chunks are saved
[17:05:05] [Server thread/INFO]: ThreadedAnvilChunkStorage (DIM1): All chunks are saved
[17:05:05] [pool-3-thread-1/INFO]: [Textile Backup] Starting backup
[17:05:34] [pool-3-thread-1/INFO]: [Textile Backup] Deleting: 2020-09-11_02-05-05.zip
[17:05:34] [pool-3-thread-1/INFO]: [Textile Backup] Done!
[17:08:42] [Server thread/WARN]: Fetching packet for removed entity class_1542['Air'/2916586, l='ServerLevel[world]', x=243.70, y=57.00, z=212.30]
[17:10:00] [Server thread/INFO]: Player shuijiao is already logged on
[17:20:00] [Server thread/INFO]: Player shuijiao is already logged on
[17:30:00] [Server thread/INFO]: Player shuijiao is already logged on
[17:33:33] [Server thread/WARN]: Fetching packet for removed entity class_1542['Air'/2923920, l='ServerLevel[world]', x=-86.05, y=7.00, z=280.03]
[17:39:55] [Server thread/WARN]: Fetching packet for removed entity class_1542['Air'/2926087, l='ServerLevel[world]', x=243.30, y=57.00, z=212.70]
[17:40:00] [Server thread/INFO]: Player shuijiao is already logged on
[17:50:00] [Server thread/INFO]: Player shuijiao is already logged on
[18:00:00] [Server thread/INFO]: Player shuijiao is already logged on
[18:05:05] [Server thread/INFO]: [Textile Backup] Backup started by: Timer on: 2020-09-11_18-05-05
[18:05:05] [Server thread/INFO]: [Textile Backup] Saving server...
[18:05:05] [Server thread/INFO]: ThreadedAnvilChunkStorage (world): All chunks are saved
[18:05:05] [Server thread/INFO]: ThreadedAnvilChunkStorage (DIM-1): All chunks are saved
[18:05:05] [Server thread/INFO]: ThreadedAnvilChunkStorage (DIM1): All chunks are saved
[18:05:05] [pool-3-thread-1/INFO]: [Textile Backup] Starting backup
[18:05:35] [pool-3-thread-1/INFO]: [Textile Backup] Deleting: 2020-09-11_03-05-05.zip
[18:05:35] [pool-3-thread-1/INFO]: [Textile Backup] Done!
[18:06:52] [Server thread/INFO]: aka213[/127.0.0.1:49461] logged in with entity id 2934431 at (472.99852982092295, 128.0, 231.98996357234515)
[18:06:52] [Server thread/INFO]: aka213 joined the game
[18:06:52] [Netty Epoll Server IO #1/WARN]: Received invalid identifier in minecraft:register: legacy:fml|hs (Non [a-z0-9/._-] character in path of location: legacy:fml|hs)
[18:06:56] [Netty Epoll Server IO #1/INFO]: Player aka213 joined with a matching carpet client
[18:08:04] [Server thread/INFO]: <aka213> e
[18:10:00] [Server thread/INFO]: Player shuijiao is already logged on
[18:13:14] [Server thread/WARN]: Can't keep up! Is the server overloaded? Running 2002ms or 40 ticks behind
[18:13:32] [Server thread/WARN]: Can't keep up! Is the server overloaded? Running 2022ms or 40 ticks behind
[18:14:05] [Server thread/WARN]: Can't keep up! Is the server overloaded? Running 2013ms or 40 ticks behind
[18:14:23] [Server thread/WARN]: Can't keep up! Is the server overloaded? Running 3249ms or 64 ticks behind
[18:14:43] [Server thread/WARN]: Can't keep up! Is the server overloaded? Running 4473ms or 89 ticks behind
[18:15:02] [Server thread/WARN]: Can't keep up! Is the server overloaded? Running 4193ms or 83 ticks behind
[18:15:21] [Server thread/WARN]: Can't keep up! Is the server overloaded? Running 3987ms or 79 ticks behind
[18:15:40] [Server thread/WARN]: Can't keep up! Is the server overloaded? Running 3834ms or 76 ticks behind
[18:15:59] [Server thread/WARN]: Can't keep up! Is the server overloaded? Running 3765ms or 75 ticks behind
[18:16:16] [Server thread/WARN]: Can't keep up! Is the server overloaded? Running 2882ms or 57 ticks behind
[18:16:40] [Server thread/WARN]: Can't keep up! Is the server overloaded? Running 8934ms or 178 ticks behind
[18:17:00] [Server thread/WARN]: Can't keep up! Is the server overloaded? Running 4777ms or 95 ticks behind
[18:17:19] [Server thread/WARN]: Can't keep up! Is the server overloaded? Running 4278ms or 85 ticks behind
[18:17:37] [Server thread/WARN]: Can't keep up! Is the server overloaded? Running 3189ms or 63 ticks behind
[18:18:27] [Server thread/WARN]: Can't keep up! Is the server overloaded? Running 2019ms or 40 ticks behind
[18:18:45] [Server thread/WARN]: Can't keep up! Is the server overloaded? Running 2929ms or 58 ticks behind
[18:19:02] [Server thread/WARN]: Can't keep up! Is the server overloaded? Running 2659ms or 53 ticks behind
[18:19:46] [Server thread/WARN]: Can't keep up! Is the server overloaded? Running 2008ms or 40 ticks behind
[18:20:00] [Server thread/INFO]: Player shuijiao is already logged on
[18:20:02] [Server thread/WARN]: Fetching packet for removed entity class_1542['Air'/2941151, l='ServerLevel[world]', x=-87.66, y=7.00, z=281.95]
[18:20:03] [Server thread/WARN]: Can't keep up! Is the server overloaded? Running 2550ms or 51 ticks behind
[18:20:06] [Server thread/WARN]: Fetching packet for removed entity class_1542['Air'/2941186, l='ServerLevel[world]', x=-88.12, y=7.00, z=281.95]
[18:21:59] [Server thread/WARN]: Can't keep up! Is the server overloaded? Running 2005ms or 40 ticks behind
[18:30:00] [Server thread/INFO]: Player shuijiao is already logged on
[18:32:02] [Server thread/WARN]: Can't keep up! Is the server overloaded? Running 2010ms or 40 ticks behind
[18:32:10] [Server thread/WARN]: Fetching packet for removed entity class_1542['Air'/2956897, l='ServerLevel[world]', x=-86.05, y=7.00, z=279.35]
[18:33:02] [Server thread/WARN]: Fetching packet for removed entity class_1542['Air'/2958533, l='ServerLevel[world]', x=-574.93, y=73.00, z=1182.28]
[18:33:23] [Server thread/WARN]: Can't keep up! Is the server overloaded? Running 2002ms or 40 ticks behind
[18:33:49] [Server thread/WARN]: Fetching packet for removed entity class_1542['Air'/2959856, l='ServerLevel[world]', x=-88.65, y=7.00, z=278.05]
[18:40:00] [Server thread/INFO]: Player shuijiao is already logged on
[18:42:34] [Server thread/WARN]: Can't keep up! Is the server overloaded? Running 2024ms or 40 ticks behind
[18:50:00] [Server thread/INFO]: Player shuijiao is already logged on
[18:56:03] [Server thread/WARN]: Fetching packet for removed entity class_1542['Air'/2984679, l='ServerLevel[world]', x=-591.67, y=73.00, z=1185.50]
[18:58:35] [Server thread/WARN]: Can't keep up! Is the server overloaded? Running 2007ms or 40 ticks behind
[18:58:54] [Server thread/WARN]: Can't keep up! Is the server overloaded? Running 4133ms or 82 ticks behind
[18:59:13] [Server thread/WARN]: Can't keep up! Is the server overloaded? Running 4158ms or 83 ticks behind
[18:59:32] [Server thread/WARN]: Can't keep up! Is the server overloaded? Running 3646ms or 72 ticks behind
[18:59:50] [Server thread/WARN]: Can't keep up! Is the server overloaded? Running 3556ms or 71 ticks behind
[19:00:00] [Server thread/INFO]: Player shuijiao is already logged on
[19:00:12] [Server thread/WARN]: Can't keep up! Is the server overloaded? Running 6539ms or 130 ticks behind
[19:00:32] [Server thread/WARN]: Can't keep up! Is the server overloaded? Running 5688ms or 113 ticks behind
[19:00:52] [Server thread/WARN]: Can't keep up! Is the server overloaded? Running 5144ms or 102 ticks behind
[19:01:12] [Server thread/WARN]: Can't keep up! Is the server overloaded? Running 4896ms or 97 ticks behind
[19:01:33] [Server thread/WARN]: Can't keep up! Is the server overloaded? Running 5546ms or 110 ticks behind
[19:01:53] [Server thread/WARN]: Can't keep up! Is the server overloaded? Running 5044ms or 100 ticks behind
[19:02:12] [Server thread/WARN]: Can't keep up! Is the server overloaded? Running 4466ms or 89 ticks behind
[19:02:32] [Server thread/WARN]: Can't keep up! Is the server overloaded? Running 4978ms or 99 ticks behind
[19:02:51] [Server thread/WARN]: Can't keep up! Is the server overloaded? Running 4443ms or 88 ticks behind
[19:03:12] [Server thread/WARN]: Can't keep up! Is the server overloaded? Running 5067ms or 101 ticks behind
[19:03:32] [Server thread/WARN]: Can't keep up! Is the server overloaded? Running 5717ms or 114 ticks behind
[19:03:52] [Server thread/WARN]: Can't keep up! Is the server overloaded? Running 4557ms or 91 ticks behind
[19:04:12] [Server thread/WARN]: Can't keep up! Is the server overloaded? Running 5096ms or 101 ticks behind
[19:04:31] [Server thread/WARN]: Can't keep up! Is the server overloaded? Running 3904ms or 78 ticks behind
[19:04:50] [Server thread/WARN]: Can't keep up! Is the server overloaded? Running 4593ms or 91 ticks behind
[19:05:05] [Server thread/INFO]: [Textile Backup] Backup started by: Timer on: 2020-09-11_19-05-05
[19:05:05] [Server thread/INFO]: [Textile Backup] Saving server...
[19:05:06] [Server thread/INFO]: ThreadedAnvilChunkStorage (world): All chunks are saved
[19:05:06] [Server thread/INFO]: ThreadedAnvilChunkStorage (DIM-1): All chunks are saved
[19:05:06] [Server thread/INFO]: ThreadedAnvilChunkStorage (DIM1): All chunks are saved
[19:05:06] [pool-3-thread-1/INFO]: [Textile Backup] Starting backup
[19:05:14] [Server thread/WARN]: Can't keep up! Is the server overloaded? Running 8890ms or 177 ticks behind
[19:05:36] [Server thread/WARN]: Can't keep up! Is the server overloaded? Running 6503ms or 130 ticks behind
[19:05:41] [pool-3-thread-1/INFO]: [Textile Backup] Deleting: 2020-09-11_04-05-05.zip
[19:05:41] [pool-3-thread-1/INFO]: [Textile Backup] Done!
[19:05:55] [Server thread/WARN]: Can't keep up! Is the server overloaded? Running 4876ms or 97 ticks behind
[19:06:15] [Server thread/WARN]: Can't keep up! Is the server overloaded? Running 4338ms or 86 ticks behind
[19:06:34] [Server thread/WARN]: Can't keep up! Is the server overloaded? Running 4550ms or 91 ticks behind
[19:06:53] [Server thread/WARN]: Can't keep up! Is the server overloaded? Running 3625ms or 72 ticks behind
[19:07:11] [Server thread/WARN]: Can't keep up! Is the server overloaded? Running 3382ms or 67 ticks behind
[19:07:49] [Server thread/WARN]: Can't keep up! Is the server overloaded? Running 2017ms or 40 ticks behind
[19:08:12] [Server thread/WARN]: Can't keep up! Is the server overloaded? Running 2012ms or 40 ticks behind
[19:08:43] [Server thread/WARN]: Can't keep up! Is the server overloaded? Running 2012ms or 40 ticks behind
[19:09:01] [Server thread/WARN]: Can't keep up! Is the server overloaded? Running 2234ms or 44 ticks behind
[19:09:09] [Server thread/WARN]: Fetching packet for removed entity class_1542['Air'/2990761, l='ServerLevel[world]', x=-575.45, y=73.00, z=1182.53]
[19:09:09] [Server thread/WARN]: Fetching packet for removed entity class_1542['Air'/2990762, l='ServerLevel[world]', x=-575.45, y=73.00, z=1182.53]
[19:09:18] [Server thread/WARN]: Can't keep up! Is the server overloaded? Running 2013ms or 40 ticks behind
[19:09:36] [Server thread/WARN]: Can't keep up! Is the server overloaded? Running 3746ms or 74 ticks behind
[19:09:54] [Server thread/WARN]: Can't keep up! Is the server overloaded? Running 2508ms or 50 ticks behind
[19:10:00] [Server thread/INFO]: Player shuijiao is already logged on
[19:10:11] [Server thread/WARN]: Can't keep up! Is the server overloaded? Running 2467ms or 49 ticks behind
[19:10:15] [Server thread/WARN]: Fetching packet for removed entity class_1542['Air'/2991082, l='ServerLevel[world]', x=-86.05, y=7.00, z=280.07]
[19:10:29] [Server thread/WARN]: Can't keep up! Is the server overloaded? Running 2308ms or 46 ticks behind
[19:10:46] [Server thread/WARN]: Can't keep up! Is the server overloaded? Running 2025ms or 40 ticks behind
[19:11:04] [Server thread/WARN]: Can't keep up! Is the server overloaded? Running 2466ms or 49 ticks behind
[19:11:22] [Server thread/WARN]: Can't keep up! Is the server overloaded? Running 3308ms or 66 ticks behind
[19:11:42] [Server thread/WARN]: Can't keep up! Is the server overloaded? Running 4747ms or 94 ticks behind
[19:12:08] [Server thread/WARN]: Can't keep up! Is the server overloaded? Running 2002ms or 40 ticks behind
[19:12:26] [Server thread/WARN]: Can't keep up! Is the server overloaded? Running 2761ms or 55 ticks behind
[19:12:44] [Server thread/WARN]: Can't keep up! Is the server overloaded? Running 3682ms or 73 ticks behind
[19:13:26] [Server thread/WARN]: Can't keep up! Is the server overloaded? Running 2003ms or 40 ticks behind
[19:13:33] [Server thread/INFO]: aka213 lost connection: Disconnected
[19:13:33] [Server thread/INFO]: aka213 left the game
[19:20:00] [Server thread/INFO]: Player shuijiao is already logged on
[19:25:48] [Server thread/INFO]: Stopping the server
[19:25:48] [Server thread/INFO]: Unknown or incomplete command, see below for error
[19:25:48] [Server thread/INFO]: end<--[HERE]
[19:25:48] [Server thread/INFO]: Unknown or incomplete command, see below for error
[19:25:48] [Server thread/INFO]: exit<--[HERE]
[19:25:48] [Thread-62/INFO]: WebServer closed.
[19:25:48] [Server thread/INFO]: BlueMap unloaded!
[19:25:48] [Server thread/INFO]: Stopping server
[19:25:48] [Server thread/INFO]: Saving players
[19:25:48] [Server thread/INFO]: Saving worlds
[19:25:48] [Server thread/INFO]: Saving chunks for level 'ServerLevel[world]'/minecraft:overworld
[19:25:49] [Server thread/INFO]: ThreadedAnvilChunkStorage (world): All chunks are saved
[19:25:49] [Server thread/INFO]: Saving chunks for level 'ServerLevel[world]'/minecraft:the_nether
[19:25:49] [Server thread/INFO]: ThreadedAnvilChunkStorage (DIM-1): All chunks are saved
[19:25:49] [Server thread/INFO]: Saving chunks for level 'ServerLevel[world]'/minecraft:the_end
[19:25:49] [Server thread/INFO]: ThreadedAnvilChunkStorage (DIM1): All chunks are saved
[19:25:49] [Server thread/INFO]: ThreadedAnvilChunkStorage (world): All chunks are saved
[19:25:49] [Server thread/INFO]: ThreadedAnvilChunkStorage (DIM-1): All chunks are saved
[19:25:49] [Server thread/INFO]: ThreadedAnvilChunkStorage (DIM1): All chunks are saved
[19:25:49] [Server thread/INFO]: [Textile Backup] Backup started by: Server Shutdown on: 2020-09-11_19-25-49
[19:25:49] [Server thread/INFO]: [Textile Backup] Starting backup
[19:26:16] [Server thread/INFO]: [Textile Backup] Deleting: 2020-09-11_05-05-05.zip
[19:26:16] [Server thread/INFO]: [Textile Backup] Done!
[19:26:16] [Server thread/INFO]: Thread RCON Listener stopped
