[00:00:00] [Server thread/INFO]: Player shuijiao is already logged on
[00:10:00] [Server thread/INFO]: Player shuijiao is already logged on
[00:20:00] [Server thread/INFO]: Player shuijiao is already logged on
[00:30:00] [Server thread/INFO]: Player shuijiao is already logged on
[00:37:48] [Server thread/INFO]: [Textile Backup] Backup started by: Timer on: 2020-09-03_00-37-48
[00:37:48] [Server thread/INFO]: [Textile Backup] Saving server...
[00:37:48] [Server thread/INFO]: ThreadedAnvilChunkStorage (world): All chunks are saved
[00:37:48] [Server thread/INFO]: ThreadedAnvilChunkStorage (DIM-1): All chunks are saved
[00:37:48] [Server thread/INFO]: ThreadedAnvilChunkStorage (DIM1): All chunks are saved
[00:37:48] [pool-3-thread-1/INFO]: [Textile Backup] Starting backup
[00:38:11] [pool-3-thread-1/INFO]: [Textile Backup] Deleting: 2020-09-02_09-37-48.zip
[00:38:11] [pool-3-thread-1/INFO]: [Textile Backup] Done!
[00:40:00] [Server thread/INFO]: Player shuijiao is already logged on
[00:50:00] [Server thread/INFO]: Player shuijiao is already logged on
[01:00:00] [Server thread/INFO]: Player shuijiao is already logged on
[01:10:00] [Server thread/INFO]: Player shuijiao is already logged on
[01:20:00] [Server thread/INFO]: Player shuijiao is already logged on
[01:30:00] [Server thread/INFO]: Player shuijiao is already logged on
[01:37:48] [Server thread/INFO]: [Textile Backup] Backup started by: Timer on: 2020-09-03_01-37-48
[01:37:48] [Server thread/INFO]: [Textile Backup] Saving server...
[01:37:48] [Server thread/INFO]: ThreadedAnvilChunkStorage (world): All chunks are saved
[01:37:48] [Server thread/INFO]: ThreadedAnvilChunkStorage (DIM-1): All chunks are saved
[01:37:48] [Server thread/INFO]: ThreadedAnvilChunkStorage (DIM1): All chunks are saved
[01:37:48] [pool-3-thread-1/INFO]: [Textile Backup] Starting backup
[01:38:04] [pool-3-thread-1/INFO]: [Textile Backup] Deleting: 2020-09-02_10-37-48.zip
[01:38:04] [pool-3-thread-1/INFO]: [Textile Backup] Done!
[01:40:00] [Server thread/INFO]: Player shuijiao is already logged on
[01:50:00] [Server thread/INFO]: Player shuijiao is already logged on
[02:00:00] [Server thread/INFO]: Player shuijiao is already logged on
[02:10:00] [Server thread/INFO]: Player shuijiao is already logged on
[02:20:00] [Server thread/INFO]: Player shuijiao is already logged on
[02:30:00] [Server thread/INFO]: Player shuijiao is already logged on
[02:37:48] [Server thread/INFO]: [Textile Backup] Backup started by: Timer on: 2020-09-03_02-37-48
[02:37:48] [Server thread/INFO]: [Textile Backup] Saving server...
[02:37:48] [Server thread/INFO]: ThreadedAnvilChunkStorage (world): All chunks are saved
[02:37:48] [Server thread/INFO]: ThreadedAnvilChunkStorage (DIM-1): All chunks are saved
[02:37:48] [Server thread/INFO]: ThreadedAnvilChunkStorage (DIM1): All chunks are saved
[02:37:48] [pool-3-thread-1/INFO]: [Textile Backup] Starting backup
[02:38:13] [pool-3-thread-1/INFO]: [Textile Backup] Deleting: 2020-09-02_11-37-48.zip
[02:38:13] [pool-3-thread-1/INFO]: [Textile Backup] Done!
[02:40:00] [Server thread/INFO]: Player shuijiao is already logged on
[02:50:00] [Server thread/INFO]: Player shuijiao is already logged on
[03:00:00] [Server thread/INFO]: Player shuijiao is already logged on
[03:10:00] [Server thread/INFO]: Player shuijiao is already logged on
[03:20:00] [Server thread/INFO]: Player shuijiao is already logged on
[03:30:00] [Server thread/INFO]: Player shuijiao is already logged on
[03:37:48] [Server thread/INFO]: [Textile Backup] Backup started by: Timer on: 2020-09-03_03-37-48
[03:37:48] [Server thread/INFO]: [Textile Backup] Saving server...
[03:37:48] [Server thread/INFO]: ThreadedAnvilChunkStorage (world): All chunks are saved
[03:37:48] [Server thread/INFO]: ThreadedAnvilChunkStorage (DIM-1): All chunks are saved
[03:37:48] [Server thread/INFO]: ThreadedAnvilChunkStorage (DIM1): All chunks are saved
[03:37:48] [pool-3-thread-1/INFO]: [Textile Backup] Starting backup
[03:38:05] [pool-3-thread-1/INFO]: [Textile Backup] Deleting: 2020-09-02_12-37-48.zip
[03:38:05] [pool-3-thread-1/INFO]: [Textile Backup] Done!
[03:40:00] [Server thread/INFO]: Player shuijiao is already logged on
[03:50:00] [Server thread/INFO]: Player shuijiao is already logged on
[04:00:00] [Server thread/INFO]: Player shuijiao is already logged on
[04:10:00] [Server thread/INFO]: Player shuijiao is already logged on
[04:20:00] [Server thread/INFO]: Player shuijiao is already logged on
[04:30:00] [Server thread/INFO]: Player shuijiao is already logged on
[04:37:48] [Server thread/INFO]: [Textile Backup] Backup started by: Timer on: 2020-09-03_04-37-48
[04:37:48] [Server thread/INFO]: [Textile Backup] Saving server...
[04:37:48] [Server thread/INFO]: ThreadedAnvilChunkStorage (world): All chunks are saved
[04:37:48] [Server thread/INFO]: ThreadedAnvilChunkStorage (DIM-1): All chunks are saved
[04:37:48] [Server thread/INFO]: ThreadedAnvilChunkStorage (DIM1): All chunks are saved
[04:37:48] [pool-3-thread-1/INFO]: [Textile Backup] Starting backup
[04:38:04] [pool-3-thread-1/INFO]: [Textile Backup] Deleting: 2020-09-02_13-37-48.zip
[04:38:04] [pool-3-thread-1/INFO]: [Textile Backup] Done!
[04:40:00] [Server thread/INFO]: Player shuijiao is already logged on
[04:50:00] [Server thread/INFO]: Player shuijiao is already logged on
[04:51:17] [Server thread/WARN]: Fetching packet for removed entity class_1542['Air'/1008255, l='ServerLevel[world]', x=-87.89, y=7.00, z=281.95]
[05:00:00] [Server thread/INFO]: Player shuijiao is already logged on
[05:10:00] [Server thread/INFO]: Player shuijiao is already logged on
[05:20:00] [Server thread/INFO]: Player shuijiao is already logged on
[05:25:01] [Server thread/INFO]: Unknown or incomplete command, see below for error
[05:25:01] [Server thread/INFO]: _say 服务器将在5分钟后关闭备份存档，6:01继续开启<--[HERE]
[05:30:00] [Server thread/INFO]: Player shuijiao is already logged on
[05:30:01] [Server thread/INFO]: Unknown or incomplete command, see below for error
[05:30:01] [Server thread/INFO]: __stop___<--[HERE]
[05:37:48] [Server thread/INFO]: [Textile Backup] Backup started by: Timer on: 2020-09-03_05-37-48
[05:37:48] [Server thread/INFO]: [Textile Backup] Saving server...
[05:37:48] [Server thread/INFO]: ThreadedAnvilChunkStorage (world): All chunks are saved
[05:37:48] [Server thread/INFO]: ThreadedAnvilChunkStorage (DIM-1): All chunks are saved
[05:37:48] [Server thread/INFO]: ThreadedAnvilChunkStorage (DIM1): All chunks are saved
[05:37:48] [pool-3-thread-1/INFO]: [Textile Backup] Starting backup
[05:38:04] [pool-3-thread-1/INFO]: [Textile Backup] Deleting: 2020-09-02_14-37-48.zip
[05:38:04] [pool-3-thread-1/INFO]: [Textile Backup] Done!
[05:40:00] [Server thread/INFO]: Player shuijiao is already logged on
[05:50:00] [Server thread/INFO]: Player shuijiao is already logged on
[06:00:00] [Server thread/INFO]: Player shuijiao is already logged on
[06:10:00] [Server thread/INFO]: Player shuijiao is already logged on
[06:20:00] [Server thread/INFO]: Player shuijiao is already logged on
[06:30:00] [Server thread/INFO]: Player shuijiao is already logged on
[06:37:48] [Server thread/INFO]: [Textile Backup] Backup started by: Timer on: 2020-09-03_06-37-48
[06:37:48] [Server thread/INFO]: [Textile Backup] Saving server...
[06:37:48] [Server thread/INFO]: ThreadedAnvilChunkStorage (world): All chunks are saved
[06:37:48] [Server thread/INFO]: ThreadedAnvilChunkStorage (DIM-1): All chunks are saved
[06:37:48] [Server thread/INFO]: ThreadedAnvilChunkStorage (DIM1): All chunks are saved
[06:37:48] [pool-3-thread-1/INFO]: [Textile Backup] Starting backup
[06:38:04] [pool-3-thread-1/INFO]: [Textile Backup] Deleting: 2020-09-02_15-37-48.zip
[06:38:04] [pool-3-thread-1/INFO]: [Textile Backup] Done!
[06:40:00] [Server thread/INFO]: Player shuijiao is already logged on
[06:50:00] [Server thread/INFO]: Player shuijiao is already logged on
[07:00:00] [Server thread/INFO]: Player shuijiao is already logged on
[07:10:00] [Server thread/INFO]: Player shuijiao is already logged on
[07:20:00] [Server thread/INFO]: Player shuijiao is already logged on
[07:30:00] [Server thread/INFO]: Player shuijiao is already logged on
[07:37:48] [Server thread/INFO]: [Textile Backup] Backup started by: Timer on: 2020-09-03_07-37-48
[07:37:48] [Server thread/INFO]: [Textile Backup] Saving server...
[07:37:48] [Server thread/INFO]: ThreadedAnvilChunkStorage (world): All chunks are saved
[07:37:48] [Server thread/INFO]: ThreadedAnvilChunkStorage (DIM-1): All chunks are saved
[07:37:48] [Server thread/INFO]: ThreadedAnvilChunkStorage (DIM1): All chunks are saved
[07:37:48] [pool-3-thread-1/INFO]: [Textile Backup] Starting backup
[07:38:04] [pool-3-thread-1/INFO]: [Textile Backup] Deleting: 2020-09-02_16-37-48.zip
[07:38:04] [pool-3-thread-1/INFO]: [Textile Backup] Done!
[07:40:00] [Server thread/INFO]: Player shuijiao is already logged on
[07:50:00] [Server thread/INFO]: Player shuijiao is already logged on
[08:00:00] [Server thread/INFO]: Player shuijiao is already logged on
[08:10:00] [Server thread/INFO]: Player shuijiao is already logged on
[08:20:00] [Server thread/INFO]: Player shuijiao is already logged on
[08:30:00] [Server thread/INFO]: Player shuijiao is already logged on
[08:37:48] [Server thread/INFO]: [Textile Backup] Backup started by: Timer on: 2020-09-03_08-37-48
[08:37:48] [Server thread/INFO]: [Textile Backup] Saving server...
[08:37:48] [Server thread/INFO]: ThreadedAnvilChunkStorage (world): All chunks are saved
[08:37:48] [Server thread/INFO]: ThreadedAnvilChunkStorage (DIM-1): All chunks are saved
[08:37:48] [Server thread/INFO]: ThreadedAnvilChunkStorage (DIM1): All chunks are saved
[08:37:48] [pool-3-thread-1/INFO]: [Textile Backup] Starting backup
[08:38:04] [pool-3-thread-1/INFO]: [Textile Backup] Deleting: 2020-09-02_17-37-48.zip
[08:38:04] [pool-3-thread-1/INFO]: [Textile Backup] Done!
[08:40:00] [Server thread/INFO]: Player shuijiao is already logged on
[08:50:00] [Server thread/INFO]: Player shuijiao is already logged on
[09:00:00] [Server thread/INFO]: Player shuijiao is already logged on
[09:10:00] [Server thread/INFO]: Player shuijiao is already logged on
[09:20:00] [Server thread/INFO]: Player shuijiao is already logged on
[09:30:00] [Server thread/INFO]: Player shuijiao is already logged on
[09:37:48] [Server thread/INFO]: [Textile Backup] Backup started by: Timer on: 2020-09-03_09-37-48
[09:37:48] [Server thread/INFO]: [Textile Backup] Saving server...
[09:37:48] [Server thread/INFO]: ThreadedAnvilChunkStorage (world): All chunks are saved
[09:37:48] [Server thread/INFO]: ThreadedAnvilChunkStorage (DIM-1): All chunks are saved
[09:37:48] [Server thread/INFO]: ThreadedAnvilChunkStorage (DIM1): All chunks are saved
[09:37:48] [pool-3-thread-1/INFO]: [Textile Backup] Starting backup
[09:38:04] [pool-3-thread-1/INFO]: [Textile Backup] Deleting: 2020-09-02_18-37-48.zip
[09:38:04] [pool-3-thread-1/INFO]: [Textile Backup] Done!
[09:40:00] [Server thread/INFO]: Player shuijiao is already logged on
[09:50:00] [Server thread/INFO]: Player shuijiao is already logged on
[10:00:00] [Server thread/INFO]: Player shuijiao is already logged on
[10:10:00] [Server thread/INFO]: Player shuijiao is already logged on
[10:20:00] [Server thread/INFO]: Player shuijiao is already logged on
[10:30:00] [Server thread/INFO]: Player shuijiao is already logged on
[10:37:48] [Server thread/INFO]: [Textile Backup] Backup started by: Timer on: 2020-09-03_10-37-48
[10:37:48] [Server thread/INFO]: [Textile Backup] Saving server...
[10:37:48] [Server thread/INFO]: ThreadedAnvilChunkStorage (world): All chunks are saved
[10:37:48] [Server thread/INFO]: ThreadedAnvilChunkStorage (DIM-1): All chunks are saved
[10:37:48] [Server thread/INFO]: ThreadedAnvilChunkStorage (DIM1): All chunks are saved
[10:37:48] [pool-3-thread-1/INFO]: [Textile Backup] Starting backup
[10:38:09] [pool-3-thread-1/INFO]: [Textile Backup] Deleting: 2020-09-02_19-37-48.zip
[10:38:09] [pool-3-thread-1/INFO]: [Textile Backup] Done!
[10:40:00] [Server thread/INFO]: Player shuijiao is already logged on
[10:50:00] [Server thread/INFO]: Player shuijiao is already logged on
[11:00:00] [Server thread/INFO]: Player shuijiao is already logged on
[11:10:00] [Server thread/INFO]: Player shuijiao is already logged on
[11:20:00] [Server thread/INFO]: Player shuijiao is already logged on
[11:30:00] [Server thread/INFO]: Player shuijiao is already logged on
[11:37:48] [Server thread/INFO]: [Textile Backup] Backup started by: Timer on: 2020-09-03_11-37-48
[11:37:48] [Server thread/INFO]: [Textile Backup] Saving server...
[11:37:48] [Server thread/INFO]: ThreadedAnvilChunkStorage (world): All chunks are saved
[11:37:48] [Server thread/INFO]: ThreadedAnvilChunkStorage (DIM-1): All chunks are saved
[11:37:48] [Server thread/INFO]: ThreadedAnvilChunkStorage (DIM1): All chunks are saved
[11:37:48] [pool-3-thread-1/INFO]: [Textile Backup] Starting backup
[11:38:11] [pool-3-thread-1/INFO]: [Textile Backup] Deleting: 2020-09-02_20-37-48.zip
[11:38:12] [pool-3-thread-1/INFO]: [Textile Backup] Done!
[11:40:00] [Server thread/INFO]: Player shuijiao is already logged on
[11:50:00] [Server thread/INFO]: Player shuijiao is already logged on
[12:00:00] [Server thread/INFO]: Player shuijiao is already logged on
[12:10:00] [Server thread/INFO]: Player shuijiao is already logged on
[12:20:00] [Server thread/INFO]: Player shuijiao is already logged on
[12:29:54] [Server thread/INFO]: wushi_[/127.0.0.1:50501] logged in with entity id 1112361 at (14.522495076653763, 63.5, -505.4163812557234)
[12:29:54] [Server thread/INFO]: wushi_ joined the game
[12:29:54] [Netty Epoll Server IO #6/WARN]: Received invalid identifier in minecraft:register: legacy:fml|hs (Non [a-z0-9/._-] character in path of location: legacy:fml|hs)
[12:29:56] [Netty Epoll Server IO #6/WARN]: Player wushi_ joined with another carpet version: 1.4.0+v200623
[12:30:00] [Server thread/INFO]: Player shuijiao is already logged on
[12:37:48] [Server thread/INFO]: [Textile Backup] Backup started by: Timer on: 2020-09-03_12-37-48
[12:37:48] [Server thread/INFO]: [Textile Backup] Saving server...
[12:37:48] [Server thread/INFO]: ThreadedAnvilChunkStorage (world): All chunks are saved
[12:37:49] [Server thread/INFO]: ThreadedAnvilChunkStorage (DIM-1): All chunks are saved
[12:37:49] [Server thread/INFO]: ThreadedAnvilChunkStorage (DIM1): All chunks are saved
[12:37:49] [pool-3-thread-1/INFO]: [Textile Backup] Starting backup
[12:38:14] [pool-3-thread-1/INFO]: [Textile Backup] Deleting: 2020-09-02_21-37-48.zip
[12:38:14] [pool-3-thread-1/INFO]: [Textile Backup] Done!
[12:40:00] [Server thread/INFO]: Player shuijiao is already logged on
[12:50:00] [Server thread/INFO]: Player shuijiao is already logged on
[13:00:00] [Server thread/INFO]: Player shuijiao is already logged on
[13:10:00] [Server thread/INFO]: Player shuijiao is already logged on
[13:20:00] [Server thread/INFO]: Player shuijiao is already logged on
[13:24:18] [Server thread/WARN]: Mismatch in destroy block pos: class_2338{x=-15, y=77, z=-483} class_2338{x=-13, y=77, z=-486}
[13:26:11] [Server thread/WARN]: Mismatch in destroy block pos: class_2338{x=-20, y=60, z=-485} class_2338{x=-20, y=59, z=-487}
[13:26:14] [Server thread/WARN]: Mismatch in destroy block pos: class_2338{x=-20, y=59, z=-486} class_2338{x=-20, y=60, z=-486}
[13:26:14] [Server thread/WARN]: Mismatch in destroy block pos: class_2338{x=-20, y=59, z=-486} class_2338{x=-20, y=58, z=-486}
[13:30:00] [Server thread/INFO]: Player shuijiao is already logged on
[13:37:48] [Server thread/INFO]: [Textile Backup] Backup started by: Timer on: 2020-09-03_13-37-48
[13:37:48] [Server thread/INFO]: [Textile Backup] Saving server...
[13:37:48] [Server thread/INFO]: ThreadedAnvilChunkStorage (world): All chunks are saved
[13:37:49] [Server thread/INFO]: ThreadedAnvilChunkStorage (DIM-1): All chunks are saved
[13:37:49] [Server thread/INFO]: ThreadedAnvilChunkStorage (DIM1): All chunks are saved
[13:37:49] [pool-3-thread-1/INFO]: [Textile Backup] Starting backup
[13:38:14] [pool-3-thread-1/INFO]: [Textile Backup] Deleting: 2020-09-02_22-37-48.zip
[13:38:14] [pool-3-thread-1/INFO]: [Textile Backup] Done!
[13:40:00] [Server thread/INFO]: Player shuijiao is already logged on
[13:50:00] [Server thread/INFO]: Player shuijiao is already logged on
[13:52:43] [Server thread/WARN]: Mismatch in destroy block pos: class_2338{x=18, y=80, z=-447} class_2338{x=18, y=80, z=-446}
[13:52:43] [Server thread/WARN]: Mismatch in destroy block pos: class_2338{x=18, y=80, z=-447} class_2338{x=18, y=80, z=-446}
[13:52:43] [Server thread/WARN]: Mismatch in destroy block pos: class_2338{x=18, y=80, z=-447} class_2338{x=18, y=80, z=-446}
[13:53:15] [Server thread/WARN]: Mismatch in destroy block pos: class_2338{x=15, y=82, z=-424} class_2338{x=16, y=82, z=-423}
[13:57:53] [Server thread/WARN]: Mismatch in destroy block pos: class_2338{x=11, y=80, z=-419} class_2338{x=11, y=79, z=-420}
[13:57:54] [Server thread/WARN]: Mismatch in destroy block pos: class_2338{x=11, y=80, z=-419} class_2338{x=11, y=79, z=-420}
[13:57:54] [Server thread/WARN]: Mismatch in destroy block pos: class_2338{x=11, y=80, z=-419} class_2338{x=11, y=79, z=-420}
[13:57:54] [Server thread/WARN]: Mismatch in destroy block pos: class_2338{x=11, y=80, z=-419} class_2338{x=11, y=79, z=-420}
[14:00:00] [Server thread/INFO]: Player shuijiao is already logged on
[14:10:00] [Server thread/INFO]: Player shuijiao is already logged on
[14:20:00] [Server thread/INFO]: Player shuijiao is already logged on
[14:30:00] [Server thread/INFO]: Player shuijiao is already logged on
[14:37:48] [Server thread/INFO]: [Textile Backup] Backup started by: Timer on: 2020-09-03_14-37-48
[14:37:48] [Server thread/INFO]: [Textile Backup] Saving server...
[14:37:50] [Server thread/INFO]: ThreadedAnvilChunkStorage (world): All chunks are saved
[14:37:50] [Server thread/INFO]: ThreadedAnvilChunkStorage (DIM-1): All chunks are saved
[14:37:50] [Server thread/INFO]: ThreadedAnvilChunkStorage (DIM1): All chunks are saved
[14:37:50] [pool-3-thread-1/INFO]: [Textile Backup] Starting backup
[14:37:50] [Server thread/WARN]: Can't keep up! Is the server overloaded? Running 2273ms or 45 ticks behind
[14:38:14] [pool-3-thread-1/INFO]: [Textile Backup] Deleting: 2020-09-02_23-37-48.zip
[14:38:14] [pool-3-thread-1/INFO]: [Textile Backup] Done!
[14:40:00] [Server thread/INFO]: Player shuijiao is already logged on
[14:47:53] [Server thread/INFO]: wushi_ lost connection: Disconnected
[14:47:53] [Server thread/INFO]: wushi_ left the game
[14:50:00] [Server thread/INFO]: Player shuijiao is already logged on
[15:00:00] [Server thread/INFO]: Player shuijiao is already logged on
[15:10:00] [Server thread/INFO]: Player shuijiao is already logged on
[15:20:00] [Server thread/INFO]: Player shuijiao is already logged on
[15:30:00] [Server thread/INFO]: Player shuijiao is already logged on
[15:35:06] [Server thread/INFO]: wushi6969[/127.0.0.1:41351] logged in with entity id 1180620 at (15.7, 64.0, -504.46432)
[15:35:06] [Server thread/INFO]: wushi6969 joined the game
[15:35:06] [Netty Epoll Server IO #5/WARN]: Received invalid identifier in minecraft:register: legacy:fml|hs (Non [a-z0-9/._-] character in path of location: legacy:fml|hs)
[15:37:48] [Server thread/INFO]: [Textile Backup] Backup started by: Timer on: 2020-09-03_15-37-48
[15:37:48] [Server thread/INFO]: [Textile Backup] Saving server...
[15:37:49] [Server thread/INFO]: ThreadedAnvilChunkStorage (world): All chunks are saved
[15:37:49] [Server thread/INFO]: ThreadedAnvilChunkStorage (DIM-1): All chunks are saved
[15:37:49] [Server thread/INFO]: ThreadedAnvilChunkStorage (DIM1): All chunks are saved
[15:37:49] [pool-3-thread-1/INFO]: [Textile Backup] Starting backup
[15:38:12] [pool-3-thread-1/INFO]: [Textile Backup] Deleting: 2020-09-03_00-37-48.zip
[15:38:12] [pool-3-thread-1/INFO]: [Textile Backup] Done!
[15:40:00] [Server thread/INFO]: Player shuijiao is already logged on
[15:41:10] [Server thread/INFO]: wushi6969 lost connection: Disconnected
[15:41:10] [Server thread/INFO]: wushi6969 left the game
[15:50:00] [Server thread/INFO]: Player shuijiao is already logged on
[16:00:00] [Server thread/INFO]: Player shuijiao is already logged on
[16:10:00] [Server thread/INFO]: Player shuijiao is already logged on
[16:20:00] [Server thread/INFO]: Player shuijiao is already logged on
[16:30:00] [Server thread/INFO]: Player shuijiao is already logged on
[16:37:48] [Server thread/INFO]: [Textile Backup] Backup started by: Timer on: 2020-09-03_16-37-48
[16:37:48] [Server thread/INFO]: [Textile Backup] Saving server...
[16:37:48] [Server thread/INFO]: ThreadedAnvilChunkStorage (world): All chunks are saved
[16:37:48] [Server thread/INFO]: ThreadedAnvilChunkStorage (DIM-1): All chunks are saved
[16:37:48] [Server thread/INFO]: ThreadedAnvilChunkStorage (DIM1): All chunks are saved
[16:37:48] [pool-3-thread-1/INFO]: [Textile Backup] Starting backup
[16:38:12] [pool-3-thread-1/INFO]: [Textile Backup] Deleting: 2020-09-03_01-37-48.zip
[16:38:12] [pool-3-thread-1/INFO]: [Textile Backup] Done!
[16:40:00] [Server thread/INFO]: Player shuijiao is already logged on
[16:50:00] [Server thread/INFO]: Player shuijiao is already logged on
[17:00:00] [Server thread/INFO]: Player shuijiao is already logged on
[17:10:00] [Server thread/INFO]: Player shuijiao is already logged on
[17:20:00] [Server thread/INFO]: Player shuijiao is already logged on
[17:30:00] [Server thread/INFO]: Player shuijiao is already logged on
[17:37:48] [Server thread/INFO]: [Textile Backup] Backup started by: Timer on: 2020-09-03_17-37-48
[17:37:48] [Server thread/INFO]: [Textile Backup] Saving server...
[17:37:48] [Server thread/INFO]: ThreadedAnvilChunkStorage (world): All chunks are saved
[17:37:48] [Server thread/INFO]: ThreadedAnvilChunkStorage (DIM-1): All chunks are saved
[17:37:48] [Server thread/INFO]: ThreadedAnvilChunkStorage (DIM1): All chunks are saved
[17:37:48] [pool-3-thread-1/INFO]: [Textile Backup] Starting backup
[17:38:12] [pool-3-thread-1/INFO]: [Textile Backup] Deleting: 2020-09-03_02-37-48.zip
[17:38:12] [pool-3-thread-1/INFO]: [Textile Backup] Done!
[17:40:00] [Server thread/INFO]: Player shuijiao is already logged on
[17:50:00] [Server thread/INFO]: Player shuijiao is already logged on
[18:00:00] [Server thread/INFO]: Player shuijiao is already logged on
[18:10:00] [Server thread/INFO]: Player shuijiao is already logged on
[18:20:00] [Server thread/INFO]: Player shuijiao is already logged on
[18:30:00] [Server thread/INFO]: Player shuijiao is already logged on
[18:37:48] [Server thread/INFO]: [Textile Backup] Backup started by: Timer on: 2020-09-03_18-37-48
[18:37:48] [Server thread/INFO]: [Textile Backup] Saving server...
[18:37:48] [Server thread/INFO]: ThreadedAnvilChunkStorage (world): All chunks are saved
[18:37:48] [Server thread/INFO]: ThreadedAnvilChunkStorage (DIM-1): All chunks are saved
[18:37:48] [Server thread/INFO]: ThreadedAnvilChunkStorage (DIM1): All chunks are saved
[18:37:48] [pool-3-thread-1/INFO]: [Textile Backup] Starting backup
[18:38:12] [pool-3-thread-1/INFO]: [Textile Backup] Deleting: 2020-09-03_03-37-48.zip
[18:38:12] [pool-3-thread-1/INFO]: [Textile Backup] Done!
[18:40:00] [Server thread/INFO]: Player shuijiao is already logged on
[18:50:00] [Server thread/INFO]: Player shuijiao is already logged on
[19:00:00] [Server thread/INFO]: Player shuijiao is already logged on
[19:07:32] [Server thread/INFO]: PrestoNickel564[/127.0.0.1:36527] logged in with entity id 1226096 at (-343.14746, 89.0, 801.07196)
[19:07:32] [Server thread/INFO]: PrestoNickel564 joined the game
[19:07:32] [Netty Epoll Server IO #0/WARN]: Received invalid identifier in minecraft:register: legacy:fml|hs (Non [a-z0-9/._-] character in path of location: legacy:fml|hs)
[19:08:53] [Server thread/INFO]: <PrestoNickel564> 有人吗
[19:09:15] [Server thread/WARN]: Mismatch in destroy block pos: class_2338{x=-340, y=78, z=790} class_2338{x=-346, y=79, z=805}
[19:09:15] [Server thread/WARN]: Mismatch in destroy block pos: class_2338{x=-340, y=78, z=790} class_2338{x=-345, y=79, z=805}
[19:09:15] [Server thread/WARN]: Mismatch in destroy block pos: class_2338{x=-340, y=78, z=790} class_2338{x=-345, y=79, z=806}
[19:09:15] [Server thread/WARN]: Mismatch in destroy block pos: class_2338{x=-345, y=78, z=806} class_2338{x=-344, y=79, z=806}
[19:09:15] [Server thread/WARN]: Mismatch in destroy block pos: class_2338{x=-344, y=78, z=806} class_2338{x=-343, y=79, z=806}
[19:09:16] [Server thread/WARN]: Mismatch in destroy block pos: class_2338{x=-343, y=78, z=806} class_2338{x=-342, y=79, z=806}
[19:09:16] [Server thread/WARN]: Mismatch in destroy block pos: class_2338{x=-342, y=78, z=806} class_2338{x=-341, y=79, z=806}
[19:09:16] [Server thread/WARN]: Mismatch in destroy block pos: class_2338{x=-342, y=78, z=806} class_2338{x=-341, y=79, z=807}
[19:09:16] [Server thread/WARN]: Mismatch in destroy block pos: class_2338{x=-342, y=78, z=806} class_2338{x=-342, y=79, z=807}
[19:09:16] [Server thread/WARN]: Mismatch in destroy block pos: class_2338{x=-341, y=78, z=807} class_2338{x=-340, y=79, z=807}
[19:09:16] [Server thread/WARN]: Mismatch in destroy block pos: class_2338{x=-340, y=78, z=807} class_2338{x=-340, y=79, z=806}
[19:09:16] [Server thread/WARN]: Mismatch in destroy block pos: class_2338{x=-340, y=78, z=807} class_2338{x=-339, y=79, z=806}
[19:09:17] [Server thread/WARN]: Mismatch in destroy block pos: class_2338{x=-339, y=78, z=806} class_2338{x=-338, y=79, z=806}
[19:09:17] [Server thread/WARN]: Mismatch in destroy block pos: class_2338{x=-338, y=78, z=806} class_2338{x=-337, y=79, z=806}
[19:09:17] [Server thread/WARN]: Mismatch in destroy block pos: class_2338{x=-337, y=78, z=806} class_2338{x=-337, y=79, z=807}
[19:09:17] [Server thread/WARN]: Mismatch in destroy block pos: class_2338{x=-337, y=78, z=806} class_2338{x=-336, y=79, z=807}
[19:09:17] [Server thread/WARN]: Mismatch in destroy block pos: class_2338{x=-336, y=78, z=807} class_2338{x=-335, y=79, z=807}
[19:09:17] [Server thread/WARN]: Mismatch in destroy block pos: class_2338{x=-335, y=78, z=807} class_2338{x=-336, y=79, z=806}
[19:09:17] [Server thread/WARN]: Mismatch in destroy block pos: class_2338{x=-335, y=78, z=807} class_2338{x=-335, y=79, z=806}
[19:09:17] [Server thread/WARN]: Mismatch in destroy block pos: class_2338{x=-335, y=78, z=806} class_2338{x=-334, y=79, z=806}
[19:09:18] [Server thread/WARN]: Mismatch in destroy block pos: class_2338{x=-334, y=78, z=806} class_2338{x=-333, y=79, z=806}
[19:09:18] [Server thread/WARN]: Mismatch in destroy block pos: class_2338{x=-333, y=78, z=806} class_2338{x=-333, y=79, z=807}
[19:09:18] [Server thread/WARN]: Mismatch in destroy block pos: class_2338{x=-333, y=78, z=807} class_2338{x=-332, y=79, z=807}
[19:09:18] [Server thread/WARN]: Mismatch in destroy block pos: class_2338{x=-332, y=78, z=807} class_2338{x=-332, y=79, z=808}
[19:09:18] [Server thread/WARN]: Mismatch in destroy block pos: class_2338{x=-332, y=78, z=808} class_2338{x=-333, y=79, z=808}
[19:09:19] [Server thread/WARN]: Mismatch in destroy block pos: class_2338{x=-331, y=78, z=807} class_2338{x=-332, y=79, z=806}
[19:09:19] [Server thread/WARN]: Mismatch in destroy block pos: class_2338{x=-332, y=78, z=806} class_2338{x=-332, y=79, z=805}
[19:09:19] [Server thread/WARN]: Mismatch in destroy block pos: class_2338{x=-332, y=78, z=805} class_2338{x=-333, y=79, z=805}
[19:09:20] [Server thread/WARN]: Mismatch in destroy block pos: class_2338{x=-334, y=78, z=804} class_2338{x=-334, y=79, z=805}
[19:09:21] [Server thread/WARN]: Mismatch in destroy block pos: class_2338{x=-334, y=78, z=805} class_2338{x=-335, y=79, z=805}
[19:09:21] [Server thread/WARN]: Mismatch in destroy block pos: class_2338{x=-335, y=78, z=805} class_2338{x=-336, y=79, z=805}
[19:09:21] [Server thread/WARN]: Mismatch in destroy block pos: class_2338{x=-336, y=78, z=805} class_2338{x=-337, y=79, z=805}
[19:09:21] [Server thread/WARN]: Mismatch in destroy block pos: class_2338{x=-337, y=78, z=805} class_2338{x=-338, y=79, z=805}
[19:09:21] [Server thread/WARN]: Mismatch in destroy block pos: class_2338{x=-338, y=78, z=805} class_2338{x=-339, y=79, z=805}
[19:09:22] [Server thread/WARN]: Mismatch in destroy block pos: class_2338{x=-339, y=78, z=805} class_2338{x=-340, y=79, z=805}
[19:09:22] [Server thread/WARN]: Mismatch in destroy block pos: class_2338{x=-340, y=78, z=805} class_2338{x=-341, y=79, z=805}
[19:09:23] [Server thread/WARN]: Mismatch in destroy block pos: class_2338{x=-341, y=78, z=805} class_2338{x=-342, y=79, z=805}
[19:09:23] [Server thread/WARN]: Mismatch in destroy block pos: class_2338{x=-342, y=78, z=805} class_2338{x=-343, y=79, z=805}
[19:09:23] [Server thread/WARN]: Mismatch in destroy block pos: class_2338{x=-343, y=78, z=805} class_2338{x=-344, y=79, z=805}
[19:09:23] [Server thread/WARN]: Mismatch in destroy block pos: class_2338{x=-344, y=78, z=805} class_2338{x=-344, y=79, z=804}
[19:09:23] [Server thread/WARN]: Mismatch in destroy block pos: class_2338{x=-344, y=78, z=805} class_2338{x=-343, y=79, z=804}
[19:09:25] [Server thread/WARN]: Mismatch in destroy block pos: class_2338{x=-344, y=78, z=804} class_2338{x=-346, y=79, z=806}
[19:09:26] [Server thread/WARN]: Mismatch in destroy block pos: class_2338{x=-346, y=78, z=806} class_2338{x=-346, y=79, z=807}
[19:09:26] [Server thread/WARN]: Mismatch in destroy block pos: class_2338{x=-346, y=78, z=807} class_2338{x=-346, y=79, z=808}
[19:09:26] [Server thread/WARN]: Mismatch in destroy block pos: class_2338{x=-346, y=78, z=808} class_2338{x=-346, y=79, z=809}
[19:09:26] [Server thread/WARN]: Mismatch in destroy block pos: class_2338{x=-346, y=78, z=809} class_2338{x=-346, y=79, z=810}
[19:09:26] [Server thread/WARN]: Mismatch in destroy block pos: class_2338{x=-346, y=78, z=810} class_2338{x=-346, y=79, z=811}
[19:09:26] [Server thread/WARN]: Mismatch in destroy block pos: class_2338{x=-346, y=78, z=811} class_2338{x=-345, y=79, z=811}
[19:09:26] [Server thread/WARN]: Mismatch in destroy block pos: class_2338{x=-346, y=78, z=811} class_2338{x=-345, y=79, z=810}
[19:09:27] [Server thread/WARN]: Mismatch in destroy block pos: class_2338{x=-345, y=78, z=811} class_2338{x=-344, y=79, z=811}
[19:09:27] [Server thread/WARN]: Mismatch in destroy block pos: class_2338{x=-345, y=78, z=811} class_2338{x=-344, y=79, z=810}
[19:09:27] [Server thread/WARN]: Mismatch in destroy block pos: class_2338{x=-344, y=78, z=810} class_2338{x=-344, y=79, z=809}
[19:09:27] [Server thread/WARN]: Mismatch in destroy block pos: class_2338{x=-344, y=78, z=810} class_2338{x=-343, y=79, z=810}
[19:09:27] [Server thread/WARN]: Mismatch in destroy block pos: class_2338{x=-344, y=78, z=810} class_2338{x=-343, y=79, z=809}
[19:09:27] [Server thread/WARN]: Mismatch in destroy block pos: class_2338{x=-343, y=78, z=809} class_2338{x=-344, y=79, z=808}
[19:09:27] [Server thread/WARN]: Mismatch in destroy block pos: class_2338{x=-343, y=79, z=808} class_2338{x=-342, y=79, z=808}
[19:09:27] [Server thread/WARN]: Mismatch in destroy block pos: class_2338{x=-343, y=79, z=808} class_2338{x=-343, y=79, z=807}
[19:09:28] [Server thread/WARN]: Mismatch in destroy block pos: class_2338{x=-343, y=78, z=807} class_2338{x=-344, y=79, z=807}
[19:09:28] [Server thread/WARN]: Mismatch in destroy block pos: class_2338{x=-344, y=78, z=807} class_2338{x=-345, y=79, z=807}
[19:09:28] [Server thread/WARN]: Mismatch in destroy block pos: class_2338{x=-344, y=78, z=808} class_2338{x=-345, y=79, z=808}
[19:09:28] [Server thread/WARN]: Mismatch in destroy block pos: class_2338{x=-344, y=78, z=809} class_2338{x=-345, y=79, z=809}
[19:09:29] [Server thread/WARN]: Mismatch in destroy block pos: class_2338{x=-344, y=78, z=812} class_2338{x=-343, y=79, z=811}
[19:09:30] [Server thread/WARN]: Mismatch in destroy block pos: class_2338{x=-343, y=78, z=811} class_2338{x=-342, y=79, z=811}
[19:09:30] [Server thread/WARN]: Mismatch in destroy block pos: class_2338{x=-342, y=78, z=811} class_2338{x=-342, y=79, z=810}
[19:09:30] [Server thread/WARN]: Mismatch in destroy block pos: class_2338{x=-342, y=78, z=810} class_2338{x=-341, y=79, z=810}
[19:09:30] [Server thread/WARN]: Mismatch in destroy block pos: class_2338{x=-341, y=78, z=810} class_2338{x=-341, y=79, z=809}
[19:09:30] [Server thread/WARN]: Mismatch in destroy block pos: class_2338{x=-341, y=78, z=809} class_2338{x=-342, y=79, z=809}
[19:09:30] [Server thread/WARN]: Mismatch in destroy block pos: class_2338{x=-341, y=78, z=809} class_2338{x=-341, y=79, z=808}
[19:09:31] [Server thread/WARN]: Mismatch in destroy block pos: class_2338{x=-341, y=78, z=808} class_2338{x=-340, y=79, z=808}
[19:09:31] [Server thread/WARN]: Mismatch in destroy block pos: class_2338{x=-341, y=78, z=808} class_2338{x=-339, y=79, z=808}
[19:09:31] [Server thread/WARN]: Mismatch in destroy block pos: class_2338{x=-341, y=78, z=808} class_2338{x=-339, y=79, z=808}
[19:09:32] [Server thread/WARN]: Mismatch in destroy block pos: class_2338{x=-341, y=79, z=812} class_2338{x=-341, y=79, z=811}
[19:09:32] [Server thread/WARN]: Mismatch in destroy block pos: class_2338{x=-341, y=79, z=812} class_2338{x=-340, y=79, z=811}
[19:09:32] [Server thread/WARN]: Mismatch in destroy block pos: class_2338{x=-339, y=79, z=812} class_2338{x=-339, y=79, z=811}
[19:09:32] [Server thread/WARN]: Mismatch in destroy block pos: class_2338{x=-339, y=78, z=811} class_2338{x=-338, y=79, z=811}
[19:09:32] [Server thread/WARN]: Mismatch in destroy block pos: class_2338{x=-339, y=78, z=811} class_2338{x=-340, y=79, z=810}
[19:09:32] [Server thread/WARN]: Mismatch in destroy block pos: class_2338{x=-339, y=78, z=811} class_2338{x=-339, y=79, z=810}
[19:09:32] [Server thread/WARN]: Mismatch in destroy block pos: class_2338{x=-339, y=78, z=811} class_2338{x=-338, y=79, z=810}
[19:09:32] [Server thread/WARN]: Mismatch in destroy block pos: class_2338{x=-338, y=78, z=810} class_2338{x=-339, y=79, z=809}
[19:09:32] [Server thread/WARN]: Mismatch in destroy block pos: class_2338{x=-338, y=78, z=810} class_2338{x=-340, y=79, z=809}
[19:09:32] [Server thread/WARN]: Mismatch in destroy block pos: class_2338{x=-339, y=78, z=808} class_2338{x=-339, y=79, z=807}
[19:09:33] [Server thread/WARN]: Mismatch in destroy block pos: class_2338{x=-339, y=78, z=806} class_2338{x=-338, y=79, z=807}
[19:09:33] [Server thread/WARN]: Mismatch in destroy block pos: class_2338{x=-337, y=78, z=807} class_2338{x=-338, y=79, z=808}
[19:09:33] [Server thread/WARN]: Mismatch in destroy block pos: class_2338{x=-337, y=78, z=807} class_2338{x=-337, y=79, z=808}
[19:09:33] [Server thread/WARN]: Mismatch in destroy block pos: class_2338{x=-337, y=78, z=808} class_2338{x=-338, y=79, z=809}
[19:09:33] [Server thread/WARN]: Mismatch in destroy block pos: class_2338{x=-337, y=78, z=808} class_2338{x=-337, y=79, z=809}
[19:09:33] [Server thread/WARN]: Mismatch in destroy block pos: class_2338{x=-337, y=78, z=808} class_2338{x=-337, y=79, z=810}
[19:09:33] [Server thread/WARN]: Mismatch in destroy block pos: class_2338{x=-337, y=78, z=810} class_2338{x=-337, y=79, z=811}
[19:09:33] [Server thread/WARN]: Mismatch in destroy block pos: class_2338{x=-337, y=78, z=811} class_2338{x=-336, y=79, z=811}
[19:09:34] [Server thread/WARN]: Mismatch in destroy block pos: class_2338{x=-336, y=78, z=811} class_2338{x=-336, y=79, z=810}
[19:09:34] [Server thread/WARN]: Mismatch in destroy block pos: class_2338{x=-336, y=78, z=810} class_2338{x=-336, y=79, z=809}
[19:09:34] [Server thread/WARN]: Mismatch in destroy block pos: class_2338{x=-336, y=78, z=809} class_2338{x=-336, y=79, z=808}
[19:09:34] [Server thread/WARN]: Mismatch in destroy block pos: class_2338{x=-335, y=78, z=808} class_2338{x=-335, y=79, z=809}
[19:09:34] [Server thread/WARN]: Mismatch in destroy block pos: class_2338{x=-335, y=78, z=808} class_2338{x=-334, y=79, z=809}
[19:09:34] [Server thread/WARN]: Mismatch in destroy block pos: class_2338{x=-335, y=78, z=808} class_2338{x=-333, y=79, z=809}
[19:09:34] [Server thread/WARN]: Mismatch in destroy block pos: class_2338{x=-333, y=78, z=809} class_2338{x=-335, y=79, z=810}
[19:09:34] [Server thread/WARN]: Mismatch in destroy block pos: class_2338{x=-333, y=78, z=809} class_2338{x=-334, y=79, z=810}
[19:09:34] [Server thread/WARN]: Mismatch in destroy block pos: class_2338{x=-333, y=78, z=809} class_2338{x=-333, y=79, z=810}
[19:09:34] [Server thread/WARN]: Mismatch in destroy block pos: class_2338{x=-333, y=78, z=809} class_2338{x=-334, y=79, z=811}
[19:09:35] [Server thread/WARN]: Mismatch in destroy block pos: class_2338{x=-333, y=78, z=809} class_2338{x=-335, y=79, z=811}
[19:09:35] [Server thread/WARN]: Mismatch in destroy block pos: class_2338{x=-334, y=79, z=811} class_2338{x=-333, y=79, z=811}
[19:09:35] [Server thread/WARN]: Mismatch in destroy block pos: class_2338{x=-334, y=79, z=811} class_2338{x=-333, y=79, z=811}
[19:09:35] [Server thread/WARN]: Mismatch in destroy block pos: class_2338{x=-332, y=79, z=812} class_2338{x=-332, y=79, z=811}
[19:09:35] [Server thread/WARN]: Mismatch in destroy block pos: class_2338{x=-332, y=79, z=812} class_2338{x=-332, y=79, z=810}
[19:09:35] [Server thread/WARN]: Mismatch in destroy block pos: class_2338{x=-332, y=79, z=812} class_2338{x=-332, y=79, z=809}
[19:09:35] [Server thread/WARN]: Mismatch in destroy block pos: class_2338{x=-331, y=79, z=808} class_2338{x=-334, y=79, z=807}
[19:09:36] [Server thread/WARN]: Mismatch in destroy block pos: class_2338{x=-334, y=78, z=809} class_2338{x=-334, y=79, z=808}
[19:09:44] [Server thread/WARN]: Mismatch in destroy block pos: class_2338{x=-334, y=78, z=808} class_2338{x=-340, y=79, z=804}
[19:09:44] [Server thread/WARN]: Mismatch in destroy block pos: class_2338{x=-334, y=78, z=808} class_2338{x=-341, y=79, z=804}
[19:09:44] [Server thread/WARN]: Mismatch in destroy block pos: class_2338{x=-334, y=78, z=808} class_2338{x=-341, y=79, z=803}
[19:09:44] [Server thread/WARN]: Mismatch in destroy block pos: class_2338{x=-334, y=78, z=808} class_2338{x=-341, y=79, z=802}
[19:09:44] [Server thread/WARN]: Mismatch in destroy block pos: class_2338{x=-341, y=78, z=803} class_2338{x=-342, y=79, z=803}
[19:09:44] [Server thread/WARN]: Mismatch in destroy block pos: class_2338{x=-342, y=78, z=803} class_2338{x=-342, y=79, z=804}
[19:09:44] [Server thread/WARN]: Mismatch in destroy block pos: class_2338{x=-342, y=78, z=803} class_2338{x=-342, y=79, z=802}
[19:09:45] [Server thread/WARN]: Mismatch in destroy block pos: class_2338{x=-341, y=78, z=802} class_2338{x=-340, y=79, z=803}
[19:09:45] [Server thread/WARN]: Mismatch in destroy block pos: class_2338{x=-341, y=78, z=802} class_2338{x=-340, y=79, z=802}
[19:09:45] [Server thread/WARN]: Mismatch in destroy block pos: class_2338{x=-341, y=78, z=802} class_2338{x=-341, y=79, z=801}
[19:09:45] [Server thread/WARN]: Mismatch in destroy block pos: class_2338{x=-341, y=78, z=801} class_2338{x=-340, y=79, z=801}
[19:09:45] [Server thread/WARN]: Mismatch in destroy block pos: class_2338{x=-340, y=78, z=801} class_2338{x=-341, y=79, z=800}
[19:09:45] [Server thread/WARN]: Mismatch in destroy block pos: class_2338{x=-341, y=78, z=800} class_2338{x=-340, y=79, z=800}
[19:09:45] [Server thread/WARN]: Mismatch in destroy block pos: class_2338{x=-341, y=78, z=800} class_2338{x=-340, y=79, z=799}
[19:09:46] [Server thread/WARN]: Mismatch in destroy block pos: class_2338{x=-340, y=78, z=799} class_2338{x=-340, y=79, z=798}
[19:09:46] [Server thread/WARN]: Mismatch in destroy block pos: class_2338{x=-340, y=78, z=799} class_2338{x=-341, y=79, z=799}
[19:09:46] [Server thread/WARN]: Mismatch in destroy block pos: class_2338{x=-340, y=78, z=799} class_2338{x=-341, y=79, z=798}
[19:09:46] [Server thread/WARN]: Mismatch in destroy block pos: class_2338{x=-341, y=78, z=798} class_2338{x=-342, y=79, z=799}
[19:09:46] [Server thread/WARN]: Mismatch in destroy block pos: class_2338{x=-341, y=78, z=798} class_2338{x=-342, y=79, z=798}
[19:09:46] [Server thread/WARN]: Mismatch in destroy block pos: class_2338{x=-342, y=78, z=798} class_2338{x=-342, y=79, z=797}
[19:09:46] [Server thread/WARN]: Mismatch in destroy block pos: class_2338{x=-342, y=78, z=797} class_2338{x=-341, y=79, z=797}
[19:09:46] [Server thread/WARN]: Mismatch in destroy block pos: class_2338{x=-341, y=78, z=797} class_2338{x=-340, y=79, z=797}
[19:09:47] [Server thread/WARN]: Mismatch in destroy block pos: class_2338{x=-342, y=78, z=797} class_2338{x=-343, y=79, z=798}
[19:09:47] [Server thread/WARN]: Mismatch in destroy block pos: class_2338{x=-343, y=78, z=798} class_2338{x=-342, y=79, z=800}
[19:09:47] [Server thread/WARN]: Mismatch in destroy block pos: class_2338{x=-343, y=78, z=798} class_2338{x=-343, y=79, z=799}
[19:09:47] [Server thread/WARN]: Mismatch in destroy block pos: class_2338{x=-343, y=78, z=798} class_2338{x=-344, y=79, z=798}
[19:09:47] [Server thread/WARN]: Mismatch in destroy block pos: class_2338{x=-343, y=78, z=798} class_2338{x=-344, y=79, z=799}
[19:09:47] [Server thread/WARN]: Mismatch in destroy block pos: class_2338{x=-343, y=79, z=800} class_2338{x=-343, y=79, z=801}
[19:09:47] [Server thread/WARN]: Mismatch in destroy block pos: class_2338{x=-343, y=79, z=800} class_2338{x=-342, y=79, z=801}
[19:09:47] [Server thread/WARN]: Mismatch in destroy block pos: class_2338{x=-343, y=78, z=801} class_2338{x=-343, y=79, z=802}
[19:09:48] [Server thread/WARN]: Mismatch in destroy block pos: class_2338{x=-343, y=78, z=802} class_2338{x=-344, y=79, z=802}
[19:09:48] [Server thread/WARN]: Mismatch in destroy block pos: class_2338{x=-343, y=78, z=802} class_2338{x=-344, y=79, z=801}
[19:09:48] [Server thread/WARN]: Mismatch in destroy block pos: class_2338{x=-344, y=78, z=801} class_2338{x=-345, y=79, z=801}
[19:09:48] [Server thread/WARN]: Mismatch in destroy block pos: class_2338{x=-345, y=78, z=801} class_2338{x=-344, y=79, z=800}
[19:09:48] [Server thread/WARN]: Mismatch in destroy block pos: class_2338{x=-345, y=78, z=801} class_2338{x=-345, y=79, z=800}
[19:09:48] [Server thread/WARN]: Mismatch in destroy block pos: class_2338{x=-345, y=78, z=800} class_2338{x=-346, y=79, z=800}
[19:09:48] [Server thread/WARN]: Mismatch in destroy block pos: class_2338{x=-345, y=78, z=800} class_2338{x=-346, y=79, z=801}
[19:09:48] [Server thread/WARN]: Mismatch in destroy block pos: class_2338{x=-346, y=78, z=801} class_2338{x=-345, y=79, z=802}
[19:09:48] [Server thread/WARN]: Mismatch in destroy block pos: class_2338{x=-346, y=78, z=801} class_2338{x=-345, y=79, z=803}
[19:09:48] [Server thread/WARN]: Mismatch in destroy block pos: class_2338{x=-346, y=78, z=801} class_2338{x=-344, y=79, z=803}
[19:09:48] [Server thread/WARN]: Mismatch in destroy block pos: class_2338{x=-345, y=78, z=803} class_2338{x=-343, y=79, z=803}
[19:09:49] [Server thread/WARN]: Mismatch in destroy block pos: class_2338{x=-344, y=78, z=804} class_2338{x=-345, y=79, z=804}
[19:09:49] [Server thread/WARN]: Mismatch in destroy block pos: class_2338{x=-344, y=78, z=804} class_2338{x=-346, y=79, z=804}
[19:09:49] [Server thread/WARN]: Mismatch in destroy block pos: class_2338{x=-347, y=80, z=804} class_2338{x=-346, y=79, z=803}
[19:09:50] [Server thread/WARN]: Mismatch in destroy block pos: class_2338{x=-347, y=79, z=802} class_2338{x=-346, y=79, z=802}
[19:09:50] [Server thread/WARN]: Mismatch in destroy block pos: class_2338{x=-345, y=78, z=800} class_2338{x=-345, y=79, z=799}
[19:09:51] [Server thread/WARN]: Mismatch in destroy block pos: class_2338{x=-345, y=78, z=799} class_2338{x=-345, y=79, z=798}
[19:09:51] [Server thread/WARN]: Mismatch in destroy block pos: class_2338{x=-344, y=78, z=798} class_2338{x=-344, y=79, z=797}
[19:09:51] [Server thread/WARN]: Mismatch in destroy block pos: class_2338{x=-344, y=78, z=797} class_2338{x=-345, y=79, z=797}
[19:09:51] [Server thread/WARN]: Mismatch in destroy block pos: class_2338{x=-345, y=78, z=797} class_2338{x=-346, y=79, z=798}
[19:09:51] [Server thread/WARN]: Mismatch in destroy block pos: class_2338{x=-345, y=78, z=797} class_2338{x=-346, y=79, z=799}
[19:09:52] [Server thread/WARN]: Mismatch in destroy block pos: class_2338{x=-344, y=78, z=797} class_2338{x=-343, y=79, z=797}
[19:10:00] [Server thread/INFO]: Player shuijiao is already logged on
[19:20:00] [Server thread/INFO]: Player shuijiao is already logged on
[19:20:00] [Server thread/WARN]: Mismatch in destroy block pos: class_2338{x=-127, y=80, z=670} class_2338{x=-133, y=82, z=669}
[19:28:15] [Server thread/INFO]: PrestoNickel564 lost connection: Disconnected
[19:28:15] [Server thread/INFO]: PrestoNickel564 left the game
[19:30:00] [Server thread/INFO]: Player shuijiao is already logged on
[19:37:48] [Server thread/INFO]: [Textile Backup] Backup started by: Timer on: 2020-09-03_19-37-48
[19:37:48] [Server thread/INFO]: [Textile Backup] Saving server...
[19:37:48] [Server thread/INFO]: ThreadedAnvilChunkStorage (world): All chunks are saved
[19:37:48] [Server thread/INFO]: ThreadedAnvilChunkStorage (DIM-1): All chunks are saved
[19:37:48] [Server thread/INFO]: ThreadedAnvilChunkStorage (DIM1): All chunks are saved
[19:37:48] [pool-3-thread-1/INFO]: [Textile Backup] Starting backup
[19:38:15] [pool-3-thread-1/INFO]: [Textile Backup] Deleting: 2020-09-03_04-37-48.zip
[19:38:15] [pool-3-thread-1/INFO]: [Textile Backup] Done!
[19:40:00] [Server thread/INFO]: Player shuijiao is already logged on
[19:50:00] [Server thread/INFO]: Player shuijiao is already logged on
[20:00:00] [Server thread/INFO]: Player shuijiao is already logged on
[20:10:00] [Server thread/INFO]: Player shuijiao is already logged on
[20:20:00] [Server thread/INFO]: Player shuijiao is already logged on
[20:30:00] [Server thread/INFO]: Player shuijiao is already logged on
[20:37:48] [Server thread/INFO]: [Textile Backup] Backup started by: Timer on: 2020-09-03_20-37-48
[20:37:48] [Server thread/INFO]: [Textile Backup] Saving server...
[20:37:48] [Server thread/INFO]: ThreadedAnvilChunkStorage (world): All chunks are saved
[20:37:48] [Server thread/INFO]: ThreadedAnvilChunkStorage (DIM-1): All chunks are saved
[20:37:48] [Server thread/INFO]: ThreadedAnvilChunkStorage (DIM1): All chunks are saved
[20:37:48] [pool-3-thread-1/INFO]: [Textile Backup] Starting backup
[20:38:12] [pool-3-thread-1/INFO]: [Textile Backup] Deleting: 2020-09-03_05-37-48.zip
[20:38:12] [pool-3-thread-1/INFO]: [Textile Backup] Done!
[20:40:00] [Server thread/INFO]: Player shuijiao is already logged on
[20:50:00] [Server thread/INFO]: Player shuijiao is already logged on
[21:00:00] [Server thread/INFO]: Player shuijiao is already logged on
[21:10:00] [Server thread/INFO]: Player shuijiao is already logged on
[21:20:00] [Server thread/INFO]: Player shuijiao is already logged on
[21:30:00] [Server thread/INFO]: Player shuijiao is already logged on
[21:37:48] [Server thread/INFO]: [Textile Backup] Backup started by: Timer on: 2020-09-03_21-37-48
[21:37:48] [Server thread/INFO]: [Textile Backup] Saving server...
[21:37:48] [Server thread/INFO]: ThreadedAnvilChunkStorage (world): All chunks are saved
[21:37:48] [Server thread/INFO]: ThreadedAnvilChunkStorage (DIM-1): All chunks are saved
[21:37:48] [Server thread/INFO]: ThreadedAnvilChunkStorage (DIM1): All chunks are saved
[21:37:48] [pool-3-thread-1/INFO]: [Textile Backup] Starting backup
[21:38:10] [Server thread/WARN]: Can't keep up! Is the server overloaded? Running 2167ms or 43 ticks behind
[21:38:13] [pool-3-thread-1/INFO]: [Textile Backup] Deleting: 2020-09-03_06-37-48.zip
[21:38:13] [pool-3-thread-1/INFO]: [Textile Backup] Done!
[21:40:00] [Server thread/INFO]: Player shuijiao is already logged on
[21:50:00] [Server thread/INFO]: Player shuijiao is already logged on
[22:00:00] [Server thread/INFO]: Player shuijiao is already logged on
[22:10:00] [Server thread/INFO]: Player shuijiao is already logged on
[22:20:00] [Server thread/INFO]: Player shuijiao is already logged on
[22:30:00] [Server thread/INFO]: Player shuijiao is already logged on
[22:37:48] [Server thread/INFO]: [Textile Backup] Backup started by: Timer on: 2020-09-03_22-37-48
[22:37:48] [Server thread/INFO]: [Textile Backup] Saving server...
[22:37:48] [Server thread/INFO]: ThreadedAnvilChunkStorage (world): All chunks are saved
[22:37:48] [Server thread/INFO]: ThreadedAnvilChunkStorage (DIM-1): All chunks are saved
[22:37:48] [Server thread/INFO]: ThreadedAnvilChunkStorage (DIM1): All chunks are saved
[22:37:48] [pool-3-thread-1/INFO]: [Textile Backup] Starting backup
[22:38:15] [pool-3-thread-1/INFO]: [Textile Backup] Deleting: 2020-09-03_07-37-48.zip
[22:38:15] [pool-3-thread-1/INFO]: [Textile Backup] Done!
[22:40:00] [Server thread/INFO]: Player shuijiao is already logged on
[22:50:00] [Server thread/INFO]: Player shuijiao is already logged on
[23:00:00] [Server thread/INFO]: Player shuijiao is already logged on
[23:10:00] [Server thread/INFO]: Player shuijiao is already logged on
[23:20:00] [Server thread/INFO]: Player shuijiao is already logged on
[23:30:00] [Server thread/INFO]: Player shuijiao is already logged on
[23:37:48] [Server thread/INFO]: [Textile Backup] Backup started by: Timer on: 2020-09-03_23-37-48
[23:37:48] [Server thread/INFO]: [Textile Backup] Saving server...
[23:37:48] [Server thread/INFO]: ThreadedAnvilChunkStorage (world): All chunks are saved
[23:37:48] [Server thread/INFO]: ThreadedAnvilChunkStorage (DIM-1): All chunks are saved
[23:37:48] [Server thread/INFO]: ThreadedAnvilChunkStorage (DIM1): All chunks are saved
[23:37:48] [pool-3-thread-1/INFO]: [Textile Backup] Starting backup
[23:38:13] [pool-3-thread-1/INFO]: [Textile Backup] Deleting: 2020-09-03_08-37-48.zip
[23:38:13] [pool-3-thread-1/INFO]: [Textile Backup] Done!
[23:40:00] [Server thread/INFO]: Player shuijiao is already logged on
[23:50:00] [Server thread/INFO]: Player shuijiao is already logged on
