[00:15:17] [main/INFO]: Loading for game Minecraft 1.15.2
[00:15:19] [main/INFO]: [FabricLoader] Loading 4 mods: minecraft@1.15.2, carpet-extra@1.3.15, fabricloader@0.7.8+build.189, carpet@1.3.15
[00:15:19] [main/INFO]: SpongePowered MIXIN Subsystem Version=0.8 Source=file:/C:/Server/skimit_survival/fabric-server-launch.jar Service=Knot/Fabric Env=SERVER
[00:16:34] [main/WARN]: Ambiguity between arguments [teleport, destination] and [teleport, targets] with inputs: [Player, 0123, @e, dd12be42-52a9-4a91-a8a1-11c01849e498]
[00:16:34] [main/WARN]: Ambiguity between arguments [teleport, location] and [teleport, destination] with inputs: [0.1 -0.5 .9, 0 0 0]
[00:16:34] [main/WARN]: Ambiguity between arguments [teleport, location] and [teleport, targets] with inputs: [0.1 -0.5 .9, 0 0 0]
[00:16:34] [main/WARN]: Ambiguity between arguments [teleport, targets] and [teleport, destination] with inputs: [Player, 0123, dd12be42-52a9-4a91-a8a1-11c01849e498]
[00:16:34] [main/WARN]: Ambiguity between arguments [teleport, targets, location] and [teleport, targets, destination] with inputs: [0.1 -0.5 .9, 0 0 0]
[00:16:42] [Server thread/INFO]: Starting minecraft server version 1.15.2
[00:16:42] [Server thread/INFO]: Loading properties
[00:16:42] [Server thread/INFO]: Default game type: SURVIVAL
[00:16:42] [Server thread/INFO]: Generating keypair
[00:16:42] [Server thread/INFO]: Starting Minecraft server on *:26565
[00:16:43] [Server thread/INFO]: Using default channel type
[00:16:45] [Server thread/WARN]: **** SERVER IS RUNNING IN OFFLINE/INSECURE MODE!
[00:16:45] [Server thread/WARN]: The server will make no attempt to authenticate usernames. Beware.
[00:16:45] [Server thread/WARN]: While this makes the game possible to play without internet access, it also opens up the ability for hackers to connect with any username they choose.
[00:16:45] [Server thread/WARN]: To change this, set "online-mode" to "true" in the server.properties file.
[00:16:45] [Server thread/INFO]: Preparing level "skimit"
[00:16:47] [Server thread/INFO]: Reloading ResourceManager: Default, bukkit
[00:16:49] [Server thread/INFO]: Loaded 6 recipes
[00:16:52] [Server thread/INFO]: Loaded 825 advancements
[00:16:54] [Server thread/INFO]: Preparing start region for dimension minecraft:overworld
[00:16:59] [Server thread/INFO]: Preparing spawn area: 0%
[00:16:59] [Server thread/INFO]: Preparing spawn area: 0%
[00:16:59] [Server thread/INFO]: Preparing spawn area: 0%
[00:16:59] [Server thread/INFO]: Preparing spawn area: 0%
[00:16:59] [Server thread/INFO]: Preparing spawn area: 0%
[00:16:59] [Server thread/INFO]: Preparing spawn area: 0%
[00:16:59] [Server thread/INFO]: Preparing spawn area: 0%
[00:16:59] [Server thread/INFO]: Preparing spawn area: 0%
[00:16:59] [Server thread/INFO]: Preparing spawn area: 0%
[00:16:59] [Server thread/INFO]: Preparing spawn area: 0%
[00:16:59] [Server thread/INFO]: Preparing spawn area: 0%
[00:17:00] [Server-Worker-3/INFO]: Preparing spawn area: 0%
[00:17:00] [Server-Worker-3/INFO]: Preparing spawn area: 0%
[00:17:01] [Server thread/INFO]: Preparing spawn area: 0%
[00:17:01] [Server-Worker-3/INFO]: Preparing spawn area: 0%
[00:17:01] [Server thread/INFO]: Preparing spawn area: 0%
[00:17:03] [Server thread/INFO]: Time elapsed: 8694 ms
[00:17:03] [Server thread/INFO]: Done (17.350s)! For help, type "help"
[00:17:03] [Server thread/INFO]: Starting remote control listener
[00:17:03] [RCON Listener #1/INFO]: RCON running on 0.0.0.0:22140
[00:17:59] [Server thread/INFO]: There are 0 of a max 6 players online: 
[05:30:01] [Server thread/INFO]: Stopping the server
[05:30:01] [Server thread/INFO]: Stopping server
[05:30:01] [Server thread/INFO]: Saving players
[05:30:01] [Server thread/INFO]: Saving worlds
[05:30:01] [Server thread/INFO]: Saving chunks for level 'skimit'/minecraft:overworld
[05:30:01] [Server thread/INFO]: ThreadedAnvilChunkStorage (skimit): All chunks are saved
[05:30:01] [Server thread/INFO]: Saving chunks for level 'skimit'/minecraft:the_nether
[05:30:01] [Server thread/INFO]: ThreadedAnvilChunkStorage (DIM-1): All chunks are saved
[05:30:01] [Server thread/INFO]: Saving chunks for level 'skimit'/minecraft:the_end
[05:30:01] [Server thread/INFO]: ThreadedAnvilChunkStorage (DIM1): All chunks are saved
[05:30:01] [Server thread/INFO]: ThreadedAnvilChunkStorage (skimit): All chunks are saved
[05:30:01] [Server thread/INFO]: ThreadedAnvilChunkStorage (DIM-1): All chunks are saved
[05:30:01] [Server thread/INFO]: ThreadedAnvilChunkStorage (DIM1): All chunks are saved
