[06:01:06] [main/INFO]: Loading for game Minecraft 1.15.2
[06:01:11] [main/WARN]: Mod `jankson` (2.0.0+j1.2.0) uses 'requires' key in fabric.mod.json, which is not supported - use 'depends'
[06:01:11] [main/INFO]: [FabricLoader] Loading 40 mods: minecraft@1.15.2, fabric-networking-blockentity-v0@0.2.3+e08a73050c, fabric-renderer-api-v1@0.2.10+f08b61330c, fabric-keybindings-v0@0.1.1+dfdb52d60c, jankson@2.0.0+j1.2.0, fabricloader@0.7.8+build.189, fabric-renderer-indigo@0.2.23+9290e2ed0c, fabric-containers-v0@0.1.3+b7f9825d0c, fabric-dimensions-v1@0.3.0+2ad156310c, org_apache_commons_commons-compress@1.9, fabric-biomes-v1@0.1.5+3b05f68e0c, fabric-events-interaction-v0@0.3.0+fac69e320c, fabric-crash-report-info-v1@0.1.2+b7f9825d0c, fabric-api-base@0.1.2+b7f9825d0c, fabric-rendering-v0@1.1.0+534104900c, fabric-rendering-v1@0.1.0+534104900c, fabric-rendering-data-attachment-v1@0.1.3+b7f9825d0c, fabric-resource-loader-v0@0.1.10+06c939b30c, fabric-textures-v0@1.0.4+821cdba70c, fabric-content-registries-v0@0.1.3+b7f9825d0c, fabric-tag-extensions-v0@0.1.3+abd915800c, fabric-rendering-fluids-v1@0.1.6+12515ed90c, fabric-commands-v0@0.1.2+b7f9825d0c, fabric-registry-sync-v0@0.2.6+f3d8141b0c, cotton-logging@1.0.0-rc.4, fabric-blockrenderlayer-v1@1.1.4+c6a8ea890c, textile_backup@1.1.0-1.15, fabric-mining-levels-v0@0.1.1+b7f9825d0c, fabric-renderer-registries-v1@2.0.1+5a0f9a600c, carpet-extra@1.3.15, fabric-events-lifecycle-v0@0.1.2+b7f9825d0c, fabric-loot-tables-v1@0.1.5+e08a73050c, fabric@0.5.1+build.294-1.15, carpet@1.3.15, fabric-item-groups-v0@0.1.6+ec40b2e10c, fabric-models-v0@0.1.0+dfdb52d60c, fabric-particles-v1@0.1.1+dfdb52d60c, fabric-networking-v0@0.1.7+12515ed90c, fabric-object-builders-v0@0.1.3+e4c9a9c30c, cotton-config@1.0.0-rc.7
[06:01:11] [main/INFO]: SpongePowered MIXIN Subsystem Version=0.8 Source=file:/C:/Server/skimit_survival/fabric-server-launch.jar Service=Knot/Fabric Env=SERVER
[06:02:32] [main/WARN]: Ambiguity between arguments [teleport, destination] and [teleport, targets] with inputs: [Player, 0123, @e, dd12be42-52a9-4a91-a8a1-11c01849e498]
[06:02:32] [main/WARN]: Ambiguity between arguments [teleport, location] and [teleport, destination] with inputs: [0.1 -0.5 .9, 0 0 0]
[06:02:33] [main/WARN]: Ambiguity between arguments [teleport, location] and [teleport, targets] with inputs: [0.1 -0.5 .9, 0 0 0]
[06:02:33] [main/WARN]: Ambiguity between arguments [teleport, targets] and [teleport, destination] with inputs: [Player, 0123, dd12be42-52a9-4a91-a8a1-11c01849e498]
[06:02:33] [main/WARN]: Ambiguity between arguments [teleport, targets, location] and [teleport, targets, destination] with inputs: [0.1 -0.5 .9, 0 0 0]
[06:02:36] [main/INFO]: [TextileBackup]: Loading TextileBackup by Szum123321
[06:02:37] [Server thread/INFO]: Starting minecraft server version 1.15.2
[06:02:37] [Server thread/INFO]: Loading properties
[06:02:37] [Server thread/INFO]: Default game type: SURVIVAL
[06:02:37] [Server thread/INFO]: Generating keypair
[06:02:38] [Server thread/INFO]: Starting Minecraft server on *:26565
[06:02:38] [Server thread/INFO]: Using default channel type
[06:02:39] [Server thread/WARN]: **** SERVER IS RUNNING IN OFFLINE/INSECURE MODE!
[06:02:39] [Server thread/WARN]: The server will make no attempt to authenticate usernames. Beware.
[06:02:39] [Server thread/WARN]: While this makes the game possible to play without internet access, it also opens up the ability for hackers to connect with any username they choose.
[06:02:39] [Server thread/WARN]: To change this, set "online-mode" to "true" in the server.properties file.
[06:02:39] [Server thread/INFO]: Preparing level "skimit"
[06:02:39] [Server thread/INFO]: [CM]: loaded setting commandDraw as false from carpet.conf
[06:02:39] [Server thread/INFO]: [CM]: loaded setting rotatorBlock as true from carpet.conf
[06:02:39] [Server thread/INFO]: [CM]: loaded setting combineXPOrbs as true from carpet.conf
[06:02:39] [Server thread/INFO]: [CM]: loaded setting onePlayerSleeping as true from carpet.conf
[06:02:39] [Server thread/INFO]: [CM]: loaded setting portalSuffocationFix as true from carpet.conf
[06:02:39] [Server thread/INFO]: [CM]: loaded setting leadFix as true from carpet.conf
[06:02:39] [Server thread/INFO]: [CM]: loaded setting antiCheatDisabled as true from carpet.conf
[06:02:39] [Server thread/INFO]: [CM]: loaded setting defaultLoggers as tps from carpet.conf
[06:02:39] [Server thread/INFO]: [CM]: loaded setting commandCameramode as false from carpet.conf
[06:02:39] [Server thread/INFO]: [CM]: loaded setting unloadedEntityFix as true from carpet.conf
[06:02:39] [Server thread/INFO]: [CM]: loaded setting ctrlQCraftingFix as true from carpet.conf
[06:02:39] [Server thread/INFO]: [fabric-registry-sync] Loaded registry data [file 1/4]
[06:02:39] [Server thread/INFO]: Reloading ResourceManager: Default, bukkit, Fabric Mining Levels (v0)
[06:02:42] [Server thread/INFO]: Loaded 6 recipes
[06:02:45] [Server thread/INFO]: Loaded 825 advancements
[06:02:46] [Server thread/INFO]: Preparing start region for dimension minecraft:overworld
[06:02:49] [Server thread/INFO]: Preparing spawn area: 0%
[06:02:49] [Server thread/INFO]: Preparing spawn area: 0%
[06:02:49] [Server thread/INFO]: Preparing spawn area: 0%
[06:02:49] [Server thread/INFO]: Preparing spawn area: 0%
[06:02:49] [Server thread/INFO]: Preparing spawn area: 0%
[06:02:49] [Server thread/INFO]: Preparing spawn area: 0%
[06:02:49] [Server thread/INFO]: Preparing spawn area: 0%
[06:02:49] [Server thread/INFO]: Preparing spawn area: 0%
[06:02:50] [Server-Worker-3/INFO]: Preparing spawn area: 0%
[06:02:50] [Server-Worker-3/INFO]: Preparing spawn area: 0%
[06:02:51] [Server-Worker-3/INFO]: Preparing spawn area: 0%
[06:02:52] [Server-Worker-3/INFO]: Preparing spawn area: 0%
[06:02:52] [Server-Worker-3/INFO]: Preparing spawn area: 0%
[06:02:52] [Server-Worker-3/INFO]: Preparing spawn area: 0%
[06:02:53] [Server thread/INFO]: Preparing spawn area: 0%
[06:02:53] [Server thread/INFO]: Preparing spawn area: 83%
[06:02:55] [Server thread/INFO]: Time elapsed: 8755 ms
[06:02:55] [Server thread/INFO]: Done (15.746s)! For help, type "help"
[06:02:55] [Server thread/INFO]: Starting remote control listener
[06:02:55] [RCON Listener #1/INFO]: RCON running on 0.0.0.0:25636
[06:02:57] [Server thread/WARN]: Can't keep up! Is the server overloaded? Running 2557ms or 51 ticks behind
[07:44:36] [Server thread/INFO]: MTpromax[/127.0.0.1:64473] logged in with entity id 101 at (-427.46454568856325, 86.0, 421.7243986578241)
[07:44:36] [Netty Server IO #0/WARN]: Received invalid identifier in minecraft:register: legacy:fml|hs (Non [a-z0-9/._-] character in path of location: legacy:fml|hs)
[07:44:36] [Server thread/INFO]: MTpromax joined the game
[07:44:37] [Server thread/INFO]: [TextileBackup]: Backup started by: SERVER on: 2020-04-17_07-44-37
[07:44:37] [Server thread/INFO]: [TextileBackup]: Saving server...
[07:44:37] [Thread-50/INFO]: [TextileBackup]: Starting compression...
[07:44:40] [Server thread/WARN]: Can't keep up! Is the server overloaded? Running 4468ms or 89 ticks behind
[07:44:59] [Server thread/WARN]: Can't keep up! Is the server overloaded? Running 2599ms or 51 ticks behind
[07:45:18] [Server thread/WARN]: Can't keep up! Is the server overloaded? Running 3894ms or 77 ticks behind
[07:45:46] [Server thread/WARN]: Can't keep up! Is the server overloaded? Running 13016ms or 260 ticks behind
[07:46:12] [Server thread/WARN]: Can't keep up! Is the server overloaded? Running 11679ms or 233 ticks behind
[07:46:41] [Server thread/WARN]: Can't keep up! Is the server overloaded? Running 13902ms or 278 ticks behind
[07:47:21] [Server thread/WARN]: Can't keep up! Is the server overloaded? Running 25197ms or 503 ticks behind
[07:47:39] [Thread-50/INFO]: [TextileBackup]: Compression finished
[07:47:39] [Thread-50/INFO]: [TextileBackup]: Deleting: 2020-04-16_14-03-37.zip
[07:47:41] [Thread-50/INFO]: [TextileBackup]: Done!
[07:47:47] [Server thread/WARN]: Can't keep up! Is the server overloaded? Running 10409ms or 208 ticks behind
[07:48:13] [Server thread/WARN]: Can't keep up! Is the server overloaded? Running 2627ms or 52 ticks behind
[07:48:32] [Server thread/WARN]: Can't keep up! Is the server overloaded? Running 3884ms or 77 ticks behind
[07:48:55] [Server thread/INFO]: MTpromax lost connection: Timed out
[07:48:55] [Server thread/INFO]: MTpromax left the game
[07:48:55] [Server thread/WARN]: handleDisconnection() called twice
[07:49:21] [Server thread/INFO]: MTpromax[/127.0.0.1:64635] logged in with entity id 934 at (-42.871405856654434, 64.0, 238.5)
[07:49:21] [Netty Server IO #0/WARN]: Received invalid identifier in minecraft:register: legacy:fml|hs (Non [a-z0-9/._-] character in path of location: legacy:fml|hs)
[07:49:21] [Server thread/INFO]: MTpromax joined the game
[07:49:32] [Server thread/WARN]: Can't keep up! Is the server overloaded? Running 2498ms or 49 ticks behind
[07:50:15] [Server thread/INFO]: MTpromax lost connection: Disconnected
[07:50:15] [Server thread/INFO]: MTpromax left the game
[07:50:17] [Server thread/INFO]: MTpromax[/127.0.0.1:64676] logged in with entity id 1201 at (-110.92245756831906, 70.63169678906408, 111.30000001192093)
[07:50:17] [Netty Server IO #1/WARN]: Received invalid identifier in minecraft:register: legacy:fml|hs (Non [a-z0-9/._-] character in path of location: legacy:fml|hs)
[07:50:17] [Server thread/INFO]: MTpromax joined the game
[07:51:52] [Server thread/WARN]: Can't keep up! Is the server overloaded? Running 2087ms or 41 ticks behind
[07:52:10] [Server thread/WARN]: Can't keep up! Is the server overloaded? Running 3613ms or 72 ticks behind
[07:52:29] [Server thread/WARN]: Can't keep up! Is the server overloaded? Running 3605ms or 72 ticks behind
[07:53:05] [Server thread/WARN]: Can't keep up! Is the server overloaded? Running 2002ms or 40 ticks behind
[07:54:45] [Server thread/WARN]: Can't keep up! Is the server overloaded? Running 2261ms or 45 ticks behind
[07:55:07] [Server thread/INFO]: MTpromax lost connection: Disconnected
[07:55:07] [Server thread/INFO]: MTpromax left the game
[07:55:09] [Server thread/INFO]: MTpromax[/127.0.0.1:64848] logged in with entity id 2439 at (-431.5483806804234, 79.0, 418.1304173263763)
[07:55:09] [Server thread/INFO]: MTpromax joined the game
[07:55:09] [Netty Server IO #0/WARN]: Received invalid identifier in minecraft:register: legacy:fml|hs (Non [a-z0-9/._-] character in path of location: legacy:fml|hs)
[07:55:25] [Server thread/INFO]: ChengXi123[/127.0.0.1:64868] logged in with entity id 2600 at (-167.2701375440454, 71.875, 410.5621294648365)
[07:55:25] [Netty Server IO #0/WARN]: Received invalid identifier in minecraft:register: legacy:fml|hs (Non [a-z0-9/._-] character in path of location: legacy:fml|hs)
[07:55:25] [Server thread/INFO]: ChengXi123 joined the game
[07:55:33] [Server thread/WARN]: Can't keep up! Is the server overloaded? Running 2053ms or 41 ticks behind
[07:55:53] [Server thread/WARN]: Can't keep up! Is the server overloaded? Running 5436ms or 108 ticks behind
[07:59:55] [Server thread/WARN]: Can't keep up! Is the server overloaded? Running 2748ms or 54 ticks behind
[08:00:13] [Server thread/WARN]: Can't keep up! Is the server overloaded? Running 3207ms or 64 ticks behind
[08:03:41] [Server thread/WARN]: Can't keep up! Is the server overloaded? Running 2081ms or 41 ticks behind
[08:03:56] [Server thread/INFO]: ChengXi123 lost connection: Timed out
[08:03:56] [Server thread/INFO]: ChengXi123 left the game
[08:03:56] [Server thread/WARN]: handleDisconnection() called twice
[08:03:59] [Server thread/WARN]: Can't keep up! Is the server overloaded? Running 2973ms or 59 ticks behind
[08:04:01] [Server thread/INFO]: MTpromax lost connection: Disconnected
[08:04:01] [Server thread/INFO]: MTpromax left the game
[08:04:04] [Server thread/INFO]: MTpromax[/127.0.0.1:65187] logged in with entity id 6022 at (-443.7144121025803, 80.761884615984, 414.8461448685056)
[08:04:04] [Server thread/INFO]: MTpromax joined the game
[08:04:06] [Netty Server IO #0/WARN]: Received invalid identifier in minecraft:register: legacy:fml|hs (Non [a-z0-9/._-] character in path of location: legacy:fml|hs)
[08:04:12] [Server thread/INFO]: ChengXi123[/127.0.0.1:65194] logged in with entity id 6239 at (-49.27882861732698, 69.0, 254.30897566551002)
[08:04:13] [Server thread/INFO]: ChengXi123 joined the game
[08:04:14] [Netty Server IO #0/WARN]: Received invalid identifier in minecraft:register: legacy:fml|hs (Non [a-z0-9/._-] character in path of location: legacy:fml|hs)
[08:04:20] [Server thread/WARN]: Can't keep up! Is the server overloaded? Running 6045ms or 120 ticks behind
[08:04:44] [Server thread/WARN]: Can't keep up! Is the server overloaded? Running 2017ms or 40 ticks behind
[08:05:06] [Server thread/INFO]: ChengXi123 lost connection: Disconnected
[08:05:06] [Server thread/INFO]: ChengXi123 left the game
[08:05:07] [Server thread/WARN]: Can't keep up! Is the server overloaded? Running 8470ms or 169 ticks behind
[08:05:27] [Server thread/WARN]: Can't keep up! Is the server overloaded? Running 5005ms or 100 ticks behind
[08:07:25] [Server thread/INFO]: MTpromax lost connection: Disconnected
[08:07:25] [Server thread/INFO]: MTpromax left the game
[08:07:58] [Server thread/INFO]: MTpromax[/127.0.0.1:65339] logged in with entity id 7816 at (-434.53409729572746, 64.0, 354.0978335282596)
[08:07:58] [Server thread/INFO]: MTpromax joined the game
[08:07:58] [Netty Server IO #1/WARN]: Received invalid identifier in minecraft:register: legacy:fml|hs (Non [a-z0-9/._-] character in path of location: legacy:fml|hs)
[08:08:37] [Server thread/INFO]: xiaolouQAQ[/127.0.0.1:65366] logged in with entity id 8195 at (-525.5489269217873, 68.0, 441.98198349199953)
[08:08:37] [Server thread/INFO]: xiaolouQAQ joined the game
[08:08:38] [Netty Server IO #1/WARN]: Received invalid identifier in minecraft:register: legacy:fml|hs (Non [a-z0-9/._-] character in path of location: legacy:fml|hs)
[08:09:22] [Server thread/WARN]: Can't keep up! Is the server overloaded? Running 2174ms or 43 ticks behind
[08:09:45] [Server thread/WARN]: Can't keep up! Is the server overloaded? Running 8230ms or 164 ticks behind
[08:10:02] [Server thread/WARN]: Can't keep up! Is the server overloaded? Running 2210ms or 44 ticks behind
[08:10:19] [Server thread/WARN]: Can't keep up! Is the server overloaded? Running 2011ms or 40 ticks behind
[08:10:26] [Server thread/INFO]: ChengXi123[/127.0.0.1:65436] logged in with entity id 8900 at (-45.32448568191412, 65.0, 275.2601654816753)
[08:10:26] [Netty Server IO #1/WARN]: Received invalid identifier in minecraft:register: legacy:fml|hs (Non [a-z0-9/._-] character in path of location: legacy:fml|hs)
[08:10:26] [Server thread/INFO]: ChengXi123 joined the game
[08:10:39] [Server thread/INFO]: <MTpromax> hi
[08:10:40] [Server thread/WARN]: Can't keep up! Is the server overloaded? Running 6101ms or 122 ticks behind
[08:11:04] [Server thread/WARN]: Can't keep up! Is the server overloaded? Running 9214ms or 184 ticks behind
[08:11:12] [Server thread/INFO]: <xiaolouQAQ> 早啊
[08:11:18] [Server thread/INFO]: <ChengXi123> 早
[08:11:22] [Server thread/INFO]: <MTpromax> 早
[08:11:29] [Server thread/INFO]: <ChengXi123> 经验修补我刷出来了
[08:11:29] [Server thread/WARN]: Can't keep up! Is the server overloaded? Running 2001ms or 40 ticks behind
[08:11:32] [Server thread/INFO]: <xiaolouQAQ> en
[08:11:40] [Server thread/INFO]: <xiaolouQAQ> 我先上课==
[08:11:54] [Server thread/INFO]: xiaolouQAQ lost connection: Disconnected
[08:11:54] [Server thread/INFO]: xiaolouQAQ left the game
[08:11:54] [Server thread/WARN]: Can't keep up! Is the server overloaded? Running 2084ms or 41 ticks behind
[08:11:56] [Server thread/INFO]: <MTpromax> 树厂一次可以刷多少木头
[08:12:15] [Server thread/INFO]: <ChengXi123> 一次一棵树
[08:12:34] [Server thread/INFO]: <MTpromax> 我要10组要弄多久
[08:12:51] [Server thread/INFO]: <ChengXi123> 你先看看现在有多少
[08:16:01] [Server thread/WARN]: Can't keep up! Is the server overloaded? Running 2012ms or 40 ticks behind
[08:18:03] [Server thread/INFO]: ChengXi123 lost connection: Disconnected
[08:18:03] [Server thread/INFO]: ChengXi123 left the game
[08:18:10] [Server thread/INFO]: ChengXi123[/127.0.0.1:49347] logged in with entity id 11051 at (-51.37156709882293, 9.0, 250.9496271433746)
[08:18:10] [Netty Server IO #1/WARN]: Received invalid identifier in minecraft:register: legacy:fml|hs (Non [a-z0-9/._-] character in path of location: legacy:fml|hs)
[08:18:10] [Server thread/INFO]: ChengXi123 joined the game
[08:21:03] [Server thread/WARN]: Can't keep up! Is the server overloaded? Running 2199ms or 43 ticks behind
[08:21:30] [Server thread/INFO]: MTpromax lost connection: Disconnected
[08:21:30] [Server thread/INFO]: MTpromax left the game
[08:21:33] [Server thread/INFO]: MTpromax[/127.0.0.1:49475] logged in with entity id 11589 at (-316.5271967627061, 64.0, 396.69999998807907)
[08:21:33] [Server thread/INFO]: MTpromax joined the game
[08:21:33] [Netty Server IO #0/WARN]: Received invalid identifier in minecraft:register: legacy:fml|hs (Non [a-z0-9/._-] character in path of location: legacy:fml|hs)
[08:21:48] [Server thread/INFO]: MTpromax lost connection: Timed out
[08:21:48] [Server thread/INFO]: MTpromax left the game
[08:21:48] [Server thread/WARN]: handleDisconnection() called twice
[08:21:58] [Server thread/INFO]: MTpromax[/127.0.0.1:49495] logged in with entity id 11630 at (-319.643928609871, 64.0, 395.86031241622516)
[08:21:58] [Server thread/INFO]: MTpromax joined the game
[08:21:59] [Netty Server IO #0/WARN]: Received invalid identifier in minecraft:register: legacy:fml|hs (Non [a-z0-9/._-] character in path of location: legacy:fml|hs)
[08:25:20] [Server thread/WARN]: Can't keep up! Is the server overloaded? Running 2070ms or 41 ticks behind
[08:26:08] [Server thread/WARN]: Can't keep up! Is the server overloaded? Running 2981ms or 59 ticks behind
[08:26:19] [Server thread/INFO]: MTpromax lost connection: Timed out
[08:26:19] [Server thread/INFO]: MTpromax left the game
[08:26:28] [Server thread/INFO]: MTpromax[/127.0.0.1:49658] logged in with entity id 12310 at (-401.0225851510503, 84.27543389199764, 469.4339204085887)
[08:26:28] [Server thread/INFO]: MTpromax joined the game
[08:26:29] [Netty Server IO #0/WARN]: Received invalid identifier in minecraft:register: legacy:fml|hs (Non [a-z0-9/._-] character in path of location: legacy:fml|hs)
[08:26:56] [Server thread/WARN]: Can't keep up! Is the server overloaded? Running 2075ms or 41 ticks behind
[08:27:18] [Server thread/WARN]: Can't keep up! Is the server overloaded? Running 2004ms or 40 ticks behind
[08:27:37] [Server thread/WARN]: Can't keep up! Is the server overloaded? Running 2004ms or 40 ticks behind
[08:28:00] [Server thread/WARN]: Can't keep up! Is the server overloaded? Running 2016ms or 40 ticks behind
[08:30:16] [Server thread/WARN]: Can't keep up! Is the server overloaded? Running 2022ms or 40 ticks behind
[08:30:34] [Server thread/WARN]: Can't keep up! Is the server overloaded? Running 2057ms or 41 ticks behind
[08:30:58] [Server thread/WARN]: Can't keep up! Is the server overloaded? Running 8159ms or 163 ticks behind
[08:31:20] [Server thread/WARN]: Can't keep up! Is the server overloaded? Running 7522ms or 150 ticks behind
[08:31:51] [Server thread/INFO]: Scanning for legacy world dragon fight...
[08:31:51] [Server thread/INFO]: Found that the dragon has been killed in this world already.
[08:31:53] [Server thread/WARN]: Can't keep up! Is the server overloaded? Running 18348ms or 366 ticks behind
[08:32:25] [Server thread/WARN]: Can't keep up! Is the server overloaded? Running 16241ms or 324 ticks behind
[08:32:53] [Server thread/WARN]: Can't keep up! Is the server overloaded? Running 13007ms or 260 ticks behind
[08:33:20] [Server thread/WARN]: Can't keep up! Is the server overloaded? Running 12220ms or 244 ticks behind
[08:33:44] [Server thread/WARN]: Can't keep up! Is the server overloaded? Running 9585ms or 191 ticks behind
[08:34:08] [Server thread/WARN]: Can't keep up! Is the server overloaded? Running 8460ms or 169 ticks behind
[08:34:28] [Server thread/WARN]: Can't keep up! Is the server overloaded? Running 5109ms or 102 ticks behind
[08:34:46] [Server thread/WARN]: Can't keep up! Is the server overloaded? Running 3201ms or 64 ticks behind
[08:35:04] [Server thread/WARN]: Can't keep up! Is the server overloaded? Running 2808ms or 56 ticks behind
[08:35:23] [Server thread/WARN]: Can't keep up! Is the server overloaded? Running 4265ms or 85 ticks behind
[08:35:44] [Server thread/WARN]: Can't keep up! Is the server overloaded? Running 6078ms or 121 ticks behind
[08:36:07] [Server thread/WARN]: Can't keep up! Is the server overloaded? Running 8206ms or 164 ticks behind
[08:36:33] [Server thread/WARN]: Can't keep up! Is the server overloaded? Running 10766ms or 215 ticks behind
[08:36:58] [Server thread/WARN]: Can't keep up! Is the server overloaded? Running 9905ms or 198 ticks behind
[08:37:23] [Server thread/WARN]: Can't keep up! Is the server overloaded? Running 9515ms or 190 ticks behind
[08:37:48] [Server thread/WARN]: Can't keep up! Is the server overloaded? Running 10055ms or 201 ticks behind
[08:38:08] [Server thread/WARN]: Can't keep up! Is the server overloaded? Running 5920ms or 118 ticks behind
[08:38:30] [Server thread/WARN]: Can't keep up! Is the server overloaded? Running 6818ms or 136 ticks behind
[08:38:51] [Server thread/WARN]: Can't keep up! Is the server overloaded? Running 5708ms or 114 ticks behind
[08:39:14] [Server thread/WARN]: Can't keep up! Is the server overloaded? Running 7648ms or 152 ticks behind
[08:39:38] [Server thread/WARN]: Can't keep up! Is the server overloaded? Running 9481ms or 189 ticks behind
[08:40:03] [Server thread/WARN]: Can't keep up! Is the server overloaded? Running 10347ms or 206 ticks behind
[08:40:27] [Server thread/WARN]: Can't keep up! Is the server overloaded? Running 8351ms or 167 ticks behind
[08:40:51] [Server thread/WARN]: Can't keep up! Is the server overloaded? Running 9095ms or 181 ticks behind
[08:41:15] [Server thread/WARN]: Can't keep up! Is the server overloaded? Running 9513ms or 190 ticks behind
[08:41:40] [Server thread/WARN]: Can't keep up! Is the server overloaded? Running 9619ms or 192 ticks behind
[08:42:03] [Server thread/WARN]: Can't keep up! Is the server overloaded? Running 7976ms or 159 ticks behind
[08:42:24] [Server thread/WARN]: Can't keep up! Is the server overloaded? Running 6328ms or 126 ticks behind
[08:42:50] [Server thread/WARN]: Can't keep up! Is the server overloaded? Running 10465ms or 209 ticks behind
[08:43:12] [Server thread/WARN]: Can't keep up! Is the server overloaded? Running 7149ms or 142 ticks behind
[08:43:34] [Server thread/WARN]: Can't keep up! Is the server overloaded? Running 6978ms or 139 ticks behind
[08:43:54] [Server thread/WARN]: Can't keep up! Is the server overloaded? Running 5876ms or 117 ticks behind
[08:44:16] [Server thread/WARN]: Can't keep up! Is the server overloaded? Running 6238ms or 124 ticks behind
[08:44:38] [Server thread/WARN]: Can't keep up! Is the server overloaded? Running 7238ms or 144 ticks behind
[08:44:38] [Server thread/INFO]: [TextileBackup]: Backup started by: SERVER on: 2020-04-17_08-44-38
[08:44:38] [Server thread/INFO]: [TextileBackup]: Saving server...
[08:44:41] [Thread-51/INFO]: [TextileBackup]: Starting compression...
[08:45:00] [Server thread/INFO]: <MTpromax> 我们家附近有没有雪山
[08:45:10] [Server thread/INFO]: <ChengXi123> 你要干啥
[08:45:37] [Server thread/INFO]: <ChengXi123> 现在不要跑图
[08:45:43] [Server thread/INFO]: <ChengXi123> 服务器卡
[08:45:46] [Server thread/WARN]: Can't keep up! Is the server overloaded? Running 53142ms or 1062 ticks behind
[08:45:51] [Server thread/INFO]: <MTpromax> 那里有没有冰
[08:46:00] [Server thread/INFO]: <ChengXi123> 有
[08:46:35] [Server thread/WARN]: Can't keep up! Is the server overloaded? Running 33756ms or 675 ticks behind
[08:46:45] [Thread-51/INFO]: [TextileBackup]: Compression finished
[08:46:45] [Thread-51/INFO]: [TextileBackup]: Deleting: 2020-04-16_15-03-38.zip
[08:46:45] [Thread-51/INFO]: [TextileBackup]: Done!
[08:46:58] [Server thread/WARN]: Can't keep up! Is the server overloaded? Running 8372ms or 167 ticks behind
[08:47:15] [Server thread/WARN]: Can't keep up! Is the server overloaded? Running 2050ms or 41 ticks behind
[08:47:16] [Server thread/WARN]: Fetching packet for removed entity class_1542['Air'/15902, l='skimit', x=194.94, y=1.06, z=-0.11]
[08:48:04] [Server thread/INFO]: MTpromax lost connection: Timed out
[08:48:04] [Server thread/INFO]: MTpromax left the game
[08:48:05] [Server thread/WARN]: handleDisconnection() called twice
[08:48:11] [Server thread/INFO]: MTpromax[/127.0.0.1:50423] logged in with entity id 15981 at (-446.04583895827926, 89.0, 413.26987619692244)
[08:48:11] [Netty Server IO #0/WARN]: Received invalid identifier in minecraft:register: legacy:fml|hs (Non [a-z0-9/._-] character in path of location: legacy:fml|hs)
[08:48:11] [Server thread/INFO]: MTpromax joined the game
[08:48:24] [Server thread/WARN]: Can't keep up! Is the server overloaded? Running 2009ms or 40 ticks behind
[08:48:43] [Server thread/WARN]: Can't keep up! Is the server overloaded? Running 4507ms or 90 ticks behind
[08:49:00] [Server thread/WARN]: Can't keep up! Is the server overloaded? Running 2071ms or 41 ticks behind
[08:49:18] [Server thread/WARN]: Can't keep up! Is the server overloaded? Running 2597ms or 51 ticks behind
[08:49:37] [Server thread/WARN]: Can't keep up! Is the server overloaded? Running 3790ms or 75 ticks behind
[08:49:55] [Server thread/WARN]: Can't keep up! Is the server overloaded? Running 3317ms or 66 ticks behind
[08:50:13] [Server thread/WARN]: Can't keep up! Is the server overloaded? Running 3230ms or 64 ticks behind
[08:50:32] [Server thread/WARN]: Can't keep up! Is the server overloaded? Running 3479ms or 69 ticks behind
[08:50:50] [Server thread/WARN]: Can't keep up! Is the server overloaded? Running 3420ms or 68 ticks behind
[08:51:07] [Server thread/WARN]: Can't keep up! Is the server overloaded? Running 2189ms or 43 ticks behind
[08:53:14] [Server thread/WARN]: Can't keep up! Is the server overloaded? Running 2014ms or 40 ticks behind
[08:53:37] [Server thread/WARN]: Can't keep up! Is the server overloaded? Running 3603ms or 72 ticks behind
[08:54:04] [Server thread/WARN]: Can't keep up! Is the server overloaded? Running 11847ms or 236 ticks behind
[08:54:28] [Server thread/WARN]: Can't keep up! Is the server overloaded? Running 9469ms or 189 ticks behind
[08:54:52] [Server thread/WARN]: Can't keep up! Is the server overloaded? Running 9506ms or 190 ticks behind
[08:55:17] [Server thread/WARN]: Can't keep up! Is the server overloaded? Running 9585ms or 191 ticks behind
[08:55:43] [Server thread/WARN]: Can't keep up! Is the server overloaded? Running 10587ms or 211 ticks behind
[08:56:03] [Server thread/WARN]: Can't keep up! Is the server overloaded? Running 4998ms or 99 ticks behind
[08:56:41] [Server thread/WARN]: Can't keep up! Is the server overloaded? Running 2016ms or 40 ticks behind
[08:56:52] [Server thread/INFO]: ChengXi123 lost connection: Disconnected
[08:56:52] [Server thread/INFO]: ChengXi123 left the game
[08:58:19] [Server thread/INFO]: MTpromax lost connection: Disconnected
[08:58:19] [Server thread/INFO]: MTpromax left the game
[09:00:43] [Server thread/INFO]: MTpromax[/127.0.0.1:50867] logged in with entity id 19705 at (-413.36993845448285, 70.0, 410.0053963396859)
[09:00:43] [Netty Server IO #0/WARN]: Received invalid identifier in minecraft:register: legacy:fml|hs (Non [a-z0-9/._-] character in path of location: legacy:fml|hs)
[09:00:43] [Server thread/INFO]: MTpromax joined the game
[09:00:46] [Server thread/WARN]: Can't keep up! Is the server overloaded? Running 2260ms or 45 ticks behind
[09:01:13] [Server thread/INFO]: MTpromax lost connection: Timed out
[09:01:13] [Server thread/INFO]: MTpromax left the game
[09:01:13] [Server thread/WARN]: handleDisconnection() called twice
[09:01:28] [Server thread/INFO]: MTpromax[/127.0.0.1:50903] logged in with entity id 19867 at (-413.0717106304849, 70.02442408821369, 412.4202963373057)
[09:01:28] [Netty Server IO #0/WARN]: Received invalid identifier in minecraft:register: legacy:fml|hs (Non [a-z0-9/._-] character in path of location: legacy:fml|hs)
[09:01:28] [Server thread/INFO]: MTpromax joined the game
[09:02:28] [Server thread/WARN]: Fetching packet for removed entity class_1642['Zombie'/18973, l='skimit', x=-399.04, y=15.35, z=513.17]
[09:02:33] [Server thread/WARN]: Can't keep up! Is the server overloaded? Running 2060ms or 41 ticks behind
[09:03:00] [Server thread/WARN]: Can't keep up! Is the server overloaded? Running 2016ms or 40 ticks behind
[09:04:43] [Server thread/WARN]: Can't keep up! Is the server overloaded? Running 2066ms or 41 ticks behind
[09:04:48] [Server thread/INFO]: ChengXi123[/127.0.0.1:51028] logged in with entity id 20535 at (192.69999998807907, 1.0625, 0.40393236992092585)
[09:04:48] [Server thread/INFO]: ChengXi123 joined the game
[09:04:48] [Netty Server IO #0/WARN]: Received invalid identifier in minecraft:register: legacy:fml|hs (Non [a-z0-9/._-] character in path of location: legacy:fml|hs)
[09:05:05] [Server thread/WARN]: Can't keep up! Is the server overloaded? Running 2011ms or 40 ticks behind
[09:05:35] [Server thread/WARN]: Can't keep up! Is the server overloaded? Running 2062ms or 41 ticks behind
[09:05:53] [Server thread/WARN]: Can't keep up! Is the server overloaded? Running 2147ms or 42 ticks behind
[09:06:10] [Server thread/WARN]: Can't keep up! Is the server overloaded? Running 2816ms or 56 ticks behind
[09:06:27] [Server thread/WARN]: Can't keep up! Is the server overloaded? Running 2055ms or 41 ticks behind
[09:06:45] [Server thread/WARN]: Can't keep up! Is the server overloaded? Running 2365ms or 47 ticks behind
[09:07:03] [Server thread/WARN]: Can't keep up! Is the server overloaded? Running 2965ms or 59 ticks behind
[09:07:21] [Server thread/WARN]: Can't keep up! Is the server overloaded? Running 3089ms or 61 ticks behind
[09:07:40] [Server thread/WARN]: Can't keep up! Is the server overloaded? Running 4523ms or 90 ticks behind
[09:07:58] [Server thread/WARN]: Can't keep up! Is the server overloaded? Running 2230ms or 44 ticks behind
[09:08:16] [Server thread/WARN]: Can't keep up! Is the server overloaded? Running 3537ms or 70 ticks behind
[09:08:39] [Server thread/WARN]: Can't keep up! Is the server overloaded? Running 8121ms or 162 ticks behind
[09:09:05] [Server thread/WARN]: Can't keep up! Is the server overloaded? Running 11114ms or 222 ticks behind
[09:09:31] [Server thread/WARN]: Can't keep up! Is the server overloaded? Running 10247ms or 204 ticks behind
[09:09:55] [Server thread/WARN]: Can't keep up! Is the server overloaded? Running 9799ms or 195 ticks behind
[09:10:21] [Server thread/WARN]: Can't keep up! Is the server overloaded? Running 10752ms or 215 ticks behind
[09:10:43] [Server thread/WARN]: Can't keep up! Is the server overloaded? Running 7049ms or 140 ticks behind
[09:11:05] [Server thread/WARN]: Can't keep up! Is the server overloaded? Running 6390ms or 127 ticks behind
[09:11:32] [Server thread/WARN]: Can't keep up! Is the server overloaded? Running 12609ms or 252 ticks behind
[09:11:57] [Server thread/WARN]: Can't keep up! Is the server overloaded? Running 9738ms or 194 ticks behind
[09:12:17] [Server thread/WARN]: Can't keep up! Is the server overloaded? Running 4768ms or 95 ticks behind
[09:12:34] [Server thread/WARN]: Can't keep up! Is the server overloaded? Running 2337ms or 46 ticks behind
[09:12:57] [Server thread/WARN]: Can't keep up! Is the server overloaded? Running 2011ms or 40 ticks behind
[09:13:15] [Server thread/WARN]: Can't keep up! Is the server overloaded? Running 2477ms or 49 ticks behind
[09:13:29] [Server thread/INFO]: <MTpromax> 那些树叶怎么弄
[09:13:39] [Server thread/WARN]: Can't keep up! Is the server overloaded? Running 2053ms or 41 ticks behind
[09:13:46] [Server thread/INFO]: <ChengXi123> 树叶用剪刀剪
[09:13:57] [Server thread/INFO]: <MTpromax> o
[09:13:57] [Server thread/WARN]: Can't keep up! Is the server overloaded? Running 2019ms or 40 ticks behind
[09:14:17] [Server thread/WARN]: Can't keep up! Is the server overloaded? Running 4400ms or 88 ticks behind
[09:14:34] [Server thread/WARN]: Can't keep up! Is the server overloaded? Running 2102ms or 42 ticks behind
[09:14:53] [Server thread/INFO]: <ChengXi123> 我打一下你试试伤害
[09:15:38] [Server thread/INFO]: <ChengXi123> 9滴，还行
[09:15:59] [Server thread/WARN]: Can't keep up! Is the server overloaded? Running 2027ms or 40 ticks behind
[09:16:17] [Server thread/WARN]: Can't keep up! Is the server overloaded? Running 2323ms or 46 ticks behind
[09:17:07] [Server thread/WARN]: Can't keep up! Is the server overloaded? Running 2514ms or 50 ticks behind
[09:17:28] [Server thread/WARN]: Can't keep up! Is the server overloaded? Running 5719ms or 114 ticks behind
[09:18:25] [Server thread/INFO]: <ChengXi123> 我再试一下
[09:18:48] [Server thread/INFO]: <ChengXi123> 12滴，还可以
[09:19:03] [Server thread/WARN]: Can't keep up! Is the server overloaded? Running 2304ms or 46 ticks behind
[09:19:30] [Server thread/WARN]: Can't keep up! Is the server overloaded? Running 11278ms or 225 ticks behind
[09:19:51] [Server thread/WARN]: Can't keep up! Is the server overloaded? Running 6609ms or 132 ticks behind
[09:20:13] [Server thread/WARN]: Can't keep up! Is the server overloaded? Running 6436ms or 128 ticks behind
[09:20:35] [Server thread/WARN]: Can't keep up! Is the server overloaded? Running 7520ms or 150 ticks behind
[09:20:54] [Server thread/WARN]: Can't keep up! Is the server overloaded? Running 4201ms or 84 ticks behind
[09:21:12] [Server thread/WARN]: Can't keep up! Is the server overloaded? Running 2034ms or 40 ticks behind
[09:21:38] [Server thread/WARN]: Can't keep up! Is the server overloaded? Running 2001ms or 40 ticks behind
[09:21:55] [Server thread/WARN]: Can't keep up! Is the server overloaded? Running 2630ms or 52 ticks behind
[09:22:20] [Server thread/WARN]: Can't keep up! Is the server overloaded? Running 9432ms or 188 ticks behind
[09:22:39] [Server thread/WARN]: Can't keep up! Is the server overloaded? Running 4032ms or 80 ticks behind
[09:23:00] [Server thread/WARN]: Can't keep up! Is the server overloaded? Running 6153ms or 123 ticks behind
[09:23:21] [Server thread/WARN]: Can't keep up! Is the server overloaded? Running 5675ms or 113 ticks behind
[09:23:48] [Server thread/WARN]: Can't keep up! Is the server overloaded? Running 12802ms or 256 ticks behind
[09:24:08] [Server thread/WARN]: Can't keep up! Is the server overloaded? Running 4381ms or 87 ticks behind
[09:24:30] [Server thread/WARN]: Can't keep up! Is the server overloaded? Running 7469ms or 149 ticks behind
[09:24:52] [Server thread/WARN]: Can't keep up! Is the server overloaded? Running 7277ms or 145 ticks behind
[09:25:11] [Server thread/WARN]: Can't keep up! Is the server overloaded? Running 4112ms or 82 ticks behind
[09:25:31] [Server thread/WARN]: Can't keep up! Is the server overloaded? Running 2144ms or 42 ticks behind
[09:25:51] [Server thread/WARN]: Can't keep up! Is the server overloaded? Running 2092ms or 41 ticks behind
[09:26:09] [Server thread/WARN]: Can't keep up! Is the server overloaded? Running 3241ms or 64 ticks behind
[09:26:45] [Server thread/WARN]: Can't keep up! Is the server overloaded? Running 2066ms or 41 ticks behind
[09:27:03] [Server thread/WARN]: Can't keep up! Is the server overloaded? Running 2899ms or 57 ticks behind
[09:29:14] [Server thread/WARN]: Can't keep up! Is the server overloaded? Running 2859ms or 57 ticks behind
[09:29:33] [Server thread/WARN]: Can't keep up! Is the server overloaded? Running 4459ms or 89 ticks behind
[09:30:20] [Server thread/INFO]: MTpromax lost connection: Timed out
[09:30:20] [Server thread/INFO]: MTpromax left the game
[09:30:20] [Server thread/WARN]: handleDisconnection() called twice
[09:30:27] [Server thread/INFO]: MTpromax[/127.0.0.1:51932] logged in with entity id 29890 at (-445.60781610407133, 79.0, 426.3804856692093)
[09:30:27] [Server thread/INFO]: MTpromax joined the game
[09:30:27] [Netty Server IO #0/WARN]: Received invalid identifier in minecraft:register: legacy:fml|hs (Non [a-z0-9/._-] character in path of location: legacy:fml|hs)
[09:31:00] [Server thread/WARN]: Can't keep up! Is the server overloaded? Running 2074ms or 41 ticks behind
[09:31:17] [Server thread/WARN]: Can't keep up! Is the server overloaded? Running 2099ms or 41 ticks behind
[09:31:36] [Server thread/WARN]: Can't keep up! Is the server overloaded? Running 3293ms or 65 ticks behind
[09:31:55] [Server thread/WARN]: Can't keep up! Is the server overloaded? Running 4729ms or 94 ticks behind
[09:32:14] [Server thread/WARN]: Can't keep up! Is the server overloaded? Running 3876ms or 77 ticks behind
[09:32:36] [Server thread/WARN]: Can't keep up! Is the server overloaded? Running 7256ms or 145 ticks behind
[09:33:03] [Server thread/WARN]: Can't keep up! Is the server overloaded? Running 11479ms or 229 ticks behind
[09:33:32] [Server thread/WARN]: Can't keep up! Is the server overloaded? Running 14240ms or 284 ticks behind
[09:33:56] [Server thread/WARN]: Can't keep up! Is the server overloaded? Running 9369ms or 187 ticks behind
[09:34:22] [Server thread/WARN]: Can't keep up! Is the server overloaded? Running 10835ms or 216 ticks behind
[09:34:47] [Server thread/WARN]: Can't keep up! Is the server overloaded? Running 9334ms or 186 ticks behind
[09:35:10] [Server thread/WARN]: Can't keep up! Is the server overloaded? Running 8609ms or 172 ticks behind
[09:35:46] [Server thread/WARN]: Can't keep up! Is the server overloaded? Running 2101ms or 42 ticks behind
[09:36:04] [Server thread/WARN]: Can't keep up! Is the server overloaded? Running 3327ms or 66 ticks behind
[09:36:33] [Server thread/WARN]: Can't keep up! Is the server overloaded? Running 2183ms or 43 ticks behind
[09:37:45] [Server thread/WARN]: Can't keep up! Is the server overloaded? Running 2082ms or 41 ticks behind
[09:38:02] [Server thread/WARN]: Can't keep up! Is the server overloaded? Running 2115ms or 42 ticks behind
[09:38:48] [Server thread/WARN]: Can't keep up! Is the server overloaded? Running 2629ms or 52 ticks behind
[09:39:09] [Server thread/WARN]: Can't keep up! Is the server overloaded? Running 6881ms or 137 ticks behind
[09:39:27] [Server thread/WARN]: Can't keep up! Is the server overloaded? Running 2843ms or 56 ticks behind
[09:40:12] [Server thread/WARN]: Can't keep up! Is the server overloaded? Running 2045ms or 40 ticks behind
[09:40:37] [Server thread/WARN]: Can't keep up! Is the server overloaded? Running 9520ms or 190 ticks behind
[09:41:02] [Server thread/WARN]: Can't keep up! Is the server overloaded? Running 10036ms or 200 ticks behind
[09:41:20] [Server thread/WARN]: Can't keep up! Is the server overloaded? Running 2992ms or 59 ticks behind
[09:41:40] [Server thread/WARN]: Can't keep up! Is the server overloaded? Running 4755ms or 95 ticks behind
[09:41:57] [Server thread/WARN]: Can't keep up! Is the server overloaded? Running 2715ms or 54 ticks behind
[09:42:22] [Server thread/WARN]: Can't keep up! Is the server overloaded? Running 9684ms or 193 ticks behind
[09:42:39] [Server thread/WARN]: Can't keep up! Is the server overloaded? Running 2175ms or 43 ticks behind
[09:42:57] [Server thread/WARN]: Can't keep up! Is the server overloaded? Running 3129ms or 62 ticks behind
[09:43:18] [Server thread/WARN]: Can't keep up! Is the server overloaded? Running 2005ms or 40 ticks behind
[09:43:56] [Server thread/WARN]: Can't keep up! Is the server overloaded? Running 2029ms or 40 ticks behind
[09:44:17] [Server thread/WARN]: Can't keep up! Is the server overloaded? Running 2001ms or 40 ticks behind
[09:44:40] [Server thread/INFO]: [TextileBackup]: Backup started by: SERVER on: 2020-04-17_09-44-40
[09:44:40] [Server thread/INFO]: [TextileBackup]: Saving server...
[09:44:41] [Server thread/WARN]: Can't keep up! Is the server overloaded? Running 3180ms or 63 ticks behind
[09:44:41] [Thread-52/INFO]: [TextileBackup]: Starting compression...
[09:45:46] [Server thread/WARN]: Can't keep up! Is the server overloaded? Running 49489ms or 989 ticks behind
[09:45:48] [Server thread/INFO]: Aod_lcy[/127.0.0.1:52466] logged in with entity id 35215 at (-58.39318336789562, 5.01603123664856, 241.30000001192093)
[09:45:48] [Server thread/INFO]: Aod_lcy joined the game
[09:45:50] [Server thread/INFO]: Aod_lcy lost connection: Disconnected
[09:45:50] [Server thread/INFO]: Aod_lcy left the game
[09:45:57] [Server thread/INFO]: Aod_lcy[/127.0.0.1:52475] logged in with entity id 35228 at (-58.39318336789562, 5.01603123664856, 241.30000001192093)
[09:45:57] [Server thread/INFO]: Aod_lcy joined the game
[09:45:58] [Netty Server IO #1/WARN]: Received invalid identifier in minecraft:register: legacy:fml|hs (Non [a-z0-9/._-] character in path of location: legacy:fml|hs)
[09:46:30] [Server thread/INFO]: MTpromax lost connection: Disconnected
[09:46:30] [Server thread/INFO]: MTpromax left the game
[09:46:42] [Server thread/INFO]: MTpromax[/127.0.0.1:52499] logged in with entity id 35351 at (-448.46767388011705, 69.5, 421.11454338157137)
[09:46:42] [Netty Server IO #1/WARN]: Received invalid identifier in minecraft:register: legacy:fml|hs (Non [a-z0-9/._-] character in path of location: legacy:fml|hs)
[09:46:42] [Server thread/INFO]: MTpromax joined the game
[09:46:56] [Server Watchdog/FATAL]: A single server tick took 60.83 seconds (should be max 0.05)
[09:46:56] [Server Watchdog/FATAL]: Considering it to be crashed, server will forcibly shutdown.
[09:47:04] [Server Watchdog/ERROR]: This crash report has been saved to: C:\Server\skimit_survival\.\crash-reports\crash-2020-04-17_09.47.02-server.txt
[09:47:05] [Server thread/INFO]: Stopping server
[09:47:05] [Server thread/INFO]: Saving players
[09:47:06] [Thread-52/INFO]: [TextileBackup]: Compression finished
[09:47:06] [Thread-52/INFO]: [TextileBackup]: Deleting: 2020-04-16_16-03-34.zip
[09:47:06] [Thread-52/INFO]: [TextileBackup]: Done!
[09:47:07] [Server thread/INFO]: ChengXi123 lost connection: Internal Exception: java.lang.StackOverflowError
[09:47:07] [Server thread/INFO]: ChengXi123 left the game
[09:47:07] [Server thread/INFO]: MTpromax lost connection: Internal Exception: java.lang.StackOverflowError
[09:47:07] [Server thread/INFO]: MTpromax left the game
[09:47:08] [Server thread/INFO]: Saving worlds
[09:47:08] [Server thread/INFO]: Saving chunks for level 'skimit'/minecraft:the_end
[09:47:08] [Server thread/INFO]: ThreadedAnvilChunkStorage (DIM1): All chunks are saved
[09:47:08] [Server thread/INFO]: Saving chunks for level 'skimit'/minecraft:the_nether
[09:47:09] [Server thread/INFO]: ThreadedAnvilChunkStorage (DIM-1): All chunks are saved
[09:47:09] [Server thread/INFO]: Saving chunks for level 'skimit'/minecraft:overworld
[09:47:13] [Server thread/INFO]: ThreadedAnvilChunkStorage (skimit): All chunks are saved
[09:47:13] [Server thread/INFO]: [TextileBackup]: Backup started by: SERVER on: 2020-04-17_09-47-13
[09:47:13] [Server thread/INFO]: [TextileBackup]: Saving server...
[09:47:13] [Server thread/INFO]: ThreadedAnvilChunkStorage (DIM1): All chunks are saved
[09:47:13] [Thread-54/INFO]: [TextileBackup]: Starting compression...
[09:47:13] [Server thread/INFO]: ThreadedAnvilChunkStorage (DIM-1): All chunks are saved
[09:47:13] [Server thread/INFO]: ThreadedAnvilChunkStorage (skimit): All chunks are saved
