[20:36:45] [main/INFO]: Loading for game Minecraft 1.15.2
[20:36:47] [main/INFO]: [FabricLoader] Loading 4 mods: minecraft@1.15.2, carpet-extra@1.3.15, fabricloader@0.7.8+build.189, carpet@1.3.15
[20:36:47] [main/INFO]: SpongePowered MIXIN Subsystem Version=0.8 Source=file:/home/admin/mcsmanager/server/server_core/skimit_survival/fabric-server-launch.jar Service=Knot/Fabric Env=SERVER
[20:37:05] [main/WARN]: Ambiguity between arguments [teleport, destination] and [teleport, targets] with inputs: [Player, 0123, @e, dd12be42-52a9-4a91-a8a1-11c01849e498]
[20:37:05] [main/WARN]: Ambiguity between arguments [teleport, location] and [teleport, destination] with inputs: [0.1 -0.5 .9, 0 0 0]
[20:37:05] [main/WARN]: Ambiguity between arguments [teleport, location] and [teleport, targets] with inputs: [0.1 -0.5 .9, 0 0 0]
[20:37:05] [main/WARN]: Ambiguity between arguments [teleport, targets] and [teleport, destination] with inputs: [Player, 0123, dd12be42-52a9-4a91-a8a1-11c01849e498]
[20:37:05] [main/WARN]: Ambiguity between arguments [teleport, targets, location] and [teleport, targets, destination] with inputs: [0.1 -0.5 .9, 0 0 0]
[20:37:06] [Server thread/INFO]: Starting minecraft server version 1.15.2
[20:37:06] [Server thread/INFO]: Loading properties
[20:37:06] [Server thread/INFO]: Default game type: SURVIVAL
[20:37:06] [Server thread/INFO]: Generating keypair
[20:37:06] [Server thread/INFO]: Starting Minecraft server on *:26565
[20:37:07] [Server thread/INFO]: Using epoll channel type
[20:37:07] [Server thread/WARN]: **** SERVER IS RUNNING IN OFFLINE/INSECURE MODE!
[20:37:07] [Server thread/WARN]: The server will make no attempt to authenticate usernames. Beware.
[20:37:07] [Server thread/WARN]: While this makes the game possible to play without internet access, it also opens up the ability for hackers to connect with any username they choose.
[20:37:07] [Server thread/WARN]: To change this, set "online-mode" to "true" in the server.properties file.
[20:37:08] [Server thread/INFO]: Preparing level "world"
[20:37:08] [Server thread/WARN]: Missing data pack fabric/fabric-mining-levels-v0
[20:37:08] [Server thread/INFO]: Reloading ResourceManager: Default
[20:37:13] [Server thread/INFO]: Loaded 6 recipes
[20:37:15] [Server thread/INFO]: Loaded 825 advancements
[20:37:21] [Server thread/INFO]: Preparing start region for dimension minecraft:overworld
[20:37:26] [Server thread/INFO]: Preparing spawn area: 0%
[20:37:26] [Server thread/INFO]: Preparing spawn area: 0%
[20:37:26] [Server thread/INFO]: Preparing spawn area: 0%
[20:37:26] [Server thread/INFO]: Preparing spawn area: 0%
[20:37:26] [Server thread/INFO]: Preparing spawn area: 0%
[20:37:26] [Server thread/INFO]: Preparing spawn area: 0%
[20:37:26] [Server thread/INFO]: Preparing spawn area: 0%
[20:37:26] [Server thread/INFO]: Preparing spawn area: 0%
[20:37:26] [Server thread/INFO]: Preparing spawn area: 0%
[20:37:26] [Server thread/INFO]: Preparing spawn area: 0%
[20:37:26] [Server thread/INFO]: Preparing spawn area: 0%
[20:37:57] [Server-Worker-1/INFO]: Preparing spawn area: 0%
[20:37:57] [Server-Worker-1/INFO]: Preparing spawn area: 0%
[20:37:57] [Server-Worker-1/INFO]: Preparing spawn area: 0%
[20:37:57] [Server-Worker-1/INFO]: Preparing spawn area: 0%
[20:37:57] [Server-Worker-1/INFO]: Preparing spawn area: 0%
[20:37:57] [Server-Worker-1/INFO]: Preparing spawn area: 0%
[20:37:57] [Server-Worker-1/INFO]: Preparing spawn area: 0%
[20:37:57] [Server-Worker-1/INFO]: Preparing spawn area: 0%
[20:37:57] [Server-Worker-1/INFO]: Preparing spawn area: 0%
[20:37:57] [Server-Worker-1/INFO]: Preparing spawn area: 0%
[20:37:57] [Server-Worker-1/INFO]: Preparing spawn area: 0%
[20:37:57] [Server-Worker-1/INFO]: Preparing spawn area: 0%
[20:37:57] [Server-Worker-1/INFO]: Preparing spawn area: 0%
[20:37:57] [Server-Worker-1/INFO]: Preparing spawn area: 0%
[20:37:57] [Server-Worker-1/INFO]: Preparing spawn area: 0%
[20:37:57] [Server-Worker-1/INFO]: Preparing spawn area: 0%
[20:37:57] [Server-Worker-1/INFO]: Preparing spawn area: 0%
[20:37:57] [Server-Worker-1/INFO]: Preparing spawn area: 0%
[20:37:57] [Server-Worker-1/INFO]: Preparing spawn area: 0%
[20:37:57] [Server-Worker-1/INFO]: Preparing spawn area: 0%
[20:37:57] [Server-Worker-1/INFO]: Preparing spawn area: 0%
[20:37:57] [Server-Worker-1/INFO]: Preparing spawn area: 0%
[20:37:57] [Server-Worker-1/INFO]: Preparing spawn area: 0%
[20:37:57] [Server-Worker-1/INFO]: Preparing spawn area: 0%
[20:37:57] [Server-Worker-1/INFO]: Preparing spawn area: 0%
[20:37:57] [Server-Worker-1/INFO]: Preparing spawn area: 0%
[20:37:57] [Server-Worker-1/INFO]: Preparing spawn area: 0%
[20:37:57] [Server-Worker-1/INFO]: Preparing spawn area: 0%
[20:37:57] [Server-Worker-1/INFO]: Preparing spawn area: 0%
[20:37:58] [Server-Worker-1/INFO]: Preparing spawn area: 0%
[20:37:58] [Server-Worker-1/INFO]: Preparing spawn area: 0%
[20:37:58] [Server-Worker-1/INFO]: Preparing spawn area: 0%
[20:37:58] [Server-Worker-1/INFO]: Preparing spawn area: 0%
[20:37:58] [Server-Worker-1/INFO]: Preparing spawn area: 0%
[20:37:58] [Server-Worker-1/INFO]: Preparing spawn area: 0%
[20:37:58] [Server-Worker-1/INFO]: Preparing spawn area: 0%
[20:37:58] [Server-Worker-1/INFO]: Preparing spawn area: 0%
[20:37:58] [Server-Worker-1/INFO]: Preparing spawn area: 0%
[20:37:58] [Server-Worker-1/INFO]: Preparing spawn area: 0%
[20:37:58] [Server-Worker-1/INFO]: Preparing spawn area: 0%
[20:37:58] [Server-Worker-1/INFO]: Preparing spawn area: 0%
[20:37:58] [Server-Worker-1/INFO]: Preparing spawn area: 0%
[20:37:58] [Server-Worker-1/INFO]: Preparing spawn area: 0%
[20:37:58] [Server-Worker-1/INFO]: Preparing spawn area: 0%
[20:37:58] [Server-Worker-1/INFO]: Preparing spawn area: 0%
[20:37:58] [Server-Worker-1/INFO]: Preparing spawn area: 0%
[20:37:58] [Server-Worker-1/INFO]: Preparing spawn area: 0%
[20:37:58] [Server-Worker-1/INFO]: Preparing spawn area: 0%
[20:37:58] [Server-Worker-1/INFO]: Preparing spawn area: 0%
[20:37:58] [Server-Worker-1/INFO]: Preparing spawn area: 0%
[20:37:58] [Server-Worker-1/INFO]: Preparing spawn area: 0%
[20:37:58] [Server-Worker-1/INFO]: Preparing spawn area: 0%
[20:37:58] [Server-Worker-1/INFO]: Preparing spawn area: 0%
[20:37:58] [Server-Worker-1/INFO]: Preparing spawn area: 0%
[20:37:58] [Server-Worker-1/INFO]: Preparing spawn area: 0%
[20:37:58] [Server-Worker-1/INFO]: Preparing spawn area: 0%
[20:37:58] [Server-Worker-1/INFO]: Preparing spawn area: 0%
[20:37:58] [Server-Worker-1/INFO]: Preparing spawn area: 0%
[20:37:58] [Server-Worker-1/INFO]: Preparing spawn area: 0%
[20:37:58] [Server-Worker-1/INFO]: Preparing spawn area: 0%
[20:37:58] [Server-Worker-1/INFO]: Preparing spawn area: 0%
[20:37:58] [Server-Worker-1/INFO]: Preparing spawn area: 0%
[20:37:58] [Server thread/INFO]: Preparing spawn area: 0%
[20:37:59] [Server thread/INFO]: Preparing spawn area: 51%
[20:37:59] [Server thread/INFO]: Time elapsed: 38032 ms
[20:37:59] [Server thread/INFO]: Done (51.687s)! For help, type "help"
[20:37:59] [Server thread/INFO]: Starting remote control listener
[20:37:59] [RCON Listener #1/INFO]: RCON running on 0.0.0.0:22140
[21:22:41] [Server thread/INFO]: ChengXi123[/127.0.0.1:40823] logged in with entity id 139 at (102.6475856248982, 114.7125, 183.5)
[21:22:41] [Server thread/INFO]: ChengXi123 joined the game
[21:25:43] [Server thread/INFO]: ChengXi123 was slain by Zombie
[21:27:15] [Server thread/INFO]: ChengXi123 fell from a high place
[21:36:52] [Server thread/INFO]: ChengXi123 lost connection: Disconnected
[21:36:52] [Server thread/INFO]: ChengXi123 left the game
[22:19:38] [Server thread/WARN]: Can't keep up! Is the server overloaded? Running 7619ms or 152 ticks behind
[22:20:00] [Server thread/WARN]: Can't keep up! Is the server overloaded? Running 25070ms or 501 ticks behind
[22:23:37] [Server thread/WARN]: Can't keep up! Is the server overloaded? Running 5565ms or 111 ticks behind
[22:25:02] [Server thread/WARN]: Can't keep up! Is the server overloaded? Running 2035ms or 40 ticks behind
[22:28:38] [Server thread/WARN]: Can't keep up! Is the server overloaded? Running 83610ms or 1672 ticks behind
[22:28:38] [Server Watchdog/FATAL]: A single server tick took 83.60 seconds (should be max 0.05)
[22:28:38] [Server Watchdog/FATAL]: Considering it to be crashed, server will forcibly shutdown.
[22:29:10] [Server Watchdog/ERROR]: This crash report has been saved to: /home/admin/mcsmanager/server/server_core/skimit_survival/./crash-reports/crash-2020-03-21_22.28.59-server.txt
