[00:03:57] [Server thread/INFO]: commandPlayer: true, [永久更改?]
[00:03:57] [Server thread/INFO]: 规则“玩家控制 (commandPlayer)”将会被默认设置为true
[00:13:57] [Server thread/INFO]: commandPlayer: true, [永久更改?]
[00:13:57] [Server thread/INFO]: 规则“玩家控制 (commandPlayer)”将会被默认设置为true
[00:23:58] [Server thread/INFO]: commandPlayer: true, [永久更改?]
[00:23:58] [Server thread/INFO]: 规则“玩家控制 (commandPlayer)”将会被默认设置为true
[00:33:55] [Server thread/INFO]: commandPlayer: true, [永久更改?]
[00:33:55] [Server thread/INFO]: 规则“玩家控制 (commandPlayer)”将会被默认设置为true
[00:43:56] [Server thread/INFO]: commandPlayer: true, [永久更改?]
[00:43:56] [Server thread/INFO]: 规则“玩家控制 (commandPlayer)”将会被默认设置为true
[00:53:05] [Server thread/INFO]: Player shuijiao is already logged on
[00:53:57] [Server thread/INFO]: commandPlayer: true, [永久更改?]
[00:53:57] [Server thread/INFO]: 规则“玩家控制 (commandPlayer)”将会被默认设置为true
[01:03:57] [Server thread/INFO]: commandPlayer: true, [永久更改?]
[01:03:57] [Server thread/INFO]: 规则“玩家控制 (commandPlayer)”将会被默认设置为true
[01:13:58] [Server thread/INFO]: commandPlayer: true, [永久更改?]
[01:13:58] [Server thread/INFO]: 规则“玩家控制 (commandPlayer)”将会被默认设置为true
[01:23:58] [Server thread/INFO]: commandPlayer: true, [永久更改?]
[01:23:58] [Server thread/INFO]: 规则“玩家控制 (commandPlayer)”将会被默认设置为true
[01:33:56] [Server thread/INFO]: commandPlayer: true, [永久更改?]
[01:33:56] [Server thread/INFO]: 规则“玩家控制 (commandPlayer)”将会被默认设置为true
[01:43:56] [Server thread/INFO]: commandPlayer: true, [永久更改?]
[01:43:56] [Server thread/INFO]: 规则“玩家控制 (commandPlayer)”将会被默认设置为true
[01:53:06] [Server thread/INFO]: Player shuijiao is already logged on
[01:53:57] [Server thread/INFO]: commandPlayer: true, [永久更改?]
[01:53:57] [Server thread/INFO]: 规则“玩家控制 (commandPlayer)”将会被默认设置为true
[02:03:57] [Server thread/INFO]: commandPlayer: true, [永久更改?]
[02:03:57] [Server thread/INFO]: 规则“玩家控制 (commandPlayer)”将会被默认设置为true
[02:13:58] [Server thread/INFO]: commandPlayer: true, [永久更改?]
[02:13:58] [Server thread/INFO]: 规则“玩家控制 (commandPlayer)”将会被默认设置为true
[02:23:55] [Server thread/INFO]: commandPlayer: true, [永久更改?]
[02:23:55] [Server thread/INFO]: 规则“玩家控制 (commandPlayer)”将会被默认设置为true
[02:33:56] [Server thread/INFO]: commandPlayer: true, [永久更改?]
[02:33:56] [Server thread/INFO]: 规则“玩家控制 (commandPlayer)”将会被默认设置为true
[02:43:56] [Server thread/INFO]: commandPlayer: true, [永久更改?]
[02:43:56] [Server thread/INFO]: 规则“玩家控制 (commandPlayer)”将会被默认设置为true
[02:53:06] [Server thread/INFO]: Player shuijiao is already logged on
[02:53:57] [Server thread/INFO]: commandPlayer: true, [永久更改?]
[02:53:57] [Server thread/INFO]: 规则“玩家控制 (commandPlayer)”将会被默认设置为true
[03:03:58] [Server thread/INFO]: commandPlayer: true, [永久更改?]
[03:03:58] [Server thread/INFO]: 规则“玩家控制 (commandPlayer)”将会被默认设置为true
[03:13:55] [Server thread/INFO]: commandPlayer: true, [永久更改?]
[03:13:55] [Server thread/INFO]: 规则“玩家控制 (commandPlayer)”将会被默认设置为true
[03:23:56] [Server thread/INFO]: commandPlayer: true, [永久更改?]
[03:23:56] [Server thread/INFO]: 规则“玩家控制 (commandPlayer)”将会被默认设置为true
[03:33:56] [Server thread/INFO]: commandPlayer: true, [永久更改?]
[03:33:56] [Server thread/INFO]: 规则“玩家控制 (commandPlayer)”将会被默认设置为true
[03:43:57] [Server thread/INFO]: commandPlayer: true, [永久更改?]
[03:43:57] [Server thread/INFO]: 规则“玩家控制 (commandPlayer)”将会被默认设置为true
[03:53:06] [Server thread/INFO]: Player shuijiao is already logged on
[03:53:58] [Server thread/INFO]: commandPlayer: true, [永久更改?]
[03:53:58] [Server thread/INFO]: 规则“玩家控制 (commandPlayer)”将会被默认设置为true
[04:03:55] [Server thread/INFO]: commandPlayer: true, [永久更改?]
[04:03:55] [Server thread/INFO]: 规则“玩家控制 (commandPlayer)”将会被默认设置为true
[04:13:56] [Server thread/INFO]: commandPlayer: true, [永久更改?]
[04:13:56] [Server thread/INFO]: 规则“玩家控制 (commandPlayer)”将会被默认设置为true
[04:23:56] [Server thread/INFO]: commandPlayer: true, [永久更改?]
[04:23:56] [Server thread/INFO]: 规则“玩家控制 (commandPlayer)”将会被默认设置为true
[04:33:57] [Server thread/INFO]: commandPlayer: true, [永久更改?]
[04:33:57] [Server thread/INFO]: 规则“玩家控制 (commandPlayer)”将会被默认设置为true
[04:43:57] [Server thread/INFO]: commandPlayer: true, [永久更改?]
[04:43:57] [Server thread/INFO]: 规则“玩家控制 (commandPlayer)”将会被默认设置为true
[04:53:04] [Server thread/INFO]: Player shuijiao is already logged on
[04:53:55] [Server thread/INFO]: commandPlayer: true, [永久更改?]
[04:53:55] [Server thread/INFO]: 规则“玩家控制 (commandPlayer)”将会被默认设置为true
[05:03:55] [Server thread/INFO]: commandPlayer: true, [永久更改?]
[05:03:55] [Server thread/INFO]: 规则“玩家控制 (commandPlayer)”将会被默认设置为true
[05:13:56] [Server thread/INFO]: commandPlayer: true, [永久更改?]
[05:13:56] [Server thread/INFO]: 规则“玩家控制 (commandPlayer)”将会被默认设置为true
[05:23:57] [Server thread/INFO]: commandPlayer: true, [永久更改?]
[05:23:57] [Server thread/INFO]: 规则“玩家控制 (commandPlayer)”将会被默认设置为true
[05:33:57] [Server thread/INFO]: commandPlayer: true, [永久更改?]
[05:33:57] [Server thread/INFO]: 规则“玩家控制 (commandPlayer)”将会被默认设置为true
[05:43:57] [Server thread/INFO]: commandPlayer: true, [永久更改?]
[05:43:58] [Server thread/INFO]: 规则“玩家控制 (commandPlayer)”将会被默认设置为true
[05:53:04] [Server thread/INFO]: Player shuijiao is already logged on
[05:53:55] [Server thread/INFO]: commandPlayer: true, [永久更改?]
[05:53:55] [Server thread/INFO]: 规则“玩家控制 (commandPlayer)”将会被默认设置为true
[06:03:56] [Server thread/INFO]: commandPlayer: true, [永久更改?]
[06:03:56] [Server thread/INFO]: 规则“玩家控制 (commandPlayer)”将会被默认设置为true
[06:13:56] [Server thread/INFO]: commandPlayer: true, [永久更改?]
[06:13:56] [Server thread/INFO]: 规则“玩家控制 (commandPlayer)”将会被默认设置为true
[06:23:57] [Server thread/INFO]: commandPlayer: true, [永久更改?]
[06:23:57] [Server thread/INFO]: 规则“玩家控制 (commandPlayer)”将会被默认设置为true
[06:26:00] [Server thread/WARN]: Fetching packet for removed entity class_1542['Air'/5622252, l='ServerLevel[world]', x=-86.92, y=7.00, z=282.67]
[06:33:54] [Server thread/INFO]: commandPlayer: true, [永久更改?]
[06:33:54] [Server thread/INFO]: 规则“玩家控制 (commandPlayer)”将会被默认设置为true
[06:43:55] [Server thread/INFO]: commandPlayer: true, [永久更改?]
[06:43:55] [Server thread/INFO]: 规则“玩家控制 (commandPlayer)”将会被默认设置为true
[06:53:04] [Server thread/INFO]: Player shuijiao is already logged on
[06:53:56] [Server thread/INFO]: commandPlayer: true, [永久更改?]
[06:53:56] [Server thread/INFO]: 规则“玩家控制 (commandPlayer)”将会被默认设置为true
[07:03:56] [Server thread/INFO]: commandPlayer: true, [永久更改?]
[07:03:56] [Server thread/INFO]: 规则“玩家控制 (commandPlayer)”将会被默认设置为true
[07:13:57] [Server thread/INFO]: commandPlayer: true, [永久更改?]
[07:13:57] [Server thread/INFO]: 规则“玩家控制 (commandPlayer)”将会被默认设置为true
[07:23:57] [Server thread/INFO]: commandPlayer: true, [永久更改?]
[07:23:57] [Server thread/INFO]: 规则“玩家控制 (commandPlayer)”将会被默认设置为true
[07:33:55] [Server thread/INFO]: commandPlayer: true, [永久更改?]
[07:33:55] [Server thread/INFO]: 规则“玩家控制 (commandPlayer)”将会被默认设置为true
[07:43:55] [Server thread/INFO]: commandPlayer: true, [永久更改?]
[07:43:55] [Server thread/INFO]: 规则“玩家控制 (commandPlayer)”将会被默认设置为true
[07:53:04] [Server thread/INFO]: Player shuijiao is already logged on
[07:53:56] [Server thread/INFO]: commandPlayer: true, [永久更改?]
[07:53:56] [Server thread/INFO]: 规则“玩家控制 (commandPlayer)”将会被默认设置为true
[08:03:57] [Server thread/INFO]: commandPlayer: true, [永久更改?]
[08:03:57] [Server thread/INFO]: 规则“玩家控制 (commandPlayer)”将会被默认设置为true
[08:13:54] [Server thread/INFO]: commandPlayer: true, [永久更改?]
[08:13:54] [Server thread/INFO]: 规则“玩家控制 (commandPlayer)”将会被默认设置为true
[08:23:58] [Server thread/INFO]: commandPlayer: true, [永久更改?]
[08:23:58] [Server thread/INFO]: 规则“玩家控制 (commandPlayer)”将会被默认设置为true
[08:33:56] [Server thread/INFO]: commandPlayer: true, [永久更改?]
[08:33:56] [Server thread/INFO]: 规则“玩家控制 (commandPlayer)”将会被默认设置为true
[08:43:55] [Server thread/INFO]: commandPlayer: true, [永久更改?]
[08:43:55] [Server thread/INFO]: 规则“玩家控制 (commandPlayer)”将会被默认设置为true
[08:53:05] [Server thread/INFO]: Player shuijiao is already logged on
[08:53:56] [Server thread/INFO]: commandPlayer: true, [永久更改?]
[08:53:56] [Server thread/INFO]: 规则“玩家控制 (commandPlayer)”将会被默认设置为true
[09:03:56] [Server thread/INFO]: commandPlayer: true, [永久更改?]
[09:03:56] [Server thread/INFO]: 规则“玩家控制 (commandPlayer)”将会被默认设置为true
[09:13:57] [Server thread/INFO]: commandPlayer: true, [永久更改?]
[09:13:57] [Server thread/INFO]: 规则“玩家控制 (commandPlayer)”将会被默认设置为true
[09:23:54] [Server thread/INFO]: commandPlayer: true, [永久更改?]
[09:23:55] [Server thread/INFO]: 规则“玩家控制 (commandPlayer)”将会被默认设置为true
[09:33:56] [Server thread/INFO]: commandPlayer: true, [永久更改?]
[09:33:56] [Server thread/INFO]: 规则“玩家控制 (commandPlayer)”将会被默认设置为true
[09:43:55] [Server thread/INFO]: commandPlayer: true, [永久更改?]
[09:43:55] [Server thread/INFO]: 规则“玩家控制 (commandPlayer)”将会被默认设置为true
[09:53:05] [Server thread/INFO]: Player shuijiao is already logged on
[09:53:57] [Server thread/INFO]: commandPlayer: true, [永久更改?]
[09:53:57] [Server thread/INFO]: 规则“玩家控制 (commandPlayer)”将会被默认设置为true
[10:00:40] [Server thread/INFO]: Plants352039[/172.18.0.1:54954] logged in with entity id 5629242 at (-1165.27516738533, 63.0, -95.43462053169358)
[10:00:40] [Server thread/INFO]: Plants352039 joined the game
[10:00:40] [Netty Epoll Server IO #6/WARN]: Received invalid identifier in minecraft:register: legacy:fml|hs (Non [a-z0-9/._-] character in path of location: legacy:fml|hs)
[10:01:10] [Server thread/INFO]: Plants352039 was shot by Skeleton
[10:01:17] [Server thread/FATAL]: Error executing task on Server
java.lang.NullPointerException: null
	at net.minecraft.class_3204.method_14051(class_3204.java:202) ~[intermediary-server.jar:?]
	at net.minecraft.class_3898.method_18713(class_3898.java:2734) ~[intermediary-server.jar:?]
	at net.minecraft.class_3215.method_14096(class_3215.java:467) ~[intermediary-server.jar:?]
	at net.minecraft.class_3244.method_12063(class_3244.java:931) ~[intermediary-server.jar:?]
	at net.minecraft.class_2828.method_12272(class_2828.java:122) ~[intermediary-server.jar:?]
	at net.minecraft.class_2828$class_2829.method_11054(class_2828.java:56) ~[intermediary-server.jar:?]
	at net.minecraft.class_2600.method_11072(class_2600.java:21) ~[intermediary-server.jar:?]
	at net.minecraft.class_3738.run(class_3738.java:18) ~[intermediary-server.jar:?]
	at net.minecraft.class_1255.method_18859(class_1255.java:144) ~[intermediary-server.jar:?]
	at net.minecraft.class_4093.method_18859(class_4093.java:23) ~[intermediary-server.jar:?]
	at net.minecraft.server.MinecraftServer.method_24306(MinecraftServer.java:761) ~[intermediary-server.jar:?]
	at net.minecraft.server.MinecraftServer.method_18859(MinecraftServer.java:155) ~[intermediary-server.jar:?]
	at net.minecraft.class_1255.method_16075(class_1255.java:118) ~[intermediary-server.jar:?]
	at net.minecraft.server.MinecraftServer.method_20415(MinecraftServer.java:743) ~[intermediary-server.jar:?]
	at net.minecraft.server.MinecraftServer.method_16075(MinecraftServer.java:737) ~[intermediary-server.jar:?]
	at net.minecraft.class_1255.method_5383(class_1255.java:103) ~[intermediary-server.jar:?]
	at net.minecraft.server.MinecraftServer.method_16208(MinecraftServer.java:721) ~[intermediary-server.jar:?]
	at net.minecraft.server.MinecraftServer.handler$zlp000$modifiedRunLoop(MinecraftServer.java:5319) ~[intermediary-server.jar:?]
	at net.minecraft.server.MinecraftServer.method_29741(MinecraftServer.java:651) ~[intermediary-server.jar:?]
	at net.minecraft.server.MinecraftServer.method_29739(MinecraftServer.java:257) ~[intermediary-server.jar:?]
	at java.lang.Thread.run(Thread.java:748) [?:1.8.0_275]
[10:02:20] [Server thread/INFO]: Plants352039 lost connection: Disconnected
[10:02:20] [Server thread/INFO]: Plants352039 left the game
[10:02:31] [Server thread/INFO]: Plants352039[/172.18.0.1:55072] logged in with entity id 5629985 at (-1141.528049675998, 70.5625, -168.5669003299093)
[10:02:31] [Server thread/INFO]: Plants352039 joined the game
[10:02:31] [Netty Epoll Server IO #1/WARN]: Received invalid identifier in minecraft:register: legacy:fml|hs (Non [a-z0-9/._-] character in path of location: legacy:fml|hs)
[10:03:42] [Server thread/INFO]: Plants352039 was blown up by Creeper
[10:03:43] [Server thread/FATAL]: Error executing task on Server
java.lang.NullPointerException: null
	at net.minecraft.class_3204.method_14051(class_3204.java:202) ~[intermediary-server.jar:?]
	at net.minecraft.class_3898.method_18713(class_3898.java:2734) ~[intermediary-server.jar:?]
	at net.minecraft.class_3215.method_14096(class_3215.java:467) ~[intermediary-server.jar:?]
	at net.minecraft.class_3244.method_12063(class_3244.java:931) ~[intermediary-server.jar:?]
	at net.minecraft.class_2828.method_12272(class_2828.java:122) ~[intermediary-server.jar:?]
	at net.minecraft.class_2828$class_2829.method_11054(class_2828.java:56) ~[intermediary-server.jar:?]
	at net.minecraft.class_2600.method_11072(class_2600.java:21) ~[intermediary-server.jar:?]
	at net.minecraft.class_3738.run(class_3738.java:18) ~[intermediary-server.jar:?]
	at net.minecraft.class_1255.method_18859(class_1255.java:144) ~[intermediary-server.jar:?]
	at net.minecraft.class_4093.method_18859(class_4093.java:23) ~[intermediary-server.jar:?]
	at net.minecraft.server.MinecraftServer.method_24306(MinecraftServer.java:761) ~[intermediary-server.jar:?]
	at net.minecraft.server.MinecraftServer.method_18859(MinecraftServer.java:155) ~[intermediary-server.jar:?]
	at net.minecraft.class_1255.method_16075(class_1255.java:118) ~[intermediary-server.jar:?]
	at net.minecraft.server.MinecraftServer.method_20415(MinecraftServer.java:743) ~[intermediary-server.jar:?]
	at net.minecraft.server.MinecraftServer.method_16075(MinecraftServer.java:737) ~[intermediary-server.jar:?]
	at net.minecraft.class_1255.method_18857(class_1255.java:127) ~[intermediary-server.jar:?]
	at net.minecraft.server.MinecraftServer.method_16208(MinecraftServer.java:722) ~[intermediary-server.jar:?]
	at net.minecraft.server.MinecraftServer.handler$zlp000$modifiedRunLoop(MinecraftServer.java:5319) ~[intermediary-server.jar:?]
	at net.minecraft.server.MinecraftServer.method_29741(MinecraftServer.java:651) ~[intermediary-server.jar:?]
	at net.minecraft.server.MinecraftServer.method_29739(MinecraftServer.java:257) ~[intermediary-server.jar:?]
	at java.lang.Thread.run(Thread.java:748) [?:1.8.0_275]
[10:03:43] [Server thread/FATAL]: Error executing task on Server
java.lang.NullPointerException: null
	at net.minecraft.class_3204.method_14051(class_3204.java:202) ~[intermediary-server.jar:?]
	at net.minecraft.class_3898.method_18713(class_3898.java:2734) ~[intermediary-server.jar:?]
	at net.minecraft.class_3215.method_14096(class_3215.java:467) ~[intermediary-server.jar:?]
	at net.minecraft.class_3244.method_12063(class_3244.java:931) ~[intermediary-server.jar:?]
	at net.minecraft.class_2828.method_12272(class_2828.java:122) ~[intermediary-server.jar:?]
	at net.minecraft.class_2828$class_2829.method_11054(class_2828.java:56) ~[intermediary-server.jar:?]
	at net.minecraft.class_2600.method_11072(class_2600.java:21) ~[intermediary-server.jar:?]
	at net.minecraft.class_3738.run(class_3738.java:18) ~[intermediary-server.jar:?]
	at net.minecraft.class_1255.method_18859(class_1255.java:144) ~[intermediary-server.jar:?]
	at net.minecraft.class_4093.method_18859(class_4093.java:23) ~[intermediary-server.jar:?]
	at net.minecraft.server.MinecraftServer.method_24306(MinecraftServer.java:761) ~[intermediary-server.jar:?]
	at net.minecraft.server.MinecraftServer.method_18859(MinecraftServer.java:155) ~[intermediary-server.jar:?]
	at net.minecraft.class_1255.method_16075(class_1255.java:118) ~[intermediary-server.jar:?]
	at net.minecraft.server.MinecraftServer.method_20415(MinecraftServer.java:743) ~[intermediary-server.jar:?]
	at net.minecraft.server.MinecraftServer.method_16075(MinecraftServer.java:737) ~[intermediary-server.jar:?]
	at net.minecraft.class_1255.method_18857(class_1255.java:127) ~[intermediary-server.jar:?]
	at net.minecraft.server.MinecraftServer.method_16208(MinecraftServer.java:722) ~[intermediary-server.jar:?]
	at net.minecraft.server.MinecraftServer.handler$zlp000$modifiedRunLoop(MinecraftServer.java:5319) ~[intermediary-server.jar:?]
	at net.minecraft.server.MinecraftServer.method_29741(MinecraftServer.java:651) ~[intermediary-server.jar:?]
	at net.minecraft.server.MinecraftServer.method_29739(MinecraftServer.java:257) ~[intermediary-server.jar:?]
	at java.lang.Thread.run(Thread.java:748) [?:1.8.0_275]
[10:03:54] [Server thread/INFO]: commandPlayer: true, [永久更改?]
[10:03:54] [Server thread/INFO]: 规则“玩家控制 (commandPlayer)”将会被默认设置为true
[10:06:46] [Server thread/WARN]: Can't keep up! Is the server overloaded? Running 2175ms or 43 ticks behind
[10:11:48] [Server thread/WARN]: Can't keep up! Is the server overloaded? Running 2208ms or 44 ticks behind
[10:13:54] [Server thread/INFO]: commandPlayer: true, [永久更改?]
[10:13:54] [Server thread/INFO]: 规则“玩家控制 (commandPlayer)”将会被默认设置为true
[10:16:50] [Server thread/WARN]: Can't keep up! Is the server overloaded? Running 2193ms or 43 ticks behind
[10:19:38] [Server thread/WARN]: Can't keep up! Is the server overloaded? Running 2106ms or 42 ticks behind
[10:21:54] [Server thread/WARN]: Can't keep up! Is the server overloaded? Running 2488ms or 49 ticks behind
[10:23:55] [Server thread/INFO]: commandPlayer: true, [永久更改?]
[10:23:55] [Server thread/INFO]: 规则“玩家控制 (commandPlayer)”将会被默认设置为true
[10:26:58] [Server thread/WARN]: Can't keep up! Is the server overloaded? Running 2245ms or 44 ticks behind
[10:31:17] [Server thread/WARN]: Can't keep up! Is the server overloaded? Running 2535ms or 50 ticks behind
[10:32:01] [Server thread/WARN]: Can't keep up! Is the server overloaded? Running 2096ms or 41 ticks behind
[10:33:55] [Server thread/INFO]: commandPlayer: true, [永久更改?]
[10:33:55] [Server thread/INFO]: 规则“玩家控制 (commandPlayer)”将会被默认设置为true
[10:37:02] [Server thread/WARN]: Can't keep up! Is the server overloaded? Running 2226ms or 44 ticks behind
[10:42:04] [Server thread/WARN]: Can't keep up! Is the server overloaded? Running 2335ms or 46 ticks behind
[10:43:56] [Server thread/INFO]: commandPlayer: true, [永久更改?]
[10:43:56] [Server thread/INFO]: 规则“玩家控制 (commandPlayer)”将会被默认设置为true
[10:47:06] [Server thread/WARN]: Can't keep up! Is the server overloaded? Running 2143ms or 42 ticks behind
[10:50:02] [Server thread/WARN]: Can't keep up! Is the server overloaded? Running 2124ms or 42 ticks behind
[10:52:12] [Server thread/WARN]: Can't keep up! Is the server overloaded? Running 2239ms or 44 ticks behind
[10:53:05] [Server thread/INFO]: Player shuijiao is already logged on
[10:53:57] [Server thread/INFO]: commandPlayer: true, [永久更改?]
[10:53:57] [Server thread/INFO]: 规则“玩家控制 (commandPlayer)”将会被默认设置为true
[10:54:52] [Server thread/WARN]: Mismatch in destroy block pos: class_2338{x=-1203, y=67, z=-103} class_2338{x=-1202, y=66, z=-102}
[10:57:15] [Server thread/WARN]: Can't keep up! Is the server overloaded? Running 2298ms or 45 ticks behind
[10:57:33] [Server thread/WARN]: Can't keep up! Is the server overloaded? Running 3072ms or 61 ticks behind
[10:58:47] [Server thread/WARN]: Mismatch in destroy block pos: class_2338{x=-1115, y=69, z=-187} class_2338{x=-1113, y=69, z=-189}
[10:58:47] [Server thread/WARN]: Mismatch in destroy block pos: class_2338{x=-1115, y=69, z=-187} class_2338{x=-1113, y=69, z=-189}
[10:58:47] [Server thread/WARN]: Mismatch in destroy block pos: class_2338{x=-1115, y=69, z=-187} class_2338{x=-1113, y=69, z=-189}
[11:02:18] [Server thread/WARN]: Can't keep up! Is the server overloaded? Running 2332ms or 46 ticks behind
[11:02:35] [Server thread/WARN]: Can't keep up! Is the server overloaded? Running 2039ms or 40 ticks behind
[11:03:54] [Server thread/INFO]: commandPlayer: true, [永久更改?]
[11:03:54] [Server thread/INFO]: 规则“玩家控制 (commandPlayer)”将会被默认设置为true
[11:07:22] [Server thread/WARN]: Can't keep up! Is the server overloaded? Running 2365ms or 47 ticks behind
[11:11:20] [Server thread/WARN]: Mismatch in destroy block pos: class_2338{x=-1180, y=66, z=-118} class_2338{x=-1179, y=66, z=-117}
[11:12:26] [Server thread/WARN]: Can't keep up! Is the server overloaded? Running 2193ms or 43 ticks behind
[11:13:45] [Server thread/INFO]: Plants352039 lost connection: Disconnected
[11:13:45] [Server thread/INFO]: Plants352039 left the game
[11:13:54] [Server thread/INFO]: commandPlayer: true, [永久更改?]
[11:13:54] [Server thread/INFO]: 规则“玩家控制 (commandPlayer)”将会被默认设置为true
[11:17:25] [Server thread/WARN]: Can't keep up! Is the server overloaded? Running 2220ms or 44 ticks behind
[11:23:55] [Server thread/INFO]: commandPlayer: true, [永久更改?]
[11:23:55] [Server thread/INFO]: 规则“玩家控制 (commandPlayer)”将会被默认设置为true
[11:33:56] [Server thread/INFO]: commandPlayer: true, [永久更改?]
[11:33:56] [Server thread/INFO]: 规则“玩家控制 (commandPlayer)”将会被默认设置为true
[11:43:56] [Server thread/INFO]: commandPlayer: true, [永久更改?]
[11:43:56] [Server thread/INFO]: 规则“玩家控制 (commandPlayer)”将会被默认设置为true
[11:53:03] [Server thread/INFO]: Player shuijiao is already logged on
[11:53:54] [Server thread/INFO]: commandPlayer: true, [永久更改?]
[11:53:54] [Server thread/INFO]: 规则“玩家控制 (commandPlayer)”将会被默认设置为true
[12:03:54] [Server thread/INFO]: commandPlayer: true, [永久更改?]
[12:03:54] [Server thread/INFO]: 规则“玩家控制 (commandPlayer)”将会被默认设置为true
[12:13:55] [Server thread/INFO]: commandPlayer: true, [永久更改?]
[12:13:55] [Server thread/INFO]: 规则“玩家控制 (commandPlayer)”将会被默认设置为true
[12:23:55] [Server thread/INFO]: commandPlayer: true, [永久更改?]
[12:23:55] [Server thread/INFO]: 规则“玩家控制 (commandPlayer)”将会被默认设置为true
[12:33:56] [Server thread/INFO]: commandPlayer: true, [永久更改?]
[12:33:56] [Server thread/INFO]: 规则“玩家控制 (commandPlayer)”将会被默认设置为true
[12:43:57] [Server thread/INFO]: commandPlayer: true, [永久更改?]
[12:43:57] [Server thread/INFO]: 规则“玩家控制 (commandPlayer)”将会被默认设置为true
[12:45:14] [Server thread/INFO]: qwq_xiaoqiang[/172.18.0.1:36278] logged in with entity id 5654598 at (-42.5, 64.0, 239.5)
[12:45:14] [Server thread/INFO]: qwq_xiaoqiang joined the game
[12:45:15] [Netty Epoll Server IO #2/WARN]: Received invalid identifier in minecraft:register: legacy:fml|hs (Non [a-z0-9/._-] character in path of location: legacy:fml|hs)
[12:46:09] [Server thread/INFO]: na2hco3_CN[/172.18.0.1:36332] logged in with entity id 5654641 at (-61.5, 122.0, 520.5)
[12:46:09] [Server thread/INFO]: na2hco3_CN joined the game
[12:46:09] [Netty Epoll Server IO #4/WARN]: Received invalid identifier in minecraft:register: legacy:fml|hs (Non [a-z0-9/._-] character in path of location: legacy:fml|hs)
[12:46:14] [Netty Epoll Server IO #4/WARN]: Player na2hco3_CN joined with another carpet version: 1.4.8+v200811
[12:47:23] [Server thread/INFO]: <na2hco3_CN> 我给你搜刮点新手装备
[12:47:29] [Server thread/WARN]: Can't keep up! Is the server overloaded? Running 2261ms or 45 ticks behind
[12:47:46] [Server thread/WARN]: Can't keep up! Is the server overloaded? Running 2234ms or 44 ticks behind
[12:48:03] [Server thread/INFO]: <qwq_xiaoqiang> ...
[12:48:25] [Server thread/INFO]: <qwq_xiaoqiang> 这个主城有点吓人
[12:48:42] [Server thread/INFO]: <na2hco3_CN> 出生点吧。。
[12:48:50] [Server thread/INFO]: <qwq_xiaoqiang> 对
[12:49:43] [Server thread/INFO]: na2hco3_CN lost connection: Timed out
[12:49:43] [Server thread/INFO]: na2hco3_CN left the game
[12:49:49] [Server thread/INFO]: na2hco3_CN[/172.18.0.1:36536] logged in with entity id 5655676 at (-43.513310838764966, 68.3901084492631, 260.0030339793014)
[12:49:49] [Server thread/INFO]: na2hco3_CN joined the game
[12:49:49] [Netty Epoll Server IO #0/WARN]: Received invalid identifier in minecraft:register: legacy:fml|hs (Non [a-z0-9/._-] character in path of location: legacy:fml|hs)
[12:50:01] [Server thread/WARN]: Can't keep up! Is the server overloaded? Running 2159ms or 43 ticks behind
[12:50:04] [Server thread/INFO]: na2hco3_CN lost connection: Timed out
[12:50:04] [Server thread/INFO]: na2hco3_CN left the game
[12:50:11] [Server thread/INFO]: na2hco3_CN[/172.18.0.1:36560] logged in with entity id 5655773 at (-43.513310838764966, 68.3901084492631, 260.0030339793014)
[12:50:11] [Server thread/INFO]: na2hco3_CN joined the game
[12:50:11] [Netty Epoll Server IO #2/WARN]: Received invalid identifier in minecraft:register: legacy:fml|hs (Non [a-z0-9/._-] character in path of location: legacy:fml|hs)
[12:50:12] [Netty Epoll Server IO #2/WARN]: Player na2hco3_CN joined with another carpet version: 1.4.8+v200811
[12:50:32] [Server thread/INFO]: <na2hco3_CN> zheli
[12:50:35] [Server thread/INFO]: qwq_xiaoqiang has reached the goal [Sky's the Limit]
[12:50:45] [Server thread/INFO]: <qwq_xiaoqiang> 阿里嘎多
[12:50:52] [Server thread/INFO]: <na2hco3_CN> 建议暂住我家
[12:51:18] [Server thread/INFO]: <na2hco3_CN> 你人呢
[12:51:21] [Server thread/INFO]: <qwq_xiaoqiang> 我自己来吧
[12:51:48] [Server thread/INFO]: qwq_xiaoqiang fell from a high place
[12:51:57] [Server thread/INFO]: <qwq_xiaoqiang> ...
[12:52:12] [Server thread/INFO]: <na2hco3_CN> 需要我收尸么
[12:52:20] [Server thread/INFO]: <qwq_xiaoqiang> 我捡回来了
[12:52:26] [Server thread/INFO]: <na2hco3_CN> oo
[12:53:02] [Server thread/WARN]: Can't keep up! Is the server overloaded? Running 2696ms or 53 ticks behind
[12:53:03] [Server thread/INFO]: Player shuijiao is already logged on
[12:53:39] [Server thread/INFO]: <qwq_xiaoqiang> 好卡
[12:53:54] [Server thread/INFO]: commandPlayer: true, [永久更改?]
[12:53:54] [Server thread/INFO]: 规则“玩家控制 (commandPlayer)”将会被默认设置为true
[12:54:00] [Server thread/INFO]: <qwq_xiaoqiang> 我是联通
[12:54:08] [Server thread/WARN]: Can't keep up! Is the server overloaded? Running 2028ms or 40 ticks behind
[12:54:37] [Server thread/WARN]: Can't keep up! Is the server overloaded? Running 2521ms or 50 ticks behind
[12:54:52] [Server thread/INFO]: qwq_xiaoqiang has made the advancement [Stone Age]
[12:55:45] [Server thread/INFO]: <na2hco3_CN> 缺吃的就去地狱
[12:55:53] [Server thread/INFO]: qwq_xiaoqiang has made the advancement [Getting an Upgrade]
[12:56:02] [Server thread/INFO]: <qwq_xiaoqiang> 了解
[12:56:03] [Server thread/INFO]: <na2hco3_CN> 有疣猪塔
[12:56:12] [Server thread/INFO]: <na2hco3_CN> 一箱子熟猪肉
[12:57:40] [Server thread/WARN]: Can't keep up! Is the server overloaded? Running 2935ms or 58 ticks behind
[12:57:42] [Server thread/INFO]: <qwq_xiaoqiang> 好的
[12:58:03] [Server thread/WARN]: Can't keep up! Is the server overloaded? Running 7521ms or 150 ticks behind
[12:59:13] [Server thread/INFO]: <na2hco3_CN> 用的多的下届传送点我发群里了
[12:59:22] [Server thread/INFO]: <qwq_xiaoqiang> 看到了
[12:59:24] [Server thread/INFO]: <na2hco3_CN> 要的话我给你发了
[13:00:55] [Server thread/INFO]: na2hco3_CN lost connection: Disconnected
[13:00:55] [Server thread/INFO]: na2hco3_CN left the game
[13:01:33] [Server thread/INFO]: qwq_xiaoqiang has made the advancement [Monster Hunter]
[13:02:02] [Server thread/WARN]: Can't keep up! Is the server overloaded? Running 2319ms or 46 ticks behind
[13:02:37] [Server thread/INFO]: na2hco3_CN[/172.18.0.1:37254] logged in with entity id 5659539 at (-10.5, 129.0, 66.94392399632206)
[13:02:37] [Server thread/INFO]: na2hco3_CN joined the game
[13:02:38] [Netty Epoll Server IO #7/WARN]: Received invalid identifier in minecraft:register: legacy:fml|hs (Non [a-z0-9/._-] character in path of location: legacy:fml|hs)
[13:02:38] [Netty Epoll Server IO #7/WARN]: Player na2hco3_CN joined with another carpet version: 1.4.8+v200811
[13:02:47] [Server thread/WARN]: Can't keep up! Is the server overloaded? Running 2575ms or 51 ticks behind
[13:03:01] [Server thread/INFO]: <na2hco3_CN> [name:烈焰人, x:292, y:58, z:-202, dim:minecraft:the_nether]
[13:03:09] [Server thread/INFO]: <na2hco3_CN> [name:猪人塔, x:473, y:256, z:-271, dim:minecraft:the_nether]
[13:03:19] [Server thread/WARN]: Can't keep up! Is the server overloaded? Running 16713ms or 334 ticks behind
[13:03:22] [Server thread/INFO]: <na2hco3_CN> [name:刷怪塔传送门, x:-72, y:129, z:144, dim:minecraft:the_nether]
[13:03:37] [Server thread/INFO]: <na2hco3_CN> [name:鱼塔地狱部分, x:483, y:129, z:222, dim:minecraft:the_nether]
[13:03:41] [Server thread/WARN]: Can't keep up! Is the server overloaded? Running 2456ms or 49 ticks behind
[13:03:46] [Server thread/INFO]: <na2hco3_CN> [name:基岩层破洞, x:-57, y:128, z:70, dim:minecraft:the_nether]
[13:03:54] [Server thread/INFO]: commandPlayer: true, [永久更改?]
[13:03:54] [Server thread/INFO]: 规则“玩家控制 (commandPlayer)”将会被默认设置为true
[13:04:00] [Server thread/INFO]: <na2hco3_CN> o了
[13:04:08] [Server thread/INFO]: <na2hco3_CN> 我先下了
[13:04:09] [Server thread/INFO]: na2hco3_CN lost connection: Disconnected
[13:04:09] [Server thread/INFO]: na2hco3_CN left the game
[13:04:09] [Server thread/INFO]: <qwq_xiaoqiang> 好滴
[13:04:23] [Server thread/WARN]: Can't keep up! Is the server overloaded? Running 2111ms or 42 ticks behind
[13:05:39] [Server thread/WARN]: Fetching packet for removed entity class_1542['Air'/5660785, l='ServerLevel[world]', x=241.74, y=68.00, z=771.85]
[13:05:48] [Server thread/INFO]: qwq_xiaoqiang was shot by Skeleton
[13:06:48] [Server thread/WARN]: Can't keep up! Is the server overloaded? Running 2671ms or 53 ticks behind
[13:07:19] [Server thread/WARN]: Can't keep up! Is the server overloaded? Running 2157ms or 43 ticks behind
[13:07:29] [Server thread/INFO]: qwq_xiaoqiang hit the ground too hard
[13:08:25] [Server thread/WARN]: Can't keep up! Is the server overloaded? Running 2046ms or 40 ticks behind
[13:08:46] [Server thread/WARN]: Can't keep up! Is the server overloaded? Running 6725ms or 134 ticks behind
[13:09:22] [Server thread/WARN]: Can't keep up! Is the server overloaded? Running 2322ms or 46 ticks behind
[13:11:39] [Server thread/INFO]: qwq_xiaoqiang lost connection: Disconnected
[13:11:39] [Server thread/INFO]: qwq_xiaoqiang left the game
[13:11:56] [Server thread/WARN]: Can't keep up! Is the server overloaded? Running 2127ms or 42 ticks behind
[13:13:54] [Server thread/INFO]: commandPlayer: true, [永久更改?]
[13:13:54] [Server thread/INFO]: 规则“玩家控制 (commandPlayer)”将会被默认设置为true
[13:21:52] [Server thread/WARN]: Can't keep up! Is the server overloaded? Running 2079ms or 41 ticks behind
[13:23:55] [Server thread/INFO]: commandPlayer: true, [永久更改?]
[13:23:55] [Server thread/INFO]: 规则“玩家控制 (commandPlayer)”将会被默认设置为true
[13:26:23] [Server thread/INFO]: na2hco3_CN[/172.18.0.1:38580] logged in with entity id 5663249 at (-13.388742465063668, 129.0, 67.17226235838025)
[13:26:23] [Server thread/INFO]: na2hco3_CN joined the game
[13:26:23] [Netty Epoll Server IO #0/WARN]: Received invalid identifier in minecraft:register: legacy:fml|hs (Non [a-z0-9/._-] character in path of location: legacy:fml|hs)
[13:26:23] [Netty Epoll Server IO #0/WARN]: Player na2hco3_CN joined with another carpet version: 1.4.8+v200811
[13:28:38] [Server thread/WARN]: Can't keep up! Is the server overloaded? Running 2412ms or 48 ticks behind
[13:33:40] [Server thread/WARN]: Can't keep up! Is the server overloaded? Running 2112ms or 42 ticks behind
[13:33:55] [Server thread/INFO]: commandPlayer: true, [永久更改?]
[13:33:55] [Server thread/INFO]: 规则“玩家控制 (commandPlayer)”将会被默认设置为true
[13:35:40] [Server thread/WARN]: Can't keep up! Is the server overloaded? Running 2268ms or 45 ticks behind
[13:36:30] [Server thread/INFO]: na2hco3_CN lost connection: Timed out
[13:36:30] [Server thread/INFO]: na2hco3_CN left the game
[13:43:55] [Server thread/INFO]: commandPlayer: true, [永久更改?]
[13:43:55] [Server thread/INFO]: 规则“玩家控制 (commandPlayer)”将会被默认设置为true
[13:53:05] [Server thread/INFO]: Player shuijiao is already logged on
[13:53:56] [Server thread/INFO]: commandPlayer: true, [永久更改?]
[13:53:56] [Server thread/INFO]: 规则“玩家控制 (commandPlayer)”将会被默认设置为true
[14:03:53] [Server thread/INFO]: commandPlayer: true, [永久更改?]
[14:03:53] [Server thread/INFO]: 规则“玩家控制 (commandPlayer)”将会被默认设置为true
[14:13:54] [Server thread/INFO]: commandPlayer: true, [永久更改?]
[14:13:54] [Server thread/INFO]: 规则“玩家控制 (commandPlayer)”将会被默认设置为true
[14:14:03] [Server thread/WARN]: Can't keep up! Is the server overloaded? Running 2001ms or 40 ticks behind
[14:23:54] [Server thread/INFO]: commandPlayer: true, [永久更改?]
[14:23:54] [Server thread/INFO]: 规则“玩家控制 (commandPlayer)”将会被默认设置为true
[14:33:55] [Server thread/INFO]: commandPlayer: true, [永久更改?]
[14:33:55] [Server thread/INFO]: 规则“玩家控制 (commandPlayer)”将会被默认设置为true
[14:43:52] [Server thread/INFO]: commandPlayer: true, [永久更改?]
[14:43:52] [Server thread/INFO]: 规则“玩家控制 (commandPlayer)”将会被默认设置为true
[14:53:02] [Server thread/INFO]: Player shuijiao is already logged on
[14:53:53] [Server thread/INFO]: commandPlayer: true, [永久更改?]
[14:53:53] [Server thread/INFO]: 规则“玩家控制 (commandPlayer)”将会被默认设置为true
[15:03:54] [Server thread/INFO]: commandPlayer: true, [永久更改?]
[15:03:54] [Server thread/INFO]: 规则“玩家控制 (commandPlayer)”将会被默认设置为true
[15:08:33] [Server thread/INFO]: na2hco3_CN[/172.18.0.1:44108] logged in with entity id 5668599 at (-115.37253344661802, 116.0, 522.0688738339677)
[15:08:33] [Server thread/INFO]: na2hco3_CN joined the game
[15:08:33] [Netty Epoll Server IO #4/WARN]: Received invalid identifier in minecraft:register: legacy:fml|hs (Non [a-z0-9/._-] character in path of location: legacy:fml|hs)
[15:08:36] [Netty Epoll Server IO #4/WARN]: Player na2hco3_CN joined with another carpet version: 1.4.8+v200811
[15:13:47] [Server thread/WARN]: Can't keep up! Is the server overloaded? Running 2451ms or 49 ticks behind
[15:13:54] [Server thread/INFO]: commandPlayer: true, [永久更改?]
[15:13:54] [Server thread/INFO]: 规则“玩家控制 (commandPlayer)”将会被默认设置为true
[15:15:24] [Server thread/INFO]: na2hco3_CN lost connection: Disconnected
[15:15:24] [Server thread/INFO]: na2hco3_CN left the game
[15:23:55] [Server thread/INFO]: commandPlayer: true, [永久更改?]
[15:23:55] [Server thread/INFO]: 规则“玩家控制 (commandPlayer)”将会被默认设置为true
[15:33:55] [Server thread/INFO]: commandPlayer: true, [永久更改?]
[15:33:55] [Server thread/INFO]: 规则“玩家控制 (commandPlayer)”将会被默认设置为true
[15:43:56] [Server thread/INFO]: commandPlayer: true, [永久更改?]
[15:43:56] [Server thread/INFO]: 规则“玩家控制 (commandPlayer)”将会被默认设置为true
[15:53:05] [Server thread/INFO]: Player shuijiao is already logged on
[15:53:56] [Server thread/INFO]: commandPlayer: true, [永久更改?]
[15:53:56] [Server thread/INFO]: 规则“玩家控制 (commandPlayer)”将会被默认设置为true
[16:03:54] [Server thread/INFO]: commandPlayer: true, [永久更改?]
[16:03:54] [Server thread/INFO]: 规则“玩家控制 (commandPlayer)”将会被默认设置为true
[16:13:54] [Server thread/INFO]: commandPlayer: true, [永久更改?]
[16:13:54] [Server thread/INFO]: 规则“玩家控制 (commandPlayer)”将会被默认设置为true
[16:23:55] [Server thread/INFO]: commandPlayer: true, [永久更改?]
[16:23:55] [Server thread/INFO]: 规则“玩家控制 (commandPlayer)”将会被默认设置为true
[16:33:52] [Server thread/INFO]: commandPlayer: true, [永久更改?]
[16:33:52] [Server thread/INFO]: 规则“玩家控制 (commandPlayer)”将会被默认设置为true
[16:43:53] [Server thread/INFO]: commandPlayer: true, [永久更改?]
[16:43:53] [Server thread/INFO]: 规则“玩家控制 (commandPlayer)”将会被默认设置为true
[16:53:02] [Server thread/INFO]: Player shuijiao is already logged on
[16:53:54] [Server thread/INFO]: commandPlayer: true, [永久更改?]
[16:53:54] [Server thread/INFO]: 规则“玩家控制 (commandPlayer)”将会被默认设置为true
[17:03:54] [Server thread/INFO]: commandPlayer: true, [永久更改?]
[17:03:54] [Server thread/INFO]: 规则“玩家控制 (commandPlayer)”将会被默认设置为true
[17:13:55] [Server thread/INFO]: commandPlayer: true, [永久更改?]
[17:13:55] [Server thread/INFO]: 规则“玩家控制 (commandPlayer)”将会被默认设置为true
[17:23:55] [Server thread/INFO]: commandPlayer: true, [永久更改?]
[17:23:55] [Server thread/INFO]: 规则“玩家控制 (commandPlayer)”将会被默认设置为true
[17:33:53] [Server thread/INFO]: commandPlayer: true, [永久更改?]
[17:33:53] [Server thread/INFO]: 规则“玩家控制 (commandPlayer)”将会被默认设置为true
[17:43:53] [Server thread/INFO]: commandPlayer: true, [永久更改?]
[17:43:53] [Server thread/INFO]: 规则“玩家控制 (commandPlayer)”将会被默认设置为true
[17:53:03] [Server thread/INFO]: Player shuijiao is already logged on
[17:53:21] [Server thread/WARN]: Can't keep up! Is the server overloaded? Running 2421ms or 48 ticks behind
[17:53:54] [Server thread/INFO]: commandPlayer: true, [永久更改?]
[17:53:54] [Server thread/INFO]: 规则“玩家控制 (commandPlayer)”将会被默认设置为true
[18:03:54] [Server thread/INFO]: commandPlayer: true, [永久更改?]
[18:03:54] [Server thread/INFO]: 规则“玩家控制 (commandPlayer)”将会被默认设置为true
[18:13:55] [Server thread/INFO]: commandPlayer: true, [永久更改?]
[18:13:55] [Server thread/INFO]: 规则“玩家控制 (commandPlayer)”将会被默认设置为true
[18:23:52] [Server thread/INFO]: commandPlayer: true, [永久更改?]
[18:23:52] [Server thread/INFO]: 规则“玩家控制 (commandPlayer)”将会被默认设置为true
[18:33:53] [Server thread/INFO]: commandPlayer: true, [永久更改?]
[18:33:53] [Server thread/INFO]: 规则“玩家控制 (commandPlayer)”将会被默认设置为true
[18:43:53] [Server thread/INFO]: commandPlayer: true, [永久更改?]
[18:43:53] [Server thread/INFO]: 规则“玩家控制 (commandPlayer)”将会被默认设置为true
[18:53:08] [Server thread/INFO]: Player shuijiao is already logged on
[18:54:00] [Server thread/INFO]: commandPlayer: true, [永久更改?]
[18:54:00] [Server thread/INFO]: 规则“玩家控制 (commandPlayer)”将会被默认设置为true
[19:03:54] [Server thread/INFO]: commandPlayer: true, [永久更改?]
[19:03:54] [Server thread/INFO]: 规则“玩家控制 (commandPlayer)”将会被默认设置为true
[19:13:55] [Server thread/INFO]: commandPlayer: true, [永久更改?]
[19:13:55] [Server thread/INFO]: 规则“玩家控制 (commandPlayer)”将会被默认设置为true
[19:23:58] [Server thread/INFO]: commandPlayer: true, [永久更改?]
[19:23:58] [Server thread/INFO]: 规则“玩家控制 (commandPlayer)”将会被默认设置为true
[19:33:53] [Server thread/INFO]: commandPlayer: true, [永久更改?]
[19:33:53] [Server thread/INFO]: 规则“玩家控制 (commandPlayer)”将会被默认设置为true
[19:43:54] [Server thread/INFO]: commandPlayer: true, [永久更改?]
[19:43:54] [Server thread/INFO]: 规则“玩家控制 (commandPlayer)”将会被默认设置为true
[19:53:08] [Server thread/INFO]: Player shuijiao is already logged on
[19:54:00] [Server thread/INFO]: commandPlayer: true, [永久更改?]
[19:54:00] [Server thread/INFO]: 规则“玩家控制 (commandPlayer)”将会被默认设置为true
[20:03:55] [Server thread/INFO]: commandPlayer: true, [永久更改?]
[20:03:55] [Server thread/INFO]: 规则“玩家控制 (commandPlayer)”将会被默认设置为true
[20:13:55] [Server thread/INFO]: commandPlayer: true, [永久更改?]
[20:13:55] [Server thread/INFO]: 规则“玩家控制 (commandPlayer)”将会被默认设置为true
[20:23:53] [Server thread/INFO]: commandPlayer: true, [永久更改?]
[20:23:53] [Server thread/INFO]: 规则“玩家控制 (commandPlayer)”将会被默认设置为true
[20:32:32] [Server thread/INFO]: Plants352039[/172.18.0.1:39944] logged in with entity id 5680836 at (-1179.6327285768475, 63.0, -80.33183455242988)
[20:32:32] [Server thread/INFO]: Plants352039 joined the game
[20:32:33] [Netty Epoll Server IO #6/WARN]: Received invalid identifier in minecraft:register: legacy:fml|hs (Non [a-z0-9/._-] character in path of location: legacy:fml|hs)
[20:33:53] [Server thread/INFO]: commandPlayer: true, [永久更改?]
[20:33:53] [Server thread/INFO]: 规则“玩家控制 (commandPlayer)”将会被默认设置为true
[20:38:53] [Server thread/WARN]: Can't keep up! Is the server overloaded? Running 2194ms or 43 ticks behind
[20:41:16] [Server thread/WARN]: Can't keep up! Is the server overloaded? Running 2223ms or 44 ticks behind
[20:43:54] [Server thread/INFO]: commandPlayer: true, [永久更改?]
[20:43:54] [Server thread/INFO]: 规则“玩家控制 (commandPlayer)”将会被默认设置为true
[20:43:55] [Server thread/WARN]: Can't keep up! Is the server overloaded? Running 2232ms or 44 ticks behind
[20:49:00] [Server thread/WARN]: Can't keep up! Is the server overloaded? Running 2367ms or 47 ticks behind
[20:53:03] [Server thread/INFO]: Player shuijiao is already logged on
[20:53:54] [Server thread/WARN]: Can't keep up! Is the server overloaded? Running 3148ms or 62 ticks behind
[20:53:54] [Server thread/INFO]: commandPlayer: true, [永久更改?]
[20:53:54] [Server thread/INFO]: 规则“玩家控制 (commandPlayer)”将会被默认设置为true
[20:54:42] [Server thread/WARN]: Can't keep up! Is the server overloaded? Running 3132ms or 62 ticks behind
[20:57:52] [Server thread/WARN]: Can't keep up! Is the server overloaded? Running 2624ms or 52 ticks behind
[20:59:09] [Server thread/WARN]: Can't keep up! Is the server overloaded? Running 2019ms or 40 ticks behind
[21:03:22] [Server thread/WARN]: Can't keep up! Is the server overloaded? Running 2300ms or 46 ticks behind
[21:03:55] [Server thread/INFO]: commandPlayer: true, [永久更改?]
[21:03:56] [Server thread/INFO]: 规则“玩家控制 (commandPlayer)”将会被默认设置为true
[21:04:14] [Server thread/WARN]: Can't keep up! Is the server overloaded? Running 2136ms or 42 ticks behind
[21:04:37] [Server thread/WARN]: Can't keep up! Is the server overloaded? Running 7493ms or 149 ticks behind
[21:05:09] [Server thread/WARN]: Can't keep up! Is the server overloaded? Running 3214ms or 64 ticks behind
[21:05:32] [Server thread/WARN]: Can't keep up! Is the server overloaded? Running 2349ms or 46 ticks behind
[21:06:03] [Server thread/INFO]: Plants352039 lost connection: Disconnected
[21:06:03] [Server thread/INFO]: Plants352039 left the game
[21:06:07] [Server thread/INFO]: Plants352039[/172.18.0.1:42022] logged in with entity id 5691243 at (106.20378455281433, 11.0, 4.689000639746372)
[21:06:07] [Server thread/INFO]: Plants352039 joined the game
[21:06:07] [Netty Epoll Server IO #1/WARN]: Received invalid identifier in minecraft:register: legacy:fml|hs (Non [a-z0-9/._-] character in path of location: legacy:fml|hs)
[21:06:12] [Server thread/WARN]: Can't keep up! Is the server overloaded? Running 3098ms or 61 ticks behind
[21:06:30] [Server thread/WARN]: Can't keep up! Is the server overloaded? Running 2282ms or 45 ticks behind
[21:09:34] [Server thread/WARN]: Can't keep up! Is the server overloaded? Running 2340ms or 46 ticks behind
[21:13:53] [Server thread/INFO]: commandPlayer: true, [永久更改?]
[21:13:53] [Server thread/INFO]: 规则“玩家控制 (commandPlayer)”将会被默认设置为true
[21:14:36] [Server thread/WARN]: Can't keep up! Is the server overloaded? Running 2431ms or 48 ticks behind
[21:16:19] [Server thread/WARN]: Can't keep up! Is the server overloaded? Running 2852ms or 57 ticks behind
[21:19:44] [Server thread/WARN]: Can't keep up! Is the server overloaded? Running 2228ms or 44 ticks behind
[21:23:43] [Server thread/WARN]: Can't keep up! Is the server overloaded? Running 2514ms or 50 ticks behind
[21:23:53] [Server thread/INFO]: commandPlayer: true, [永久更改?]
[21:23:53] [Server thread/INFO]: 规则“玩家控制 (commandPlayer)”将会被默认设置为true
[21:24:07] [Server thread/WARN]: Can't keep up! Is the server overloaded? Running 2481ms or 49 ticks behind
[21:24:49] [Server thread/WARN]: Can't keep up! Is the server overloaded? Running 2400ms or 48 ticks behind
[21:27:47] [Server thread/WARN]: Can't keep up! Is the server overloaded? Running 2286ms or 45 ticks behind
[21:29:19] [Server thread/WARN]: Can't keep up! Is the server overloaded? Running 2608ms or 52 ticks behind
[21:29:54] [Server thread/WARN]: Can't keep up! Is the server overloaded? Running 2073ms or 41 ticks behind
[21:30:16] [Server thread/WARN]: Can't keep up! Is the server overloaded? Running 6824ms or 136 ticks behind
[21:33:53] [Server thread/INFO]: commandPlayer: true, [永久更改?]
[21:33:53] [Server thread/INFO]: 规则“玩家控制 (commandPlayer)”将会被默认设置为true
[21:34:57] [Server thread/WARN]: Can't keep up! Is the server overloaded? Running 2465ms or 49 ticks behind
[21:35:41] [Server thread/WARN]: Can't keep up! Is the server overloaded? Running 2653ms or 53 ticks behind
[21:36:44] [Server thread/WARN]: Can't keep up! Is the server overloaded? Running 2487ms or 49 ticks behind
[21:37:06] [Server thread/WARN]: Fetching packet for removed entity class_1542['Air'/5709505, l='ServerLevel[world]', x=-368.14, y=73.92, z=465.14]
[21:37:14] [Server thread/WARN]: Can't keep up! Is the server overloaded? Running 2243ms or 44 ticks behind
[21:40:15] [Server thread/WARN]: Can't keep up! Is the server overloaded? Running 2182ms or 43 ticks behind
[21:43:54] [Server thread/INFO]: commandPlayer: true, [永久更改?]
[21:43:54] [Server thread/INFO]: 规则“玩家控制 (commandPlayer)”将会被默认设置为true
[21:45:18] [Server thread/WARN]: Can't keep up! Is the server overloaded? Running 2312ms or 46 ticks behind
[21:47:15] [Server thread/WARN]: Can't keep up! Is the server overloaded? Running 2561ms or 51 ticks behind
[21:47:27] [Server thread/WARN]: Mismatch in destroy block pos: class_2338{x=-1175, y=65, z=-110} class_2338{x=-1175, y=66, z=-110}
[21:47:27] [Server thread/WARN]: Mismatch in destroy block pos: class_2338{x=-1175, y=65, z=-110} class_2338{x=-1175, y=66, z=-110}
[21:47:33] [Server thread/WARN]: Mismatch in destroy block pos: class_2338{x=-1168, y=66, z=-112} class_2338{x=-1167, y=66, z=-112}
[21:47:33] [Server thread/WARN]: Mismatch in destroy block pos: class_2338{x=-1168, y=66, z=-112} class_2338{x=-1167, y=66, z=-112}
[21:47:33] [Server thread/WARN]: Mismatch in destroy block pos: class_2338{x=-1168, y=66, z=-112} class_2338{x=-1167, y=66, z=-112}
[21:47:33] [Server thread/WARN]: Mismatch in destroy block pos: class_2338{x=-1168, y=66, z=-112} class_2338{x=-1167, y=66, z=-112}
[21:47:33] [Server thread/WARN]: Mismatch in destroy block pos: class_2338{x=-1168, y=66, z=-112} class_2338{x=-1167, y=66, z=-112}
[21:47:33] [Server thread/WARN]: Mismatch in destroy block pos: class_2338{x=-1168, y=66, z=-112} class_2338{x=-1167, y=66, z=-112}
[21:47:33] [Server thread/WARN]: Mismatch in destroy block pos: class_2338{x=-1168, y=66, z=-112} class_2338{x=-1167, y=66, z=-112}
[21:47:33] [Server thread/WARN]: Mismatch in destroy block pos: class_2338{x=-1168, y=66, z=-112} class_2338{x=-1167, y=66, z=-112}
[21:48:46] [Server thread/WARN]: Mismatch in destroy block pos: class_2338{x=-1145, y=66, z=-131} class_2338{x=-1147, y=66, z=-130}
[21:48:46] [Server thread/WARN]: Mismatch in destroy block pos: class_2338{x=-1145, y=66, z=-131} class_2338{x=-1147, y=66, z=-130}
[21:48:58] [Server thread/WARN]: Mismatch in destroy block pos: class_2338{x=-1150, y=65, z=-118} class_2338{x=-1151, y=64, z=-118}
[21:50:11] [Server thread/WARN]: Can't keep up! Is the server overloaded? Running 2811ms or 56 ticks behind
[21:50:30] [Server thread/WARN]: Can't keep up! Is the server overloaded? Running 4067ms or 81 ticks behind
[21:51:08] [Server thread/WARN]: Can't keep up! Is the server overloaded? Running 2517ms or 50 ticks behind
[21:52:38] [Server thread/WARN]: Mismatch in destroy block pos: class_2338{x=-1207, y=66, z=-100} class_2338{x=-1207, y=65, z=-100}
[21:52:38] [Server thread/WARN]: Mismatch in destroy block pos: class_2338{x=-1207, y=66, z=-100} class_2338{x=-1207, y=65, z=-100}
[21:52:38] [Server thread/WARN]: Mismatch in destroy block pos: class_2338{x=-1207, y=66, z=-100} class_2338{x=-1207, y=65, z=-100}
[21:52:38] [Server thread/WARN]: Mismatch in destroy block pos: class_2338{x=-1207, y=66, z=-100} class_2338{x=-1207, y=65, z=-100}
[21:52:38] [Server thread/WARN]: Mismatch in destroy block pos: class_2338{x=-1207, y=66, z=-100} class_2338{x=-1207, y=65, z=-100}
[21:52:39] [Server thread/WARN]: Mismatch in destroy block pos: class_2338{x=-1207, y=66, z=-100} class_2338{x=-1207, y=65, z=-100}
[21:52:39] [Server thread/WARN]: Mismatch in destroy block pos: class_2338{x=-1207, y=66, z=-100} class_2338{x=-1207, y=65, z=-100}
[21:52:39] [Server thread/WARN]: Mismatch in destroy block pos: class_2338{x=-1207, y=66, z=-100} class_2338{x=-1207, y=65, z=-100}
[21:52:39] [Server thread/WARN]: Mismatch in destroy block pos: class_2338{x=-1207, y=66, z=-100} class_2338{x=-1207, y=65, z=-100}
[21:52:39] [Server thread/WARN]: Mismatch in destroy block pos: class_2338{x=-1207, y=66, z=-100} class_2338{x=-1207, y=65, z=-100}
[21:52:39] [Server thread/WARN]: Mismatch in destroy block pos: class_2338{x=-1207, y=66, z=-100} class_2338{x=-1207, y=65, z=-100}
[21:53:03] [Server thread/INFO]: Player shuijiao is already logged on
[21:53:13] [Server thread/INFO]: Plants352039 lost connection: Timed out
[21:53:13] [Server thread/INFO]: Plants352039 left the game
[21:53:25] [Server thread/WARN]: Can't keep up! Is the server overloaded? Running 2642ms or 52 ticks behind
[21:53:54] [Server thread/INFO]: commandPlayer: true, [永久更改?]
[21:53:54] [Server thread/INFO]: 规则“玩家控制 (commandPlayer)”将会被默认设置为true
[21:54:23] [Server thread/WARN]: Can't keep up! Is the server overloaded? Running 2456ms or 49 ticks behind
[22:03:52] [Server thread/INFO]: commandPlayer: true, [永久更改?]
[22:03:52] [Server thread/INFO]: 规则“玩家控制 (commandPlayer)”将会被默认设置为true
[22:13:52] [Server thread/INFO]: commandPlayer: true, [永久更改?]
[22:13:52] [Server thread/INFO]: 规则“玩家控制 (commandPlayer)”将会被默认设置为true
[22:23:53] [Server thread/INFO]: commandPlayer: true, [永久更改?]
[22:23:53] [Server thread/INFO]: 规则“玩家控制 (commandPlayer)”将会被默认设置为true
[22:33:54] [Server thread/INFO]: commandPlayer: true, [永久更改?]
[22:33:54] [Server thread/INFO]: 规则“玩家控制 (commandPlayer)”将会被默认设置为true
[22:43:54] [Server thread/INFO]: commandPlayer: true, [永久更改?]
[22:43:54] [Server thread/INFO]: 规则“玩家控制 (commandPlayer)”将会被默认设置为true
[22:53:00] [Server thread/INFO]: Player shuijiao is already logged on
[22:53:52] [Server thread/INFO]: commandPlayer: true, [永久更改?]
[22:53:52] [Server thread/INFO]: 规则“玩家控制 (commandPlayer)”将会被默认设置为true
[23:03:52] [Server thread/INFO]: commandPlayer: true, [永久更改?]
[23:03:52] [Server thread/INFO]: 规则“玩家控制 (commandPlayer)”将会被默认设置为true
[23:13:53] [Server thread/INFO]: commandPlayer: true, [永久更改?]
[23:13:53] [Server thread/INFO]: 规则“玩家控制 (commandPlayer)”将会被默认设置为true
[23:23:53] [Server thread/INFO]: commandPlayer: true, [永久更改?]
[23:23:53] [Server thread/INFO]: 规则“玩家控制 (commandPlayer)”将会被默认设置为true
[23:33:54] [Server thread/INFO]: commandPlayer: true, [永久更改?]
[23:33:54] [Server thread/INFO]: 规则“玩家控制 (commandPlayer)”将会被默认设置为true
[23:43:51] [Server thread/INFO]: commandPlayer: true, [永久更改?]
[23:43:51] [Server thread/INFO]: 规则“玩家控制 (commandPlayer)”将会被默认设置为true
[23:53:01] [Server thread/INFO]: Player shuijiao is already logged on
[23:53:52] [Server thread/INFO]: commandPlayer: true, [永久更改?]
[23:53:52] [Server thread/INFO]: 规则“玩家控制 (commandPlayer)”将会被默认设置为true
[23:57:57] [Server thread/INFO]: Stopping the server
[23:57:57] [Thread-69/INFO]: WebServer closed.
[23:57:58] [Server thread/INFO]: BlueMap unloaded!
[23:57:58] [Server thread/INFO]: Stopping server
[23:57:58] [Server thread/INFO]: Saving players
[23:57:58] [Server thread/INFO]: Saving worlds
[23:57:58] [Server thread/INFO]: Saving chunks for level 'ServerLevel[world]'/minecraft:overworld
[23:57:58] [Server thread/INFO]: ThreadedAnvilChunkStorage (world): All chunks are saved
[23:57:58] [Server thread/INFO]: Saving chunks for level 'ServerLevel[world]'/minecraft:the_nether
[23:57:58] [Server thread/INFO]: ThreadedAnvilChunkStorage (DIM-1): All chunks are saved
[23:57:58] [Server thread/INFO]: Saving chunks for level 'ServerLevel[world]'/minecraft:the_end
[23:57:58] [Server thread/INFO]: ThreadedAnvilChunkStorage (DIM1): All chunks are saved
[23:57:58] [Server thread/INFO]: ThreadedAnvilChunkStorage (world): All chunks are saved
[23:57:58] [Server thread/INFO]: ThreadedAnvilChunkStorage (DIM-1): All chunks are saved
[23:57:58] [Server thread/INFO]: ThreadedAnvilChunkStorage (DIM1): All chunks are saved
[23:57:58] [Server thread/INFO]: [Textile Backup] Warning! Server backup will begin shortly. You may experience some lag.
[23:57:58] [Server thread/INFO]: [Textile Backup] Backup started by: Server Shutdown on: 2020-12-18_23-57-58
[23:57:58] [Server thread/INFO]: [Textile Backup] Starting backup
[23:58:09] [Server thread/INFO]: [Textile Backup] Compression took: 11.368 seconds.
[23:58:09] [Server thread/INFO]: [Textile Backup] Deleting: 2020-12-13_13-53-54-shutdown.tar.gz
[23:58:10] [Server thread/INFO]: [Textile Backup] Done!
[23:58:10] [Server thread/INFO]: Thread Query Listener stopped
