[21:56:10] [main/INFO]: Loading for game Minecraft 1.16.1
[21:56:11] [main/INFO]: [FabricLoader] Loading 54 mods: fabric-renderer-api-v1@0.2.13+eae12eb802, fabric-keybindings-v0@0.2.0+3fa9f7c502, fabricloader@0.9.0+build.204, bbor@2.3-1.16.1, com_github_shevek_parallelgzip@master-SNAPSHOT, lithium@0.5.1-SNAPSHOT, fabric-containers-v0@0.1.8+045df74f02, fabric-dimensions-v1@1.0.0+a71b305302, fabric-object-builder-api-v1@1.5.6+a2d21ddd02, fabric-game-rule-api-v1@1.0.0+fe81e12502, fabric-api-base@0.1.3+12a8474c02, fabric-rendering-data-attachment-v1@0.1.3+b7f9825d02, fabric-textures-v0@1.0.4+eae12eb802, fabric-rendering-fluids-v1@0.1.8+b7084faa02, cotton-logging@1.0.0-rc.4, fabric-blockrenderlayer-v1@1.1.4+c6a8ea8902, fabric-lifecycle-events-v1@1.2.0+e83e061c02, fabric-renderer-registries-v1@2.0.1+5a0f9a6002, carpet-extra@1.4.0, fabric-loot-tables-v1@1.0.0+386eb69e02, fabric@0.16.2+build.385-1.16.1, carpet@1.4.0, fabric-particles-v1@0.2.1+0a6f2a7002, fabric-networking-v0@0.1.10+e00ecb5f02, cotton-config@1.0.0-rc.7, fabric-screen-handler-api-v1@1.1.0+97324d1102, minecraft@1.16.1, here@0.0.10-mc1.16, fabric-networking-blockentity-v0@0.2.5+b50ffc7b02, jankson@3.0.0+j1.2.0, fabric-command-api-v1@1.0.8+5ce5339802, phosphor@0.6.0+build.7, fabric-tool-attribute-api-v1@1.2.0+55e0cc5f02, fabric-renderer-indigo@0.3.4+34d6c87102, org_apache_commons_commons-compress@1.19, fabric-biomes-v1@0.2.7+059ea86602, fabric-crash-report-info-v1@0.1.2+b7f9825d02, fabric-events-interaction-v0@0.3.3+7066030f02, fabric-item-api-v1@1.0.0+16acbe5b02, fabric-rendering-v0@1.1.0+5341049002, fabric-rendering-v1@1.1.2+346247d702, fabric-key-binding-api-v1@1.0.1+f404f3be02, org_tukaani_xz@1.8, fabric-resource-loader-v0@0.2.6+f41e209802, fabric-content-registries-v0@0.1.9+059ea86602, fabric-tag-extensions-v0@0.2.7+a4c57d8e02, fabric-commands-v0@0.2.0+52d3083602, fabric-registry-sync-v0@0.3.8+7dba2d6c02, textile_backup@1.4.0-1.16.1, fabric-mining-levels-v0@0.1.2+b764ce9902, fabric-events-lifecycle-v0@0.2.0+16acbe5b02, fabric-item-groups-v0@0.2.0+438f963602, fabric-models-v0@0.1.0+dfdb52d602, fabric-object-builders-v0@0.6.1+a2d21ddd02
[21:56:11] [main/WARN]: Mod `com_github_shevek_parallelgzip` (master-SNAPSHOT) does not respect SemVer - comparison support is limited.
[21:56:11] [main/INFO]: SpongePowered MIXIN Subsystem Version=0.8 Source=file:/srv/skimit_survival/fabric-server-launch.jar Service=Knot/Fabric Env=SERVER
[21:56:15] [main/WARN]: @Mixin target net/minecraft/class_3898$class_3208 is public in fabric-networking-[21:56:22] [main/INFO]: Environment: authHost='https://authserver.mojang.com', accountsHost='https://api.mojang.com', sessionHost='https://sessionserver.mojang.com', name='PROD'
[21:56:24] [main/WARN]: Ambiguity between arguments [teleport, destination] and [teleport, targets] with inputs: [Player, 0123, @e, dd12be42-52a9-4a91-a8a1-11c01849e498]
[21:56:24] [main/WARN]: Ambiguity between arguments [teleport, location] and [teleport, destination] with inputs: [0.1 -0.5 .9, 0 0 0]
[21:56:24] [main/WARN]: Ambiguity between arguments [teleport, location] and [teleport, targets] with inputs: [0.1 -0.5 .9, 0 0 0]
[21:56:24] [main/WARN]: Ambiguity between arguments [teleport, targets] and [teleport, destination] with inputs: [Player, 0123, dd12be42-52a9-4a91-a8a1-11c01849e498]
[21:56:24] [main/WARN]: Ambiguity between arguments [teleport, targets, location] and [teleport, targets, destination] with inputs: [0.1 -0.5 .9, 0 0 0]
[21:56:25] [main/INFO]: Reloading ResourceManager: Default, bukkit, Fabric Tool Attribute API (v1), FZ.sDatapack-1.5.0-SNAPSHOT-dev.20200411.0751.zip
[21:56:27] [Worker-Main-6/INFO]: Loaded 7 recipes
[21:56:28] [Worker-Main-6/INFO]: Loaded 927 advancements
[21:56:29] [main/WARN]: [fabric-registry-sync] Could not find the following registries: minecraft:biome_source_type, minecraft:dimension_type, minecraft:chunk_generator_type
[21:56:29] [main/INFO]: [fabric-registry-sync] Loaded registry data [file 1/4]
[21:56:29] [Server thread/INFO]: Starting minecraft server version 1.16.1
[21:56:29] [Server thread/INFO]: Loading properties
[21:56:30] [Server thread/INFO]: Default game type: SURVIVAL
[21:56:30] [Server thread/INFO]: Generating keypair
[21:56:30] [Server thread/INFO]: Starting Minecraft server on *:26555
[21:56:30] [Server thread/INFO]: Using epoll channel type
[21:56:30] [Server thread/WARN]: **** SERVER IS RUNNING IN OFFLINE/INSECURE MODE!
[21:56:30] [Server thread/WARN]: The server will make no attempt to authenticate usernames. Beware.
[21:56:30] [Server thread/WARN]: While this makes the game possible to play without internet access, it also opens up the ability for hackers to connect with any username they choose.
[21:56:30] [Server thread/WARN]: To change this, set "online-mode" to "true" in the server.properties file.
[21:56:31] [Server thread/INFO]: Preparing level "world"
[21:56:31] [Server thread/INFO]: [CM]: loaded setting commandDraw as false from carpet.conf
[21:56:31] [Server thread/INFO]: [CM]: loaded setting rotatorBlock as true from carpet.conf
[21:56:31] [Server thread/INFO]: [CM]: loaded setting combineXPOrbs as true from carpet.conf
[21:56:31] [Server thread/INFO]: [CM]: loaded setting onePlayerSleeping as true from carpet.conf
[21:56:31] [Server thread/INFO]: [CM]: loaded setting portalSuffocationFix as true from carpet.conf
[21:56:31] [Server thread/INFO]: [CM]: loaded setting leadFix as true from carpet.conf
[21:56:31] [Server thread/INFO]: [CM]: loaded setting antiCheatDisabled as true from carpet.conf
[21:56:31] [Server thread/INFO]: [CM]: loaded setting defaultLoggers as tps,mobcaps from carpet.conf
[21:56:31] [Server thread/INFO]: [CM]: loaded setting unloadedEntityFix as true from carpet.conf
[21:56:31] [Server thread/INFO]: [CM]: loaded setting ctrlQCraftingFix as true from carpet.conf
[21:56:31] [Server thread/INFO]: [CM]: loaded setting language as zh_cn from carpet.conf
[21:56:31] [Server thread/INFO]: [CM]: loaded setting commandTick as false from carpet.conf
[21:56:32] [Server thread/INFO]: create world dimension: minecraft:overworld (seed: 20190827)
[21:56:32] [Server thread/INFO]: create world dimension: minecraft:the_nether (seed: 20190827)
[21:56:32] [Server thread/INFO]: create world dimension: minecraft:the_end (seed: 20190827)
[21:56:32] [Server thread/INFO]: Preparing start region for dimension minecraft:overworld
[21:56:36] [Server thread/INFO]: Preparing spawn area: 0%
[21:56:36] [Server thread/INFO]: Preparing spawn area: 0%
[21:56:36] [Server thread/INFO]: Preparing spawn area: 0%
[21:56:36] [Server thread/INFO]: Preparing spawn area: 0%
[21:56:36] [Server thread/INFO]: Preparing spawn area: 0%
[21:56:36] [Server thread/INFO]: Preparing spawn area: 0%
[21:56:36] [Server thread/INFO]: Preparing spawn area: 0%
[21:56:36] [Server thread/INFO]: Preparing spawn area: 0%
[21:56:36] [Server thread/INFO]: Preparing spawn area: 0%
[21:56:36] [Server thread/INFO]: Preparing spawn area: 0%
[21:56:37] [Server thread/INFO]: Preparing spawn area: 0%
[21:56:37] [Server thread/INFO]: Preparing spawn area: 83%
[21:56:39] [Server thread/INFO]: Time elapsed: 7400 ms
[21:56:39] [Server thread/INFO]: Done (8.430s)! For help, type "help"
[21:56:39] [Server thread/INFO]: Starting remote control listener
[21:56:39] [Server thread/INFO]: Thread RCON Listener started
[21:56:39] [RCON Listener #1/INFO]: RCON running on 0.0.0.0:796
[21:56:41] [Server thread/INFO]: xiaolouQAQ[/127.0.0.1:56875] logged in with entity id 207 at (-2057.1979178923093, 70.51679409440437, 527.6513270270966)
[21:56:41] [Netty Epoll Server IO #4/WARN]: Received invalid identifier in minecraft:register: legacy:fml|hs (Non [a-z0-9/._-] character in path of location: legacy:fml|hs)
[21:56:41] [Server thread/INFO]: xiaolouQAQ joined the game
[21:56:41] [Netty Epoll Server IO #4/INFO]: Player xiaolouQAQ joined with a matching carpet client
[21:56:42] [Netty Epoll Server IO #4/INFO]: Player xiaolouQAQ joined with a matching carpet client
[21:56:42] [Server thread/WARN]: Can't keep up! Is the server overloaded? Running 2954ms or 59 ticks behind
[21:56:44] [Server thread/INFO]: ChengXi123[/127.0.0.1:34297] logged in with entity id 265 at (-485.73887423674506, 80.21410668746367, 381.00107900165267)
[21:56:44] [Server thread/INFO]: ChengXi123 joined the game
[21:56:44] [Netty Epoll Server IO #6/WARN]: Received invalid identifier in minecraft:register: legacy:fml|hs (Non [a-z0-9/._-] character in path of location: legacy:fml|hs)
[21:56:45] [Netty Epoll Server IO #6/INFO]: Player ChengXi123 joined with a matching carpet client
[21:56:57] [Server thread/INFO]: Nan_Yang[/127.0.0.1:40278] logged in with entity id 359 at (-571.3932959889208, 69.0, 359.69999998807907)
[21:56:57] [Server thread/INFO]: Nan_Yang joined the game
[21:56:57] [Netty Epoll Server IO #1/WARN]: Received invalid identifier in minecraft:register: legacy:fml|hs (Non [a-z0-9/._-] character in path of location: legacy:fml|hs)
[21:57:04] [Server thread/WARN]: Can't keep up! Is the server overloaded? Running 7171ms or 143 ticks behind
[21:57:39] [Server thread/INFO]: <Nan_Yang> 我的猫回来了
[21:58:12] [Server thread/WARN]: Mismatch in destroy block pos: class_2338{x=-400, y=69, z=355} class_2338{x=-402, y=70, z=375}
[21:58:13] [Server thread/WARN]: Mismatch in destroy block pos: class_2338{x=-400, y=69, z=355} class_2338{x=-402, y=70, z=375}
[21:58:13] [Server thread/WARN]: Mismatch in destroy block pos: class_2338{x=-400, y=69, z=355} class_2338{x=-402, y=70, z=375}
[21:58:16] [Server thread/WARN]: Mismatch in destroy block pos: class_2338{x=-402, y=72, z=369} class_2338{x=-402, y=72, z=368}
[21:58:16] [Server thread/WARN]: Mismatch in destroy block pos: class_2338{x=-402, y=72, z=369} class_2338{x=-402, y=72, z=368}
[21:58:16] [Server thread/WARN]: Mismatch in destroy block pos: class_2338{x=-402, y=72, z=369} class_2338{x=-402, y=72, z=368}
[21:58:16] [Server thread/WARN]: Mismatch in destroy block pos: class_2338{x=-402, y=72, z=369} class_2338{x=-402, y=72, z=368}
[21:58:16] [Server thread/WARN]: Mismatch in destroy block pos: class_2338{x=-402, y=72, z=369} class_2338{x=-402, y=72, z=368}
[21:58:16] [Server thread/WARN]: Mismatch in destroy block pos: class_2338{x=-402, y=72, z=369} class_2338{x=-402, y=72, z=368}
[21:58:16] [Server thread/WARN]: Mismatch in destroy block pos: class_2338{x=-402, y=72, z=369} class_2338{x=-402, y=72, z=368}
[21:58:41] [Server thread/INFO]: <Nan_Yang> ChengXi123
[21:58:49] [Server thread/INFO]: <Nan_Yang> 我的猫先放你家
[21:59:34] [Server thread/WARN]: Keeping entity minecraft:cow that already exists with UUID 916260e3-779b-41d1-aaed-2aacb9e82a38
[21:59:34] [Server thread/WARN]: Keeping entity minecraft:cow that already exists with UUID 582bda24-973c-4506-9819-20e9ce7f0a92
[21:59:34] [Server thread/WARN]: Keeping entity minecraft:cow that already exists with UUID 962569ee-b0c7-4ff4-a62e-87ea671ad844
[22:01:31] [Server thread/INFO]: goudongxi6066[/127.0.0.1:53578] logged in with entity id 5755 at (4.9937553, 101.0, -400.33527)
[22:01:31] [Server thread/INFO]: goudongxi6066 joined the game
[22:01:31] [Netty Epoll Server IO #5/WARN]: Received invalid identifier in minecraft:register: legacy:fml|hs (Non [a-z0-9/._-] character in path of location: legacy:fml|hs)
[22:02:15] [Server thread/INFO]: ChengXi123 lost connection: Disconnected
[22:02:15] [Server thread/INFO]: ChengXi123 left the game
[22:02:33] [Server thread/INFO]: ChengXi123[/127.0.0.1:44072] logged in with entity id 7197 at (-395.01297034971986, 70.0, 355.94992648740697)
[22:02:33] [Server thread/INFO]: ChengXi123 joined the game
[22:02:33] [Netty Epoll Server IO #3/WARN]: Received invalid identifier in minecraft:register: legacy:fml|hs (Non [a-z0-9/._-] character in path of location: legacy:fml|hs)
[22:02:34] [Netty Epoll Server IO #3/INFO]: Player ChengXi123 joined with a matching carpet client
[22:04:17] [Server thread/INFO]: EDGW[/127.0.0.1:36721] logged in with entity id 9095 at (-702.8992041923373, 42.0, 468.39234539931584)
[22:04:17] [Server thread/INFO]: EDGW joined the game
[22:04:17] [Netty Epoll Server IO #3/WARN]: Received invalid identifier in minecraft:register: legacy:fml|hs (Non [a-z0-9/._-] character in path of location: legacy:fml|hs)
[22:04:56] [Server thread/INFO]: <EDGW> Nan_Yang 有空吗 帮忙挖一下 下面有车站 不敢炸
[22:05:04] [Server thread/INFO]: <Nan_Yang> 我得下了
[22:05:07] [Server thread/INFO]: <EDGW> o
[22:05:13] [Server thread/INFO]: <ChengXi123> 挖哪？
[22:05:28] [Server thread/INFO]: <Nan_Yang> 明天还有课
[22:05:36] [Server thread/INFO]: <Nan_Yang> EDGW
[22:05:43] [Server thread/INFO]: <Nan_Yang> 你放个信标
[22:05:43] [Server thread/INFO]: <EDGW> ?
[22:05:51] [Server thread/INFO]: <EDGW> 没有 穷
[22:05:58] [Server thread/INFO]: <Nan_Yang> ...
[22:05:59] [Server thread/WARN]: Mismatch in destroy block pos: class_2338{x=-403, y=73, z=448} class_2338{x=-404, y=71, z=449}
[22:06:03] [Server thread/INFO]: <Nan_Yang> 我又
[22:06:07] [Server thread/INFO]: ChengXi123 was blown up by Creeper
[22:06:19] [Server thread/INFO]: <Nan_Yang> 铁你又把
[22:06:33] [Server thread/INFO]: <Nan_Yang> 铁块你又把
[22:06:38] [Server thread/INFO]: <EDGW> 有
[22:07:07] [Server thread/INFO]: <Nan_Yang> here
[22:07:23] [Server thread/INFO]: <EDGW> o
[22:08:03] [Server thread/WARN]: Fetching packet for removed entity class_1542['Air'/12733, l='ServerLevel[world]', x=-302.76, y=70.01, z=362.62]
[22:09:03] [Server thread/INFO]: <ChengXi123> EDGW挖哪
[22:09:04] [Server thread/WARN]: Mismatch in destroy block pos: class_2338{x=4, y=90, z=-408} class_2338{x=6, y=89, z=-408}
[22:09:04] [Server thread/WARN]: Mismatch in destroy block pos: class_2338{x=6, y=88, z=-408} class_2338{x=7, y=89, z=-408}
[22:09:05] [Server thread/WARN]: Mismatch in destroy block pos: class_2338{x=6, y=88, z=-408} class_2338{x=7, y=89, z=-408}
[22:09:06] [Server thread/WARN]: Mismatch in destroy block pos: class_2338{x=6, y=88, z=-408} class_2338{x=7, y=89, z=-408}
[22:09:06] [Server thread/WARN]: Mismatch in destroy block pos: class_2338{x=6, y=88, z=-408} class_2338{x=7, y=89, z=-408}
[22:09:06] [Server thread/WARN]: Mismatch in destroy block pos: class_2338{x=6, y=88, z=-408} class_2338{x=7, y=89, z=-408}
[22:09:06] [Server thread/WARN]: Mismatch in destroy block pos: class_2338{x=6, y=88, z=-408} class_2338{x=7, y=89, z=-408}
[22:09:10] [Server thread/WARN]: Can't keep up! Is the server overloaded? Running 2004ms or 40 ticks behind
[22:09:10] [Server thread/WARN]: Mismatch in destroy block pos: class_2338{x=6, y=88, z=-408} class_2338{x=6, y=89, z=-409}
[22:09:10] [Server thread/WARN]: Mismatch in destroy block pos: class_2338{x=6, y=88, z=-408} class_2338{x=7, y=89, z=-408}
[22:09:11] [Server thread/WARN]: Mismatch in destroy block pos: class_2338{x=7, y=88, z=-408} class_2338{x=7, y=89, z=-408}
[22:09:15] [Server thread/WARN]: Mismatch in destroy block pos: class_2338{x=7, y=88, z=-408} class_2338{x=7, y=89, z=-408}
[22:09:16] [Server thread/WARN]: Mismatch in destroy block pos: class_2338{x=6, y=88, z=-409} class_2338{x=7, y=89, z=-408}
[22:09:16] [Server thread/WARN]: Mismatch in destroy block pos: class_2338{x=7, y=88, z=-408} class_2338{x=7, y=89, z=-408}
[22:09:17] [Server thread/WARN]: Mismatch in destroy block pos: class_2338{x=7, y=88, z=-408} class_2338{x=7, y=89, z=-408}
[22:09:17] [Server thread/WARN]: Mismatch in destroy block pos: class_2338{x=7, y=88, z=-408} class_2338{x=7, y=89, z=-408}
[22:09:18] [Server thread/WARN]: Mismatch in destroy block pos: class_2338{x=7, y=88, z=-408} class_2338{x=7, y=89, z=-408}
[22:09:18] [Server thread/WARN]: Mismatch in destroy block pos: class_2338{x=7, y=88, z=-408} class_2338{x=7, y=89, z=-408}
[22:09:18] [Server thread/WARN]: Mismatch in destroy block pos: class_2338{x=7, y=88, z=-408} class_2338{x=7, y=89, z=-408}
[22:09:19] [Server thread/WARN]: Mismatch in destroy block pos: class_2338{x=7, y=88, z=-408} class_2338{x=7, y=89, z=-408}
[22:09:19] [Server thread/WARN]: Mismatch in destroy block pos: class_2338{x=7, y=88, z=-408} class_2338{x=7, y=89, z=-408}
[22:09:20] [Server thread/WARN]: Mismatch in destroy block pos: class_2338{x=7, y=88, z=-408} class_2338{x=7, y=89, z=-408}
[22:09:20] [Server thread/WARN]: Mismatch in destroy block pos: class_2338{x=7, y=88, z=-408} class_2338{x=7, y=89, z=-408}
[22:09:20] [Server thread/WARN]: Mismatch in destroy block pos: class_2338{x=7, y=88, z=-408} class_2338{x=7, y=89, z=-408}
[22:09:21] [Server thread/WARN]: Mismatch in destroy block pos: class_2338{x=7, y=88, z=-408} class_2338{x=7, y=89, z=-408}
[22:09:21] [Server thread/WARN]: Mismatch in destroy block pos: class_2338{x=7, y=88, z=-408} class_2338{x=7, y=89, z=-408}
[22:09:21] [Server thread/WARN]: Mismatch in destroy block pos: class_2338{x=7, y=88, z=-408} class_2338{x=7, y=89, z=-408}
[22:09:22] [Server thread/WARN]: Mismatch in destroy block pos: class_2338{x=7, y=88, z=-408} class_2338{x=7, y=89, z=-408}
[22:09:22] [Server thread/WARN]: Mismatch in destroy block pos: class_2338{x=7, y=88, z=-408} class_2338{x=7, y=89, z=-408}
[22:09:23] [Server thread/WARN]: Mismatch in destroy block pos: class_2338{x=7, y=88, z=-408} class_2338{x=7, y=89, z=-408}
[22:09:23] [Server thread/INFO]: <EDGW> 等一下 我在地狱
[22:09:23] [Server thread/WARN]: Mismatch in destroy block pos: class_2338{x=7, y=88, z=-408} class_2338{x=7, y=89, z=-408}
[22:09:23] [Server thread/WARN]: Mismatch in destroy block pos: class_2338{x=7, y=88, z=-408} class_2338{x=7, y=89, z=-408}
[22:09:24] [Server thread/WARN]: Mismatch in destroy block pos: class_2338{x=7, y=88, z=-408} class_2338{x=7, y=89, z=-408}
[22:09:24] [Server thread/WARN]: Mismatch in destroy block pos: class_2338{x=7, y=88, z=-408} class_2338{x=7, y=89, z=-408}
[22:09:24] [Server thread/WARN]: Mismatch in destroy block pos: class_2338{x=7, y=88, z=-408} class_2338{x=7, y=89, z=-408}
[22:09:25] [Server thread/WARN]: Mismatch in destroy block pos: class_2338{x=7, y=88, z=-408} class_2338{x=7, y=89, z=-408}
[22:09:25] [Server thread/WARN]: Mismatch in destroy block pos: class_2338{x=7, y=88, z=-408} class_2338{x=7, y=89, z=-408}
[22:09:26] [Server thread/WARN]: Mismatch in destroy block pos: class_2338{x=7, y=88, z=-408} class_2338{x=7, y=89, z=-408}
[22:09:27] [Server thread/WARN]: Mismatch in destroy block pos: class_2338{x=7, y=88, z=-408} class_2338{x=7, y=89, z=-408}
[22:09:27] [Server thread/WARN]: Mismatch in destroy block pos: class_2338{x=7, y=88, z=-408} class_2338{x=7, y=89, z=-408}
[22:09:27] [Server thread/WARN]: Mismatch in destroy block pos: class_2338{x=7, y=88, z=-408} class_2338{x=7, y=89, z=-408}
[22:09:28] [Server thread/WARN]: Mismatch in destroy block pos: class_2338{x=7, y=88, z=-408} class_2338{x=7, y=89, z=-408}
[22:09:28] [Server thread/WARN]: Mismatch in destroy block pos: class_2338{x=7, y=88, z=-408} class_2338{x=7, y=89, z=-408}
[22:09:28] [Server thread/WARN]: Can't keep up! Is the server overloaded? Running 2021ms or 40 ticks behind
[22:09:29] [Server thread/WARN]: Mismatch in destroy block pos: class_2338{x=7, y=88, z=-408} class_2338{x=7, y=89, z=-408}
[22:09:29] [Server thread/WARN]: Mismatch in destroy block pos: class_2338{x=7, y=88, z=-408} class_2338{x=7, y=89, z=-408}
[22:09:29] [Server thread/WARN]: Mismatch in destroy block pos: class_2338{x=7, y=88, z=-408} class_2338{x=7, y=89, z=-408}
[22:09:30] [Server thread/WARN]: Mismatch in destroy block pos: class_2338{x=7, y=88, z=-408} class_2338{x=7, y=89, z=-408}
[22:09:30] [Server thread/WARN]: Mismatch in destroy block pos: class_2338{x=7, y=88, z=-408} class_2338{x=7, y=89, z=-408}
[22:09:30] [Server thread/WARN]: Mismatch in destroy block pos: class_2338{x=7, y=88, z=-408} class_2338{x=7, y=89, z=-408}
[22:09:31] [Server thread/WARN]: Mismatch in destroy block pos: class_2338{x=7, y=88, z=-408} class_2338{x=7, y=89, z=-408}
[22:09:31] [Server thread/WARN]: Mismatch in destroy block pos: class_2338{x=7, y=88, z=-408} class_2338{x=7, y=89, z=-408}
[22:09:31] [Server thread/WARN]: Mismatch in destroy block pos: class_2338{x=7, y=88, z=-408} class_2338{x=7, y=89, z=-408}
[22:09:32] [Server thread/WARN]: Mismatch in destroy block pos: class_2338{x=7, y=88, z=-408} class_2338{x=7, y=89, z=-408}
[22:09:32] [Server thread/WARN]: Mismatch in destroy block pos: class_2338{x=7, y=88, z=-408} class_2338{x=7, y=89, z=-408}
[22:09:32] [Server thread/WARN]: Mismatch in destroy block pos: class_2338{x=7, y=88, z=-408} class_2338{x=7, y=89, z=-408}
[22:09:33] [Server thread/WARN]: Mismatch in destroy block pos: class_2338{x=7, y=88, z=-408} class_2338{x=7, y=89, z=-408}
[22:09:33] [Server thread/WARN]: Mismatch in destroy block pos: class_2338{x=7, y=88, z=-408} class_2338{x=7, y=89, z=-408}
[22:09:34] [Server thread/WARN]: Mismatch in destroy block pos: class_2338{x=7, y=88, z=-408} class_2338{x=7, y=89, z=-408}
[22:09:34] [Server thread/WARN]: Mismatch in destroy block pos: class_2338{x=7, y=88, z=-408} class_2338{x=7, y=89, z=-408}
[22:09:34] [Server thread/WARN]: Mismatch in destroy block pos: class_2338{x=7, y=88, z=-408} class_2338{x=7, y=89, z=-408}
[22:09:35] [Server thread/WARN]: Mismatch in destroy block pos: class_2338{x=7, y=88, z=-408} class_2338{x=7, y=89, z=-408}
[22:09:35] [Server thread/WARN]: Mismatch in destroy block pos: class_2338{x=7, y=88, z=-408} class_2338{x=7, y=89, z=-408}
[22:09:35] [Server thread/WARN]: Mismatch in destroy block pos: class_2338{x=7, y=88, z=-408} class_2338{x=7, y=89, z=-408}
[22:09:36] [Server thread/WARN]: Mismatch in destroy block pos: class_2338{x=7, y=88, z=-408} class_2338{x=7, y=89, z=-408}
[22:09:36] [Server thread/WARN]: Mismatch in destroy block pos: class_2338{x=7, y=88, z=-408} class_2338{x=7, y=89, z=-408}
[22:09:36] [Server thread/WARN]: Mismatch in destroy block pos: class_2338{x=7, y=88, z=-408} class_2338{x=7, y=89, z=-408}
[22:09:37] [Server thread/WARN]: Mismatch in destroy block pos: class_2338{x=7, y=88, z=-408} class_2338{x=7, y=89, z=-408}
[22:09:37] [Server thread/WARN]: Mismatch in destroy block pos: class_2338{x=7, y=88, z=-408} class_2338{x=7, y=89, z=-408}
[22:09:38] [Server thread/WARN]: Mismatch in destroy block pos: class_2338{x=7, y=88, z=-408} class_2338{x=7, y=89, z=-408}
[22:09:38] [Server thread/WARN]: Mismatch in destroy block pos: class_2338{x=7, y=88, z=-408} class_2338{x=7, y=89, z=-408}
[22:09:38] [Server thread/WARN]: Mismatch in destroy block pos: class_2338{x=7, y=88, z=-408} class_2338{x=7, y=89, z=-408}
[22:09:39] [Server thread/WARN]: Mismatch in destroy block pos: class_2338{x=7, y=88, z=-408} class_2338{x=7, y=89, z=-408}
[22:09:39] [Server thread/WARN]: Mismatch in destroy block pos: class_2338{x=7, y=88, z=-408} class_2338{x=7, y=89, z=-408}
[22:09:39] [Server thread/WARN]: Mismatch in destroy block pos: class_2338{x=7, y=88, z=-408} class_2338{x=7, y=89, z=-408}
[22:09:40] [Server thread/WARN]: Mismatch in destroy block pos: class_2338{x=7, y=88, z=-408} class_2338{x=7, y=89, z=-408}
[22:09:40] [Server thread/WARN]: Mismatch in destroy block pos: class_2338{x=7, y=88, z=-408} class_2338{x=7, y=89, z=-408}
[22:09:41] [Server thread/WARN]: Mismatch in destroy block pos: class_2338{x=7, y=88, z=-408} class_2338{x=7, y=89, z=-408}
[22:09:41] [Server thread/WARN]: Mismatch in destroy block pos: class_2338{x=7, y=88, z=-408} class_2338{x=7, y=89, z=-408}
[22:09:41] [Server thread/WARN]: Mismatch in destroy block pos: class_2338{x=7, y=88, z=-408} class_2338{x=7, y=89, z=-408}
[22:09:42] [Server thread/WARN]: Mismatch in destroy block pos: class_2338{x=7, y=88, z=-408} class_2338{x=7, y=89, z=-408}
[22:09:43] [Server thread/WARN]: Mismatch in destroy block pos: class_2338{x=7, y=88, z=-408} class_2338{x=7, y=89, z=-408}
[22:09:44] [Server thread/WARN]: Mismatch in destroy block pos: class_2338{x=7, y=88, z=-408} class_2338{x=7, y=89, z=-408}
[22:09:44] [Server thread/WARN]: Mismatch in destroy block pos: class_2338{x=7, y=88, z=-408} class_2338{x=7, y=89, z=-408}
[22:09:44] [Server thread/WARN]: Mismatch in destroy block pos: class_2338{x=7, y=88, z=-408} class_2338{x=7, y=89, z=-408}
[22:09:45] [Server thread/WARN]: Mismatch in destroy block pos: class_2338{x=7, y=88, z=-408} class_2338{x=7, y=89, z=-408}
[22:09:45] [Server thread/WARN]: Mismatch in destroy block pos: class_2338{x=7, y=88, z=-408} class_2338{x=7, y=89, z=-408}
[22:09:46] [Server thread/WARN]: Mismatch in destroy block pos: class_2338{x=7, y=88, z=-408} class_2338{x=7, y=89, z=-408}
[22:09:46] [Server thread/WARN]: Mismatch in destroy block pos: class_2338{x=7, y=88, z=-408} class_2338{x=7, y=89, z=-408}
[22:09:47] [Server thread/WARN]: Mismatch in destroy block pos: class_2338{x=7, y=88, z=-408} class_2338{x=7, y=89, z=-408}
[22:09:47] [Server thread/WARN]: Mismatch in destroy block pos: class_2338{x=7, y=88, z=-408} class_2338{x=7, y=89, z=-408}
[22:09:47] [Server thread/WARN]: Mismatch in destroy block pos: class_2338{x=7, y=88, z=-408} class_2338{x=7, y=89, z=-408}
[22:09:48] [Server thread/WARN]: Mismatch in destroy block pos: class_2338{x=7, y=88, z=-408} class_2338{x=7, y=89, z=-408}
[22:09:48] [Server thread/WARN]: Mismatch in destroy block pos: class_2338{x=7, y=88, z=-408} class_2338{x=7, y=89, z=-408}
[22:09:49] [Server thread/WARN]: Mismatch in destroy block pos: class_2338{x=7, y=88, z=-408} class_2338{x=7, y=89, z=-408}
[22:09:49] [Server thread/WARN]: Mismatch in destroy block pos: class_2338{x=7, y=88, z=-408} class_2338{x=7, y=89, z=-408}
[22:09:49] [Server thread/WARN]: Mismatch in destroy block pos: class_2338{x=7, y=88, z=-408} class_2338{x=7, y=89, z=-408}
[22:09:50] [Server thread/WARN]: Mismatch in destroy block pos: class_2338{x=7, y=88, z=-408} class_2338{x=7, y=89, z=-408}
[22:09:50] [Server thread/WARN]: Mismatch in destroy block pos: class_2338{x=7, y=88, z=-408} class_2338{x=7, y=89, z=-408}
[22:09:50] [Server thread/WARN]: Mismatch in destroy block pos: class_2338{x=7, y=88, z=-408} class_2338{x=7, y=89, z=-408}
[22:09:51] [Server thread/WARN]: Mismatch in destroy block pos: class_2338{x=7, y=88, z=-408} class_2338{x=7, y=89, z=-408}
[22:09:51] [Server thread/WARN]: Mismatch in destroy block pos: class_2338{x=7, y=88, z=-408} class_2338{x=7, y=89, z=-408}
[22:09:51] [Server thread/WARN]: Mismatch in destroy block pos: class_2338{x=7, y=88, z=-408} class_2338{x=7, y=89, z=-408}
[22:09:52] [Server thread/WARN]: Mismatch in destroy block pos: class_2338{x=7, y=88, z=-408} class_2338{x=7, y=89, z=-408}
[22:09:52] [Server thread/WARN]: Mismatch in destroy block pos: class_2338{x=7, y=88, z=-408} class_2338{x=7, y=89, z=-408}
[22:09:52] [Server thread/WARN]: Mismatch in destroy block pos: class_2338{x=7, y=88, z=-408} class_2338{x=7, y=89, z=-408}
[22:09:53] [Server thread/WARN]: Mismatch in destroy block pos: class_2338{x=7, y=88, z=-408} class_2338{x=7, y=89, z=-408}
[22:09:53] [Server thread/WARN]: Mismatch in destroy block pos: class_2338{x=7, y=88, z=-408} class_2338{x=7, y=89, z=-408}
[22:09:53] [Server thread/WARN]: Mismatch in destroy block pos: class_2338{x=7, y=88, z=-408} class_2338{x=7, y=89, z=-408}
[22:09:54] [Server thread/WARN]: Mismatch in destroy block pos: class_2338{x=7, y=88, z=-408} class_2338{x=7, y=89, z=-408}
[22:09:54] [Server thread/WARN]: Mismatch in destroy block pos: class_2338{x=7, y=88, z=-408} class_2338{x=7, y=89, z=-408}
[22:09:54] [Server thread/WARN]: Mismatch in destroy block pos: class_2338{x=7, y=88, z=-408} class_2338{x=7, y=89, z=-408}
[22:09:55] [Server thread/WARN]: Mismatch in destroy block pos: class_2338{x=7, y=88, z=-408} class_2338{x=7, y=89, z=-408}
[22:09:55] [Server thread/WARN]: Mismatch in destroy block pos: class_2338{x=7, y=88, z=-408} class_2338{x=7, y=89, z=-408}
[22:09:56] [Server thread/WARN]: Mismatch in destroy block pos: class_2338{x=7, y=88, z=-408} class_2338{x=7, y=89, z=-408}
[22:09:56] [Server thread/WARN]: Mismatch in destroy block pos: class_2338{x=7, y=88, z=-408} class_2338{x=7, y=89, z=-408}
[22:09:56] [Server thread/WARN]: Mismatch in destroy block pos: class_2338{x=7, y=88, z=-408} class_2338{x=7, y=89, z=-408}
[22:09:57] [Server thread/WARN]: Mismatch in destroy block pos: class_2338{x=7, y=88, z=-408} class_2338{x=7, y=89, z=-408}
[22:09:57] [Server thread/WARN]: Mismatch in destroy block pos: class_2338{x=7, y=88, z=-408} class_2338{x=7, y=89, z=-408}
[22:09:57] [Server thread/WARN]: Mismatch in destroy block pos: class_2338{x=7, y=88, z=-408} class_2338{x=7, y=89, z=-408}
[22:09:58] [Server thread/INFO]: <Nan_Yang> EDGW
[22:09:58] [Server thread/WARN]: Mismatch in destroy block pos: class_2338{x=7, y=88, z=-408} class_2338{x=7, y=89, z=-408}
[22:09:58] [Server thread/WARN]: Mismatch in destroy block pos: class_2338{x=7, y=88, z=-408} class_2338{x=7, y=89, z=-408}
[22:09:58] [Server thread/WARN]: Mismatch in destroy block pos: class_2338{x=7, y=88, z=-408} class_2338{x=7, y=89, z=-408}
[22:09:59] [Server thread/WARN]: Mismatch in destroy block pos: class_2338{x=7, y=88, z=-408} class_2338{x=7, y=89, z=-408}
[22:09:59] [Server thread/WARN]: Mismatch in destroy block pos: class_2338{x=7, y=88, z=-408} class_2338{x=7, y=89, z=-408}
[22:10:00] [Server thread/WARN]: Mismatch in destroy block pos: class_2338{x=7, y=88, z=-408} class_2338{x=7, y=89, z=-408}
[22:10:00] [Server thread/WARN]: Mismatch in destroy block pos: class_2338{x=7, y=88, z=-408} class_2338{x=7, y=89, z=-408}
[22:10:00] [Server thread/INFO]: <EDGW> ?
[22:10:00] [Server thread/WARN]: Mismatch in destroy block pos: class_2338{x=7, y=88, z=-408} class_2338{x=7, y=89, z=-408}
[22:10:01] [Server thread/WARN]: Mismatch in destroy block pos: class_2338{x=7, y=88, z=-408} class_2338{x=7, y=89, z=-408}
[22:10:01] [Server thread/WARN]: Mismatch in destroy block pos: class_2338{x=7, y=88, z=-408} class_2338{x=7, y=89, z=-408}
[22:10:01] [Server thread/WARN]: Mismatch in destroy block pos: class_2338{x=7, y=88, z=-408} class_2338{x=7, y=89, z=-408}
[22:10:02] [Server thread/WARN]: Mismatch in destroy block pos: class_2338{x=7, y=88, z=-408} class_2338{x=7, y=89, z=-408}
[22:10:02] [Server thread/WARN]: Mismatch in destroy block pos: class_2338{x=7, y=88, z=-408} class_2338{x=7, y=89, z=-408}
[22:10:02] [Server thread/WARN]: Mismatch in destroy block pos: class_2338{x=7, y=88, z=-408} class_2338{x=7, y=89, z=-408}
[22:10:03] [Server thread/WARN]: Mismatch in destroy block pos: class_2338{x=7, y=88, z=-408} class_2338{x=7, y=89, z=-408}
[22:10:03] [Server thread/WARN]: Mismatch in destroy block pos: class_2338{x=7, y=88, z=-408} class_2338{x=7, y=89, z=-408}
[22:10:03] [Server thread/WARN]: Mismatch in destroy block pos: class_2338{x=7, y=88, z=-408} class_2338{x=7, y=89, z=-408}
[22:10:04] [Server thread/WARN]: Mismatch in destroy block pos: class_2338{x=7, y=88, z=-408} class_2338{x=7, y=89, z=-408}
[22:10:04] [Server thread/WARN]: Mismatch in destroy block pos: class_2338{x=7, y=88, z=-408} class_2338{x=7, y=89, z=-408}
[22:10:04] [Server thread/WARN]: Mismatch in destroy block pos: class_2338{x=7, y=88, z=-408} class_2338{x=7, y=89, z=-408}
[22:10:05] [Server thread/WARN]: Mismatch in destroy block pos: class_2338{x=7, y=88, z=-408} class_2338{x=7, y=89, z=-408}
[22:10:05] [Server thread/WARN]: Mismatch in destroy block pos: class_2338{x=7, y=88, z=-408} class_2338{x=7, y=89, z=-408}
[22:10:06] [Server thread/WARN]: Mismatch in destroy block pos: class_2338{x=7, y=88, z=-408} class_2338{x=7, y=89, z=-408}
[22:10:06] [Server thread/WARN]: Mismatch in destroy block pos: class_2338{x=7, y=88, z=-408} class_2338{x=7, y=89, z=-408}
[22:10:06] [Server thread/WARN]: Mismatch in destroy block pos: class_2338{x=7, y=88, z=-408} class_2338{x=7, y=89, z=-408}
[22:10:07] [Server thread/WARN]: Mismatch in destroy block pos: class_2338{x=7, y=88, z=-408} class_2338{x=7, y=89, z=-408}
[22:10:07] [Server thread/WARN]: Mismatch in destroy block pos: class_2338{x=7, y=88, z=-408} class_2338{x=7, y=89, z=-408}
[22:10:07] [Server thread/WARN]: Mismatch in destroy block pos: class_2338{x=7, y=88, z=-408} class_2338{x=7, y=89, z=-408}
[22:10:08] [Server thread/WARN]: Mismatch in destroy block pos: class_2338{x=7, y=88, z=-408} class_2338{x=7, y=89, z=-408}
[22:10:08] [Server thread/WARN]: Mismatch in destroy block pos: class_2338{x=7, y=88, z=-408} class_2338{x=7, y=89, z=-408}
[22:10:09] [Server thread/WARN]: Mismatch in destroy block pos: class_2338{x=7, y=88, z=-408} class_2338{x=7, y=89, z=-408}
[22:10:09] [Server thread/WARN]: Mismatch in destroy block pos: class_2338{x=7, y=88, z=-408} class_2338{x=7, y=89, z=-408}
[22:10:09] [Server thread/WARN]: Mismatch in destroy block pos: class_2338{x=7, y=88, z=-408} class_2338{x=7, y=89, z=-408}
[22:10:10] [Server thread/WARN]: Mismatch in destroy block pos: class_2338{x=7, y=88, z=-408} class_2338{x=7, y=89, z=-408}
[22:10:10] [Server thread/WARN]: Mismatch in destroy block pos: class_2338{x=7, y=88, z=-408} class_2338{x=7, y=89, z=-408}
[22:10:10] [Server thread/WARN]: Mismatch in destroy block pos: class_2338{x=7, y=88, z=-408} class_2338{x=7, y=89, z=-408}
[22:10:11] [Server thread/WARN]: Mismatch in destroy block pos: class_2338{x=7, y=88, z=-408} class_2338{x=7, y=89, z=-408}
[22:10:11] [Server thread/WARN]: Mismatch in destroy block pos: class_2338{x=7, y=88, z=-408} class_2338{x=7, y=89, z=-408}
[22:10:12] [Server thread/WARN]: Mismatch in destroy block pos: class_2338{x=7, y=88, z=-408} class_2338{x=7, y=89, z=-408}
[22:10:12] [Server thread/WARN]: Mismatch in destroy block pos: class_2338{x=7, y=88, z=-408} class_2338{x=7, y=89, z=-408}
[22:10:12] [Server thread/WARN]: Mismatch in destroy block pos: class_2338{x=7, y=88, z=-408} class_2338{x=7, y=89, z=-408}
[22:10:13] [Server thread/WARN]: Mismatch in destroy block pos: class_2338{x=7, y=88, z=-408} class_2338{x=7, y=89, z=-408}
[22:10:13] [Server thread/WARN]: Mismatch in destroy block pos: class_2338{x=7, y=88, z=-408} class_2338{x=7, y=89, z=-408}
[22:10:13] [Server thread/WARN]: Mismatch in destroy block pos: class_2338{x=7, y=88, z=-408} class_2338{x=7, y=89, z=-408}
[22:10:14] [Server thread/WARN]: Mismatch in destroy block pos: class_2338{x=7, y=88, z=-408} class_2338{x=7, y=89, z=-408}
[22:10:14] [Server thread/WARN]: Mismatch in destroy block pos: class_2338{x=7, y=88, z=-408} class_2338{x=7, y=89, z=-408}
[22:10:14] [Server thread/WARN]: Mismatch in destroy block pos: class_2338{x=7, y=88, z=-408} class_2338{x=7, y=89, z=-408}
[22:10:15] [Server thread/WARN]: Mismatch in destroy block pos: class_2338{x=7, y=88, z=-408} class_2338{x=7, y=89, z=-408}
[22:10:15] [Server thread/WARN]: Mismatch in destroy block pos: class_2338{x=7, y=88, z=-408} class_2338{x=7, y=89, z=-408}
[22:10:15] [Server thread/WARN]: Mismatch in destroy block pos: class_2338{x=7, y=88, z=-408} class_2338{x=7, y=89, z=-408}
[22:10:16] [Server thread/WARN]: Mismatch in destroy block pos: class_2338{x=7, y=88, z=-408} class_2338{x=7, y=89, z=-408}
[22:10:16] [Server thread/WARN]: Mismatch in destroy block pos: class_2338{x=7, y=88, z=-408} class_2338{x=7, y=89, z=-408}
[22:10:17] [Server thread/WARN]: Mismatch in destroy block pos: class_2338{x=7, y=88, z=-408} class_2338{x=7, y=89, z=-408}
[22:10:17] [Server thread/WARN]: Mismatch in destroy block pos: class_2338{x=7, y=88, z=-408} class_2338{x=7, y=89, z=-408}
[22:10:17] [Server thread/WARN]: Mismatch in destroy block pos: class_2338{x=7, y=88, z=-408} class_2338{x=7, y=89, z=-408}
[22:10:18] [Server thread/WARN]: Mismatch in destroy block pos: class_2338{x=7, y=88, z=-408} class_2338{x=7, y=89, z=-408}
[22:10:18] [Server thread/WARN]: Mismatch in destroy block pos: class_2338{x=7, y=88, z=-408} class_2338{x=7, y=89, z=-408}
[22:10:18] [Server thread/INFO]: <Nan_Yang> 你一会下线的时候把这个假人删掉
[22:10:18] [Server thread/WARN]: Mismatch in destroy block pos: class_2338{x=7, y=88, z=-408} class_2338{x=7, y=89, z=-408}
[22:10:19] [Server thread/WARN]: Mismatch in destroy block pos: class_2338{x=7, y=88, z=-408} class_2338{x=7, y=89, z=-408}
[22:10:19] [Server thread/WARN]: Mismatch in destroy block pos: class_2338{x=7, y=88, z=-408} class_2338{x=7, y=89, z=-408}
[22:10:19] [Server thread/WARN]: Mismatch in destroy block pos: class_2338{x=7, y=88, z=-408} class_2338{x=7, y=89, z=-408}
[22:10:20] [Server thread/WARN]: Mismatch in destroy block pos: class_2338{x=7, y=88, z=-408} class_2338{x=7, y=89, z=-408}
[22:10:20] [Server thread/WARN]: Mismatch in destroy block pos: class_2338{x=7, y=88, z=-408} class_2338{x=7, y=89, z=-408}
[22:10:20] [Server thread/WARN]: Mismatch in destroy block pos: class_2338{x=7, y=88, z=-408} class_2338{x=7, y=89, z=-408}
[22:10:21] [Server thread/WARN]: Mismatch in destroy block pos: class_2338{x=7, y=88, z=-408} class_2338{x=7, y=89, z=-408}
[22:10:21] [Server thread/INFO]: <EDGW> o
[22:10:21] [Server thread/WARN]: Mismatch in destroy block pos: class_2338{x=7, y=88, z=-408} class_2338{x=7, y=89, z=-408}
[22:10:22] [Server thread/WARN]: Mismatch in destroy block pos: class_2338{x=7, y=88, z=-408} class_2338{x=7, y=89, z=-408}
[22:10:22] [Server thread/WARN]: Mismatch in destroy block pos: class_2338{x=7, y=88, z=-408} class_2338{x=7, y=89, z=-408}
[22:10:22] [Server thread/WARN]: Mismatch in destroy block pos: class_2338{x=7, y=88, z=-408} class_2338{x=7, y=89, z=-408}
[22:10:23] [Server thread/INFO]: Tudou[local] logged in with entity id 16893 at (-392.8244400746701, 88.0, 451.11717088892516)
[22:10:23] [Server thread/INFO]: Tudou joined the game
[22:10:23] [Server thread/WARN]: Mismatch in destroy block pos: class_2338{x=7, y=88, z=-408} class_2338{x=7, y=89, z=-408}
[22:10:23] [Server thread/WARN]: Mismatch in destroy block pos: class_2338{x=7, y=88, z=-408} class_2338{x=7, y=89, z=-408}
[22:10:24] [Server thread/WARN]: Mismatch in destroy block pos: class_2338{x=7, y=88, z=-408} class_2338{x=7, y=89, z=-408}
[22:10:24] [Server thread/WARN]: Mismatch in destroy block pos: class_2338{x=7, y=88, z=-408} class_2338{x=7, y=89, z=-408}
[22:10:24] [Server thread/WARN]: Mismatch in destroy block pos: class_2338{x=7, y=88, z=-408} class_2338{x=7, y=89, z=-408}
[22:10:25] [Server thread/WARN]: Mismatch in destroy block pos: class_2338{x=7, y=88, z=-408} class_2338{x=7, y=89, z=-408}
[22:10:25] [Server thread/WARN]: Mismatch in destroy block pos: class_2338{x=7, y=88, z=-408} class_2338{x=7, y=89, z=-408}
[22:10:25] [Server thread/WARN]: Mismatch in destroy block pos: class_2338{x=7, y=88, z=-408} class_2338{x=7, y=89, z=-408}
[22:10:26] [Server thread/WARN]: Mismatch in destroy block pos: class_2338{x=7, y=88, z=-408} class_2338{x=7, y=89, z=-408}
[22:10:26] [Server thread/WARN]: Mismatch in destroy block pos: class_2338{x=7, y=88, z=-408} class_2338{x=7, y=89, z=-408}
[22:10:27] [Server thread/WARN]: Mismatch in destroy block pos: class_2338{x=7, y=88, z=-408} class_2338{x=7, y=89, z=-408}
[22:10:27] [Server thread/WARN]: Mismatch in destroy block pos: class_2338{x=7, y=88, z=-408} class_2338{x=7, y=89, z=-408}
[22:10:27] [Server thread/WARN]: Mismatch in destroy block pos: class_2338{x=7, y=88, z=-408} class_2338{x=7, y=89, z=-408}
[22:10:28] [Server thread/WARN]: Mismatch in destroy block pos: class_2338{x=7, y=88, z=-408} class_2338{x=7, y=89, z=-408}
[22:10:28] [Server thread/WARN]: Mismatch in destroy block pos: class_2338{x=7, y=88, z=-408} class_2338{x=7, y=89, z=-408}
[22:10:33] [Server thread/INFO]: Tudou lost connection: Killed
[22:10:33] [Server thread/INFO]: Tudou left the game
[22:10:33] [Server thread/WARN]: Can't keep up! Is the server overloaded? Running 2016ms or 40 ticks behind
[22:10:33] [Server thread/WARN]: Mismatch in destroy block pos: class_2338{x=7, y=88, z=-408} class_2338{x=7, y=89, z=-408}
[22:10:33] [Server thread/WARN]: Mismatch in destroy block pos: class_2338{x=7, y=88, z=-408} class_2338{x=7, y=89, z=-408}
[22:10:34] [Server thread/WARN]: Mismatch in destroy block pos: class_2338{x=7, y=88, z=-408} class_2338{x=7, y=89, z=-408}
[22:10:34] [Server thread/WARN]: Mismatch in destroy block pos: class_2338{x=7, y=88, z=-408} class_2338{x=7, y=89, z=-408}
[22:10:34] [Server thread/WARN]: Mismatch in destroy block pos: class_2338{x=7, y=88, z=-408} class_2338{x=7, y=89, z=-408}
[22:10:34] [Server thread/WARN]: Mismatch in destroy block pos: class_2338{x=7, y=88, z=-408} class_2338{x=7, y=89, z=-408}
[22:10:34] [Server thread/WARN]: Mismatch in destroy block pos: class_2338{x=7, y=88, z=-408} class_2338{x=7, y=89, z=-408}
[22:10:35] [Server thread/INFO]: Tudou[local] logged in with entity id 17219 at (-393.4472028837105, 88.0, 451.4861139529437)
[22:10:35] [Server thread/INFO]: Tudou joined the game
[22:10:35] [Server thread/WARN]: Mismatch in destroy block pos: class_2338{x=7, y=88, z=-408} class_2338{x=7, y=89, z=-408}
[22:10:35] [Server thread/WARN]: Mismatch in destroy block pos: class_2338{x=7, y=88, z=-408} class_2338{x=7, y=89, z=-408}
[22:10:35] [Server thread/WARN]: Mismatch in destroy block pos: class_2338{x=7, y=88, z=-408} class_2338{x=7, y=89, z=-408}
[22:10:35] [Server thread/WARN]: Mismatch in destroy block pos: class_2338{x=7, y=88, z=-408} class_2338{x=7, y=89, z=-408}
[22:10:35] [Server thread/WARN]: Mismatch in destroy block pos: class_2338{x=7, y=88, z=-408} class_2338{x=7, y=89, z=-408}
[22:10:36] [Server thread/WARN]: Mismatch in destroy block pos: class_2338{x=7, y=88, z=-408} class_2338{x=7, y=89, z=-408}
[22:10:36] [Server thread/WARN]: Mismatch in destroy block pos: class_2338{x=7, y=88, z=-408} class_2338{x=7, y=89, z=-408}
[22:10:36] [Server thread/WARN]: Mismatch in destroy block pos: class_2338{x=7, y=88, z=-408} class_2338{x=7, y=89, z=-408}
[22:10:36] [Server thread/WARN]: Mismatch in destroy block pos: class_2338{x=7, y=88, z=-408} class_2338{x=7, y=89, z=-408}
[22:10:36] [Server thread/WARN]: Mismatch in destroy block pos: class_2338{x=7, y=88, z=-408} class_2338{x=7, y=89, z=-408}
[22:10:37] [Server thread/WARN]: Mismatch in destroy block pos: class_2338{x=7, y=88, z=-408} class_2338{x=7, y=89, z=-408}
[22:10:37] [Server thread/WARN]: Mismatch in destroy block pos: class_2338{x=7, y=88, z=-408} class_2338{x=7, y=89, z=-408}
[22:10:37] [Server thread/WARN]: Mismatch in destroy block pos: class_2338{x=7, y=88, z=-408} class_2338{x=7, y=89, z=-408}
[22:10:37] [Server thread/WARN]: Mismatch in destroy block pos: class_2338{x=7, y=88, z=-408} class_2338{x=7, y=89, z=-408}
[22:10:37] [Server thread/WARN]: Mismatch in destroy block pos: class_2338{x=7, y=88, z=-408} class_2338{x=7, y=89, z=-408}
[22:10:37] [Server thread/WARN]: Mismatch in destroy block pos: class_2338{x=7, y=88, z=-408} class_2338{x=7, y=89, z=-408}
[22:10:38] [Server thread/WARN]: Mismatch in destroy block pos: class_2338{x=7, y=88, z=-408} class_2338{x=7, y=89, z=-408}
[22:10:38] [Server thread/WARN]: Mismatch in destroy block pos: class_2338{x=7, y=88, z=-408} class_2338{x=7, y=89, z=-408}
[22:10:38] [Server thread/WARN]: Mismatch in destroy block pos: class_2338{x=7, y=88, z=-408} class_2338{x=7, y=89, z=-408}
[22:10:38] [Server thread/WARN]: Mismatch in destroy block pos: class_2338{x=7, y=88, z=-408} class_2338{x=7, y=89, z=-408}
[22:10:38] [Server thread/WARN]: Mismatch in destroy block pos: class_2338{x=7, y=88, z=-408} class_2338{x=7, y=89, z=-408}
[22:10:38] [Server thread/WARN]: Mismatch in destroy block pos: class_2338{x=7, y=88, z=-408} class_2338{x=7, y=89, z=-408}
[22:10:39] [Server thread/WARN]: Mismatch in destroy block pos: class_2338{x=7, y=88, z=-408} class_2338{x=7, y=89, z=-408}
[22:10:39] [Server thread/WARN]: Mismatch in destroy block pos: class_2338{x=7, y=88, z=-408} class_2338{x=7, y=89, z=-408}
[22:10:39] [Server thread/WARN]: Mismatch in destroy block pos: class_2338{x=7, y=88, z=-408} class_2338{x=7, y=89, z=-408}
[22:10:39] [Server thread/WARN]: Mismatch in destroy block pos: class_2338{x=7, y=88, z=-408} class_2338{x=7, y=89, z=-408}
[22:10:39] [Server thread/WARN]: Mismatch in destroy block pos: class_2338{x=7, y=88, z=-408} class_2338{x=7, y=89, z=-408}
[22:10:40] [Server thread/WARN]: Mismatch in destroy block pos: class_2338{x=7, y=88, z=-408} class_2338{x=7, y=89, z=-408}
[22:10:40] [Server thread/WARN]: Mismatch in destroy block pos: class_2338{x=7, y=88, z=-408} class_2338{x=7, y=89, z=-408}
[22:10:40] [Server thread/WARN]: Mismatch in destroy block pos: class_2338{x=7, y=88, z=-408} class_2338{x=7, y=89, z=-408}
[22:10:40] [Server thread/WARN]: Mismatch in destroy block pos: class_2338{x=7, y=88, z=-408} class_2338{x=7, y=89, z=-408}
[22:10:40] [Server thread/WARN]: Mismatch in destroy block pos: class_2338{x=7, y=88, z=-408} class_2338{x=7, y=89, z=-408}
[22:10:41] [Server thread/WARN]: Mismatch in destroy block pos: class_2338{x=7, y=88, z=-408} class_2338{x=7, y=89, z=-408}
[22:10:41] [Server thread/WARN]: Mismatch in destroy block pos: class_2338{x=7, y=88, z=-408} class_2338{x=7, y=89, z=-408}
[22:10:41] [Server thread/WARN]: Mismatch in destroy block pos: class_2338{x=7, y=88, z=-408} class_2338{x=7, y=89, z=-408}
[22:10:41] [Server thread/WARN]: Mismatch in destroy block pos: class_2338{x=7, y=88, z=-408} class_2338{x=7, y=89, z=-408}
[22:10:52] [Server thread/WARN]: Can't keep up! Is the server overloaded? Running 2004ms or 40 ticks behind
[22:10:52] [Server thread/INFO]: <EDGW> ChengXi123
[22:10:54] [Server thread/WARN]: Mismatch in destroy block pos: class_2338{x=7, y=88, z=-408} class_2338{x=7, y=89, z=-408}
[22:10:55] [Server thread/WARN]: Mismatch in destroy block pos: class_2338{x=7, y=88, z=-408} class_2338{x=7, y=89, z=-408}
[22:10:55] [Server thread/INFO]: <Nan_Yang> 我再去女巫塔放一个，那个不要善待哦
[22:10:55] [Server thread/WARN]: Mismatch in destroy block pos: class_2338{x=7, y=88, z=-408} class_2338{x=7, y=89, z=-408}
[22:10:55] [Server thread/WARN]: Mismatch in destroy block pos: class_2338{x=7, y=88, z=-408} class_2338{x=7, y=89, z=-408}
[22:10:56] [Server thread/WARN]: Mismatch in destroy block pos: class_2338{x=7, y=88, z=-408} class_2338{x=7, y=89, z=-408}
[22:10:56] [Server thread/WARN]: Mismatch in destroy block pos: class_2338{x=7, y=88, z=-408} class_2338{x=7, y=89, z=-408}
[22:10:56] [Server thread/WARN]: Mismatch in destroy block pos: class_2338{x=7, y=88, z=-408} class_2338{x=7, y=89, z=-408}
[22:10:57] [Server thread/WARN]: Mismatch in destroy block pos: class_2338{x=7, y=88, z=-408} class_2338{x=7, y=89, z=-408}
[22:10:57] [Server thread/WARN]: Mismatch in destroy block pos: class_2338{x=7, y=88, z=-408} class_2338{x=7, y=89, z=-408}
[22:10:58] [Server thread/WARN]: Mismatch in destroy block pos: class_2338{x=7, y=88, z=-408} class_2338{x=7, y=89, z=-408}
[22:10:58] [Server thread/WARN]: Mismatch in destroy block pos: class_2338{x=7, y=88, z=-408} class_2338{x=7, y=89, z=-408}
[22:10:58] [Server thread/WARN]: Mismatch in destroy block pos: class_2338{x=7, y=88, z=-408} class_2338{x=7, y=89, z=-408}
[22:10:59] [Server thread/INFO]: <Nan_Yang> 我再去女巫塔放一个，那个不要删掉
[22:10:59] [Server thread/WARN]: Mismatch in destroy block pos: class_2338{x=7, y=88, z=-408} class_2338{x=7, y=89, z=-408}
[22:10:59] [Server thread/WARN]: Mismatch in destroy block pos: class_2338{x=7, y=88, z=-408} class_2338{x=7, y=89, z=-408}
[22:10:59] [Server thread/WARN]: Mismatch in destroy block pos: class_2338{x=7, y=88, z=-408} class_2338{x=7, y=89, z=-408}
[22:11:00] [Server thread/WARN]: Mismatch in destroy block pos: class_2338{x=7, y=88, z=-408} class_2338{x=7, y=89, z=-408}
[22:11:00] [Server thread/WARN]: Mismatch in destroy block pos: class_2338{x=7, y=88, z=-408} class_2338{x=7, y=89, z=-408}
[22:11:01] [Server thread/WARN]: Mismatch in destroy block pos: class_2338{x=7, y=88, z=-408} class_2338{x=7, y=89, z=-408}
[22:11:01] [Server thread/WARN]: Mismatch in destroy block pos: class_2338{x=7, y=88, z=-408} class_2338{x=7, y=89, z=-408}
[22:11:01] [Server thread/WARN]: Mismatch in destroy block pos: class_2338{x=7, y=88, z=-408} class_2338{x=7, y=89, z=-408}
[22:11:02] [Server thread/WARN]: Mismatch in destroy block pos: class_2338{x=7, y=88, z=-408} class_2338{x=7, y=89, z=-408}
[22:11:02] [Server thread/INFO]: <EDGW> o
[22:11:02] [Server thread/WARN]: Mismatch in destroy block pos: class_2338{x=7, y=88, z=-408} class_2338{x=7, y=89, z=-408}
[22:11:02] [Server thread/WARN]: Mismatch in destroy block pos: class_2338{x=7, y=88, z=-408} class_2338{x=7, y=89, z=-408}
[22:11:03] [Server thread/WARN]: Mismatch in destroy block pos: class_2338{x=7, y=88, z=-408} class_2338{x=7, y=89, z=-408}
[22:11:03] [Server thread/WARN]: Mismatch in destroy block pos: class_2338{x=7, y=88, z=-408} class_2338{x=7, y=89, z=-408}
[22:11:04] [Server thread/WARN]: Mismatch in destroy block pos: class_2338{x=7, y=88, z=-408} class_2338{x=7, y=89, z=-408}
[22:11:04] [Server thread/WARN]: Mismatch in destroy block pos: class_2338{x=7, y=88, z=-408} class_2338{x=7, y=89, z=-408}
[22:11:04] [Server thread/WARN]: Mismatch in destroy block pos: class_2338{x=7, y=88, z=-408} class_2338{x=7, y=89, z=-408}
[22:11:10] [Server thread/WARN]: Can't keep up! Is the server overloaded? Running 2783ms or 55 ticks behind
[22:11:31] [Server thread/WARN]: Can't keep up! Is the server overloaded? Running 6138ms or 122 ticks behind
[22:11:58] [Server thread/WARN]: Can't keep up! Is the server overloaded? Running 2006ms or 40 ticks behind
[22:11:59] [Server thread/INFO]: nvwu[local] logged in with entity id 19458 at (241.69999998807907, 184.0, 214.30000001192093)
[22:11:59] [Server thread/INFO]: nvwu joined the game
[22:12:15] [Server thread/WARN]: Can't keep up! Is the server overloaded? Running 2743ms or 54 ticks behind
[22:12:33] [Server thread/WARN]: Can't keep up! Is the server overloaded? Running 2743ms or 54 ticks behind
[22:12:53] [Server thread/WARN]: Can't keep up! Is the server overloaded? Running 5498ms or 109 ticks behind
[22:13:13] [Server thread/INFO]: <EDGW> 我先去洗澡
[22:13:14] [Server thread/WARN]: Can't keep up! Is the server overloaded? Running 6051ms or 121 ticks behind
[22:13:23] [Server thread/INFO]: <ChengXi123> 挖这里干啥？
[22:13:33] [Server thread/INFO]: <EDGW> 车站2楼 下面是地铁
[22:13:35] [Server thread/WARN]: Can't keep up! Is the server overloaded? Running 5782ms or 115 ticks behind
[22:13:54] [Server thread/WARN]: Can't keep up! Is the server overloaded? Running 4058ms or 81 ticks behind
[22:14:17] [Server thread/WARN]: Can't keep up! Is the server overloaded? Running 2007ms or 40 ticks behind
[22:14:37] [Server thread/WARN]: Can't keep up! Is the server overloaded? Running 2003ms or 40 ticks behind
[22:14:58] [Server thread/WARN]: Can't keep up! Is the server overloaded? Running 2021ms or 40 ticks behind
[22:15:05] [Server thread/INFO]: <ChengXi123> 挖多大
[22:15:28] [Server thread/WARN]: Can't keep up! Is the server overloaded? Running 2016ms or 40 ticks behind
[22:15:53] [Server thread/WARN]: Can't keep up! Is the server overloaded? Running 2004ms or 40 ticks behind
[22:15:58] [Server thread/WARN]: Mismatch in destroy block pos: class_2338{x=-28, y=81, z=-391} class_2338{x=-29, y=82, z=-392}
[22:15:59] [Server thread/WARN]: Mismatch in destroy block pos: class_2338{x=-28, y=81, z=-391} class_2338{x=-29, y=82, z=-393}
[22:16:22] [Server thread/WARN]: Can't keep up! Is the server overloaded? Running 2009ms or 40 ticks behind
[22:16:56] [Server thread/WARN]: Can't keep up! Is the server overloaded? Running 2002ms or 40 ticks behind
[22:17:17] [Server thread/WARN]: Can't keep up! Is the server overloaded? Running 2004ms or 40 ticks behind
[22:17:35] [Server thread/WARN]: Can't keep up! Is the server overloaded? Running 2004ms or 40 ticks behind
[22:17:53] [Server thread/WARN]: Can't keep up! Is the server overloaded? Running 2225ms or 44 ticks behind
[22:18:11] [Server thread/WARN]: Can't keep up! Is the server overloaded? Running 3429ms or 68 ticks behind
[22:18:29] [Server thread/WARN]: Can't keep up! Is the server overloaded? Running 2828ms or 56 ticks behind
[22:18:32] [Server thread/INFO]: <Nan_Yang> 听完这首歌就下
[22:18:37] [Server thread/INFO]: <Nan_Yang> awa
[22:18:39] [Server thread/WARN]: Mismatch in destroy block pos: class_2338{x=-28, y=81, z=-391} class_2338{x=-28, y=82, z=-392}
[22:18:39] [Server thread/WARN]: Mismatch in destroy block pos: class_2338{x=-28, y=81, z=-391} class_2338{x=-28, y=82, z=-393}
[22:18:41] [Server thread/WARN]: Mismatch in destroy block pos: class_2338{x=-28, y=81, z=-393} class_2338{x=-29, y=82, z=-394}
[22:18:41] [Server thread/WARN]: Mismatch in destroy block pos: class_2338{x=-29, y=81, z=-394} class_2338{x=-28, y=82, z=-394}
[22:18:46] [Server thread/WARN]: Can't keep up! Is the server overloaded? Running 2609ms or 52 ticks behind
[22:18:50] [Server thread/INFO]: <xiaolouQAQ> 这歌还有bug
[22:19:04] [Server thread/WARN]: Can't keep up! Is the server overloaded? Running 2605ms or 52 ticks behind
[22:19:21] [Server thread/WARN]: Can't keep up! Is the server overloaded? Running 2075ms or 41 ticks behind
[22:19:38] [Server thread/WARN]: Can't keep up! Is the server overloaded? Running 2009ms or 40 ticks behind
[22:19:56] [Server thread/WARN]: Can't keep up! Is the server overloaded? Running 2323ms or 46 ticks behind
[22:19:56] [Server thread/WARN]: Mismatch in destroy block pos: class_2338{x=-29, y=83, z=-393} class_2338{x=-29, y=83, z=-394}
[22:20:13] [Server thread/WARN]: Can't keep up! Is the server overloaded? Running 2219ms or 44 ticks behind
[22:20:31] [Server thread/WARN]: Can't keep up! Is the server overloaded? Running 2909ms or 58 ticks behind
[22:20:45] [Server thread/INFO]: <Nan_Yang> ChengXi123
[22:20:49] [Server thread/WARN]: Can't keep up! Is the server overloaded? Running 2013ms or 40 ticks behind
[22:20:55] [Server thread/INFO]: <ChengXi123> ?
[22:20:57] [Server thread/INFO]: <Nan_Yang> 一会来把这个拆了
[22:21:07] [Server thread/WARN]: Can't keep up! Is the server overloaded? Running 2006ms or 40 ticks behind
[22:21:10] [Server thread/INFO]: <ChengXi123> 什么东西？
[22:21:17] [Server thread/INFO]: <Nan_Yang> 就是那个红石
[22:21:25] [Server thread/WARN]: Can't keep up! Is the server overloaded? Running 2006ms or 40 ticks behind
[22:21:38] [Server thread/INFO]: <ChengXi123> o
[22:21:46] [Server thread/WARN]: Can't keep up! Is the server overloaded? Running 2002ms or 40 ticks behind
[22:22:04] [Server thread/WARN]: Can't keep up! Is the server overloaded? Running 2007ms or 40 ticks behind
[22:22:22] [Server thread/WARN]: Can't keep up! Is the server overloaded? Running 2644ms or 52 ticks behind
[22:22:39] [Server thread/WARN]: Can't keep up! Is the server overloaded? Running 2368ms or 47 ticks behind
[22:22:57] [Server thread/WARN]: Can't keep up! Is the server overloaded? Running 2005ms or 40 ticks behind
[22:23:18] [Server thread/WARN]: Can't keep up! Is the server overloaded? Running 2018ms or 40 ticks behind
[22:23:32] [Server thread/WARN]: Fetching packet for removed entity class_1542['Air'/33671, l='ServerLevel[world]', x=-302.48, y=70.01, z=362.88]
[22:23:39] [Server thread/WARN]: Can't keep up! Is the server overloaded? Running 2531ms or 50 ticks behind
[22:23:50] [Server thread/INFO]: <Nan_Yang> 拜拜~~
[22:23:53] [Server thread/INFO]: <xiaolouQAQ> 88
[22:23:56] [Server thread/WARN]: Can't keep up! Is the server overloaded? Running 2097ms or 41 ticks behind
[22:24:02] [Server thread/INFO]: Nan_Yang lost connection: Disconnected
[22:24:02] [Server thread/INFO]: Nan_Yang left the game
[22:24:20] [Server thread/WARN]: Mismatch in destroy block pos: class_2338{x=-28, y=84, z=-393} class_2338{x=-29, y=83, z=-394}
[22:24:21] [Server thread/WARN]: Can't keep up! Is the server overloaded? Running 2010ms or 40 ticks behind
[22:24:46] [Server thread/WARN]: Can't keep up! Is the server overloaded? Running 2006ms or 40 ticks behind
[22:25:14] [Server thread/WARN]: Mismatch in destroy block pos: class_2338{x=-29, y=87, z=-390} class_2338{x=-26, y=83, z=-395}
[22:25:21] [Server thread/WARN]: Can't keep up! Is the server overloaded? Running 2003ms or 40 ticks behind
[22:25:52] [Server thread/WARN]: Can't keep up! Is the server overloaded? Running 2001ms or 40 ticks behind
[22:26:20] [Server thread/WARN]: Mismatch in destroy block pos: class_2338{x=-31, y=83, z=-394} class_2338{x=-31, y=82, z=-394}
[22:26:23] [Server thread/WARN]: Mismatch in destroy block pos: class_2338{x=-31, y=80, z=-394} class_2338{x=-31, y=81, z=-393}
[22:26:23] [Server thread/WARN]: Mismatch in destroy block pos: class_2338{x=-31, y=80, z=-393} class_2338{x=-31, y=81, z=-392}
[22:26:24] [Server thread/WARN]: Mismatch in destroy block pos: class_2338{x=-31, y=82, z=-392} class_2338{x=-31, y=81, z=-391}
[22:26:24] [Server thread/WARN]: Can't keep up! Is the server overloaded? Running 2012ms or 40 ticks behind
[22:26:25] [Server thread/WARN]: Mismatch in destroy block pos: class_2338{x=-31, y=81, z=-390} class_2338{x=-31, y=82, z=-391}
[22:26:25] [Server thread/WARN]: Mismatch in destroy block pos: class_2338{x=-31, y=81, z=-390} class_2338{x=-31, y=82, z=-390}
[22:26:31] [Server thread/INFO]: <xiaolouQAQ> 你们有精准镐子吗
[22:26:35] [Server thread/WARN]: Mismatch in destroy block pos: class_2338{x=-31, y=81, z=-390} class_2338{x=-32, y=82, z=-392}
[22:26:37] [Server thread/WARN]: Mismatch in destroy block pos: class_2338{x=-31, y=81, z=-390} class_2338{x=-32, y=82, z=-393}
[22:26:38] [Server thread/WARN]: Mismatch in destroy block pos: class_2338{x=-31, y=81, z=-390} class_2338{x=-32, y=82, z=-394}
[22:26:39] [Server thread/INFO]: <xiaolouQAQ> 我来帮你们挖地铁
[22:26:55] [Server thread/WARN]: Mismatch in destroy block pos: class_2338{x=-31, y=81, z=-390} class_2338{x=-31, y=83, z=-393}
[22:26:56] [Server thread/WARN]: Mismatch in destroy block pos: class_2338{x=-31, y=81, z=-390} class_2338{x=-31, y=83, z=-390}
[22:26:56] [Server thread/WARN]: Mismatch in destroy block pos: class_2338{x=-31, y=81, z=-390} class_2338{x=-31, y=82, z=-390}
[22:27:00] [Server thread/WARN]: Mismatch in destroy block pos: class_2338{x=-31, y=81, z=-390} class_2338{x=-31, y=83, z=-391}
[22:27:00] [Server thread/WARN]: Can't keep up! Is the server overloaded? Running 2012ms or 40 ticks behind
[22:27:13] [Server thread/INFO]: <EDGW> 没有
[22:27:37] [Server thread/INFO]: <ChengXi123> 我有，你要多少
[22:27:39] [Server thread/INFO]: <EDGW> 地铁施工是所有工程中最穷的
[22:27:45] [Server thread/WARN]: Can't keep up! Is the server overloaded? Running 2004ms or 40 ticks behind
[22:27:48] [Server thread/INFO]: <xiaolouQAQ> 一个镐子，我来跟你们挖
[22:27:58] [Server thread/INFO]: <xiaolouQAQ> 我奇缺石头
[22:28:00] [Server thread/INFO]: <ChengXi123> 等等，我去拿
[22:28:06] [Server thread/INFO]: <EDGW> 用了7盒混凝土了
[22:28:24] [Server thread/INFO]: <EDGW> 才铺了200m就用了7盒混凝土
[22:28:26] [Server thread/WARN]: Can't keep up! Is the server overloaded? Running 2002ms or 40 ticks behind
[22:28:30] [Server thread/INFO]: <xiaolouQAQ> wc?
[22:28:43] [Server thread/INFO]: <xiaolouQAQ> 你们在哪
[22:28:46] [Server thread/INFO]: <EDGW> 又一盒没了
[22:28:50] [Server thread/INFO]: <EDGW> 入口在这
[22:29:22] [Server thread/WARN]: Fetching packet for removed entity class_1542['Air'/41057, l='ServerLevel[world]', x=-401.70, y=70.26, z=440.50]
[22:29:22] [Server thread/WARN]: Fetching packet for removed entity class_1542['Air'/41057, l='ServerLevel[world]', x=-401.70, y=70.26, z=440.50]
[22:29:22] [Server thread/WARN]: Fetching packet for removed entity class_1542['Air'/41057, l='ServerLevel[world]', x=-401.70, y=70.26, z=440.50]
[22:29:22] [Server thread/WARN]: Fetching packet for removed entity class_1542['Air'/41057, l='ServerLevel[world]', x=-401.70, y=70.26, z=440.50]
[22:29:59] [Server thread/WARN]: Fetching packet for removed entity class_1542['Potato'/41751, l='ServerLevel[world]', x=-401.70, y=78.33, z=430.07]
[22:30:33] [Server thread/INFO]: <ChengXi123> EDGW给你一把，用坏了自己修
[22:30:37] [Server thread/INFO]: <EDGW> o
[22:30:39] [Server thread/INFO]: ChengXi123 was blown up by Creeper
[22:30:44] [Server thread/INFO]: <xiaolouQAQ> ????
[22:31:02] [Server thread/INFO]: <xiaolouQAQ> EDGW 我跟你走
[22:31:12] [Server thread/INFO]: <EDGW> 我还在拿混凝土
[22:32:06] [Server thread/INFO]: ChengXi123 lost connection: Timed out
[22:32:06] [Server thread/INFO]: ChengXi123 left the game
[22:32:09] [Server thread/INFO]: ChengXi123[/127.0.0.1:39434] logged in with entity id 44920 at (-411.29292097805325, 71.6279968030076, 526.4565717025002)
[22:32:09] [Server thread/INFO]: ChengXi123 joined the game
[22:32:09] [Netty Epoll Server IO #7/WARN]: Received invalid identifier in minecraft:register: legacy:fml|hs (Non [a-z0-9/._-] character in path of location: legacy:fml|hs)
[22:32:10] [Netty Epoll Server IO #7/INFO]: Player ChengXi123 joined with a matching carpet client
[22:32:52] [Server thread/INFO]: <EDGW> ?
[22:33:03] [Server thread/INFO]: <xiaolouQAQ> 挖哪些
[22:33:07] [Server thread/INFO]: <EDGW> 楼上
[22:33:23] [Server thread/INFO]: <xiaolouQAQ> 这么高全挖完？
[22:33:36] [Server thread/INFO]: <EDGW> 随便挖 高度别挖
[22:33:41] [Server thread/INFO]: <ChengXi123> EDGW用坏了自己修
[22:33:51] [Server thread/INFO]: <EDGW> o
[22:34:02] [Server thread/INFO]: <xiaolouQAQ> 你这咋不是急迫2 ==
[22:34:07] [Server thread/INFO]: <EDGW> 没钱
[22:34:29] [Server thread/INFO]: <ChengXi123> 我去搞
[22:34:41] [Server thread/INFO]: <EDGW> 小葵给地铁施工一毛钱都没投资
[22:34:54] [Server thread/INFO]: <xiaolouQAQ> 急迫2 是要大型基座吗
[22:35:03] [Server thread/INFO]: <EDGW> 好像不一定要
[22:35:05] [Server thread/INFO]: <ChengXi123> 四组够了吧
[22:35:08] [Server thread/INFO]: goudongxi6066 burned to death
[22:35:11] [Server thread/INFO]: <EDGW> 肯定够了
[22:35:52] [Server thread/INFO]: ChengXi123 lost connection: Disconnected
[22:35:52] [Server thread/INFO]: ChengXi123 left the game
[22:35:54] [Server thread/INFO]: ChengXi123[/127.0.0.1:42797] logged in with entity id 49932 at (-744.7746470943981, 68.0, 467.8948212126288)
[22:35:54] [Server thread/INFO]: ChengXi123 joined the game
[22:35:54] [Netty Epoll Server IO #1/WARN]: Received invalid identifier in minecraft:register: legacy:fml|hs (Non [a-z0-9/._-] character in path of location: legacy:fml|hs)
[22:35:55] [Netty Epoll Server IO #1/INFO]: Player ChengXi123 joined with a matching carpet client
[22:35:58] [Server thread/INFO]: <EDGW> 好了 最后挖出一个长方形就行了 不要太大
[22:35:59] [Server thread/INFO]: <xiaolouQAQ> 那要啥激活2级效果
[22:36:14] [Server thread/INFO]: <EDGW> 基座+宝石
[22:36:56] [Server thread/INFO]: <EDGW> 看着一堆混凝土 搞得都不要钱的一样 hh
[22:37:10] [Server thread/INFO]: <xiaolouQAQ> 都是时间
[22:38:13] [Server thread/INFO]: <EDGW> 我去做台阶
[22:38:25] [Server thread/INFO]: <EDGW> 石英还是石砖
[22:38:31] [Server thread/WARN]: Mismatch in destroy block pos: class_2338{x=0, y=0, z=0} class_2338{x=7, y=89, z=-408}
[22:38:32] [Server thread/WARN]: Mismatch in destroy block pos: class_2338{x=7, y=88, z=-408} class_2338{x=7, y=89, z=-408}
[22:38:32] [Server thread/WARN]: Mismatch in destroy block pos: class_2338{x=7, y=88, z=-408} class_2338{x=7, y=89, z=-408}
[22:38:32] [Server thread/INFO]: <xiaolouQAQ> 石砖吧
[22:38:32] [Server thread/WARN]: Mismatch in destroy block pos: class_2338{x=7, y=88, z=-408} class_2338{x=7, y=89, z=-408}
[22:38:33] [Server thread/WARN]: Mismatch in destroy block pos: class_2338{x=6, y=88, z=-408} class_2338{x=7, y=89, z=-408}
[22:38:33] [Server thread/WARN]: Mismatch in destroy block pos: class_2338{x=7, y=88, z=-408} class_2338{x=7, y=89, z=-408}
[22:38:33] [Server thread/WARN]: Mismatch in destroy block pos: class_2338{x=7, y=88, z=-408} class_2338{x=7, y=89, z=-408}
[22:38:33] [Server thread/WARN]: Mismatch in destroy block pos: class_2338{x=7, y=88, z=-408} class_2338{x=7, y=89, z=-408}
[22:38:34] [Server thread/WARN]: Mismatch in destroy block pos: class_2338{x=7, y=88, z=-408} class_2338{x=7, y=89, z=-408}
[22:38:34] [Server thread/WARN]: Mismatch in destroy block pos: class_2338{x=7, y=88, z=-408} class_2338{x=7, y=89, z=-408}
[22:38:34] [Server thread/WARN]: Mismatch in destroy block pos: class_2338{x=7, y=88, z=-408} class_2338{x=7, y=89, z=-408}
[22:38:35] [Server thread/WARN]: Mismatch in destroy block pos: class_2338{x=7, y=88, z=-408} class_2338{x=7, y=89, z=-408}
[22:38:35] [Server thread/INFO]: <EDGW> o
[22:38:35] [Server thread/WARN]: Mismatch in destroy block pos: class_2338{x=7, y=88, z=-408} class_2338{x=7, y=89, z=-408}
[22:38:35] [Server thread/WARN]: Mismatch in destroy block pos: class_2338{x=7, y=88, z=-408} class_2338{x=7, y=89, z=-408}
[22:38:36] [Server thread/WARN]: Mismatch in destroy block pos: class_2338{x=7, y=88, z=-408} class_2338{x=7, y=89, z=-408}
[22:38:36] [Server thread/WARN]: Mismatch in destroy block pos: class_2338{x=7, y=88, z=-408} class_2338{x=7, y=89, z=-408}
[22:38:36] [Server thread/WARN]: Mismatch in destroy block pos: class_2338{x=7, y=88, z=-408} class_2338{x=7, y=89, z=-408}
[22:38:37] [Server thread/WARN]: Mismatch in destroy block pos: class_2338{x=7, y=88, z=-408} class_2338{x=7, y=89, z=-408}
[22:38:37] [Server thread/WARN]: Mismatch in destroy block pos: class_2338{x=7, y=88, z=-408} class_2338{x=7, y=89, z=-408}
[22:38:37] [Server thread/WARN]: Mismatch in destroy block pos: class_2338{x=7, y=88, z=-408} class_2338{x=7, y=89, z=-408}
[22:38:38] [Server thread/WARN]: Mismatch in destroy block pos: class_2338{x=7, y=88, z=-408} class_2338{x=7, y=89, z=-408}
[22:38:38] [Server thread/WARN]: Mismatch in destroy block pos: class_2338{x=7, y=88, z=-408} class_2338{x=7, y=89, z=-408}
[22:38:38] [Server thread/WARN]: Mismatch in destroy block pos: class_2338{x=7, y=88, z=-408} class_2338{x=7, y=89, z=-408}
[22:38:39] [Server thread/WARN]: Mismatch in destroy block pos: class_2338{x=7, y=88, z=-408} class_2338{x=7, y=89, z=-408}
[22:38:39] [Server thread/WARN]: Mismatch in destroy block pos: class_2338{x=7, y=88, z=-408} class_2338{x=7, y=89, z=-408}
[22:38:39] [Server thread/WARN]: Mismatch in destroy block pos: class_2338{x=7, y=88, z=-408} class_2338{x=7, y=89, z=-408}
[22:38:40] [Server thread/WARN]: Mismatch in destroy block pos: class_2338{x=7, y=88, z=-408} class_2338{x=7, y=89, z=-408}
[22:38:40] [Server thread/WARN]: Mismatch in destroy block pos: class_2338{x=7, y=88, z=-408} class_2338{x=7, y=89, z=-408}
[22:38:40] [Server thread/WARN]: Mismatch in destroy block pos: class_2338{x=7, y=88, z=-408} class_2338{x=7, y=89, z=-408}
[22:38:41] [Server thread/WARN]: Mismatch in destroy block pos: class_2338{x=7, y=88, z=-408} class_2338{x=7, y=89, z=-408}
[22:38:41] [Server thread/WARN]: Mismatch in destroy block pos: class_2338{x=7, y=88, z=-408} class_2338{x=7, y=89, z=-408}
[22:38:41] [Server thread/WARN]: Mismatch in destroy block pos: class_2338{x=7, y=88, z=-408} class_2338{x=7, y=89, z=-408}
[22:38:42] [Server thread/WARN]: Mismatch in destroy block pos: class_2338{x=7, y=88, z=-408} class_2338{x=7, y=89, z=-408}
[22:38:42] [Server thread/INFO]: <xiaolouQAQ> 颜色太单调了==
[22:38:42] [Server thread/WARN]: Mismatch in destroy block pos: class_2338{x=7, y=88, z=-408} class_2338{x=7, y=89, z=-408}
[22:38:42] [Server thread/WARN]: Mismatch in destroy block pos: class_2338{x=7, y=88, z=-408} class_2338{x=7, y=89, z=-408}
[22:38:43] [Server thread/WARN]: Mismatch in destroy block pos: class_2338{x=7, y=88, z=-408} class_2338{x=7, y=89, z=-408}
[22:38:44] [Server thread/INFO]: EDGW experienced kinetic energy
[22:38:48] [Server thread/INFO]: <EDGW> .
[22:38:54] [Server thread/INFO]: <xiaolouQAQ> .....
[22:38:57] [Server thread/INFO]: <xiaolouQAQ> 暴毙
[22:39:27] [Server thread/WARN]: Fetching packet for removed entity class_1542['Air'/54461, l='ServerLevel[world]', x=-401.70, y=70.26, z=460.50]
[22:39:27] [Server thread/WARN]: Fetching packet for removed entity class_1542['Air'/54461, l='ServerLevel[world]', x=-401.70, y=70.26, z=460.50]
[22:39:35] [Server thread/WARN]: Mismatch in destroy block pos: class_2338{x=7, y=88, z=-408} class_2338{x=7, y=89, z=-408}
[22:39:36] [Server thread/WARN]: Mismatch in destroy block pos: class_2338{x=7, y=88, z=-408} class_2338{x=7, y=89, z=-408}
[22:39:36] [Server thread/WARN]: Mismatch in destroy block pos: class_2338{x=7, y=88, z=-408} class_2338{x=7, y=89, z=-408}
[22:39:36] [Server thread/WARN]: Mismatch in destroy block pos: class_2338{x=7, y=88, z=-408} class_2338{x=7, y=89, z=-408}
[22:39:37] [Server thread/WARN]: Mismatch in destroy block pos: class_2338{x=7, y=88, z=-408} class_2338{x=7, y=89, z=-408}
[22:39:37] [Server thread/WARN]: Mismatch in destroy block pos: class_2338{x=7, y=88, z=-408} class_2338{x=7, y=89, z=-408}
[22:39:37] [Server thread/WARN]: Mismatch in destroy block pos: class_2338{x=7, y=88, z=-408} class_2338{x=7, y=89, z=-408}
[22:39:38] [Server thread/WARN]: Mismatch in destroy block pos: class_2338{x=7, y=88, z=-408} class_2338{x=7, y=89, z=-408}
[22:39:38] [Server thread/WARN]: Mismatch in destroy block pos: class_2338{x=7, y=88, z=-408} class_2338{x=7, y=89, z=-408}
[22:39:38] [Server thread/WARN]: Mismatch in destroy block pos: class_2338{x=7, y=88, z=-408} class_2338{x=7, y=89, z=-408}
[22:39:39] [Server thread/WARN]: Mismatch in destroy block pos: class_2338{x=7, y=88, z=-408} class_2338{x=7, y=89, z=-408}
[22:39:39] [Server thread/WARN]: Mismatch in destroy block pos: class_2338{x=7, y=88, z=-408} class_2338{x=7, y=89, z=-408}
[22:39:39] [Server thread/WARN]: Mismatch in destroy block pos: class_2338{x=7, y=88, z=-408} class_2338{x=7, y=89, z=-408}
[22:39:40] [Server thread/WARN]: Mismatch in destroy block pos: class_2338{x=7, y=88, z=-408} class_2338{x=7, y=89, z=-408}
[22:39:40] [Server thread/WARN]: Mismatch in destroy block pos: class_2338{x=7, y=88, z=-408} class_2338{x=7, y=89, z=-408}
[22:39:40] [Server thread/WARN]: Mismatch in destroy block pos: class_2338{x=7, y=88, z=-408} class_2338{x=7, y=89, z=-408}
[22:39:41] [Server thread/WARN]: Mismatch in destroy block pos: class_2338{x=7, y=88, z=-408} class_2338{x=7, y=89, z=-408}
[22:39:41] [Server thread/WARN]: Mismatch in destroy block pos: class_2338{x=7, y=88, z=-408} class_2338{x=7, y=89, z=-408}
[22:39:41] [Server thread/WARN]: Mismatch in destroy block pos: class_2338{x=7, y=88, z=-408} class_2338{x=7, y=89, z=-408}
[22:39:42] [Server thread/WARN]: Mismatch in destroy block pos: class_2338{x=7, y=88, z=-408} class_2338{x=7, y=89, z=-408}
[22:39:42] [Server thread/WARN]: Mismatch in destroy block pos: class_2338{x=7, y=88, z=-408} class_2338{x=7, y=89, z=-408}
[22:39:42] [Server thread/WARN]: Mismatch in destroy block pos: class_2338{x=7, y=88, z=-408} class_2338{x=7, y=89, z=-408}
[22:39:43] [Server thread/WARN]: Mismatch in destroy block pos: class_2338{x=7, y=88, z=-408} class_2338{x=7, y=89, z=-408}
[22:39:43] [Server thread/WARN]: Mismatch in destroy block pos: class_2338{x=7, y=88, z=-408} class_2338{x=7, y=89, z=-408}
[22:39:43] [Server thread/WARN]: Mismatch in destroy block pos: class_2338{x=7, y=88, z=-408} class_2338{x=7, y=89, z=-408}
[22:39:44] [Server thread/WARN]: Mismatch in destroy block pos: class_2338{x=7, y=88, z=-408} class_2338{x=7, y=89, z=-408}
[22:39:44] [Server thread/WARN]: Mismatch in destroy block pos: class_2338{x=7, y=88, z=-408} class_2338{x=7, y=89, z=-408}
[22:39:44] [Server thread/WARN]: Mismatch in destroy block pos: class_2338{x=7, y=88, z=-408} class_2338{x=7, y=89, z=-408}
[22:39:45] [Server thread/WARN]: Mismatch in destroy block pos: class_2338{x=7, y=88, z=-408} class_2338{x=7, y=89, z=-408}
[22:39:45] [Server thread/WARN]: Mismatch in destroy block pos: class_2338{x=7, y=88, z=-408} class_2338{x=7, y=89, z=-408}
[22:39:46] [Server thread/WARN]: Mismatch in destroy block pos: class_2338{x=7, y=88, z=-408} class_2338{x=7, y=89, z=-408}
[22:39:46] [Server thread/WARN]: Mismatch in destroy block pos: class_2338{x=7, y=88, z=-408} class_2338{x=7, y=89, z=-408}
[22:39:46] [Server thread/WARN]: Mismatch in destroy block pos: class_2338{x=7, y=88, z=-408} class_2338{x=7, y=89, z=-408}
[22:39:47] [Server thread/WARN]: Mismatch in destroy block pos: class_2338{x=7, y=88, z=-408} class_2338{x=7, y=89, z=-408}
[22:39:47] [Server thread/WARN]: Mismatch in destroy block pos: class_2338{x=7, y=88, z=-408} class_2338{x=7, y=89, z=-408}
[22:39:47] [Server thread/WARN]: Mismatch in destroy block pos: class_2338{x=7, y=88, z=-408} class_2338{x=7, y=89, z=-408}
[22:39:48] [Server thread/WARN]: Mismatch in destroy block pos: class_2338{x=7, y=88, z=-408} class_2338{x=7, y=89, z=-408}
[22:39:48] [Server thread/WARN]: Mismatch in destroy block pos: class_2338{x=7, y=88, z=-408} class_2338{x=7, y=89, z=-408}
[22:39:48] [Server thread/WARN]: Mismatch in destroy block pos: class_2338{x=7, y=88, z=-408} class_2338{x=7, y=89, z=-408}
[22:39:49] [Server thread/WARN]: Mismatch in destroy block pos: class_2338{x=7, y=88, z=-408} class_2338{x=7, y=89, z=-408}
[22:39:49] [Server thread/WARN]: Mismatch in destroy block pos: class_2338{x=7, y=88, z=-408} class_2338{x=7, y=89, z=-408}
[22:39:49] [Server thread/WARN]: Mismatch in destroy block pos: class_2338{x=7, y=88, z=-408} class_2338{x=7, y=89, z=-408}
[22:39:50] [Server thread/WARN]: Mismatch in destroy block pos: class_2338{x=7, y=88, z=-408} class_2338{x=7, y=89, z=-408}
[22:39:50] [Server thread/WARN]: Mismatch in destroy block pos: class_2338{x=7, y=88, z=-408} class_2338{x=7, y=89, z=-408}
[22:39:50] [Server thread/WARN]: Mismatch in destroy block pos: class_2338{x=7, y=88, z=-408} class_2338{x=7, y=89, z=-408}
[22:39:51] [Server thread/WARN]: Mismatch in destroy block pos: class_2338{x=7, y=88, z=-408} class_2338{x=7, y=89, z=-408}
[22:39:51] [Server thread/WARN]: Mismatch in destroy block pos: class_2338{x=7, y=88, z=-408} class_2338{x=7, y=89, z=-408}
[22:39:51] [Server thread/WARN]: Mismatch in destroy block pos: class_2338{x=7, y=88, z=-408} class_2338{x=7, y=89, z=-408}
[22:39:52] [Server thread/WARN]: Mismatch in destroy block pos: class_2338{x=7, y=88, z=-408} class_2338{x=7, y=89, z=-408}
[22:39:52] [Server thread/WARN]: Mismatch in destroy block pos: class_2338{x=7, y=88, z=-408} class_2338{x=7, y=89, z=-408}
[22:39:52] [Server thread/WARN]: Mismatch in destroy block pos: class_2338{x=7, y=88, z=-408} class_2338{x=7, y=89, z=-408}
[22:39:53] [Server thread/WARN]: Mismatch in destroy block pos: class_2338{x=7, y=88, z=-408} class_2338{x=7, y=89, z=-408}
[22:39:53] [Server thread/WARN]: Mismatch in destroy block pos: class_2338{x=7, y=88, z=-408} class_2338{x=7, y=89, z=-408}
[22:39:53] [Server thread/WARN]: Mismatch in destroy block pos: class_2338{x=7, y=88, z=-408} class_2338{x=7, y=89, z=-408}
[22:39:54] [Server thread/WARN]: Mismatch in destroy block pos: class_2338{x=7, y=88, z=-408} class_2338{x=7, y=89, z=-408}
[22:39:54] [Server thread/WARN]: Mismatch in destroy block pos: class_2338{x=7, y=88, z=-408} class_2338{x=7, y=89, z=-408}
[22:39:54] [Server thread/WARN]: Mismatch in destroy block pos: class_2338{x=7, y=88, z=-408} class_2338{x=7, y=89, z=-408}
[22:39:55] [Server thread/WARN]: Mismatch in destroy block pos: class_2338{x=7, y=88, z=-408} class_2338{x=7, y=89, z=-408}
[22:39:55] [Server thread/WARN]: Mismatch in destroy block pos: class_2338{x=7, y=88, z=-408} class_2338{x=7, y=89, z=-408}
[22:39:55] [Server thread/WARN]: Mismatch in destroy block pos: class_2338{x=7, y=88, z=-408} class_2338{x=7, y=89, z=-408}
[22:39:56] [Server thread/WARN]: Mismatch in destroy block pos: class_2338{x=7, y=88, z=-408} class_2338{x=7, y=89, z=-408}
[22:39:56] [Server thread/WARN]: Mismatch in destroy block pos: class_2338{x=7, y=88, z=-408} class_2338{x=7, y=89, z=-408}
[22:39:56] [Server thread/WARN]: Mismatch in destroy block pos: class_2338{x=7, y=88, z=-408} class_2338{x=7, y=89, z=-408}
[22:39:57] [Server thread/WARN]: Mismatch in destroy block pos: class_2338{x=7, y=88, z=-408} class_2338{x=7, y=89, z=-408}
[22:39:57] [Server thread/WARN]: Mismatch in destroy block pos: class_2338{x=7, y=88, z=-408} class_2338{x=7, y=89, z=-408}
[22:39:57] [Server thread/WARN]: Mismatch in destroy block pos: class_2338{x=7, y=88, z=-408} class_2338{x=7, y=89, z=-408}
[22:39:58] [Server thread/WARN]: Mismatch in destroy block pos: class_2338{x=7, y=88, z=-408} class_2338{x=7, y=89, z=-408}
[22:39:58] [Server thread/WARN]: Mismatch in destroy block pos: class_2338{x=7, y=88, z=-408} class_2338{x=7, y=89, z=-408}
[22:39:58] [Server thread/WARN]: Mismatch in destroy block pos: class_2338{x=7, y=88, z=-408} class_2338{x=7, y=89, z=-408}
[22:39:59] [Server thread/WARN]: Mismatch in destroy block pos: class_2338{x=7, y=88, z=-408} class_2338{x=7, y=89, z=-408}
[22:39:59] [Server thread/WARN]: Mismatch in destroy block pos: class_2338{x=7, y=88, z=-408} class_2338{x=7, y=89, z=-408}
[22:39:59] [Server thread/WARN]: Mismatch in destroy block pos: class_2338{x=7, y=88, z=-408} class_2338{x=7, y=89, z=-408}
[22:40:00] [Server thread/WARN]: Mismatch in destroy block pos: class_2338{x=7, y=88, z=-408} class_2338{x=7, y=89, z=-408}
[22:40:00] [Server thread/WARN]: Mismatch in destroy block pos: class_2338{x=7, y=88, z=-408} class_2338{x=7, y=89, z=-408}
[22:40:00] [Server thread/WARN]: Mismatch in destroy block pos: class_2338{x=7, y=88, z=-408} class_2338{x=7, y=89, z=-408}
[22:40:01] [Server thread/WARN]: Mismatch in destroy block pos: class_2338{x=7, y=88, z=-408} class_2338{x=7, y=89, z=-408}
[22:40:01] [Server thread/WARN]: Mismatch in destroy block pos: class_2338{x=7, y=88, z=-408} class_2338{x=7, y=89, z=-408}
[22:40:01] [Server thread/WARN]: Mismatch in destroy block pos: class_2338{x=7, y=88, z=-408} class_2338{x=7, y=89, z=-408}
[22:40:02] [Server thread/WARN]: Mismatch in destroy block pos: class_2338{x=7, y=88, z=-408} class_2338{x=7, y=89, z=-408}
[22:40:02] [Server thread/WARN]: Mismatch in destroy block pos: class_2338{x=7, y=88, z=-408} class_2338{x=7, y=89, z=-408}
[22:40:02] [Server thread/WARN]: Mismatch in destroy block pos: class_2338{x=7, y=88, z=-408} class_2338{x=7, y=89, z=-408}
[22:40:03] [Server thread/WARN]: Mismatch in destroy block pos: class_2338{x=7, y=88, z=-408} class_2338{x=7, y=89, z=-408}
[22:40:03] [Server thread/WARN]: Mismatch in destroy block pos: class_2338{x=7, y=88, z=-408} class_2338{x=7, y=89, z=-408}
[22:40:03] [Server thread/WARN]: Mismatch in destroy block pos: class_2338{x=7, y=88, z=-408} class_2338{x=7, y=89, z=-408}
[22:40:34] [Server thread/WARN]: Mismatch in destroy block pos: class_2338{x=7, y=88, z=-408} class_2338{x=-11, y=92, z=-410}
[22:40:34] [Server thread/WARN]: Mismatch in destroy block pos: class_2338{x=7, y=88, z=-408} class_2338{x=-11, y=92, z=-409}
[22:40:44] [Server thread/WARN]: Mismatch in destroy block pos: class_2338{x=-12, y=91, z=-406} class_2338{x=-27, y=82, z=-393}
[22:40:44] [Server thread/WARN]: Mismatch in destroy block pos: class_2338{x=-12, y=91, z=-406} class_2338{x=-27, y=83, z=-393}
[22:40:45] [Server thread/WARN]: Mismatch in destroy block pos: class_2338{x=-12, y=91, z=-406} class_2338{x=-27, y=83, z=-394}
[22:40:45] [Server thread/WARN]: Mismatch in destroy block pos: class_2338{x=-12, y=91, z=-406} class_2338{x=-27, y=84, z=-395}
[22:40:47] [Server thread/WARN]: Mismatch in destroy block pos: class_2338{x=-12, y=91, z=-406} class_2338{x=-27, y=82, z=-394}
[22:40:47] [Server thread/WARN]: Mismatch in destroy block pos: class_2338{x=-12, y=91, z=-406} class_2338{x=-27, y=82, z=-395}
[22:40:47] [Server thread/WARN]: Mismatch in destroy block pos: class_2338{x=-12, y=91, z=-406} class_2338{x=-27, y=82, z=-395}
[22:40:47] [Server thread/WARN]: Mismatch in destroy block pos: class_2338{x=-12, y=91, z=-406} class_2338{x=-27, y=81, z=-394}
[22:40:47] [Server thread/WARN]: Mismatch in destroy block pos: class_2338{x=-12, y=91, z=-406} class_2338{x=-27, y=81, z=-393}
[22:40:47] [Server thread/WARN]: Mismatch in destroy block pos: class_2338{x=-12, y=91, z=-406} class_2338{x=-27, y=81, z=-395}
[22:41:06] [Server thread/WARN]: Fetching packet for removed entity class_1542['Air'/56510, l='ServerLevel[world]', x=-367.30, y=70.26, z=438.50]
[22:42:11] [Server thread/WARN]: Mismatch in destroy block pos: class_2338{x=-33, y=86, z=-392} class_2338{x=-33, y=85, z=-392}
[22:42:14] [Server thread/WARN]: Mismatch in destroy block pos: class_2338{x=-33, y=85, z=-391} class_2338{x=-33, y=85, z=-390}
[22:42:14] [Server thread/WARN]: Mismatch in destroy block pos: class_2338{x=-33, y=85, z=-391} class_2338{x=-33, y=85, z=-390}
[22:42:15] [Server thread/WARN]: Mismatch in destroy block pos: class_2338{x=-33, y=85, z=-391} class_2338{x=-33, y=86, z=-390}
[22:42:17] [Server thread/WARN]: Mismatch in destroy block pos: class_2338{x=-33, y=85, z=-391} class_2338{x=-32, y=86, z=-390}
[22:42:17] [Server thread/WARN]: Mismatch in destroy block pos: class_2338{x=-33, y=85, z=-391} class_2338{x=-32, y=85, z=-390}
[22:42:17] [Server thread/WARN]: Mismatch in destroy block pos: class_2338{x=-33, y=85, z=-391} class_2338{x=-31, y=85, z=-390}
[22:42:19] [Server thread/WARN]: Mismatch in destroy block pos: class_2338{x=-33, y=85, z=-391} class_2338{x=-31, y=86, z=-390}
[22:42:19] [Server thread/WARN]: Mismatch in destroy block pos: class_2338{x=-33, y=85, z=-391} class_2338{x=-31, y=86, z=-390}
[22:42:19] [Server thread/WARN]: Mismatch in destroy block pos: class_2338{x=-33, y=85, z=-391} class_2338{x=-31, y=86, z=-391}
[22:42:22] [Server thread/WARN]: Mismatch in destroy block pos: class_2338{x=-31, y=86, z=-392} class_2338{x=-31, y=85, z=-391}
[22:42:22] [Server thread/WARN]: Mismatch in destroy block pos: class_2338{x=-31, y=86, z=-392} class_2338{x=-31, y=85, z=-392}
[22:42:22] [Server thread/WARN]: Mismatch in destroy block pos: class_2338{x=-31, y=86, z=-392} class_2338{x=-31, y=84, z=-394}
[22:42:38] [Server thread/INFO]: <EDGW> 你们挖的好高啊
[22:42:47] [Server thread/INFO]: <xiaolouQAQ> 还好
[22:43:04] [Server thread/INFO]: <EDGW> 地铁站那么高 照明问题突出
[22:43:09] [Server thread/INFO]: <EDGW> 以后
[22:43:15] [Server thread/INFO]: <EDGW> 这下面都可以放机器了
[22:43:35] [Server thread/INFO]: <xiaolouQAQ> 那我再挖低点？
[22:43:42] [Server thread/INFO]: <EDGW> buyong
[22:44:01] [Server thread/WARN]: Mismatch in destroy block pos: class_2338{x=-736, y=50, z=469} class_2338{x=-741, y=46, z=473}
[22:44:01] [Server thread/WARN]: Mismatch in destroy block pos: class_2338{x=-736, y=50, z=469} class_2338{x=-741, y=46, z=473}
[22:44:01] [Server thread/WARN]: Mismatch in destroy block pos: class_2338{x=-736, y=50, z=469} class_2338{x=-741, y=46, z=473}
[22:44:18] [Server thread/INFO]: ChengXi123 lost connection: Disconnected
[22:44:18] [Server thread/INFO]: ChengXi123 left the game
[22:49:25] [Server thread/WARN]: Mismatch in destroy block pos: class_2338{x=-27, y=81, z=-393} class_2338{x=-32, y=84, z=-392}
[22:49:59] [Server thread/INFO]: [EDGW: Triggered [cleaner] (set value to 30)]
[22:50:35] [Server thread/INFO]: [EDGW: Triggered [cleaner] (set value to -1)]
[22:52:13] [Server thread/INFO]: <EDGW> 铺天花板
[22:52:34] [Server thread/INFO]: <EDGW> 不好铺啊
[22:52:41] [Server thread/INFO]: <EDGW> 太高了
[22:53:14] [Server thread/INFO]: <xiaolouQAQ> 还往前挖吗
[22:53:19] [Server thread/INFO]: <EDGW> 不挖了
[22:53:34] [Server thread/INFO]: <EDGW> 你那边上面挖2格 个这边上面平
[22:56:42] [Server thread/INFO]: Backup started by: Timer on: 2020-08-10_22-56-42
[22:56:42] [Server thread/INFO]: Saving server...
[22:56:43] [Server thread/INFO]: ThreadedAnvilChunkStorage (world): All chunks are saved
[22:56:43] [Server thread/INFO]: ThreadedAnvilChunkStorage (DIM-1): All chunks are saved
[22:56:43] [Server thread/INFO]: ThreadedAnvilChunkStorage (DIM1): All chunks are saved
[22:56:43] [pool-3-thread-1/INFO]: Starting backup
[22:56:43] [pool-3-thread-1/INFO]: Starting compression...
[22:56:50] [pool-3-thread-1/INFO]: Compression took: 06.683 seconds.
[22:56:50] [pool-3-thread-1/INFO]: Deleting: 2020-08-10_03-14-08.zip
[22:56:50] [pool-3-thread-1/INFO]: Done!
[22:59:27] [Server thread/INFO]: goudongxi6066 lost connection: Disconnected
[22:59:27] [Server thread/INFO]: goudongxi6066 left the game
[22:59:32] [Server thread/WARN]: Fetching packet for removed entity class_1542['Air'/78862, l='ServerLevel[world]', x=-367.30, y=70.26, z=438.50]
[22:59:44] [Server thread/WARN]: Fetching packet for removed entity class_1542['Air'/79075, l='ServerLevel[world]', x=-401.70, y=70.26, z=478.50]
[23:01:12] [Server thread/INFO]: <xiaolouQAQ> 我先上去了
[23:01:16] [Server thread/INFO]: <EDGW> o
[23:01:27] [Server thread/INFO]: <xiaolouQAQ> 咋上去
[23:01:29] [Server thread/INFO]: <xiaolouQAQ> --
[23:01:46] [Server thread/INFO]: <EDGW> 挖个洞 垫上去
[23:01:57] [Server thread/INFO]: <EDGW> 或者走地铁线
[23:02:01] [Server thread/INFO]: <EDGW> 入口飞出去
[23:04:28] [Server thread/INFO]: <xiaolouQAQ> 你家好简陋==
[23:04:37] [Server thread/INFO]: <EDGW> 房子不重要
[23:04:42] [Server thread/INFO]: <EDGW> 只要能睡觉
[23:04:52] [Server thread/INFO]: <xiaolouQAQ> good
[23:10:46] [Server thread/INFO]: <xiaolouQAQ> 我下了
[23:10:49] [Server thread/INFO]: <xiaolouQAQ> 88
[23:11:11] [Server thread/INFO]: Tudou lost connection: Killed
[23:11:11] [Server thread/INFO]: Tudou left the game
[23:11:15] [Server thread/INFO]: <EDGW> o
[23:11:17] [Server thread/INFO]: EDGW lost connection: Disconnected
[23:11:17] [Server thread/INFO]: EDGW left the game
[23:11:49] [Server thread/INFO]: nvwu lost connection: Killed
[23:11:49] [Server thread/INFO]: nvwu left the game
[23:12:02] [Server thread/INFO]: [xiaolouQAQ: Only fake players can be moved or killed]
[23:12:07] [Server thread/INFO]: xiaolouQAQ lost connection: Disconnected
[23:12:07] [Server thread/INFO]: xiaolouQAQ left the game
[23:56:42] [Server thread/INFO]: Backup started by: Timer on: 2020-08-10_23-56-42
[23:56:42] [Server thread/INFO]: Saving server...
[23:56:42] [Server thread/INFO]: ThreadedAnvilChunkStorage (world): All chunks are saved
[23:56:42] [Server thread/INFO]: ThreadedAnvilChunkStorage (DIM-1): All chunks are saved
[23:56:42] [Server thread/INFO]: ThreadedAnvilChunkStorage (DIM1): All chunks are saved
[23:56:42] [pool-3-thread-1/INFO]: Starting backup
[23:56:42] [pool-3-thread-1/INFO]: Starting compression...
[23:56:46] [pool-3-thread-1/INFO]: Compression took: 03.921 seconds.
[23:56:46] [pool-3-thread-1/INFO]: Deleting: 2020-08-10_04-14-08.zip
[23:56:46] [pool-3-thread-1/INFO]: Done!
