[00:37:07] [main/INFO]: Loading for game Minecraft 1.16.1
[00:37:14] [main/INFO]: [FabricLoader] Loading 51 mods: fabric-renderer-api-v1@0.2.13+eae12eb87c, fabric-keybindings-v0@0.2.0+3fa9f7c57c, fabricloader@0.8.8+build.202, bbor@2.3-1.16.1, com_github_shevek_parallelgzip@master-SNAPSHOT, fabric-containers-v0@0.1.8+045df74f7c, lithium@0.5.0, fabric-dimensions-v1@1.0.0+a71b30537c, fabric-object-builder-api-v1@1.5.5+e00ecb5f7c, fabric-api-base@0.1.3+12a8474c7c, fabric-rendering-data-attachment-v1@0.1.3+b7f9825d7c, fabric-textures-v0@1.0.4+eae12eb87c, fabric-rendering-fluids-v1@0.1.7+12a8474c7c, cotton-logging@1.0.0-rc.4, fabric-blockrenderlayer-v1@1.1.4+c6a8ea897c, fabric-renderer-registries-v1@2.0.1+5a0f9a607c, carpet-extra@1.4.0, fabric-loot-tables-v1@0.1.10+059ea8667c, fabric@0.13.1+build.370-1.16, carpet@1.4.0, fabric-particles-v1@0.2.1+0a6f2a707c, fabric-networking-v0@0.1.10+e00ecb5f7c, cotton-config@1.0.0-rc.7, fabric-networking-blockentity-v0@0.2.5+b50ffc7b7c, minecraft@1.16.1, fabric-screen-handler-api-v1@1.0.1+f362c86e7c, here@0.0.8-mc1.16, fabric-command-api-v1@1.0.8+5ce533987c, jankson@3.0.0+j1.2.0, phosphor@0.6.0+build.7, fabric-tool-attribute-api-v1@1.1.4+5794386e7c, fabric-renderer-indigo@0.3.1+059ea8667c, org_apache_commons_commons-compress@1.19, fabric-biomes-v1@0.2.7+059ea8667c, fabric-events-interaction-v0@0.3.3+7066030f7c, fabric-crash-report-info-v1@0.1.2+b7f9825d7c, fabric-rendering-v0@1.1.0+534104907c, fabric-key-binding-api-v1@1.0.0+e16a97747c, fabric-rendering-v1@1.1.2+346247d77c, org_tukaani_xz@1.8, fabric-resource-loader-v0@0.2.5+059ea8667c, fabric-content-registries-v0@0.1.9+059ea8667c, fabric-tag-extensions-v0@0.2.5+5a6e8f4c7c, fabric-registry-sync-v0@0.3.8+7dba2d6c7c, fabric-commands-v0@0.2.0+52d308367c, textile_backup@1.2.3-1.16.1, fabric-mining-levels-v0@0.1.2+b764ce997c, fabric-events-lifecycle-v0@0.1.3+0d474ec47c, fabric-models-v0@0.1.0+dfdb52d67c, fabric-item-groups-v0@0.2.0+438f96367c, fabric-object-builders-v0@0.6.0+da175ad67c
[00:37:14] [main/WARN]: Mod `com_github_shevek_parallelgzip` (master-SNAPSHOT) does not respect SemVer - comparison support is limited.
[00:37:15] [main/INFO]: SpongePowered MIXIN Subsystem Version=0.8 Source=file:/C:/Server/skimit_mirror/fabric-server-launch.jar Service=Knot/Fabric Env=SERVER
[00:37:30] [main/WARN]: @Mixin target net/minecraft/class_3898$class_3208 is public in fabric-networking-v0.mixins.json:MixinEntityTracker and should be specified in value
[00:37:35] [main/WARN]: @Mixin target net[00:38:09] [main/INFO]: Environment: authHost='https://authserver.mojang.com', accountsHost='https://api.mojang.com', sessionHost='https://sessionserver.mojang.com', name='PROD'
[00:38:24] [main/WARN]: Ambiguity between arguments [teleport, destination] and [teleport, targets] with inputs: [Player, 0123, @e, dd12be42-52a9-4a91-a8a1-11c01849e498]
[00:38:24] [main/WARN]: Ambiguity between arguments [teleport, location] and [teleport, destination] with inputs: [0.1 -0.5 .9, 0 0 0]
[00:38:24] [main/WARN]: Ambiguity between arguments [teleport, location] and [teleport, targets] with inputs: [0.1 -0.5 .9, 0 0 0]
[00:38:24] [main/WARN]: Ambiguity between arguments [teleport, targets] and [teleport, destination] with inputs: [Player, 0123, dd12be42-52a9-4a91-a8a1-11c01849e498]
[00:38:24] [main/WARN]: Ambiguity between arguments [teleport, targets, location] and [teleport, targets, destination] with inputs: [0.1 -0.5 .9, 0 0 0]
[00:38:27] [main/INFO]: Reloading ResourceManager: Default, bukkit, Fabric Tool Attribute API (v1), FZ.sDatapack-1.5.0-SNAPSHOT-dev.20200411.0751.zip
[00:38:38] [Worker-Main-2/INFO]: Loaded 7 recipes
[00:38:42] [Worker-Main-2/INFO]: Loaded 927 advancements
[00:38:48] [main/WARN]: [fabric-registry-sync] Could not find the following registries: minecraft:biome_source_type, minecraft:dimension_type, minecraft:chunk_generator_type
[00:38:48] [main/INFO]: [fabric-registry-sync] Loaded registry data [file 1/4]
[00:38:53] [Server thread/INFO]: Starting minecraft server version 1.16.1
[00:38:53] [Server thread/INFO]: Loading properties
[00:38:53] [Server thread/INFO]: Default game type: SURVIVAL
[00:38:53] [Server thread/INFO]: Generating keypair
[00:38:55] [Server thread/INFO]: Starting Minecraft server on *:26565
[00:38:55] [Server thread/INFO]: Using default channel type
[00:39:04] [Server thread/WARN]: **** SERVER IS RUNNING IN OFFLINE/INSECURE MODE!
[00:39:04] [Server thread/WARN]: The server will make no attempt to authenticate usernames. Beware.
[00:39:04] [Server thread/WARN]: While this makes the game possible to play without internet access, it also opens up the ability for hackers to connect with any username they choose.
[00:39:04] [Server thread/WARN]: To change this, set "online-mode" to "true" in the server.properties file.
[00:39:09] [Server thread/INFO]: Preparing level "world"
[00:39:09] [Server thread/INFO]: [CM]: loaded setting commandDraw as false from carpet.conf
[00:39:09] [Server thread/INFO]: [CM]: loaded setting rotatorBlock as true from carpet.conf
[00:39:09] [Server thread/INFO]: [CM]: loaded setting combineXPOrbs as true from carpet.conf
[00:39:09] [Server thread/INFO]: [CM]: loaded setting onePlayerSleeping as true from carpet.conf
[00:39:09] [Server thread/INFO]: [CM]: loaded setting portalSuffocationFix as true from carpet.conf
[00:39:09] [Server thread/INFO]: [CM]: loaded setting leadFix as true from carpet.conf
[00:39:09] [Server thread/INFO]: [CM]: loaded setting antiCheatDisabled as true from carpet.conf
[00:39:09] [Server thread/INFO]: [CM]: loaded setting defaultLoggers as tps,mobcaps from carpet.conf
[00:39:09] [Server thread/INFO]: [CM]: loaded setting unloadedEntityFix as true from carpet.conf
[00:39:09] [Server thread/INFO]: [CM]: loaded setting ctrlQCraftingFix as true from carpet.conf
[00:39:09] [Server thread/INFO]: [CM]: loaded setting language as zh_cn from carpet.conf
[00:39:09] [Server thread/INFO]: [CM]: loaded setting commandTick as false from carpet.conf
[00:39:17] [Server thread/INFO]: create world dimension: minecraft:overworld (seed: 20190827)
[00:39:17] [Server thread/INFO]: create world dimension: minecraft:the_nether (seed: 20190827)
[00:39:17] [Server thread/INFO]: create world dimension: minecraft:the_end (seed: 20190827)
[00:39:17] [Server thread/INFO]: Preparing start region for dimension minecraft:overworld
[00:40:05] [Server thread/INFO]: Preparing spawn area: 0%
[00:40:05] [Server thread/INFO]: Preparing spawn area: 0%
[00:40:05] [Server thread/INFO]: Preparing spawn area: 0%
[00:40:05] [Server thread/INFO]: Preparing spawn area: 0%
[00:40:05] [Server thread/INFO]: Preparing spawn area: 0%
[00:40:05] [Server thread/INFO]: Preparing spawn area: 0%
[00:40:05] [Server thread/INFO]: Preparing spawn area: 0%
[00:40:05] [Server thread/INFO]: Preparing spawn area: 0%
[00:40:05] [Server thread/INFO]: Preparing spawn area: 0%
[00:40:05] [Server thread/INFO]: Preparing spawn area: 0%
[00:40:05] [Server thread/INFO]: Preparing spawn area: 0%
[00:40:05] [Server thread/INFO]: Preparing spawn area: 0%
[00:40:05] [Server thread/INFO]: Preparing spawn area: 0%
[00:40:05] [Server thread/INFO]: Preparing spawn area: 0%
[00:40:05] [Server thread/INFO]: Preparing spawn area: 0%
[00:40:05] [Server thread/INFO]: Preparing spawn area: 0%
[00:40:05] [Server thread/INFO]: Preparing spawn area: 0%
[00:40:05] [Server thread/INFO]: Preparing spawn area: 0%
[00:40:05] [Server thread/INFO]: Preparing spawn area: 0%
[00:40:05] [Server thread/INFO]: Preparing spawn area: 0%
[00:40:05] [Server thread/INFO]: Preparing spawn area: 0%
[00:40:05] [Server thread/INFO]: Preparing spawn area: 0%
[00:40:05] [Server thread/INFO]: Preparing spawn area: 0%
[00:40:05] [Server thread/INFO]: Preparing spawn area: 0%
[00:40:05] [Server thread/INFO]: Preparing spawn area: 0%
[00:40:05] [Server thread/INFO]: Preparing spawn area: 0%
[00:40:05] [Server thread/INFO]: Preparing spawn area: 0%
[00:40:05] [Server thread/INFO]: Preparing spawn area: 0%
[00:40:05] [Server thread/INFO]: Preparing spawn area: 0%
[00:40:05] [Server thread/INFO]: Preparing spawn area: 0%
[00:40:05] [Server thread/INFO]: Preparing spawn area: 0%
[00:40:05] [Server thread/INFO]: Preparing spawn area: 0%
[00:40:05] [Server thread/INFO]: Preparing spawn area: 0%
[00:40:05] [Server thread/INFO]: Preparing spawn area: 0%
[00:40:05] [Server thread/INFO]: Preparing spawn area: 0%
[00:40:05] [Server thread/INFO]: Preparing spawn area: 0%
[00:40:05] [Server thread/INFO]: Preparing spawn area: 0%
[00:40:05] [Server thread/INFO]: Preparing spawn area: 0%
[00:40:05] [Server thread/INFO]: Preparing spawn area: 0%
[00:40:05] [Server thread/INFO]: Preparing spawn area: 0%
[00:40:05] [Server thread/INFO]: Preparing spawn area: 0%
[00:40:05] [Server thread/INFO]: Preparing spawn area: 0%
[00:40:05] [Server thread/INFO]: Preparing spawn area: 0%
[00:40:05] [Server thread/INFO]: Preparing spawn area: 0%
[00:40:05] [Server thread/INFO]: Preparing spawn area: 0%
[00:40:05] [Server thread/INFO]: Preparing spawn area: 0%
[00:40:05] [Server thread/INFO]: Preparing spawn area: 0%
[00:40:05] [Server thread/INFO]: Preparing spawn area: 0%
[00:40:05] [Server thread/INFO]: Preparing spawn area: 0%
[00:40:05] [Server thread/INFO]: Preparing spawn area: 0%
[00:40:05] [Server thread/INFO]: Preparing spawn area: 0%
[00:40:05] [Server thread/INFO]: Preparing spawn area: 0%
[00:40:05] [Server thread/INFO]: Preparing spawn area: 0%
[00:40:05] [Server thread/INFO]: Preparing spawn area: 0%
[00:40:05] [Server thread/INFO]: Preparing spawn area: 0%
[00:40:05] [Server thread/INFO]: Preparing spawn area: 0%
[00:40:05] [Server thread/INFO]: Preparing spawn area: 0%
[00:40:05] [Server thread/INFO]: Preparing spawn area: 0%
[00:40:05] [Server thread/INFO]: Preparing spawn area: 0%
[00:40:05] [Server thread/INFO]: Preparing spawn area: 0%
[00:40:05] [Server thread/INFO]: Preparing spawn area: 0%
[00:40:05] [Server thread/INFO]: Preparing spawn area: 0%
[00:40:05] [Server thread/INFO]: Preparing spawn area: 0%
[00:40:05] [Server thread/INFO]: Preparing spawn area: 0%
[00:40:05] [Server thread/INFO]: Preparing spawn area: 0%
[00:40:05] [Server thread/INFO]: Preparing spawn area: 0%
[00:40:05] [Server thread/INFO]: Preparing spawn area: 0%
[00:40:05] [Server thread/INFO]: Preparing spawn area: 0%
[00:40:05] [Server thread/INFO]: Preparing spawn area: 0%
[00:40:05] [Server thread/INFO]: Preparing spawn area: 0%
[00:40:05] [Server thread/INFO]: Preparing spawn area: 0%
[00:40:05] [Server thread/INFO]: Preparing spawn area: 0%
[00:40:05] [Server thread/INFO]: Preparing spawn area: 0%
[00:40:05] [Server thread/INFO]: Preparing spawn area: 0%
[00:40:05] [Server thread/INFO]: Preparing spawn area: 0%
[00:40:05] [Server thread/INFO]: Preparing spawn area: 0%
[00:40:05] [Server thread/INFO]: Preparing spawn area: 0%
[00:40:05] [Server thread/INFO]: Preparing spawn area: 0%
[00:40:05] [Server thread/INFO]: Preparing spawn area: 0%
[00:40:05] [Server thread/INFO]: Preparing spawn area: 0%
[00:40:05] [Server thread/INFO]: Preparing spawn area: 0%
[00:40:05] [Server thread/INFO]: Preparing spawn area: 0%
[00:40:05] [Server thread/INFO]: Preparing spawn area: 0%
[00:40:05] [Server thread/INFO]: Preparing spawn area: 0%
[00:40:05] [Server thread/INFO]: Preparing spawn area: 0%
[00:40:05] [Server thread/INFO]: Preparing spawn area: 0%
[00:40:05] [Server thread/INFO]: Preparing spawn area: 0%
[00:40:05] [Server thread/INFO]: Preparing spawn area: 0%
[00:40:05] [Server thread/INFO]: Preparing spawn area: 0%
[00:40:05] [Server thread/INFO]: Preparing spawn area: 0%
[00:40:05] [Server thread/INFO]: Preparing spawn area: 0%
[00:40:05] [Server thread/INFO]: Preparing spawn area: 0%
[00:40:05] [Server thread/INFO]: Preparing spawn area: 0%
[00:40:05] [Server thread/INFO]: Preparing spawn area: 0%
[00:40:05] [Server thread/INFO]: Preparing spawn area: 0%
[00:40:05] [Server thread/INFO]: Preparing spawn area: 0%
[00:40:06] [Server thread/INFO]: Preparing spawn area: 0%
[00:40:07] [Server thread/INFO]: Preparing spawn area: 0%
[00:40:07] [Server thread/INFO]: Preparing spawn area: 0%
[00:40:07] [Server thread/INFO]: Preparing spawn area: 0%
[00:40:08] [Server thread/INFO]: Preparing spawn area: 0%
[00:40:08] [Worker-Main-3/INFO]: Preparing spawn area: 0%
[00:40:09] [Worker-Main-3/INFO]: Preparing spawn area: 0%
[00:40:09] [Server thread/INFO]: Preparing spawn area: 0%
[00:40:09] [Worker-Main-3/INFO]: Preparing spawn area: 0%
[00:40:10] [Server thread/INFO]: Preparing spawn area: 0%
[00:40:10] [Server thread/INFO]: Preparing spawn area: 0%
[00:40:11] [Worker-Main-3/INFO]: Preparing spawn area: 0%
[00:40:11] [Worker-Main-3/INFO]: Preparing spawn area: 0%
[00:40:12] [Worker-Main-3/INFO]: Preparing spawn area: 0%
[00:40:15] [Server thread/INFO]: Preparing spawn area: 0%
[00:40:15] [Server thread/INFO]: Preparing spawn area: 0%
[00:40:15] [Server thread/INFO]: Preparing spawn area: 0%
[00:40:15] [Server thread/INFO]: Preparing spawn area: 0%
[00:40:15] [Server thread/INFO]: Preparing spawn area: 0%
[00:40:15] [Server thread/INFO]: Preparing spawn area: 0%
[00:40:15] [IO-Worker-5/WARN]: Chunk [2, 2] is allocated, but stream is missing
[00:40:15] [IO-Worker-6/ERROR]: Chunk [3, 2] header is truncated: expected 8192 but read 0
[00:40:15] [IO-Worker-4/WARN]: Chunk [9, 9] is allocated, but stream is missing
[00:40:16] [IO-Worker-5/WARN]: Chunk [3, 26] is allocated, but stream is missing
[00:40:17] [IO-Worker-4/WARN]: Chunk [9, 6] is allocated, but stream is missing
[00:40:17] [Server thread/INFO]: Preparing spawn area: 0%
[00:40:17] [Server thread/INFO]: Preparing spawn area: 0%
[00:40:17] [Server thread/INFO]: Preparing spawn area: 0%
[00:40:17] [Server thread/INFO]: Preparing spawn area: 0%
[00:40:17] [Server thread/INFO]: Preparing spawn area: 13%
[00:40:18] [Worker-Main-3/INFO]: Preparing spawn area: 83%
[00:40:30] [Worker-Main-3/INFO]: Preparing spawn area: 83%
[00:40:31] [Worker-Main-3/INFO]: Preparing spawn area: 83%
[00:40:31] [Worker-Main-3/INFO]: Preparing spawn area: 83%
[00:40:31] [Worker-Main-3/INFO]: Preparing spawn area: 83%
[00:40:31] [Worker-Main-3/INFO]: Preparing spawn area: 83%
[00:40:31] [Server thread/INFO]: Preparing spawn area: 83%
[00:40:31] [Server thread/INFO]: Preparing spawn area: 83%
[00:40:31] [Server thread/INFO]: Preparing spawn area: 83%
[00:40:31] [Server thread/INFO]: Preparing spawn area: 83%
[00:40:31] [Server thread/INFO]: Preparing spawn area: 83%
[00:40:31] [Server thread/INFO]: Preparing spawn area: 83%
[00:40:31] [Server thread/INFO]: Preparing spawn area: 83%
[00:40:31] [Server thread/INFO]: Preparing spawn area: 83%
[00:40:31] [Server thread/INFO]: Preparing spawn area: 83%
[00:40:31] [Server thread/INFO]: Preparing spawn area: 83%
[00:40:31] [Server thread/INFO]: Preparing spawn area: 83%
[00:40:31] [Server thread/INFO]: Preparing spawn area: 83%
[00:40:31] [Server thread/INFO]: Preparing spawn area: 83%
[00:40:31] [Server thread/INFO]: Preparing spawn area: 83%
[00:40:31] [Server thread/INFO]: Preparing spawn area: 83%
[00:40:31] [Server thread/INFO]: Preparing spawn area: 83%
[00:40:31] [Server thread/INFO]: Preparing spawn area: 83%
[00:40:31] [Server thread/INFO]: Preparing spawn area: 83%
[00:40:31] [Server thread/INFO]: Preparing spawn area: 83%
[00:40:31] [Server thread/INFO]: Preparing spawn area: 83%
[00:40:31] [Server thread/INFO]: Preparing spawn area: 83%
[00:40:50] [Server thread/INFO]: Preparing spawn area: 83%
[00:40:50] [Server thread/INFO]: Preparing spawn area: 83%
[00:40:50] [Server thread/INFO]: Preparing spawn area: 83%
[00:40:50] [Server thread/INFO]: Preparing spawn area: 83%
[00:40:50] [Server thread/INFO]: Preparing spawn area: 83%
[00:40:50] [Server thread/INFO]: Preparing spawn area: 83%
[00:40:50] [Server thread/INFO]: Preparing spawn area: 83%
[00:40:50] [Server thread/INFO]: Preparing spawn area: 83%
[00:40:50] [Server thread/INFO]: Preparing spawn area: 83%
[00:40:50] [Server thread/INFO]: Preparing spawn area: 83%
[00:40:50] [Server thread/INFO]: Preparing spawn area: 83%
[00:40:50] [Server thread/INFO]: Preparing spawn area: 83%
[00:40:50] [Server thread/INFO]: Preparing spawn area: 83%
[00:40:50] [Server thread/INFO]: Preparing spawn area: 83%
[00:40:50] [Server thread/INFO]: Preparing spawn area: 83%
[00:40:50] [Server thread/INFO]: Preparing spawn area: 83%
[00:40:50] [Server thread/INFO]: Preparing spawn area: 83%
[00:40:50] [Server thread/INFO]: Preparing spawn area: 83%
[00:40:50] [Server thread/INFO]: Preparing spawn area: 83%
[00:40:50] [Server thread/INFO]: Preparing spawn area: 83%
[00:40:50] [Server thread/INFO]: Preparing spawn area: 83%
[00:40:50] [Server thread/INFO]: Preparing spawn area: 83%
[00:40:50] [Server thread/INFO]: Preparing spawn area: 83%
[00:40:50] [Server thread/INFO]: Preparing spawn area: 83%
[00:40:50] [Server thread/INFO]: Preparing spawn area: 83%
[00:40:50] [Server thread/INFO]: Preparing spawn area: 83%
[00:40:50] [Server thread/INFO]: Preparing spawn area: 83%
[00:40:50] [Server thread/INFO]: Preparing spawn area: 83%
[00:40:50] [Server thread/INFO]: Preparing spawn area: 83%
[00:40:50] [Server thread/INFO]: Preparing spawn area: 83%
[00:40:50] [Server thread/INFO]: Preparing spawn area: 83%
[00:40:50] [Server thread/INFO]: Preparing spawn area: 83%
[00:40:50] [Server thread/INFO]: Preparing spawn area: 83%
[00:40:50] [Server thread/INFO]: Preparing spawn area: 83%
[00:40:50] [Server thread/INFO]: Preparing spawn area: 83%
[00:40:50] [Server thread/INFO]: Preparing spawn area: 83%
[00:40:50] [Server thread/INFO]: Preparing spawn area: 83%
[00:40:50] [Server thread/INFO]: Preparing spawn area: 83%
[00:40:50] [IO-Worker-5/WARN]: Chunk [12, 1] is allocated, but stream is missing
[00:40:54] [IO-Worker-6/WARN]: Chunk [15, 5] is allocated, but stream is missing
[00:40:54] [IO-Worker-4/WARN]: Chunk [15, 6] is allocated, but stream is missing
[00:40:57] [IO-Worker-5/WARN]: Chunk [16, 10] is allocated, but stream is missing
[00:40:58] [IO-Worker-6/ERROR]: Chunk [15, 13] header is truncated: expected 12288 but read 0
[00:40:58] [IO-Worker-4/WARN]: Chunk [17, 14] is allocated, but stream is missing
[00:40:58] [IO-Worker-5/WARN]: Chunk [15, 15] is allocated, but stream is missing
[00:40:58] [IO-Worker-6/WARN]: Chunk [17, 16] is allocated, but stream is missing
[00:40:59] [IO-Worker-4/WARN]: Chunk [17, 17] is allocated, but stream is missing
[00:41:00] [IO-Worker-5/WARN]: Chunk [11, 27] is allocated, but stream is missing
[00:41:02] [IO-Worker-6/WARN]: Chunk [0, 30] is allocated, but stream is missing
[00:41:03] [IO-Worker-4/WARN]: Chunk [0, 31] is allocated, but stream is missing
[00:41:06] [Server thread/INFO]: Preparing spawn area: 83%
[00:41:06] [Server thread/INFO]: Preparing spawn area: 83%
[00:41:06] [Server thread/INFO]: Preparing spawn area: 83%
[00:41:06] [Server thread/INFO]: Preparing spawn area: 83%
[00:41:06] [Server thread/INFO]: Preparing spawn area: 83%
[00:41:06] [Server thread/INFO]: Preparing spawn area: 83%
[00:41:06] [Server thread/INFO]: Preparing spawn area: 83%
[00:41:06] [Server thread/INFO]: Preparing spawn area: 83%
[00:41:06] [Server thread/INFO]: Preparing spawn area: 83%
[00:41:06] [Server thread/INFO]: Preparing spawn area: 83%
[00:41:06] [Server thread/INFO]: Preparing spawn area: 83%
[00:41:06] [Server thread/INFO]: Preparing spawn area: 83%
[00:41:06] [Server thread/INFO]: Preparing spawn area: 83%
[00:41:06] [Server thread/INFO]: Preparing spawn area: 83%
[00:41:06] [Server thread/INFO]: Preparing spawn area: 83%
[00:41:06] [Server thread/INFO]: Preparing spawn area: 83%
[00:41:06] [Server thread/INFO]: Preparing spawn area: 83%
[00:41:06] [Server thread/INFO]: Preparing spawn area: 83%
[00:41:06] [Server thread/INFO]: Preparing spawn area: 83%
[00:41:06] [Server thread/INFO]: Preparing spawn area: 83%
[00:41:06] [Server thread/INFO]: Preparing spawn area: 83%
[00:41:06] [Server thread/INFO]: Preparing spawn area: 83%
[00:41:06] [Server thread/INFO]: Preparing spawn area: 83%
[00:41:06] [Server thread/INFO]: Preparing spawn area: 83%
[00:41:06] [Server thread/INFO]: Preparing spawn area: 83%
[00:41:06] [Server thread/INFO]: Preparing spawn area: 83%
[00:41:06] [Server thread/INFO]: Preparing spawn area: 83%
[00:41:06] [Server thread/INFO]: Preparing spawn area: 83%
[00:41:06] [Server thread/INFO]: Preparing spawn area: 83%
[00:41:06] [Server thread/INFO]: Preparing spawn area: 83%
[00:41:06] [Server thread/INFO]: Preparing spawn area: 83%
[00:41:06] [Worker-Main-3/INFO]: Preparing spawn area: 97%
[00:41:07] [Worker-Main-3/INFO]: Preparing spawn area: 97%
[00:41:07] [Worker-Main-3/INFO]: Preparing spawn area: 97%
[00:41:08] [Worker-Main-3/INFO]: Preparing spawn area: 97%
[00:41:09] [Worker-Main-3/INFO]: Preparing spawn area: 97%
[00:41:09] [Worker-Main-3/INFO]: Preparing spawn area: 97%
[00:41:09] [Worker-Main-3/INFO]: Preparing spawn area: 97%
[00:41:10] [Worker-Main-3/INFO]: Preparing spawn area: 97%
[00:41:10] [Worker-Main-3/INFO]: Preparing spawn area: 97%
[00:41:10] [Worker-Main-3/INFO]: Preparing spawn area: 97%
[00:41:11] [Worker-Main-3/INFO]: Preparing spawn area: 97%
[00:41:11] [Worker-Main-3/INFO]: Preparing spawn area: 97%
[00:41:12] [Worker-Main-3/INFO]: Preparing spawn area: 97%
[00:41:12] [Worker-Main-3/INFO]: Preparing spawn area: 97%
[00:41:13] [Worker-Main-3/INFO]: Preparing spawn area: 97%
[00:41:13] [Worker-Main-3/INFO]: Preparing spawn area: 97%
[00:41:14] [Worker-Main-3/INFO]: Preparing spawn area: 97%
[00:41:14] [Worker-Main-3/INFO]: Preparing spawn area: 97%
[00:41:15] [Server thread/INFO]: Preparing spawn area: 97%
[00:41:16] [Server thread/INFO]: Preparing spawn area: 97%
[00:41:21] [Server thread/INFO]: Time elapsed: 123414 ms
[00:41:21] [Server thread/INFO]: Done (131.945s)! For help, type "help"
[00:41:21] [Server thread/INFO]: Starting remote control listener
[00:41:21] [Server thread/INFO]: Thread RCON Listener started
[00:41:21] [RCON Listener #1/INFO]: RCON running on 0.0.0.0:25636
[00:41:24] [Server thread/WARN]: Can't keep up! Is the server overloaded? Running 3911ms or 78 ticks behind
[00:41:56] [Server thread/WARN]: Can't keep up! Is the server overloaded? Running 16635ms or 332 ticks behind
[00:42:21] [Server thread/WARN]: Can't keep up! Is the server overloaded? Running 2152ms or 43 ticks behind
[00:42:41] [Server thread/WARN]: Can't keep up! Is the server overloaded? Running 2840ms or 56 ticks behind
[00:42:58] [Server thread/WARN]: Can't keep up! Is the server overloaded? Running 2032ms or 40 ticks behind
[00:43:17] [Server thread/WARN]: Can't keep up! Is the server overloaded? Running 3203ms or 64 ticks behind
[00:43:36] [Server thread/WARN]: Can't keep up! Is the server overloaded? Running 2625ms or 52 ticks behind
[00:43:55] [Server thread/WARN]: Can't keep up! Is the server overloaded? Running 2110ms or 42 ticks behind
[00:44:13] [Server thread/WARN]: Can't keep up! Is the server overloaded? Running 2142ms or 42 ticks behind
[00:44:41] [Server thread/WARN]: Can't keep up! Is the server overloaded? Running 2201ms or 44 ticks behind
[01:27:02] [Server thread/WARN]: Can't keep up! Is the server overloaded? Running 2150ms or 43 ticks behind
[06:12:05] [Server thread/WARN]: Can't keep up! Is the server overloaded? Running 2008ms or 40 ticks behind
[07:07:07] [Server thread/WARN]: Can't keep up! Is the server overloaded? Running 2388ms or 47 ticks behind
[08:57:46] [Server thread/WARN]: Can't keep up! Is the server overloaded? Running 3227ms or 64 ticks behind
[08:58:21] [Server thread/WARN]: Can't keep up! Is the server overloaded? Running 2026ms or 40 ticks behind
[10:33:19] [Server thread/WARN]: Can't keep up! Is the server overloaded? Running 2027ms or 40 ticks behind
[13:07:20] [Server thread/WARN]: Can't keep up! Is the server overloaded? Running 2786ms or 55 ticks behind
[13:24:15] [Server thread/WARN]: Can't keep up! Is the server overloaded? Running 2005ms or 40 ticks behind
[15:18:52] [Server thread/INFO]: Stopping the server
[15:18:52] [Server thread/INFO]: Unknown or incomplete command, see below for error
[15:18:52] [Server thread/INFO]: end<--[HERE]
[15:18:52] [Server thread/INFO]: Unknown or incomplete command, see below for error
[15:18:52] [Server thread/INFO]: exit<--[HERE]
[15:18:52] [Server thread/INFO]: Stopping server
[15:18:52] [Server thread/INFO]: Saving players
[15:18:52] [Server thread/INFO]: Saving worlds
[15:18:52] [Server thread/INFO]: Saving chunks for level 'ServerLevel[world]'/minecraft:overworld
[15:18:52] [Server thread/INFO]: ThreadedAnvilChunkStorage (world): All chunks are saved
[15:18:52] [Server thread/INFO]: Saving chunks for level 'ServerLevel[world]'/minecraft:the_nether
[15:18:52] [Server thread/INFO]: ThreadedAnvilChunkStorage (DIM-1): All chunks are saved
[15:18:52] [Server thread/INFO]: Saving chunks for level 'ServerLevel[world]'/minecraft:the_end
[15:18:52] [Server thread/INFO]: ThreadedAnvilChunkStorage (DIM1): All chunks are saved
[15:18:52] [Server thread/INFO]: Backup started by: SERVER on: 2020-07-22_15-18-52
[15:18:52] [Server thread/INFO]: Saving server...
[15:18:52] [Thread-414/INFO]: Starting backup
[15:18:55] [Thread-414/INFO]: Starting compression...
[15:19:13] [Thread-414/INFO]: Compression took: 17.9963713s
[15:19:13] [Thread-414/INFO]: Done!
[15:19:13] [Server thread/INFO]: ThreadedAnvilChunkStorage (world): All chunks are saved
[15:19:13] [Server thread/INFO]: ThreadedAnvilChunkStorage (DIM-1): All chunks are saved
[15:19:13] [Server thread/INFO]: ThreadedAnvilChunkStorage (DIM1): All chunks are saved
[15:19:13] [Server thread/INFO]: Thread RCON Listener stopped
