[06:01:06] [main/INFO]: Loading for game Minecraft 1.15.2
[06:01:11] [main/WARN]: Mod `jankson` (2.0.0+j1.2.0) uses 'requires' key in fabric.mod.json, which is not supported - use 'depends'
[06:01:11] [main/INFO]: [FabricLoader] Loading 44 mods: minecraft@1.15.2, fabric-networking-blockentity-v0@0.2.3+e08a73050c, fabric-renderer-api-v1@0.2.10+f08b61330c, fabric-keybindings-v0@0.1.1+dfdb52d60c, jankson@2.0.0+j1.2.0, fabricloader@0.7.8+build.189, phosphor@0.5.2+build.6, fabric-renderer-indigo@0.2.23+9290e2ed0c, fabric-containers-v0@0.1.3+b7f9825d0c, lithium@0.4.6, fabric-dimensions-v1@0.3.0+2ad156310c, org_apache_commons_commons-compress@1.9, fabric-biomes-v1@0.1.5+3b05f68e0c, fabric-events-interaction-v0@0.3.0+fac69e320c, fabric-crash-report-info-v1@0.1.2+b7f9825d0c, fabric-api-base@0.1.2+b7f9825d0c, fabric-rendering-v0@1.1.0+534104900c, fabric-rendering-v1@0.1.0+534104900c, fabric-rendering-data-attachment-v1@0.1.3+b7f9825d0c, mm@2.0, fabric-resource-loader-v0@0.1.10+06c939b30c, fabric-textures-v0@1.0.4+821cdba70c, fabric-content-registries-v0@0.1.3+b7f9825d0c, fabric-tag-extensions-v0@0.1.3+abd915800c, fabric-rendering-fluids-v1@0.1.6+12515ed90c, fabric-commands-v0@0.1.2+b7f9825d0c, fabric-registry-sync-v0@0.2.6+f3d8141b0c, com_moandjiezana_toml_toml4j@0.7.2, cotton-logging@1.0.0-rc.4, fabric-blockrenderlayer-v1@1.1.4+c6a8ea890c, textile_backup@1.1.0-1.15, fabric-mining-levels-v0@0.1.1+b7f9825d0c, fabric-renderer-registries-v1@2.0.1+5a0f9a600c, carpet-extra@1.3.15, fabric-events-lifecycle-v0@0.1.2+b7f9825d0c, fabric-loot-tables-v1@0.1.5+e08a73050c, fabric@0.5.1+build.294-1.15, carpet@1.3.15, fabric-item-groups-v0@0.1.6+ec40b2e10c, fabric-models-v0@0.1.0+dfdb52d60c, fabric-particles-v1@0.1.1+dfdb52d60c, fabric-networking-v0@0.1.7+12515ed90c, fabric-object-builders-v0@0.1.3+e4c9a9c30c, cotton-config@1.0.0-rc.7
[06:01:11] [main/INFO]: SpongePowered MIXIN Subsystem Version=0.8 Source=file:/C:/Server/skimit_survival/fabric-server-launch.jar Service=Knot/Fabric Env=SERVER
[06:01:12] [main/INFO]: Lithium's configuration file was loaded successfully
[06:01:13] [main/INFO]: Not applying mixin 'me.jellysquid.mods.lithium.mixin.chunk.no_chunk_locking.MixinPalettedContainer' as no configuration enables it
[06:01:14] [main/INFO]: Not applying mixin 'me.jellysquid.mods.lithium.mixin.redstone.MixinRedstoneWireBlock' as no configuration enables it
[06:01:14] [main/INFO]: Not applying mixin 'me.jellysquid.mods.lithium.mixin.redstone.MixinWorld' as no configuration enables it
[06:01:17] [main/INFO]: Transforming class net/minecraft/class_2382 using patch set 'Modify mutability flags in Vec3i'
[06:01:25] [main/INFO]: Transforming class net/minecraft/class_2338$class_2339 using patch set 'Use mutable fields in Vec3i'
[06:02:31] [main/WARN]: Ambiguity between arguments [teleport, destination] and [teleport, targets] with inputs: [Player, 0123, @e, dd12be42-52a9-4a91-a8a1-11c01849e498]
[06:02:31] [main/WARN]: Ambiguity between arguments [teleport, location] and [teleport, destination] with inputs: [0.1 -0.5 .9, 0 0 0]
[06:02:31] [main/WARN]: Ambiguity between arguments [teleport, location] and [teleport, targets] with inputs: [0.1 -0.5 .9, 0 0 0]
[06:02:31] [main/WARN]: Ambiguity between arguments [teleport, targets] and [teleport, destination] with inputs: [Player, 0123, dd12be42-52a9-4a91-a8a1-11c01849e498]
[06:02:31] [main/WARN]: Ambiguity between arguments [teleport, targets, location] and [teleport, targets, destination] with inputs: [0.1 -0.5 .9, 0 0 0]
[06:02:36] [main/INFO]: Definitely not up to no good
[06:02:36] [main/INFO]: [TextileBackup]: Loading TextileBackup by Szum123321
[06:02:38] [Server thread/INFO]: Starting minecraft server version 1.15.2
[06:02:38] [Server thread/INFO]: Loading properties
[06:02:38] [Server thread/INFO]: Default game type: SURVIVAL
[06:02:38] [Server thread/INFO]: Generating keypair
[06:02:38] [Server thread/INFO]: Starting Minecraft server on *:26565
[06:02:38] [Server thread/INFO]: Using default channel type
[06:02:39] [Server thread/WARN]: **** SERVER IS RUNNING IN OFFLINE/INSECURE MODE!
[06:02:39] [Server thread/WARN]: The server will make no attempt to authenticate usernames. Beware.
[06:02:39] [Server thread/WARN]: While this makes the game possible to play without internet access, it also opens up the ability for hackers to connect with any username they choose.
[06:02:39] [Server thread/WARN]: To change this, set "online-mode" to "true" in the server.properties file.
[06:02:40] [Server thread/INFO]: Preparing level "skimit"
[06:02:40] [Server thread/INFO]: [CM]: loaded setting commandDraw as false from carpet.conf
[06:02:40] [Server thread/INFO]: [CM]: loaded setting rotatorBlock as true from carpet.conf
[06:02:40] [Server thread/INFO]: [CM]: loaded setting combineXPOrbs as true from carpet.conf
[06:02:40] [Server thread/INFO]: [CM]: loaded setting onePlayerSleeping as true from carpet.conf
[06:02:40] [Server thread/INFO]: [CM]: loaded setting portalSuffocationFix as true from carpet.conf
[06:02:40] [Server thread/INFO]: [CM]: loaded setting leadFix as true from carpet.conf
[06:02:40] [Server thread/INFO]: [CM]: loaded setting antiCheatDisabled as true from carpet.conf
[06:02:40] [Server thread/INFO]: [CM]: loaded setting defaultLoggers as tps,mobcaps from carpet.conf
[06:02:40] [Server thread/INFO]: [CM]: loaded setting commandCameramode as false from carpet.conf
[06:02:40] [Server thread/INFO]: [CM]: loaded setting unloadedEntityFix as true from carpet.conf
[06:02:40] [Server thread/INFO]: [CM]: loaded setting ctrlQCraftingFix as true from carpet.conf
[06:02:41] [Server thread/INFO]: [fabric-registry-sync] Loaded registry data [file 1/4]
[06:02:41] [Server thread/INFO]: Reloading ResourceManager: Default, bukkit, Fabric Mining Levels (v0)
[06:02:44] [Server thread/INFO]: Loaded 6 recipes
[06:02:46] [Server thread/INFO]: Loaded 825 advancements
[06:02:50] [Server thread/INFO]: Preparing start region for dimension minecraft:overworld
[06:02:54] [Server thread/INFO]: Preparing spawn area: 0%
[06:02:54] [Server thread/INFO]: Preparing spawn area: 0%
[06:02:54] [Server thread/INFO]: Preparing spawn area: 0%
[06:02:54] [Server thread/INFO]: Preparing spawn area: 0%
[06:02:54] [Server thread/INFO]: Preparing spawn area: 0%
[06:02:54] [Server thread/INFO]: Preparing spawn area: 0%
[06:02:54] [Server thread/INFO]: Preparing spawn area: 0%
[06:02:54] [Server thread/INFO]: Preparing spawn area: 0%
[06:02:54] [Server thread/INFO]: Preparing spawn area: 0%
[06:02:55] [Server thread/INFO]: Preparing spawn area: 0%
[06:02:55] [Server-Worker-2/INFO]: Preparing spawn area: 0%
[06:02:56] [Server-Worker-2/INFO]: Preparing spawn area: 0%
[06:02:58] [Server thread/INFO]: Preparing spawn area: 0%
[06:02:58] [Server thread/INFO]: Preparing spawn area: 0%
[06:02:58] [Server thread/INFO]: Preparing spawn area: 0%
[06:02:58] [Server thread/INFO]: Preparing spawn area: 0%
[06:02:58] [Server thread/INFO]: Preparing spawn area: 24%
[06:03:00] [Server thread/INFO]: Time elapsed: 9998 ms
[06:03:00] [Server thread/INFO]: Done (20.055s)! For help, type "help"
[06:03:00] [Server thread/INFO]: Starting remote control listener
[06:03:00] [RCON Listener #1/INFO]: RCON running on 0.0.0.0:25636
[06:03:03] [Server thread/WARN]: Can't keep up! Is the server overloaded? Running 2557ms or 51 ticks behind
[07:56:47] [RCON Listener #1/INFO]: Rcon connection from: /101.133.224.200
[07:56:47] [RCON Listener #1/INFO]: Rcon connection from: /101.133.224.200
[07:56:47] [RCON Listener #1/INFO]: Rcon connection from: /101.133.224.200
[07:56:47] [RCON Listener #1/INFO]: Rcon connection from: /101.133.224.200
[12:33:09] [Server thread/INFO]: Cora_cold[/127.0.0.1:61206] logged in with entity id 158 at (-395.9611726997394, 69.0, 495.24581441632466)
[12:33:09] [Netty Server IO #0/WARN]: Received invalid identifier in minecraft:register: legacy:fml|hs (Non [a-z0-9/._-] character in path of location: legacy:fml|hs)
[12:33:09] [Server thread/INFO]: Cora_cold joined the game
[12:33:10] [Server thread/WARN]: Can't keep up! Is the server overloaded? Running 2365ms or 47 ticks behind
[12:33:10] [Server thread/INFO]: [TextileBackup]: Backup started by: SERVER on: 2020-05-19_12-33-10
[12:33:10] [Server thread/INFO]: [TextileBackup]: Saving server...
[12:33:11] [Thread-54/INFO]: [TextileBackup]: Starting compression...
[12:33:38] [Server thread/WARN]: Can't keep up! Is the server overloaded? Running 12687ms or 253 ticks behind
[12:34:03] [Server thread/WARN]: Can't keep up! Is the server overloaded? Running 10237ms or 204 ticks behind
[12:34:25] [Server thread/WARN]: Can't keep up! Is the server overloaded? Running 6548ms or 130 ticks behind
[12:34:43] [Server thread/WARN]: Can't keep up! Is the server overloaded? Running 3672ms or 73 ticks behind
[12:35:50] [Server thread/WARN]: Can't keep up! Is the server overloaded? Running 2027ms or 40 ticks behind
[12:35:58] [Thread-54/INFO]: [TextileBackup]: Compression finished
[12:35:58] [Thread-54/INFO]: [TextileBackup]: Deleting: 2020-05-17_07-00-13.zip
[12:35:58] [Thread-54/INFO]: [TextileBackup]: Done!
[12:38:43] [Server thread/WARN]: Can't keep up! Is the server overloaded? Running 2020ms or 40 ticks behind
[12:47:44] [Server thread/INFO]: alec[local] logged in with entity id 5134 at (-141.36388706033014, 82.0, 197.44266161370436)
[12:47:44] [Server thread/INFO]: alec joined the game
[12:47:44] [Server thread/WARN]: Can't keep up! Is the server overloaded? Running 2049ms or 40 ticks behind
[13:02:12] [Server thread/WARN]: Fetching packet for removed entity class_1542['Air'/9514, l='skimit', x=-150.88, y=6.00, z=254.89]
[13:03:17] [Server thread/WARN]: Mismatch in destroy block pos: class_2338{x=7, y=4, z=193} class_2338{x=5, y=5, z=194}
[13:10:24] [Server thread/WARN]: Mismatch in destroy block pos: class_2338{x=10, y=5, z=135} class_2338{x=10, y=5, z=136}
[13:11:37] [Server thread/WARN]: Can't keep up! Is the server overloaded? Running 3060ms or 61 ticks behind
[13:18:57] [Server thread/INFO]: XxiaoyunX[/127.0.0.1:62725] logged in with entity id 14618 at (-159.32111151969517, 71.0, 396.37734909529814)
[13:18:57] [Netty Server IO #0/WARN]: Received invalid identifier in minecraft:register: legacy:fml|hs (Non [a-z0-9/._-] character in path of location: legacy:fml|hs)
[13:18:57] [Server thread/INFO]: XxiaoyunX joined the game
[13:19:07] [Server thread/INFO]: <Cora_cold> e
[13:20:10] [Server thread/INFO]: <XxiaoyunX> 我就10天没来，村民呢？
[13:20:33] [Server thread/INFO]: <Cora_cold> 不知道，我看到村民没了，职业方块就敲了
[13:22:16] [Server thread/INFO]: <XxiaoyunX> 我好久没来了
[13:22:23] [Server thread/INFO]: <XxiaoyunX> 怀念
[13:22:30] [Server thread/INFO]: <Cora_cold> 干嘛去了
[13:22:36] [Server thread/INFO]: <Cora_cold> 我六一开学
[13:22:40] [Server thread/INFO]: <XxiaoyunX> 学习
[13:22:48] [Server thread/INFO]: <Cora_cold> 补作业？
[13:22:52] [Server thread/INFO]: <XxiaoyunX> nonono
[13:23:08] [Server thread/INFO]: <XxiaoyunX> 因为不好好学，被禁了
[13:23:20] [Server thread/INFO]: <Cora_cold> 正道的广
[13:23:25] [Server thread/INFO]: <Cora_cold> 照在了大地上
[13:23:39] [Server thread/INFO]: <XxiaoyunX> ???
[13:23:51] [Server thread/WARN]: Can't keep up! Is the server overloaded? Running 2824ms or 56 ticks behind
[13:23:52] [Server thread/INFO]: <XxiaoyunX> 怎么就正道了
[13:24:00] [Server thread/INFO]: <Cora_cold> 就是说干的漂亮
[13:24:04] [Server thread/INFO]: <Cora_cold> 这个做法很对
[13:24:09] [Server thread/WARN]: Can't keep up! Is the server overloaded? Running 3872ms or 77 ticks behind
[13:24:10] [Server thread/INFO]: <XxiaoyunX> ...
[13:24:21] [Server thread/INFO]: <Cora_cold> 金苹果在服主家
[13:24:25] [Server thread/INFO]: <Cora_cold> 你去找找
[13:24:28] [Server thread/INFO]: <Cora_cold> 附魔金苹果
[13:24:36] [Server thread/INFO]: <XxiaoyunX> !!!!!1
[13:24:55] [Server thread/INFO]: <Cora_cold> 你看到金苹果就知道是谁找到的了
[13:25:48] [Server thread/INFO]: <XxiaoyunX> 没有
[13:26:03] [Server thread/INFO]: <Cora_cold> 那我就不知道他放哪里了
[13:26:09] [Server thread/INFO]: <Cora_cold> 羊毛那里
[13:26:19] [Server thread/INFO]: <Cora_cold> 自动剪羊毛
[13:26:29] [Server thread/WARN]: Can't keep up! Is the server overloaded? Running 2304ms or 46 ticks behind
[13:26:31] [Server thread/INFO]: <Cora_cold> 1
[13:26:34] [Server thread/INFO]: <XxiaoyunX> 我知道、
[13:26:37] [Server thread/INFO]: <Cora_cold> 卡了
[13:26:43] [Server thread/WARN]: Fetching packet for removed entity class_1542['Air'/18042, l='skimit', x=-396.35, y=71.26, z=471.69]
[13:27:03] [Server thread/WARN]: Can't keep up! Is the server overloaded? Running 2109ms or 42 ticks behind
[13:29:02] [Server thread/WARN]: Can't keep up! Is the server overloaded? Running 3003ms or 60 ticks behind
[13:29:27] [Server thread/WARN]: Can't keep up! Is the server overloaded? Running 10628ms or 212 ticks behind
[13:30:02] [Server thread/INFO]: <XxiaoyunX> 在羊驼里
[13:30:06] [Server thread/INFO]: <XxiaoyunX> nb
[13:30:15] [Server thread/INFO]: <XxiaoyunX> 啊
[13:30:23] [Server thread/INFO]: <XxiaoyunX> 太爽了、
[13:30:44] [Server thread/INFO]: <XxiaoyunX> 记一等功、
[13:30:50] [Server thread/INFO]: [Cora_cold: Can only manipulate existing players]
[13:30:58] [Server thread/INFO]: [Cora_cold: Can only manipulate existing players]
[13:31:04] [Server thread/INFO]: alec lost connection: Killed
[13:31:04] [Server thread/INFO]: alec left the game
[13:31:44] [Server thread/INFO]: <XxiaoyunX> 你按一下TAB
[13:31:52] [Server thread/INFO]: <Cora_cold> e
[13:32:12] [Server thread/INFO]: <XxiaoyunX> 这血量
[13:33:10] [Server thread/INFO]: [TextileBackup]: Backup started by: SERVER on: 2020-05-19_13-33-10
[13:33:10] [Server thread/INFO]: [TextileBackup]: Saving server...
[13:33:12] [Server thread/WARN]: Can't keep up! Is the server overloaded? Running 2155ms or 43 ticks behind
[13:33:15] [Thread-55/INFO]: [TextileBackup]: Starting compression...
[13:33:38] [Server thread/WARN]: Can't keep up! Is the server overloaded? Running 10394ms or 207 ticks behind
[13:33:58] [Server thread/WARN]: Can't keep up! Is the server overloaded? Running 2136ms or 42 ticks behind
[13:34:17] [Server thread/WARN]: Can't keep up! Is the server overloaded? Running 3964ms or 79 ticks behind
[13:34:34] [Server thread/INFO]: <Cora_cold> 那个是挖石头排行榜
[13:34:39] [Server thread/WARN]: Can't keep up! Is the server overloaded? Running 7236ms or 144 ticks behind
[13:34:58] [Server thread/INFO]: <XxiaoyunX> 我知道啊
[13:35:09] [Server thread/WARN]: Can't keep up! Is the server overloaded? Running 2317ms or 46 ticks behind
[13:35:27] [Server thread/WARN]: Can't keep up! Is the server overloaded? Running 2798ms or 55 ticks behind
[13:35:45] [Server thread/WARN]: Can't keep up! Is the server overloaded? Running 2780ms or 55 ticks behind
[13:35:45] [Thread-55/INFO]: [TextileBackup]: Compression finished
[13:35:45] [Thread-55/INFO]: [TextileBackup]: Deleting: 2020-05-17_09-48-59.zip
[13:35:45] [Thread-55/INFO]: [TextileBackup]: Done!
[13:36:17] [Server thread/WARN]: Can't keep up! Is the server overloaded? Running 2635ms or 52 ticks behind
[13:36:34] [Server thread/WARN]: Can't keep up! Is the server overloaded? Running 2080ms or 41 ticks behind
[13:37:23] [Server thread/WARN]: Can't keep up! Is the server overloaded? Running 2036ms or 40 ticks behind
[13:37:44] [Server thread/WARN]: Can't keep up! Is the server overloaded? Running 6881ms or 137 ticks behind
[13:38:23] [Server thread/INFO]: <XxiaoyunX> 你可太NB了
[13:38:33] [Server thread/INFO]: <Cora_cold> ?
[13:38:38] [Server thread/INFO]: <XxiaoyunX> 附魔金苹果都找得到
[13:40:03] [Server thread/WARN]: Can't keep up! Is the server overloaded? Running 2189ms or 43 ticks behind
[13:41:07] [Server thread/INFO]: <XxiaoyunX> 村民都跑了
[13:42:50] [Server thread/INFO]: XxiaoyunX lost connection: Disconnected
[13:42:50] [Server thread/INFO]: XxiaoyunX left the game
[13:44:41] [Server thread/WARN]: Mismatch in destroy block pos: class_2338{x=66, y=3, z=240} class_2338{x=66, y=2, z=239}
[13:44:42] [Server thread/WARN]: Mismatch in destroy block pos: class_2338{x=66, y=4, z=240} class_2338{x=66, y=3, z=241}
[13:45:07] [Server thread/WARN]: Can't keep up! Is the server overloaded? Running 2680ms or 53 ticks behind
[13:46:42] [Server thread/WARN]: Mismatch in destroy block pos: class_2338{x=49, y=5, z=242} class_2338{x=49, y=5, z=243}
[13:49:44] [Server thread/INFO]: Cora_cold lost connection: Disconnected
[13:49:44] [Server thread/INFO]: Cora_cold left the game
[13:52:13] [Server thread/INFO]: Cora_cold[/127.0.0.1:63817] logged in with entity id 27323 at (73.25951009888693, 6.0, 250.9723982120456)
[13:52:13] [Netty Server IO #0/WARN]: Received invalid identifier in minecraft:register: legacy:fml|hs (Non [a-z0-9/._-] character in path of location: legacy:fml|hs)
[13:52:13] [Server thread/INFO]: Cora_cold joined the game
[13:52:59] [Server thread/INFO]: Cora_cold lost connection: Disconnected
[13:52:59] [Server thread/INFO]: Cora_cold left the game
[15:12:34] [Server thread/INFO]: XxiaoyunX[/127.0.0.1:50132] logged in with entity id 27496 at (-145.77607233887642, 71.0, 397.9639852117708)
[15:12:34] [Netty Server IO #1/WARN]: Received invalid identifier in minecraft:register: legacy:fml|hs (Non [a-z0-9/._-] character in path of location: legacy:fml|hs)
[15:12:34] [Server thread/INFO]: XxiaoyunX joined the game
[15:12:34] [Server thread/INFO]: [TextileBackup]: Backup started by: SERVER on: 2020-05-19_15-12-34
[15:12:34] [Server thread/INFO]: [TextileBackup]: Saving server...
[15:12:35] [Thread-56/INFO]: [TextileBackup]: Starting compression...
[15:12:41] [Server thread/WARN]: Can't keep up! Is the server overloaded? Running 2625ms or 52 ticks behind
[15:12:59] [Server thread/WARN]: Can't keep up! Is the server overloaded? Running 3444ms or 68 ticks behind
[15:13:17] [Server thread/WARN]: Can't keep up! Is the server overloaded? Running 3171ms or 63 ticks behind
[15:13:35] [Server thread/WARN]: Can't keep up! Is the server overloaded? Running 2471ms or 49 ticks behind
[15:13:56] [Server thread/WARN]: Can't keep up! Is the server overloaded? Running 2244ms or 44 ticks behind
[15:14:13] [Server thread/WARN]: Can't keep up! Is the server overloaded? Running 2282ms or 45 ticks behind
[15:14:36] [Server thread/WARN]: Can't keep up! Is the server overloaded? Running 7781ms or 155 ticks behind
[15:14:53] [Server thread/WARN]: Can't keep up! Is the server overloaded? Running 2790ms or 55 ticks behind
[15:15:03] [Thread-56/INFO]: [TextileBackup]: Compression finished
[15:15:03] [Thread-56/INFO]: [TextileBackup]: Deleting: 2020-05-17_10-48-58.zip
[15:15:05] [Thread-56/INFO]: [TextileBackup]: Done!
[15:15:33] [Server thread/WARN]: Can't keep up! Is the server overloaded? Running 2377ms or 47 ticks behind
[15:15:40] [Server thread/INFO]: XxiaoyunX lost connection: Disconnected
[15:15:40] [Server thread/INFO]: XxiaoyunX left the game
[16:10:46] [Server thread/INFO]: XxiaoyunX[/127.0.0.1:52108] logged in with entity id 28173 at (-434.70715502157344, 70.0, 475.9593200294246)
[16:10:46] [Netty Server IO #0/WARN]: Received invalid identifier in minecraft:register: legacy:fml|hs (Non [a-z0-9/._-] character in path of location: legacy:fml|hs)
[16:10:46] [Server thread/INFO]: XxiaoyunX joined the game
[16:12:34] [Server thread/INFO]: [TextileBackup]: Backup started by: SERVER on: 2020-05-19_16-12-34
[16:12:34] [Server thread/INFO]: [TextileBackup]: Saving server...
[16:12:35] [Thread-57/INFO]: [TextileBackup]: Starting compression...
[16:12:37] [Server thread/WARN]: Can't keep up! Is the server overloaded? Running 2356ms or 47 ticks behind
[16:12:54] [Server thread/WARN]: Can't keep up! Is the server overloaded? Running 2038ms or 40 ticks behind
[16:13:20] [Server thread/WARN]: Can't keep up! Is the server overloaded? Running 2460ms or 49 ticks behind
[16:13:38] [Server thread/WARN]: Can't keep up! Is the server overloaded? Running 2287ms or 45 ticks behind
[16:13:59] [Server thread/INFO]: popbob[local] logged in with entity id 29040 at (-40.97983392072756, 64.0, 260.11153314805796)
[16:13:59] [Server thread/INFO]: popbob joined the game
[16:13:59] [Server thread/WARN]: Can't keep up! Is the server overloaded? Running 4882ms or 97 ticks behind
[16:14:37] [Server thread/WARN]: Can't keep up! Is the server overloaded? Running 2052ms or 41 ticks behind
[16:14:39] [Thread-57/INFO]: [TextileBackup]: Compression finished
[16:14:39] [Thread-57/INFO]: [TextileBackup]: Deleting: 2020-05-17_11-48-59.zip
[16:14:39] [Thread-57/INFO]: [TextileBackup]: Done!
[16:15:48] [Server thread/INFO]: popbob tried to swim in lava to escape Slime
[16:15:48] [Server thread/INFO]: popbob lost connection: Killed
[16:15:48] [Server thread/INFO]: popbob left the game
[16:20:50] [Server thread/WARN]: Can't keep up! Is the server overloaded? Running 2080ms or 41 ticks behind
[16:21:08] [Server thread/WARN]: Can't keep up! Is the server overloaded? Running 3340ms or 66 ticks behind
[16:24:13] [Server thread/INFO]: jeb[local] logged in with entity id 30918 at (-419.01547907390733, 69.9375, 555.3272290221098)
[16:24:13] [Server thread/INFO]: jeb joined the game
[16:24:29] [Server thread/INFO]: jeb was slain by XxiaoyunX
[16:24:29] [Server thread/INFO]: jeb lost connection: Killed
[16:24:29] [Server thread/INFO]: jeb left the game
[16:25:56] [Server thread/WARN]: Can't keep up! Is the server overloaded? Running 2617ms or 52 ticks behind
[16:28:32] [Server thread/INFO]: XxiaoyunX lost connection: Disconnected
[16:28:32] [Server thread/INFO]: XxiaoyunX left the game
