[06:01:06] [main/INFO]: Loading for game Minecraft 1.15.2
[06:01:11] [main/WARN]: Mod `jankson` (2.0.0+j1.2.0) uses 'requires' key in fabric.mod.json, which is not supported - use 'depends'
[06:01:11] [main/INFO]: [FabricLoader] Loading 44 mods: minecraft@1.15.2, fabric-networking-blockentity-v0@0.2.3+e08a73050c, fabric-renderer-api-v1@0.2.10+f08b61330c, fabric-keybindings-v0@0.1.1+dfdb52d60c, jankson@2.0.0+j1.2.0, fabricloader@0.7.8+build.189, phosphor@0.5.2+build.6, fabric-renderer-indigo@0.2.23+9290e2ed0c, fabric-containers-v0@0.1.3+b7f9825d0c, lithium@0.4.6, fabric-dimensions-v1@0.3.0+2ad156310c, org_apache_commons_commons-compress@1.9, fabric-biomes-v1@0.1.5+3b05f68e0c, fabric-events-interaction-v0@0.3.0+fac69e320c, fabric-crash-report-info-v1@0.1.2+b7f9825d0c, fabric-api-base@0.1.2+b7f9825d0c, fabric-rendering-v0@1.1.0+534104900c, fabric-rendering-v1@0.1.0+534104900c, fabric-rendering-data-attachment-v1@0.1.3+b7f9825d0c, mm@2.0, fabric-resource-loader-v0@0.1.10+06c939b30c, fabric-textures-v0@1.0.4+821cdba70c, fabric-content-registries-v0@0.1.3+b7f9825d0c, fabric-tag-extensions-v0@0.1.3+abd915800c, fabric-rendering-fluids-v1@0.1.6+12515ed90c, fabric-commands-v0@0.1.2+b7f9825d0c, fabric-registry-sync-v0@0.2.6+f3d8141b0c, com_moandjiezana_toml_toml4j@0.7.2, cotton-logging@1.0.0-rc.4, fabric-blockrenderlayer-v1@1.1.4+c6a8ea890c, textile_backup@1.1.0-1.15, fabric-mining-levels-v0@0.1.1+b7f9825d0c, fabric-renderer-registries-v1@2.0.1+5a0f9a600c, carpet-extra@1.3.15, fabric-events-lifecycle-v0@0.1.2+b7f9825d0c, fabric-loot-tables-v1@0.1.5+e08a73050c, fabric@0.5.1+build.294-1.15, carpet@1.3.15, fabric-item-groups-v0@0.1.6+ec40b2e10c, fabric-models-v0@0.1.0+dfdb52d60c, fabric-particles-v1@0.1.1+dfdb52d60c, fabric-networking-v0@0.1.7+12515ed90c, fabric-object-builders-v0@0.1.3+e4c9a9c30c, cotton-config@1.0.0-rc.7
[06:01:11] [main/INFO]: SpongePowered MIXIN Subsystem Version=0.8 Source=file:/C:/Server/skimit_survival/fabric-server-launch.jar Service=Knot/Fabric Env=SERVER
[06:01:12] [main/INFO]: Lithium's configuration file was loaded successfully
[06:01:14] [main/INFO]: Not applying mixin 'me.jellysquid.mods.lithium.mixin.chunk.no_chunk_locking.MixinPalettedContainer' as no configuration enables it
[06:01:14] [main/INFO]: Not applying mixin 'me.jellysquid.mods.lithium.mixin.redstone.MixinRedstoneWireBlock' as no configuration enables it
[06:01:14] [main/INFO]: Not applying mixin 'me.jellysquid.mods.lithium.mixin.redstone.MixinWorld' as no configuration enables it
[06:01:18] [main/INFO]: Transforming class net/minecraft/class_2382 using patch set 'Modify mutability flags in Vec3i'
[06:01:25] [main/INFO]: Transforming class net/minecraft/class_2338$class_2339 using patch set 'Use mutable fields in Vec3i'
[06:02:35] [main/WARN]: Ambiguity between arguments [teleport, destination] and [teleport, targets] with inputs: [Player, 0123, @e, dd12be42-52a9-4a91-a8a1-11c01849e498]
[06:02:35] [main/WARN]: Ambiguity between arguments [teleport, location] and [teleport, destination] with inputs: [0.1 -0.5 .9, 0 0 0]
[06:02:35] [main/WARN]: Ambiguity between arguments [teleport, location] and [teleport, targets] with inputs: [0.1 -0.5 .9, 0 0 0]
[06:02:35] [main/WARN]: Ambiguity between arguments [teleport, targets] and [teleport, destination] with inputs: [Player, 0123, dd12be42-52a9-4a91-a8a1-11c01849e498]
[06:02:35] [main/WARN]: Ambiguity between arguments [teleport, targets, location] and [teleport, targets, destination] with inputs: [0.1 -0.5 .9, 0 0 0]
[06:02:38] [main/INFO]: Definitely not up to no good
[06:02:38] [main/INFO]: [TextileBackup]: Loading TextileBackup by Szum123321
[06:02:40] [Server thread/INFO]: Starting minecraft server version 1.15.2
[06:02:40] [Server thread/INFO]: Loading properties
[06:02:40] [Server thread/INFO]: Default game type: SURVIVAL
[06:02:40] [Server thread/INFO]: Generating keypair
[06:02:40] [Server thread/INFO]: Starting Minecraft server on *:26565
[06:02:40] [Server thread/INFO]: Using default channel type
[06:02:42] [Server thread/WARN]: **** SERVER IS RUNNING IN OFFLINE/INSECURE MODE!
[06:02:42] [Server thread/WARN]: The server will make no attempt to authenticate usernames. Beware.
[06:02:42] [Server thread/WARN]: While this makes the game possible to play without internet access, it also opens up the ability for hackers to connect with any username they choose.
[06:02:42] [Server thread/WARN]: To change this, set "online-mode" to "true" in the server.properties file.
[06:02:42] [Server thread/INFO]: Preparing level "skimit"
[06:02:42] [Server thread/INFO]: [CM]: loaded setting commandDraw as false from carpet.conf
[06:02:42] [Server thread/INFO]: [CM]: loaded setting rotatorBlock as true from carpet.conf
[06:02:42] [Server thread/INFO]: [CM]: loaded setting combineXPOrbs as true from carpet.conf
[06:02:42] [Server thread/INFO]: [CM]: loaded setting onePlayerSleeping as true from carpet.conf
[06:02:42] [Server thread/INFO]: [CM]: loaded setting portalSuffocationFix as true from carpet.conf
[06:02:42] [Server thread/INFO]: [CM]: loaded setting leadFix as true from carpet.conf
[06:02:42] [Server thread/INFO]: [CM]: loaded setting antiCheatDisabled as true from carpet.conf
[06:02:42] [Server thread/INFO]: [CM]: loaded setting defaultLoggers as tps,mobcaps from carpet.conf
[06:02:42] [Server thread/INFO]: [CM]: loaded setting commandCameramode as false from carpet.conf
[06:02:42] [Server thread/INFO]: [CM]: loaded setting unloadedEntityFix as true from carpet.conf
[06:02:42] [Server thread/INFO]: [CM]: loaded setting ctrlQCraftingFix as true from carpet.conf
[06:02:42] [Server thread/INFO]: [fabric-registry-sync] Loaded registry data [file 1/4]
[06:02:42] [Server thread/INFO]: Reloading ResourceManager: Default, bukkit, Fabric Mining Levels (v0)
[06:02:45] [Server thread/INFO]: Loaded 6 recipes
[06:02:48] [Server thread/INFO]: Loaded 825 advancements
[06:02:51] [Server thread/INFO]: Preparing start region for dimension minecraft:overworld
[06:02:56] [Server thread/INFO]: Preparing spawn area: 0%
[06:02:56] [Server thread/INFO]: Preparing spawn area: 0%
[06:02:56] [Server thread/INFO]: Preparing spawn area: 0%
[06:02:56] [Server thread/INFO]: Preparing spawn area: 0%
[06:02:56] [Server thread/INFO]: Preparing spawn area: 0%
[06:02:56] [Server thread/INFO]: Preparing spawn area: 0%
[06:02:56] [Server thread/INFO]: Preparing spawn area: 0%
[06:02:56] [Server thread/INFO]: Preparing spawn area: 0%
[06:02:56] [Server thread/INFO]: Preparing spawn area: 0%
[06:02:56] [Server thread/INFO]: Preparing spawn area: 0%
[06:02:56] [Server thread/INFO]: Preparing spawn area: 0%
[06:02:57] [Server-Worker-3/INFO]: Preparing spawn area: 0%
[06:02:57] [Server-Worker-3/INFO]: Preparing spawn area: 0%
[06:02:58] [Server thread/INFO]: Preparing spawn area: 0%
[06:02:59] [Server-Worker-3/INFO]: Preparing spawn area: 0%
[06:02:59] [Server thread/INFO]: Preparing spawn area: 0%
[06:02:59] [Server thread/INFO]: Preparing spawn area: 0%
[06:03:00] [Server thread/INFO]: Preparing spawn area: 83%
[06:03:02] [Server thread/INFO]: Time elapsed: 10448 ms
[06:03:02] [Server thread/INFO]: Done (19.719s)! For help, type "help"
[06:03:02] [Server thread/INFO]: Starting remote control listener
[06:03:02] [RCON Listener #1/INFO]: RCON running on 0.0.0.0:25636
[06:03:04] [Server thread/WARN]: Can't keep up! Is the server overloaded? Running 2560ms or 51 ticks behind
[07:34:56] [Server thread/INFO]: Cora_cold[/127.0.0.1:49280] logged in with entity id 184 at (-315.5369158768511, 84.125, 382.49692161891153)
[07:34:56] [Netty Server IO #1/WARN]: Received invalid identifier in minecraft:register: legacy:fml|hs (Non [a-z0-9/._-] character in path of location: legacy:fml|hs)
[07:34:56] [Server thread/INFO]: Cora_cold joined the game
[07:34:57] [Server thread/WARN]: Can't keep up! Is the server overloaded? Running 2692ms or 53 ticks behind
[07:34:57] [Server thread/INFO]: [TextileBackup]: Backup started by: SERVER on: 2020-05-21_07-34-57
[07:34:57] [Server thread/INFO]: [TextileBackup]: Saving server...
[07:35:00] [Thread-54/INFO]: [TextileBackup]: Starting compression...
[07:35:16] [Server thread/WARN]: Can't keep up! Is the server overloaded? Running 3510ms or 70 ticks behind
[07:35:51] [Server thread/WARN]: Can't keep up! Is the server overloaded? Running 2484ms or 49 ticks behind
[07:36:10] [Server thread/WARN]: Can't keep up! Is the server overloaded? Running 4370ms or 87 ticks behind
[07:36:49] [Server thread/WARN]: Can't keep up! Is the server overloaded? Running 2221ms or 44 ticks behind
[07:37:11] [Server thread/WARN]: Can't keep up! Is the server overloaded? Running 7093ms or 141 ticks behind
[07:37:36] [Server thread/WARN]: Can't keep up! Is the server overloaded? Running 9453ms or 189 ticks behind
[07:37:51] [Thread-54/INFO]: [TextileBackup]: Compression finished
[07:37:51] [Thread-54/INFO]: [TextileBackup]: Deleting: 2020-05-19_12-33-11.zip
[07:37:54] [Thread-54/INFO]: [TextileBackup]: Done!
[07:37:57] [Server thread/WARN]: Can't keep up! Is the server overloaded? Running 5666ms or 113 ticks behind
[07:38:44] [Server thread/WARN]: Can't keep up! Is the server overloaded? Running 2113ms or 42 ticks behind
[07:43:46] [Server thread/WARN]: Can't keep up! Is the server overloaded? Running 2305ms or 46 ticks behind
[07:48:49] [Server thread/WARN]: Can't keep up! Is the server overloaded? Running 2053ms or 41 ticks behind
[08:00:07] [Server thread/WARN]: Mismatch in destroy block pos: class_2338{x=1, y=3, z=344} class_2338{x=1, y=4, z=344}
[08:01:51] [Server thread/WARN]: Mismatch in destroy block pos: class_2338{x=-165, y=5, z=338} class_2338{x=-165, y=3, z=338}
[08:01:59] [Server thread/WARN]: Mismatch in destroy block pos: class_2338{x=-159, y=5, z=338} class_2338{x=-159, y=3, z=338}
[08:01:59] [Server thread/WARN]: Mismatch in destroy block pos: class_2338{x=-159, y=5, z=338} class_2338{x=-159, y=3, z=338}
[08:03:36] [Server thread/INFO]: Cora_cold lost connection: Disconnected
[08:03:36] [Server thread/INFO]: Cora_cold left the game
[09:47:29] [Server thread/INFO]: Cora_cold[/127.0.0.1:53656] logged in with entity id 7535 at (-41.4802419141978, 82.0, 240.32031711289775)
[09:47:29] [Netty Server IO #0/WARN]: Received invalid identifier in minecraft:register: legacy:fml|hs (Non [a-z0-9/._-] character in path of location: legacy:fml|hs)
[09:47:29] [Server thread/INFO]: Cora_cold joined the game
[09:47:30] [Server thread/INFO]: [TextileBackup]: Backup started by: SERVER on: 2020-05-21_09-47-30
[09:47:30] [Server thread/INFO]: [TextileBackup]: Saving server...
[09:47:30] [Thread-55/INFO]: [TextileBackup]: Starting compression...
[09:47:44] [Server thread/WARN]: Can't keep up! Is the server overloaded? Running 2088ms or 41 ticks behind
[09:48:17] [Server thread/WARN]: Can't keep up! Is the server overloaded? Running 2044ms or 40 ticks behind
[09:48:35] [Server thread/WARN]: Can't keep up! Is the server overloaded? Running 2016ms or 40 ticks behind
[09:48:54] [Server thread/WARN]: Can't keep up! Is the server overloaded? Running 2561ms or 51 ticks behind
[09:49:17] [Server thread/WARN]: Can't keep up! Is the server overloaded? Running 7362ms or 147 ticks behind
[09:49:37] [Server thread/WARN]: Can't keep up! Is the server overloaded? Running 5373ms or 107 ticks behind
[09:49:50] [Thread-55/INFO]: [TextileBackup]: Compression finished
[09:49:50] [Thread-55/INFO]: [TextileBackup]: Deleting: 2020-05-19_13-33-15.zip
[09:49:50] [Thread-55/INFO]: [TextileBackup]: Done!
[09:52:10] [Server thread/WARN]: Mismatch in destroy block pos: class_2338{x=-125, y=5, z=338} class_2338{x=-125, y=3, z=338}
[09:52:10] [Server thread/WARN]: Mismatch in destroy block pos: class_2338{x=-125, y=5, z=338} class_2338{x=-125, y=3, z=338}
[09:52:21] [Server thread/WARN]: Mismatch in destroy block pos: class_2338{x=-127, y=5, z=338} class_2338{x=-127, y=4, z=338}
[09:52:29] [Server thread/WARN]: Mismatch in destroy block pos: class_2338{x=-126, y=5, z=338} class_2338{x=-125, y=3, z=338}
[09:52:30] [Server thread/WARN]: Mismatch in destroy block pos: class_2338{x=-126, y=5, z=338} class_2338{x=-125, y=3, z=338}
[09:53:00] [Server thread/WARN]: Mismatch in destroy block pos: class_2338{x=-126, y=5, z=338} class_2338{x=-125, y=3, z=338}
[09:53:02] [Server thread/WARN]: Mismatch in destroy block pos: class_2338{x=-126, y=5, z=338} class_2338{x=-125, y=3, z=338}
[10:05:47] [Server thread/WARN]: Mismatch in destroy block pos: class_2338{x=-125, y=3, z=333} class_2338{x=-125, y=4, z=333}
[10:10:01] [Server thread/INFO]: Cora_cold lost connection: Disconnected
[10:10:01] [Server thread/INFO]: Cora_cold left the game
[11:22:11] [RCON Listener #1/INFO]: Rcon connection from: /185.202.1.91
[11:25:49] [Server thread/INFO]: XxiaoyunX[/127.0.0.1:57073] logged in with entity id 12438 at (-169.2820833101169, 72.0, 402.70721328691525)
[11:25:49] [Netty Server IO #0/WARN]: Received invalid identifier in minecraft:register: legacy:fml|hs (Non [a-z0-9/._-] character in path of location: legacy:fml|hs)
[11:25:50] [Server thread/INFO]: XxiaoyunX joined the game
[11:25:50] [Server thread/INFO]: [TextileBackup]: Backup started by: SERVER on: 2020-05-21_11-25-50
[11:25:50] [Server thread/INFO]: [TextileBackup]: Saving server...
[11:25:51] [Thread-56/INFO]: [TextileBackup]: Starting compression...
[11:25:55] [Server thread/WARN]: Can't keep up! Is the server overloaded? Running 2035ms or 40 ticks behind
[11:26:17] [Server thread/WARN]: Can't keep up! Is the server overloaded? Running 7072ms or 141 ticks behind
[11:26:38] [Server thread/WARN]: Can't keep up! Is the server overloaded? Running 2025ms or 40 ticks behind
[11:26:59] [Server thread/WARN]: Can't keep up! Is the server overloaded? Running 5723ms or 114 ticks behind
[11:27:23] [Server thread/WARN]: Can't keep up! Is the server overloaded? Running 2099ms or 41 ticks behind
[11:27:42] [Server thread/WARN]: Can't keep up! Is the server overloaded? Running 3781ms or 75 ticks behind
[11:28:06] [Server thread/WARN]: Can't keep up! Is the server overloaded? Running 9291ms or 185 ticks behind
[11:28:15] [Thread-56/INFO]: [TextileBackup]: Compression finished
[11:28:15] [Thread-56/INFO]: [TextileBackup]: Deleting: 2020-05-19_15-12-35.zip
[11:28:17] [Thread-56/INFO]: [TextileBackup]: Done!
[11:29:43] [Server thread/WARN]: Can't keep up! Is the server overloaded? Running 2241ms or 44 ticks behind
[11:30:01] [Server thread/WARN]: Can't keep up! Is the server overloaded? Running 2681ms or 53 ticks behind
[11:33:18] [Server thread/WARN]: Can't keep up! Is the server overloaded? Running 2857ms or 57 ticks behind
[11:34:51] [Server thread/WARN]: Can't keep up! Is the server overloaded? Running 2007ms or 40 ticks behind
[11:35:09] [Server thread/WARN]: Can't keep up! Is the server overloaded? Running 2794ms or 55 ticks behind
[11:44:57] [Server thread/WARN]: Can't keep up! Is the server overloaded? Running 2459ms or 49 ticks behind
[11:47:04] [Server thread/WARN]: Mismatch in destroy block pos: class_2338{x=-386, y=70, z=461} class_2338{x=-387, y=69, z=461}
[11:47:04] [Server thread/WARN]: Mismatch in destroy block pos: class_2338{x=-386, y=70, z=461} class_2338{x=-387, y=69, z=461}
[11:47:04] [Server thread/WARN]: Mismatch in destroy block pos: class_2338{x=-386, y=70, z=461} class_2338{x=-387, y=69, z=461}
[11:49:58] [Server thread/WARN]: Can't keep up! Is the server overloaded? Running 2009ms or 40 ticks behind
[11:52:17] [Server thread/INFO]: XxiaoyunX was slain by Vindicator
[11:52:43] [Server thread/INFO]: XxiaoyunX was shot by Pillager
[11:53:47] [Server thread/INFO]: XxiaoyunX was slain by Ravager
[11:55:00] [Server thread/WARN]: Can't keep up! Is the server overloaded? Running 2164ms or 43 ticks behind
[11:55:31] [Server thread/INFO]: Villager class_1646['Farmer'/317, l='skimit', x=-396.70, y=69.94, z=471.57] died, message: 'Farmer was slain by Vex'
[12:00:03] [Server thread/WARN]: Can't keep up! Is the server overloaded? Running 2178ms or 43 ticks behind
[12:00:08] [Server thread/INFO]: Villager class_1646['Farmer'/310, l='skimit', x=-396.43, y=69.94, z=481.42] died, message: 'Farmer was slain by Vex'
[12:00:19] [Server thread/INFO]: Villager class_1646['Farmer'/311, l='skimit', x=-396.70, y=70.00, z=474.52] died, message: 'Farmer was slain by Vex'
[12:00:34] [Server thread/INFO]: Villager class_1646['Farmer'/368, l='skimit', x=-396.70, y=69.94, z=475.53] died, message: 'Farmer was slain by Vex'
[12:00:41] [Server thread/INFO]: Villager class_1646['Farmer'/363, l='skimit', x=-396.70, y=69.94, z=473.56] died, message: 'Farmer was killed by Evoker using magic'
[12:00:43] [Server thread/INFO]: Villager class_1646['Farmer'/316, l='skimit', x=-396.70, y=69.94, z=475.55] died, message: 'Farmer was slain by Vex'
[12:00:48] [Server thread/INFO]: Villager class_1646['Farmer'/364, l='skimit', x=-396.70, y=69.94, z=472.46] died, message: 'Farmer was slain by Vex'
[12:01:11] [Server thread/INFO]: Villager class_1646['Farmer'/318, l='skimit', x=-395.28, y=69.94, z=475.47] died, message: 'Farmer was shot by Pillager'
[12:01:34] [Server thread/INFO]: Villager class_1646['Farmer'/367, l='skimit', x=-396.32, y=70.00, z=465.78] died, message: 'Farmer was slain by Vex'
[12:01:42] [Server thread/INFO]: Villager class_1646['Farmer'/314, l='skimit', x=-393.10, y=69.94, z=473.01] died, message: 'Farmer was shot by Pillager'
[12:01:50] [Server thread/INFO]: Villager class_1646['Farmer'/319, l='skimit', x=-389.38, y=69.94, z=477.75] died, message: 'Farmer was slain by Vex'
[12:01:52] [Server thread/INFO]: Villager class_1646['Farmer'/312, l='skimit', x=-396.70, y=69.94, z=475.45] died, message: 'Farmer was shot by Pillager'
[12:03:49] [Server thread/INFO]: Villager class_1646['Farmer'/313, l='skimit', x=-396.70, y=69.94, z=476.50] died, message: 'Farmer was slain by Vex'
[12:04:07] [Server thread/INFO]: Villager class_1646['Farmer'/315, l='skimit', x=-389.62, y=69.94, z=469.50] died, message: 'Farmer was slain by Vex'
[12:10:06] [Server thread/WARN]: Can't keep up! Is the server overloaded? Running 2361ms or 47 ticks behind
[12:12:32] [Server thread/WARN]: Can't keep up! Is the server overloaded? Running 2768ms or 55 ticks behind
[12:17:01] [Server thread/INFO]: XxiaoyunX lost connection: Disconnected
[12:17:01] [Server thread/INFO]: XxiaoyunX left the game
[13:09:27] [Server thread/INFO]: Cora_cold[/127.0.0.1:60533] logged in with entity id 20033 at (-14.442883822678237, 14.0, 334.1383741997277)
[13:09:27] [Netty Server IO #0/WARN]: Received invalid identifier in minecraft:register: legacy:fml|hs (Non [a-z0-9/._-] character in path of location: legacy:fml|hs)
[13:09:27] [Server thread/INFO]: Cora_cold joined the game
[13:09:28] [Server thread/INFO]: [TextileBackup]: Backup started by: SERVER on: 2020-05-21_13-09-28
[13:09:28] [Server thread/INFO]: [TextileBackup]: Saving server...
[13:09:28] [Thread-57/INFO]: [TextileBackup]: Starting compression...
[13:09:43] [Server thread/WARN]: Can't keep up! Is the server overloaded? Running 2468ms or 49 ticks behind
[13:10:12] [Server thread/WARN]: Can't keep up! Is the server overloaded? Running 2377ms or 47 ticks behind
[13:11:31] [Server thread/WARN]: Can't keep up! Is the server overloaded? Running 2999ms or 59 ticks behind
[13:11:35] [Thread-57/INFO]: [TextileBackup]: Compression finished
[13:11:35] [Thread-57/INFO]: [TextileBackup]: Deleting: 2020-05-19_16-12-35.zip
[13:11:35] [Thread-57/INFO]: [TextileBackup]: Done!
[13:39:05] [Server thread/WARN]: Fetching packet for removed entity class_1542['Cactus'/27082, l='skimit', x=-22.93, y=66.33, z=265.69]
[13:39:23] [Server thread/WARN]: Fetching packet for removed entity class_1542['Cactus'/27154, l='skimit', x=-22.93, y=66.33, z=265.88]
[13:45:17] [Server thread/WARN]: Can't keep up! Is the server overloaded? Running 2233ms or 44 ticks behind
[14:09:27] [Server thread/INFO]: [TextileBackup]: Backup started by: SERVER on: 2020-05-21_14-09-27
[14:09:27] [Server thread/INFO]: [TextileBackup]: Saving server...
[14:09:27] [Thread-58/INFO]: [TextileBackup]: Starting compression...
[14:09:34] [Server thread/WARN]: Can't keep up! Is the server overloaded? Running 2074ms or 41 ticks behind
[14:10:21] [Server thread/WARN]: Can't keep up! Is the server overloaded? Running 2589ms or 51 ticks behind
[14:10:45] [Server thread/WARN]: Can't keep up! Is the server overloaded? Running 2098ms or 41 ticks behind
[14:11:04] [Thread-58/INFO]: [TextileBackup]: Compression finished
[14:11:04] [Thread-58/INFO]: [TextileBackup]: Deleting: 2020-05-20_05-30-01.zip
[14:11:04] [Thread-58/INFO]: [TextileBackup]: Done!
[14:12:44] [Server thread/INFO]: Cora_cold lost connection: Disconnected
[14:12:44] [Server thread/INFO]: Cora_cold left the game
