[20:54:48] [main/INFO]: Loading for game Minecraft 1.16.4
[20:54:49] [ForkJoinPool-1-worker-3/WARN]: The mod "cotton-logging" contains invalid entries in its mod json:
- Unsupported root entry "licence" at line 7 column 12
[20:54:49] [ForkJoinPool-1-worker-3/WARN]: The mod "cotton-config" contains invalid entries in its mod json:
- Unsupported root entry "licence" at line 7 column 12
[20:54:49] [main/WARN]: Warnings were found! 
 - Mod 'BetterF3' (betterf3) recommends version 1.14.6 or later of mod modmenu, which is missing!
	 - You must install version 1.14.6 or later of modmenu.
[20:54:49] [main/INFO]: [FabricLoader] Loading 59 mods: fabric-renderer-api-v1@0.3.3+a4467d2a3a, fabric-keybindings-v0@0.2.0+3fa9f7c53a, fabricloader@0.10.6+build.214, fabric-structure-api-v1@1.1.0+f8ac1db23a, bbor@2.4-1.16.3, com_github_shevek_parallelgzip@master-SNAPSHOT, fabric-containers-v0@0.1.8+045df74f3a, lithium@0.6.0, fabric-object-builder-api-v1@1.9.2+a89534ab3a, fabric-game-rule-api-v1@1.0.3+a4467d2a3a, fabric-api-base@0.2.0+9f0fb4b83a, fabric-rendering-data-attachment-v1@0.1.4+f8ac1db23a, fabric-textures-v0@1.0.5+a4467d2a3a, fabric-rendering-fluids-v1@0.1.12+f8ac1db23a, cotton-logging@1.0.0-rc.4, fabric-blockrenderlayer-v1@1.1.4+c6a8ea893a, fabric-lifecycle-events-v1@1.2.0+74cc3b203a, fabric-renderer-registries-v1@2.2.0+f8ac1db23a, carpet-extra@1.4.16, fabric-loot-tables-v1@1.0.1+432ea1883a, fabric@0.25.7+1.16, carpet@1.4.17, fabric-particles-v1@0.2.2+fb0d9b0e3a, fabric-networking-v0@0.1.10+e00ecb5f3a, cotton-config@1.0.0-rc.7, fabric-networking-blockentity-v0@0.2.5+b50ffc7b3a, minecraft@1.16.4, fabric-screen-handler-api-v1@1.1.0+872498413a, fabric-command-api-v1@1.0.9+a4467d2a3a, jankson@3.0.0+j1.2.0, cloth-basic-math@0.5.1, phosphor@0.6.0+build.7, fabric-tool-attribute-api-v1@1.2.5+c93221003a, bluemap@1.3.0-snap, fabric-renderer-indigo@0.4.3+a4467d2a3a, player-roles@1.1.2, org_apache_commons_commons-compress@1.19, fabric-item-api-v1@1.2.0+f8ac1db23a, fabric-events-interaction-v0@0.4.1+f8ac1db23a, fabric-crash-report-info-v1@0.1.2+b7f9825d3a, fabric-rendering-v0@1.1.1+f8ac1db23a, fabric-key-binding-api-v1@1.0.1+730711c63a, fabric-rendering-v1@1.3.1+f8ac1db23a, cloth-config2@4.7.0-unstable, org_tukaani_xz@1.8, fabric-resource-loader-v0@0.3.2+1944f3e03a, fabric-content-registries-v0@0.1.9+059ea8663a, fabric-tag-extensions-v0@1.0.3+ac8e8c593a, fabric-biome-api-v1@3.0.0+ec7e203b3a, fabric-commands-v0@0.2.0+52d308363a, fabric-registry-sync-v0@0.6.1+a4467d2a3a, textile_backup@2.0.1-1.16.3, fabric-mining-levels-v0@0.1.2+b764ce993a, betterf3@1.1.1, fabric-events-lifecycle-v0@0.2.0+16acbe5b3a, fabric-models-v0@0.1.1+f8ac1db23a, fabric-item-groups-v0@0.2.1+a4467d2a3a, fabric-object-builders-v0@0.7.1+a4467d2a3a, lithium-api@0.6.0
[20:54:49] [main/WARN]: Mod `com_github_shevek_parallelgzip` (master-SNAPSHOT) does not respect SemVer - comparison support is limited.
[20:54:50] [main/INFO]: SpongePowered MIXIN Subsystem Version=0.8.2 Source=file:/srv/survival/fabric-server-launch.jar Service=Knot/Fabric Env=SERVER
[20:54:55] [main/WARN]: @Mixin target net/minecraft/class_3898$class_3208 is public in fabric-networking-[20:55:14] [main/INFO]: [Textile Backup] Starting Textile Backup by Szum123321.
[20:55:18] [main/INFO]: Environment: authHost='https://authserver.mojang.com', accountsHost='https://api.mojang.com', sessionHost='https://sessionserver.mojang.com', servicesHost='https://api.minecraftservices.com', name='PROD'
[20:55:18] [main/WARN]: Failed to load profile cache ./usercache.json
com.google.gson.JsonSyntaxException: com.google.gson.stream.MalformedJsonException: Unterminated string at line 1 column 16385 path $[156].uuid
	at com.google.gson.Gson.fromJson(Gson.java:902) ~[server.jar:?]
	at com.google.gson.Gson.fromJson(Gson.java:825) ~[server.jar:?]
	at net.minecraft.class_3312.method_14517(class_3312.java:174) [intermediary-server.jar:?]
	at net.minecraft.class_3312.<init>(class_3312.java:59) [intermediary-server.jar:?]
	at net.minecraft.server.Main.main(Main.java:115) [intermediary-server.jar:?]
	at jdk.internal.reflect.NativeMethodAccessorImpl.invoke0(Native Method) ~[?:?]
	at jdk.internal.reflect.NativeMethodAccessorImpl.invoke(NativeMethodAccessorImpl.java:64) ~[?:?]
	at jdk.internal.reflect.DelegatingMethodAccessorImpl.invoke(DelegatingMethodAccessorImpl.java:43) ~[?:?]
	at java.lang.reflect.Method.invoke(Method.java:564) ~[?:?]
	at net.fabricmc.loader.game.MinecraftGameProvider.launch(MinecraftGameProvider.java:224) [fabric-server-launch.jar:?]
	at net.fabricmc.loader.launch.knot.Knot.init(Knot.java:141) [fabric-server-launch.jar:?]
	at net.fabricmc.loader.launch.knot.KnotServer.main(KnotServer.java:27) [fabric-server-launch.jar:?]
	at jdk.internal.reflect.NativeMethodAccessorImpl.invoke0(Native Method) ~[?:?]
	at jdk.internal.reflect.NativeMethodAccessorImpl.invoke(NativeMethodAccessorImpl.java:64) ~[?:?]
	at jdk.internal.reflect.DelegatingMethodAccessorImpl.invoke(DelegatingMethodAccessorImpl.java:43) ~[?:?]
	at java.lang.reflect.Method.invoke(Method.java:564) ~[?:?]
	at net.fabricmc.loader.launch.server.FabricServerLauncher.launch(FabricServerLauncher.java:62) [fabric-server-launch.jar:?]
	at net.fabricmc.loader.launch.server.FabricServerLauncher.setup(FabricServerLauncher.java:106) [fabric-server-launch.jar:?]
	at net.fabricmc.loader.launch.server.FabricServerLauncher.main(FabricServerLauncher.java:50) [fabric-server-launch.jar:?]
Caused by: com.google.gson.stream.MalformedJsonException: Unterminated string at line 1 column 16385 path $[156].uuid
	at com.google.gson.stream.JsonReader.syntaxError(JsonReader.java:1559) ~[server.jar:?]
	at com.google.gson.stream.JsonReader.nextQuotedValue(JsonReader.java:1017) ~[server.jar:?]
	at com.google.gson.stream.JsonReader.nextString(JsonReader.java:815) ~[server.jar:?]
	at com.google.gson.internal.bind.TypeAdapters$29.read(TypeAdapters.java:718) ~[server.jar:?]
	at com.google.gson.internal.bind.TypeAdapters$29.read(TypeAdapters.java:739) ~[server.jar:?]
	at com.google.gson.internal.bind.TypeAdapters$29.read(TypeAdapters.java:731) ~[server.jar:?]
	at com.google.gson.internal.bind.TypeAdapters$29.read(TypeAdapters.java:714) ~[server.jar:?]
	at com.google.gson.internal.bind.TypeAdapters$35$1.read(TypeAdapters.java:910) ~[server.jar:?]
	at com.google.gson.Gson.fromJson(Gson.java:887) ~[server.jar:?]
	... 18 more
[20:55:19] [main/WARN]: Ambiguity between arguments [bluemap, marker, create, id, map, x] and [bluemap, marker, create, id, map, label] with inputs: [0, -1, -.5, 1.2, .5, -1234.56]
[20:55:19] [main/WARN]: Ambiguity between arguments [bluemap, render, cancel] and [bluemap, render, world|map] with inputs: [cancel]
[20:55:19] [main/WARN]: Ambiguity between arguments [bluemap, render, prioritize] and [bluemap, render, world|map] with inputs: [prioritize]
[20:55:19] [main/WARN]: Ambiguity between arguments [bluemap, render, radius] and [bluemap, render, world|map] with inputs: [0, -123, 123]
[20:55:19] [main/WARN]: Ambiguity between arguments [bluemap, render, radius] and [bluemap, render, x] with inputs: [0, -123, 123]
[20:55:20] [main/WARN]: Ambiguity between arguments [bluemap, render, x] and [bluemap, render, radius] with inputs: [0, -1]
[20:55:20] [main/WARN]: Ambiguity between arguments [bluemap, render, x] and [bluemap, render, world|map] with inputs: [0, -1, -.5, 1.2, .5, -1234.56]
[20:55:20] [main/WARN]: Ambiguity between arguments [teleport, destination] and [teleport, targets] with inputs: [Player, 0123, @e, dd12be42-52a9-4a91-a8a1-11c01849e498]
[20:55:20] [main/WARN]: Ambiguity between arguments [teleport, location] and [teleport, destination] with inputs: [0.1 -0.5 .9, 0 0 0]
[20:55:20] [main/WARN]: Ambiguity between arguments [teleport, location] and [teleport, targets] with inputs: [0.1 -0.5 .9, 0 0 0]
[20:55:20] [main/WARN]: Ambiguity between arguments [teleport, targets] and [teleport, destination] with inputs: [Player, 0123, dd12be42-52a9-4a91-a8a1-11c01849e498]
[20:55:20] [main/WARN]: Ambiguity between arguments [teleport, targets, location] and [teleport, targets, destination] with inputs: [0.1 -0.5 .9, 0 0 0]
[20:55:20] [main/INFO]: Reloading ResourceManager: Default, bukkit, skimit-DataPack, Fabric Tool Attribute API (v1), Player Roles
[20:55:26] [Worker-Main-2/INFO]: Loaded 7 recipes
[20:55:27] [Worker-Main-2/INFO]: Loaded 927 advancements
[20:55:30] [main/INFO]: Applied 0 biome modifications to 0 of 79 new biomes in 2.014 ms
[20:55:30] [main/WARN]: [fabric-registry-sync] Could not find the following registries: minecraft:biome_source_type, minecraft:block_state_provider_type, minecraft:dimension_type, minecraft:structure_piece, minecraft:carver, minecraft:block_placer_type, minecraft:decorator, minecraft:structure_feature, minecraft:surface_builder, minecraft:foliage_placer_type, minecraft:feature, minecraft:tree_decorator_type, minecraft:structure_pool_element, minecraft:biome, minecraft:chunk_generator_type, minecraft:structure_processor
[20:55:30] [main/INFO]: [fabric-registry-sync] Loaded registry data [file 1/4]
[20:55:31] [Server thread/INFO]: Starting minecraft server version 1.16.4
[20:55:31] [Server thread/INFO]: Loading properties
[20:55:31] [Server thread/INFO]: Default game type: SURVIVAL
[20:55:31] [Server thread/INFO]: Generating keypair
[20:55:31] [Server thread/INFO]: Starting Minecraft server on *:34268
[20:55:31] [Server thread/INFO]: Using epoll channel type
[20:55:32] [Server thread/WARN]: **** SERVER IS RUNNING IN OFFLINE/INSECURE MODE!
[20:55:32] [Server thread/WARN]: The server will make no attempt to authenticate usernames. Beware.
[20:55:32] [Server thread/WARN]: While this makes the game possible to play without internet access, it also opens up the ability for hackers to connect with any username they choose.
[20:55:32] [Server thread/WARN]: To change this, set "online-mode" to "true" in the server.properties file.
[20:55:32] [Server thread/INFO]: Preparing level "world"
[20:55:32] [Server thread/INFO]: [CM]: loaded setting combineXPOrbs as true from carpet.conf
[20:55:32] [Server thread/INFO]: [CM]: loaded setting onePlayerSleeping as true from carpet.conf
[20:55:32] [Server thread/INFO]: [CM]: loaded setting leadFix as true from carpet.conf
[20:55:32] [Server thread/INFO]: [CM]: loaded setting ctrlQCraftingFix as true from carpet.conf
[20:55:32] [Server thread/INFO]: [CM]: loaded setting language as zh_cn from carpet.conf
[20:55:32] [Server thread/INFO]: [CM]: loaded setting commandTick as true from carpet.conf
[20:55:32] [Server thread/INFO]: [CM]: loaded setting commandDraw as false from carpet.conf
[20:55:32] [Server thread/INFO]: [CM]: loaded setting fastRedstoneDust as true from carpet.conf
[20:55:32] [Server thread/INFO]: [CM]: loaded setting rotatorBlock as true from carpet.conf
[20:55:32] [Server thread/INFO]: [CM]: loaded setting commandPlayer as true from carpet.conf
[20:55:32] [Server thread/INFO]: [CM]: loaded setting updateSuppressionCrashFix as true from carpet.conf
[20:55:32] [Server thread/INFO]: [CM]: loaded setting reloadSuffocationFix as true from carpet.conf
[20:55:32] [Server thread/INFO]: [CM]: loaded setting antiCheatDisabled as true from carpet.conf
[20:55:32] [Server thread/INFO]: [CM]: loaded setting commandPing as true from carpet.conf
[20:55:32] [Server thread/INFO]: [CM]: loaded setting defaultLoggers as tps,mobcaps from carpet.conf
[20:55:32] [Server thread/INFO]: [CM]: loaded setting placementRotationFix as true from carpet.conf
[20:55:32] [Server thread/INFO]: [CM]: loaded setting hopperCounters as true from carpet.conf
[20:55:32] [Server thread/INFO]: [CM]: loaded setting flippinCactus as true from carpet.conf
[20:55:32] [Server thread/INFO]: [CM]: loaded setting lagFreeSpawning as true from carpet.conf
[20:55:34] [Server thread/INFO]: create world dimension: minecraft:overworld (seed: 20190827)
[20:55:34] [Server thread/INFO]: create world dimension: minecraft:the_nether (seed: 20190827)
[20:55:34] [Server thread/INFO]: create world dimension: minecraft:the_end (seed: 20190827)
[20:55:34] [Server thread/INFO]: Preparing start region for dimension minecraft:overworld
[20:55:41] [Server thread/INFO]: Preparing spawn area: 0%
[20:55:41] [Server thread/INFO]: Preparing spawn area: 0%
[20:55:41] [Server thread/INFO]: Preparing spawn area: 0%
[20:55:41] [Server thread/INFO]: Preparing spawn area: 0%
[20:55:41] [Server thread/INFO]: Preparing spawn area: 0%
[20:55:41] [Server thread/INFO]: Preparing spawn area: 0%
[20:55:41] [Server thread/INFO]: Preparing spawn area: 0%
[20:55:41] [Server thread/INFO]: Preparing spawn area: 0%
[20:55:41] [Server thread/INFO]: Preparing spawn area: 0%
[20:55:41] [Server thread/INFO]: Preparing spawn area: 0%
[20:55:41] [Server thread/INFO]: Preparing spawn area: 0%
[20:55:41] [Server thread/INFO]: Preparing spawn area: 0%
[20:55:41] [Server thread/INFO]: Preparing spawn area: 0%
[20:55:41] [Server thread/INFO]: Preparing spawn area: 0%
[20:55:41] [Server thread/INFO]: Preparing spawn area: 0%
[20:55:41] [Server thread/INFO]: Preparing spawn area: 0%
[20:55:42] [Server thread/INFO]: Preparing spawn area: 73%
[20:55:43] [Server thread/INFO]: Time elapsed: 9246 ms
[20:55:43] [Server thread/INFO]: Done (10.814s)! For help, type "help"
[20:55:43] [Server thread/INFO]: Starting remote control listener
[20:55:43] [Server thread/INFO]: Thread RCON Listener started
[20:55:43] [Server thread/INFO]: RCON running on 0.0.0.0:796
[20:55:43] [Thread-67/INFO]: Loading BlueMap...
[20:55:44] [Thread-67/INFO]: Loading resources...
[20:55:44] [Thread-68/INFO]: WebServer started.
[20:55:45] [Server thread/WARN]: Can't keep up! Is the server overloaded? Running 2033ms or 40 ticks behind
[20:55:49] [Thread-67/INFO]: Loading bluemap assets (1/3)...
[20:55:50] [Thread-67/INFO]: Loading realms assets (2/3)...
[20:55:51] [Thread-67/INFO]: Loading minecraft assets (3/3)...
[20:55:55] [Thread-67/INFO]: BlueMap loaded!
[20:56:00] [Server thread/INFO]: Can only manipulate existing players
[20:56:00] [Server thread/INFO]: Can only manipulate existing players
[20:56:52] [Server thread/INFO]: EDGW[/127.0.0.1:43361] logged in with entity id 88 at (-765.5554732143262, 42.0, 439.3783214393881)
[20:56:52] [Server thread/INFO]: EDGW joined the game
[20:56:53] [Netty Epoll Server IO #1/WARN]: Received invalid identifier in minecraft:register: legacy:fml|hs (Non [a-z0-9/._-] character in path of location: legacy:fml|hs)
[20:56:53] [Netty Epoll Server IO #1/WARN]: Player EDGW joined with another carpet version: 1.4.11+v200910
[20:56:53] [Server thread/WARN]: Can't keep up! Is the server overloaded? Running 2322ms or 46 ticks behind
[20:57:06] [Server thread/INFO]: <EDGW> 进来了
[20:57:27] [Server thread/INFO]: Unknown or incomplete command, see below for error
[20:57:27] [Server thread/INFO]: backup<--[HERE]
[20:57:32] [Server thread/INFO]: Unknown or incomplete command, see below for error
[20:57:32] [Server thread/INFO]: ?<--[HERE]
[20:57:36] [Server thread/INFO]: /advancement (grant|revoke)
[20:57:36] [Server thread/INFO]: /attribute <target> <attribute> (base|get|modifier)
[20:57:36] [Server thread/INFO]: /backup (blacklist|cleanup|killR|list|restore|start|whitelist)
[20:57:36] [Server thread/INFO]: /ban <targets> [<reason>]
[20:57:36] [Server thread/INFO]: /ban-ip <target> [<reason>]
[20:57:36] [Server thread/INFO]: /banlist [ips|players]
[20:57:36] [Server thread/INFO]: /bluemap [debug|help|maps|marker|pause|purge|reload|render|resume|version|worlds]
[20:57:36] [Server thread/INFO]: /bossbar (add|get|list|remove|set)
[20:57:36] [Server thread/INFO]: /carpet [list|removeDefault|setDefault|<rule>]
[20:57:36] [Server thread/INFO]: /clear [<targets>]
[20:57:36] [Server thread/INFO]: /clone <begin> <end> <destination> [filtered|masked|replace]
[20:57:36] [Server thread/INFO]: /counter [black|blue|brown|cyan|gray|green|light_blue|light_gray|lime|magenta|orange|pink|purple|red|reset|white|yellow]
[20:57:36] [Server thread/INFO]: /data (get|merge|modify|remove)
[20:57:36] [Server thread/INFO]: /datapack (disable|enable|list)
[20:57:36] [Server thread/INFO]: /debug (report|start|stop)
[20:57:36] [Server thread/INFO]: /defaultgamemode (adventure|creative|spectator|survival)
[20:57:36] [Server thread/INFO]: /deop <targets>
[20:57:36] [Server thread/INFO]: /difficulty [easy|hard|normal|peaceful]
[20:57:36] [Server thread/INFO]: /distance (from|to)
[20:57:36] [Server thread/INFO]: /effect (clear|give)
[20:57:36] [Server thread/INFO]: /enchant <targets> <enchantment> [<level>]
[20:57:36] [Server thread/INFO]: /execute (align|anchored|as|at|facing|if|in|positioned|rotated|run|store|unless)
[20:57:36] [Server thread/INFO]: /experience (add|query|set)
[20:57:36] [Server thread/INFO]: /fill <from> <to> <block> [destroy|hollow|keep|outline|replace]
[20:57:36] [Server thread/INFO]: /forceload (add|query|remove)
[20:57:36] [Server thread/INFO]: /function <name>
[20:57:36] [Server thread/INFO]: /gamemode (adventure|creative|spectator|survival)
[20:57:36] [Server thread/INFO]: /gamerule (announceAdvancements|commandBlockOutput|disableElytraMovementCheck|disableRaids|doDaylightCycle|doEntityDrops|doFireTick|doImmediateRespawn|doInsomnia|doLimitedCrafting|doMobLoot|doMobSpawning|doPatrolSpawning|doTileDrops|doTraderSpawning|doWeatherCycle|drowningDamage|fallDamage|fireDamage|forgiveDeadPlayers|keepInventory|logAdminCommands|maxCommandChainLength|maxEntityCramming|mobGriefing|naturalRegeneration|randomTickSpeed|reducedDebugInfo|sendCommandFeedback|showDeathMessages|spawnRadius|spectatorsGenerateChunks|universalAnger)
[20:57:36] [Server thread/INFO]: /give <targets> <item> [<count>]
[20:57:36] [Server thread/INFO]: /help [<command>]
[20:57:36] [Server thread/INFO]: /info (block|entity)
[20:57:36] [Server thread/INFO]: /kick <targets> [<reason>]
[20:57:36] [Server thread/INFO]: /kill [<targets>]
[20:57:36] [Server thread/INFO]: /list [uuids]
[20:57:36] [Server thread/INFO]: /locate (bastion_remnant|buried_treasure|desert_pyramid|endcity|fortress|igloo|jungle_pyramid|mansion|mineshaft|monument|nether_fossil|ocean_ruin|pillager_outpost|ruined_portal|shipwreck|stronghold|swamp_hut|village)
[20:57:36] [Server thread/INFO]: /locatebiome <biome>
[20:57:36] [Server thread/INFO]: /log [clear|<log name>]
[20:57:36] [Server thread/INFO]: /loot (give|insert|replace|spawn)
[20:57:36] [Server thread/INFO]: /me <action>
[20:57:36] [Server thread/INFO]: /msg <targets> <message>
[20:57:36] [Server thread/INFO]: /op <targets>
[20:57:36] [Server thread/INFO]: /pardon <targets>
[20:57:36] [Server thread/INFO]: /pardon-ip <target>
[20:57:36] [Server thread/INFO]: /particle <name> [<pos>]
[20:57:36] [Server thread/INFO]: /perimeterinfo [<center position>]
[20:57:36] [Server thread/INFO]: /ping
[20:57:36] [Server thread/INFO]: /player <player> (attack|dismount|drop|dropStack|jump|kill|look|mount|move|shadow|sneak|spawn|sprint|stop|swapHands|turn|unsneak|unsprint|use)
[20:57:36] [Server thread/INFO]: /playsound <sound> (ambient|block|hostile|master|music|neutral|player|record|voice|weather)
[20:57:36] [Server thread/INFO]: /profile [entities|health]
[20:57:36] [Server thread/INFO]: /recipe (give|take)
[20:57:36] [Server thread/INFO]: /reload
[20:57:36] [Server thread/INFO]: /replaceitem (block|entity)
[20:57:36] [Server thread/INFO]: /role (assign|list|reload|remove)
[20:57:36] [Server thread/INFO]: /save-all [flush]
[20:57:36] [Server thread/INFO]: /save-off
[20:57:36] [Server thread/INFO]: /save-on
[20:57:36] [Server thread/INFO]: /say <message>
[20:57:36] [Server thread/INFO]: /schedule (clear|function)
[20:57:36] [Server thread/INFO]: /scoreboard (objectives|players)
[20:57:36] [Server thread/INFO]: /script (event|fill|globals|in|invoke|invokearea|invokepoint|load|outline|resume|run|scan|stop|unload)
[20:57:36] [Server thread/INFO]: /seed
[20:57:36] [Server thread/INFO]: /setblock <pos> <block> [destroy|keep|replace]
[20:57:36] [Server thread/INFO]: /setidletimeout <minutes>
[20:57:36] [Server thread/INFO]: /setworldspawn [<pos>]
[20:57:36] [Server thread/INFO]: /spawn (entities|list|mobcaps|mocking|rates|test|tracking)
[20:57:36] [Server thread/INFO]: /spawnpoint [<targets>]
[20:57:36] [Server thread/INFO]: /spectate [<target>]
[20:57:36] [Server thread/INFO]: /spreadplayers <center> <spreadDistance> <maxRange> (under|<respectTeams>)
[20:57:36] [Server thread/INFO]: /stop
[20:57:36] [Server thread/INFO]: /stopsound <targets> [*|ambient|block|hostile|master|music|neutral|player|record|voice|weather]
[20:57:36] [Server thread/INFO]: /summon <entity> [<pos>]
[20:57:36] [Server thread/INFO]: /tag <targets> (add|list|remove)
[20:57:36] [Server thread/INFO]: /team (add|empty|join|leave|list|modify|remove)
[20:57:36] [Server thread/INFO]: /teammsg <message>
[20:57:36] [Server thread/INFO]: /teleport (<destination>|<location>|<targets>)
[20:57:36] [Server thread/INFO]: /tell -> msg
[20:57:36] [Server thread/INFO]: /tellraw <targets> <message>
[20:57:36] [Server thread/INFO]: /tick (entities|freeze|health|rate|step|superHot|warp)
[20:57:36] [Server thread/INFO]: /time (add|query|set)
[20:57:36] [Server thread/INFO]: /title <targets> (actionbar|clear|reset|subtitle|times|title)
[20:57:36] [Server thread/INFO]: /tm -> teammsg
[20:57:36] [Server thread/INFO]: /tp -> teleport
[20:57:36] [Server thread/INFO]: /track <entity type> (clear|<aspect>)
[20:57:36] [Server thread/INFO]: /trigger <objective> [add|set]
[20:57:36] [Server thread/INFO]: /w -> msg
[20:57:36] [Server thread/INFO]: /weather (clear|rain|thunder)
[20:57:36] [Server thread/INFO]: /whitelist (add|list|off|on|reload|remove)
[20:57:36] [Server thread/INFO]: /worldborder (add|center|damage|get|set|warning)
[20:57:36] [Server thread/INFO]: /xp -> experience
[20:58:00] [Server thread/INFO]: Can only manipulate existing players
[20:58:00] [Server thread/INFO]: Can only manipulate existing players
[20:58:03] [Server thread/INFO]: Saving the game (this may take a moment!)
[20:58:05] [Server thread/INFO]: Saved the game
[20:58:15] [Server thread/WARN]: Can't keep up! Is the server overloaded? Running 2032ms or 40 ticks behind
[21:00:00] [Server thread/INFO]: Can only manipulate existing players
[21:00:00] [Server thread/INFO]: Can only manipulate existing players
[21:00:00] [Server thread/INFO]: shuijiao[local] logged in with entity id 638 at (-42.5, 61.0, 240.5)
[21:00:00] [Server thread/INFO]: shuijiao joined the game
[21:10:00] [Server thread/INFO]: Player shuijiao is already logged on
[21:11:28] [Server thread/INFO]: Aod_lcy[/127.0.0.1:33115] logged in with entity id 4300 at (-5.165044265931128, 129.875, 29.75303835770954)
[21:11:28] [Server thread/INFO]: Aod_lcy joined the game
[21:11:29] [Netty Epoll Server IO #1/WARN]: Received invalid identifier in minecraft:register: legacy:fml|hs (Non [a-z0-9/._-] character in path of location: legacy:fml|hs)
[21:11:30] [Server thread/WARN]: Can't keep up! Is the server overloaded? Running 2142ms or 42 ticks behind
[21:11:48] [Server thread/INFO]: <EDGW> Aod_lcy 帮我准备些材料
[21:12:00] [Server thread/INFO]: <Aod_lcy> 什么材料
[21:12:04] [Server thread/WARN]: Trying to add entity with duplicated UUID 53697aff-9030-4dfb-ae28-0540aa2e8915. Existing minecraft:enderman#4808, new: minecraft:enderman#4869
[21:13:01] [Server thread/INFO]: <EDGW> 红石粉10组+红石中继器3组+绊线钩1组，仙人掌20个，沙子1组，铁轨1组，动力铁轨2组，发射器一组，漏斗一组，按钮一组
[21:13:45] [Server thread/INFO]: <EDGW> 还有脚手架2组
[21:14:09] [Server thread/INFO]: <Aod_lcy> 但我什么都没了
[21:14:22] [Server thread/INFO]: <EDGW> 翻箱子
[21:15:05] [Server thread/INFO]: <Aod_lcy> 我去女巫塔看看
[21:15:07] [Server thread/INFO]: Saving the game (this may take a moment!)
[21:15:07] [Server thread/INFO]: Saved the game
[21:15:19] [Server thread/WARN]: Can't keep up! Is the server overloaded? Running 2029ms or 40 ticks behind
[21:16:54] [Server Watchdog/FATAL]: A single server tick took 82.91 seconds (should be max 0.05)
[21:16:57] [Server Watchdog/FATAL]: Considering it to be crashed, server will forcibly shutdown.
