[21:35:54] [main/INFO]: Loading for game Minecraft 1.16.2
[21:35:54] [main/INFO]: [FabricLoader] Loading 55 mods: fabric-renderer-api-v1@0.3.1+f8ac1db295, fabric-keybindings-v0@0.2.0+3fa9f7c595, fabricloader@0.9.3+build.207, fabric-structure-api-v1@1.1.0+f8ac1db295, bbor@2.3-1.16.1, com_github_shevek_parallelgzip@master-SNAPSHOT, fabric-containers-v0@0.1.8+045df74f95, fabric-object-builder-api-v1@1.8.1+f8ac1db295, fabric-game-rule-api-v1@1.0.2+f8ac1db295, fabric-api-base@0.1.3+12a8474c95, fabric-rendering-data-attachment-v1@0.1.4+f8ac1db295, fabric-textures-v0@1.0.4+eae12eb895, fabric-rendering-fluids-v1@0.1.12+f8ac1db295, cotton-logging@1.0.0-rc.4, fabric-blockrenderlayer-v1@1.1.4+c6a8ea8995, fabric-lifecycle-events-v1@1.2.0+74cc3b2095, fabric-renderer-registries-v1@2.2.0+f8ac1db295, carpet-extra@1.4.8, fabric-loot-tables-v1@1.0.1+432ea18895, fabric@0.22.1+build.409-1.16, carpet@1.4.11, fabric-particles-v1@0.2.2+fb0d9b0e95, fabric-networking-v0@0.1.10+e00ecb5f95, cotton-config@1.0.0-rc.7, fabric-networking-blockentity-v0@0.2.5+b50ffc7b95, fabric-screen-handler-api-v1@1.1.0+8724984195, minecraft@1.16.2, here@0.0.10-mc1.16, jankson@3.0.0+j1.2.0, fabric-command-api-v1@1.0.8+5ce5339895, phosphor@0.6.0+build.7, bluemap@1.0.0, fabric-tool-attribute-api-v1@1.2.3+f8ac1db295, fabric-renderer-indigo@0.4.1+f8ac1db295, player-roles@1.1.0, org_apache_commons_commons-compress@1.19, fabric-crash-report-info-v1@0.1.2+b7f9825d95, fabric-events-interaction-v0@0.4.1+f8ac1db295, fabric-item-api-v1@1.2.0+f8ac1db295, fabric-rendering-v0@1.1.1+f8ac1db295, fabric-rendering-v1@1.3.1+f8ac1db295, fabric-key-binding-api-v1@1.0.1+730711c695, org_tukaani_xz@1.8, fabric-resource-loader-v0@0.3.1+facf3bbf95, fabric-content-registries-v0@0.1.9+059ea86695, fabric-tag-extensions-v0@1.0.3+ac8e8c5995, fabric-biome-api-v1@2.0.0+c29459ab95, fabric-registry-sync-v0@0.5.2+3c53fe3395, fabric-commands-v0@0.2.0+52d3083695, textile_backup@2.0.1-1.16.3, fabric-mining-levels-v0@0.1.2+b764ce9995, fabric-events-lifecycle-v0@0.2.0+16acbe5b95, fabric-item-groups-v0@0.2.0+438f963695, fabric-models-v0@0.1.1+f8ac1db295, fabric-object-builders-v0@0.7.0+432ea18895
[21:35:54] [main/WARN]: Mod `com_github_shevek_parallelgzip` (master-SNAPSHOT) does not respect SemVer - comparison support is limited.
[21:35:54] [main/INFO]: SpongePowered MIXIN Subsystem Version=0.8.1 Source=file:/D:/Users/MAX_XiaoKui0156/Server/survival/fabric-server-launch.jar Service=Knot/Fabric Env=SERVER
[21:36:06] [main/INFO]: [Textile Backup] Starting Textile Backup by Szum123321.
[21:36:07] [main/INFO]: Environment: authHost='https://authserver.mojang.com', accountsHost='https://api.mojang.com', sessionHost='https://sessionserver.mojang.com', name='PROD'
[21:36:07] [main/WARN]: Ambiguity between arguments [bluemap, marker, create, id, map, x] and [bluemap, marker, create, id, map, label] with inputs: [0, -1, -.5, 1.2, .5, -1234.56]
[21:36:07] [main/WARN]: Ambiguity between arguments [bluemap, render, cancel] and [bluemap, render, world|map] with inputs: [cancel]
[21:36:07] [main/WARN]: Ambiguity between arguments [bluemap, render, prioritize] and [bluemap, render, world|map] with inputs: [prioritize]
[21:36:07] [main/WARN]: Ambiguity between arguments [bluemap, render, radius] and [bluemap, render, world|map] with inputs: [0, -123, 123]
[21:36:07] [main/WARN]: Ambiguity between arguments [bluemap, render, radius] and [bluemap, render, x] with inputs: [0, -123, 123]
[21:36:07] [main/WARN]: Ambiguity between arguments [bluemap, render, x] and [bluemap, render, radius] with inputs: [0, -1]
[21:36:07] [main/WARN]: Ambiguity between arguments [bluemap, render, x] and [bluemap, render, world|map] with inputs: [0, -1, -.5, 1.2, .5, -1234.56]
[21:36:07] [main/WARN]: Ambiguity between arguments [teleport, destination] and [teleport, targets] with inputs: [Player, 0123, @e, dd12be42-52a9-4a91-a8a1-11c01849e498]
[21:36:07] [main/WARN]: Ambiguity between arguments [teleport, location] and [teleport, destination] with inputs: [0.1 -0.5 .9, 0 0 0]
[21:36:07] [main/WARN]: Ambiguity between arguments [teleport, location] and [teleport, targets] with inputs: [0.1 -0.5 .9, 0 0 0]
[21:36:07] [main/WARN]: Ambiguity between arguments [teleport, targets] and [teleport, destination] with inputs: [Player, 0123, dd12be42-52a9-4a91-a8a1-11c01849e498]
[21:36:07] [main/WARN]: Ambiguity between arguments [teleport, targets, location] and [teleport, targets, destination] with inputs: [0.1 -0.5 .9, 0 0 0]
[21:36:08] [main/INFO]: Reloading ResourceManager: Default, bukkit, Fabric Tool Attribute API (v1), Player Roles, FZ.sDatapack-1.5.0-SNAPSHOT
[21:36:09] [Worker-Main-10/INFO]: Loaded 7 recipes
[21:36:09] [Worker-Main-10/INFO]: Loaded 927 advancements
[21:36:10] [main/WARN]: [fabric-registry-sync] Could not find the following registries: minecraft:biome_source_type, minecraft:block_state_provider_type, minecraft:dimension_type, minecraft:structure_piece, minecraft:carver, minecraft:block_placer_type, minecraft:decorator, minecraft:structure_feature, minecraft:surface_builder, minecraft:foliage_placer_type, minecraft:feature, minecraft:tree_decorator_type, minecraft:structure_pool_element, minecraft:biome, minecraft:chunk_generator_type, minecraft:structure_processor
[21:36:10] [main/INFO]: [fabric-registry-sync] Loaded registry data [file 1/4]
[21:36:10] [Server thread/INFO]: Starting minecraft server version 1.16.2
[21:36:10] [Server thread/INFO]: Loading properties
[21:36:10] [Server thread/INFO]: Default game type: SURVIVAL
[21:36:10] [Server thread/INFO]: Generating keypair
[21:36:10] [Server thread/INFO]: Starting Minecraft server on *:34268
[21:36:10] [Server thread/INFO]: Using default channel type
[21:36:10] [Server thread/WARN]: **** SERVER IS RUNNING IN OFFLINE/INSECURE MODE!
[21:36:10] [Server thread/WARN]: The server will make no attempt to authenticate usernames. Beware.
[21:36:10] [Server thread/WARN]: While this makes the game possible to play without internet access, it also opens up the ability for hackers to connect with any username they choose.
[21:36:10] [Server thread/WARN]: To change this, set "online-mode" to "true" in the server.properties file.
[21:36:10] [Server thread/INFO]: Preparing level "world"
[21:36:10] [Server thread/ERROR]: [CM]: Carpet Mod Setting unloadedEntityFix is not a valid - ignoring...
[21:36:10] [Server thread/INFO]: [CM]: loaded setting combineXPOrbs as true from carpet.conf
[21:36:10] [Server thread/INFO]: [CM]: loaded setting onePlayerSleeping as true from carpet.conf
[21:36:10] [Server thread/INFO]: [CM]: loaded setting leadFix as true from carpet.conf
[21:36:10] [Server thread/INFO]: [CM]: loaded setting ctrlQCraftingFix as true from carpet.conf
[21:36:10] [Server thread/INFO]: [CM]: loaded setting language as zh_cn from carpet.conf
[21:36:10] [Server thread/INFO]: [CM]: loaded setting commandTick as true from carpet.conf
[21:36:10] [Server thread/INFO]: [CM]: loaded setting commandDraw as false from carpet.conf
[21:36:10] [Server thread/INFO]: [CM]: loaded setting fastRedstoneDust as true from carpet.conf
[21:36:10] [Server thread/INFO]: [CM]: loaded setting rotatorBlock as true from carpet.conf
[21:36:10] [Server thread/INFO]: [CM]: loaded setting commandPlayer as true from carpet.conf
[21:36:10] [Server thread/INFO]: [CM]: loaded setting reloadSuffocationFix as true from carpet.conf
[21:36:10] [Server thread/INFO]: [CM]: loaded setting antiCheatDisabled as true from carpet.conf
[21:36:10] [Server thread/INFO]: [CM]: loaded setting commandPing as true from carpet.conf
[21:36:10] [Server thread/INFO]: [CM]: loaded setting defaultLoggers as tps,mobcaps from carpet.conf
[21:36:10] [Server thread/INFO]: [CM]: loaded setting placementRotationFix as true from carpet.conf
[21:36:10] [Server thread/INFO]: [CM]: loaded setting hopperCounters as true from carpet.conf
[21:36:10] [Server thread/INFO]: [CM]: loaded setting flippinCactus as true from carpet.conf
[21:36:10] [Server thread/INFO]: [CM]: loaded setting lagFreeSpawning as true from carpet.conf
[21:36:11] [Server thread/INFO]: create world dimension: minecraft:overworld (seed: 20190827)
[21:36:11] [Server thread/INFO]: create world dimension: minecraft:the_nether (seed: 20190827)
[21:36:11] [Server thread/INFO]: create world dimension: minecraft:the_end (seed: 20190827)
[21:36:11] [Server thread/INFO]: Preparing start region for dimension minecraft:overworld
[21:36:11] [Server thread/INFO]: Preparing spawn area: 0%
[21:36:11] [Server thread/INFO]: Preparing spawn area: 0%
[21:36:12] [Server thread/INFO]: Preparing spawn area: 0%
[21:36:12] [Server thread/INFO]: Time elapsed: 1871 ms
[21:36:12] [Server thread/INFO]: Done (2.333s)! For help, type "help"
[21:36:12] [Server thread/INFO]: Starting remote control listener
[21:36:12] [Server thread/INFO]: Thread RCON Listener started
[21:36:12] [Server thread/INFO]: RCON running on 0.0.0.0:796
[21:36:12] [Thread-60/INFO]: Loading BlueMap...
[21:36:13] [Thread-60/INFO]: Loading resources...
[21:36:13] [Thread-61/INFO]: WebServer started.
[21:36:13] [Server thread/INFO]: Can only manipulate existing players
[21:36:13] [Server thread/INFO]: Can only manipulate existing players
[21:36:16] [Thread-60/INFO]: Loading bluemap assets (1/3)...
[21:36:16] [Thread-60/INFO]: Loading realms assets (2/3)...
[21:36:16] [Thread-60/INFO]: Loading minecraft assets (3/3)...
[21:36:17] [Thread-60/INFO]: BlueMap loaded!
[21:37:00] [Server thread/INFO]: Can only manipulate existing players
[21:37:00] [Server thread/INFO]: Can only manipulate existing players
[21:38:00] [Server thread/INFO]: Can only manipulate existing players
[21:38:00] [Server thread/INFO]: Can only manipulate existing players
[21:39:00] [Server thread/INFO]: Can only manipulate existing players
[21:39:00] [Server thread/INFO]: Can only manipulate existing players
[21:40:00] [Server thread/INFO]: Can only manipulate existing players
[21:40:00] [Server thread/INFO]: Can only manipulate existing players
[21:40:00] [Server thread/INFO]: shuijiao[local] logged in with entity id 114 at (-41.5, 62.0, 240.5)
[21:40:00] [Server thread/INFO]: shuijiao joined the game
[21:40:00] [Thread-80/INFO]: [STDERR]: java.lang.NullPointerException: Cannot invoke "com.google.gson.JsonObject.get(String)" because the return value of "com.google.gson.JsonObject.getAsJsonObject(String)" is null
[21:40:00] [Thread-80/INFO]: [STDERR]: 	at de.bluecolored.bluemap.common.plugin.skins.PlayerSkin.readTextureUrl(PlayerSkin.java:146)
[21:40:00] [Thread-80/INFO]: [STDERR]: 	at de.bluecolored.bluemap.common.plugin.skins.PlayerSkin.lambda$loadSkin$1(PlayerSkin.java:108)
[21:40:00] [Thread-80/INFO]: [STDERR]: 	at java.base/java.lang.Thread.run(Thread.java:832)
[21:43:34] [Server thread/INFO]: Stopping the server
[21:43:34] [Server thread/INFO]: Unknown or incomplete command, see below for error
[21:43:34] [Server thread/INFO]: end<--[HERE]
[21:43:34] [Server thread/INFO]: Unknown or incomplete command, see below for error
[21:43:34] [Server thread/INFO]: exit<--[HERE]
[21:43:34] [Thread-61/INFO]: WebServer closed.
[21:43:34] [Server thread/INFO]: BlueMap unloaded!
[21:43:34] [Server thread/INFO]: Stopping server
[21:43:34] [Server thread/INFO]: Saving players
[21:43:34] [Server thread/INFO]: Saving worlds
[21:43:34] [Server thread/INFO]: Saving chunks for level 'ServerLevel[world]'/minecraft:overworld
[21:43:34] [Server thread/INFO]: ThreadedAnvilChunkStorage (world): All chunks are saved
[21:43:34] [Server thread/INFO]: Saving chunks for level 'ServerLevel[world]'/minecraft:the_nether
[21:43:34] [Server thread/INFO]: ThreadedAnvilChunkStorage (DIM-1): All chunks are saved
[21:43:34] [Server thread/INFO]: Saving chunks for level 'ServerLevel[world]'/minecraft:the_end
[21:43:34] [Server thread/INFO]: ThreadedAnvilChunkStorage (DIM1): All chunks are saved
[21:43:34] [Server thread/INFO]: ThreadedAnvilChunkStorage (world): All chunks are saved
[21:43:34] [Server thread/INFO]: ThreadedAnvilChunkStorage (DIM-1): All chunks are saved
[21:43:34] [Server thread/INFO]: ThreadedAnvilChunkStorage (DIM1): All chunks are saved
[21:43:34] [Server thread/INFO]: [Textile Backup] Backup started by: Server Shutdown on: 2020-09-30_21-43-34
[21:43:34] [Server thread/INFO]: Starting backup
[21:43:34] [Server thread/INFO]: [Textile Backup] Starting backup
[21:43:35] [Server thread/INFO]: Starting compression...
[21:43:43] [Server thread/INFO]: Compression took: 08.226 seconds.
[21:43:43] [Server thread/INFO]: Deleting: 2020-09-17_11-50-00.zip
[21:43:43] [Server thread/INFO]: [Textile Backup] Deleting: 2020-09-17_11-50-00.zip
[21:43:43] [Server thread/INFO]: Done!
[21:43:43] [Server thread/INFO]: [Textile Backup] Done!
[21:43:43] [Server thread/INFO]: Thread RCON Listener stopped
