[06:20:03] [main/INFO]: Loading for game Minecraft 1.16.4
[06:20:04] [ForkJoinPool-1-worker-3/WARN]: The mod "cotton-logging" contains invalid entries in its mod json:
- Unsupported root entry "licence" at line 7 column 12
[06:20:04] [ForkJoinPool-1-worker-3/WARN]: The mod "cotton-config" contains invalid entries in its mod json:
- Unsupported root entry "licence" at line 7 column 12
[06:20:04] [main/WARN]: Warnings were found! 
 - Mod 'BetterF3' (betterf3) recommends version 1.14.6 or later of mod modmenu, which is missing!
	 - You must install version 1.14.6 or later of modmenu.
[06:20:04] [main/INFO]: [FabricLoader] Loading 59 mods: fabric-renderer-api-v1@0.3.3+a4467d2a3a, fabric-keybindings-v0@0.2.0+3fa9f7c53a, fabricloader@0.10.6+build.214, fabric-structure-api-v1@1.1.0+f8ac1db23a, bbor@2.4-1.16.3, com_github_shevek_parallelgzip@master-SNAPSHOT, fabric-containers-v0@0.1.8+045df74f3a, lithium@0.6.0, fabric-object-builder-api-v1@1.9.2+a89534ab3a, fabric-game-rule-api-v1@1.0.3+a4467d2a3a, fabric-api-base@0.2.0+9f0fb4b83a, fabric-rendering-data-attachment-v1@0.1.4+f8ac1db23a, fabric-textures-v0@1.0.5+a4467d2a3a, fabric-rendering-fluids-v1@0.1.12+f8ac1db23a, cotton-logging@1.0.0-rc.4, fabric-blockrenderlayer-v1@1.1.4+c6a8ea893a, fabric-lifecycle-events-v1@1.2.0+74cc3b203a, fabric-renderer-registries-v1@2.2.0+f8ac1db23a, carpet-extra@1.4.16, fabric-loot-tables-v1@1.0.1+432ea1883a, fabric@0.25.7+1.16, carpet@1.4.17, fabric-particles-v1@0.2.2+fb0d9b0e3a, fabric-networking-v0@0.1.10+e00ecb5f3a, cotton-config@1.0.0-rc.7, fabric-networking-blockentity-v0@0.2.5+b50ffc7b3a, minecraft@1.16.4, fabric-screen-handler-api-v1@1.1.0+872498413a, fabric-command-api-v1@1.0.9+a4467d2a3a, jankson@3.0.0+j1.2.0, cloth-basic-math@0.5.1, phosphor@0.6.0+build.7, fabric-tool-attribute-api-v1@1.2.5+c93221003a, bluemap@1.3.0-snap, fabric-renderer-indigo@0.4.3+a4467d2a3a, player-roles@1.1.2, org_apache_commons_commons-compress@1.19, fabric-item-api-v1@1.2.0+f8ac1db23a, fabric-events-interaction-v0@0.4.1+f8ac1db23a, fabric-crash-report-info-v1@0.1.2+b7f9825d3a, fabric-rendering-v0@1.1.1+f8ac1db23a, fabric-key-binding-api-v1@1.0.1+730711c63a, fabric-rendering-v1@1.3.1+f8ac1db23a, cloth-config2@4.7.0-unstable, org_tukaani_xz@1.8, fabric-resource-loader-v0@0.3.2+1944f3e03a, fabric-content-registries-v0@0.1.9+059ea8663a, fabric-tag-extensions-v0@1.0.3+ac8e8c593a, fabric-biome-api-v1@3.0.0+ec7e203b3a, fabric-commands-v0@0.2.0+52d308363a, fabric-registry-sync-v0@0.6.1+a4467d2a3a, textile_backup@2.0.1-1.16.3, fabric-mining-levels-v0@0.1.2+b764ce993a, betterf3@1.1.1, fabric-events-lifecycle-v0@0.2.0+16acbe5b3a, fabric-models-v0@0.1.1+f8ac1db23a, fabric-item-groups-v0@0.2.1+a4467d2a3a, fabric-object-builders-v0@0.7.1+a4467d2a3a, lithium-api@0.6.0
[06:20:04] [main/WARN]: Mod `com_github_shevek_parallelgzip` (master-SNAPSHOT) does not respect SemVer - comparison support is limited.
[06:20:04] [main/INFO]: SpongePowered MIXIN Subsystem Version=0.8.2 Source=file:/srv/survival/fabric-server-launch.jar Service=Knot/Fabric Env=SERVER
[06:20:09] [main/WARN]: @Mixin target net/minecraft/class_3898$class_3208 is public in fabric-networking-[06:20:29] [main/INFO]: [Textile Backup] Starting Textile Backup by Szum123321.
[06:20:33] [main/INFO]: Environment: authHost='https://authserver.mojang.com', accountsHost='https://api.mojang.com', sessionHost='https://sessionserver.mojang.com', servicesHost='https://api.minecraftservices.com', name='PROD'
[06:20:35] [main/WARN]: Ambiguity between arguments [bluemap, marker, create, id, map, x] and [bluemap, marker, create, id, map, label] with inputs: [0, -1, -.5, 1.2, .5, -1234.56]
[06:20:35] [main/WARN]: Ambiguity between arguments [bluemap, render, cancel] and [bluemap, render, world|map] with inputs: [cancel]
[06:20:35] [main/WARN]: Ambiguity between arguments [bluemap, render, prioritize] and [bluemap, render, world|map] with inputs: [prioritize]
[06:20:35] [main/WARN]: Ambiguity between arguments [bluemap, render, radius] and [bluemap, render, world|map] with inputs: [0, -123, 123]
[06:20:35] [main/WARN]: Ambiguity between arguments [bluemap, render, radius] and [bluemap, render, x] with inputs: [0, -123, 123]
[06:20:35] [main/WARN]: Ambiguity between arguments [bluemap, render, x] and [bluemap, render, radius] with inputs: [0, -1]
[06:20:35] [main/WARN]: Ambiguity between arguments [bluemap, render, x] and [bluemap, render, world|map] with inputs: [0, -1, -.5, 1.2, .5, -1234.56]
[06:20:35] [main/WARN]: Ambiguity between arguments [teleport, destination] and [teleport, targets] with inputs: [Player, 0123, @e, dd12be42-52a9-4a91-a8a1-11c01849e498]
[06:20:35] [main/WARN]: Ambiguity between arguments [teleport, location] and [teleport, destination] with inputs: [0.1 -0.5 .9, 0 0 0]
[06:20:35] [main/WARN]: Ambiguity between arguments [teleport, location] and [teleport, targets] with inputs: [0.1 -0.5 .9, 0 0 0]
[06:20:35] [main/WARN]: Ambiguity between arguments [teleport, targets] and [teleport, destination] with inputs: [Player, 0123, dd12be42-52a9-4a91-a8a1-11c01849e498]
[06:20:35] [main/WARN]: Ambiguity between arguments [teleport, targets, location] and [teleport, targets, destination] with inputs: [0.1 -0.5 .9, 0 0 0]
[06:20:36] [main/INFO]: Reloading ResourceManager: Default, bukkit, skimit-DataPack, Fabric Tool Attribute API (v1), Player Roles
[06:20:40] [Worker-Main-2/INFO]: Loaded 7 recipes
[06:20:41] [Worker-Main-2/INFO]: Loaded 927 advancements
[06:20:45] [main/INFO]: Applied 0 biome modifications to 0 of 79 new biomes in 2.481 ms
[06:20:45] [main/WARN]: [fabric-registry-sync] Could not find the following registries: minecraft:biome_source_type, minecraft:block_state_provider_type, minecraft:dimension_type, minecraft:structure_piece, minecraft:carver, minecraft:block_placer_type, minecraft:decorator, minecraft:structure_feature, minecraft:surface_builder, minecraft:foliage_placer_type, minecraft:feature, minecraft:tree_decorator_type, minecraft:structure_pool_element, minecraft:biome, minecraft:chunk_generator_type, minecraft:structure_processor
[06:20:45] [main/INFO]: [fabric-registry-sync] Loaded registry data [file 1/4]
[06:20:45] [Server thread/INFO]: Starting minecraft server version 1.16.4
[06:20:45] [Server thread/INFO]: Loading properties
[06:20:45] [Server thread/INFO]: Default game type: SURVIVAL
[06:20:45] [Server thread/INFO]: Generating keypair
[06:20:46] [Server thread/INFO]: Starting Minecraft server on *:34268
[06:20:46] [Server thread/INFO]: Using epoll channel type
[06:20:47] [Server thread/WARN]: **** SERVER IS RUNNING IN OFFLINE/INSECURE MODE!
[06:20:47] [Server thread/WARN]: The server will make no attempt to authenticate usernames. Beware.
[06:20:47] [Server thread/WARN]: While this makes the game possible to play without internet access, it also opens up the ability for hackers to connect with any username they choose.
[06:20:47] [Server thread/WARN]: To change this, set "online-mode" to "true" in the server.properties file.
[06:20:47] [Server thread/INFO]: Preparing level "world"
[06:20:47] [Server thread/INFO]: [CM]: loaded setting combineXPOrbs as true from carpet.conf
[06:20:47] [Server thread/INFO]: [CM]: loaded setting onePlayerSleeping as true from carpet.conf
[06:20:47] [Server thread/INFO]: [CM]: loaded setting leadFix as true from carpet.conf
[06:20:47] [Server thread/INFO]: [CM]: loaded setting ctrlQCraftingFix as true from carpet.conf
[06:20:47] [Server thread/INFO]: [CM]: loaded setting language as zh_cn from carpet.conf
[06:20:47] [Server thread/INFO]: [CM]: loaded setting commandTick as true from carpet.conf
[06:20:47] [Server thread/INFO]: [CM]: loaded setting commandDraw as false from carpet.conf
[06:20:47] [Server thread/INFO]: [CM]: loaded setting fastRedstoneDust as true from carpet.conf
[06:20:47] [Server thread/INFO]: [CM]: loaded setting rotatorBlock as true from carpet.conf
[06:20:47] [Server thread/INFO]: [CM]: loaded setting commandPlayer as true from carpet.conf
[06:20:47] [Server thread/INFO]: [CM]: loaded setting updateSuppressionCrashFix as true from carpet.conf
[06:20:47] [Server thread/INFO]: [CM]: loaded setting reloadSuffocationFix as true from carpet.conf
[06:20:47] [Server thread/INFO]: [CM]: loaded setting antiCheatDisabled as true from carpet.conf
[06:20:47] [Server thread/INFO]: [CM]: loaded setting commandPing as true from carpet.conf
[06:20:47] [Server thread/INFO]: [CM]: loaded setting defaultLoggers as tps,mobcaps from carpet.conf
[06:20:47] [Server thread/INFO]: [CM]: loaded setting placementRotationFix as true from carpet.conf
[06:20:47] [Server thread/INFO]: [CM]: loaded setting hopperCounters as true from carpet.conf
[06:20:47] [Server thread/INFO]: [CM]: loaded setting flippinCactus as true from carpet.conf
[06:20:47] [Server thread/INFO]: [CM]: loaded setting lagFreeSpawning as true from carpet.conf
[06:20:48] [Server thread/INFO]: create world dimension: minecraft:overworld (seed: 20190827)
[06:20:48] [Server thread/INFO]: create world dimension: minecraft:the_nether (seed: 20190827)
[06:20:48] [Server thread/INFO]: create world dimension: minecraft:the_end (seed: 20190827)
[06:20:48] [Server thread/INFO]: Preparing start region for dimension minecraft:overworld
[06:20:56] [Server thread/INFO]: Preparing spawn area: 0%
[06:20:56] [Server thread/INFO]: Preparing spawn area: 0%
[06:20:56] [Server thread/INFO]: Preparing spawn area: 0%
[06:20:56] [Server thread/INFO]: Preparing spawn area: 0%
[06:20:56] [Server thread/INFO]: Preparing spawn area: 0%
[06:20:56] [Server thread/INFO]: Preparing spawn area: 0%
[06:20:56] [Server thread/INFO]: Preparing spawn area: 0%
[06:20:56] [Server thread/INFO]: Preparing spawn area: 0%
[06:20:56] [Server thread/INFO]: Preparing spawn area: 0%
[06:20:56] [Server thread/INFO]: Preparing spawn area: 0%
[06:20:56] [Server thread/INFO]: Preparing spawn area: 0%
[06:20:56] [Server thread/INFO]: Preparing spawn area: 0%
[06:20:56] [Server thread/INFO]: Preparing spawn area: 0%
[06:20:56] [Server thread/INFO]: Preparing spawn area: 0%
[06:20:56] [Server thread/INFO]: Preparing spawn area: 0%
[06:20:56] [Server thread/INFO]: Preparing spawn area: 0%
[06:20:57] [Server thread/INFO]: Preparing spawn area: 0%
[06:20:57] [Server thread/INFO]: Preparing spawn area: 0%
[06:20:57] [Server thread/INFO]: Preparing spawn area: 0%
[06:20:59] [Server thread/INFO]: Time elapsed: 10759 ms
[06:20:59] [Server thread/INFO]: Done (12.039s)! For help, type "help"
[06:20:59] [Server thread/INFO]: Starting remote control listener
[06:20:59] [Server thread/INFO]: Thread RCON Listener started
[06:20:59] [Server thread/INFO]: RCON running on 0.0.0.0:796
[06:20:59] [Thread-67/INFO]: Loading BlueMap...
[06:21:00] [Thread-67/INFO]: Loading resources...
[06:21:00] [Thread-68/INFO]: WebServer started.
[06:21:01] [Server thread/WARN]: Can't keep up! Is the server overloaded? Running 2124ms or 42 ticks behind
[06:21:04] [Thread-67/INFO]: Loading bluemap assets (1/3)...
[06:21:05] [Thread-67/INFO]: Loading realms assets (2/3)...
[06:21:06] [Thread-67/INFO]: Loading minecraft assets (3/3)...
[06:21:10] [Thread-67/INFO]: BlueMap loaded!
[06:22:00] [Server thread/INFO]: Can only manipulate existing players
[06:22:00] [Server thread/INFO]: Can only manipulate existing players
[06:24:00] [Server thread/INFO]: Can only manipulate existing players
[06:24:00] [Server thread/INFO]: Can only manipulate existing players
[06:26:00] [Server thread/INFO]: Can only manipulate existing players
[06:26:00] [Server thread/INFO]: Can only manipulate existing players
[06:28:00] [Server thread/INFO]: Can only manipulate existing players
[06:28:00] [Server thread/INFO]: Can only manipulate existing players
[06:30:00] [Server thread/INFO]: Can only manipulate existing players
[06:30:00] [Server thread/INFO]: Can only manipulate existing players
[06:30:00] [Server thread/INFO]: shuijiao[local] logged in with entity id 151 at (-42.5, 61.0, 240.5)
[06:30:00] [Server thread/INFO]: shuijiao joined the game
[06:40:00] [Server thread/INFO]: Player shuijiao is already logged on
[06:50:00] [Server thread/INFO]: Player shuijiao is already logged on
[07:00:00] [Server thread/INFO]: Player shuijiao is already logged on
[07:10:00] [Server thread/INFO]: Player shuijiao is already logged on
[07:20:00] [Server thread/INFO]: Player shuijiao is already logged on
[07:30:00] [Server thread/INFO]: Player shuijiao is already logged on
[07:40:00] [Server thread/INFO]: Player shuijiao is already logged on
[07:50:00] [Server thread/INFO]: Player shuijiao is already logged on
[08:00:00] [Server thread/INFO]: Player shuijiao is already logged on
[08:10:00] [Server thread/INFO]: Player shuijiao is already logged on
[08:20:00] [Server thread/INFO]: Player shuijiao is already logged on
[08:30:00] [Server thread/INFO]: Player shuijiao is already logged on
[08:33:19] [Server thread/INFO]: wuhao[/127.0.0.1:39719] logged in with entity id 10234 at (-7086.836777527175, 3.0, -6912.137516919121)
[08:33:19] [Server thread/INFO]: wuhao joined the game
[08:33:20] [Netty Epoll Server IO #1/WARN]: Received invalid identifier in minecraft:register: legacy:fml|hs (Non [a-z0-9/._-] character in path of location: legacy:fml|hs)
[08:33:20] [Server thread/WARN]: Can't keep up! Is the server overloaded? Running 2437ms or 48 ticks behind
[08:35:10] [Server thread/INFO]: wuhao lost connection: Disconnected
[08:35:10] [Server thread/INFO]: wuhao left the game
[08:40:00] [Server thread/INFO]: Player shuijiao is already logged on
[08:50:00] [Server thread/INFO]: Player shuijiao is already logged on
[08:50:31] [Server thread/INFO]: wuhao[/127.0.0.1:34617] logged in with entity id 11992 at (-7087.789497424728, 3.0, -6906.545013737102)
[08:50:31] [Server thread/INFO]: wuhao joined the game
[08:50:31] [Netty Epoll Server IO #1/WARN]: Received invalid identifier in minecraft:register: legacy:fml|hs (Non [a-z0-9/._-] character in path of location: legacy:fml|hs)
[08:50:33] [Netty Epoll Server IO #1/WARN]: Player wuhao joined with another carpet version: 1.4.11+v200910
[08:50:36] [Server thread/INFO]: wuhao lost connection: Disconnected
[08:50:36] [Server thread/INFO]: wuhao left the game
[08:50:38] [Server thread/INFO]: wuhao[/127.0.0.1:54293] logged in with entity id 12108 at (-7087.789497424728, 3.0, -6906.545013737102)
[08:50:38] [Server thread/INFO]: wuhao joined the game
[08:50:38] [Netty Epoll Server IO #0/WARN]: Received invalid identifier in minecraft:register: legacy:fml|hs (Non [a-z0-9/._-] character in path of location: legacy:fml|hs)
[08:50:39] [Netty Epoll Server IO #0/WARN]: Player wuhao joined with another carpet version: 1.4.11+v200910
[08:55:40] [Server thread/WARN]: Fetching packet for removed entity class_1542['Lever'/13432, l='ServerLevel[world]', x=-7084.30, y=4.71, z=-6912.64]
[08:56:33] [Server thread/INFO]: wuhao lost connection: Disconnected
[08:56:33] [Server thread/INFO]: wuhao left the game
[09:00:00] [Server thread/INFO]: Player shuijiao is already logged on
[09:00:01] [Server thread/INFO]: wuhao[/127.0.0.1:41969] logged in with entity id 13878 at (-7085.450785498833, 3.0, -6913.07455563187)
[09:00:01] [Server thread/INFO]: wuhao joined the game
[09:00:01] [Netty Epoll Server IO #1/WARN]: Received invalid identifier in minecraft:register: legacy:fml|hs (Non [a-z0-9/._-] character in path of location: legacy:fml|hs)
[09:00:03] [Netty Epoll Server IO #1/WARN]: Player wuhao joined with another carpet version: 1.4.11+v200910
[09:06:56] [Server thread/WARN]: Can't keep up! Is the server overloaded? Running 49174ms or 983 ticks behind
[09:06:56] [Server thread/INFO]: wuhao lost connection: Disconnected
[09:06:56] [Server thread/INFO]: wuhao left the game
[09:06:59] [Server thread/INFO]: wuhao[/127.0.0.1:33069] logged in with entity id 15741 at (-719.6160611141152, 185.8414595847408, -676.9676663190697)
[09:07:00] [Server thread/INFO]: wuhao joined the game
[09:07:00] [Netty Epoll Server IO #0/WARN]: Received invalid identifier in minecraft:register: legacy:fml|hs (Non [a-z0-9/._-] character in path of location: legacy:fml|hs)
[09:07:04] [Netty Epoll Server IO #0/WARN]: Player wuhao joined with another carpet version: 1.4.11+v200910
[09:07:04] [Server thread/INFO]: wuhao fell from a high place
[09:10:00] [Server thread/INFO]: Player shuijiao is already logged on
[09:11:19] [Server thread/INFO]: wuhao lost connection: Timed out
[09:11:19] [Server thread/INFO]: wuhao left the game
[09:11:19] [Server thread/WARN]: handleDisconnection() called twice
[09:11:30] [Server thread/INFO]: wuhao[/127.0.0.1:47213] logged in with entity id 17220 at (-7090.300000011921, 76.16610926093821, -6911.466187382802)
[09:11:30] [Server thread/INFO]: wuhao joined the game
[09:11:30] [Netty Epoll Server IO #0/WARN]: Received invalid identifier in minecraft:register: legacy:fml|hs (Non [a-z0-9/._-] character in path of location: legacy:fml|hs)
[09:11:31] [Netty Epoll Server IO #0/WARN]: Player wuhao joined with another carpet version: 1.4.11+v200910
[09:17:06] [Server thread/INFO]: wuhao lost connection: Disconnected
[09:17:06] [Server thread/INFO]: wuhao left the game
[09:17:13] [Server thread/INFO]: wuhao[/127.0.0.1:44051] logged in with entity id 20330 at (1361.0832219620563, 27.0, 1416.5)
[09:17:13] [Server thread/INFO]: wuhao joined the game
[09:17:13] [Server thread/WARN]: Can't keep up! Is the server overloaded? Running 54582ms or 1091 ticks behind
[09:17:14] [Netty Epoll Server IO #0/WARN]: Received invalid identifier in minecraft:register: legacy:fml|hs (Non [a-z0-9/._-] character in path of location: legacy:fml|hs)
[09:17:15] [Netty Epoll Server IO #0/WARN]: Player wuhao joined with another carpet version: 1.4.11+v200910
[09:17:31] [Server thread/WARN]: Can't keep up! Is the server overloaded? Running 3126ms or 62 ticks behind
[09:17:41] [Server thread/INFO]: Scanning for legacy world dragon fight...
[09:17:41] [Server thread/INFO]: Found that the dragon has been killed in this world already.
[09:19:51] [Server thread/INFO]: wuhao lost connection: Disconnected
[09:19:51] [Server thread/INFO]: wuhao left the game
[09:20:00] [Server thread/INFO]: Player shuijiao is already logged on
[09:29:11] [Server thread/INFO]: wuhao[/127.0.0.1:48163] logged in with entity id 21917 at (192.52235116483493, 1.0, 0.2868732377541611)
[09:29:12] [Server thread/INFO]: wuhao joined the game
[09:29:12] [Netty Epoll Server IO #1/WARN]: Received invalid identifier in minecraft:register: legacy:fml|hs (Non [a-z0-9/._-] character in path of location: legacy:fml|hs)
[09:29:12] [Netty Epoll Server IO #1/WARN]: Player wuhao joined with another carpet version: 1.4.11+v200910
[09:29:15] [Server thread/INFO]: wuhao has reached the goal [Beaconator]
[09:30:00] [Server thread/INFO]: Player shuijiao is already logged on
[09:35:12] [Server thread/WARN]: Can't keep up! Is the server overloaded? Running 4806ms or 96 ticks behind
