[00:47:11] [Server thread/WARN]: Can't keep up! Is the server overloaded? Running 2504ms or 50 ticks behind
[00:55:56] [Server thread/INFO]: MAX_XiaoKui[/127.0.0.1:60342] logged in with entity id 147388 at (-423.3541830060688, 70.0, 534.3113384691079)
[00:55:56] [Server thread/INFO]: MAX_XiaoKui joined the game
[01:00:00] [Server thread/WARN]: Can't keep up! Is the server overloaded? Running 2328ms or 46 ticks behind
[01:08:55] [Server thread/WARN]: Can't keep up! Is the server overloaded? Running 2117ms or 42 ticks behind
[01:10:05] [Server thread/WARN]: Can't keep up! Is the server overloaded? Running 2695ms or 53 ticks behind
[01:20:07] [Server thread/WARN]: Can't keep up! Is the server overloaded? Running 2346ms or 46 ticks behind
[01:20:30] [Server thread/WARN]: Can't keep up! Is the server overloaded? Running 8520ms or 170 ticks behind
[01:21:37] [Server thread/WARN]: Horse moved wrongly!
[01:21:37] [Server thread/WARN]: Horse moved wrongly!
[01:21:38] [Server thread/WARN]: Horse moved wrongly!
[01:21:38] [Server thread/WARN]: Horse moved wrongly!
[01:21:38] [Server thread/WARN]: Horse moved wrongly!
[01:21:38] [Server thread/WARN]: Horse moved wrongly!
[01:21:38] [Server thread/WARN]: Horse moved wrongly!
[01:21:38] [Server thread/WARN]: Horse moved wrongly!
[01:21:38] [Server thread/WARN]: Horse moved wrongly!
[01:21:38] [Server thread/WARN]: Horse moved wrongly!
[01:21:38] [Server thread/WARN]: Horse moved wrongly!
[01:21:38] [Server thread/WARN]: Horse moved wrongly!
[01:21:38] [Server thread/WARN]: Horse moved wrongly!
[01:21:38] [Server thread/WARN]: Horse moved wrongly!
[01:21:38] [Server thread/WARN]: Horse moved wrongly!
[01:21:38] [Server thread/WARN]: Horse moved wrongly!
[01:21:38] [Server thread/WARN]: Horse moved wrongly!
[01:21:38] [Server thread/WARN]: Horse moved wrongly!
[01:21:38] [Server thread/WARN]: Horse moved wrongly!
[01:21:38] [Server thread/WARN]: Horse moved wrongly!
[01:21:38] [Server thread/WARN]: Horse moved wrongly!
[01:21:38] [Server thread/WARN]: Horse moved wrongly!
[01:21:39] [Server thread/WARN]: Horse moved wrongly!
[01:21:39] [Server thread/WARN]: Horse moved wrongly!
[01:21:51] [Server thread/WARN]: Horse moved wrongly!
[01:22:59] [Server thread/WARN]: Horse moved wrongly!
[01:22:59] [Server thread/WARN]: Horse moved wrongly!
[01:23:00] [Server thread/WARN]: Horse moved wrongly!
[01:23:00] [Server thread/WARN]: Horse moved wrongly!
[01:23:00] [Server thread/WARN]: Horse moved wrongly!
[01:23:06] [Server thread/WARN]: Can't keep up! Is the server overloaded? Running 2007ms or 40 ticks behind
[01:24:24] [Server thread/WARN]: Can't keep up! Is the server overloaded? Running 2550ms or 51 ticks behind
[01:25:22] [Server thread/WARN]: Can't keep up! Is the server overloaded? Running 2241ms or 44 ticks behind
[01:25:34] [Server thread/INFO]: MAX_XiaoKui lost connection: Disconnected
[01:25:34] [Server thread/INFO]: MAX_XiaoKui left the game
[01:36:34] [Server thread/INFO]: MAX_XiaoKui[/127.0.0.1:61939] logged in with entity id 151394 at (-389.7384489419413, 69.0, 526.9870814584185)
[01:36:34] [Server thread/INFO]: MAX_XiaoKui joined the game
[01:39:04] [Server thread/WARN]: Can't keep up! Is the server overloaded? Running 2650ms or 53 ticks behind
[01:45:28] [Server thread/WARN]: Can't keep up! Is the server overloaded? Running 2024ms or 40 ticks behind
[01:45:45] [Server thread/WARN]: Can't keep up! Is the server overloaded? Running 2297ms or 45 ticks behind
[01:50:31] [Server thread/WARN]: Can't keep up! Is the server overloaded? Running 2220ms or 44 ticks behind
[01:50:49] [Server thread/WARN]: Can't keep up! Is the server overloaded? Running 2822ms or 56 ticks behind
[01:51:07] [Server thread/WARN]: Can't keep up! Is the server overloaded? Running 2703ms or 54 ticks behind
[01:51:40] [Server thread/INFO]: MAX_XiaoKui lost connection: Disconnected
[01:51:40] [Server thread/INFO]: MAX_XiaoKui left the game
[05:30:01] [Server thread/INFO]: Stopping the server
[05:30:01] [Server thread/INFO]: Stopping server
[05:30:01] [Server thread/INFO]: Saving players
[05:30:01] [Server thread/INFO]: Saving worlds
[05:30:01] [Server thread/INFO]: Saving chunks for level 'skimit'/minecraft:the_end
[05:30:01] [Server thread/INFO]: ThreadedAnvilChunkStorage (DIM1): All chunks are saved
[05:30:01] [Server thread/INFO]: Saving chunks for level 'skimit'/minecraft:the_nether
[05:30:01] [Server thread/INFO]: ThreadedAnvilChunkStorage (DIM-1): All chunks are saved
[05:30:01] [Server thread/INFO]: Saving chunks for level 'skimit'/minecraft:overworld
[05:30:01] [Server thread/INFO]: ThreadedAnvilChunkStorage (skimit): All chunks are saved
[05:30:01] [Server thread/INFO]: ThreadedAnvilChunkStorage (DIM1): All chunks are saved
[05:30:01] [Server thread/INFO]: ThreadedAnvilChunkStorage (DIM-1): All chunks are saved
[05:30:01] [Server thread/INFO]: ThreadedAnvilChunkStorage (skimit): All chunks are saved
