[04:10:28] [main/INFO]: Loading for game Minecraft 1.16.1
[04:10:32] [main/INFO]: [FabricLoader] Loading 48 mods: fabric-renderer-api-v1@0.2.13+eae12eb87c, fabric-networking-blockentity-v0@0.2.5+b50ffc7b7c, minecraft@1.16.1, fabric-screen-handler-api-v1@1.0.1+f362c86e7c, fabric-keybindings-v0@0.2.0+3fa9f7c57c, fabric-command-api-v1@1.0.8+5ce533987c, jankson@3.0.0+j1.2.0, fabricloader@0.8.8+build.202, phosphor@0.6.0+build.7, fabric-tool-attribute-api-v1@1.1.4+5794386e7c, fabric-renderer-indigo@0.3.1+059ea8667c, com_github_shevek_parallelgzip@master-SNAPSHOT, fabric-containers-v0@0.1.8+045df74f7c, fabric-object-builder-api-v1@1.5.5+e00ecb5f7c, fabric-dimensions-v1@1.0.0+a71b30537c, org_apache_commons_commons-compress@1.19, fabric-biomes-v1@0.2.7+059ea8667c, fabric-events-interaction-v0@0.3.3+7066030f7c, fabric-crash-report-info-v1@0.1.2+b7f9825d7c, fabric-api-base@0.1.3+12a8474c7c, fabric-rendering-v0@1.1.0+534104907c, fabric-key-binding-api-v1@1.0.0+e16a97747c, fabric-rendering-v1@1.1.2+346247d77c, org_tukaani_xz@1.8, fabric-rendering-data-attachment-v1@0.1.3+b7f9825d7c, fabric-resource-loader-v0@0.2.5+059ea8667c, fabric-textures-v0@1.0.4+eae12eb87c, fabric-content-registries-v0@0.1.9+059ea8667c, fabric-tag-extensions-v0@0.2.5+5a6e8f4c7c, fabric-rendering-fluids-v1@0.1.7+12a8474c7c, cotton-logging@1.0.0-rc.4, fabric-registry-sync-v0@0.3.8+7dba2d6c7c, fabric-commands-v0@0.2.0+52d308367c, fabric-blockrenderlayer-v1@1.1.4+c6a8ea897c, textile_backup@1.2.2-1.16.1, fabric-mining-levels-v0@0.1.2+b764ce997c, fabric-renderer-registries-v1@2.0.1+5a0f9a607c, carpet-extra@1.4.0, fabric-loot-tables-v1@0.1.10+059ea8667c, fabric-events-lifecycle-v0@0.1.3+0d474ec47c, fabric@0.13.1+build.370-1.16, carpet@1.4.0, fabric-particles-v1@0.2.1+0a6f2a707c, fabric-models-v0@0.1.0+dfdb52d67c, fabric-item-groups-v0@0.2.0+438f96367c, fabric-networking-v0@0.1.10+e00ecb5f7c, fabric-object-builders-v0@0.6.0+da175ad67c, cotton-config@1.0.0-rc.7
[04:10:32] [main/WARN]: Mod `com_github_shevek_parallelgzip` (master-SNAPSHOT) does not respect SemVer - comparison support is limited.
[04:10:32] [main/INFO]: SpongePowered MIXIN Subsystem Version=0.8 Source=file:/C:/Server/skimit_survival/fabric-server-launch.jar Service=Knot/Fabric Env=SERVER
[04:10:35] [main/WARN]: @Mixin target net/minecraft/class_5120$class_5121 is public in fabric-tag-extensions-v0.mixins.json:MixinTagImpl and should be specified in value
[04:10:35] [main/WARN]: @Mixin target net.minecraft.class_5394 is public in fabric-tag-extensions-v0.mixins.json:MixinTagImpl and should be specified in value
[04:11:12] [main/INFO]: Environment: authHost='https://authserver.mojang.com', accountsHost='https://api.mojang.com', sessionHost='https://sessionserver.mojang.com', name='PROD'
[04:11:14] [main/INFO]: [TextileBackup]: Loading TextileBackup by Szum123321
[04:11:18] [main/WARN]: Ambiguity between arguments [teleport, destination] and [teleport, targets] with inputs: [Player, 0123, @e, dd12be42-52a9-4a91-a8a1-11c01849e498]
[04:11:18] [main/WARN]: Ambiguity between arguments [teleport, location] and [teleport, destination] with inputs: [0.1 -0.5 .9, 0 0 0]
[04:11:18] [main/WARN]: Ambiguity between arguments [teleport, location] and [teleport, targets] with inputs: [0.1 -0.5 .9, 0 0 0]
[04:11:18] [main/WARN]: Ambiguity between arguments [teleport, targets] and [teleport, destination] with inputs: [Player, 0123, dd12be42-52a9-4a91-a8a1-11c01849e498]
[04:11:18] [main/WARN]: Ambiguity between arguments [teleport, targets, location] and [teleport, targets, destination] with inputs: [0.1 -0.5 .9, 0 0 0]
[04:11:18] [main/INFO]: Reloading ResourceManager: Default, bukkit, Fabric Tool Attribute API (v1)
[04:11:28] [Worker-Main-2/INFO]: Loaded 7 recipes
[04:11:29] [Worker-Main-2/INFO]: Loaded 927 advancements
[04:11:33] [main/WARN]: [fabric-registry-sync] Could not find the following registries: minecraft:biome_source_type, minecraft:dimension_type, minecraft:chunk_generator_type
[04:11:33] [main/INFO]: [fabric-registry-sync] Loaded registry data [file 1/4]
[04:11:35] [Server thread/INFO]: Starting minecraft server version 1.16.1
[04:11:35] [Server thread/INFO]: Loading properties
[04:11:35] [Server thread/INFO]: Default game type: SURVIVAL
[04:11:35] [Server thread/INFO]: Generating keypair
[04:11:36] [Server thread/INFO]: Starting Minecraft server on *:26565
[04:11:36] [Server thread/INFO]: Using default channel type
[04:11:39] [Server thread/WARN]: **** SERVER IS RUNNING IN OFFLINE/INSECURE MODE!
[04:11:39] [Server thread/WARN]: The server will make no attempt to authenticate usernames. Beware.
[04:11:39] [Server thread/WARN]: While this makes the game possible to play without internet access, it also opens up the ability for hackers to connect with any username they choose.
[04:11:39] [Server thread/WARN]: To change this, set "online-mode" to "true" in the server.properties file.
[04:11:42] [Server thread/INFO]: Preparing level "world"
[04:11:42] [Server thread/ERROR]: [CM]: Carpet Mod Setting commandCameramode is not a valid - ignoring...
[04:11:42] [Server thread/INFO]: [CM]: loaded setting commandDraw as false from carpet.conf
[04:11:42] [Server thread/INFO]: [CM]: loaded setting rotatorBlock as true from carpet.conf
[04:11:42] [Server thread/INFO]: [CM]: loaded setting combineXPOrbs as true from carpet.conf
[04:11:42] [Server thread/INFO]: [CM]: loaded setting onePlayerSleeping as true from carpet.conf
[04:11:42] [Server thread/INFO]: [CM]: loaded setting portalSuffocationFix as true from carpet.conf
[04:11:42] [Server thread/INFO]: [CM]: loaded setting leadFix as true from carpet.conf
[04:11:42] [Server thread/INFO]: [CM]: loaded setting antiCheatDisabled as true from carpet.conf
[04:11:42] [Server thread/INFO]: [CM]: loaded setting defaultLoggers as tps,mobcaps from carpet.conf
[04:11:42] [Server thread/INFO]: [CM]: loaded setting unloadedEntityFix as true from carpet.conf
[04:11:42] [Server thread/INFO]: [CM]: loaded setting ctrlQCraftingFix as true from carpet.conf
[04:11:49] [Server thread/INFO]: Preparing start region for dimension minecraft:overworld
[04:11:55] [Server thread/INFO]: Preparing spawn area: 0%
[04:11:55] [Server thread/INFO]: Preparing spawn area: 0%
[04:11:55] [Server thread/INFO]: Preparing spawn area: 0%
[04:11:55] [Server thread/INFO]: Preparing spawn area: 0%
[04:11:55] [Server thread/INFO]: Preparing spawn area: 0%
[04:11:55] [Server thread/INFO]: Preparing spawn area: 0%
[04:11:55] [Server thread/INFO]: Preparing spawn area: 0%
[04:11:55] [Server thread/INFO]: Preparing spawn area: 0%
[04:11:55] [Server thread/INFO]: Preparing spawn area: 0%
[04:11:55] [Server thread/INFO]: Preparing spawn area: 0%
[04:11:55] [Server thread/INFO]: Preparing spawn area: 0%
[04:11:55] [Server thread/INFO]: Preparing spawn area: 0%
[04:11:56] [Server thread/INFO]: Preparing spawn area: 0%
[04:11:56] [Server thread/INFO]: Preparing spawn area: 0%
[04:11:56] [Server thread/INFO]: Preparing spawn area: 0%
[04:11:57] [Server thread/INFO]: Preparing spawn area: 0%
[04:11:58] [Worker-Main-3/INFO]: Preparing spawn area: 0%
[04:11:58] [Worker-Main-3/INFO]: Preparing spawn area: 0%
[04:12:28] [Server thread/INFO]: Preparing spawn area: 0%
[04:12:28] [Server thread/INFO]: Preparing spawn area: 0%
[04:12:28] [Server thread/INFO]: Preparing spawn area: 0%
[04:12:28] [Server thread/INFO]: Preparing spawn area: 0%
[04:12:28] [Server thread/INFO]: Preparing spawn area: 0%
[04:12:28] [Server thread/INFO]: Preparing spawn area: 0%
[04:12:28] [Server thread/INFO]: Preparing spawn area: 0%
[04:12:28] [Server thread/INFO]: Preparing spawn area: 0%
[04:12:28] [Server thread/INFO]: Preparing spawn area: 0%
[04:12:28] [Server thread/INFO]: Preparing spawn area: 0%
[04:12:28] [Server thread/INFO]: Preparing spawn area: 0%
[04:12:28] [Server thread/INFO]: Preparing spawn area: 0%
[04:12:28] [Server thread/INFO]: Preparing spawn area: 0%
[04:12:28] [Server thread/INFO]: Preparing spawn area: 0%
[04:12:28] [Server thread/INFO]: Preparing spawn area: 0%
[04:12:28] [Server thread/INFO]: Preparing spawn area: 0%
[04:12:28] [Server thread/INFO]: Preparing spawn area: 0%
[04:12:28] [Server thread/INFO]: Preparing spawn area: 0%
[04:12:28] [Server thread/INFO]: Preparing spawn area: 0%
[04:12:28] [Server thread/INFO]: Preparing spawn area: 0%
[04:12:28] [Server thread/INFO]: Preparing spawn area: 0%
[04:12:28] [Server thread/INFO]: Preparing spawn area: 0%
[04:12:28] [Server thread/INFO]: Preparing spawn area: 0%
[04:12:28] [Server thread/INFO]: Preparing spawn area: 0%
[04:12:28] [Server thread/INFO]: Preparing spawn area: 0%
[04:12:28] [Server thread/INFO]: Preparing spawn area: 0%
[04:12:28] [Server thread/INFO]: Preparing spawn area: 0%
[04:12:28] [Server thread/INFO]: Preparing spawn area: 0%
[04:12:28] [Server thread/INFO]: Preparing spawn area: 0%
[04:12:28] [Server thread/INFO]: Preparing spawn area: 0%
[04:12:28] [Server thread/INFO]: Preparing spawn area: 0%
[04:12:28] [Server thread/INFO]: Preparing spawn area: 0%
[04:12:28] [Server thread/INFO]: Preparing spawn area: 0%
[04:12:28] [Server thread/INFO]: Preparing spawn area: 0%
[04:12:28] [Server thread/INFO]: Preparing spawn area: 0%
[04:12:28] [Server thread/INFO]: Preparing spawn area: 0%
[04:12:28] [Server thread/INFO]: Preparing spawn area: 0%
[04:12:28] [Server thread/INFO]: Preparing spawn area: 0%
[04:12:28] [Server thread/INFO]: Preparing spawn area: 0%
[04:12:28] [Server thread/INFO]: Preparing spawn area: 0%
[04:12:28] [Server thread/INFO]: Preparing spawn area: 0%
[04:12:28] [Server thread/INFO]: Preparing spawn area: 0%
[04:12:28] [Server thread/INFO]: Preparing spawn area: 0%
[04:12:28] [Server thread/INFO]: Preparing spawn area: 0%
[04:12:28] [Server thread/INFO]: Preparing spawn area: 0%
[04:12:28] [Server thread/INFO]: Preparing spawn area: 0%
[04:12:28] [Server thread/INFO]: Preparing spawn area: 0%
[04:12:28] [Server thread/INFO]: Preparing spawn area: 0%
[04:12:28] [Server thread/INFO]: Preparing spawn area: 0%
[04:12:28] [Server thread/INFO]: Preparing spawn area: 0%
[04:12:28] [Server thread/INFO]: Preparing spawn area: 0%
[04:12:28] [Server thread/INFO]: Preparing spawn area: 0%
[04:12:28] [Server thread/INFO]: Preparing spawn area: 0%
[04:12:28] [Server thread/INFO]: Preparing spawn area: 0%
[04:12:28] [Server thread/INFO]: Preparing spawn area: 0%
[04:12:28] [Server thread/INFO]: Preparing spawn area: 0%
[04:12:28] [Server thread/INFO]: Preparing spawn area: 0%
[04:12:28] [Server thread/INFO]: Preparing spawn area: 0%
[04:12:28] [Server thread/INFO]: Preparing spawn area: 0%
[04:12:29] [Server thread/INFO]: Preparing spawn area: 83%
[04:12:29] [Server thread/INFO]: Preparing spawn area: 83%
[04:12:29] [Server thread/INFO]: Preparing spawn area: 83%
[04:12:36] [Server thread/INFO]: Time elapsed: 46294 ms
[04:12:36] [Server thread/INFO]: Done (54.028s)! For help, type "help"
[04:12:36] [Server thread/INFO]: Starting remote control listener
[04:12:36] [Server thread/INFO]: Thread RCON Listener started
[04:12:36] [RCON Listener #1/INFO]: RCON running on 0.0.0.0:25636
[04:12:39] [Server thread/WARN]: Can't keep up! Is the server overloaded? Running 3273ms or 65 ticks behind
[04:12:57] [Server thread/WARN]: Can't keep up! Is the server overloaded? Running 2756ms or 55 ticks behind
[04:40:00] [Server thread/INFO]: Stopping the server
[04:40:00] [Server thread/INFO]: Unknown or incomplete command, see below for error
[04:40:00] [Server thread/INFO]: end<--[HERE]
[04:40:00] [Server thread/INFO]: Unknown or incomplete command, see below for error
[04:40:00] [Server thread/INFO]: exit<--[HERE]
[04:40:00] [Server thread/INFO]: Stopping server
[04:40:00] [Server thread/INFO]: Saving players
[04:40:00] [Server thread/INFO]: Saving worlds
[04:40:00] [Server thread/INFO]: Saving chunks for level 'ServerLevel[world]'/minecraft:overworld
[04:40:01] [Server thread/INFO]: ThreadedAnvilChunkStorage (world): All chunks are saved
[04:40:01] [Server thread/INFO]: Saving chunks for level 'ServerLevel[world]'/minecraft:the_nether
[04:40:01] [Server thread/INFO]: ThreadedAnvilChunkStorage (DIM-1): All chunks are saved
[04:40:01] [Server thread/INFO]: Saving chunks for level 'ServerLevel[world]'/minecraft:the_end
[04:40:01] [Server thread/INFO]: ThreadedAnvilChunkStorage (DIM1): All chunks are saved
[04:40:01] [Server thread/INFO]: [TextileBackup]: Backup started by: SERVER on: 2020-06-26_04-40-01
[04:40:01] [Server thread/INFO]: [TextileBackup]: Saving server...
[04:40:04] [Thread-69/INFO]: [TextileBackup]: Starting compression...
[04:40:08] [Thread-69/ERROR]: [TextileBackup]: java.io.IOException: 另一个程序已锁定文件的一部分，进程无法访问。
[04:40:08] [Thread-69/INFO]: [TextileBackup]: Compression took: 3.7735164s
[04:40:08] [Thread-69/INFO]: [TextileBackup]: Deleting: 2020-06-25_23-35-12.zip
[04:40:08] [Thread-69/INFO]: [TextileBackup]: Done!
[04:40:08] [Server thread/INFO]: ThreadedAnvilChunkStorage (world): All chunks are saved
[04:40:08] [Server thread/INFO]: ThreadedAnvilChunkStorage (DIM-1): All chunks are saved
[04:40:08] [Server thread/INFO]: ThreadedAnvilChunkStorage (DIM1): All chunks are saved
[04:40:08] [Server thread/INFO]: Thread RCON Listener stopped
