[21:31:24] [main/INFO]: Loading for game Minecraft 1.15.2
[21:31:28] [main/WARN]: Mod `jankson` (2.0.0+j1.2.0) uses 'requires' key in fabric.mod.json, which is not supported - use 'depends'
[21:31:28] [main/INFO]: [FabricLoader] Loading 44 mods: minecraft@1.15.2, fabric-networking-blockentity-v0@0.2.3+e08a73050c, fabric-renderer-api-v1@0.2.10+f08b61330c, fabric-keybindings-v0@0.1.1+dfdb52d60c, jankson@2.0.0+j1.2.0, fabricloader@0.7.8+build.189, phosphor@0.5.2+build.6, fabric-renderer-indigo@0.2.23+9290e2ed0c, fabric-containers-v0@0.1.3+b7f9825d0c, lithium@0.4.6, fabric-dimensions-v1@0.3.0+2ad156310c, org_apache_commons_commons-compress@1.9, fabric-biomes-v1@0.1.5+3b05f68e0c, fabric-events-interaction-v0@0.3.0+fac69e320c, fabric-crash-report-info-v1@0.1.2+b7f9825d0c, fabric-api-base@0.1.2+b7f9825d0c, fabric-rendering-v0@1.1.0+534104900c, fabric-rendering-v1@0.1.0+534104900c, fabric-rendering-data-attachment-v1@0.1.3+b7f9825d0c, mm@2.0, fabric-resource-loader-v0@0.1.10+06c939b30c, fabric-textures-v0@1.0.4+821cdba70c, fabric-content-registries-v0@0.1.3+b7f9825d0c, fabric-tag-extensions-v0@0.1.3+abd915800c, fabric-rendering-fluids-v1@0.1.6+12515ed90c, fabric-commands-v0@0.1.2+b7f9825d0c, fabric-registry-sync-v0@0.2.6+f3d8141b0c, com_moandjiezana_toml_toml4j@0.7.2, cotton-logging@1.0.0-rc.4, fabric-blockrenderlayer-v1@1.1.4+c6a8ea890c, textile_backup@1.1.0-1.15, fabric-mining-levels-v0@0.1.1+b7f9825d0c, fabric-renderer-registries-v1@2.0.1+5a0f9a600c, carpet-extra@1.3.15, fabric-events-lifecycle-v0@0.1.2+b7f9825d0c, fabric-loot-tables-v1@0.1.5+e08a73050c, fabric@0.5.1+build.294-1.15, carpet@1.3.15, fabric-item-groups-v0@0.1.6+ec40b2e10c, fabric-models-v0@0.1.0+dfdb52d60c, fabric-particles-v1@0.1.1+dfdb52d60c, fabric-networking-v0@0.1.7+12515ed90c, fabric-object-builders-v0@0.1.3+e4c9a9c30c, cotton-config@1.0.0-rc.7
[21:31:29] [main/INFO]: SpongePowered MIXIN Subsystem Version=0.8 Source=file:/C:/Server/skimit_survival/fabric-server-launch.jar Service=Knot/Fabric Env=SERVER
[21:31:29] [main/INFO]: Lithium's configuration file was loaded successfully
[21:31:31] [main/INFO]: Not applying mixin 'me.jellysquid.mods.lithium.mixin.chunk.no_chunk_locking.MixinPalettedContainer' as no configuration enables it
[21:31:31] [main/INFO]: Not applying mixin 'me.jellysquid.mods.lithium.mixin.redstone.MixinRedstoneWireBlock' as no configuration enables it
[21:31:31] [main/INFO]: Not applying mixin 'me.jellysquid.mods.lithium.mixin.redstone.MixinWorld' as no configuration enables it
[21:31:35] [main/INFO]: Transforming class net/minecraft/class_2382 using patch set 'Modify mutability flags in Vec3i'
[21:31:43] [main/INFO]: Transforming class net/minecraft/class_2338$class_2339 using patch set 'Use mutable fields in Vec3i'
[21:32:57] [main/WARN]: Ambiguity between arguments [teleport, destination] and [teleport, targets] with inputs: [Player, 0123, @e, dd12be42-52a9-4a91-a8a1-11c01849e498]
[21:32:57] [main/WARN]: Ambiguity between arguments [teleport, location] and [teleport, destination] with inputs: [0.1 -0.5 .9, 0 0 0]
[21:32:57] [main/WARN]: Ambiguity between arguments [teleport, location] and [teleport, targets] with inputs: [0.1 -0.5 .9, 0 0 0]
[21:32:57] [main/WARN]: Ambiguity between arguments [teleport, targets] and [teleport, destination] with inputs: [Player, 0123, dd12be42-52a9-4a91-a8a1-11c01849e498]
[21:32:57] [main/WARN]: Ambiguity between arguments [teleport, targets, location] and [teleport, targets, destination] with inputs: [0.1 -0.5 .9, 0 0 0]
[21:33:01] [main/INFO]: Definitely not up to no good
[21:33:01] [main/INFO]: [TextileBackup]: Loading TextileBackup by Szum123321
[21:33:02] [Server thread/INFO]: Starting minecraft server version 1.15.2
[21:33:02] [Server thread/INFO]: Loading properties
[21:33:02] [Server thread/INFO]: Default game type: SURVIVAL
[21:33:02] [Server thread/INFO]: Generating keypair
[21:33:03] [Server thread/INFO]: Starting Minecraft server on *:26565
[21:33:03] [Server thread/INFO]: Using default channel type
[21:33:05] [Server thread/WARN]: **** SERVER IS RUNNING IN OFFLINE/INSECURE MODE!
[21:33:05] [Server thread/WARN]: The server will make no attempt to authenticate usernames. Beware.
[21:33:05] [Server thread/WARN]: While this makes the game possible to play without internet access, it also opens up the ability for hackers to connect with any username they choose.
[21:33:05] [Server thread/WARN]: To change this, set "online-mode" to "true" in the server.properties file.
[21:33:05] [Server thread/INFO]: Preparing level "skimit"
[21:33:05] [Server thread/INFO]: [CM]: loaded setting commandDraw as false from carpet.conf
[21:33:05] [Server thread/INFO]: [CM]: loaded setting rotatorBlock as true from carpet.conf
[21:33:05] [Server thread/INFO]: [CM]: loaded setting combineXPOrbs as true from carpet.conf
[21:33:05] [Server thread/INFO]: [CM]: loaded setting onePlayerSleeping as true from carpet.conf
[21:33:05] [Server thread/INFO]: [CM]: loaded setting portalSuffocationFix as true from carpet.conf
[21:33:05] [Server thread/INFO]: [CM]: loaded setting leadFix as true from carpet.conf
[21:33:05] [Server thread/INFO]: [CM]: loaded setting antiCheatDisabled as true from carpet.conf
[21:33:05] [Server thread/INFO]: [CM]: loaded setting defaultLoggers as mobcaps from carpet.conf
[21:33:05] [Server thread/INFO]: [CM]: loaded setting commandCameramode as false from carpet.conf
[21:33:05] [Server thread/INFO]: [CM]: loaded setting unloadedEntityFix as true from carpet.conf
[21:33:05] [Server thread/INFO]: [CM]: loaded setting ctrlQCraftingFix as true from carpet.conf
[21:33:06] [Server thread/INFO]: [fabric-registry-sync] Loaded registry data [file 1/4]
[21:33:06] [Server thread/INFO]: Reloading ResourceManager: Default, bukkit, Fabric Mining Levels (v0)
[21:33:09] [Server thread/INFO]: Loaded 6 recipes
[21:33:10] [Server thread/INFO]: Loaded 825 advancements
[21:33:14] [Server thread/INFO]: Preparing start region for dimension minecraft:overworld
[21:33:18] [Server thread/INFO]: Preparing spawn area: 0%
[21:33:18] [Server thread/INFO]: Preparing spawn area: 0%
[21:33:18] [Server thread/INFO]: Preparing spawn area: 0%
[21:33:18] [Server thread/INFO]: Preparing spawn area: 0%
[21:33:18] [Server thread/INFO]: Preparing spawn area: 0%
[21:33:18] [Server thread/INFO]: Preparing spawn area: 0%
[21:33:18] [Server thread/INFO]: Preparing spawn area: 0%
[21:33:18] [Server thread/INFO]: Preparing spawn area: 0%
[21:33:18] [Server thread/INFO]: Preparing spawn area: 0%
[21:33:18] [Server thread/INFO]: Preparing spawn area: 0%
[21:33:19] [Server-Worker-3/INFO]: Preparing spawn area: 0%
[21:33:19] [Server-Worker-3/INFO]: Preparing spawn area: 0%
[21:33:20] [Server-Worker-3/INFO]: Preparing spawn area: 0%
[21:33:21] [Server-Worker-3/INFO]: Preparing spawn area: 0%
[21:33:21] [Server-Worker-3/INFO]: Preparing spawn area: 0%
[21:33:21] [Server-Worker-3/INFO]: Preparing spawn area: 0%
[21:33:22] [Server thread/INFO]: Preparing spawn area: 0%
[21:33:22] [Server thread/INFO]: Preparing spawn area: 0%
[21:33:25] [Server thread/INFO]: Time elapsed: 10778 ms
[21:33:25] [Server thread/INFO]: Done (19.408s)! For help, type "help"
[21:33:25] [Server thread/INFO]: Starting remote control listener
[21:33:25] [RCON Listener #1/INFO]: RCON running on 0.0.0.0:25636
[21:33:27] [Server thread/WARN]: Can't keep up! Is the server overloaded? Running 2558ms or 51 ticks behind
[21:35:08] [Server thread/INFO]: ChengXi123[/127.0.0.1:63528] logged in with entity id 86 at (6.557362944938375, 61.0, -8.564106643827301)
[21:35:08] [Netty Server IO #0/WARN]: Received invalid identifier in minecraft:register: legacy:fml|hs (Non [a-z0-9/._-] character in path of location: legacy:fml|hs)
[21:35:09] [Server thread/INFO]: ChengXi123 joined the game
[21:35:09] [Server thread/WARN]: Can't keep up! Is the server overloaded? Running 2831ms or 56 ticks behind
[21:35:09] [Server thread/INFO]: [TextileBackup]: Backup started by: SERVER on: 2020-05-03_21-35-09
[21:35:09] [Server thread/INFO]: [TextileBackup]: Saving server...
[21:35:13] [Thread-54/INFO]: [TextileBackup]: Starting compression...
[21:35:23] [Server thread/INFO]: Scanning for legacy world dragon fight...
[21:35:23] [Server thread/INFO]: Found that the dragon has been killed in this world already.
[21:35:34] [Server thread/WARN]: Can't keep up! Is the server overloaded? Running 9819ms or 196 ticks behind
[21:36:23] [Server thread/WARN]: Can't keep up! Is the server overloaded? Running 3380ms or 67 ticks behind
[21:36:55] [Server thread/WARN]: Can't keep up! Is the server overloaded? Running 16460ms or 329 ticks behind
[21:37:14] [Server thread/WARN]: Can't keep up! Is the server overloaded? Running 4576ms or 91 ticks behind
[21:37:34] [Server thread/WARN]: Can't keep up! Is the server overloaded? Running 4779ms or 95 ticks behind
[21:37:56] [Server thread/WARN]: Can't keep up! Is the server overloaded? Running 6767ms or 135 ticks behind
[21:38:04] [Thread-54/INFO]: [TextileBackup]: Compression finished
[21:38:04] [Thread-54/INFO]: [TextileBackup]: Deleting: 2020-05-03_15-04-39.zip
[21:38:10] [Thread-54/INFO]: [TextileBackup]: Done!
[21:44:02] [Server thread/INFO]: s:Current Carpet Mod Settings
[21:44:02] [Server thread/INFO]:  - antiCheatDisabled: true
[21:44:02] [Server thread/INFO]:  - combineXPOrbs: true
[21:44:02] [Server thread/INFO]:  - commandCameramode: false
[21:44:02] [Server thread/INFO]:  - commandDraw: false
[21:44:02] [Server thread/INFO]:  - ctrlQCraftingFix: true
[21:44:02] [Server thread/INFO]:  - defaultLoggers: mobcaps
[21:44:02] [Server thread/INFO]:  - leadFix: true
[21:44:02] [Server thread/INFO]:  - onePlayerSleeping: true
[21:44:02] [Server thread/INFO]:  - portalSuffocationFix: true
[21:44:02] [Server thread/INFO]:  - rotatorBlock: true
[21:44:02] [Server thread/INFO]:  - unloadedEntityFix: true
[21:44:02] [Server thread/INFO]: Carpet Mod version: 1.3.15+v200318
[21:44:20] [Server thread/WARN]: Can't keep up! Is the server overloaded? Running 2004ms or 40 ticks behind
[21:44:26] [Server thread/INFO]: defaultLoggers is set to: mobcaps
[21:44:43] [Server thread/INFO]: defaultLoggers: tps mobcaps, [change permanently?]
[21:46:25] [Server thread/INFO]: defaultLoggers: tps, [change permanently?]
[21:47:08] [Server thread/INFO]: Unknown rule: set
[21:47:36] [Server thread/INFO]: Unknown command
[21:47:36] [Server thread/INFO]: set<--[HERE]
[21:47:44] [Server thread/INFO]: Unknown command
[21:47:44] [Server thread/INFO]: serdefalut<--[HERE]
[21:56:34] [Server thread/INFO]: ChengXi123 lost connection: Disconnected
[21:56:34] [Server thread/INFO]: ChengXi123 left the game
[21:56:47] [Server thread/INFO]: ChengXi123[/127.0.0.1:64263] logged in with entity id 4369 at (-104.45465051151045, 11.0, 181.29425102273188)
[21:56:47] [Netty Server IO #1/WARN]: Received invalid identifier in minecraft:register: legacy:fml|hs (Non [a-z0-9/._-] character in path of location: legacy:fml|hs)
[21:56:47] [Server thread/INFO]: ChengXi123 joined the game
[22:26:35] [Server thread/INFO]: ChengXi123 lost connection: Timed out
[22:26:35] [Server thread/INFO]: ChengXi123 left the game
[22:26:35] [Server thread/WARN]: handleDisconnection() called twice
[22:26:42] [Server thread/INFO]: ChengXi123[/127.0.0.1:65292] logged in with entity id 10564 at (-144.60016641935087, 76.32447312596213, 410.58470324498853)
[22:26:42] [Netty Server IO #0/WARN]: Received invalid identifier in minecraft:register: legacy:fml|hs (Non [a-z0-9/._-] character in path of location: legacy:fml|hs)
[22:26:42] [Server thread/INFO]: ChengXi123 joined the game
[22:32:49] [Server thread/WARN]: Can't keep up! Is the server overloaded? Running 3476ms or 69 ticks behind
[22:34:26] [Server thread/WARN]: Can't keep up! Is the server overloaded? Running 2392ms or 47 ticks behind
[22:35:09] [Server thread/INFO]: [TextileBackup]: Backup started by: SERVER on: 2020-05-03_22-35-09
[22:35:09] [Server thread/INFO]: [TextileBackup]: Saving server...
[22:35:10] [Thread-55/INFO]: [TextileBackup]: Starting compression...
[22:35:31] [Server thread/WARN]: Can't keep up! Is the server overloaded? Running 2102ms or 42 ticks behind
[22:35:51] [Server thread/WARN]: Can't keep up! Is the server overloaded? Running 2329ms or 46 ticks behind
[22:36:51] [Thread-55/INFO]: [TextileBackup]: Compression finished
[22:36:51] [Thread-55/INFO]: [TextileBackup]: Deleting: 2020-05-03_16-04-41.zip
[22:36:51] [Thread-55/INFO]: [TextileBackup]: Done!
[22:39:30] [Server thread/WARN]: Can't keep up! Is the server overloaded? Running 2027ms or 40 ticks behind
[22:56:38] [Server thread/INFO]: ChengXi123 lost connection: Disconnected
[22:56:38] [Server thread/INFO]: ChengXi123 left the game
[22:56:43] [Server thread/INFO]: ChengXi123[/127.0.0.1:49931] logged in with entity id 19191 at (279.3022467903454, 63.0, 140.39527215657554)
[22:56:43] [Netty Server IO #1/WARN]: Received invalid identifier in minecraft:register: legacy:fml|hs (Non [a-z0-9/._-] character in path of location: legacy:fml|hs)
[22:56:43] [Server thread/INFO]: ChengXi123 joined the game
[23:01:51] [Server thread/INFO]: ChengXi123 fell from a high place
[23:04:45] [Server thread/INFO]: ChengXi123 tried to swim in lava
[23:09:34] [Server thread/WARN]: Can't keep up! Is the server overloaded? Running 2352ms or 47 ticks behind
[23:13:23] [Server thread/INFO]: ChengXi123 lost connection: Disconnected
[23:13:23] [Server thread/INFO]: ChengXi123 left the game
