[06:01:06] [main/INFO]: Loading for game Minecraft 1.15.2
[06:01:10] [main/WARN]: Mod `jankson` (2.0.0+j1.2.0) uses 'requires' key in fabric.mod.json, which is not supported - use 'depends'
[06:01:10] [main/INFO]: [FabricLoader] Loading 40 mods: minecraft@1.15.2, fabric-networking-blockentity-v0@0.2.3+e08a73050c, fabric-renderer-api-v1@0.2.10+f08b61330c, fabric-keybindings-v0@0.1.1+dfdb52d60c, jankson@2.0.0+j1.2.0, fabricloader@0.7.8+build.189, fabric-renderer-indigo@0.2.23+9290e2ed0c, fabric-containers-v0@0.1.3+b7f9825d0c, fabric-dimensions-v1@0.3.0+2ad156310c, org_apache_commons_commons-compress@1.9, fabric-biomes-v1@0.1.5+3b05f68e0c, fabric-events-interaction-v0@0.3.0+fac69e320c, fabric-crash-report-info-v1@0.1.2+b7f9825d0c, fabric-api-base@0.1.2+b7f9825d0c, fabric-rendering-v0@1.1.0+534104900c, fabric-rendering-v1@0.1.0+534104900c, fabric-rendering-data-attachment-v1@0.1.3+b7f9825d0c, fabric-resource-loader-v0@0.1.10+06c939b30c, fabric-textures-v0@1.0.4+821cdba70c, fabric-content-registries-v0@0.1.3+b7f9825d0c, fabric-tag-extensions-v0@0.1.3+abd915800c, fabric-rendering-fluids-v1@0.1.6+12515ed90c, fabric-commands-v0@0.1.2+b7f9825d0c, fabric-registry-sync-v0@0.2.6+f3d8141b0c, cotton-logging@1.0.0-rc.4, fabric-blockrenderlayer-v1@1.1.4+c6a8ea890c, textile_backup@1.1.0-1.15, fabric-mining-levels-v0@0.1.1+b7f9825d0c, fabric-renderer-registries-v1@2.0.1+5a0f9a600c, carpet-extra@1.3.15, fabric-events-lifecycle-v0@0.1.2+b7f9825d0c, fabric-loot-tables-v1@0.1.5+e08a73050c, fabric@0.5.1+build.294-1.15, carpet@1.3.15, fabric-item-groups-v0@0.1.6+ec40b2e10c, fabric-models-v0@0.1.0+dfdb52d60c, fabric-particles-v1@0.1.1+dfdb52d60c, fabric-networking-v0@0.1.7+12515ed90c, fabric-object-builders-v0@0.1.3+e4c9a9c30c, cotton-config@1.0.0-rc.7
[06:01:10] [main/INFO]: SpongePowered MIXIN Subsystem Version=0.8 Source=file:/C:/Server/skimit_survival/fabric-server-launch.jar Service=Knot/Fabric Env=SERVER
[06:02:26] [main/WARN]: Ambiguity between arguments [teleport, destination] and [teleport, targets] with inputs: [Player, 0123, @e, dd12be42-52a9-4a91-a8a1-11c01849e498]
[06:02:26] [main/WARN]: Ambiguity between arguments [teleport, location] and [teleport, destination] with inputs: [0.1 -0.5 .9, 0 0 0]
[06:02:26] [main/WARN]: Ambiguity between arguments [teleport, location] and [teleport, targets] with inputs: [0.1 -0.5 .9, 0 0 0]
[06:02:26] [main/WARN]: Ambiguity between arguments [teleport, targets] and [teleport, destination] with inputs: [Player, 0123, dd12be42-52a9-4a91-a8a1-11c01849e498]
[06:02:26] [main/WARN]: Ambiguity between arguments [teleport, targets, location] and [teleport, targets, destination] with inputs: [0.1 -0.5 .9, 0 0 0]
[06:02:29] [main/INFO]: [TextileBackup]: Loading TextileBackup by Szum123321
[06:02:30] [Server thread/INFO]: Starting minecraft server version 1.15.2
[06:02:30] [Server thread/INFO]: Loading properties
[06:02:30] [Server thread/INFO]: Default game type: SURVIVAL
[06:02:30] [Server thread/INFO]: Generating keypair
[06:02:31] [Server thread/INFO]: Starting Minecraft server on *:26565
[06:02:31] [Server thread/INFO]: Using default channel type
[06:02:32] [Server thread/WARN]: **** SERVER IS RUNNING IN OFFLINE/INSECURE MODE!
[06:02:32] [Server thread/WARN]: The server will make no attempt to authenticate usernames. Beware.
[06:02:32] [Server thread/WARN]: While this makes the game possible to play without internet access, it also opens up the ability for hackers to connect with any username they choose.
[06:02:32] [Server thread/WARN]: To change this, set "online-mode" to "true" in the server.properties file.
[06:02:33] [Server thread/INFO]: Preparing level "skimit"
[06:02:33] [Server thread/INFO]: [CM]: loaded setting commandDraw as false from carpet.conf
[06:02:33] [Server thread/INFO]: [CM]: loaded setting rotatorBlock as true from carpet.conf
[06:02:33] [Server thread/INFO]: [CM]: loaded setting combineXPOrbs as true from carpet.conf
[06:02:33] [Server thread/INFO]: [CM]: loaded setting onePlayerSleeping as true from carpet.conf
[06:02:33] [Server thread/INFO]: [CM]: loaded setting portalSuffocationFix as true from carpet.conf
[06:02:33] [Server thread/INFO]: [CM]: loaded setting leadFix as true from carpet.conf
[06:02:33] [Server thread/INFO]: [CM]: loaded setting antiCheatDisabled as true from carpet.conf
[06:02:33] [Server thread/INFO]: [CM]: loaded setting defaultLoggers as tps from carpet.conf
[06:02:33] [Server thread/INFO]: [CM]: loaded setting commandCameramode as false from carpet.conf
[06:02:33] [Server thread/INFO]: [CM]: loaded setting unloadedEntityFix as true from carpet.conf
[06:02:33] [Server thread/INFO]: [CM]: loaded setting ctrlQCraftingFix as true from carpet.conf
[06:02:34] [Server thread/INFO]: [fabric-registry-sync] Loaded registry data [file 1/4]
[06:02:34] [Server thread/INFO]: Reloading ResourceManager: Default, bukkit, Fabric Mining Levels (v0)
[06:02:36] [Server thread/INFO]: Loaded 6 recipes
[06:02:38] [Server thread/INFO]: Loaded 825 advancements
[06:02:38] [Server thread/INFO]: Preparing start region for dimension minecraft:overworld
[06:02:42] [Server thread/INFO]: Preparing spawn area: 0%
[06:02:42] [Server thread/INFO]: Preparing spawn area: 0%
[06:02:42] [Server thread/INFO]: Preparing spawn area: 0%
[06:02:42] [Server thread/INFO]: Preparing spawn area: 0%
[06:02:42] [Server thread/INFO]: Preparing spawn area: 0%
[06:02:42] [Server thread/INFO]: Preparing spawn area: 0%
[06:02:42] [Server thread/INFO]: Preparing spawn area: 0%
[06:02:42] [Server thread/INFO]: Preparing spawn area: 0%
[06:02:42] [Server-Worker-2/INFO]: Preparing spawn area: 0%
[06:02:43] [Server-Worker-2/INFO]: Preparing spawn area: 0%
[06:02:44] [Server-Worker-2/INFO]: Preparing spawn area: 0%
[06:02:44] [Server-Worker-2/INFO]: Preparing spawn area: 0%
[06:02:45] [Server-Worker-2/INFO]: Preparing spawn area: 0%
[06:02:45] [Server-Worker-2/INFO]: Preparing spawn area: 0%
[06:02:45] [Server thread/INFO]: Preparing spawn area: 0%
[06:02:46] [Server thread/INFO]: Preparing spawn area: 0%
[06:02:46] [Server thread/INFO]: Preparing spawn area: 83%
[06:02:47] [Server thread/INFO]: Time elapsed: 8678 ms
[06:02:47] [Server thread/INFO]: Done (14.015s)! For help, type "help"
[06:02:47] [Server thread/INFO]: Starting remote control listener
[06:02:47] [RCON Listener #1/INFO]: RCON running on 0.0.0.0:25636
[06:02:50] [Server thread/WARN]: Can't keep up! Is the server overloaded? Running 2556ms or 51 ticks behind
[08:13:35] [Server thread/INFO]: Manjaro_linux[/127.0.0.1:50216] logged in with entity id 84 at (-378.4983466108929, 69.0, 519.4763711520419)
[08:13:35] [Netty Server IO #1/WARN]: Received invalid identifier in minecraft:register: legacy:fml|hs (Non [a-z0-9/._-] character in path of location: legacy:fml|hs)
[08:13:35] [Server thread/INFO]: Manjaro_linux joined the game
[08:13:36] [Server thread/INFO]: [TextileBackup]: Backup started by: SERVER on: 2020-04-12_08-13-36
[08:13:36] [Server thread/INFO]: [TextileBackup]: Saving server...
[08:13:36] [Thread-50/INFO]: [TextileBackup]: Starting compression...
[08:13:39] [Server thread/WARN]: Can't keep up! Is the server overloaded? Running 3959ms or 79 ticks behind
[08:14:08] [Server thread/WARN]: Can't keep up! Is the server overloaded? Running 14344ms or 286 ticks behind
[08:14:37] [Server thread/WARN]: Can't keep up! Is the server overloaded? Running 13685ms or 273 ticks behind
[08:15:05] [Server thread/WARN]: Can't keep up! Is the server overloaded? Running 13539ms or 270 ticks behind
[08:15:34] [Server thread/WARN]: Can't keep up! Is the server overloaded? Running 13778ms or 275 ticks behind
[08:15:53] [Server thread/WARN]: Can't keep up! Is the server overloaded? Running 4376ms or 87 ticks behind
[08:16:16] [Server thread/INFO]: Manjaro_linux lost connection: Disconnected
[08:16:16] [Server thread/INFO]: Manjaro_linux left the game
[08:16:22] [Thread-50/INFO]: [TextileBackup]: Compression finished
[08:16:22] [Thread-50/INFO]: [TextileBackup]: Done!
[08:16:23] [Server thread/WARN]: Can't keep up! Is the server overloaded? Running 14403ms or 288 ticks behind
[08:21:52] [Server thread/INFO]: Cora_cold[/127.0.0.1:50509] logged in with entity id 639 at (-393.53210754414255, 63.0, 455.46222134501727)
[08:21:52] [Server thread/INFO]: Cora_cold joined the game
[08:21:52] [Netty Server IO #0/WARN]: Received invalid identifier in minecraft:register: legacy:fml|hs (Non [a-z0-9/._-] character in path of location: legacy:fml|hs)
[08:24:09] [Server thread/WARN]: Can't keep up! Is the server overloaded? Running 2016ms or 40 ticks behind
[08:25:37] [Server thread/INFO]: xiaolouQAQ[/127.0.0.1:50645] logged in with entity id 1180 at (-42.5, 64.0, 239.5)
[08:25:37] [Netty Server IO #0/WARN]: Received invalid identifier in minecraft:register: legacy:fml|hs (Non [a-z0-9/._-] character in path of location: legacy:fml|hs)
[08:25:38] [Server thread/INFO]: xiaolouQAQ joined the game
[08:25:43] [Server thread/INFO]: <Cora_cold> 1
[08:25:53] [Server thread/INFO]: <xiaolouQAQ> 1
[08:26:33] [Server thread/INFO]: <xiaolouQAQ> 你们在哪
[08:26:58] [Server thread/INFO]: <Cora_cold> 进入地狱，然后去有雪块的传送门
[08:27:17] [Server thread/INFO]: xiaolouQAQ has made the advancement [We Need to Go Deeper]
[08:27:18] [Server thread/WARN]: Can't keep up! Is the server overloaded? Running 3425ms or 68 ticks behind
[08:27:45] [Server thread/WARN]: Can't keep up! Is the server overloaded? Running 12720ms or 254 ticks behind
[08:28:04] [Server thread/INFO]: <Cora_cold> 这是别人家
[08:28:07] [Server thread/INFO]: <xiaolouQAQ> laile
[08:28:57] [Server thread/INFO]: <xiaolouQAQ> 你住这？
[08:29:06] [Server thread/INFO]: <Cora_cold> 我没地方住
[08:29:27] [Server thread/WARN]: Can't keep up! Is the server overloaded? Running 2141ms or 42 ticks behind
[08:29:52] [Server thread/INFO]: <xiaolouQAQ> 有羊毛吗
[08:30:05] [Server thread/INFO]: <Cora_cold> mei
[08:31:16] [Server thread/INFO]: <Cora_cold> 都是大佬家的东西
[08:31:23] [Server thread/INFO]: <xiaolouQAQ> 看了箱子
[08:31:23] [Server thread/INFO]: <Cora_cold> 去看看能不能刷
[08:31:26] [Server thread/INFO]: <xiaolouQAQ> 太强了
[08:31:58] [Server thread/INFO]: xiaolouQAQ has made the advancement [Sweet Dreams]
[08:32:15] [Server thread/INFO]: <Cora_cold> zou
[08:33:02] [Server thread/INFO]: <Cora_cold> 这个也是别人家
[08:33:27] [Server thread/INFO]: <xiaolouQAQ> 人呢
[08:33:30] [Server thread/INFO]: <Cora_cold> 我打算在这里做家
[08:33:51] [Server thread/INFO]: <xiaolouQAQ> 可以
[08:34:21] [Server thread/INFO]: <Cora_cold> 看看这个方法能不能用
[08:34:29] [Server thread/INFO]: <xiaolouQAQ> 等一下
[08:34:30] [Server thread/WARN]: Can't keep up! Is the server overloaded? Running 2408ms or 48 ticks behind
[08:34:33] [Server thread/INFO]: <Cora_cold> o
[08:34:51] [Server thread/INFO]: xiaolouQAQ has made the advancement [Stone Age]
[08:36:02] [Server thread/INFO]: <Cora_cold> 你骑上去，我看看
[08:36:04] [Server thread/INFO]: xiaolouQAQ has made the advancement [Getting an Upgrade]
[08:36:25] [Server thread/INFO]: <Cora_cold> 我怎么打开她的背包
[08:36:37] [Server thread/INFO]: <xiaolouQAQ> 骑上去按E
[08:37:01] [Server thread/INFO]: <Cora_cold> 我骑上去退一下
[08:37:05] [Server thread/INFO]: Cora_cold lost connection: Disconnected
[08:37:05] [Server thread/INFO]: Cora_cold left the game
[08:37:09] [Server thread/INFO]: Cora_cold[/127.0.0.1:51056] logged in with entity id 3262 at (-532.5343673730774, 67.94290000230075, 436.63823382651265)
[08:37:09] [Netty Server IO #1/WARN]: Received invalid identifier in minecraft:register: legacy:fml|hs (Non [a-z0-9/._-] character in path of location: legacy:fml|hs)
[08:37:09] [Server thread/INFO]: Cora_cold joined the game
[08:37:23] [Server thread/INFO]: <Cora_cold> 刚刚羊驼是不是消失了
[08:37:25] [Server thread/INFO]: <xiaolouQAQ> en
[08:37:36] [Server thread/INFO]: <Cora_cold> 好了，问题就是怎么打开它背包
[08:37:48] [Server thread/INFO]: <Cora_cold> 不骑的人要打开
[08:37:56] [Server thread/INFO]: <xiaolouQAQ> 你骑
[08:37:57] [Server thread/INFO]: <Cora_cold> 咋打开
[08:38:04] [Server thread/INFO]: <Cora_cold> 你能打开吗/
[08:38:22] [Server thread/INFO]: <Cora_cold> shift右键
[08:38:31] [Server thread/INFO]: <xiaolouQAQ> 你骑
[08:38:37] [Server thread/INFO]: <Cora_cold> 我下线之后，你就拿出来
[08:38:47] [Server thread/INFO]: <xiaolouQAQ> 不行
[08:38:48] [Server thread/INFO]: Cora_cold lost connection: Disconnected
[08:38:48] [Server thread/INFO]: Cora_cold left the game
[08:38:52] [Server thread/INFO]: Cora_cold[/127.0.0.1:51127] logged in with entity id 3422 at (-532.5343673730774, 67.94290000230075, 436.63823382651265)
[08:38:52] [Server thread/INFO]: Cora_cold joined the game
[08:38:53] [Netty Server IO #1/WARN]: Received invalid identifier in minecraft:register: legacy:fml|hs (Non [a-z0-9/._-] character in path of location: legacy:fml|hs)
[08:38:55] [Server thread/INFO]: <xiaolouQAQ> 不行
[08:39:02] [Server thread/INFO]: <xiaolouQAQ> 你骑我打不开
[08:39:04] [Server thread/INFO]: <Cora_cold> 你来其
[08:39:16] [Server thread/INFO]: <Cora_cold> 那就先打开再起上去
[08:39:32] [Server thread/INFO]: <xiaolouQAQ> 你骑
[08:40:05] [Server thread/INFO]: xiaolouQAQ lost connection: Disconnected
[08:40:05] [Server thread/INFO]: xiaolouQAQ left the game
[08:40:12] [Server thread/INFO]: xiaolouQAQ[/127.0.0.1:51180] logged in with entity id 3541 at (-532.5343673730774, 67.94290000230075, 436.63823382651265)
[08:40:12] [Server thread/INFO]: xiaolouQAQ joined the game
[08:40:12] [Netty Server IO #0/WARN]: Received invalid identifier in minecraft:register: legacy:fml|hs (Non [a-z0-9/._-] character in path of location: legacy:fml|hs)
[08:40:23] [Server thread/INFO]: <Cora_cold> 下来‘
[08:40:39] [Server thread/INFO]: <xiaolouQAQ> wow
[08:40:53] [Server thread/INFO]: <xiaolouQAQ> 截肢杀手附魔==
[08:41:09] [Server thread/INFO]: <Cora_cold> 再来一遍吗？
[08:41:25] [Server thread/INFO]: <xiaolouQAQ> 不用，挖矿吧
[08:42:15] [Server thread/INFO]: <Cora_cold> 最后一次
[08:42:32] [Server thread/INFO]: <xiaolouQAQ> 你开箱子
[08:42:46] [Server thread/INFO]: xiaolouQAQ lost connection: Disconnected
[08:42:46] [Server thread/INFO]: xiaolouQAQ left the game
[08:42:53] [Server thread/INFO]: xiaolouQAQ[/127.0.0.1:51283] logged in with entity id 3913 at (-532.5343673730774, 67.94290000230075, 436.63823382651265)
[08:42:53] [Server thread/INFO]: xiaolouQAQ joined the game
[08:42:53] [Netty Server IO #1/WARN]: Received invalid identifier in minecraft:register: legacy:fml|hs (Non [a-z0-9/._-] character in path of location: legacy:fml|hs)
[08:43:23] [Server thread/INFO]: <Cora_cold> ?
[08:43:32] [Server thread/INFO]: <xiaolouQAQ> 咋搞
[08:43:32] [Server thread/INFO]: <Cora_cold> 没有？
[08:43:52] [Server thread/INFO]: <xiaolouQAQ> 这我床
[08:44:00] [Server thread/INFO]: <Cora_cold> dengdeng
[08:44:32] [Server thread/INFO]: xiaolouQAQ lost connection: Disconnected
[08:44:32] [Server thread/INFO]: xiaolouQAQ left the game
[08:44:39] [Server thread/INFO]: xiaolouQAQ[/127.0.0.1:51349] logged in with entity id 4106 at (-532.5343673730774, 67.94290000230075, 436.63823382651265)
[08:44:39] [Server thread/INFO]: xiaolouQAQ joined the game
[08:44:40] [Netty Server IO #1/WARN]: Received invalid identifier in minecraft:register: legacy:fml|hs (Non [a-z0-9/._-] character in path of location: legacy:fml|hs)
[08:44:50] [Server thread/INFO]: <xiaolouQAQ> 好了吗
[08:44:55] [Server thread/INFO]: xiaolouQAQ has reached the goal [Sky's the Limit]
[08:46:25] [Server thread/INFO]: <Cora_cold> 没有tp指令
[08:46:30] [Server thread/INFO]: <xiaolouQAQ> mei
[08:47:01] [Server thread/INFO]: <xiaolouQAQ> 我下矿了
[08:47:06] [Server thread/INFO]: <Cora_cold> zou
[08:49:32] [Server thread/WARN]: Can't keep up! Is the server overloaded? Running 2289ms or 45 ticks behind
[08:53:50] [Server thread/INFO]: <xiaolouQAQ> 一组铁了哈哈哈
[08:55:18] [Server thread/INFO]: <Cora_cold> 搞一点黑曜石吗？
[08:55:46] [Server thread/INFO]: Cora_cold has made the advancement [Ice Bucket Challenge]
[08:56:06] [Server thread/INFO]: xiaolouQAQ has made the advancement [Ice Bucket Challenge]
[08:58:07] [Server thread/INFO]: <Cora_cold> 差不多了吧
[08:58:09] [Server thread/INFO]: <xiaolouQAQ> 我五个了
[08:58:12] [Server thread/INFO]: <Cora_cold> 7ge
[08:59:35] [Server thread/WARN]: Can't keep up! Is the server overloaded? Running 2297ms or 45 ticks behind
[09:02:45] [Server thread/INFO]: <Cora_cold> 给你看个好玩的
[09:02:49] [Server thread/INFO]: <Cora_cold> 一格挖矿法
[09:03:01] [Server thread/INFO]: <xiaolouQAQ> 好憨==
[09:03:33] [Server thread/INFO]: <xiaolouQAQ> 我拿镐子你都不掉血？
[09:03:47] [Server thread/INFO]: <Cora_cold> 装着装备
[09:04:09] [Server thread/INFO]: <xiaolouQAQ> 我shift你看不到名字吧
[09:04:17] [Server thread/INFO]: <Cora_cold> 看不见
[09:05:36] [Server thread/INFO]: <Cora_cold> 回去吗？
[09:05:39] [Server thread/INFO]: <Cora_cold> 挖好远了
[09:05:49] [Server thread/INFO]: <xiaolouQAQ> emmm
[09:06:01] [Server thread/INFO]: <xiaolouQAQ> 你路上挖一个钻石
[09:06:05] [Server thread/INFO]: <xiaolouQAQ> 两个
[09:06:08] [Server thread/INFO]: <xiaolouQAQ> 做附魔台
[09:06:10] [Server thread/INFO]: <Cora_cold> woyou
[09:06:55] [Server thread/INFO]: <xiaolouQAQ> 身上石头给我
[09:10:59] [Server thread/INFO]: xiaolouQAQ has made the advancement [Acquire Hardware]
[09:13:33] [Server thread/INFO]: <xiaolouQAQ> 铲子
[09:13:34] [Server thread/INFO]: [TextileBackup]: Backup started by: SERVER on: 2020-04-12_09-13-34
[09:13:34] [Server thread/INFO]: [TextileBackup]: Saving server...
[09:13:36] [Thread-51/INFO]: [TextileBackup]: Starting compression...
[09:13:48] [Server thread/WARN]: Can't keep up! Is the server overloaded? Running 2070ms or 41 ticks behind
[09:14:03] [Server thread/INFO]: Cora_cold has made the advancement [Enchanter]
[09:14:06] [Server thread/WARN]: Can't keep up! Is the server overloaded? Running 2572ms or 51 ticks behind
[09:14:26] [Server thread/WARN]: Can't keep up! Is the server overloaded? Running 2056ms or 41 ticks behind
[09:14:52] [Server thread/WARN]: Can't keep up! Is the server overloaded? Running 11036ms or 220 ticks behind
[09:15:22] [Server thread/WARN]: Can't keep up! Is the server overloaded? Running 2473ms or 49 ticks behind
[09:15:23] [Thread-51/INFO]: [TextileBackup]: Compression finished
[09:15:23] [Thread-51/INFO]: [TextileBackup]: Done!
[09:15:54] [Server thread/INFO]: <xiaolouQAQ> 没皮革
[09:17:41] [Server thread/INFO]: <xiaolouQAQ> x-521 y66
[09:18:03] [Server thread/INFO]: xiaolouQAQ has made the advancement [Best Friends Forever]
[09:19:39] [Server thread/INFO]: <xiaolouQAQ> 看我找到什么宝贝
[09:19:43] [Server thread/INFO]: <Cora_cold> ?
[09:20:13] [Server thread/INFO]: <Cora_cold> 大佬家遍地都是
[09:20:20] [Server thread/INFO]: <xiaolouQAQ> 骷髅马
[09:20:22] [Server thread/INFO]: <Cora_cold> 这里有很多
[09:21:08] [Server thread/INFO]: <xiaolouQAQ> 我跑图找牛了啊
[09:21:19] [Server thread/INFO]: <Cora_cold> 别太远了
[09:21:23] [Server thread/INFO]: <xiaolouQAQ> 给跑图吗
[09:21:30] [Server thread/INFO]: <Cora_cold> 放在副手
[09:21:45] [Server thread/INFO]: <Cora_cold> 让，但是别太快，太远
[09:22:23] [Server thread/INFO]: xiaolouQAQ has made the advancement [A Seedy Place]
[09:24:57] [Server thread/WARN]: Can't keep up! Is the server overloaded? Running 2844ms or 56 ticks behind
[09:27:21] [Server thread/INFO]: <xiaolouQAQ> 你回家睡个觉
[09:27:28] [Server thread/INFO]: xiaolouQAQ has made the advancement [Monster Hunter]
[09:27:31] [Server thread/INFO]: <Cora_cold> 我在外面
[09:27:50] [Server thread/INFO]: <Cora_cold> 等等
[09:28:16] [Server thread/INFO]: xiaolouQAQ has reached the goal [Postmortal]
[09:29:09] [Server thread/WARN]: Can't keep up! Is the server overloaded? Running 2003ms or 40 ticks behind
[09:29:37] [Server thread/INFO]: <xiaolouQAQ> 好刺激
[09:30:02] [Server thread/WARN]: Can't keep up! Is the server overloaded? Running 2865ms or 57 ticks behind
[09:30:48] [Server thread/INFO]: <xiaolouQAQ> 我成磁微粒
[09:30:50] [Server thread/INFO]: <xiaolouQAQ> 刺猬了
[09:30:52] [Server thread/INFO]: <Cora_cold> ?
[09:31:52] [Server thread/INFO]: <xiaolouQAQ> 我现在把你杀了怎么样A.A
[09:32:02] [Server thread/INFO]: <Cora_cold> 会掉箱子
[09:32:05] [Server thread/INFO]: <xiaolouQAQ> ?
[09:32:21] [Server thread/INFO]: <Cora_cold> 对，不掉箱子
[09:33:50] [Server thread/INFO]: xiaolouQAQ has made the advancement [Suit Up]
[09:35:04] [Server thread/WARN]: Can't keep up! Is the server overloaded? Running 2247ms or 44 ticks behind
[09:35:14] [Server thread/INFO]: <Cora_cold> 我快要下了
[09:35:24] [Server thread/INFO]: <xiaolouQAQ> 不是能玩一天吗
[09:35:38] [Server thread/INFO]: <Cora_cold> 眼疼了
[09:35:44] [Server thread/INFO]: <xiaolouQAQ> 行
[09:36:06] [Server thread/INFO]: <xiaolouQAQ> 你要上线跟我讲，我再肝一会
[09:36:22] [Server thread/INFO]: <xiaolouQAQ> 要把家造了吗还是一起造
[09:36:36] [Server thread/INFO]: <Cora_cold> 都可以
[09:36:42] [Server thread/INFO]: <xiaolouQAQ> ==
[09:36:46] [Server thread/INFO]: <Cora_cold> 你记得贴个牌子
[09:36:52] [Server thread/INFO]: <xiaolouQAQ> 不造火柴盒就行
[09:37:50] [Server thread/INFO]: Cora_cold lost connection: Disconnected
[09:37:50] [Server thread/INFO]: Cora_cold left the game
[09:41:00] [Server thread/INFO]: xiaolouQAQ has made the advancement [Take Aim]
[09:42:53] [Server thread/INFO]: xiaolouQAQ lost connection: Disconnected
[09:42:53] [Server thread/INFO]: xiaolouQAQ left the game
[09:54:24] [Server thread/INFO]: xiaolouQAQ[/127.0.0.1:53834] logged in with entity id 14460 at (-530.8159179756224, 68.5625, 440.23750001192093)
[09:54:24] [Netty Server IO #0/WARN]: Received invalid identifier in minecraft:register: legacy:fml|hs (Non [a-z0-9/._-] character in path of location: legacy:fml|hs)
[09:54:24] [Server thread/INFO]: xiaolouQAQ joined the game
[10:00:53] [Server thread/INFO]: yao_di[/127.0.0.1:54072] logged in with entity id 15254 at (-42.781385406393134, 65.0, 246.87143466913787)
[10:00:53] [Netty Server IO #1/WARN]: Received invalid identifier in minecraft:register: legacy:fml|hs (Non [a-z0-9/._-] character in path of location: legacy:fml|hs)
[10:00:53] [Server thread/INFO]: yao_di joined the game
[10:01:03] [Server thread/INFO]: <xiaolouQAQ> 有人来了
[10:03:52] [Server thread/INFO]: ChengXi123[/127.0.0.1:54190] logged in with entity id 16057 at (-401.6511807534881, 75.0, 492.8031865905)
[10:03:52] [Netty Server IO #1/WARN]: Received invalid identifier in minecraft:register: legacy:fml|hs (Non [a-z0-9/._-] character in path of location: legacy:fml|hs)
[10:03:52] [Server thread/INFO]: ChengXi123 joined the game
[10:05:07] [Server thread/WARN]: Can't keep up! Is the server overloaded? Running 2825ms or 56 ticks behind
[10:05:26] [Server thread/WARN]: Can't keep up! Is the server overloaded? Running 4761ms or 95 ticks behind
[10:07:14] [Server thread/INFO]: <ChengXi123> 你们都在干啥啊
[10:07:19] [Server thread/INFO]: yao_di lost connection: Disconnected
[10:07:19] [Server thread/INFO]: yao_di left the game
[10:07:22] [Server thread/INFO]: <xiaolouQAQ> 造家
[10:07:25] [Server thread/INFO]: <xiaolouQAQ> 第一天来
[10:07:47] [Server thread/INFO]: <ChengXi123> 我都来得造了
[10:07:58] [Server thread/INFO]: <ChengXi123> 懒
[10:08:11] [Server thread/INFO]: <xiaolouQAQ> 我几年没玩纯净了
[10:08:14] [Server thread/INFO]: <xiaolouQAQ> 好怀念
[10:09:23] [Server thread/INFO]: <xiaolouQAQ> hi
[10:09:46] [Server thread/INFO]: xiaolouQAQ has made the advancement [The Parrots and the Bats]
[10:10:14] [Server thread/WARN]: Can't keep up! Is the server overloaded? Running 2422ms or 48 ticks behind
[10:10:27] [Server thread/INFO]: <ChengXi123> 你会什么红石吗
[10:10:37] [Server thread/INFO]: <xiaolouQAQ> 会一点点吧
[10:11:29] [Server thread/INFO]: <ChengXi123> 刷石机能造吗
[10:11:43] [Server thread/INFO]: <xiaolouQAQ> 应该要跟腐竹讲
[10:12:07] [Server thread/INFO]: <xiaolouQAQ> 活塞推石头吗？
[10:12:38] [Server thread/INFO]: <ChengXi123> 原来那个坏了，我没怎么研究过这方面，不会修
[10:12:46] [Server thread/INFO]: <xiaolouQAQ> ==
[10:13:34] [Server thread/INFO]: [TextileBackup]: Backup started by: SERVER on: 2020-04-12_10-13-34
[10:13:34] [Server thread/INFO]: [TextileBackup]: Saving server...
[10:13:36] [Server thread/INFO]: <ChengXi123> nqkk
[10:13:36] [Thread-52/INFO]: [TextileBackup]: Starting compression...
[10:13:38] [Server thread/WARN]: Can't keep up! Is the server overloaded? Running 2062ms or 41 ticks behind
[10:13:42] [Server thread/INFO]: <ChengXi123> 你去看看
[10:13:45] [Server thread/INFO]: <xiaolouQAQ> 带我去看看
[10:13:57] [Server thread/WARN]: Can't keep up! Is the server overloaded? Running 4567ms or 91 ticks behind
[10:14:22] [Server thread/INFO]: <ChengXi123> 这个
[10:14:28] [Server thread/WARN]: Can't keep up! Is the server overloaded? Running 15737ms or 314 ticks behind
[10:14:48] [Server thread/WARN]: Can't keep up! Is the server overloaded? Running 5361ms or 107 ticks behind
[10:14:51] [Server thread/INFO]: <ChengXi123> TNT复制坏了
[10:15:11] [Server thread/WARN]: Can't keep up! Is the server overloaded? Running 8027ms or 160 ticks behind
[10:15:13] [Server thread/INFO]: <xiaolouQAQ> 这刷石机我没见过==
[10:15:24] [Thread-52/INFO]: [TextileBackup]: Compression finished
[10:15:24] [Thread-52/INFO]: [TextileBackup]: Done!
[10:15:46] [Server thread/INFO]: <xiaolouQAQ> 拿tnt炸石头吗
[10:15:47] [Server thread/INFO]: <ChengXi123> 这不就是普通的竖式刷石机吗？
[10:16:54] [Server thread/INFO]: <ChengXi123> 你会哪种刷石机
[10:17:16] [Server thread/INFO]: <xiaolouQAQ> 会13×13的那种
[10:17:23] [Server thread/INFO]: <ChengXi123> ?
[10:17:38] [Server thread/INFO]: <xiaolouQAQ> 先刷一排然后活塞推走，然后再刷
[10:17:43] [Server thread/INFO]: <ChengXi123> 效率高吗
[10:17:51] [Server thread/INFO]: <xiaolouQAQ> 一般吧
[10:18:12] [Server thread/INFO]: <xiaolouQAQ> 粘液科技你玩过吗
[10:19:00] [Server thread/INFO]: ChengXi123 lost connection: Disconnected
[10:19:00] [Server thread/INFO]: ChengXi123 left the game
[10:19:01] [Server thread/INFO]: ChengXi123[/127.0.0.1:54724] logged in with entity id 18449 at (-362.3484874940787, 76.0, 428.9809180702784)
[10:19:01] [Server thread/INFO]: ChengXi123 joined the game
[10:19:01] [Netty Server IO #0/WARN]: Received invalid identifier in minecraft:register: legacy:fml|hs (Non [a-z0-9/._-] character in path of location: legacy:fml|hs)
[10:19:21] [Server thread/INFO]: <ChengXi123> 我不玩mod的
[10:19:28] [Server thread/INFO]: <xiaolouQAQ> emmm
[10:20:05] [Server thread/INFO]: <xiaolouQAQ> 你刷石机手挖吗
[10:20:24] [Server thread/INFO]: <ChengXi123> 手挖不累死
[10:20:33] [Server thread/INFO]: <xiaolouQAQ> ==
[10:20:51] [Server thread/WARN]: Can't keep up! Is the server overloaded? Running 2081ms or 41 ticks behind
[10:21:13] [Server thread/WARN]: Can't keep up! Is the server overloaded? Running 6239ms or 124 ticks behind
[10:22:08] [Server thread/INFO]: <ChengXi123> 我的任务都鸽了好几天了
[10:22:14] [Server thread/INFO]: <xiaolouQAQ> ?
[10:22:33] [Server thread/INFO]: <xiaolouQAQ> 什么任务
[10:22:41] [Server thread/INFO]: <ChengXi123> 造树场啊
[10:23:08] [Server thread/INFO]: <xiaolouQAQ> 你们都是造什么巨型工程吗
[10:23:35] [Server thread/INFO]: <ChengXi123> 都是一些基础设施
[10:23:42] [Server thread/INFO]: <xiaolouQAQ> 大佬
[10:26:00] [Server thread/WARN]: Can't keep up! Is the server overloaded? Running 2009ms or 40 ticks behind
[10:26:20] [Server thread/WARN]: Can't keep up! Is the server overloaded? Running 5087ms or 101 ticks behind
[10:30:29] [Server thread/INFO]: WZY0330[/127.0.0.1:55142] logged in with entity id 20557 at (3935.1220462048623, 44.0, 1784.3095194813457)
[10:30:29] [Netty Server IO #0/WARN]: Received invalid identifier in minecraft:register: legacy:fml|hs (Non [a-z0-9/._-] character in path of location: legacy:fml|hs)
[10:30:29] [Server thread/INFO]: WZY0330 joined the game
[10:30:32] [Server thread/WARN]: Can't keep up! Is the server overloaded? Running 2155ms or 43 ticks behind
[10:31:06] [Server thread/WARN]: Can't keep up! Is the server overloaded? Running 18900ms or 378 ticks behind
[10:31:31] [Server thread/INFO]: WZY0330 lost connection: Disconnected
[10:31:31] [Server thread/INFO]: WZY0330 left the game
[10:31:31] [Server thread/WARN]: Can't keep up! Is the server overloaded? Running 10238ms or 204 ticks behind
[10:31:52] [Server thread/WARN]: Can't keep up! Is the server overloaded? Running 6028ms or 120 ticks behind
[10:31:54] [Server thread/INFO]: <ChengXi123> 你多大了？
[10:31:59] [Server thread/INFO]: <xiaolouQAQ> 17
[10:32:02] [Server thread/INFO]: <ChengXi123> .
[10:32:29] [Server thread/INFO]: <ChengXi123> 上学吗？
[10:32:39] [Server thread/INFO]: <xiaolouQAQ> 4.20开学
[10:32:50] [Server thread/INFO]: <ChengXi123> 这么早
[10:32:57] [Server thread/WARN]: Can't keep up! Is the server overloaded? Running 2003ms or 40 ticks behind
[10:33:06] [Server thread/INFO]: Scanning for legacy world dragon fight...
[10:33:06] [Server thread/INFO]: Found that the dragon has been killed in this world already.
[10:33:06] [Server thread/INFO]: <xiaolouQAQ> 我想开学都快疯了
[10:33:15] [Server thread/INFO]: <xiaolouQAQ> 还行，别的省份更早
[10:33:16] [Server thread/WARN]: Can't keep up! Is the server overloaded? Running 3911ms or 78 ticks behind
[10:36:55] [Server thread/WARN]: Can't keep up! Is the server overloaded? Running 2234ms or 44 ticks behind
[10:38:32] [Server thread/INFO]: ChengXi123 was slain by Enderman
[10:40:15] [Server thread/INFO]: <ChengXi123> 混凝土粉末你要吗
[10:40:24] [Server thread/INFO]: <xiaolouQAQ> 不用了
[10:40:40] [Server thread/INFO]: <ChengXi123> 我可以带你去拿
[10:40:52] [Server thread/INFO]: <xiaolouQAQ> 现在还用不着呢
[10:41:30] [Server thread/INFO]: <ChengXi123> 每种颜色都有将近一大箱子
[10:41:52] [Server thread/WARN]: Can't keep up! Is the server overloaded? Running 2069ms or 41 ticks behind
[10:42:18] [Server thread/INFO]: <xiaolouQAQ> 需要的话找你拿
[10:42:42] [Server thread/INFO]: <ChengXi123> 我告诉你在哪里吧，你需要自己去拿
[10:42:55] [Server thread/INFO]: <xiaolouQAQ> 行
[10:45:38] [Server thread/INFO]: <ChengXi123> 跟我来
[10:46:56] [Server thread/INFO]: <xiaolouQAQ> 主城啊
[10:47:06] [Server thread/INFO]: <ChengXi123> ?
[10:47:14] [Server thread/INFO]: <xiaolouQAQ> 就是出生点
[10:47:43] [Server thread/INFO]: <xiaolouQAQ> 强
[10:48:00] [Server thread/INFO]: <ChengXi123> 刷沙机刷的
[10:48:14] [Server thread/INFO]: <xiaolouQAQ> 你是红石大佬吧
[10:48:42] [Server thread/INFO]: <ChengXi123> 应该不是
[10:48:59] [Server thread/INFO]: <xiaolouQAQ> 这些我造不来
[10:49:03] [Server thread/INFO]: ChengXi123 lost connection: Disconnected
[10:49:03] [Server thread/INFO]: ChengXi123 left the game
[10:49:07] [Server thread/INFO]: ChengXi123[/127.0.0.1:55804] logged in with entity id 25578 at (-8.74260727269375, 115.0, 29.56711175054141)
[10:49:07] [Netty Server IO #1/WARN]: Received invalid identifier in minecraft:register: legacy:fml|hs (Non [a-z0-9/._-] character in path of location: legacy:fml|hs)
[10:49:07] [Server thread/INFO]: ChengXi123 joined the game
[10:49:18] [Server thread/INFO]: <xiaolouQAQ> 我不知道为什么这里感觉好卡
[10:49:32] [Server thread/INFO]: <ChengXi123> 我才刚学红石几个月
[10:49:48] [Server thread/WARN]: Can't keep up! Is the server overloaded? Running 2048ms or 40 ticks behind
[10:50:03] [Server thread/INFO]: <xiaolouQAQ> 没玩过
[10:50:06] [Server thread/WARN]: Can't keep up! Is the server overloaded? Running 2433ms or 48 ticks behind
[10:50:19] [Server thread/INFO]: <ChengXi123> 玩什么？
[10:50:24] [Server thread/INFO]: <xiaolouQAQ> 红石
[10:50:29] [Server thread/INFO]: <xiaolouQAQ> 玩的很少
[10:50:48] [Server thread/INFO]: <xiaolouQAQ> 很少搞自动化
[10:51:39] [Server thread/INFO]: <ChengXi123> 要看看刷沙机吗
[10:51:50] [Server thread/INFO]: <xiaolouQAQ> 我看看
[10:53:15] [Server thread/INFO]: xiaolouQAQ has made the advancement [Eye Spy]
[10:53:21] [Server thread/INFO]: xiaolouQAQ has made the advancement [The End?]
[10:53:21] [Server thread/WARN]: Can't keep up! Is the server overloaded? Running 2043ms or 40 ticks behind
[10:53:37] [Server thread/INFO]: <xiaolouQAQ> 你们玩多长时间了
[10:53:52] [Server thread/INFO]: <ChengXi123> 我来了一个月吧
[10:54:01] [Server thread/INFO]: <xiaolouQAQ> 都是你造的？
[10:54:21] [Server thread/INFO]: <xiaolouQAQ> 太强了，
[10:55:13] [Server thread/INFO]: <xiaolouQAQ> 我天
[10:55:43] [Server thread/INFO]: <ChengXi123> 沙子就会在出生点掉下来
[10:55:50] [Server thread/INFO]: <xiaolouQAQ> 6666
[10:55:57] [Server thread/INFO]: <ChengXi123> 所以要在出生点收集
[10:56:01] [Server thread/INFO]: <xiaolouQAQ> 妙啊
[10:56:14] [Server thread/INFO]: <xiaolouQAQ> 回去吧
[10:56:17] [Server thread/INFO]: <ChengXi123> 效率有18万
[10:56:42] [Server thread/WARN]: Can't keep up! Is the server overloaded? Running 2051ms or 41 ticks behind
[10:56:58] [Server thread/INFO]: <ChengXi123> 没小时
[10:57:03] [Server thread/INFO]: <xiaolouQAQ> en
[10:57:03] [Server thread/WARN]: Can't keep up! Is the server overloaded? Running 2819ms or 56 ticks behind
[10:57:05] [Server thread/INFO]: <ChengXi123> 每
[10:57:27] [Server thread/INFO]: <xiaolouQAQ> 我要有你一半nb就好了哈哈哈
[10:57:53] [Server thread/INFO]: <ChengXi123> 我也才学了几个月
[10:58:13] [Server thread/INFO]: <xiaolouQAQ> 粉末怎么变成混凝土
[10:58:17] [Server thread/INFO]: <ChengXi123> 我下了，再见
[10:58:28] [Server thread/INFO]: <ChengXi123> 碰水
[10:58:30] [Server thread/INFO]: ChengXi123 lost connection: Disconnected
[10:58:30] [Server thread/INFO]: ChengXi123 left the game
[10:59:03] [Server thread/INFO]: xiaolouQAQ has made the advancement [Diamonds!]
[11:13:34] [Server thread/INFO]: [TextileBackup]: Backup started by: SERVER on: 2020-04-12_11-13-34
[11:13:34] [Server thread/INFO]: [TextileBackup]: Saving server...
[11:13:35] [Thread-53/INFO]: [TextileBackup]: Starting compression...
[11:13:41] [Server thread/WARN]: Can't keep up! Is the server overloaded? Running 2064ms or 41 ticks behind
[11:14:00] [Server thread/WARN]: Can't keep up! Is the server overloaded? Running 4759ms or 95 ticks behind
[11:14:30] [Server thread/WARN]: Can't keep up! Is the server overloaded? Running 2283ms or 45 ticks behind
[11:15:06] [Server thread/WARN]: Can't keep up! Is the server overloaded? Running 2363ms or 47 ticks behind
[11:15:31] [Server thread/WARN]: Can't keep up! Is the server overloaded? Running 2033ms or 40 ticks behind
[11:15:35] [Thread-53/INFO]: [TextileBackup]: Compression finished
[11:15:35] [Thread-53/INFO]: [TextileBackup]: Done!
[11:42:57] [Server thread/INFO]: xiaolouQAQ lost connection: Disconnected
[11:42:57] [Server thread/INFO]: xiaolouQAQ left the game
[12:13:18] [Server thread/INFO]: MAX_ShouWang[/127.0.0.1:58840] logged in with entity id 44553 at (-401.55095520698757, 69.0, 507.814504466951)
[12:13:18] [Server thread/INFO]: MAX_ShouWang joined the game
[12:13:18] [Netty Server IO #0/WARN]: Received invalid identifier in minecraft:register: legacy:fml|hs (Non [a-z0-9/._-] character in path of location: legacy:fml|hs)
[12:13:34] [Server thread/INFO]: [TextileBackup]: Backup started by: SERVER on: 2020-04-12_12-13-34
[12:13:34] [Server thread/INFO]: [TextileBackup]: Saving server...
[12:13:34] [Thread-54/INFO]: [TextileBackup]: Starting compression...
[12:13:45] [Server thread/WARN]: Can't keep up! Is the server overloaded? Running 2018ms or 40 ticks behind
[12:14:09] [Server thread/WARN]: Can't keep up! Is the server overloaded? Running 9386ms or 187 ticks behind
[12:14:33] [Server thread/WARN]: Can't keep up! Is the server overloaded? Running 8431ms or 168 ticks behind
[12:15:02] [Server thread/WARN]: Can't keep up! Is the server overloaded? Running 13903ms or 278 ticks behind
[12:15:23] [Thread-54/INFO]: [TextileBackup]: Compression finished
[12:15:23] [Thread-54/INFO]: [TextileBackup]: Done!
[12:15:24] [Server thread/WARN]: Can't keep up! Is the server overloaded? Running 7756ms or 155 ticks behind
[12:22:11] [Server thread/INFO]: MAX_ShouWang lost connection: Disconnected
[12:22:11] [Server thread/INFO]: MAX_ShouWang left the game
[12:23:07] [Server thread/INFO]: MAX_ShouWang[/127.0.0.1:59196] logged in with entity id 45729 at (-397.76899603412477, 69.0, 523.6772786783497)
[12:23:08] [Server thread/INFO]: MAX_ShouWang joined the game
[12:23:08] [Netty Server IO #0/WARN]: Received invalid identifier in minecraft:register: legacy:fml|hs (Non [a-z0-9/._-] character in path of location: legacy:fml|hs)
[12:30:55] [Server thread/INFO]: MAX_ShouWang lost connection: Disconnected
[12:30:55] [Server thread/INFO]: MAX_ShouWang left the game
[12:46:17] [Server thread/INFO]: Cora_cold[/127.0.0.1:60033] logged in with entity id 46825 at (-532.9958194251614, 68.0, 443.24003286306817)
[12:46:17] [Netty Server IO #0/WARN]: Received invalid identifier in minecraft:register: legacy:fml|hs (Non [a-z0-9/._-] character in path of location: legacy:fml|hs)
[12:46:17] [Server thread/INFO]: Cora_cold joined the game
[12:46:21] [Server thread/WARN]: Can't keep up! Is the server overloaded? Running 2300ms or 46 ticks behind
[12:50:53] [Server thread/INFO]: Aod_lcy[/127.0.0.1:60202] logged in with entity id 47534 at (16.64864900561672, 58.0, 10.699999988079071)
[12:50:53] [Netty Server IO #0/WARN]: Received invalid identifier in minecraft:register: legacy:fml|hs (Non [a-z0-9/._-] character in path of location: legacy:fml|hs)
[12:50:53] [Server thread/INFO]: Aod_lcy joined the game
[12:51:51] [Server thread/INFO]: Aod_lcy lost connection: Disconnected
[12:51:51] [Server thread/INFO]: Aod_lcy left the game
[12:53:03] [Server thread/WARN]: Can't keep up! Is the server overloaded? Running 2718ms or 54 ticks behind
[13:08:05] [Server thread/WARN]: Can't keep up! Is the server overloaded? Running 2017ms or 40 ticks behind
[13:13:07] [Server thread/WARN]: Can't keep up! Is the server overloaded? Running 2098ms or 41 ticks behind
[13:13:33] [Server thread/INFO]: [TextileBackup]: Backup started by: SERVER on: 2020-04-12_13-13-33
[13:13:33] [Server thread/INFO]: [TextileBackup]: Saving server...
[13:13:35] [Thread-55/INFO]: [TextileBackup]: Starting compression...
[13:13:43] [Server thread/WARN]: Can't keep up! Is the server overloaded? Running 2390ms or 47 ticks behind
[13:14:03] [Server thread/WARN]: Can't keep up! Is the server overloaded? Running 4634ms or 92 ticks behind
[13:14:25] [Server thread/WARN]: Can't keep up! Is the server overloaded? Running 6828ms or 136 ticks behind
[13:14:46] [Server thread/WARN]: Can't keep up! Is the server overloaded? Running 6352ms or 127 ticks behind
[13:15:07] [Server thread/WARN]: Can't keep up! Is the server overloaded? Running 6274ms or 125 ticks behind
[13:15:25] [Thread-55/INFO]: [TextileBackup]: Compression finished
[13:15:25] [Thread-55/INFO]: [TextileBackup]: Deleting: 2020-04-11_16-24-09.zip
[13:15:25] [Thread-55/INFO]: [TextileBackup]: Done!
[13:18:35] [Server thread/WARN]: Can't keep up! Is the server overloaded? Running 2201ms or 44 ticks behind
[13:23:37] [Server thread/WARN]: Can't keep up! Is the server overloaded? Running 2080ms or 41 ticks behind
[13:28:40] [Server thread/WARN]: Can't keep up! Is the server overloaded? Running 2794ms or 55 ticks behind
[13:31:01] [Server thread/INFO]: MAX_ShouWang[/127.0.0.1:61645] logged in with entity id 55562 at (-401.86952796952784, 69.0, 517.5820376900654)
[13:31:01] [Netty Server IO #1/WARN]: Received invalid identifier in minecraft:register: legacy:fml|hs (Non [a-z0-9/._-] character in path of location: legacy:fml|hs)
[13:31:01] [Server thread/INFO]: MAX_ShouWang joined the game
[13:31:07] [Server thread/INFO]: MAX_ShouWang lost connection: Disconnected
[13:31:07] [Server thread/INFO]: MAX_ShouWang left the game
[13:31:40] [Server thread/INFO]: Cora_cold lost connection: Disconnected
[13:31:40] [Server thread/INFO]: Cora_cold left the game
[15:12:25] [Server thread/INFO]: MAX_ShouWang[/127.0.0.1:65329] logged in with entity id 55663 at (-401.86952796952784, 69.0, 517.5820376900654)
[15:12:25] [Server thread/INFO]: MAX_ShouWang joined the game
[15:12:25] [Netty Server IO #1/WARN]: Received invalid identifier in minecraft:register: legacy:fml|hs (Non [a-z0-9/._-] character in path of location: legacy:fml|hs)
[15:12:25] [Server thread/INFO]: [TextileBackup]: Backup started by: SERVER on: 2020-04-12_15-12-25
[15:12:25] [Server thread/INFO]: [TextileBackup]: Saving server...
[15:12:25] [Thread-56/INFO]: [TextileBackup]: Starting compression...
[15:12:38] [Server thread/WARN]: Can't keep up! Is the server overloaded? Running 2126ms or 42 ticks behind
[15:13:06] [Server thread/WARN]: Can't keep up! Is the server overloaded? Running 13030ms or 260 ticks behind
[15:13:28] [Server thread/INFO]: MAX_ShouWang lost connection: Disconnected
[15:13:28] [Server thread/INFO]: MAX_ShouWang left the game
[15:13:32] [Server thread/WARN]: Can't keep up! Is the server overloaded? Running 11181ms or 223 ticks behind
[15:13:58] [Thread-56/INFO]: [TextileBackup]: Compression finished
[15:13:58] [Thread-56/INFO]: [TextileBackup]: Deleting: 2020-04-11_19-47-40.zip
[15:13:58] [Thread-56/INFO]: [TextileBackup]: Done!
[17:48:20] [Server thread/INFO]: Cora_cold[/127.0.0.1:54777] logged in with entity id 55928 at (-520.0115089538975, 68.0, 423.5654666178494)
[17:48:20] [Netty Server IO #1/WARN]: Received invalid identifier in minecraft:register: legacy:fml|hs (Non [a-z0-9/._-] character in path of location: legacy:fml|hs)
[17:48:20] [Server thread/INFO]: Cora_cold joined the game
[17:48:20] [Server thread/INFO]: [TextileBackup]: Backup started by: SERVER on: 2020-04-12_17-48-20
[17:48:20] [Server thread/INFO]: [TextileBackup]: Saving server...
[17:48:20] [Thread-57/INFO]: [TextileBackup]: Starting compression...
[17:48:34] [Server thread/WARN]: Can't keep up! Is the server overloaded? Running 2504ms or 50 ticks behind
[17:48:54] [Server thread/WARN]: Can't keep up! Is the server overloaded? Running 2013ms or 40 ticks behind
[17:49:17] [Server thread/WARN]: Can't keep up! Is the server overloaded? Running 7183ms or 143 ticks behind
[17:49:36] [Server thread/WARN]: Can't keep up! Is the server overloaded? Running 3976ms or 79 ticks behind
[17:49:54] [Server thread/WARN]: Can't keep up! Is the server overloaded? Running 3202ms or 64 ticks behind
[17:50:05] [Thread-57/INFO]: [TextileBackup]: Compression finished
[17:50:05] [Thread-57/INFO]: [TextileBackup]: Deleting: 2020-04-11_20-47-42.zip
[17:50:05] [Thread-57/INFO]: [TextileBackup]: Done!
[17:58:49] [Server thread/INFO]: Cora_cold has made the advancement [Who's the Pillager Now?]
[17:59:27] [Server thread/WARN]: Can't keep up! Is the server overloaded? Running 2046ms or 40 ticks behind
[18:09:29] [Server thread/WARN]: Can't keep up! Is the server overloaded? Running 2433ms or 48 ticks behind
[18:12:18] [Server thread/WARN]: Can't keep up! Is the server overloaded? Running 4342ms or 86 ticks behind
[18:14:34] [Server thread/WARN]: Can't keep up! Is the server overloaded? Running 2022ms or 40 ticks behind
[18:17:31] [Server thread/INFO]: Cora_cold has made the advancement [Eye Spy]
[18:18:39] [Server thread/INFO]: Cora_cold has made the advancement [The End?]
[18:18:42] [Server thread/WARN]: Can't keep up! Is the server overloaded? Running 2501ms or 50 ticks behind
[18:20:45] [Server thread/INFO]: Cora_cold was slain by Enderman
[18:24:44] [Server thread/INFO]: Cora_cold was slain by Enderman
[18:31:41] [Server thread/INFO]: Cora_cold fell out of the world
[18:32:44] [Server thread/INFO]: Cora_cold lost connection: Disconnected
[18:32:44] [Server thread/INFO]: Cora_cold left the game
[20:48:49] [Server thread/INFO]: ChengXi123[/127.0.0.1:61299] logged in with entity id 64929 at (-522.919186486093, 68.0, 440.48886026557227)
[20:48:49] [Netty Server IO #1/WARN]: Received invalid identifier in minecraft:register: legacy:fml|hs (Non [a-z0-9/._-] character in path of location: legacy:fml|hs)
[20:48:49] [Server thread/INFO]: ChengXi123 joined the game
[20:48:49] [Server thread/INFO]: [TextileBackup]: Backup started by: SERVER on: 2020-04-12_20-48-49
[20:48:49] [Server thread/INFO]: [TextileBackup]: Saving server...
[20:48:50] [Thread-58/INFO]: [TextileBackup]: Starting compression...
[20:49:05] [Server thread/WARN]: Can't keep up! Is the server overloaded? Running 2165ms or 43 ticks behind
[20:49:22] [Server thread/WARN]: Can't keep up! Is the server overloaded? Running 2211ms or 44 ticks behind
[20:49:39] [Server thread/WARN]: Can't keep up! Is the server overloaded? Running 2180ms or 43 ticks behind
[20:49:59] [Server thread/WARN]: Can't keep up! Is the server overloaded? Running 5212ms or 104 ticks behind
[20:50:31] [Thread-58/INFO]: [TextileBackup]: Compression finished
[20:50:31] [Thread-58/INFO]: [TextileBackup]: Deleting: 2020-04-11_21-48-03.zip
[20:50:31] [Thread-58/INFO]: [TextileBackup]: Done!
[20:57:58] [Server thread/INFO]: Cora_cold[/127.0.0.1:61631] logged in with entity id 66247 at (-384.29154080621953, 69.0, 508.9536449372576)
[20:57:58] [Netty Server IO #1/WARN]: Received invalid identifier in minecraft:register: legacy:fml|hs (Non [a-z0-9/._-] character in path of location: legacy:fml|hs)
[20:57:58] [Server thread/INFO]: Cora_cold joined the game
[20:58:48] [Server thread/INFO]: <Cora_cold> 我今天去摸底刷小黑。人回来了，装备没回来ＱＡＱ
[20:59:22] [Server thread/INFO]: <ChengXi123> 我在那死了5，6次了
[20:59:38] [Server thread/INFO]: <ChengXi123> 来
[20:59:42] [Server thread/INFO]: <ChengXi123> 刷
[21:00:22] [Server thread/INFO]: Cora_cold lost connection: Disconnected
[21:00:22] [Server thread/INFO]: Cora_cold left the game
[21:00:29] [Server thread/INFO]: Cora_cold[/127.0.0.1:61726] logged in with entity id 66522 at (-414.4233275829222, 70.90290000319482, 540.6861580442019)
[21:00:29] [Server thread/INFO]: Cora_cold joined the game
[21:00:29] [Netty Server IO #0/WARN]: Received invalid identifier in minecraft:register: legacy:fml|hs (Non [a-z0-9/._-] character in path of location: legacy:fml|hs)
[21:01:05] [Server thread/INFO]: Cora_cold lost connection: Disconnected
[21:01:05] [Server thread/INFO]: Cora_cold left the game
[21:01:10] [Server thread/INFO]: Cora_cold[/127.0.0.1:61755] logged in with entity id 66609 at (-414.8746272089279, 70.90290000319482, 543.981968847531)
[21:01:10] [Netty Server IO #1/WARN]: Received invalid identifier in minecraft:register: legacy:fml|hs (Non [a-z0-9/._-] character in path of location: legacy:fml|hs)
[21:01:10] [Server thread/INFO]: Cora_cold joined the game
[21:01:37] [Server thread/INFO]: <Cora_cold> 尽量快一下，我很快要下
[21:01:39] [Server thread/INFO]: Cora_cold lost connection: Disconnected
[21:01:39] [Server thread/INFO]: Cora_cold left the game
[21:01:43] [Server thread/INFO]: Cora_cold[/127.0.0.1:61782] logged in with entity id 66666 at (-413.9990218550806, 70.90290000319482, 544.2439235265592)
[21:01:43] [Netty Server IO #0/WARN]: Received invalid identifier in minecraft:register: legacy:fml|hs (Non [a-z0-9/._-] character in path of location: legacy:fml|hs)
[21:01:43] [Server thread/INFO]: Cora_cold joined the game
[21:02:16] [Server thread/INFO]: Cora_cold lost connection: Disconnected
[21:02:16] [Server thread/INFO]: Cora_cold left the game
[21:02:20] [Server thread/INFO]: Cora_cold[/127.0.0.1:61810] logged in with entity id 66730 at (-413.68608540354705, 70.90290000319482, 543.4452930676882)
[21:02:20] [Server thread/INFO]: Cora_cold joined the game
[21:02:21] [Netty Server IO #1/WARN]: Received invalid identifier in minecraft:register: legacy:fml|hs (Non [a-z0-9/._-] character in path of location: legacy:fml|hs)
[21:02:33] [Server thread/INFO]: Cora_cold lost connection: Disconnected
[21:02:33] [Server thread/INFO]: Cora_cold left the game
[21:02:36] [Server thread/INFO]: Cora_cold[/127.0.0.1:61830] logged in with entity id 66756 at (-412.90529773990926, 70.90290000319482, 543.412573889149)
[21:02:36] [Server thread/INFO]: Cora_cold joined the game
[21:02:36] [Netty Server IO #1/WARN]: Received invalid identifier in minecraft:register: legacy:fml|hs (Non [a-z0-9/._-] character in path of location: legacy:fml|hs)
[21:02:50] [Server thread/INFO]: Cora_cold lost connection: Disconnected
[21:02:50] [Server thread/INFO]: Cora_cold left the game
[21:02:53] [Server thread/INFO]: Cora_cold[/127.0.0.1:61847] logged in with entity id 66778 at (-412.8650133109955, 70.90290000319482, 542.9798293277942)
[21:02:53] [Netty Server IO #1/WARN]: Received invalid identifier in minecraft:register: legacy:fml|hs (Non [a-z0-9/._-] character in path of location: legacy:fml|hs)
[21:02:53] [Server thread/INFO]: Cora_cold joined the game
[21:03:02] [Server thread/INFO]: Cora_cold lost connection: Disconnected
[21:03:02] [Server thread/INFO]: Cora_cold left the game
[21:03:06] [Server thread/INFO]: Cora_cold[/127.0.0.1:61860] logged in with entity id 66806 at (-412.98726525674084, 70.90290000319482, 543.2193888458947)
[21:03:06] [Netty Server IO #1/WARN]: Received invalid identifier in minecraft:register: legacy:fml|hs (Non [a-z0-9/._-] character in path of location: legacy:fml|hs)
[21:03:06] [Server thread/INFO]: Cora_cold joined the game
[21:03:18] [Server thread/INFO]: <ChengXi123> gl
[21:04:54] [Server thread/WARN]: Can't keep up! Is the server overloaded? Running 2072ms or 41 ticks behind
[21:06:28] [Server thread/INFO]: Cora_cold has made the advancement [A Throwaway Joke]
[21:07:39] [Server thread/INFO]: <Cora_cold> 下了
[21:07:46] [Server thread/INFO]: <ChengXi123> hd
[21:08:30] [Server thread/INFO]: Cora_cold lost connection: Disconnected
[21:08:30] [Server thread/INFO]: Cora_cold left the game
[21:19:39] [Server thread/INFO]: ChengXi123 lost connection: Timed out
[21:19:39] [Server thread/INFO]: ChengXi123 left the game
[21:19:39] [Server thread/WARN]: handleDisconnection() called twice
[21:19:47] [Server thread/INFO]: ChengXi123[/127.0.0.1:62468] logged in with entity id 68436 at (-295.1921964078587, 67.0, 391.9262618430409)
[21:19:47] [Netty Server IO #1/WARN]: Received invalid identifier in minecraft:register: legacy:fml|hs (Non [a-z0-9/._-] character in path of location: legacy:fml|hs)
[21:19:47] [Server thread/INFO]: ChengXi123 joined the game
[21:24:57] [Server thread/WARN]: Can't keep up! Is the server overloaded? Running 3044ms or 60 ticks behind
[21:46:23] [Server thread/INFO]: ChengXi123 lost connection: Disconnected
[21:46:23] [Server thread/INFO]: ChengXi123 left the game
[22:09:56] [Server thread/INFO]: Manjaro_linux[/127.0.0.1:64442] logged in with entity id 71111 at (-402.69999998807907, 69.0, 519.0835741751756)
[22:09:56] [Netty Server IO #1/WARN]: Received invalid identifier in minecraft:register: legacy:fml|hs (Non [a-z0-9/._-] character in path of location: legacy:fml|hs)
[22:09:56] [Server thread/INFO]: Manjaro_linux joined the game
[22:09:56] [Server thread/INFO]: [TextileBackup]: Backup started by: SERVER on: 2020-04-12_22-09-56
[22:09:56] [Server thread/INFO]: [TextileBackup]: Saving server...
[22:09:56] [Thread-59/INFO]: [TextileBackup]: Starting compression...
[22:10:07] [Server thread/WARN]: Can't keep up! Is the server overloaded? Running 2188ms or 43 ticks behind
[22:10:28] [Server thread/WARN]: Can't keep up! Is the server overloaded? Running 6386ms or 127 ticks behind
[22:10:58] [Server thread/WARN]: Can't keep up! Is the server overloaded? Running 14494ms or 289 ticks behind
[22:11:28] [Server thread/WARN]: Can't keep up! Is the server overloaded? Running 14719ms or 294 ticks behind
[22:11:55] [Server thread/WARN]: Can't keep up! Is the server overloaded? Running 12199ms or 243 ticks behind
[22:12:12] [Thread-59/INFO]: [TextileBackup]: Compression finished
[22:12:12] [Thread-59/INFO]: [TextileBackup]: Deleting: 2020-04-12_05-30-01.zip
[22:12:12] [Thread-59/INFO]: [TextileBackup]: Done!
[22:12:14] [Server thread/WARN]: Can't keep up! Is the server overloaded? Running 4487ms or 89 ticks behind
[22:15:54] [Server thread/WARN]: Can't keep up! Is the server overloaded? Running 2134ms or 42 ticks behind
[22:18:59] [Server thread/INFO]: Manjaro_linux lost connection: Disconnected
[22:18:59] [Server thread/INFO]: Manjaro_linux left the game
