[09:40:50] [Server thread/INFO]: Starting minecraft server version 1.15.2
[09:40:50] [Server thread/INFO]: Loading properties
[09:40:52] [Server thread/INFO]: This server is running CraftBukkit version git-Spigot-6de3d4b-796eb15 (MC: 1.15.2) (Implementing API version 1.15.2-R0.1-SNAPSHOT)
[09:40:53] [Server thread/INFO]: Server Ping Player Sample Count: 12
[09:40:53] [Server thread/INFO]: Using 4 threads for Netty based IO
[09:40:53] [Server thread/INFO]: Debug logging is disabled
[09:40:53] [Server thread/INFO]: Default game type: SURVIVAL
[09:40:53] [Server thread/INFO]: Generating keypair
[09:40:54] [Server thread/INFO]: Starting Minecraft server on *:25565
[09:40:54] [Server thread/INFO]: Using epoll channel type
[09:40:56] [Server thread/WARN]: Initializing Legacy Material Support. Unless you have legacy plugins and/or data this is a bug!
[09:41:09] [Server thread/WARN]: Legacy plugin EzWhiteList v1.1-release does not specify an api-version.
[09:41:10] [Server thread/WARN]: Legacy plugin LoginSecurity v3.0.1 does not specify an api-version.
[09:41:10] [Server thread/WARN]: Legacy plugin FastLogin v1.10-git484855724b794de1fe057cf7360245362658b432 does not specify an api-version.
[09:41:10] [Server thread/WARN]: Legacy plugin BetterSleeping v2.6.0 does not specify an api-version.
[09:41:10] [Server thread/WARN]: Legacy plugin MiaoChat v1.8.9-git-f22113584d750a8d95fb5df80d226af9abc4e80e does not specify an api-version.
[09:41:10] [Server thread/WARN]: Legacy plugin RealScoreboard v8-2-2020 Build 1 does not specify an api-version.
[09:41:10] [Server thread/INFO]: [EzWhiteList] Loading EzWhiteList v1.1-release
[09:41:10] [Server thread/INFO]: [Graves] Loading Graves v3.2
[09:41:10] [Server thread/INFO]: [SkinsRestorer] Loading SkinsRestorer v13.7.5
[09:41:10] [Server thread/INFO]: [LoginSecurity] Loading LoginSecurity v3.0.1
[09:41:10] [Server thread/INFO]: [PlaceholderAPI] Loading PlaceholderAPI v2.10.4
[09:41:10] [Server thread/INFO]: [ProtocolLib] Loading ProtocolLib v4.5.0
[09:41:10] [Server thread/WARN]: [ProtocolLib] Version (MC: 1.15.2) has not yet been tested! Proceed with caution.
[09:41:12] [Server thread/INFO]: [FastLogin] Loading FastLogin v1.10-git484855724b794de1fe057cf7360245362658b432
[09:41:12] [Server thread/INFO]: [BetterSleeping] Loading BetterSleeping v2.6.0
[09:41:12] [Server thread/INFO]: [MiaoChat] Loading MiaoChat v1.8.9-git-f22113584d750a8d95fb5df80d226af9abc4e80e
[09:41:12] [Server thread/INFO]: [RealScoreboard] Loading RealScoreboard v8-2-2020 Build 1
[09:41:12] [Server thread/INFO]: [ProtocolLib] Enabling ProtocolLib v4.5.0
[09:41:12] [Server thread/INFO]: [ProtocolLib] Started structure compiler thread.
[09:41:12] [Server thread/INFO]: [FastLogin] Enabling FastLogin v1.10-git484855724b794de1fe057cf7360245362658b432
[09:41:12] [Server thread/WARN]: [FastLogin] Loaded class com.zaxxer.hikari.HikariConfig from SkinsRestorer v13.7.5 which is not a depend, softdepend or loadbefore of this plugin.
[09:41:12] [Server thread/INFO]: HikariPool-1 - Starting...
[09:41:13] [Server thread/INFO]: HikariPool-1 - Start completed.
[09:41:13] [Server thread/WARN]: **** SERVER IS RUNNING IN OFFLINE/INSECURE MODE!
[09:41:13] [Server thread/WARN]: The server will make no attempt to authenticate usernames. Beware.
[09:41:13] [Server thread/WARN]: While this makes the game possible to play without internet access, it also opens up the ability for hackers to connect with any username they choose.
[09:41:13] [Server thread/WARN]: To change this, set "online-mode" to "true" in the server.properties file.
[09:41:13] [Server thread/INFO]: Preparing level "skimit"
[09:41:13] [Server thread/INFO]: Reloading ResourceManager: Default, bukkit
[09:41:16] [Server thread/INFO]: Loaded 6 recipes
[09:41:18] [Server thread/INFO]: -------- World Settings For [skimit] --------
[09:41:18] [Server thread/INFO]: Mob Spawn Range: 6
[09:41:18] [Server thread/INFO]: Experience Merge Radius: 3.0
[09:41:18] [Server thread/INFO]: Cactus Growth Modifier: 100%
[09:41:18] [Server thread/INFO]: Cane Growth Modifier: 100%
[09:41:18] [Server thread/INFO]: Melon Growth Modifier: 100%
[09:41:18] [Server thread/INFO]: Mushroom Growth Modifier: 100%
[09:41:18] [Server thread/INFO]: Pumpkin Growth Modifier: 100%
[09:41:18] [Server thread/INFO]: Sapling Growth Modifier: 100%
[09:41:18] [Server thread/INFO]: Beetroot Growth Modifier: 100%
[09:41:18] [Server thread/INFO]: Carrot Growth Modifier: 100%
[09:41:18] [Server thread/INFO]: Potato Growth Modifier: 100%
[09:41:18] [Server thread/INFO]: Wheat Growth Modifier: 100%
[09:41:18] [Server thread/INFO]: NetherWart Growth Modifier: 100%
[09:41:18] [Server thread/INFO]: Vine Growth Modifier: 100%
[09:41:18] [Server thread/INFO]: Cocoa Growth Modifier: 100%
[09:41:18] [Server thread/INFO]: Bamboo Growth Modifier: 100%
[09:41:18] [Server thread/INFO]: SweetBerry Growth Modifier: 100%
[09:41:18] [Server thread/INFO]: Kelp Growth Modifier: 100%
[09:41:18] [Server thread/INFO]: Entity Activation Range: An 32 / Mo 32 / Ra 48 / Mi 16 / Tiv true
[09:41:18] [Server thread/INFO]: Entity Tracking Range: Pl 48 / An 48 / Mo 48 / Mi 32 / Other 64
[09:41:18] [Server thread/INFO]: Hopper Transfer: 8 Hopper Check: 1 Hopper Amount: 1
[09:41:18] [Server thread/INFO]: Custom Map Seeds:  Village: 10387312 Desert: 14357617 Igloo: 14357618 Jungle: 14357619 Swamp: 14357620 Monument: 10387313 Ocean: 14357621 Shipwreck: 165745295 Slime: 987234911
[09:41:18] [Server thread/INFO]: Max TNT Explosions: 100
[09:41:18] [Server thread/INFO]: Tile Max Tick Time: 50ms Entity max Tick Time: 50ms
[09:41:18] [Server thread/INFO]: View Distance: 6
[09:41:18] [Server thread/INFO]: Allow Zombie Pigmen to spawn from portal blocks: true
[09:41:18] [Server thread/INFO]: Item Despawn Rate: 6000
[09:41:18] [Server thread/INFO]: Item Merge Radius: 2.5
[09:41:18] [Server thread/INFO]: Arrow Despawn Rate: 1200 Trident Respawn Rate:1200
[09:41:18] [Server thread/INFO]: Zombie Aggressive Towards Villager: true
[09:41:18] [Server thread/INFO]: Nerfing mobs spawned from spawners: false
[09:41:20] [Server thread/INFO]: -------- World Settings For [skimit_nether] --------
[09:41:20] [Server thread/INFO]: Mob Spawn Range: 6
[09:41:20] [Server thread/INFO]: Experience Merge Radius: 3.0
[09:41:20] [Server thread/INFO]: Cactus Growth Modifier: 100%
[09:41:20] [Server thread/INFO]: Cane Growth Modifier: 100%
[09:41:20] [Server thread/INFO]: Melon Growth Modifier: 100%
[09:41:20] [Server thread/INFO]: Mushroom Growth Modifier: 100%
[09:41:20] [Server thread/INFO]: Pumpkin Growth Modifier: 100%
[09:41:20] [Server thread/INFO]: Sapling Growth Modifier: 100%
[09:41:20] [Server thread/INFO]: Beetroot Growth Modifier: 100%
[09:41:20] [Server thread/INFO]: Carrot Growth Modifier: 100%
[09:41:20] [Server thread/INFO]: Potato Growth Modifier: 100%
[09:41:20] [Server thread/INFO]: Wheat Growth Modifier: 100%
[09:41:20] [Server thread/INFO]: NetherWart Growth Modifier: 100%
[09:41:20] [Server thread/INFO]: Vine Growth Modifier: 100%
[09:41:20] [Server thread/INFO]: Cocoa Growth Modifier: 100%
[09:41:20] [Server thread/INFO]: Bamboo Growth Modifier: 100%
[09:41:20] [Server thread/INFO]: SweetBerry Growth Modifier: 100%
[09:41:20] [Server thread/INFO]: Kelp Growth Modifier: 100%
[09:41:20] [Server thread/INFO]: Entity Activation Range: An 32 / Mo 32 / Ra 48 / Mi 16 / Tiv true
[09:41:20] [Server thread/INFO]: Entity Tracking Range: Pl 48 / An 48 / Mo 48 / Mi 32 / Other 64
[09:41:20] [Server thread/INFO]: Hopper Transfer: 8 Hopper Check: 1 Hopper Amount: 1
[09:41:20] [Server thread/INFO]: Custom Map Seeds:  Village: 10387312 Desert: 14357617 Igloo: 14357618 Jungle: 14357619 Swamp: 14357620 Monument: 10387313 Ocean: 14357621 Shipwreck: 165745295 Slime: 987234911
[09:41:20] [Server thread/INFO]: Max TNT Explosions: 100
[09:41:20] [Server thread/INFO]: Tile Max Tick Time: 50ms Entity max Tick Time: 50ms
[09:41:20] [Server thread/INFO]: View Distance: 6
[09:41:20] [Server thread/INFO]: Allow Zombie Pigmen to spawn from portal blocks: true
[09:41:20] [Server thread/INFO]: Item Despawn Rate: 6000
[09:41:20] [Server thread/INFO]: Item Merge Radius: 2.5
[09:41:20] [Server thread/INFO]: Arrow Despawn Rate: 1200 Trident Respawn Rate:1200
[09:41:20] [Server thread/INFO]: Zombie Aggressive Towards Villager: true
[09:41:20] [Server thread/INFO]: Nerfing mobs spawned from spawners: false
[09:41:21] [Server thread/INFO]: -------- World Settings For [skimit_the_end] --------
[09:41:21] [Server thread/INFO]: Mob Spawn Range: 6
[09:41:21] [Server thread/INFO]: Experience Merge Radius: 3.0
[09:41:21] [Server thread/INFO]: Cactus Growth Modifier: 100%
[09:41:21] [Server thread/INFO]: Cane Growth Modifier: 100%
[09:41:21] [Server thread/INFO]: Melon Growth Modifier: 100%
[09:41:21] [Server thread/INFO]: Mushroom Growth Modifier: 100%
[09:41:21] [Server thread/INFO]: Pumpkin Growth Modifier: 100%
[09:41:21] [Server thread/INFO]: Sapling Growth Modifier: 100%
[09:41:21] [Server thread/INFO]: Beetroot Growth Modifier: 100%
[09:41:21] [Server thread/INFO]: Carrot Growth Modifier: 100%
[09:41:21] [Server thread/INFO]: Potato Growth Modifier: 100%
[09:41:21] [Server thread/INFO]: Wheat Growth Modifier: 100%
[09:41:21] [Server thread/INFO]: NetherWart Growth Modifier: 100%
[09:41:21] [Server thread/INFO]: Vine Growth Modifier: 100%
[09:41:21] [Server thread/INFO]: Cocoa Growth Modifier: 100%
[09:41:21] [Server thread/INFO]: Bamboo Growth Modifier: 100%
[09:41:21] [Server thread/INFO]: SweetBerry Growth Modifier: 100%
[09:41:21] [Server thread/INFO]: Kelp Growth Modifier: 100%
[09:41:21] [Server thread/INFO]: Entity Activation Range: An 32 / Mo 32 / Ra 48 / Mi 16 / Tiv true
[09:41:21] [Server thread/INFO]: Entity Tracking Range: Pl 48 / An 48 / Mo 48 / Mi 32 / Other 64
[09:41:21] [Server thread/INFO]: Hopper Transfer: 8 Hopper Check: 1 Hopper Amount: 1
[09:41:21] [Server thread/INFO]: Custom Map Seeds:  Village: 10387312 Desert: 14357617 Igloo: 14357618 Jungle: 14357619 Swamp: 14357620 Monument: 10387313 Ocean: 14357621 Shipwreck: 165745295 Slime: 987234911
[09:41:21] [Server thread/INFO]: Max TNT Explosions: 100
[09:41:21] [Server thread/INFO]: Tile Max Tick Time: 50ms Entity max Tick Time: 50ms
[09:41:21] [Server thread/INFO]: View Distance: 6
[09:41:21] [Server thread/INFO]: Allow Zombie Pigmen to spawn from portal blocks: true
[09:41:21] [Server thread/INFO]: Item Despawn Rate: 6000
[09:41:21] [Server thread/INFO]: Item Merge Radius: 2.5
[09:41:21] [Server thread/INFO]: Arrow Despawn Rate: 1200 Trident Respawn Rate:1200
[09:41:21] [Server thread/INFO]: Zombie Aggressive Towards Villager: true
[09:41:21] [Server thread/INFO]: Nerfing mobs spawned from spawners: false
[09:41:22] [Server thread/INFO]: Preparing start region for dimension 'skimit'/minecraft:overworld
[09:41:26] [Server thread/INFO]: Preparing spawn area: 0%
[09:41:26] [Server thread/INFO]: Preparing spawn area: 0%
[09:41:26] [Server thread/INFO]: Preparing spawn area: 0%
[09:41:26] [Server thread/INFO]: Preparing spawn area: 0%
[09:41:26] [Server thread/INFO]: Preparing spawn area: 0%
[09:41:26] [Server thread/INFO]: Preparing spawn area: 0%
[09:41:26] [Server thread/INFO]: Preparing spawn area: 0%
[09:41:26] [Server thread/INFO]: Preparing spawn area: 0%
[09:41:26] [Server thread/INFO]: Preparing spawn area: 0%
[09:41:55] [Server-Worker-1/INFO]: Preparing spawn area: 0%
[09:41:55] [Server-Worker-1/INFO]: Preparing spawn area: 0%
[09:41:55] [Server-Worker-1/INFO]: Preparing spawn area: 0%
[09:41:55] [Server-Worker-1/INFO]: Preparing spawn area: 0%
[09:41:55] [Server-Worker-1/INFO]: Preparing spawn area: 0%
[09:41:55] [Server-Worker-1/INFO]: Preparing spawn area: 0%
[09:41:55] [Server-Worker-1/INFO]: Preparing spawn area: 0%
[09:41:55] [Server-Worker-1/INFO]: Preparing spawn area: 0%
[09:41:55] [Server-Worker-1/INFO]: Preparing spawn area: 0%
[09:41:55] [Server-Worker-1/INFO]: Preparing spawn area: 0%
[09:41:55] [Server-Worker-1/INFO]: Preparing spawn area: 0%
[09:41:55] [Server-Worker-1/INFO]: Preparing spawn area: 0%
[09:41:55] [Server-Worker-1/INFO]: Preparing spawn area: 0%
[09:41:55] [Server-Worker-1/INFO]: Preparing spawn area: 0%
[09:41:55] [Server-Worker-1/INFO]: Preparing spawn area: 0%
[09:41:55] [Server-Worker-1/INFO]: Preparing spawn area: 0%
[09:41:55] [Server-Worker-1/INFO]: Preparing spawn area: 0%
[09:41:55] [Server-Worker-1/INFO]: Preparing spawn area: 0%
[09:41:55] [Server-Worker-1/INFO]: Preparing spawn area: 0%
[09:41:55] [Server-Worker-1/INFO]: Preparing spawn area: 0%
[09:41:55] [Server-Worker-1/INFO]: Preparing spawn area: 0%
[09:41:55] [Server-Worker-1/INFO]: Preparing spawn area: 0%
[09:41:55] [Server-Worker-1/INFO]: Preparing spawn area: 0%
[09:41:55] [Server-Worker-1/INFO]: Preparing spawn area: 0%
[09:41:55] [Server-Worker-1/INFO]: Preparing spawn area: 0%
[09:41:55] [Server-Worker-1/INFO]: Preparing spawn area: 0%
[09:41:55] [Server-Worker-1/INFO]: Preparing spawn area: 0%
[09:41:55] [Server-Worker-1/INFO]: Preparing spawn area: 0%
[09:41:55] [Server-Worker-1/INFO]: Preparing spawn area: 0%
[09:41:55] [Server-Worker-1/INFO]: Preparing spawn area: 0%
[09:41:55] [Server-Worker-1/INFO]: Preparing spawn area: 0%
[09:41:55] [Server-Worker-1/INFO]: Preparing spawn area: 0%
[09:41:55] [Server-Worker-1/INFO]: Preparing spawn area: 0%
[09:41:55] [Server-Worker-1/INFO]: Preparing spawn area: 0%
[09:41:55] [Server-Worker-1/INFO]: Preparing spawn area: 0%
[09:41:55] [Server-Worker-1/INFO]: Preparing spawn area: 0%
[09:41:55] [Server-Worker-1/INFO]: Preparing spawn area: 0%
[09:41:55] [Server-Worker-1/INFO]: Preparing spawn area: 0%
[09:41:55] [Server-Worker-1/INFO]: Preparing spawn area: 0%
[09:41:55] [Server-Worker-1/INFO]: Preparing spawn area: 0%
[09:41:55] [Server-Worker-1/INFO]: Preparing spawn area: 0%
[09:41:55] [Server-Worker-1/INFO]: Preparing spawn area: 0%
[09:41:55] [Server-Worker-1/INFO]: Preparing spawn area: 0%
[09:41:55] [Server-Worker-1/INFO]: Preparing spawn area: 0%
[09:41:55] [Server-Worker-1/INFO]: Preparing spawn area: 0%
[09:41:55] [Server-Worker-1/INFO]: Preparing spawn area: 0%
[09:41:55] [Server-Worker-1/INFO]: Preparing spawn area: 0%
[09:41:55] [Server-Worker-1/INFO]: Preparing spawn area: 0%
[09:41:55] [Server-Worker-1/INFO]: Preparing spawn area: 0%
[09:41:55] [Server-Worker-1/INFO]: Preparing spawn area: 0%
[09:41:55] [Server-Worker-1/INFO]: Preparing spawn area: 0%
[09:41:55] [Server-Worker-1/INFO]: Preparing spawn area: 0%
[09:41:55] [Server-Worker-1/INFO]: Preparing spawn area: 0%
[09:41:55] [Server-Worker-1/INFO]: Preparing spawn area: 0%
[09:41:55] [Server-Worker-1/INFO]: Preparing spawn area: 0%
[09:41:55] [Server-Worker-1/INFO]: Preparing spawn area: 0%
[09:41:55] [Server-Worker-1/INFO]: Preparing spawn area: 0%
[09:41:55] [Server-Worker-1/INFO]: Preparing spawn area: 0%
[09:41:56] [Server thread/INFO]: Preparing spawn area: 0%
[09:41:57] [Server thread/INFO]: Time elapsed: 34648 ms
[09:41:57] [Server thread/INFO]: Preparing start region for dimension 'skimit_nether'/minecraft:the_nether
[09:42:00] [Server thread/INFO]: Preparing spawn area: 0%
[09:42:00] [Server thread/INFO]: Preparing spawn area: 0%
[09:42:00] [Server thread/INFO]: Preparing spawn area: 0%
[09:42:00] [Server thread/INFO]: Preparing spawn area: 0%
[09:42:00] [Server thread/INFO]: Preparing spawn area: 0%
[09:42:00] [Server thread/INFO]: Preparing spawn area: 0%
[09:42:00] [Server thread/INFO]: Preparing spawn area: 0%
[09:42:00] [Server thread/INFO]: Time elapsed: 3442 ms
[09:42:00] [Server thread/INFO]: Preparing start region for dimension 'skimit_the_end'/minecraft:the_end
[09:42:01] [Server thread/INFO]: Preparing spawn area: 0%
[09:42:01] [Server thread/INFO]: Preparing spawn area: 0%
[09:42:02] [Server thread/INFO]: Preparing spawn area: 83%
[09:42:02] [Server-Worker-1/INFO]: Preparing spawn area: 88%
[09:42:02] [Server-Worker-1/INFO]: Preparing spawn area: 88%
[09:42:03] [Server-Worker-1/INFO]: Preparing spawn area: 88%
[09:42:03] [Server-Worker-1/INFO]: Preparing spawn area: 95%
[09:42:04] [Server thread/INFO]: Time elapsed: 3334 ms
[09:42:04] [Server thread/INFO]: [EzWhiteList] Enabling EzWhiteList v1.1-release
[09:42:04] [Server thread/INFO]: EzWL >> 开始加载
[09:42:04] [Server thread/INFO]: EzWL >> 加载完毕
[09:42:04] [Server thread/INFO]: [Graves] Enabling Graves v3.2
[09:42:04] [Server thread/INFO]: [Graves] Waiting 2 seconds before loading saved graves.
[09:42:04] [Server thread/INFO]: [SkinsRestorer] Enabling SkinsRestorer v13.7.5
[09:42:04] [Server thread/INFO]: [SkinsRestorer] Detected Minecraft v1_15_R1, using UniversalSkinFactory.
[09:42:05] [Server thread/INFO]: [LoginSecurity] Enabling LoginSecurity v3.0.1
[09:42:05] [Server thread/INFO]: [LoginSecurity] Loading base translations from "en_us"
[09:42:05] [Server thread/INFO]: [LoginSecurity] Loading specified translations from "en_us"
[09:42:05] [Server thread/INFO]: [LoginSecurity] Registering commands...
[09:42:05] [Server thread/INFO]: [LoginSecurity] Registering listeners...
[09:42:05] [Server thread/INFO]: [LoginSecurity] Using 1.12+ map captcha renderer
[09:42:05] [Server thread/INFO]: [PlaceholderAPI] Enabling PlaceholderAPI v2.10.4
[09:42:05] [Server thread/INFO]: [PlaceholderAPI] Fetching available expansion information...
[09:42:05] [Server thread/INFO]: [BetterSleeping] Enabling BetterSleeping v2.6.0
[09:42:05] [Server thread/INFO]: [BetterSleeping] No missing options were found in config.yml!
[09:42:05] [Server thread/INFO]: [BetterSleeping] No missing options were found in lang.yml!
[09:42:05] [Server thread/INFO]: [BetterSleeping] No enabled sleeping buffs were found!
[09:42:05] [Server thread/INFO]: [BetterSleeping] Essentials was not found on this server!
[09:42:05] [Server thread/INFO]: [BetterSleeping] Succesfully hooked into PlaceholderAPI!
[09:42:06] [Server thread/INFO]: [BetterSleeping] You are using the latest version: 2.6.0.
[09:42:06] [Server thread/INFO]: [MiaoChat] Enabling MiaoChat v1.8.9-git-f22113584d750a8d95fb5df80d226af9abc4e80e
[09:42:06] [Server thread/INFO]: [MiaoChat] 异步初始化本地化工具...
[09:42:06] [Server thread/INFO]: [RealScoreboard] Enabling RealScoreboard v8-2-2020 Build 1
[09:42:06] [Server thread/INFO]: ------------------- RealScoreboard -------------------
[09:42:06] [Server thread/INFO]: Checking the server version.
[09:42:06] [Server thread/INFO]: Your server is compatible with RealScoreboard!
[09:42:06] [Server thread/INFO]: Setting up the configuration.
[09:42:06] [Server thread/INFO]: Your config version is: 2
[09:42:06] [Server thread/INFO]: Registering Events.
[09:42:06] [Server thread/INFO]: Registering Commands.
[09:42:06] [Server thread/INFO]: Starting up the Scoreboard.
[09:42:06] [Server thread/INFO]: Loaded sucessfully.
[09:42:06] [Server thread/INFO]: Server version: v1_15_R1
[09:42:06] [Server thread/INFO]: If you have any questions or need support, feel free to message JoseGamer_PT
[09:42:06] [Server thread/INFO]: https://www.spigotmc.org/members/josegamer_pt.40267/
[09:42:06] [Server thread/INFO]: ------------------- RealScoreboard -------------------
[09:42:07] [Server thread/INFO]: [PlaceholderAPI] Placeholder expansion registration initializing...
[09:42:07] [Server thread/INFO]: [PlaceholderAPI] Successfully registered expansion: server
[09:42:07] [Server thread/INFO]: [PlaceholderAPI] Successfully registered expansion: statistic
[09:42:07] [Server thread/INFO]: [PlaceholderAPI] Successfully registered expansion: player
[09:42:07] [Server thread/INFO]: Done (53.938s)! For help, type "help"
[09:42:07] [Server thread/INFO]: Starting remote control listener
[09:42:07] [RCON Listener #1/INFO]: RCON running on 0.0.0.0:22140
[09:42:07] [Server thread/WARN]: [FastLogin] Loaded class com.lenis0012.bukkit.loginsecurity.session.AuthAction from LoginSecurity v3.0.1 which is not a depend, softdepend or loadbefore of this plugin.
[09:42:07] [Server thread/INFO]: [FastLogin] Hooking into auth plugin: LoginSecurity
[09:42:08] [Server thread/INFO]: [Graves] Loaded saved graves!
[09:42:08] [Thread-14/INFO]: [MiaoChat] 配置 Item_zh_CN.yml 来自 YUMC 数据中心...
[09:42:08] [Thread-14/INFO]: [MiaoChat] 远程汉化文件词条数量: 1912
[09:42:08] [Thread-14/INFO]: [MiaoChat] 本地化工具初始化完毕...
[09:42:24] [Craft Scheduler Thread - 3/INFO]: [PlaceholderAPI] 170 placeholder expansions are available on the cloud.
[09:42:52] [Craft Scheduler Thread - 3/INFO]: [FastLogin] Player ChengXi123 has a verified premium account
[09:42:52] [User Authenticator #1/INFO]: UUID of player ChengXi123 is 5525823a-7a02-369b-8b70-7af5597dd8e4
[09:42:53] [Server thread/INFO]: ChengXi123[/120.230.85.62:27623] logged in with entity id 112 at ([skimit]-178.91181056415007, 5.0, 370.38554792745674)
[09:42:55] [Server thread/INFO]: CONSOLE: Please note that this command is not supported and may cause issues when using some plugins.
[09:42:55] [Server thread/INFO]: CONSOLE: If you encounter any issues please use the /stop command to restart your server.
[09:42:55] [Server thread/INFO]: Server Ping Player Sample Count: 12
[09:42:55] [Server thread/INFO]: Using 4 threads for Netty based IO
[09:42:55] [Server thread/INFO]: Debug logging is disabled
[09:42:55] [Server thread/INFO]: -------- World Settings For [skimit] --------
[09:42:55] [Server thread/INFO]: Mob Spawn Range: 6
[09:42:55] [Server thread/INFO]: Experience Merge Radius: 3.0
[09:42:55] [Server thread/INFO]: Cactus Growth Modifier: 100%
[09:42:55] [Server thread/INFO]: Cane Growth Modifier: 100%
[09:42:55] [Server thread/INFO]: Melon Growth Modifier: 100%
[09:42:55] [Server thread/INFO]: Mushroom Growth Modifier: 100%
[09:42:55] [Server thread/INFO]: Pumpkin Growth Modifier: 100%
[09:42:55] [Server thread/INFO]: Sapling Growth Modifier: 100%
[09:42:55] [Server thread/INFO]: Beetroot Growth Modifier: 100%
[09:42:55] [Server thread/INFO]: Carrot Growth Modifier: 100%
[09:42:55] [Server thread/INFO]: Potato Growth Modifier: 100%
[09:42:55] [Server thread/INFO]: Wheat Growth Modifier: 100%
[09:42:55] [Server thread/INFO]: NetherWart Growth Modifier: 100%
[09:42:55] [Server thread/INFO]: Vine Growth Modifier: 100%
[09:42:55] [Server thread/INFO]: Cocoa Growth Modifier: 100%
[09:42:55] [Server thread/INFO]: Bamboo Growth Modifier: 100%
[09:42:55] [Server thread/INFO]: SweetBerry Growth Modifier: 100%
[09:42:55] [Server thread/INFO]: Kelp Growth Modifier: 100%
[09:42:55] [Server thread/INFO]: Entity Activation Range: An 32 / Mo 32 / Ra 48 / Mi 16 / Tiv true
[09:42:55] [Server thread/INFO]: Entity Tracking Range: Pl 48 / An 48 / Mo 48 / Mi 32 / Other 64
[09:42:55] [Server thread/INFO]: Hopper Transfer: 8 Hopper Check: 1 Hopper Amount: 1
[09:42:55] [Server thread/INFO]: Custom Map Seeds:  Village: 10387312 Desert: 14357617 Igloo: 14357618 Jungle: 14357619 Swamp: 14357620 Monument: 10387313 Ocean: 14357621 Shipwreck: 165745295 Slime: 987234911
[09:42:55] [Server thread/INFO]: Max TNT Explosions: 100
[09:42:55] [Server thread/INFO]: Tile Max Tick Time: 50ms Entity max Tick Time: 50ms
[09:42:55] [Server thread/INFO]: View Distance: 6
[09:42:55] [Server thread/INFO]: Allow Zombie Pigmen to spawn from portal blocks: true
[09:42:55] [Server thread/INFO]: Item Despawn Rate: 6000
[09:42:55] [Server thread/INFO]: Item Merge Radius: 2.5
[09:42:55] [Server thread/INFO]: Arrow Despawn Rate: 1200 Trident Respawn Rate:1200
[09:42:55] [Server thread/INFO]: Zombie Aggressive Towards Villager: true
[09:42:55] [Server thread/INFO]: Nerfing mobs spawned from spawners: false
[09:42:55] [Server thread/INFO]: -------- World Settings For [skimit_nether] --------
[09:42:55] [Server thread/INFO]: Mob Spawn Range: 6
[09:42:55] [Server thread/INFO]: Experience Merge Radius: 3.0
[09:42:55] [Server thread/INFO]: Cactus Growth Modifier: 100%
[09:42:55] [Server thread/INFO]: Cane Growth Modifier: 100%
[09:42:55] [Server thread/INFO]: Melon Growth Modifier: 100%
[09:42:55] [Server thread/INFO]: Mushroom Growth Modifier: 100%
[09:42:55] [Server thread/INFO]: Pumpkin Growth Modifier: 100%
[09:42:55] [Server thread/INFO]: Sapling Growth Modifier: 100%
[09:42:55] [Server thread/INFO]: Beetroot Growth Modifier: 100%
[09:42:55] [Server thread/INFO]: Carrot Growth Modifier: 100%
[09:42:55] [Server thread/INFO]: Potato Growth Modifier: 100%
[09:42:55] [Server thread/INFO]: Wheat Growth Modifier: 100%
[09:42:55] [Server thread/INFO]: NetherWart Growth Modifier: 100%
[09:42:55] [Server thread/INFO]: Vine Growth Modifier: 100%
[09:42:55] [Server thread/INFO]: Cocoa Growth Modifier: 100%
[09:42:55] [Server thread/INFO]: Bamboo Growth Modifier: 100%
[09:42:55] [Server thread/INFO]: SweetBerry Growth Modifier: 100%
[09:42:55] [Server thread/INFO]: Kelp Growth Modifier: 100%
[09:42:55] [Server thread/INFO]: Entity Activation Range: An 32 / Mo 32 / Ra 48 / Mi 16 / Tiv true
[09:42:55] [Server thread/INFO]: Entity Tracking Range: Pl 48 / An 48 / Mo 48 / Mi 32 / Other 64
[09:42:55] [Server thread/INFO]: Hopper Transfer: 8 Hopper Check: 1 Hopper Amount: 1
[09:42:55] [Server thread/INFO]: Custom Map Seeds:  Village: 10387312 Desert: 14357617 Igloo: 14357618 Jungle: 14357619 Swamp: 14357620 Monument: 10387313 Ocean: 14357621 Shipwreck: 165745295 Slime: 987234911
[09:42:55] [Server thread/INFO]: Max TNT Explosions: 100
[09:42:55] [Server thread/INFO]: Tile Max Tick Time: 50ms Entity max Tick Time: 50ms
[09:42:55] [Server thread/INFO]: View Distance: 6
[09:42:55] [Server thread/INFO]: Allow Zombie Pigmen to spawn from portal blocks: true
[09:42:55] [Server thread/INFO]: Item Despawn Rate: 6000
[09:42:55] [Server thread/INFO]: Item Merge Radius: 2.5
[09:42:55] [Server thread/INFO]: Arrow Despawn Rate: 1200 Trident Respawn Rate:1200
[09:42:55] [Server thread/INFO]: Zombie Aggressive Towards Villager: true
[09:42:55] [Server thread/INFO]: Nerfing mobs spawned from spawners: false
[09:42:55] [Server thread/INFO]: -------- World Settings For [skimit_the_end] --------
[09:42:55] [Server thread/INFO]: Mob Spawn Range: 6
[09:42:55] [Server thread/INFO]: Experience Merge Radius: 3.0
[09:42:55] [Server thread/INFO]: Cactus Growth Modifier: 100%
[09:42:55] [Server thread/INFO]: Cane Growth Modifier: 100%
[09:42:55] [Server thread/INFO]: Melon Growth Modifier: 100%
[09:42:55] [Server thread/INFO]: Mushroom Growth Modifier: 100%
[09:42:55] [Server thread/INFO]: Pumpkin Growth Modifier: 100%
[09:42:55] [Server thread/INFO]: Sapling Growth Modifier: 100%
[09:42:55] [Server thread/INFO]: Beetroot Growth Modifier: 100%
[09:42:55] [Server thread/INFO]: Carrot Growth Modifier: 100%
[09:42:55] [Server thread/INFO]: Potato Growth Modifier: 100%
[09:42:55] [Server thread/INFO]: Wheat Growth Modifier: 100%
[09:42:55] [Server thread/INFO]: NetherWart Growth Modifier: 100%
[09:42:55] [Server thread/INFO]: Vine Growth Modifier: 100%
[09:42:55] [Server thread/INFO]: Cocoa Growth Modifier: 100%
[09:42:55] [Server thread/INFO]: Bamboo Growth Modifier: 100%
[09:42:55] [Server thread/INFO]: SweetBerry Growth Modifier: 100%
[09:42:55] [Server thread/INFO]: Kelp Growth Modifier: 100%
[09:42:55] [Server thread/INFO]: Entity Activation Range: An 32 / Mo 32 / Ra 48 / Mi 16 / Tiv true
[09:42:55] [Server thread/INFO]: Entity Tracking Range: Pl 48 / An 48 / Mo 48 / Mi 32 / Other 64
[09:42:55] [Server thread/INFO]: Hopper Transfer: 8 Hopper Check: 1 Hopper Amount: 1
[09:42:55] [Server thread/INFO]: Custom Map Seeds:  Village: 10387312 Desert: 14357617 Igloo: 14357618 Jungle: 14357619 Swamp: 14357620 Monument: 10387313 Ocean: 14357621 Shipwreck: 165745295 Slime: 987234911
[09:42:55] [Server thread/INFO]: Max TNT Explosions: 100
[09:42:55] [Server thread/INFO]: Tile Max Tick Time: 50ms Entity max Tick Time: 50ms
[09:42:55] [Server thread/INFO]: View Distance: 6
[09:42:55] [Server thread/INFO]: Allow Zombie Pigmen to spawn from portal blocks: true
[09:42:55] [Server thread/INFO]: Item Despawn Rate: 6000
[09:42:55] [Server thread/INFO]: Item Merge Radius: 2.5
[09:42:55] [Server thread/INFO]: Arrow Despawn Rate: 1200 Trident Respawn Rate:1200
[09:42:55] [Server thread/INFO]: Zombie Aggressive Towards Villager: true
[09:42:55] [Server thread/INFO]: Nerfing mobs spawned from spawners: false
[09:42:55] [Server thread/INFO]: [RealScoreboard] Disabling RealScoreboard v8-2-2020 Build 1
[09:42:55] [Server thread/INFO]: [MiaoChat] Disabling MiaoChat v1.8.9-git-f22113584d750a8d95fb5df80d226af9abc4e80e
[09:42:55] [Server thread/INFO]: [BetterSleeping] Disabling BetterSleeping v2.6.0
[09:42:55] [Server thread/INFO]: [FastLogin] Disabling FastLogin v1.10-git484855724b794de1fe057cf7360245362658b432
[09:42:55] [Server thread/INFO]: HikariPool-1 - Shutdown initiated...
[09:42:55] [Server thread/INFO]: HikariPool-1 - Shutdown completed.
[09:42:55] [Server thread/INFO]: [ProtocolLib] Disabling ProtocolLib v4.5.0
[09:42:55] [Server thread/INFO]: [PlaceholderAPI] Disabling PlaceholderAPI v2.10.4
[09:42:55] [Server thread/INFO]: [LoginSecurity] Disabling LoginSecurity v3.0.1
[09:42:55] [Server thread/INFO]: [LoginSecurity] Waiting for queued tasks...
[09:42:55] [Server thread/INFO]: [LoginSecurity] ExecutorService shut down, ready to disable.
[09:42:55] [Server thread/INFO]: [SkinsRestorer] Disabling SkinsRestorer v13.7.5
[09:42:55] [Server thread/INFO]: [Graves] Disabling Graves v3.2
[09:42:56] [Craft Scheduler Thread - 3/WARN]: [SkinsRestorer] Plugin SkinsRestorer v13.7.5 generated an exception while executing task 31
org.bukkit.plugin.IllegalPluginAccessException: Plugin attempted to register task while disabled
	at org.bukkit.craftbukkit.v1_15_R1.scheduler.CraftScheduler.validate(CraftScheduler.java:447) ~[spigot-1.15.2.jar:git-Spigot-6de3d4b-796eb15]
	at org.bukkit.craftbukkit.v1_15_R1.scheduler.CraftScheduler.runTaskTimer(CraftScheduler.java:176) ~[spigot-1.15.2.jar:git-Spigot-6de3d4b-796eb15]
	at org.bukkit.craftbukkit.v1_15_R1.scheduler.CraftScheduler.runTaskTimer(CraftScheduler.java:167) ~[spigot-1.15.2.jar:git-Spigot-6de3d4b-796eb15]
	at org.bukkit.craftbukkit.v1_15_R1.scheduler.CraftScheduler.scheduleSyncRepeatingTask(CraftScheduler.java:162) ~[spigot-1.15.2.jar:git-Spigot-6de3d4b-796eb15]
	at org.bukkit.craftbukkit.v1_15_R1.scheduler.CraftScheduler.scheduleSyncDelayedTask(CraftScheduler.java:126) ~[spigot-1.15.2.jar:git-Spigot-6de3d4b-796eb15]
	at org.bukkit.craftbukkit.v1_15_R1.scheduler.CraftScheduler.scheduleSyncDelayedTask(CraftScheduler.java:95) ~[spigot-1.15.2.jar:git-Spigot-6de3d4b-796eb15]
	at skinsrestorer.bukkit.skinfactory.SkinFactory.applySkin(SkinFactory.java:18) ~[?:?]
	at skinsrestorer.bukkit.listener.PlayerJoin.lambda$onJoin$0(PlayerJoin.java:40) ~[?:?]
	at org.bukkit.craftbukkit.v1_15_R1.scheduler.CraftTask.run(CraftTask.java:81) ~[spigot-1.15.2.jar:git-Spigot-6de3d4b-796eb15]
	at org.bukkit.craftbukkit.v1_15_R1.scheduler.CraftAsyncTask.run(CraftAsyncTask.java:54) [spigot-1.15.2.jar:git-Spigot-6de3d4b-796eb15]
	at java.util.concurrent.ThreadPoolExecutor.runWorker(ThreadPoolExecutor.java:1149) [?:1.8.0_242]
	at java.util.concurrent.ThreadPoolExecutor$Worker.run(ThreadPoolExecutor.java:624) [?:1.8.0_242]
	at java.lang.Thread.run(Thread.java:748) [?:1.8.0_242]
[09:42:57] [Server thread/INFO]: [EzWhiteList] Disabling EzWhiteList v1.1-release
[09:42:57] [Server thread/INFO]: EzWL >> 保存数据
[09:42:57] [Server thread/INFO]: EzWL >> 保存完毕
[09:42:57] [Server thread/INFO]: Reloading ResourceManager: Default, bukkit
[09:42:58] [Server thread/INFO]: Loaded 6 recipes
[09:42:59] [Server thread/INFO]: Reloading ResourceManager: Default, bukkit
[09:43:00] [Server thread/INFO]: Loaded 6 recipes
[09:43:00] [Server thread/WARN]: Legacy plugin EzWhiteList v1.1-release does not specify an api-version.
[09:43:00] [Server thread/WARN]: Legacy plugin LoginSecurity v3.0.1 does not specify an api-version.
[09:43:00] [Server thread/WARN]: Legacy plugin FastLogin v1.10-git484855724b794de1fe057cf7360245362658b432 does not specify an api-version.
[09:43:00] [Server thread/WARN]: Legacy plugin BetterSleeping v2.6.0 does not specify an api-version.
[09:43:00] [Server thread/WARN]: Legacy plugin MiaoChat v1.8.9-git-f22113584d750a8d95fb5df80d226af9abc4e80e does not specify an api-version.
[09:43:00] [Server thread/WARN]: Legacy plugin RealScoreboard v8-2-2020 Build 1 does not specify an api-version.
[09:43:00] [Server thread/INFO]: [EzWhiteList] Loading EzWhiteList v1.1-release
[09:43:00] [Server thread/INFO]: [Graves] Loading Graves v3.2
[09:43:00] [Server thread/INFO]: [SkinsRestorer] Loading SkinsRestorer v13.7.5
[09:43:00] [Server thread/INFO]: [LoginSecurity] Loading LoginSecurity v3.0.1
[09:43:00] [Server thread/INFO]: [PlaceholderAPI] Loading PlaceholderAPI v2.10.4
[09:43:00] [Server thread/INFO]: [ProtocolLib] Loading ProtocolLib v4.5.0
[09:43:01] [Server thread/WARN]: [ProtocolLib] Version (MC: 1.15.2) has not yet been tested! Proceed with caution.
[09:43:01] [Server thread/INFO]: [FastLogin] Loading FastLogin v1.10-git484855724b794de1fe057cf7360245362658b432
[09:43:01] [Server thread/INFO]: [BetterSleeping] Loading BetterSleeping v2.6.0
[09:43:01] [Server thread/INFO]: [MiaoChat] Loading MiaoChat v1.8.9-git-f22113584d750a8d95fb5df80d226af9abc4e80e
[09:43:01] [Server thread/INFO]: [RealScoreboard] Loading RealScoreboard v8-2-2020 Build 1
[09:43:01] [Server thread/INFO]: [ProtocolLib] Enabling ProtocolLib v4.5.0
[09:43:01] [Server thread/INFO]: [ProtocolLib] Started structure compiler thread.
[09:43:01] [Server thread/INFO]: [FastLogin] Enabling FastLogin v1.10-git484855724b794de1fe057cf7360245362658b432
[09:43:01] [Server thread/WARN]: [FastLogin] Loaded class com.zaxxer.hikari.HikariConfig from SkinsRestorer v13.7.5 which is not a depend, softdepend or loadbefore of this plugin.
[09:43:01] [Server thread/INFO]: HikariPool-2 - Starting...
[09:43:01] [Server thread/INFO]: HikariPool-2 - Start completed.
[09:43:02] [Server thread/INFO]: [EzWhiteList] Enabling EzWhiteList v1.1-release
[09:43:02] [Server thread/INFO]: EzWL >> 开始加载
[09:43:02] [Server thread/INFO]: EzWL >> 加载完毕
[09:43:02] [Server thread/INFO]: [Graves] Enabling Graves v3.2
[09:43:02] [Server thread/INFO]: [Graves] Waiting 2 seconds before loading saved graves.
[09:43:02] [Server thread/INFO]: [SkinsRestorer] Enabling SkinsRestorer v13.7.5
[09:43:02] [Server thread/INFO]: [SkinsRestorer] Detected Minecraft v1_15_R1, using UniversalSkinFactory.
[09:43:02] [Server thread/INFO]: [LoginSecurity] Enabling LoginSecurity v3.0.1
[09:43:02] [Server thread/INFO]: [LoginSecurity] Loading base translations from "en_us"
[09:43:02] [Server thread/INFO]: [LoginSecurity] Loading specified translations from "en_us"
[09:43:02] [Server thread/INFO]: [LoginSecurity] Registering commands...
[09:43:02] [Server thread/INFO]: [LoginSecurity] Registering listeners...
[09:43:02] [Server thread/INFO]: [LoginSecurity] Using 1.12+ map captcha renderer
[09:43:02] [Server thread/INFO]: [PlaceholderAPI] Enabling PlaceholderAPI v2.10.4
[09:43:02] [Server thread/INFO]: [PlaceholderAPI] Fetching available expansion information...
[09:43:02] [Server thread/INFO]: [BetterSleeping] Enabling BetterSleeping v2.6.0
[09:43:02] [Server thread/INFO]: [BetterSleeping] No missing options were found in config.yml!
[09:43:02] [Server thread/INFO]: [BetterSleeping] No missing options were found in lang.yml!
[09:43:02] [Server thread/INFO]: [BetterSleeping] No enabled sleeping buffs were found!
[09:43:02] [Server thread/INFO]: [BetterSleeping] Essentials was not found on this server!
[09:43:02] [Server thread/INFO]: [BetterSleeping] Succesfully hooked into PlaceholderAPI!
[09:43:03] [Server thread/INFO]: [BetterSleeping] You are using the latest version: 2.6.0.
[09:43:03] [Server thread/INFO]: [MiaoChat] Enabling MiaoChat v1.8.9-git-f22113584d750a8d95fb5df80d226af9abc4e80e
[09:43:03] [Server thread/INFO]: [MiaoChat] 异步初始化本地化工具...
[09:43:03] [Server thread/INFO]: [RealScoreboard] Enabling RealScoreboard v8-2-2020 Build 1
[09:43:03] [Server thread/INFO]: ------------------- RealScoreboard -------------------
[09:43:03] [Server thread/INFO]: Checking the server version.
[09:43:03] [Server thread/INFO]: Your server is compatible with RealScoreboard!
[09:43:03] [Server thread/INFO]: Setting up the configuration.
[09:43:03] [Server thread/INFO]: Your config version is: 2
[09:43:03] [Server thread/INFO]: Registering Events.
[09:43:03] [Server thread/INFO]: Registering Commands.
[09:43:03] [Server thread/INFO]: Starting up the Scoreboard.
[09:43:03] [Server thread/INFO]: Loaded sucessfully.
[09:43:03] [Server thread/INFO]: Server version: v1_15_R1
[09:43:03] [Server thread/INFO]: If you have any questions or need support, feel free to message JoseGamer_PT
[09:43:03] [Server thread/INFO]: https://www.spigotmc.org/members/josegamer_pt.40267/
[09:43:03] [Server thread/INFO]: ------------------- RealScoreboard -------------------
[09:43:03] [Server thread/INFO]: [PlaceholderAPI] Placeholder expansion registration initializing...
[09:43:03] [Server thread/INFO]: [PlaceholderAPI] Successfully registered expansion: server
[09:43:03] [Server thread/INFO]: [PlaceholderAPI] Successfully registered expansion: statistic
[09:43:03] [Server thread/INFO]: [PlaceholderAPI] Successfully registered expansion: player
[09:43:03] [Server thread/INFO]: CONSOLE: Reload complete.
[09:43:04] [Server thread/WARN]: [FastLogin] Loaded class com.lenis0012.bukkit.loginsecurity.session.AuthAction from LoginSecurity v3.0.1 which is not a depend, softdepend or loadbefore of this plugin.
[09:43:04] [Server thread/INFO]: [FastLogin] Hooking into auth plugin: LoginSecurity
[09:43:04] [Server thread/INFO]: [Graves] Loaded saved graves!
[09:43:05] [Craft Scheduler Thread - 5/INFO]: [SkinsRestorer] ----------------------------------------------
[09:43:05] [Craft Scheduler Thread - 5/INFO]: [SkinsRestorer]     +===============+
[09:43:05] [Craft Scheduler Thread - 5/INFO]: [SkinsRestorer]     | SkinsRestorer |
[09:43:05] [Craft Scheduler Thread - 5/INFO]: [SkinsRestorer]     +===============+
[09:43:05] [Craft Scheduler Thread - 5/INFO]: [SkinsRestorer] ----------------------------------------------
[09:43:05] [Craft Scheduler Thread - 5/INFO]: [SkinsRestorer]     Current version: 13.7.5
[09:43:05] [Craft Scheduler Thread - 5/INFO]: [SkinsRestorer]     This is the latest version!
[09:43:05] [Craft Scheduler Thread - 5/INFO]: [SkinsRestorer] ----------------------------------------------
[09:43:06] [Thread-17/INFO]: [MiaoChat] 配置 Item_zh_CN.yml 来自 YUMC 数据中心...
[09:43:06] [Thread-17/INFO]: [MiaoChat] 远程汉化文件词条数量: 1912
[09:43:06] [Thread-17/INFO]: [MiaoChat] 本地化工具初始化完毕...
[09:43:29] [Server thread/INFO]: ChengXi123 lost connection: Disconnected
[09:43:29] [Craft Scheduler Thread - 7/INFO]: [PlaceholderAPI] 170 placeholder expansions are available on the cloud.
[09:43:29] [Server thread/INFO]: ChengXi123 left the game
[09:43:33] [Craft Scheduler Thread - 7/INFO]: [FastLogin] Player MAX_XiaoKui has a verified premium account
[09:43:33] [User Authenticator #2/INFO]: UUID of player MAX_XiaoKui is a417032c-e2e7-3f62-b3d2-c1836915bba1
[09:43:33] [Server thread/INFO]: MAX_XiaoKui[/180.102.213.163:24324] logged in with entity id 278 at ([skimit]-199.66233406215295, 70.0, -99.5)
[09:43:34] [Craft Scheduler Thread - 5/INFO]: [FastLogin] Logging player MAX_XiaoKui in
[09:43:37] [Craft Scheduler Thread - 5/INFO]: [FastLogin] Player ChengXi123 has a verified premium account
[09:43:37] [User Authenticator #3/INFO]: UUID of player ChengXi123 is 5525823a-7a02-369b-8b70-7af5597dd8e4
[09:43:37] [Server thread/INFO]: ChengXi123[/120.230.85.62:27577] logged in with entity id 400 at ([skimit]-178.99590176155024, 5.0, 370.43587357284474)
[09:43:37] [Craft Scheduler Thread - 5/INFO]: [FastLogin] Logging player ChengXi123 in
[09:44:06] [Server thread/INFO]: ChengXi123 lost connection: Disconnected
[09:44:06] [Server thread/INFO]: ChengXi123 left the game
[09:44:06] [Server thread/INFO]: /120.230.85.62:27251 lost connection: Disconnected
[09:44:13] [Craft Scheduler Thread - 5/INFO]: [FastLogin] Player ChengXi123 has a verified premium account
[09:44:13] [User Authenticator #4/INFO]: UUID of player ChengXi123 is 5525823a-7a02-369b-8b70-7af5597dd8e4
[09:44:13] [Server thread/INFO]: ChengXi123[/120.230.85.62:27486] logged in with entity id 557 at ([skimit]-178.99590176155024, 5.0, 370.43587357284474)
[09:44:13] [Craft Scheduler Thread - 5/INFO]: [FastLogin] Logging player ChengXi123 in
[09:45:12] [Server thread/INFO]: MAX_XiaoKui lost connection: Timed out
[09:45:31] [Server thread/INFO]: MAX_XiaoKui left the game
[09:46:12] [Server thread/INFO]: ChengXi123 lost connection: Timed out
[09:46:39] [Server thread/INFO]: ChengXi123 left the game
[09:46:40] [Server thread/INFO]: /180.102.213.163:23299 lost connection: Disconnected
[09:47:02] [Server thread/INFO]: /180.102.213.163:21504 lost connection: Disconnected
[09:47:43] [Server thread/INFO]: Disconnecting /180.102.213.163:21379: Took too long to log in
[09:47:43] [Server thread/INFO]: /180.102.213.163:21379 lost connection: Took too long to log in
[09:48:34] [Craft Scheduler Thread - 8/INFO]: [FastLogin] Player MAX_XiaoKui has a verified premium account
[09:48:34] [User Authenticator #5/INFO]: UUID of player MAX_XiaoKui is a417032c-e2e7-3f62-b3d2-c1836915bba1
[09:48:35] [Server thread/INFO]: MAX_XiaoKui[/180.102.213.163:22209] logged in with entity id 696 at ([skimit]-191.07499998807907, 70.0, -130.6722878735576)
[09:48:35] [Craft Scheduler Thread - 8/INFO]: [FastLogin] Logging player MAX_XiaoKui in
[09:48:58] [Craft Scheduler Thread - 8/INFO]: [FastLogin] Player ChengXi123 has a verified premium account
[09:48:58] [User Authenticator #6/INFO]: UUID of player ChengXi123 is 5525823a-7a02-369b-8b70-7af5597dd8e4
[09:48:59] [Server thread/INFO]: ChengXi123[/120.230.85.62:27532] logged in with entity id 922 at ([skimit]-178.99590176155024, 5.0, 370.43587357284474)
[09:48:59] [Craft Scheduler Thread - 8/INFO]: [FastLogin] Logging player ChengXi123 in
[09:51:38] [Server thread/INFO]: ChengXi123 tried to swim in lava
[09:52:18] [Server thread/INFO]: Modified block data of -185, 6, 348
[09:52:36] [Server thread/INFO]: MAX_XiaoKui lost connection: Disconnected
[09:53:03] [Spigot Watchdog Thread/ERROR]: ------------------------------
[09:53:04] [Spigot Watchdog Thread/ERROR]: The server has stopped responding! This is (probably) not a Spigot bug.
[09:53:04] [Spigot Watchdog Thread/ERROR]: If you see a plugin in the Server thread dump below, then please report it to that author
[09:53:05] [Spigot Watchdog Thread/ERROR]: 	 *Especially* if it looks like HTTP or MySQL operations are occurring
[09:53:05] [Spigot Watchdog Thread/ERROR]: If you see a world save or edit, then it means you did far more than your server can handle at once
[09:53:06] [Spigot Watchdog Thread/ERROR]: 	 If this is the case, consider increasing timeout-time in spigot.yml but note that this will replace the crash with LARGE lag spikes
[09:53:06] [Spigot Watchdog Thread/ERROR]: If you are unsure or still think this is a Spigot bug, please report to https://www.spigotmc.org/
[09:53:07] [Spigot Watchdog Thread/ERROR]: Be sure to include ALL relevant console errors and Minecraft crash reports
[09:53:07] [Spigot Watchdog Thread/ERROR]: Spigot version: git-Spigot-6de3d4b-796eb15 (MC: 1.15.2)
[09:53:08] [Spigot Watchdog Thread/ERROR]: ------------------------------
[09:53:08] [Spigot Watchdog Thread/ERROR]: Server thread dump (Look for plugins here before reporting to Spigot!):
[09:53:09] [Server thread/INFO]: MAX_XiaoKui left the game
[09:53:09] [Server thread/INFO]: ChengXi123 lost connection: Disconnected
[09:53:17] [Server thread/INFO]: ChengXi123 left the game
[09:53:18] [Server thread/INFO]: /120.230.85.62:27401 lost connection: Disconnected
[09:53:18] [Server thread/INFO]: /120.230.85.62:27493 lost connection: Disconnected
[09:53:18] [Spigot Watchdog Thread/ERROR]: ------------------------------
[09:53:19] [Spigot Watchdog Thread/ERROR]: Current Thread: Server thread
[09:53:23] [Spigot Watchdog Thread/ERROR]: 	PID: 14 | Suspended: false | Native: false | State: RUNNABLE
[09:53:23] [Server thread/INFO]: /120.230.85.62:27639 lost connection: Disconnected
[09:53:23] [Spigot Watchdog Thread/ERROR]: 	Stack:
[09:53:23] [Spigot Watchdog Thread/ERROR]: 		net.minecraft.server.v1_15_R1.EntityLiving.entityBaseTick(EntityLiving.java:316)
[09:53:23] [Spigot Watchdog Thread/ERROR]: 		net.minecraft.server.v1_15_R1.Entity.tick(Entity.java:357)
[09:53:23] [Spigot Watchdog Thread/ERROR]: 		net.minecraft.server.v1_15_R1.EntityLiving.tick(EntityLiving.java:2265)
[09:53:23] [Spigot Watchdog Thread/ERROR]: 		net.minecraft.server.v1_15_R1.EntityHuman.tick(EntityHuman.java:162)
[09:53:23] [Spigot Watchdog Thread/ERROR]: 		net.minecraft.server.v1_15_R1.EntityPlayer.playerTick(EntityPlayer.java:399)
[09:53:23] [Spigot Watchdog Thread/ERROR]: 		net.minecraft.server.v1_15_R1.PlayerList.disconnect(PlayerList.java:390)
[09:53:23] [Spigot Watchdog Thread/ERROR]: 		net.minecraft.server.v1_15_R1.PlayerConnection.a(PlayerConnection.java:1371)
[09:53:23] [Spigot Watchdog Thread/ERROR]: 		net.minecraft.server.v1_15_R1.NetworkManager.handleDisconnection(NetworkManager.java:320)
[09:53:23] [Spigot Watchdog Thread/ERROR]: 		net.minecraft.server.v1_15_R1.ServerConnection.c(ServerConnection.java:153)
[09:53:23] [Spigot Watchdog Thread/ERROR]: 		net.minecraft.server.v1_15_R1.MinecraftServer.b(MinecraftServer.java:1105)
[09:53:23] [Spigot Watchdog Thread/ERROR]: 		net.minecraft.server.v1_15_R1.DedicatedServer.b(DedicatedServer.java:406)
[09:53:23] [Spigot Watchdog Thread/ERROR]: 		net.minecraft.server.v1_15_R1.MinecraftServer.a(MinecraftServer.java:984)
[09:53:23] [Spigot Watchdog Thread/ERROR]: 		net.minecraft.server.v1_15_R1.MinecraftServer.run(MinecraftServer.java:824)
[09:53:23] [Spigot Watchdog Thread/ERROR]: 		java.lang.Thread.run(Thread.java:748)
[09:53:23] [Spigot Watchdog Thread/ERROR]: ------------------------------
[09:53:24] [Spigot Watchdog Thread/ERROR]: Entire Thread Dump:
[09:53:27] [Spigot Watchdog Thread/ERROR]: ------------------------------
[09:53:27] [Spigot Watchdog Thread/ERROR]: Current Thread: Server-Worker-34
[09:53:27] [Spigot Watchdog Thread/ERROR]: 	PID: 122 | Suspended: false | Native: false | State: TIMED_WAITING
[09:53:27] [Spigot Watchdog Thread/ERROR]: 	Stack:
[09:53:27] [Spigot Watchdog Thread/ERROR]: 		sun.misc.Unsafe.park(Native Method)
[09:53:27] [Spigot Watchdog Thread/ERROR]: 		java.util.concurrent.ForkJoinPool.awaitWork(ForkJoinPool.java:1824)
[09:53:27] [Spigot Watchdog Thread/ERROR]: 		java.util.concurrent.ForkJoinPool.runWorker(ForkJoinPool.java:1693)
[09:53:27] [Spigot Watchdog Thread/ERROR]: 		java.util.concurrent.ForkJoinWorkerThread.run(ForkJoinWorkerThread.java:157)
[09:53:27] [Spigot Watchdog Thread/ERROR]: ------------------------------
[09:53:27] [Spigot Watchdog Thread/ERROR]: Current Thread: Craft Scheduler Thread - 10
[09:53:27] [Spigot Watchdog Thread/ERROR]: 	PID: 121 | Suspended: false | Native: false | State: TIMED_WAITING
[09:53:27] [Spigot Watchdog Thread/ERROR]: 	Stack:
[09:53:27] [Spigot Watchdog Thread/ERROR]: 		sun.misc.Unsafe.park(Native Method)
[09:53:27] [Spigot Watchdog Thread/ERROR]: 		java.util.concurrent.locks.LockSupport.parkNanos(LockSupport.java:215)
[09:53:27] [Spigot Watchdog Thread/ERROR]: 		java.util.concurrent.SynchronousQueue$TransferStack.awaitFulfill(SynchronousQueue.java:460)
[09:53:27] [Spigot Watchdog Thread/ERROR]: 		java.util.concurrent.SynchronousQueue$TransferStack.transfer(SynchronousQueue.java:362)
[09:53:27] [Spigot Watchdog Thread/ERROR]: 		java.util.concurrent.SynchronousQueue.poll(SynchronousQueue.java:941)
[09:53:27] [Spigot Watchdog Thread/ERROR]: 		java.util.concurrent.ThreadPoolExecutor.getTask(ThreadPoolExecutor.java:1073)
[09:53:27] [Spigot Watchdog Thread/ERROR]: 		java.util.concurrent.ThreadPoolExecutor.runWorker(ThreadPoolExecutor.java:1134)
[09:53:27] [Spigot Watchdog Thread/ERROR]: 		java.util.concurrent.ThreadPoolExecutor$Worker.run(ThreadPoolExecutor.java:624)
[09:53:27] [Spigot Watchdog Thread/ERROR]: 		java.lang.Thread.run(Thread.java:748)
[09:53:27] [Spigot Watchdog Thread/ERROR]: ------------------------------
[09:53:27] [Spigot Watchdog Thread/ERROR]: Current Thread: ProtocolLib-StructureCompiler 0
[09:53:27] [Spigot Watchdog Thread/ERROR]: 	PID: 74 | Suspended: false | Native: false | State: WAITING
[09:53:27] [Spigot Watchdog Thread/ERROR]: 	Stack:
[09:53:27] [Spigot Watchdog Thread/ERROR]: 		sun.misc.Unsafe.park(Native Method)
[09:53:27] [Spigot Watchdog Thread/ERROR]: 		java.util.concurrent.locks.LockSupport.park(LockSupport.java:175)
[09:53:27] [Spigot Watchdog Thread/ERROR]: 		java.util.concurrent.locks.AbstractQueuedSynchronizer$ConditionObject.await(AbstractQueuedSynchronizer.java:2039)
[09:53:27] [Spigot Watchdog Thread/ERROR]: 		java.util.concurrent.LinkedBlockingQueue.take(LinkedBlockingQueue.java:442)
[09:53:27] [Spigot Watchdog Thread/ERROR]: 		java.util.concurrent.ThreadPoolExecutor.getTask(ThreadPoolExecutor.java:1074)
[09:53:27] [Spigot Watchdog Thread/ERROR]: 		java.util.concurrent.ThreadPoolExecutor.runWorker(ThreadPoolExecutor.java:1134)
[09:53:27] [Spigot Watchdog Thread/ERROR]: 		java.util.concurrent.ThreadPoolExecutor$Worker.run(ThreadPoolExecutor.java:624)
[09:53:27] [Spigot Watchdog Thread/ERROR]: 		java.lang.Thread.run(Thread.java:748)
[09:53:27] [Spigot Watchdog Thread/ERROR]: ------------------------------
[09:53:27] [Spigot Watchdog Thread/ERROR]: Current Thread: ExpiringMap-Expirer
[09:53:27] [Spigot Watchdog Thread/ERROR]: 	PID: 66 | Suspended: false | Native: false | State: TIMED_WAITING
[09:53:27] [Spigot Watchdog Thread/ERROR]: 	Stack:
[09:53:27] [Spigot Watchdog Thread/ERROR]: 		sun.misc.Unsafe.park(Native Method)
[09:53:27] [Spigot Watchdog Thread/ERROR]: 		java.util.concurrent.locks.LockSupport.parkNanos(LockSupport.java:215)
[09:53:27] [Spigot Watchdog Thread/ERROR]: 		java.util.concurrent.locks.AbstractQueuedSynchronizer$ConditionObject.awaitNanos(AbstractQueuedSynchronizer.java:2078)
[09:53:27] [Spigot Watchdog Thread/ERROR]: 		java.util.concurrent.ScheduledThreadPoolExecutor$DelayedWorkQueue.take(ScheduledThreadPoolExecutor.java:1093)
[09:53:27] [Spigot Watchdog Thread/ERROR]: 		java.util.concurrent.ScheduledThreadPoolExecutor$DelayedWorkQueue.take(ScheduledThreadPoolExecutor.java:809)
[09:53:27] [Spigot Watchdog Thread/ERROR]: 		java.util.concurrent.ThreadPoolExecutor.getTask(ThreadPoolExecutor.java:1074)
[09:53:27] [Spigot Watchdog Thread/ERROR]: 		java.util.concurrent.ThreadPoolExecutor.runWorker(ThreadPoolExecutor.java:1134)
[09:53:27] [Spigot Watchdog Thread/ERROR]: 		java.util.concurrent.ThreadPoolExecutor$Worker.run(ThreadPoolExecutor.java:624)
[09:53:27] [Spigot Watchdog Thread/ERROR]: 		java.lang.Thread.run(Thread.java:748)
[09:53:27] [Spigot Watchdog Thread/ERROR]: ------------------------------
[09:53:27] [Spigot Watchdog Thread/ERROR]: Current Thread: HikariPool-2 housekeeper
[09:53:27] [Spigot Watchdog Thread/ERROR]: 	PID: 64 | Suspended: false | Native: false | State: TIMED_WAITING
[09:53:27] [Spigot Watchdog Thread/ERROR]: 	Stack:
[09:53:27] [Spigot Watchdog Thread/ERROR]: 		sun.misc.Unsafe.park(Native Method)
[09:53:27] [Spigot Watchdog Thread/ERROR]: 		java.util.concurrent.locks.LockSupport.parkNanos(LockSupport.java:215)
[09:53:27] [Spigot Watchdog Thread/ERROR]: 		java.util.concurrent.locks.AbstractQueuedSynchronizer$ConditionObject.awaitNanos(AbstractQueuedSynchronizer.java:2078)
[09:53:27] [Spigot Watchdog Thread/ERROR]: 		java.util.concurrent.ScheduledThreadPoolExecutor$DelayedWorkQueue.take(ScheduledThreadPoolExecutor.java:1093)
[09:53:27] [Spigot Watchdog Thread/ERROR]: 		java.util.concurrent.ScheduledThreadPoolExecutor$DelayedWorkQueue.take(ScheduledThreadPoolExecutor.java:809)
[09:53:27] [Spigot Watchdog Thread/ERROR]: 		java.util.concurrent.ThreadPoolExecutor.getTask(ThreadPoolExecutor.java:1074)
[09:53:27] [Spigot Watchdog Thread/ERROR]: 		java.util.concurrent.ThreadPoolExecutor.runWorker(ThreadPoolExecutor.java:1134)
[09:53:27] [Spigot Watchdog Thread/ERROR]: 		java.util.concurrent.ThreadPoolExecutor$Worker.run(ThreadPoolExecutor.java:624)
[09:53:27] [Spigot Watchdog Thread/ERROR]: 		java.lang.Thread.run(Thread.java:748)
[09:53:27] [Spigot Watchdog Thread/ERROR]: ------------------------------
[09:53:27] [Spigot Watchdog Thread/ERROR]: Current Thread: Timer-1
[09:53:27] [Spigot Watchdog Thread/ERROR]: 	PID: 63 | Suspended: false | Native: false | State: TIMED_WAITING
[09:53:27] [Spigot Watchdog Thread/ERROR]: 	Stack:
[09:53:27] [Spigot Watchdog Thread/ERROR]: 		java.lang.Object.wait(Native Method)
[09:53:27] [Spigot Watchdog Thread/ERROR]: 		java.util.TimerThread.mainLoop(Timer.java:552)
[09:53:27] [Spigot Watchdog Thread/ERROR]: 		java.util.TimerThread.run(Timer.java:505)
[09:53:27] [Spigot Watchdog Thread/ERROR]: ------------------------------
[09:53:27] [Spigot Watchdog Thread/ERROR]: Current Thread: Protocol Worker #1 - FastLogin - [recv: ENCRYPTION_BEGIN[class=PacketLoginInEncryptionBegin, id=1], START[class=PacketLoginInStart, id=0], send: ]
[09:53:27] [Spigot Watchdog Thread/ERROR]: 	PID: 49 | Suspended: false | Native: false | State: WAITING
[09:53:27] [Spigot Watchdog Thread/ERROR]: 	Stack:
[09:53:27] [Spigot Watchdog Thread/ERROR]: 		sun.misc.Unsafe.park(Native Method)
[09:53:27] [Spigot Watchdog Thread/ERROR]: 		java.util.concurrent.locks.LockSupport.park(LockSupport.java:175)
[09:53:27] [Spigot Watchdog Thread/ERROR]: 		java.util.concurrent.locks.AbstractQueuedSynchronizer$ConditionObject.await(AbstractQueuedSynchronizer.java:2039)
[09:53:27] [Spigot Watchdog Thread/ERROR]: 		java.util.concurrent.ArrayBlockingQueue.take(ArrayBlockingQueue.java:403)
[09:53:27] [Spigot Watchdog Thread/ERROR]: 		com.comphenix.protocol.async.AsyncListenerHandler.listenerLoop(AsyncListenerHandler.java:579)
[09:53:27] [Spigot Watchdog Thread/ERROR]: 		com.comphenix.protocol.async.AsyncListenerHandler.access$200(AsyncListenerHandler.java:48)
[09:53:27] [Spigot Watchdog Thread/ERROR]: 		com.comphenix.protocol.async.AsyncListenerHandler$2.run(AsyncListenerHandler.java:229)
[09:53:27] [Spigot Watchdog Thread/ERROR]: 		com.comphenix.protocol.async.AsyncListenerHandler$3.run(AsyncListenerHandler.java:300)
[09:53:27] [Spigot Watchdog Thread/ERROR]: 		org.bukkit.craftbukkit.v1_15_R1.scheduler.CraftTask.run(CraftTask.java:81)
[09:53:27] [Spigot Watchdog Thread/ERROR]: 		org.bukkit.craftbukkit.v1_15_R1.scheduler.CraftAsyncTask.run(CraftAsyncTask.java:54)
[09:53:27] [Spigot Watchdog Thread/ERROR]: 		java.util.concurrent.ThreadPoolExecutor.runWorker(ThreadPoolExecutor.java:1149)
[09:53:27] [Spigot Watchdog Thread/ERROR]: 		java.util.concurrent.ThreadPoolExecutor$Worker.run(ThreadPoolExecutor.java:624)
[09:53:27] [Spigot Watchdog Thread/ERROR]: 		java.lang.Thread.run(Thread.java:748)
[09:53:27] [Spigot Watchdog Thread/ERROR]: ------------------------------
[09:53:27] [Spigot Watchdog Thread/ERROR]: Current Thread: Protocol Worker #2 - FastLogin - [recv: ENCRYPTION_BEGIN[class=PacketLoginInEncryptionBegin, id=1], START[class=PacketLoginInStart, id=0], send: ]
[09:53:27] [Spigot Watchdog Thread/ERROR]: 	PID: 47 | Suspended: false | Native: false | State: WAITING
[09:53:27] [Spigot Watchdog Thread/ERROR]: 	Stack:
[09:53:27] [Spigot Watchdog Thread/ERROR]: 		sun.misc.Unsafe.park(Native Method)
[09:53:27] [Spigot Watchdog Thread/ERROR]: 		java.util.concurrent.locks.LockSupport.park(LockSupport.java:175)
[09:53:27] [Spigot Watchdog Thread/ERROR]: 		java.util.concurrent.locks.AbstractQueuedSynchronizer$ConditionObject.await(AbstractQueuedSynchronizer.java:2039)
[09:53:27] [Spigot Watchdog Thread/ERROR]: 		java.util.concurrent.ArrayBlockingQueue.take(ArrayBlockingQueue.java:403)
[09:53:27] [Spigot Watchdog Thread/ERROR]: 		com.comphenix.protocol.async.AsyncListenerHandler.listenerLoop(AsyncListenerHandler.java:579)
[09:53:27] [Spigot Watchdog Thread/ERROR]: 		com.comphenix.protocol.async.AsyncListenerHandler.access$200(AsyncListenerHandler.java:48)
[09:53:27] [Spigot Watchdog Thread/ERROR]: 		com.comphenix.protocol.async.AsyncListenerHandler$2.run(AsyncListenerHandler.java:229)
[09:53:27] [Spigot Watchdog Thread/ERROR]: 		com.comphenix.protocol.async.AsyncListenerHandler$3.run(AsyncListenerHandler.java:300)
[09:53:27] [Spigot Watchdog Thread/ERROR]: 		org.bukkit.craftbukkit.v1_15_R1.scheduler.CraftTask.run(CraftTask.java:81)
[09:53:27] [Spigot Watchdog Thread/ERROR]: 		org.bukkit.craftbukkit.v1_15_R1.scheduler.CraftAsyncTask.run(CraftAsyncTask.java:54)
[09:53:27] [Spigot Watchdog Thread/ERROR]: 		java.util.concurrent.ThreadPoolExecutor.runWorker(ThreadPoolExecutor.java:1149)
[09:53:27] [Spigot Watchdog Thread/ERROR]: 		java.util.concurrent.ThreadPoolExecutor$Worker.run(ThreadPoolExecutor.java:624)
[09:53:27] [Spigot Watchdog Thread/ERROR]: 		java.lang.Thread.run(Thread.java:748)
[09:53:27] [Spigot Watchdog Thread/ERROR]: ------------------------------
[09:53:27] [Spigot Watchdog Thread/ERROR]: Current Thread: Protocol Worker #3 - FastLogin - [recv: ENCRYPTION_BEGIN[class=PacketLoginInEncryptionBegin, id=1], START[class=PacketLoginInStart, id=0], send: ]
[09:53:27] [Spigot Watchdog Thread/ERROR]: 	PID: 46 | Suspended: false | Native: false | State: WAITING
[09:53:27] [Spigot Watchdog Thread/ERROR]: 	Stack:
[09:53:27] [Spigot Watchdog Thread/ERROR]: 		sun.misc.Unsafe.park(Native Method)
[09:53:27] [Spigot Watchdog Thread/ERROR]: 		java.util.concurrent.locks.LockSupport.park(LockSupport.java:175)
[09:53:27] [Spigot Watchdog Thread/ERROR]: 		java.util.concurrent.locks.AbstractQueuedSynchronizer$ConditionObject.await(AbstractQueuedSynchronizer.java:2039)
[09:53:27] [Spigot Watchdog Thread/ERROR]: 		java.util.concurrent.ArrayBlockingQueue.take(ArrayBlockingQueue.java:403)
[09:53:27] [Spigot Watchdog Thread/ERROR]: 		com.comphenix.protocol.async.AsyncListenerHandler.listenerLoop(AsyncListenerHandler.java:579)
[09:53:27] [Spigot Watchdog Thread/ERROR]: 		com.comphenix.protocol.async.AsyncListenerHandler.access$200(AsyncListenerHandler.java:48)
[09:53:27] [Spigot Watchdog Thread/ERROR]: 		com.comphenix.protocol.async.AsyncListenerHandler$2.run(AsyncListenerHandler.java:229)
[09:53:27] [Spigot Watchdog Thread/ERROR]: 		com.comphenix.protocol.async.AsyncListenerHandler$3.run(AsyncListenerHandler.java:300)
[09:53:27] [Spigot Watchdog Thread/ERROR]: 		org.bukkit.craftbukkit.v1_15_R1.scheduler.CraftTask.run(CraftTask.java:81)
[09:53:27] [Spigot Watchdog Thread/ERROR]: 		org.bukkit.craftbukkit.v1_15_R1.scheduler.CraftAsyncTask.run(CraftAsyncTask.java:54)
[09:53:27] [Spigot Watchdog Thread/ERROR]: 		java.util.concurrent.ThreadPoolExecutor.runWorker(ThreadPoolExecutor.java:1149)
[09:53:27] [Spigot Watchdog Thread/ERROR]: 		java.util.concurrent.ThreadPoolExecutor$Worker.run(ThreadPoolExecutor.java:624)
[09:53:27] [Spigot Watchdog Thread/ERROR]: 		java.lang.Thread.run(Thread.java:748)
[09:53:27] [Spigot Watchdog Thread/ERROR]: ------------------------------
[09:53:27] [Spigot Watchdog Thread/ERROR]: Current Thread: RCON Listener #1
[09:53:27] [Spigot Watchdog Thread/ERROR]: 	PID: 45 | Suspended: false | Native: true | State: RUNNABLE
[09:53:27] [Spigot Watchdog Thread/ERROR]: 	Stack:
[09:53:27] [Spigot Watchdog Thread/ERROR]: 		java.net.PlainSocketImpl.socketAccept(Native Method)
[09:53:27] [Spigot Watchdog Thread/ERROR]: 		java.net.AbstractPlainSocketImpl.accept(AbstractPlainSocketImpl.java:409)
[09:53:27] [Spigot Watchdog Thread/ERROR]: 		java.net.ServerSocket.implAccept(ServerSocket.java:560)
[09:53:27] [Spigot Watchdog Thread/ERROR]: 		java.net.ServerSocket.accept(ServerSocket.java:528)
[09:53:27] [Spigot Watchdog Thread/ERROR]: 		net.minecraft.server.v1_15_R1.RemoteControlListener.run(SourceFile:58)
[09:53:27] [Spigot Watchdog Thread/ERROR]: 		java.lang.Thread.run(Thread.java:748)
[09:53:27] [Spigot Watchdog Thread/ERROR]: ------------------------------
[09:53:27] [Spigot Watchdog Thread/ERROR]: Current Thread: Netty Epoll Server IO #3
[09:53:27] [Spigot Watchdog Thread/ERROR]: 	PID: 44 | Suspended: false | Native: true | State: RUNNABLE
[09:53:27] [Spigot Watchdog Thread/ERROR]: 	Stack:
[09:53:27] [Spigot Watchdog Thread/ERROR]: 		io.netty.channel.epoll.Native.epollWait0(Native Method)
[09:53:27] [Spigot Watchdog Thread/ERROR]: 		io.netty.channel.epoll.Native.epollWait(Native.java:114)
[09:53:27] [Spigot Watchdog Thread/ERROR]: 		io.netty.channel.epoll.EpollEventLoop.epollWait(EpollEventLoop.java:239)
[09:53:27] [Spigot Watchdog Thread/ERROR]: 		io.netty.channel.epoll.EpollEventLoop.run(EpollEventLoop.java:256)
[09:53:27] [Spigot Watchdog Thread/ERROR]: 		io.netty.util.concurrent.SingleThreadEventExecutor$5.run(SingleThreadEventExecutor.java:884)
[09:53:27] [Spigot Watchdog Thread/ERROR]: 		java.lang.Thread.run(Thread.java:748)
[09:53:27] [Spigot Watchdog Thread/ERROR]: ------------------------------
[09:53:27] [Spigot Watchdog Thread/ERROR]: Current Thread: Netty Epoll Server IO #2
[09:53:27] [Spigot Watchdog Thread/ERROR]: 	PID: 43 | Suspended: false | Native: true | State: RUNNABLE
[09:53:27] [Spigot Watchdog Thread/ERROR]: 	Stack:
[09:53:27] [Spigot Watchdog Thread/ERROR]: 		io.netty.channel.epoll.Native.epollWait0(Native Method)
[09:53:27] [Spigot Watchdog Thread/ERROR]: 		io.netty.channel.epoll.Native.epollWait(Native.java:114)
[09:53:27] [Spigot Watchdog Thread/ERROR]: 		io.netty.channel.epoll.EpollEventLoop.epollWait(EpollEventLoop.java:239)
[09:53:27] [Spigot Watchdog Thread/ERROR]: 		io.netty.channel.epoll.EpollEventLoop.run(EpollEventLoop.java:256)
[09:53:27] [Spigot Watchdog Thread/ERROR]: 		io.netty.util.concurrent.SingleThreadEventExecutor$5.run(SingleThreadEventExecutor.java:884)
[09:53:27] [Spigot Watchdog Thread/ERROR]: 		java.lang.Thread.run(Thread.java:748)
[09:53:27] [Spigot Watchdog Thread/ERROR]: ------------------------------
[09:53:27] [Spigot Watchdog Thread/ERROR]: Current Thread: Netty Epoll Server IO #1
[09:53:27] [Spigot Watchdog Thread/ERROR]: 	PID: 42 | Suspended: false | Native: true | State: RUNNABLE
[09:53:27] [Spigot Watchdog Thread/ERROR]: 	Stack:
[09:53:27] [Spigot Watchdog Thread/ERROR]: 		io.netty.channel.epoll.Native.epollWait0(Native Method)
[09:53:27] [Spigot Watchdog Thread/ERROR]: 		io.netty.channel.epoll.Native.epollWait(Native.java:114)
[09:53:27] [Spigot Watchdog Thread/ERROR]: 		io.netty.channel.epoll.EpollEventLoop.epollWait(EpollEventLoop.java:239)
[09:53:27] [Spigot Watchdog Thread/ERROR]: 		io.netty.channel.epoll.EpollEventLoop.run(EpollEventLoop.java:256)
[09:53:27] [Spigot Watchdog Thread/ERROR]: 		io.netty.util.concurrent.SingleThreadEventExecutor$5.run(SingleThreadEventExecutor.java:884)
[09:53:27] [Spigot Watchdog Thread/ERROR]: 		java.lang.Thread.run(Thread.java:748)
[09:53:27] [Spigot Watchdog Thread/ERROR]: ------------------------------
[09:53:27] [Spigot Watchdog Thread/ERROR]: Current Thread: ExpiringMap-Expirer
[09:53:27] [Spigot Watchdog Thread/ERROR]: 	PID: 37 | Suspended: false | Native: false | State: TIMED_WAITING
[09:53:27] [Spigot Watchdog Thread/ERROR]: 	Stack:
[09:53:27] [Spigot Watchdog Thread/ERROR]: 		sun.misc.Unsafe.park(Native Method)
[09:53:27] [Spigot Watchdog Thread/ERROR]: 		java.util.concurrent.locks.LockSupport.parkNanos(LockSupport.java:215)
[09:53:27] [Spigot Watchdog Thread/ERROR]: 		java.util.concurrent.locks.AbstractQueuedSynchronizer$ConditionObject.awaitNanos(AbstractQueuedSynchronizer.java:2078)
[09:53:27] [Spigot Watchdog Thread/ERROR]: 		java.util.concurrent.ScheduledThreadPoolExecutor$DelayedWorkQueue.take(ScheduledThreadPoolExecutor.java:1093)
[09:53:27] [Spigot Watchdog Thread/ERROR]: 		java.util.concurrent.ScheduledThreadPoolExecutor$DelayedWorkQueue.take(ScheduledThreadPoolExecutor.java:809)
[09:53:27] [Spigot Watchdog Thread/ERROR]: 		java.util.concurrent.ThreadPoolExecutor.getTask(ThreadPoolExecutor.java:1074)
[09:53:27] [Spigot Watchdog Thread/ERROR]: 		java.util.concurrent.ThreadPoolExecutor.runWorker(ThreadPoolExecutor.java:1134)
[09:53:27] [Spigot Watchdog Thread/ERROR]: 		java.util.concurrent.ThreadPoolExecutor$Worker.run(ThreadPoolExecutor.java:624)
[09:53:27] [Spigot Watchdog Thread/ERROR]: 		java.lang.Thread.run(Thread.java:748)
[09:53:27] [Spigot Watchdog Thread/ERROR]: ------------------------------
[09:53:27] [Spigot Watchdog Thread/ERROR]: Current Thread: poi IO worker
[09:53:27] [Spigot Watchdog Thread/ERROR]: 	PID: 36 | Suspended: false | Native: false | State: WAITING
[09:53:27] [Spigot Watchdog Thread/ERROR]: 	Stack:
[09:53:27] [Spigot Watchdog Thread/ERROR]: 		sun.misc.Unsafe.park(Native Method)
[09:53:27] [Spigot Watchdog Thread/ERROR]: 		java.util.concurrent.locks.LockSupport.park(LockSupport.java:175)
[09:53:27] [Spigot Watchdog Thread/ERROR]: 		net.minecraft.server.v1_15_R1.IOWorker.c(SourceFile:124)
[09:53:27] [Spigot Watchdog Thread/ERROR]: 		net.minecraft.server.v1_15_R1.IOWorker.d(SourceFile:134)
[09:53:27] [Spigot Watchdog Thread/ERROR]: 		net.minecraft.server.v1_15_R1.IOWorker$$Lambda$2417/27730810.run(Unknown Source)
[09:53:27] [Spigot Watchdog Thread/ERROR]: 		java.lang.Thread.run(Thread.java:748)
[09:53:27] [Spigot Watchdog Thread/ERROR]: ------------------------------
[09:53:27] [Spigot Watchdog Thread/ERROR]: Current Thread: chunk IO worker
[09:53:27] [Spigot Watchdog Thread/ERROR]: 	PID: 35 | Suspended: false | Native: false | State: WAITING
[09:53:27] [Spigot Watchdog Thread/ERROR]: 	Stack:
[09:53:27] [Spigot Watchdog Thread/ERROR]: 		sun.misc.Unsafe.park(Native Method)
[09:53:27] [Spigot Watchdog Thread/ERROR]: 		java.util.concurrent.locks.LockSupport.park(LockSupport.java:175)
[09:53:27] [Spigot Watchdog Thread/ERROR]: 		net.minecraft.server.v1_15_R1.IOWorker.c(SourceFile:124)
[09:53:27] [Spigot Watchdog Thread/ERROR]: 		net.minecraft.server.v1_15_R1.IOWorker.d(SourceFile:134)
[09:53:27] [Spigot Watchdog Thread/ERROR]: 		net.minecraft.server.v1_15_R1.IOWorker$$Lambda$2417/27730810.run(Unknown Source)
[09:53:27] [Spigot Watchdog Thread/ERROR]: 		java.lang.Thread.run(Thread.java:748)
[09:53:27] [Spigot Watchdog Thread/ERROR]: ------------------------------
[09:53:27] [Spigot Watchdog Thread/ERROR]: Current Thread: poi IO worker
[09:53:27] [Spigot Watchdog Thread/ERROR]: 	PID: 34 | Suspended: false | Native: false | State: WAITING
[09:53:27] [Spigot Watchdog Thread/ERROR]: 	Stack:
[09:53:27] [Spigot Watchdog Thread/ERROR]: 		sun.misc.Unsafe.park(Native Method)
[09:53:27] [Spigot Watchdog Thread/ERROR]: 		java.util.concurrent.locks.LockSupport.park(LockSupport.java:175)
[09:53:27] [Spigot Watchdog Thread/ERROR]: 		net.minecraft.server.v1_15_R1.IOWorker.c(SourceFile:124)
[09:53:27] [Spigot Watchdog Thread/ERROR]: 		net.minecraft.server.v1_15_R1.IOWorker.d(SourceFile:134)
[09:53:27] [Spigot Watchdog Thread/ERROR]: 		net.minecraft.server.v1_15_R1.IOWorker$$Lambda$2417/27730810.run(Unknown Source)
[09:53:27] [Spigot Watchdog Thread/ERROR]: 		java.lang.Thread.run(Thread.java:748)
[09:53:27] [Spigot Watchdog Thread/ERROR]: ------------------------------
[09:53:27] [Spigot Watchdog Thread/ERROR]: Current Thread: chunk IO worker
[09:53:27] [Spigot Watchdog Thread/ERROR]: 	PID: 33 | Suspended: false | Native: false | State: WAITING
[09:53:27] [Spigot Watchdog Thread/ERROR]: 	Stack:
[09:53:27] [Spigot Watchdog Thread/ERROR]: 		sun.misc.Unsafe.park(Native Method)
[09:53:27] [Spigot Watchdog Thread/ERROR]: 		java.util.concurrent.locks.LockSupport.park(LockSupport.java:175)
[09:53:27] [Spigot Watchdog Thread/ERROR]: 		net.minecraft.server.v1_15_R1.IOWorker.c(SourceFile:124)
[09:53:27] [Spigot Watchdog Thread/ERROR]: 		net.minecraft.server.v1_15_R1.IOWorker.d(SourceFile:134)
[09:53:27] [Spigot Watchdog Thread/ERROR]: 		net.minecraft.server.v1_15_R1.IOWorker$$Lambda$2417/27730810.run(Unknown Source)
[09:53:27] [Spigot Watchdog Thread/ERROR]: 		java.lang.Thread.run(Thread.java:748)
[09:53:27] [Spigot Watchdog Thread/ERROR]: ------------------------------
[09:53:27] [Spigot Watchdog Thread/ERROR]: Current Thread: poi IO worker
[09:53:27] [Spigot Watchdog Thread/ERROR]: 	PID: 32 | Suspended: false | Native: false | State: WAITING
[09:53:27] [Spigot Watchdog Thread/ERROR]: 	Stack:
[09:53:27] [Spigot Watchdog Thread/ERROR]: 		sun.misc.Unsafe.park(Native Method)
[09:53:27] [Spigot Watchdog Thread/ERROR]: 		java.util.concurrent.locks.LockSupport.park(LockSupport.java:175)
[09:53:27] [Spigot Watchdog Thread/ERROR]: 		net.minecraft.server.v1_15_R1.IOWorker.c(SourceFile:124)
[09:53:27] [Spigot Watchdog Thread/ERROR]: 		net.minecraft.server.v1_15_R1.IOWorker.d(SourceFile:134)
[09:53:27] [Spigot Watchdog Thread/ERROR]: 		net.minecraft.server.v1_15_R1.IOWorker$$Lambda$2417/27730810.run(Unknown Source)
[09:53:27] [Spigot Watchdog Thread/ERROR]: 		java.lang.Thread.run(Thread.java:748)
[09:53:27] [Spigot Watchdog Thread/ERROR]: ------------------------------
[09:53:27] [Spigot Watchdog Thread/ERROR]: Current Thread: chunk IO worker
[09:53:27] [Spigot Watchdog Thread/ERROR]: 	PID: 31 | Suspended: false | Native: false | State: WAITING
[09:53:27] [Spigot Watchdog Thread/ERROR]: 	Stack:
[09:53:27] [Spigot Watchdog Thread/ERROR]: 		sun.misc.Unsafe.park(Native Method)
[09:53:27] [Spigot Watchdog Thread/ERROR]: 		java.util.concurrent.locks.LockSupport.park(LockSupport.java:175)
[09:53:27] [Spigot Watchdog Thread/ERROR]: 		net.minecraft.server.v1_15_R1.IOWorker.c(SourceFile:124)
[09:53:27] [Spigot Watchdog Thread/ERROR]: 		net.minecraft.server.v1_15_R1.IOWorker.d(SourceFile:134)
[09:53:27] [Spigot Watchdog Thread/ERROR]: 		net.minecraft.server.v1_15_R1.IOWorker$$Lambda$2417/27730810.run(Unknown Source)
[09:53:27] [Spigot Watchdog Thread/ERROR]: 		java.lang.Thread.run(Thread.java:748)
[09:53:27] [Spigot Watchdog Thread/ERROR]: ------------------------------
[09:53:27] [Spigot Watchdog Thread/ERROR]: Current Thread: mysql-cj-abandoned-connection-cleanup
[09:53:27] [Spigot Watchdog Thread/ERROR]: 	PID: 28 | Suspended: false | Native: false | State: RUNNABLE
[09:53:27] [Spigot Watchdog Thread/ERROR]: 	Stack:
[09:53:27] [Spigot Watchdog Thread/ERROR]: 		java.security.AccessController.doPrivileged(Native Method)
[09:53:27] [Spigot Watchdog Thread/ERROR]: 		java.net.URLClassLoader.findResource(URLClassLoader.java:569)
[09:53:27] [Spigot Watchdog Thread/ERROR]: 		java.lang.ClassLoader.getResource(ClassLoader.java:1090)
[09:53:27] [Spigot Watchdog Thread/ERROR]: 		com.mysql.jdbc.AbandonedConnectionCleanupThread.checkThreadContextClassLoader(AbandonedConnectionCleanupThread.java:112)
[09:53:27] [Spigot Watchdog Thread/ERROR]: 		com.mysql.jdbc.AbandonedConnectionCleanupThread.run(AbandonedConnectionCleanupThread.java:79)
[09:53:27] [Spigot Watchdog Thread/ERROR]: 		java.util.concurrent.ThreadPoolExecutor.runWorker(ThreadPoolExecutor.java:1149)
[09:53:27] [Spigot Watchdog Thread/ERROR]: 		java.util.concurrent.ThreadPoolExecutor$Worker.run(ThreadPoolExecutor.java:624)
[09:53:27] [Spigot Watchdog Thread/ERROR]: 		java.lang.Thread.run(Thread.java:748)
[09:53:27] [Spigot Watchdog Thread/ERROR]: ------------------------------
[09:53:27] [Spigot Watchdog Thread/ERROR]: Current Thread: Netty Epoll Server IO #0
[09:53:27] [Spigot Watchdog Thread/ERROR]: 	PID: 26 | Suspended: false | Native: true | State: RUNNABLE
[09:53:27] [Spigot Watchdog Thread/ERROR]: 	Stack:
[09:53:27] [Spigot Watchdog Thread/ERROR]: 		io.netty.channel.epoll.Native.epollWait0(Native Method)
[09:53:27] [Spigot Watchdog Thread/ERROR]: 		io.netty.channel.epoll.Native.epollWait(Native.java:114)
[09:53:27] [Spigot Watchdog Thread/ERROR]: 		io.netty.channel.epoll.EpollEventLoop.epollWait(EpollEventLoop.java:239)
[09:53:27] [Spigot Watchdog Thread/ERROR]: 		io.netty.channel.epoll.EpollEventLoop.run(EpollEventLoop.java:256)
[09:53:27] [Spigot Watchdog Thread/ERROR]: 		io.netty.util.concurrent.SingleThreadEventExecutor$5.run(SingleThreadEventExecutor.java:884)
[09:53:27] [Spigot Watchdog Thread/ERROR]: 		java.lang.Thread.run(Thread.java:748)
[09:53:27] [Spigot Watchdog Thread/ERROR]: ------------------------------
[09:53:27] [Spigot Watchdog Thread/ERROR]: Current Thread: ObjectCleanerThread
[09:53:27] [Spigot Watchdog Thread/ERROR]: 	PID: 25 | Suspended: false | Native: false | State: TIMED_WAITING
[09:53:27] [Spigot Watchdog Thread/ERROR]: 	Stack:
[09:53:27] [Spigot Watchdog Thread/ERROR]: 		java.lang.Object.wait(Native Method)
[09:53:27] [Spigot Watchdog Thread/ERROR]: 		java.lang.ref.ReferenceQueue.remove(ReferenceQueue.java:144)
[09:53:27] [Spigot Watchdog Thread/ERROR]: 		io.netty.util.internal.ObjectCleaner$1.run(ObjectCleaner.java:54)
[09:53:27] [Spigot Watchdog Thread/ERROR]: 		io.netty.util.concurrent.FastThreadLocalRunnable.run(FastThreadLocalRunnable.java:30)
[09:53:27] [Spigot Watchdog Thread/ERROR]: 		java.lang.Thread.run(Thread.java:748)
[09:53:27] [Spigot Watchdog Thread/ERROR]: ------------------------------
[09:53:27] [Spigot Watchdog Thread/ERROR]: Current Thread: Spigot Metrics Thread
[09:53:27] [Spigot Watchdog Thread/ERROR]: 	PID: 24 | Suspended: false | Native: false | State: TIMED_WAITING
[09:53:27] [Spigot Watchdog Thread/ERROR]: 	Stack:
[09:53:27] [Spigot Watchdog Thread/ERROR]: 		java.lang.Object.wait(Native Method)
[09:53:27] [Spigot Watchdog Thread/ERROR]: 		java.util.TimerThread.mainLoop(Timer.java:552)
[09:53:27] [Spigot Watchdog Thread/ERROR]: 		java.util.TimerThread.run(Timer.java:505)
[09:53:27] [Spigot Watchdog Thread/ERROR]: ------------------------------
[09:53:27] [Spigot Watchdog Thread/ERROR]: Current Thread: Spigot Watchdog Thread
[09:53:27] [Spigot Watchdog Thread/ERROR]: 	PID: 23 | Suspended: false | Native: false | State: RUNNABLE
[09:53:27] [Spigot Watchdog Thread/ERROR]: 	Stack:
[09:53:27] [Spigot Watchdog Thread/ERROR]: 		sun.management.ThreadImpl.dumpThreads0(Native Method)
[09:53:27] [Spigot Watchdog Thread/ERROR]: 		sun.management.ThreadImpl.dumpAllThreads(ThreadImpl.java:454)
[09:53:27] [Spigot Watchdog Thread/ERROR]: 		org.spigotmc.WatchdogThread.run(WatchdogThread.java:86)
[09:53:27] [Spigot Watchdog Thread/ERROR]: ------------------------------
[09:53:27] [Spigot Watchdog Thread/ERROR]: Current Thread: Java2D Disposer
[09:53:27] [Spigot Watchdog Thread/ERROR]: 	PID: 21 | Suspended: false | Native: false | State: WAITING
[09:53:27] [Spigot Watchdog Thread/ERROR]: 	Stack:
[09:53:27] [Spigot Watchdog Thread/ERROR]: 		java.lang.Object.wait(Native Method)
[09:53:27] [Spigot Watchdog Thread/ERROR]: 		java.lang.ref.ReferenceQueue.remove(ReferenceQueue.java:144)
[09:53:27] [Spigot Watchdog Thread/ERROR]: 		java.lang.ref.ReferenceQueue.remove(ReferenceQueue.java:165)
[09:53:27] [Spigot Watchdog Thread/ERROR]: 		sun.java2d.Disposer.run(Disposer.java:148)
[09:53:27] [Spigot Watchdog Thread/ERROR]: 		java.lang.Thread.run(Thread.java:748)
[09:53:27] [Spigot Watchdog Thread/ERROR]: ------------------------------
[09:53:27] [Spigot Watchdog Thread/ERROR]: Current Thread: Server console handler
[09:53:27] [Spigot Watchdog Thread/ERROR]: 	PID: 19 | Suspended: false | Native: true | State: RUNNABLE
[09:53:27] [Spigot Watchdog Thread/ERROR]: 	Thread is waiting on monitor(s):
[09:53:28] [Spigot Watchdog Thread/ERROR]: 		Locked on:java.io.BufferedInputStream.read(BufferedInputStream.java:265)
[09:53:28] [Spigot Watchdog Thread/ERROR]: 		Locked on:org.bukkit.craftbukkit.libs.jline.internal.InputStreamReader.read(InputStreamReader.java:261)
[09:53:28] [Spigot Watchdog Thread/ERROR]: 		Locked on:org.bukkit.craftbukkit.libs.jline.internal.InputStreamReader.read(InputStreamReader.java:198)
[09:53:28] [Spigot Watchdog Thread/ERROR]: 	Stack:
[09:53:28] [Spigot Watchdog Thread/ERROR]: 		java.io.FileInputStream.readBytes(Native Method)
[09:53:28] [Spigot Watchdog Thread/ERROR]: 		java.io.FileInputStream.read(FileInputStream.java:255)
[09:53:28] [Spigot Watchdog Thread/ERROR]: 		java.io.BufferedInputStream.fill(BufferedInputStream.java:246)
[09:53:28] [Spigot Watchdog Thread/ERROR]: 		java.io.BufferedInputStream.read(BufferedInputStream.java:265)
[09:53:28] [Spigot Watchdog Thread/ERROR]: 		org.bukkit.craftbukkit.libs.jline.internal.NonBlockingInputStream.read(NonBlockingInputStream.java:248)
[09:53:28] [Spigot Watchdog Thread/ERROR]: 		org.bukkit.craftbukkit.libs.jline.internal.InputStreamReader.read(InputStreamReader.java:261)
[09:53:28] [Spigot Watchdog Thread/ERROR]: 		org.bukkit.craftbukkit.libs.jline.internal.InputStreamReader.read(InputStreamReader.java:198)
[09:53:28] [Spigot Watchdog Thread/ERROR]: 		org.bukkit.craftbukkit.libs.jline.console.ConsoleReader.readCharacter(ConsoleReader.java:2145)
[09:53:28] [Spigot Watchdog Thread/ERROR]: 		org.bukkit.craftbukkit.libs.jline.console.ConsoleReader.readLineSimple(ConsoleReader.java:3183)
[09:53:28] [Spigot Watchdog Thread/ERROR]: 		org.bukkit.craftbukkit.libs.jline.console.ConsoleReader.readLine(ConsoleReader.java:2333)
[09:53:28] [Spigot Watchdog Thread/ERROR]: 		org.bukkit.craftbukkit.libs.jline.console.ConsoleReader.readLine(ConsoleReader.java:2269)
[09:53:28] [Spigot Watchdog Thread/ERROR]: 		org.bukkit.craftbukkit.libs.jline.console.ConsoleReader.readLine(ConsoleReader.java:2257)
[09:53:28] [Spigot Watchdog Thread/ERROR]: 		net.minecraft.server.v1_15_R1.DedicatedServer$2.run(DedicatedServer.java:105)
[09:53:28] [Spigot Watchdog Thread/ERROR]: ------------------------------
[09:53:28] [Spigot Watchdog Thread/ERROR]: Current Thread: TerminalConsoleWriter
[09:53:28] [Spigot Watchdog Thread/ERROR]: 	PID: 20 | Suspended: false | Native: false | State: WAITING
[09:53:28] [Spigot Watchdog Thread/ERROR]: 	Stack:
[09:53:28] [Spigot Watchdog Thread/ERROR]: 		sun.misc.Unsafe.park(Native Method)
[09:53:28] [Spigot Watchdog Thread/ERROR]: 		java.util.concurrent.locks.LockSupport.park(LockSupport.java:175)
[09:53:28] [Spigot Watchdog Thread/ERROR]: 		java.util.concurrent.locks.AbstractQueuedSynchronizer$ConditionObject.await(AbstractQueuedSynchronizer.java:2039)
[09:53:28] [Spigot Watchdog Thread/ERROR]: 		java.util.concurrent.LinkedBlockingQueue.take(LinkedBlockingQueue.java:442)
[09:53:28] [Spigot Watchdog Thread/ERROR]: 		com.mojang.util.QueueLogAppender.getNextLogEvent(QueueLogAppender.java:77)
[09:53:28] [Spigot Watchdog Thread/ERROR]: 		org.bukkit.craftbukkit.v1_15_R1.util.TerminalConsoleWriterThread.run(TerminalConsoleWriterThread.java:31)
[09:53:28] [Spigot Watchdog Thread/ERROR]: ------------------------------
[09:53:28] [Spigot Watchdog Thread/ERROR]: Current Thread: DestroyJavaVM
[09:53:28] [Spigot Watchdog Thread/ERROR]: 	PID: 18 | Suspended: false | Native: false | State: RUNNABLE
[09:53:28] [Spigot Watchdog Thread/ERROR]: 	Stack:
[09:53:28] [Spigot Watchdog Thread/ERROR]: ------------------------------
[09:53:28] [Spigot Watchdog Thread/ERROR]: Current Thread: Server thread
[09:53:28] [Spigot Watchdog Thread/ERROR]: 	PID: 14 | Suspended: false | Native: false | State: RUNNABLE
[09:53:28] [Spigot Watchdog Thread/ERROR]: 	Stack:
[09:53:28] [Spigot Watchdog Thread/ERROR]: 		net.minecraft.server.v1_15_R1.DataWatcher.set(DataWatcher.java:132)
[09:53:28] [Spigot Watchdog Thread/ERROR]: 		net.minecraft.server.v1_15_R1.Entity.setAirTicks(Entity.java:2230)
[09:53:28] [Spigot Watchdog Thread/ERROR]: 		net.minecraft.server.v1_15_R1.EntityLiving.entityBaseTick(EntityLiving.java:269)
[09:53:28] [Spigot Watchdog Thread/ERROR]: 		net.minecraft.server.v1_15_R1.Entity.tick(Entity.java:357)
[09:53:28] [Spigot Watchdog Thread/ERROR]: 		net.minecraft.server.v1_15_R1.EntityLiving.tick(EntityLiving.java:2265)
[09:53:28] [Spigot Watchdog Thread/ERROR]: 		net.minecraft.server.v1_15_R1.EntityArmorStand.tick(EntityArmorStand.java:601)
[09:53:28] [Spigot Watchdog Thread/ERROR]: 		net.minecraft.server.v1_15_R1.WorldServer.entityJoinedWorld(WorldServer.java:626)
[09:53:28] [Spigot Watchdog Thread/ERROR]: 		net.minecraft.server.v1_15_R1.WorldServer$$Lambda$2784/2098146356.accept(Unknown Source)
[09:53:28] [Spigot Watchdog Thread/ERROR]: 		net.minecraft.server.v1_15_R1.World.a(World.java:692)
[09:53:28] [Spigot Watchdog Thread/ERROR]: 		net.minecraft.server.v1_15_R1.WorldServer.doTick(WorldServer.java:395)
[09:53:28] [Spigot Watchdog Thread/ERROR]: 		net.minecraft.server.v1_15_R1.MinecraftServer.b(MinecraftServer.java:1082)
[09:53:28] [Spigot Watchdog Thread/ERROR]: 		net.minecraft.server.v1_15_R1.DedicatedServer.b(DedicatedServer.java:406)
[09:53:28] [Spigot Watchdog Thread/ERROR]: 		net.minecraft.server.v1_15_R1.MinecraftServer.a(MinecraftServer.java:984)
[09:53:28] [Spigot Watchdog Thread/ERROR]: 		net.minecraft.server.v1_15_R1.MinecraftServer.run(MinecraftServer.java:824)
[09:53:28] [Spigot Watchdog Thread/ERROR]: 		java.lang.Thread.run(Thread.java:748)
[09:53:28] [Spigot Watchdog Thread/ERROR]: ------------------------------
[09:53:28] [Spigot Watchdog Thread/ERROR]: Current Thread: Server Infinisleeper
[09:53:28] [Spigot Watchdog Thread/ERROR]: 	PID: 17 | Suspended: false | Native: false | State: TIMED_WAITING
[09:53:28] [Spigot Watchdog Thread/ERROR]: 	Stack:
[09:53:28] [Spigot Watchdog Thread/ERROR]: 		java.lang.Thread.sleep(Native Method)
[09:53:28] [Spigot Watchdog Thread/ERROR]: 		net.minecraft.server.v1_15_R1.DedicatedServer$1.run(DedicatedServer.java:70)
[09:53:28] [Spigot Watchdog Thread/ERROR]: ------------------------------
[09:53:28] [Spigot Watchdog Thread/ERROR]: Current Thread: Snooper Timer
[09:53:28] [Spigot Watchdog Thread/ERROR]: 	PID: 13 | Suspended: false | Native: false | State: WAITING
[09:53:28] [Spigot Watchdog Thread/ERROR]: 	Stack:
[09:53:28] [Spigot Watchdog Thread/ERROR]: 		java.lang.Object.wait(Native Method)
[09:53:28] [Spigot Watchdog Thread/ERROR]: 		java.lang.Object.wait(Object.java:502)
[09:53:28] [Spigot Watchdog Thread/ERROR]: 		java.util.TimerThread.mainLoop(Timer.java:526)
[09:53:28] [Spigot Watchdog Thread/ERROR]: 		java.util.TimerThread.run(Timer.java:505)
[09:53:28] [Spigot Watchdog Thread/ERROR]: ------------------------------
[09:53:28] [Spigot Watchdog Thread/ERROR]: Current Thread: Signal Dispatcher
[09:53:28] [Spigot Watchdog Thread/ERROR]: 	PID: 5 | Suspended: false | Native: false | State: RUNNABLE
[09:53:28] [Spigot Watchdog Thread/ERROR]: 	Stack:
[09:53:28] [Spigot Watchdog Thread/ERROR]: ------------------------------
[09:53:28] [Spigot Watchdog Thread/ERROR]: Current Thread: Finalizer
[09:53:28] [Spigot Watchdog Thread/ERROR]: 	PID: 3 | Suspended: false | Native: false | State: WAITING
[09:53:28] [Spigot Watchdog Thread/ERROR]: 	Stack:
[09:53:28] [Spigot Watchdog Thread/ERROR]: 		java.lang.Object.wait(Native Method)
[09:53:28] [Spigot Watchdog Thread/ERROR]: 		java.lang.ref.ReferenceQueue.remove(ReferenceQueue.java:144)
[09:53:28] [Spigot Watchdog Thread/ERROR]: 		java.lang.ref.ReferenceQueue.remove(ReferenceQueue.java:165)
[09:53:28] [Spigot Watchdog Thread/ERROR]: 		java.lang.ref.Finalizer$FinalizerThread.run(Finalizer.java:216)
[09:53:28] [Spigot Watchdog Thread/ERROR]: ------------------------------
[09:53:28] [Spigot Watchdog Thread/ERROR]: Current Thread: Reference Handler
[09:53:28] [Spigot Watchdog Thread/ERROR]: 	PID: 2 | Suspended: false | Native: false | State: WAITING
[09:53:28] [Spigot Watchdog Thread/ERROR]: 	Stack:
[09:53:28] [Spigot Watchdog Thread/ERROR]: 		java.lang.Object.wait(Native Method)
[09:53:28] [Spigot Watchdog Thread/ERROR]: 		java.lang.Object.wait(Object.java:502)
[09:53:28] [Spigot Watchdog Thread/ERROR]: 		java.lang.ref.Reference.tryHandlePending(Reference.java:191)
[09:53:28] [Spigot Watchdog Thread/ERROR]: 		java.lang.ref.Reference$ReferenceHandler.run(Reference.java:153)
[09:53:28] [Spigot Watchdog Thread/ERROR]: ------------------------------
[09:53:31] [Spigot Watchdog Thread/INFO]: Startup script './start.sh' does not exist! Stopping server.
[09:53:31] [Spigot Watchdog Thread/INFO]: Stopping server
[09:53:32] [Spigot Watchdog Thread/INFO]: [RealScoreboard] Disabling RealScoreboard v8-2-2020 Build 1
[09:53:43] [Spigot Watchdog Thread/INFO]: [MiaoChat] Disabling MiaoChat v1.8.9-git-f22113584d750a8d95fb5df80d226af9abc4e80e
[09:53:44] [Spigot Watchdog Thread/INFO]: [BetterSleeping] Disabling BetterSleeping v2.6.0
[09:53:45] [Spigot Watchdog Thread/INFO]: [FastLogin] Disabling FastLogin v1.10-git484855724b794de1fe057cf7360245362658b432
[09:53:54] [Spigot Watchdog Thread/INFO]: HikariPool-2 - Shutdown initiated...
[09:54:18] [Spigot Watchdog Thread/INFO]: HikariPool-2 - Shutdown completed.
[09:54:25] [Spigot Watchdog Thread/INFO]: [ProtocolLib] Disabling ProtocolLib v4.5.0
[09:55:19] [Spigot Watchdog Thread/INFO]: [PlaceholderAPI] Disabling PlaceholderAPI v2.10.4
[09:55:19] [Spigot Watchdog Thread/INFO]: [LoginSecurity] Disabling LoginSecurity v3.0.1
[09:55:19] [User Authenticator #7/INFO]: Disconnecting com.mojang.authlib.GameProfile@2d688931[id=5525823a-7a02-369b-8b70-7af5597dd8e4,name=ChengXi123,properties={},legacy=false] (/223.208.130.78:51284): Failed to verify username!
[09:55:19] [Spigot Watchdog Thread/INFO]: [LoginSecurity] Waiting for queued tasks...
[09:55:19] [Spigot Watchdog Thread/INFO]: [LoginSecurity] ExecutorService shut down, ready to disable.
[09:55:19] [Spigot Watchdog Thread/INFO]: [SkinsRestorer] Disabling SkinsRestorer v13.7.5
[09:55:19] [Spigot Watchdog Thread/INFO]: [Graves] Disabling Graves v3.2
[09:55:19] [Server thread/INFO]: com.mojang.authlib.GameProfile@12cb9f70[id=<null>,name=ChengXi123,properties={},legacy=false] (/223.208.130.78:51284) lost connection: Disconnected
[09:55:19] [User Authenticator #7/WARN]: Exception verifying ChengXi123
java.lang.IllegalStateException: AsyncPlayerPreLoginEvent cannot be triggered asynchronously from primary server thread.
	at org.bukkit.plugin.SimplePluginManager.callEvent(SimplePluginManager.java:568) ~[spigot-1.15.2.jar:git-Spigot-6de3d4b-796eb15]
	at net.minecraft.server.v1_15_R1.LoginListener$LoginHandler.fireEvents(LoginListener.java:271) ~[spigot-1.15.2.jar:git-Spigot-6de3d4b-796eb15]
	at net.minecraft.server.v1_15_R1.LoginListener$1.run(LoginListener.java:184) [spigot-1.15.2.jar:git-Spigot-6de3d4b-796eb15]
[09:55:20] [Spigot Watchdog Thread/INFO]: [EzWhiteList] Disabling EzWhiteList v1.1-release
[09:55:20] [Spigot Watchdog Thread/INFO]: EzWL >> 保存数据
[09:55:20] [Spigot Watchdog Thread/INFO]: EzWL >> 保存完毕
[09:55:20] [Spigot Watchdog Thread/INFO]: Saving players
[09:55:20] [Spigot Watchdog Thread/INFO]: Saving worlds
[09:55:20] [Spigot Watchdog Thread/INFO]: Saving chunks for level 'skimit'/minecraft:overworld
[10:07:48] [Spigot Watchdog Thread/INFO]: ThreadedAnvilChunkStorage (skimit): All chunks are saved
[10:07:48] [Spigot Watchdog Thread/INFO]: Saving chunks for level 'skimit_nether'/minecraft:the_nether
[10:07:48] [Spigot Watchdog Thread/INFO]: ThreadedAnvilChunkStorage (DIM-1): All chunks are saved
[10:07:48] [Spigot Watchdog Thread/INFO]: Saving chunks for level 'skimit_the_end'/minecraft:the_end
[10:07:48] [Spigot Watchdog Thread/INFO]: ThreadedAnvilChunkStorage (DIM1): All chunks are saved
[10:08:02] [Spigot Watchdog Thread/INFO]: ThreadedAnvilChunkStorage (skimit): All chunks are saved
[10:08:02] [Spigot Watchdog Thread/INFO]: ThreadedAnvilChunkStorage (DIM-1): All chunks are saved
[10:08:02] [Spigot Watchdog Thread/INFO]: ThreadedAnvilChunkStorage (DIM1): All chunks are saved
