[12:09:18] [Server thread/INFO]: wushi_[/101.132.153.204:55145] logged in with entity id 714024 at (12.619649734918031, 63.5, -507.10360465364914)
[12:09:18] [Server thread/INFO]: wushi_ joined the game
[12:09:18] [Netty Epoll Server IO #6/WARN]: Received invalid identifier in minecraft:register: legacy:fml|hs (Non [a-z0-9/._-] character in path of location: legacy:fml|hs)
[12:09:21] [Netty Epoll Server IO #6/WARN]: Player wushi_ joined with another carpet version: 1.4.11+v200910
[12:12:58] [Server thread/INFO]: wushi_ lost connection: Disconnected
[12:12:58] [Server thread/INFO]: wushi_ left the game
[12:18:59] [Server thread/INFO]: MPCQUQ[/101.132.153.204:40379] logged in with entity id 715301 at (-42.5, 64.0, 239.5)
[12:18:59] [Server thread/INFO]: MPCQUQ joined the game
[12:18:59] [Netty Epoll Server IO #1/WARN]: Received invalid identifier in minecraft:register: legacy:fml|hs (Non [a-z0-9/._-] character in path of location: legacy:fml|hs)
[12:19:00] [Netty Epoll Server IO #1/WARN]: Received invalid identifier in minecraft:register: legacy:fml|hs (Non [a-z0-9/._-] character in path of location: legacy:fml|hs)
[12:21:34] [Server thread/INFO]: <MPCQUQ> \
[12:23:47] [Server thread/INFO]: <MPCQUQ> o
[12:32:52] [Server thread/INFO]: MPCQUQ has made the advancement [Stone Age]
[12:35:14] [Server thread/INFO]: MPCQUQ has made the advancement [Getting an Upgrade]
[12:36:06] [Server thread/INFO]: MPCQUQ has made the advancement [Monster Hunter]
[12:38:25] [Server thread/INFO]: MPCQUQ was shot by Skeleton
[12:38:49] [Server thread/INFO]: MPCQUQ has made the advancement [We Need to Go Deeper]
[12:49:56] [Server thread/INFO]: <MPCQUQ> ]
[12:50:50] [Server thread/INFO]: MPCQUQ lost connection: Disconnected
[12:50:50] [Server thread/INFO]: MPCQUQ left the game
[16:09:18] [Server thread/INFO]: [Textile Backup] Backup started by: Timer on: 2020-12-05_16-09-18
[16:09:18] [Server thread/INFO]: Saving server...
[16:09:18] [Server thread/INFO]: [Textile Backup] Saving server...
[16:09:18] [Server thread/INFO]: ThreadedAnvilChunkStorage (world): All chunks are saved
[16:09:18] [Server thread/INFO]: ThreadedAnvilChunkStorage (DIM-1): All chunks are saved
[16:09:18] [Server thread/INFO]: ThreadedAnvilChunkStorage (DIM1): All chunks are saved
[16:09:18] [pool-3-thread-1/INFO]: Starting backup
[16:09:18] [pool-3-thread-1/INFO]: [Textile Backup] Starting backup
[16:09:18] [pool-3-thread-1/INFO]: Starting compression...
[16:09:18] [pool-3-thread-1/ERROR]: [Textile Backup] An exception occurred!
java.util.concurrent.ExecutionException: java.io.IOException: No space left on device
	at java.util.concurrent.FutureTask.report(FutureTask.java:122) ~[?:1.8.0_275]
	at java.util.concurrent.FutureTask.get(FutureTask.java:192) ~[?:1.8.0_275]
	at org.apache.commons.compress.archivers.zip.ParallelScatterZipCreator.writeTo(ParallelScatterZipCreator.java:266) ~[7d724b66-2d03-45f0-aed7-29fa581bbf8b.jar:?]
	at net.szum123321.textile_backup.core.create.compressors.ParallelZipCompressor.createArchive(ParallelZipCompressor.java:77) [%5B%E5%A4%87%E4%BB%BD%5Dtextile_backup-2.0.1-1.16.3.jar:?]
	at net.szum123321.textile_backup.core.create.MakeBackupRunnable.run(MakeBackupRunnable.java:76) [%5B%E5%A4%87%E4%BB%BD%5Dtextile_backup-2.0.1-1.16.3.jar:?]
	at java.util.concurrent.Executors$RunnableAdapter.call(Executors.java:511) [?:1.8.0_275]
	at java.util.concurrent.FutureTask.run(FutureTask.java:266) [?:1.8.0_275]
	at java.util.concurrent.ThreadPoolExecutor.runWorker(ThreadPoolExecutor.java:1149) [?:1.8.0_275]
	at java.util.concurrent.ThreadPoolExecutor$Worker.run(ThreadPoolExecutor.java:624) [?:1.8.0_275]
	at java.lang.Thread.run(Thread.java:748) [?:1.8.0_275]
Caused by: java.io.IOException: No space left on device
	at sun.nio.ch.FileDispatcherImpl.write0(Native Method) ~[?:1.8.0_275]
	at sun.nio.ch.FileDispatcherImpl.write(FileDispatcherImpl.java:60) ~[?:1.8.0_275]
	at sun.nio.ch.IOUtil.writeFromNativeBuffer(IOUtil.java:93) ~[?:1.8.0_275]
	at sun.nio.ch.IOUtil.write(IOUtil.java:65) ~[?:1.8.0_275]
	at sun.nio.ch.FileChannelImpl.write(FileChannelImpl.java:211) ~[?:1.8.0_275]
	at java.nio.channels.Channels.writeFullyImpl(Channels.java:78) ~[?:1.8.0_275]
	at java.nio.channels.Channels.writeFully(Channels.java:101) ~[?:1.8.0_275]
	at java.nio.channels.Channels.access$000(Channels.java:61) ~[?:1.8.0_275]
	at java.nio.channels.Channels$1.write(Channels.java:174) ~[?:1.8.0_275]
	at org.apache.commons.compress.parallel.FileBasedScatterGatherBackingStore.writeOut(FileBasedScatterGatherBackingStore.java:65) ~[7d724b66-2d03-45f0-aed7-29fa581bbf8b.jar:?]
	at org.apache.commons.compress.archivers.zip.StreamCompressor$ScatterGatherBackingStoreCompressor.writeOut(StreamCompressor.java:291) ~[7d724b66-2d03-45f0-aed7-29fa581bbf8b.jar:?]
	at org.apache.commons.compress.archivers.zip.StreamCompressor.writeCounted(StreamCompressor.java:273) ~[7d724b66-2d03-45f0-aed7-29fa581bbf8b.jar:?]
	at org.apache.commons.compress.archivers.zip.StreamCompressor.deflate(StreamCompressor.java:264) ~[7d724b66-2d03-45f0-aed7-29fa581bbf8b.jar:?]
	at org.apache.commons.compress.archivers.zip.StreamCompressor.deflateUntilInputIsNeeded(StreamCompressor.java:257) ~[7d724b66-2d03-45f0-aed7-29fa581bbf8b.jar:?]
	at org.apache.commons.compress.archivers.zip.StreamCompressor.writeDeflated(StreamCompressor.java:238) ~[7d724b66-2d03-45f0-aed7-29fa581bbf8b.jar:?]
	at org.apache.commons.compress.archivers.zip.StreamCompressor.write(StreamCompressor.java:205) ~[7d724b66-2d03-45f0-aed7-29fa581bbf8b.jar:?]
	at org.apache.commons.compress.archivers.zip.StreamCompressor.deflate(StreamCompressor.java:184) ~[7d724b66-2d03-45f0-aed7-29fa581bbf8b.jar:?]
	at org.apache.commons.compress.archivers.zip.ScatterZipOutputStream.addArchiveEntry(ScatterZipOutputStream.java:100) ~[7d724b66-2d03-45f0-aed7-29fa581bbf8b.jar:?]
	at org.apache.commons.compress.archivers.zip.ParallelScatterZipCreator$3.call(ParallelScatterZipCreator.java:210) ~[7d724b66-2d03-45f0-aed7-29fa581bbf8b.jar:?]
	at org.apache.commons.compress.archivers.zip.ParallelScatterZipCreator$3.call(ParallelScatterZipCreator.java:206) ~[7d724b66-2d03-45f0-aed7-29fa581bbf8b.jar:?]
	... 4 more
[16:09:18] [pool-3-thread-1/ERROR]: Something went wrong while compressing files!
[16:09:18] [pool-3-thread-1/INFO]: Compression took: 00.687 seconds.
[16:09:20] [pool-3-thread-1/INFO]: Done!
[16:09:20] [pool-3-thread-1/INFO]: [Textile Backup] Done!
