[20:44:07] [main/INFO]: Loading for game Minecraft 1.16.1
[20:44:12] [main/INFO]: [FabricLoader] Loading 50 mods: fabric-renderer-api-v1@0.2.13+eae12eb87c, fabric-keybindings-v0@0.2.0+3fa9f7c57c, fabricloader@0.8.8+build.202, com_github_shevek_parallelgzip@master-SNAPSHOT, fabric-containers-v0@0.1.8+045df74f7c, lithium@0.5.0, fabric-object-builder-api-v1@1.5.5+e00ecb5f7c, fabric-dimensions-v1@1.0.0+a71b30537c, fabric-api-base@0.1.3+12a8474c7c, fabric-rendering-data-attachment-v1@0.1.3+b7f9825d7c, fabric-textures-v0@1.0.4+eae12eb87c, fabric-rendering-fluids-v1@0.1.7+12a8474c7c, cotton-logging@1.0.0-rc.4, fabric-blockrenderlayer-v1@1.1.4+c6a8ea897c, fabric-renderer-registries-v1@2.0.1+5a0f9a607c, carpet-extra@1.4.0, fabric-loot-tables-v1@0.1.10+059ea8667c, fabric@0.13.1+build.370-1.16, carpet@1.4.0, fabric-particles-v1@0.2.1+0a6f2a707c, fabric-networking-v0@0.1.10+e00ecb5f7c, cotton-config@1.0.0-rc.7, fabric-networking-blockentity-v0@0.2.5+b50ffc7b7c, minecraft@1.16.1, fabric-screen-handler-api-v1@1.0.1+f362c86e7c, here@0.0.8-mc1.16, fabric-command-api-v1@1.0.8+5ce533987c, jankson@3.0.0+j1.2.0, phosphor@0.6.0+build.7, fabric-tool-attribute-api-v1@1.1.4+5794386e7c, fabric-renderer-indigo@0.3.1+059ea8667c, org_apache_commons_commons-compress@1.19, fabric-biomes-v1@0.2.7+059ea8667c, fabric-events-interaction-v0@0.3.3+7066030f7c, fabric-crash-report-info-v1@0.1.2+b7f9825d7c, fabric-rendering-v0@1.1.0+534104907c, fabric-key-binding-api-v1@1.0.0+e16a97747c, fabric-rendering-v1@1.1.2+346247d77c, org_tukaani_xz@1.8, fabric-resource-loader-v0@0.2.5+059ea8667c, fabric-content-registries-v0@0.1.9+059ea8667c, fabric-tag-extensions-v0@0.2.5+5a6e8f4c7c, fabric-registry-sync-v0@0.3.8+7dba2d6c7c, fabric-commands-v0@0.2.0+52d308367c, textile_backup@1.2.3-1.16.1, fabric-mining-levels-v0@0.1.2+b764ce997c, fabric-events-lifecycle-v0@0.1.3+0d474ec47c, fabric-models-v0@0.1.0+dfdb52d67c, fabric-item-groups-v0@0.2.0+438f96367c, fabric-object-builders-v0@0.6.0+da175ad67c
[20:44:12] [main/WARN]: Mod `com_github_shevek_parallelgzip` (master-SNAPSHOT) does not respect SemVer - comparison support is limited.
[20:44:12] [main/INFO]: SpongePowered MIXIN Subsystem Version=0.8 Source=file:/C:/Server/skimit_survival/fabric-server-launch.jar Service=Knot/Fabric Env=SERVER
[20:44:17] [main/WARN]: @Mixin target net/minecraft/class_3898$class_3208 is public in fabric-networking-v0.mixins.json:MixinEntityTracker and should be specified in value
[20:44:21] [main/WARN]: @Mixin target ne[20:44:58] [main/INFO]: Environment: authHost='https://authserver.mojang.com', accountsHost='https://api.mojang.com', sessionHost='https://sessionserver.mojang.com', name='PROD'
[20:45:12] [main/WARN]: Ambiguity between arguments [teleport, destination] and [teleport, targets] with inputs: [Player, 0123, @e, dd12be42-52a9-4a91-a8a1-11c01849e498]
[20:45:12] [main/WARN]: Ambiguity between arguments [teleport, location] and [teleport, destination] with inputs: [0.1 -0.5 .9, 0 0 0]
[20:45:12] [main/WARN]: Ambiguity between arguments [teleport, location] and [teleport, targets] with inputs: [0.1 -0.5 .9, 0 0 0]
[20:45:12] [main/WARN]: Ambiguity between arguments [teleport, targets] and [teleport, destination] with inputs: [Player, 0123, dd12be42-52a9-4a91-a8a1-11c01849e498]
[20:45:12] [main/WARN]: Ambiguity between arguments [teleport, targets, location] and [teleport, targets, destination] with inputs: [0.1 -0.5 .9, 0 0 0]
[20:45:16] [main/INFO]: Reloading ResourceManager: Default, bukkit, Fabric Tool Attribute API (v1)
[20:45:22] [Worker-Main-2/INFO]: Loaded 7 recipes
[20:45:23] [Worker-Main-2/INFO]: Loaded 927 advancements
[20:45:27] [main/WARN]: [fabric-registry-sync] Could not find the following registries: minecraft:biome_source_type, minecraft:dimension_type, minecraft:chunk_generator_type
[20:45:27] [main/INFO]: [fabric-registry-sync] Loaded registry data [file 1/4]
[20:45:31] [Server thread/INFO]: Starting minecraft server version 1.16.1
[20:45:31] [Server thread/INFO]: Loading properties
[20:45:31] [Server thread/INFO]: Default game type: SURVIVAL
[20:45:31] [Server thread/INFO]: Generating keypair
[20:45:34] [Server thread/INFO]: Starting Minecraft server on *:26565
[20:45:34] [Server thread/INFO]: Using default channel type
[20:45:45] [Server thread/WARN]: **** SERVER IS RUNNING IN OFFLINE/INSECURE MODE!
[20:45:45] [Server thread/WARN]: The server will make no attempt to authenticate usernames. Beware.
[20:45:45] [Server thread/WARN]: While this makes the game possible to play without internet access, it also opens up the ability for hackers to connect with any username they choose.
[20:45:45] [Server thread/WARN]: To change this, set "online-mode" to "true" in the server.properties file.
[20:45:49] [Server thread/INFO]: Preparing level "world"
[20:45:49] [Server thread/ERROR]: [CM]: Carpet Mod Setting commandCameramode is not a valid - ignoring...
[20:45:49] [Server thread/INFO]: [CM]: loaded setting commandDraw as false from carpet.conf
[20:45:49] [Server thread/INFO]: [CM]: loaded setting rotatorBlock as true from carpet.conf
[20:45:49] [Server thread/INFO]: [CM]: loaded setting combineXPOrbs as true from carpet.conf
[20:45:49] [Server thread/INFO]: [CM]: loaded setting onePlayerSleeping as true from carpet.conf
[20:45:49] [Server thread/INFO]: [CM]: loaded setting portalSuffocationFix as true from carpet.conf
[20:45:49] [Server thread/INFO]: [CM]: loaded setting leadFix as true from carpet.conf
[20:45:49] [Server thread/INFO]: [CM]: loaded setting antiCheatDisabled as true from carpet.conf
[20:45:49] [Server thread/INFO]: [CM]: loaded setting defaultLoggers as tps,mobcaps from carpet.conf
[20:45:49] [Server thread/INFO]: [CM]: loaded setting unloadedEntityFix as true from carpet.conf
[20:45:49] [Server thread/INFO]: [CM]: loaded setting ctrlQCraftingFix as true from carpet.conf
[20:45:53] [Server thread/INFO]: Preparing start region for dimension minecraft:overworld
[20:46:18] [Server thread/INFO]: Preparing spawn area: 0%
[20:46:18] [Server thread/INFO]: Preparing spawn area: 0%
[20:46:18] [Server thread/INFO]: Preparing spawn area: 0%
[20:46:18] [Server thread/INFO]: Preparing spawn area: 0%
[20:46:18] [Server thread/INFO]: Preparing spawn area: 0%
[20:46:18] [Server thread/INFO]: Preparing spawn area: 0%
[20:46:18] [Server thread/INFO]: Preparing spawn area: 0%
[20:46:18] [Server thread/INFO]: Preparing spawn area: 0%
[20:46:18] [Server thread/INFO]: Preparing spawn area: 0%
[20:46:18] [Server thread/INFO]: Preparing spawn area: 0%
[20:46:18] [Server thread/INFO]: Preparing spawn area: 0%
[20:46:18] [Server thread/INFO]: Preparing spawn area: 0%
[20:46:18] [Server thread/INFO]: Preparing spawn area: 0%
[20:46:18] [Server thread/INFO]: Preparing spawn area: 0%
[20:46:18] [Server thread/INFO]: Preparing spawn area: 0%
[20:46:18] [Server thread/INFO]: Preparing spawn area: 0%
[20:46:18] [Server thread/INFO]: Preparing spawn area: 0%
[20:46:18] [Server thread/INFO]: Preparing spawn area: 0%
[20:46:18] [Server thread/INFO]: Preparing spawn area: 0%
[20:46:18] [Server thread/INFO]: Preparing spawn area: 0%
[20:46:18] [Server thread/INFO]: Preparing spawn area: 0%
[20:46:18] [Server thread/INFO]: Preparing spawn area: 0%
[20:46:18] [Server thread/INFO]: Preparing spawn area: 0%
[20:46:18] [Server thread/INFO]: Preparing spawn area: 0%
[20:46:18] [Server thread/INFO]: Preparing spawn area: 0%
[20:46:18] [Server thread/INFO]: Preparing spawn area: 0%
[20:46:18] [Server thread/INFO]: Preparing spawn area: 0%
[20:46:18] [Server thread/INFO]: Preparing spawn area: 0%
[20:46:18] [Server thread/INFO]: Preparing spawn area: 0%
[20:46:18] [Server thread/INFO]: Preparing spawn area: 0%
[20:46:18] [Server thread/INFO]: Preparing spawn area: 0%
[20:46:18] [Server thread/INFO]: Preparing spawn area: 0%
[20:46:18] [Server thread/INFO]: Preparing spawn area: 0%
[20:46:18] [Server thread/INFO]: Preparing spawn area: 0%
[20:46:18] [Server thread/INFO]: Preparing spawn area: 0%
[20:46:18] [Server thread/INFO]: Preparing spawn area: 0%
[20:46:18] [Server thread/INFO]: Preparing spawn area: 0%
[20:46:18] [Server thread/INFO]: Preparing spawn area: 0%
[20:46:18] [Server thread/INFO]: Preparing spawn area: 0%
[20:46:18] [Server thread/INFO]: Preparing spawn area: 0%
[20:46:18] [Server thread/INFO]: Preparing spawn area: 0%
[20:46:18] [Server thread/INFO]: Preparing spawn area: 0%
[20:46:18] [Server thread/INFO]: Preparing spawn area: 0%
[20:46:18] [Server thread/INFO]: Preparing spawn area: 0%
[20:46:18] [Server thread/INFO]: Preparing spawn area: 0%
[20:46:18] [Server thread/INFO]: Preparing spawn area: 0%
[20:46:18] [Server thread/INFO]: Preparing spawn area: 0%
[20:46:18] [Server thread/INFO]: Preparing spawn area: 0%
[20:46:18] [Server thread/INFO]: Preparing spawn area: 0%
[20:46:18] [Server thread/INFO]: Preparing spawn area: 0%
[20:46:18] [Server thread/INFO]: Preparing spawn area: 0%
[20:46:19] [Server thread/INFO]: Preparing spawn area: 0%
[20:46:19] [Worker-Main-3/INFO]: Preparing spawn area: 0%
[20:46:20] [Worker-Main-3/INFO]: Preparing spawn area: 0%
[20:46:23] [Server thread/INFO]: Preparing spawn area: 0%
[20:46:23] [Server thread/INFO]: Preparing spawn area: 0%
[20:46:23] [Server thread/INFO]: Preparing spawn area: 0%
[20:46:23] [Server thread/INFO]: Preparing spawn area: 0%
[20:46:23] [Server thread/INFO]: Preparing spawn area: 0%
[20:46:23] [Server thread/INFO]: Preparing spawn area: 0%
[20:46:25] [Server thread/INFO]: Preparing spawn area: 83%
[20:46:25] [Server thread/INFO]: Preparing spawn area: 83%
[20:46:25] [Server thread/INFO]: Preparing spawn area: 83%
[20:46:25] [Server thread/INFO]: Preparing spawn area: 83%
[20:46:25] [Server thread/INFO]: Preparing spawn area: 83%
[20:46:40] [Server thread/INFO]: Time elapsed: 46756 ms
[20:46:40] [Server thread/INFO]: Done (51.322s)! For help, type "help"
[20:46:40] [Server thread/INFO]: Starting remote control listener
[20:46:40] [Server thread/INFO]: Thread RCON Listener started
[20:46:40] [RCON Listener #1/INFO]: RCON running on 0.0.0.0:25636
[20:46:43] [Server thread/WARN]: Can't keep up! Is the server overloaded? Running 3328ms or 66 ticks behind
[20:47:05] [Server thread/INFO]: Backup started by: Server on: 2020-07-06_20-47-05
[20:47:05] [Server thread/INFO]: Saving server...
[20:47:05] [Server thread/INFO]: Saving server...
[20:47:15] [Server thread/INFO]: ThreadedAnvilChunkStorage (world): All chunks are saved
[20:47:15] [Server thread/INFO]: ThreadedAnvilChunkStorage (DIM-1): All chunks are saved
[20:47:16] [Server thread/INFO]: ThreadedAnvilChunkStorage (DIM1): All chunks are saved
[20:47:16] [Thread-60/INFO]: Starting backup
[20:47:16] [Thread-60/INFO]: Starting backup
[20:47:20] [Thread-60/INFO]: Starting compression...
[20:47:20] [Thread-60/INFO]: Starting compression...
[20:47:23] [Server thread/WARN]: Can't keep up! Is the server overloaded? Running 24478ms or 489 ticks behind
[20:47:46] [Server thread/WARN]: Can't keep up! Is the server overloaded? Running 2141ms or 42 ticks behind
[20:47:46] [Thread-60/INFO]: Compression took: 26.670923499s
[20:47:46] [Thread-60/INFO]: Compression took: 26.670923499s
[20:47:46] [Thread-60/INFO]: Deleting: 2020-07-05_09-41-20.zip
[20:47:46] [Thread-60/INFO]: Deleting: 2020-07-05_09-41-20.zip
[20:47:46] [Thread-60/INFO]: Done!
[20:47:46] [Thread-60/INFO]: Done!
[20:55:02] [Server thread/INFO]: Stopping the server
[20:55:02] [Server thread/INFO]: Unknown or incomplete command, see below for error
[20:55:02] [Server thread/INFO]: end<--[HERE]
[20:55:02] [Server thread/INFO]: Unknown or incomplete command, see below for error
[20:55:02] [Server thread/INFO]: exit<--[HERE]
[20:55:02] [Server thread/INFO]: Stopping server
[20:55:02] [Server thread/INFO]: Saving players
[20:55:02] [Server thread/INFO]: Saving worlds
[20:55:02] [Server thread/INFO]: Saving chunks for level 'ServerLevel[world]'/minecraft:overworld
[20:55:02] [Server thread/INFO]: ThreadedAnvilChunkStorage (world): All chunks are saved
[20:55:02] [Server thread/INFO]: Saving chunks for level 'ServerLevel[world]'/minecraft:the_nether
[20:55:02] [Server thread/INFO]: ThreadedAnvilChunkStorage (DIM-1): All chunks are saved
[20:55:02] [Server thread/INFO]: Saving chunks for level 'ServerLevel[world]'/minecraft:the_end
[20:55:02] [Server thread/INFO]: ThreadedAnvilChunkStorage (DIM1): All chunks are saved
[20:55:02] [Server thread/INFO]: Backup started by: SERVER on: 2020-07-06_20-55-02
[20:55:02] [Server thread/INFO]: Saving server...
[20:55:02] [Thread-67/INFO]: Starting backup
[20:55:03] [Thread-67/INFO]: Starting compression...
[20:55:09] [Thread-67/INFO]: Compression took: 6.811766699s
[20:55:09] [Thread-67/INFO]: Deleting: 2020-07-05_22-04-19.zip
[20:55:09] [Thread-67/INFO]: Done!
[20:55:09] [Server thread/INFO]: ThreadedAnvilChunkStorage (world): All chunks are saved
[20:55:09] [Server thread/INFO]: ThreadedAnvilChunkStorage (DIM-1): All chunks are saved
[20:55:09] [Server thread/INFO]: ThreadedAnvilChunkStorage (DIM1): All chunks are saved
[20:55:09] [Server thread/INFO]: Thread RCON Listener stopped
