[21:50:58] [main/INFO]: Loading for game Minecraft 1.16.4
[21:51:01] [ForkJoinPool-1-worker-3/WARN]: The mod "cotton-logging" contains invalid entries in its mod json:
- Unsupported root entry "licence" at line 7 column 12
[21:51:01] [ForkJoinPool-1-worker-3/WARN]: The mod "cotton-config" contains invalid entries in its mod json:
- Unsupported root entry "licence" at line 7 column 12
[21:51:02] [main/WARN]: Warnings were found! 
 - Mod 'BetterF3' (betterf3) recommends version 1.14.6 or later of mod modmenu, which is missing!
	 - You must install version 1.14.6 or later of modmenu.
[21:51:02] [main/INFO]: [FabricLoader] Loading 59 mods: fabric-renderer-api-v1@0.3.3+a4467d2a3a, fabric-keybindings-v0@0.2.0+3fa9f7c53a, fabricloader@0.10.6+build.214, fabric-structure-api-v1@1.1.0+f8ac1db23a, bbor@2.4-1.16.3, com_github_shevek_parallelgzip@master-SNAPSHOT, fabric-containers-v0@0.1.8+045df74f3a, lithium@0.6.0, fabric-object-builder-api-v1@1.9.2+a89534ab3a, fabric-game-rule-api-v1@1.0.3+a4467d2a3a, fabric-api-base@0.2.0+9f0fb4b83a, fabric-rendering-data-attachment-v1@0.1.4+f8ac1db23a, fabric-textures-v0@1.0.5+a4467d2a3a, fabric-rendering-fluids-v1@0.1.12+f8ac1db23a, cotton-logging@1.0.0-rc.4, fabric-blockrenderlayer-v1@1.1.4+c6a8ea893a, fabric-lifecycle-events-v1@1.2.0+74cc3b203a, fabric-renderer-registries-v1@2.2.0+f8ac1db23a, carpet-extra@1.4.16, fabric-loot-tables-v1@1.0.1+432ea1883a, fabric@0.25.7+1.16, carpet@1.4.17, fabric-particles-v1@0.2.2+fb0d9b0e3a, fabric-networking-v0@0.1.10+e00ecb5f3a, cotton-config@1.0.0-rc.7, fabric-networking-blockentity-v0@0.2.5+b50ffc7b3a, minecraft@1.16.4, fabric-screen-handler-api-v1@1.1.0+872498413a, fabric-command-api-v1@1.0.9+a4467d2a3a, jankson@3.0.0+j1.2.0, cloth-basic-math@0.5.1, phosphor@0.6.0+build.7, fabric-tool-attribute-api-v1@1.2.5+c93221003a, bluemap@1.3.0-snap, fabric-renderer-indigo@0.4.3+a4467d2a3a, player-roles@1.1.2, org_apache_commons_commons-compress@1.19, fabric-item-api-v1@1.2.0+f8ac1db23a, fabric-events-interaction-v0@0.4.1+f8ac1db23a, fabric-crash-report-info-v1@0.1.2+b7f9825d3a, fabric-rendering-v0@1.1.1+f8ac1db23a, fabric-key-binding-api-v1@1.0.1+730711c63a, fabric-rendering-v1@1.3.1+f8ac1db23a, cloth-config2@4.7.0-unstable, org_tukaani_xz@1.8, fabric-resource-loader-v0@0.3.2+1944f3e03a, fabric-content-registries-v0@0.1.9+059ea8663a, fabric-tag-extensions-v0@1.0.3+ac8e8c593a, fabric-biome-api-v1@3.0.0+ec7e203b3a, fabric-commands-v0@0.2.0+52d308363a, fabric-registry-sync-v0@0.6.1+a4467d2a3a, textile_backup@2.0.1-1.16.3, fabric-mining-levels-v0@0.1.2+b764ce993a, betterf3@1.1.1, fabric-events-lifecycle-v0@0.2.0+16acbe5b3a, fabric-models-v0@0.1.1+f8ac1db23a, fabric-item-groups-v0@0.2.1+a4467d2a3a, fabric-object-builders-v0@0.7.1+a4467d2a3a, lithium-api@0.6.0
[21:51:02] [main/WARN]: Mod `com_github_shevek_parallelgzip` (master-SNAPSHOT) does not respect SemVer - comparison support is limited.
[21:51:03] [main/INFO]: SpongePowered MIXIN Subsystem Version=0.8.2 Source=file:/srv/survival/fabric-server-launch.jar Service=Knot/Fabric Env=SERVER
[21:51:11] [main/WARN]: @Mixin target net/minecraft/class_3898$class_3208 is public in fabric-networking-[21:51:39] [main/INFO]: [Textile Backup] Starting Textile Backup by Szum123321.
[21:51:45] [main/INFO]: Environment: authHost='https://authserver.mojang.com', accountsHost='https://api.mojang.com', sessionHost='https://sessionserver.mojang.com', servicesHost='https://api.minecraftservices.com', name='PROD'
[21:51:47] [main/WARN]: Ambiguity between arguments [bluemap, marker, create, id, map, x] and [bluemap, marker, create, id, map, label] with inputs: [0, -1, -.5, 1.2, .5, -1234.56]
[21:51:47] [main/WARN]: Ambiguity between arguments [bluemap, render, cancel] and [bluemap, render, world|map] with inputs: [cancel]
[21:51:47] [main/WARN]: Ambiguity between arguments [bluemap, render, prioritize] and [bluemap, render, world|map] with inputs: [prioritize]
[21:51:47] [main/WARN]: Ambiguity between arguments [bluemap, render, radius] and [bluemap, render, world|map] with inputs: [0, -123, 123]
[21:51:47] [main/WARN]: Ambiguity between arguments [bluemap, render, radius] and [bluemap, render, x] with inputs: [0, -123, 123]
[21:51:47] [main/WARN]: Ambiguity between arguments [bluemap, render, x] and [bluemap, render, radius] with inputs: [0, -1]
[21:51:47] [main/WARN]: Ambiguity between arguments [bluemap, render, x] and [bluemap, render, world|map] with inputs: [0, -1, -.5, 1.2, .5, -1234.56]
[21:51:48] [main/WARN]: Ambiguity between arguments [teleport, destination] and [teleport, targets] with inputs: [Player, 0123, @e, dd12be42-52a9-4a91-a8a1-11c01849e498]
[21:51:48] [main/WARN]: Ambiguity between arguments [teleport, location] and [teleport, destination] with inputs: [0.1 -0.5 .9, 0 0 0]
[21:51:48] [main/WARN]: Ambiguity between arguments [teleport, location] and [teleport, targets] with inputs: [0.1 -0.5 .9, 0 0 0]
[21:51:48] [main/WARN]: Ambiguity between arguments [teleport, targets] and [teleport, destination] with inputs: [Player, 0123, dd12be42-52a9-4a91-a8a1-11c01849e498]
[21:51:48] [main/WARN]: Ambiguity between arguments [teleport, targets, location] and [teleport, targets, destination] with inputs: [0.1 -0.5 .9, 0 0 0]
[21:51:48] [main/INFO]: Reloading ResourceManager: Default, bukkit, skimit-DataPack, Fabric Tool Attribute API (v1), Player Roles
[21:51:54] [Worker-Main-2/INFO]: Loaded 7 recipes
[21:51:56] [Worker-Main-2/INFO]: Loaded 927 advancements
[21:52:00] [main/INFO]: Applied 0 biome modifications to 0 of 79 new biomes in 2.035 ms
[21:52:00] [main/WARN]: [fabric-registry-sync] Could not find the following registries: minecraft:biome_source_type, minecraft:block_state_provider_type, minecraft:dimension_type, minecraft:structure_piece, minecraft:carver, minecraft:block_placer_type, minecraft:decorator, minecraft:structure_feature, minecraft:surface_builder, minecraft:foliage_placer_type, minecraft:feature, minecraft:tree_decorator_type, minecraft:structure_pool_element, minecraft:biome, minecraft:chunk_generator_type, minecraft:structure_processor
[21:52:00] [main/INFO]: [fabric-registry-sync] Loaded registry data [file 1/4]
[21:52:01] [Server thread/INFO]: Starting minecraft server version 1.16.4
[21:52:01] [Server thread/INFO]: Loading properties
[21:52:01] [Server thread/INFO]: Default game type: SURVIVAL
[21:52:01] [Server thread/INFO]: Generating keypair
[21:52:01] [Server thread/INFO]: Starting Minecraft server on *:34268
[21:52:02] [Server thread/INFO]: Using epoll channel type
[21:52:02] [Server thread/WARN]: **** SERVER IS RUNNING IN OFFLINE/INSECURE MODE!
[21:52:02] [Server thread/WARN]: The server will make no attempt to authenticate usernames. Beware.
[21:52:02] [Server thread/WARN]: While this makes the game possible to play without internet access, it also opens up the ability for hackers to connect with any username they choose.
[21:52:02] [Server thread/WARN]: To change this, set "online-mode" to "true" in the server.properties file.
[21:52:03] [Server thread/INFO]: Preparing level "world"
[21:52:03] [Server thread/INFO]: [CM]: loaded setting combineXPOrbs as true from carpet.conf
[21:52:03] [Server thread/INFO]: [CM]: loaded setting onePlayerSleeping as true from carpet.conf
[21:52:03] [Server thread/INFO]: [CM]: loaded setting leadFix as true from carpet.conf
[21:52:03] [Server thread/INFO]: [CM]: loaded setting ctrlQCraftingFix as true from carpet.conf
[21:52:03] [Server thread/INFO]: [CM]: loaded setting language as zh_cn from carpet.conf
[21:52:03] [Server thread/INFO]: [CM]: loaded setting commandTick as true from carpet.conf
[21:52:03] [Server thread/INFO]: [CM]: loaded setting commandDraw as false from carpet.conf
[21:52:03] [Server thread/INFO]: [CM]: loaded setting fastRedstoneDust as true from carpet.conf
[21:52:03] [Server thread/INFO]: [CM]: loaded setting rotatorBlock as true from carpet.conf
[21:52:03] [Server thread/INFO]: [CM]: loaded setting commandPlayer as true from carpet.conf
[21:52:03] [Server thread/INFO]: [CM]: loaded setting updateSuppressionCrashFix as true from carpet.conf
[21:52:03] [Server thread/INFO]: [CM]: loaded setting reloadSuffocationFix as true from carpet.conf
[21:52:03] [Server thread/INFO]: [CM]: loaded setting antiCheatDisabled as true from carpet.conf
[21:52:03] [Server thread/INFO]: [CM]: loaded setting commandPing as true from carpet.conf
[21:52:03] [Server thread/INFO]: [CM]: loaded setting defaultLoggers as tps,mobcaps from carpet.conf
[21:52:03] [Server thread/INFO]: [CM]: loaded setting placementRotationFix as true from carpet.conf
[21:52:03] [Server thread/INFO]: [CM]: loaded setting hopperCounters as true from carpet.conf
[21:52:03] [Server thread/INFO]: [CM]: loaded setting flippinCactus as true from carpet.conf
[21:52:03] [Server thread/INFO]: [CM]: loaded setting lagFreeSpawning as true from carpet.conf
[21:52:05] [Server thread/INFO]: create world dimension: minecraft:overworld (seed: 20190827)
[21:52:05] [Server thread/INFO]: create world dimension: minecraft:the_nether (seed: 20190827)
[21:52:05] [Server thread/INFO]: create world dimension: minecraft:the_end (seed: 20190827)
[21:52:05] [Server thread/INFO]: Preparing start region for dimension minecraft:overworld
[21:52:14] [Server thread/INFO]: Preparing spawn area: 0%
[21:52:14] [Server thread/INFO]: Preparing spawn area: 0%
[21:52:14] [Server thread/INFO]: Preparing spawn area: 0%
[21:52:14] [Server thread/INFO]: Preparing spawn area: 0%
[21:52:14] [Server thread/INFO]: Preparing spawn area: 0%
[21:52:14] [Server thread/INFO]: Preparing spawn area: 0%
[21:52:14] [Server thread/INFO]: Preparing spawn area: 0%
[21:52:14] [Server thread/INFO]: Preparing spawn area: 0%
[21:52:14] [Server thread/INFO]: Preparing spawn area: 0%
[21:52:14] [Server thread/INFO]: Preparing spawn area: 0%
[21:52:14] [Server thread/INFO]: Preparing spawn area: 0%
[21:52:14] [Server thread/INFO]: Preparing spawn area: 0%
[21:52:14] [Server thread/INFO]: Preparing spawn area: 0%
[21:52:14] [Server thread/INFO]: Preparing spawn area: 0%
[21:52:14] [Server thread/INFO]: Preparing spawn area: 0%
[21:52:14] [Server thread/INFO]: Preparing spawn area: 0%
[21:52:14] [Server thread/INFO]: Preparing spawn area: 0%
[21:52:14] [Server thread/INFO]: Preparing spawn area: 0%
[21:52:14] [Server thread/INFO]: Preparing spawn area: 0%
[21:52:14] [Worker-Main-2/INFO]: Preparing spawn area: 0%
[21:52:15] [Server thread/INFO]: Preparing spawn area: 47%
[21:52:17] [Server thread/INFO]: Time elapsed: 12096 ms
[21:52:17] [Server thread/INFO]: Done (14.091s)! For help, type "help"
[21:52:17] [Server thread/INFO]: Starting remote control listener
[21:52:17] [Server thread/INFO]: Thread RCON Listener started
[21:52:17] [Server thread/INFO]: RCON running on 0.0.0.0:796
[21:52:17] [Thread-66/INFO]: Loading BlueMap...
[21:52:18] [Thread-66/INFO]: Loading resources...
[21:52:18] [Thread-67/INFO]: WebServer started.
[21:52:19] [Server thread/INFO]: Can only manipulate existing players
[21:52:19] [Server thread/INFO]: Can only manipulate existing players
[21:52:19] [Server thread/WARN]: Can't keep up! Is the server overloaded? Running 2018ms or 40 ticks behind
[21:52:24] [Thread-66/INFO]: Loading bluemap assets (1/3)...
[21:52:25] [Thread-66/INFO]: Loading realms assets (2/3)...
[21:52:26] [Thread-66/INFO]: Loading minecraft assets (3/3)...
[21:52:32] [Thread-66/INFO]: BlueMap loaded!
[21:52:37] [Server thread/WARN]: Can't keep up! Is the server overloaded? Running 2729ms or 54 ticks behind
[21:52:42] [Server thread/INFO]: Aod_lcy[/127.0.0.1:57799] logged in with entity id 110 at (-414.4524133935973, 70.0, 532.6974051952182)
[21:52:42] [Server thread/INFO]: Aod_lcy joined the game
[21:52:42] [Netty Epoll Server IO #0/WARN]: Received invalid identifier in minecraft:register: legacy:fml|hs (Non [a-z0-9/._-] character in path of location: legacy:fml|hs)
[21:53:04] [Server thread/WARN]: Can't keep up! Is the server overloaded? Running 12110ms or 242 ticks behind
[21:53:29] [Server thread/WARN]: Can't keep up! Is the server overloaded? Running 9636ms or 192 ticks behind
[21:53:41] [Server thread/INFO]: Aod_lcy lost connection: Disconnected
[21:53:41] [Server thread/INFO]: Aod_lcy left the game
[21:54:00] [Server thread/INFO]: Can only manipulate existing players
[21:54:00] [Server thread/INFO]: Can only manipulate existing players
[21:56:00] [Server thread/INFO]: Can only manipulate existing players
[21:56:00] [Server thread/INFO]: Can only manipulate existing players
[21:57:53] [Server thread/WARN]: Can't keep up! Is the server overloaded? Running 2565ms or 51 ticks behind
[21:58:00] [Server thread/INFO]: Can only manipulate existing players
[21:58:00] [Server thread/INFO]: Can only manipulate existing players
[22:00:00] [Server thread/INFO]: Can only manipulate existing players
[22:00:00] [Server thread/INFO]: Can only manipulate existing players
[22:00:00] [Server thread/INFO]: shuijiao[local] logged in with entity id 517 at (-42.5, 61.0, 240.5)
[22:00:00] [Server thread/INFO]: shuijiao joined the game
[22:03:05] [Server thread/INFO]: _Ray_[/127.0.0.1:35565] logged in with entity id 845 at (-28.049434616463703, 5.0, 280.00803588883264)
[22:03:05] [Server thread/INFO]: _Ray_ joined the game
[22:03:05] [Netty Epoll Server IO #0/WARN]: Received invalid identifier in minecraft:register: legacy:fml|hs (Non [a-z0-9/._-] character in path of location: legacy:fml|hs)
[22:03:05] [Netty Epoll Server IO #0/WARN]: Player _Ray_ joined with another carpet version: 1.4.11+v200910
[22:03:06] [Netty Epoll Server IO #0/WARN]: Player _Ray_ joined with another carpet version: 1.4.11+v200910
[22:05:26] [Server thread/INFO]: wuhao[/127.0.0.1:47501] logged in with entity id 1358 at (-43.22362213334863, 130.0, 133.64447217472025)
[22:05:26] [Server thread/INFO]: wuhao joined the game
[22:05:26] [Netty Epoll Server IO #0/WARN]: Received invalid identifier in minecraft:register: legacy:fml|hs (Non [a-z0-9/._-] character in path of location: legacy:fml|hs)
[22:05:27] [Netty Epoll Server IO #0/WARN]: Player wuhao joined with another carpet version: 1.4.11+v200910
[22:05:27] [Netty Epoll Server IO #0/WARN]: Player wuhao joined with another carpet version: 1.4.11+v200910
[22:05:42] [Server thread/WARN]: Can't keep up! Is the server overloaded? Running 2038ms or 40 ticks behind
[22:06:02] [Server thread/WARN]: Can't keep up! Is the server overloaded? Running 4869ms or 97 ticks behind
[22:06:20] [Server thread/INFO]: wuhao has made the advancement [Eye Spy]
[22:06:25] [Server thread/WARN]: Can't keep up! Is the server overloaded? Running 7866ms or 157 ticks behind
[22:06:39] [Server thread/INFO]: EDGW[/127.0.0.1:37503] logged in with entity id 2332 at (-2057.7633666126085, 68.0, 514.7669528562964)
[22:06:39] [Server thread/INFO]: EDGW joined the game
[22:06:39] [Netty Epoll Server IO #0/WARN]: Received invalid identifier in minecraft:register: legacy:fml|hs (Non [a-z0-9/._-] character in path of location: legacy:fml|hs)
[22:06:39] [Netty Epoll Server IO #0/WARN]: Player EDGW joined with another carpet version: 1.4.11+v200910
[22:06:40] [Netty Epoll Server IO #0/WARN]: Player EDGW joined with another carpet version: 1.4.11+v200910
[22:06:42] [Server thread/INFO]: wuhao has made the advancement [The End?]
[22:06:44] [Server thread/WARN]: Can't keep up! Is the server overloaded? Running 3665ms or 73 ticks behind
[22:06:49] [Server thread/INFO]: Scanning for legacy world dragon fight...
[22:06:49] [Server thread/INFO]: Found that the dragon has been killed in this world already.
[22:06:53] [Server thread/INFO]: wuhao has made the advancement [Bring Home the Beacon]
[22:07:06] [Server thread/INFO]: <_Ray_> ????????
[22:07:08] [Server thread/WARN]: Can't keep up! Is the server overloaded? Running 9609ms or 192 ticks behind
[22:07:11] [Server thread/INFO]: <EDGW> 我来了
[22:07:28] [Server thread/WARN]: Can't keep up! Is the server overloaded? Running 4372ms or 87 ticks behind
[22:07:28] [Server thread/INFO]: <EDGW> 我去造地图画了
[22:07:45] [Server thread/WARN]: Can't keep up! Is the server overloaded? Running 2579ms or 51 ticks behind
[22:07:55] [Server thread/INFO]: _Ray_ has made the advancement [Take Aim]
[22:08:04] [Server thread/WARN]: Can't keep up! Is the server overloaded? Running 3968ms or 79 ticks behind
[22:08:30] [Server thread/INFO]: <_Ray_> 加我一个
[22:08:38] [Server thread/WARN]: Can't keep up! Is the server overloaded? Running 19098ms or 381 ticks behind
[22:08:43] [Server thread/INFO]: <EDGW> ok
[22:09:33] [Server thread/INFO]: <_Ray_> 人捏
[22:09:37] [Server thread/WARN]: Can't keep up! Is the server overloaded? Running 44406ms or 888 ticks behind
[22:10:00] [Server thread/INFO]: Player shuijiao is already logged on
[22:10:03] [Server thread/WARN]: Can't keep up! Is the server overloaded? Running 10489ms or 209 ticks behind
[22:10:07] [Server thread/INFO]: wuhao lost connection: Disconnected
[22:10:07] [Server thread/INFO]: wuhao left the game
[22:10:12] [Server thread/INFO]: wuhao[/127.0.0.1:55495] logged in with entity id 4700 at (-560.2954225961662, 64.0, 1188.6450145530166)
[22:10:12] [Server thread/INFO]: wuhao joined the game
[22:10:14] [Netty Epoll Server IO #1/WARN]: Received invalid identifier in minecraft:register: legacy:fml|hs (Non [a-z0-9/._-] character in path of location: legacy:fml|hs)
[22:10:14] [Netty Epoll Server IO #1/WARN]: Player wuhao joined with another carpet version: 1.4.11+v200910
[22:10:16] [Server thread/INFO]: _Ray_ fell from a high place
[22:10:24] [Server thread/WARN]: Can't keep up! Is the server overloaded? Running 6132ms or 122 ticks behind
[22:10:42] [Server thread/INFO]: <EDGW> 飞行时放烟花可以加速 升高
[22:11:23] [Server thread/INFO]: <_Ray_> 去哪里？要什么颜色
[22:11:38] [Server thread/INFO]: <EDGW> 红色混凝土我去刷500组
[22:12:13] [Server thread/INFO]: <_Ray_> 是要红色和什么色
[22:12:23] [Server thread/WARN]: Can't keep up! Is the server overloaded? Running 2342ms or 46 ticks behind
[22:12:24] [Server thread/INFO]: <EDGW> 白
[22:12:40] [Server thread/INFO]: _Ray_ has made the advancement [We Need to Go Deeper]
[22:12:46] [Server thread/WARN]: Can't keep up! Is the server overloaded? Running 7981ms or 159 ticks behind
[22:13:07] [Server thread/WARN]: Can't keep up! Is the server overloaded? Running 6108ms or 122 ticks behind
[22:13:35] [Server thread/WARN]: Can't keep up! Is the server overloaded? Running 12420ms or 248 ticks behind
[22:14:07] [Server thread/INFO]: _Ray_ fell from a high place
[22:14:13] [Server thread/WARN]: Can't keep up! Is the server overloaded? Running 23445ms or 468 ticks behind
