[06:01:07] [main/INFO]: Loading for game Minecraft 1.15.2
[06:01:11] [main/WARN]: Mod `jankson` (2.0.0+j1.2.0) uses 'requires' key in fabric.mod.json, which is not supported - use 'depends'
[06:01:11] [main/INFO]: [FabricLoader] Loading 44 mods: minecraft@1.15.2, fabric-networking-blockentity-v0@0.2.3+e08a73050c, fabric-renderer-api-v1@0.2.10+f08b61330c, fabric-keybindings-v0@0.1.1+dfdb52d60c, jankson@2.0.0+j1.2.0, fabricloader@0.7.8+build.189, phosphor@0.5.2+build.6, fabric-renderer-indigo@0.2.23+9290e2ed0c, fabric-containers-v0@0.1.3+b7f9825d0c, lithium@0.4.6, fabric-dimensions-v1@0.3.0+2ad156310c, org_apache_commons_commons-compress@1.9, fabric-biomes-v1@0.1.5+3b05f68e0c, fabric-events-interaction-v0@0.3.0+fac69e320c, fabric-crash-report-info-v1@0.1.2+b7f9825d0c, fabric-api-base@0.1.2+b7f9825d0c, fabric-rendering-v0@1.1.0+534104900c, fabric-rendering-v1@0.1.0+534104900c, fabric-rendering-data-attachment-v1@0.1.3+b7f9825d0c, mm@2.0, fabric-resource-loader-v0@0.1.10+06c939b30c, fabric-textures-v0@1.0.4+821cdba70c, fabric-content-registries-v0@0.1.3+b7f9825d0c, fabric-tag-extensions-v0@0.1.3+abd915800c, fabric-rendering-fluids-v1@0.1.6+12515ed90c, fabric-commands-v0@0.1.2+b7f9825d0c, fabric-registry-sync-v0@0.2.6+f3d8141b0c, com_moandjiezana_toml_toml4j@0.7.2, cotton-logging@1.0.0-rc.4, fabric-blockrenderlayer-v1@1.1.4+c6a8ea890c, textile_backup@1.1.0-1.15, fabric-mining-levels-v0@0.1.1+b7f9825d0c, fabric-renderer-registries-v1@2.0.1+5a0f9a600c, carpet-extra@1.3.15, fabric-events-lifecycle-v0@0.1.2+b7f9825d0c, fabric-loot-tables-v1@0.1.5+e08a73050c, fabric@0.5.1+build.294-1.15, carpet@1.3.15, fabric-item-groups-v0@0.1.6+ec40b2e10c, fabric-models-v0@0.1.0+dfdb52d60c, fabric-particles-v1@0.1.1+dfdb52d60c, fabric-networking-v0@0.1.7+12515ed90c, fabric-object-builders-v0@0.1.3+e4c9a9c30c, cotton-config@1.0.0-rc.7
[06:01:11] [main/INFO]: SpongePowered MIXIN Subsystem Version=0.8 Source=file:/C:/Server/skimit_survival/fabric-server-launch.jar Service=Knot/Fabric Env=SERVER
[06:01:12] [main/INFO]: Lithium's configuration file was loaded successfully
[06:01:14] [main/INFO]: Not applying mixin 'me.jellysquid.mods.lithium.mixin.chunk.no_chunk_locking.MixinPalettedContainer' as no configuration enables it
[06:01:14] [main/INFO]: Not applying mixin 'me.jellysquid.mods.lithium.mixin.redstone.MixinRedstoneWireBlock' as no configuration enables it
[06:01:14] [main/INFO]: Not applying mixin 'me.jellysquid.mods.lithium.mixin.redstone.MixinWorld' as no configuration enables it
[06:01:18] [main/INFO]: Transforming class net/minecraft/class_2382 using patch set 'Modify mutability flags in Vec3i'
[06:01:25] [main/INFO]: Transforming class net/minecraft/class_2338$class_2339 using patch set 'Use mutable fields in Vec3i'
[06:02:34] [main/WARN]: Ambiguity between arguments [teleport, destination] and [teleport, targets] with inputs: [Player, 0123, @e, dd12be42-52a9-4a91-a8a1-11c01849e498]
[06:02:34] [main/WARN]: Ambiguity between arguments [teleport, location] and [teleport, destination] with inputs: [0.1 -0.5 .9, 0 0 0]
[06:02:34] [main/WARN]: Ambiguity between arguments [teleport, location] and [teleport, targets] with inputs: [0.1 -0.5 .9, 0 0 0]
[06:02:34] [main/WARN]: Ambiguity between arguments [teleport, targets] and [teleport, destination] with inputs: [Player, 0123, dd12be42-52a9-4a91-a8a1-11c01849e498]
[06:02:34] [main/WARN]: Ambiguity between arguments [teleport, targets, location] and [teleport, targets, destination] with inputs: [0.1 -0.5 .9, 0 0 0]
[06:02:38] [main/INFO]: Definitely not up to no good
[06:02:38] [main/INFO]: [TextileBackup]: Loading TextileBackup by Szum123321
[06:02:40] [Server thread/INFO]: Starting minecraft server version 1.15.2
[06:02:40] [Server thread/INFO]: Loading properties
[06:02:40] [Server thread/INFO]: Default game type: SURVIVAL
[06:02:40] [Server thread/INFO]: Generating keypair
[06:02:40] [Server thread/INFO]: Starting Minecraft server on *:26565
[06:02:40] [Server thread/INFO]: Using default channel type
[06:02:41] [Server thread/WARN]: **** SERVER IS RUNNING IN OFFLINE/INSECURE MODE!
[06:02:41] [Server thread/WARN]: The server will make no attempt to authenticate usernames. Beware.
[06:02:41] [Server thread/WARN]: While this makes the game possible to play without internet access, it also opens up the ability for hackers to connect with any username they choose.
[06:02:41] [Server thread/WARN]: To change this, set "online-mode" to "true" in the server.properties file.
[06:02:41] [Server thread/INFO]: Preparing level "skimit"
[06:02:41] [Server thread/INFO]: [CM]: loaded setting commandDraw as false from carpet.conf
[06:02:41] [Server thread/INFO]: [CM]: loaded setting rotatorBlock as true from carpet.conf
[06:02:41] [Server thread/INFO]: [CM]: loaded setting combineXPOrbs as true from carpet.conf
[06:02:41] [Server thread/INFO]: [CM]: loaded setting onePlayerSleeping as true from carpet.conf
[06:02:41] [Server thread/INFO]: [CM]: loaded setting portalSuffocationFix as true from carpet.conf
[06:02:41] [Server thread/INFO]: [CM]: loaded setting leadFix as true from carpet.conf
[06:02:41] [Server thread/INFO]: [CM]: loaded setting antiCheatDisabled as true from carpet.conf
[06:02:41] [Server thread/INFO]: [CM]: loaded setting defaultLoggers as tps,mobcaps from carpet.conf
[06:02:41] [Server thread/INFO]: [CM]: loaded setting commandCameramode as false from carpet.conf
[06:02:41] [Server thread/INFO]: [CM]: loaded setting unloadedEntityFix as true from carpet.conf
[06:02:41] [Server thread/INFO]: [CM]: loaded setting ctrlQCraftingFix as true from carpet.conf
[06:02:42] [Server thread/INFO]: [fabric-registry-sync] Loaded registry data [file 1/4]
[06:02:42] [Server thread/INFO]: Reloading ResourceManager: Default, bukkit, Fabric Mining Levels (v0)
[06:02:45] [Server thread/INFO]: Loaded 6 recipes
[06:02:46] [Server thread/INFO]: Loaded 825 advancements
[06:02:51] [Server thread/INFO]: Preparing start region for dimension minecraft:overworld
[06:02:55] [Server thread/INFO]: Preparing spawn area: 0%
[06:02:55] [Server thread/INFO]: Preparing spawn area: 0%
[06:02:55] [Server thread/INFO]: Preparing spawn area: 0%
[06:02:55] [Server thread/INFO]: Preparing spawn area: 0%
[06:02:55] [Server thread/INFO]: Preparing spawn area: 0%
[06:02:55] [Server thread/INFO]: Preparing spawn area: 0%
[06:02:55] [Server thread/INFO]: Preparing spawn area: 0%
[06:02:55] [Server thread/INFO]: Preparing spawn area: 0%
[06:02:55] [Server thread/INFO]: Preparing spawn area: 0%
[06:02:55] [Server thread/INFO]: Preparing spawn area: 0%
[06:02:56] [Server thread/INFO]: Preparing spawn area: 0%
[06:02:56] [Server-Worker-3/INFO]: Preparing spawn area: 0%
[06:02:58] [Server thread/INFO]: Preparing spawn area: 0%
[06:02:58] [Server thread/INFO]: Preparing spawn area: 0%
[06:02:58] [Server thread/INFO]: Preparing spawn area: 0%
[06:02:58] [Server thread/INFO]: Preparing spawn area: 0%
[06:02:59] [Server thread/INFO]: Preparing spawn area: 83%
[06:03:00] [Server thread/INFO]: Time elapsed: 9476 ms
[06:03:00] [Server thread/INFO]: Done (18.832s)! For help, type "help"
[06:03:00] [Server thread/INFO]: Starting remote control listener
[06:03:00] [RCON Listener #1/INFO]: RCON running on 0.0.0.0:25636
[06:03:03] [Server thread/WARN]: Can't keep up! Is the server overloaded? Running 2558ms or 51 ticks behind
[06:38:41] [Server thread/INFO]: Cora_cold[/127.0.0.1:61027] logged in with entity id 313 at (-1.3000000119209376, 8.0, 186.74193507104275)
[06:38:41] [Netty Server IO #0/WARN]: Received invalid identifier in minecraft:register: legacy:fml|hs (Non [a-z0-9/._-] character in path of location: legacy:fml|hs)
[06:38:41] [Server thread/INFO]: Cora_cold joined the game
[06:38:44] [Server thread/WARN]: Can't keep up! Is the server overloaded? Running 4383ms or 87 ticks behind
[06:38:44] [Server thread/INFO]: [TextileBackup]: Backup started by: SERVER on: 2020-05-24_06-38-44
[06:38:44] [Server thread/INFO]: [TextileBackup]: Saving server...
[06:38:45] [Thread-54/INFO]: [TextileBackup]: Starting compression...
[06:39:08] [Server thread/WARN]: Can't keep up! Is the server overloaded? Running 9002ms or 180 ticks behind
[06:39:25] [Server thread/WARN]: Mismatch in destroy block pos: class_2338{x=-28, y=9, z=179} class_2338{x=-28, y=8, z=180}
[06:40:18] [Server thread/WARN]: Can't keep up! Is the server overloaded? Running 2128ms or 42 ticks behind
[06:40:32] [Server thread/WARN]: Mismatch in destroy block pos: class_2338{x=-33, y=6, z=181} class_2338{x=-33, y=7, z=181}
[06:40:52] [Thread-54/INFO]: [TextileBackup]: Compression finished
[06:40:52] [Thread-54/INFO]: [TextileBackup]: Deleting: 2020-05-23_03-38-46.zip
[06:40:54] [Thread-54/INFO]: [TextileBackup]: Done!
[06:42:35] [Server thread/WARN]: Mismatch in destroy block pos: class_2338{x=-31, y=6, z=197} class_2338{x=-31, y=7, z=197}
[06:43:29] [Server thread/WARN]: Mismatch in destroy block pos: class_2338{x=-33, y=7, z=197} class_2338{x=-35, y=6, z=198}
[06:47:03] [Server thread/WARN]: Mismatch in destroy block pos: class_2338{x=-36, y=6, z=195} class_2338{x=-37, y=6, z=195}
[06:48:41] [Server thread/WARN]: Mismatch in destroy block pos: class_2338{x=-43, y=9, z=200} class_2338{x=-43, y=8, z=200}
[06:54:20] [Server thread/WARN]: Mismatch in destroy block pos: class_2338{x=-39, y=6, z=195} class_2338{x=-39, y=5, z=196}
[06:54:22] [Server thread/WARN]: Mismatch in destroy block pos: class_2338{x=-40, y=6, z=195} class_2338{x=-41, y=5, z=197}
[06:54:22] [Server thread/WARN]: Mismatch in destroy block pos: class_2338{x=-40, y=6, z=195} class_2338{x=-41, y=5, z=197}
[06:54:23] [Server thread/WARN]: Mismatch in destroy block pos: class_2338{x=-40, y=6, z=194} class_2338{x=-41, y=5, z=197}
[07:04:24] [Server thread/WARN]: Mismatch in destroy block pos: class_2338{x=-54, y=6, z=189} class_2338{x=-54, y=7, z=187}
[07:04:31] [Server thread/WARN]: Mismatch in destroy block pos: class_2338{x=-56, y=7, z=187} class_2338{x=-55, y=7, z=187}
[07:04:33] [Server thread/WARN]: Mismatch in destroy block pos: class_2338{x=-55, y=7, z=189} class_2338{x=-55, y=5, z=189}
[07:07:41] [Server thread/INFO]: Alex[local] logged in with entity id 8369 at (-25.234871173386768, 64.0, 259.773540974373)
[07:07:41] [Server thread/INFO]: Alex joined the game
[07:08:59] [Server thread/WARN]: Can't keep up! Is the server overloaded? Running 2962ms or 59 ticks behind
[07:09:16] [Server thread/WARN]: Can't keep up! Is the server overloaded? Running 2238ms or 44 ticks behind
[07:09:42] [Server thread/WARN]: Can't keep up! Is the server overloaded? Running 2604ms or 52 ticks behind
[07:09:54] [Server thread/INFO]: Scanning for legacy world dragon fight...
[07:09:54] [Server thread/INFO]: Found that the dragon has been killed in this world already.
[07:09:59] [Server thread/WARN]: Can't keep up! Is the server overloaded? Running 2012ms or 40 ticks behind
[07:13:15] [Server thread/INFO]: Alex was slain by Zombie
[07:13:15] [Server thread/INFO]: Alex lost connection: Killed
[07:13:15] [Server thread/INFO]: Alex left the game
[07:22:48] [Server thread/INFO]: Alex[local] logged in with entity id 20726 at (-23.556410601481403, 60.125, 263.49219719915743)
[07:22:48] [Server thread/INFO]: Alex joined the game
[07:24:28] [Server thread/WARN]: Mismatch in destroy block pos: class_2338{x=-4, y=6, z=186} class_2338{x=-4, y=6, z=185}
[07:24:28] [Server thread/WARN]: Mismatch in destroy block pos: class_2338{x=-3, y=6, z=186} class_2338{x=-4, y=6, z=185}
[07:26:15] [Server thread/WARN]: Mismatch in destroy block pos: class_2338{x=1, y=6, z=189} class_2338{x=2, y=5, z=189}
[07:26:16] [Server thread/WARN]: Mismatch in destroy block pos: class_2338{x=1, y=5, z=189} class_2338{x=2, y=5, z=189}
[07:26:16] [Server thread/WARN]: Mismatch in destroy block pos: class_2338{x=1, y=6, z=189} class_2338{x=2, y=5, z=189}
[07:27:37] [Server thread/WARN]: Can't keep up! Is the server overloaded? Running 2201ms or 44 ticks behind
[07:28:34] [Server thread/WARN]: Can't keep up! Is the server overloaded? Running 2131ms or 42 ticks behind
[07:30:11] [Server thread/WARN]: Mismatch in destroy block pos: class_2338{x=-54, y=6, z=187} class_2338{x=-53, y=6, z=187}
[07:32:29] [Server thread/WARN]: Mismatch in destroy block pos: class_2338{x=-58, y=8, z=184} class_2338{x=-59, y=8, z=183}
[07:32:29] [Server thread/WARN]: Mismatch in destroy block pos: class_2338{x=-58, y=8, z=184} class_2338{x=-59, y=8, z=183}
[07:32:29] [Server thread/WARN]: Mismatch in destroy block pos: class_2338{x=-58, y=8, z=184} class_2338{x=-59, y=8, z=183}
[07:32:29] [Server thread/WARN]: Mismatch in destroy block pos: class_2338{x=-58, y=8, z=184} class_2338{x=-59, y=8, z=183}
[07:32:36] [Server thread/WARN]: Fetching packet for removed entity class_1542['Air'/28032, l='skimit', x=-44.70, y=5.00, z=292.22]
[07:38:44] [Server thread/INFO]: [TextileBackup]: Backup started by: SERVER on: 2020-05-24_07-38-44
[07:38:44] [Server thread/INFO]: [TextileBackup]: Saving server...
[07:38:45] [Thread-55/INFO]: [TextileBackup]: Starting compression...
[07:39:34] [Server thread/WARN]: Can't keep up! Is the server overloaded? Running 2212ms or 44 ticks behind
[07:39:52] [Server thread/WARN]: Can't keep up! Is the server overloaded? Running 3148ms or 62 ticks behind
[07:40:10] [Server thread/WARN]: Can't keep up! Is the server overloaded? Running 2707ms or 54 ticks behind
[07:40:27] [Server thread/WARN]: Can't keep up! Is the server overloaded? Running 2224ms or 44 ticks behind
[07:40:49] [Server thread/WARN]: Can't keep up! Is the server overloaded? Running 2242ms or 44 ticks behind
[07:40:51] [Thread-55/INFO]: [TextileBackup]: Compression finished
[07:40:51] [Thread-55/INFO]: [TextileBackup]: Deleting: 2020-05-23_04-38-47.zip
[07:40:54] [Thread-55/INFO]: [TextileBackup]: Done!
[07:49:41] [Server thread/INFO]: Cora_cold lost connection: Disconnected
[07:49:41] [Server thread/INFO]: Cora_cold left the game
[08:14:19] [Server thread/WARN]: Fetching packet for removed entity class_1542['Air'/50702, l='skimit', x=19.81, y=5.00, z=292.22]
[08:38:44] [Server thread/INFO]: [TextileBackup]: Backup started by: SERVER on: 2020-05-24_08-38-44
[08:38:44] [Server thread/INFO]: [TextileBackup]: Saving server...
[08:38:45] [Thread-56/INFO]: [TextileBackup]: Starting compression...
[08:40:34] [Thread-56/INFO]: [TextileBackup]: Compression finished
[08:40:34] [Thread-56/INFO]: [TextileBackup]: Deleting: 2020-05-23_05-30-02.zip
[08:40:36] [Thread-56/INFO]: [TextileBackup]: Done!
[09:38:44] [Server thread/INFO]: [TextileBackup]: Backup started by: SERVER on: 2020-05-24_09-38-44
[09:38:44] [Server thread/INFO]: [TextileBackup]: Saving server...
[09:38:45] [Thread-57/INFO]: [TextileBackup]: Starting compression...
[09:38:57] [Server thread/WARN]: Can't keep up! Is the server overloaded? Running 2056ms or 41 ticks behind
[09:39:58] [Thread-57/INFO]: [TextileBackup]: Compression finished
[09:39:58] [Thread-57/INFO]: [TextileBackup]: Deleting: 2020-05-23_10-35-11.zip
[09:39:58] [Thread-57/INFO]: [TextileBackup]: Done!
[10:38:44] [Server thread/INFO]: [TextileBackup]: Backup started by: SERVER on: 2020-05-24_10-38-44
[10:38:44] [Server thread/INFO]: [TextileBackup]: Saving server...
[10:38:45] [Thread-58/INFO]: [TextileBackup]: Starting compression...
[10:38:50] [Server thread/WARN]: Can't keep up! Is the server overloaded? Running 2378ms or 47 ticks behind
[10:40:42] [Thread-58/INFO]: [TextileBackup]: Compression finished
[10:40:42] [Thread-58/INFO]: [TextileBackup]: Deleting: 2020-05-23_11-35-13.zip
[10:40:42] [Thread-58/INFO]: [TextileBackup]: Done!
[11:29:11] [Server thread/INFO]: Naando[/127.0.0.1:54307] logged in with entity id 141647 at (-405.9892435446897, 69.0, 537.6800876302868)
[11:29:11] [Netty Server IO #1/WARN]: Received invalid identifier in minecraft:register: legacy:fml|hs (Non [a-z0-9/._-] character in path of location: legacy:fml|hs)
[11:29:11] [Server thread/INFO]: Naando joined the game
[11:38:44] [Server thread/INFO]: [TextileBackup]: Backup started by: SERVER on: 2020-05-24_11-38-44
[11:38:44] [Server thread/INFO]: [TextileBackup]: Saving server...
[11:38:46] [Thread-59/INFO]: [TextileBackup]: Starting compression...
[11:38:52] [Server thread/WARN]: Can't keep up! Is the server overloaded? Running 2160ms or 43 ticks behind
[11:39:15] [Server thread/WARN]: Can't keep up! Is the server overloaded? Running 7538ms or 150 ticks behind
[11:39:37] [Server thread/WARN]: Can't keep up! Is the server overloaded? Running 7687ms or 153 ticks behind
[11:39:55] [Server thread/INFO]: <Naando> ?
[11:39:56] [Server thread/WARN]: Can't keep up! Is the server overloaded? Running 3618ms or 72 ticks behind
[11:39:59] [Server thread/INFO]: <Naando> youren
[11:40:01] [Server thread/INFO]: <Naando> ????
[11:40:13] [Server thread/WARN]: Can't keep up! Is the server overloaded? Running 2545ms or 50 ticks behind
[11:40:49] [Server thread/WARN]: Can't keep up! Is the server overloaded? Running 2367ms or 47 ticks behind
[11:41:06] [Server thread/WARN]: Can't keep up! Is the server overloaded? Running 2119ms or 42 ticks behind
[11:41:14] [Thread-59/INFO]: [TextileBackup]: Compression finished
[11:41:14] [Thread-59/INFO]: [TextileBackup]: Deleting: 2020-05-23_15-44-51.zip
[11:41:14] [Thread-59/INFO]: [TextileBackup]: Done!
[11:42:33] [Server thread/WARN]: Can't keep up! Is the server overloaded? Running 2002ms or 40 ticks behind
[11:43:17] [Server thread/WARN]: Can't keep up! Is the server overloaded? Running 2114ms or 42 ticks behind
[11:44:29] [Server thread/WARN]: Can't keep up! Is the server overloaded? Running 2130ms or 42 ticks behind
[11:49:26] [Server thread/WARN]: Can't keep up! Is the server overloaded? Running 2111ms or 42 ticks behind
[11:59:21] [Server thread/INFO]: Naando lost connection: Disconnected
[11:59:21] [Server thread/INFO]: Naando left the game
[11:59:24] [Server thread/INFO]: Naando[/127.0.0.1:55507] logged in with entity id 157997 at (-388.0251972564806, 68.9375, 504.1728043322558)
[11:59:24] [Netty Server IO #1/WARN]: Received invalid identifier in minecraft:register: legacy:fml|hs (Non [a-z0-9/._-] character in path of location: legacy:fml|hs)
[11:59:24] [Server thread/INFO]: Naando joined the game
[11:59:28] [Server thread/WARN]: Can't keep up! Is the server overloaded? Running 2525ms or 50 ticks behind
[11:59:59] [Server thread/INFO]: Naando lost connection: Disconnected
[11:59:59] [Server thread/INFO]: Naando left the game
[12:00:01] [Server thread/INFO]: Naando[/127.0.0.1:55532] logged in with entity id 158412 at (-378.5968286256817, 69.5625, 507.37481660614435)
[12:00:01] [Netty Server IO #1/WARN]: Received invalid identifier in minecraft:register: legacy:fml|hs (Non [a-z0-9/._-] character in path of location: legacy:fml|hs)
[12:00:01] [Server thread/INFO]: Naando joined the game
[12:00:06] [Server thread/WARN]: Can't keep up! Is the server overloaded? Running 2006ms or 40 ticks behind
[12:00:30] [Server thread/INFO]: Naando lost connection: Disconnected
[12:00:30] [Server thread/INFO]: Naando left the game
[12:00:33] [Server thread/INFO]: Naando[/127.0.0.1:55553] logged in with entity id 158805 at (-372.38564303259085, 68.9375, 505.2795382300677)
[12:00:33] [Netty Server IO #0/WARN]: Received invalid identifier in minecraft:register: legacy:fml|hs (Non [a-z0-9/._-] character in path of location: legacy:fml|hs)
[12:00:33] [Server thread/INFO]: Naando joined the game
[12:04:33] [Server thread/WARN]: Can't keep up! Is the server overloaded? Running 2037ms or 40 ticks behind
[12:13:47] [Server thread/INFO]: <Naando> 恶
[12:14:35] [Server thread/WARN]: Can't keep up! Is the server overloaded? Running 2096ms or 41 ticks behind
[12:19:36] [Server thread/WARN]: Can't keep up! Is the server overloaded? Running 2018ms or 40 ticks behind
[12:19:56] [Server thread/INFO]: Naando has made the advancement [Local Brewery]
[12:24:38] [Server thread/WARN]: Can't keep up! Is the server overloaded? Running 2253ms or 45 ticks behind
[12:29:41] [Server thread/WARN]: Can't keep up! Is the server overloaded? Running 2255ms or 45 ticks behind
[12:34:43] [Server thread/WARN]: Can't keep up! Is the server overloaded? Running 2516ms or 50 ticks behind
[12:38:44] [Server thread/INFO]: [TextileBackup]: Backup started by: SERVER on: 2020-05-24_12-38-44
[12:38:44] [Server thread/INFO]: [TextileBackup]: Saving server...
[12:38:46] [Thread-60/INFO]: [TextileBackup]: Starting compression...
[12:38:47] [Server thread/WARN]: Can't keep up! Is the server overloaded? Running 2034ms or 40 ticks behind
[12:39:12] [Server thread/WARN]: Can't keep up! Is the server overloaded? Running 9295ms or 185 ticks behind
[12:39:33] [Server thread/WARN]: Can't keep up! Is the server overloaded? Running 5915ms or 118 ticks behind
[12:39:53] [Server thread/WARN]: Can't keep up! Is the server overloaded? Running 2097ms or 41 ticks behind
[12:40:16] [Server thread/WARN]: Can't keep up! Is the server overloaded? Running 7977ms or 159 ticks behind
[12:40:39] [Server thread/WARN]: Can't keep up! Is the server overloaded? Running 7285ms or 145 ticks behind
[12:40:59] [Thread-60/INFO]: [TextileBackup]: Compression finished
[12:40:59] [Thread-60/INFO]: [TextileBackup]: Deleting: 2020-05-23_16-44-50.zip
[12:40:59] [Thread-60/INFO]: [TextileBackup]: Done!
[12:41:00] [Server thread/WARN]: Can't keep up! Is the server overloaded? Running 6186ms or 123 ticks behind
[12:43:37] [Server thread/WARN]: Can't keep up! Is the server overloaded? Running 2867ms or 57 ticks behind
[12:49:09] [Server thread/INFO]: Naando lost connection: Disconnected
[12:49:09] [Server thread/INFO]: Naando left the game
[12:49:13] [Server thread/INFO]: Naando[/127.0.0.1:57181] logged in with entity id 185492 at (-390.5, 70.0, 507.5177452996872)
[12:49:13] [Netty Server IO #1/WARN]: Received invalid identifier in minecraft:register: legacy:fml|hs (Non [a-z0-9/._-] character in path of location: legacy:fml|hs)
[12:49:13] [Server thread/INFO]: Naando joined the game
[12:49:16] [Server thread/WARN]: Can't keep up! Is the server overloaded? Running 2396ms or 47 ticks behind
[12:50:32] [Server thread/WARN]: Can't keep up! Is the server overloaded? Running 2355ms or 47 ticks behind
[12:55:36] [Server thread/WARN]: Can't keep up! Is the server overloaded? Running 2321ms or 46 ticks behind
[12:58:51] [Server thread/INFO]: WhiteSky_Bai[/127.0.0.1:57499] logged in with entity id 190951 at (-23.291369113883235, 64.0, 262.4641447954629)
[12:58:51] [Netty Server IO #0/WARN]: Received invalid identifier in minecraft:register: legacy:fml|hs (Non [a-z0-9/._-] character in path of location: legacy:fml|hs)
[12:58:51] [Server thread/INFO]: WhiteSky_Bai joined the game
[12:58:54] [Server thread/INFO]: <Naando> hi
[12:59:29] [Server thread/INFO]: <WhiteSky_Bai> 这谁
[12:59:32] [Server thread/INFO]: <Naando> ?
[12:59:40] [Server thread/INFO]: <WhiteSky_Bai> 怎么有个人在我的经验机这
[12:59:45] [Server thread/INFO]: <Naando> 不知道啊
[12:59:49] [Server thread/INFO]: <WhiteSky_Bai> 还是个史蒂夫
[12:59:50] [Server thread/INFO]: <Naando> 那是个bug
[13:00:35] [Server thread/WARN]: Can't keep up! Is the server overloaded? Running 2049ms or 40 ticks behind
[13:00:52] [Server thread/INFO]: WhiteSky_Bai lost connection: Timed out
[13:00:52] [Server thread/INFO]: WhiteSky_Bai left the game
[13:00:54] [Server thread/WARN]: Can't keep up! Is the server overloaded? Running 3323ms or 66 ticks behind
[13:01:25] [Server thread/INFO]: WhiteSky_Bai[/127.0.0.1:57583] logged in with entity id 192564 at (16.92207424676812, 6.0, 300.86878193543566)
[13:01:25] [Netty Server IO #1/WARN]: Received invalid identifier in minecraft:register: legacy:fml|hs (Non [a-z0-9/._-] character in path of location: legacy:fml|hs)
[13:01:25] [Server thread/INFO]: WhiteSky_Bai joined the game
[13:01:31] [Server thread/INFO]: <Naando> 你干啥呢
[13:02:19] [Server thread/INFO]: RZYplus[/127.0.0.1:57617] logged in with entity id 193299 at (3955.09133548636, 63.88478805858775, 1775.1459863471212)
[13:02:19] [Netty Server IO #1/WARN]: Received invalid identifier in minecraft:register: legacy:fml|hs (Non [a-z0-9/._-] character in path of location: legacy:fml|hs)
[13:02:19] [Server thread/INFO]: RZYplus joined the game
[13:02:21] [Server thread/WARN]: Can't keep up! Is the server overloaded? Running 2270ms or 45 ticks behind
[13:02:22] [Server thread/INFO]: <Naando> ？
[13:02:25] [Server thread/INFO]: <Naando> ???????
[13:02:33] [Server thread/INFO]: <WhiteSky_Bai> 服务器啥时候这么多人了
[13:02:39] [Server thread/WARN]: Can't keep up! Is the server overloaded? Running 2499ms or 49 ticks behind
[13:03:00] [Server thread/WARN]: Can't keep up! Is the server overloaded? Running 5667ms or 113 ticks behind
[13:03:31] [Server thread/WARN]: Can't keep up! Is the server overloaded? Running 16480ms or 329 ticks behind
[13:03:50] [Server thread/WARN]: Can't keep up! Is the server overloaded? Running 4308ms or 86 ticks behind
[13:04:15] [Server thread/WARN]: Can't keep up! Is the server overloaded? Running 9612ms or 192 ticks behind
[13:04:40] [Server thread/WARN]: Can't keep up! Is the server overloaded? Running 9730ms or 194 ticks behind
[13:04:58] [Server thread/WARN]: Can't keep up! Is the server overloaded? Running 3850ms or 77 ticks behind
[13:05:22] [Server thread/WARN]: Can't keep up! Is the server overloaded? Running 2044ms or 40 ticks behind
[13:05:37] [Server thread/INFO]: <Naando> 有一种感觉很操蛋
[13:05:40] [Server thread/WARN]: Can't keep up! Is the server overloaded? Running 3323ms or 66 ticks behind
[13:05:42] [Server thread/INFO]: <WhiteSky_Bai> ?
[13:05:51] [Server thread/INFO]: <Naando> 我那天刷到了300级
[13:06:00] [Server thread/WARN]: Can't keep up! Is the server overloaded? Running 4728ms or 94 ticks behind
[13:06:00] [Server thread/INFO]: <Naando> 被末影人乎下去了
[13:06:10] [Server thread/INFO]: <WhiteSky_Bai> 东西呢
[13:06:12] [Server thread/INFO]: <WhiteSky_Bai> 全没了？
[13:06:14] [Server thread/INFO]: <Naando> 没了
[13:06:21] [Server thread/WARN]: Can't keep up! Is the server overloaded? Running 2013ms or 40 ticks behind
[13:06:23] [Server thread/INFO]: <WhiteSky_Bai> nb
[13:06:28] [Server thread/INFO]: <Naando> 我现末影箱子里啥都没有
[13:06:38] [Server thread/WARN]: Can't keep up! Is the server overloaded? Running 2044ms or 40 ticks behind
[13:07:05] [Server thread/INFO]: <Naando> 想拿青金石附魔
[13:07:12] [Server thread/WARN]: Can't keep up! Is the server overloaded? Running 18932ms or 378 ticks behind
[13:07:14] [Server thread/INFO]: <Naando> 然后我下虚空了
[13:07:20] [Server thread/INFO]: <Naando> 就啥也没有了
[13:07:26] [Server thread/INFO]: <WhiteSky_Bai> nb
[13:07:32] [Server thread/INFO]: <Naando> 就很操蛋
[13:07:34] [Server thread/WARN]: Can't keep up! Is the server overloaded? Running 2023ms or 40 ticks behind
[13:07:51] [Server thread/INFO]: <WhiteSky_Bai> 我去清理一下主城下面的岩浆
[13:07:54] [Server thread/WARN]: Can't keep up! Is the server overloaded? Running 5438ms or 108 ticks behind
[13:07:55] [Server thread/INFO]: <Naando> 嗯
[13:08:15] [Server thread/WARN]: Can't keep up! Is the server overloaded? Running 5747ms or 114 ticks behind
[13:08:36] [Server thread/WARN]: Can't keep up! Is the server overloaded? Running 2032ms or 40 ticks behind
[13:08:53] [Server thread/WARN]: Can't keep up! Is the server overloaded? Running 2394ms or 47 ticks behind
[13:09:20] [Server thread/INFO]: <Naando> 关键是我一箱子尊严没了
[13:09:28] [Server thread/INFO]: <WhiteSky_Bai> ?
[13:09:45] [Server thread/INFO]: <Naando> 我箱子里全是经验瓶子啥的
[13:10:38] [Server thread/WARN]: Can't keep up! Is the server overloaded? Running 2237ms or 44 ticks behind
[13:11:21] [Server thread/WARN]: Fetching packet for removed entity class_1542['Air'/200888, l='skimit', x=-28.26, y=65.06, z=271.88]
[13:12:10] [Server thread/WARN]: Can't keep up! Is the server overloaded? Running 2009ms or 40 ticks behind
[13:12:18] [Server thread/INFO]: <WhiteSky_Bai> 差点烧死了
[13:12:19] [Server thread/INFO]: <WhiteSky_Bai> 吓死我了
[13:12:29] [Server thread/WARN]: Can't keep up! Is the server overloaded? Running 4311ms or 86 ticks behind
[13:12:50] [Server thread/INFO]: <WhiteSky_Bai> 你会用羊驼刷东西吗
[13:12:55] [Server thread/INFO]: <WhiteSky_Bai> 帮我刷点图腾
[13:13:01] [Server thread/WARN]: Can't keep up! Is the server overloaded? Running 17217ms or 344 ticks behind
[13:13:03] [Server thread/INFO]: <Naando> 不会
[13:13:07] [Server thread/INFO]: <WhiteSky_Bai> em
[13:13:21] [Server thread/WARN]: Can't keep up! Is the server overloaded? Running 4578ms or 91 ticks behind
[13:13:44] [Server thread/WARN]: Can't keep up! Is the server overloaded? Running 2780ms or 55 ticks behind
[13:14:06] [Server thread/WARN]: Can't keep up! Is the server overloaded? Running 7060ms or 141 ticks behind
[13:14:23] [Server thread/WARN]: Can't keep up! Is the server overloaded? Running 2003ms or 40 ticks behind
[13:15:20] [Server thread/INFO]: RZYplus lost connection: Disconnected
[13:15:20] [Server thread/INFO]: RZYplus left the game
[13:17:02] [Server thread/WARN]: Can't keep up! Is the server overloaded? Running 2029ms or 40 ticks behind
[13:17:25] [Server thread/WARN]: Can't keep up! Is the server overloaded? Running 2120ms or 42 ticks behind
[13:18:11] [Server thread/WARN]: Can't keep up! Is the server overloaded? Running 2016ms or 40 ticks behind
[13:18:31] [Server thread/WARN]: Can't keep up! Is the server overloaded? Running 4221ms or 84 ticks behind
[13:22:15] [Server thread/INFO]: <Naando> wc
[13:22:19] [Server thread/INFO]: <WhiteSky_Bai> ang
[13:22:19] [Server thread/INFO]: <Naando> 我活着回来了
[13:22:29] [Server thread/INFO]: <WhiteSky_Bai> 我差点死了
[13:22:35] [Server thread/WARN]: Can't keep up! Is the server overloaded? Running 2023ms or 40 ticks behind
[13:22:47] [Server thread/INFO]: <Naando> 主世界有刷经验的地方吗
[13:22:53] [Server thread/INFO]: <Naando> 末地太危险了
[13:22:57] [Server thread/INFO]: <WhiteSky_Bai> 我的经验机
[13:23:01] [Server thread/INFO]: <WhiteSky_Bai> 修装备的
[13:23:01] [Server thread/INFO]: <Naando> 在哪
[13:23:02] [Server thread/INFO]: <WhiteSky_Bai> = =
[13:23:09] [Server thread/INFO]: <WhiteSky_Bai> 挂机就行
[13:23:12] [Server thread/INFO]: <Naando> o
[13:23:12] [Server thread/INFO]: <WhiteSky_Bai> 但是很少
[13:23:15] [Server thread/INFO]: <Naando> 在哪里
[13:23:19] [Server thread/INFO]: <WhiteSky_Bai> 效率不高
[13:23:20] [Server thread/INFO]: <WhiteSky_Bai> 就在主城
[13:23:20] [Server thread/WARN]: Can't keep up! Is the server overloaded? Running 2602ms or 52 ticks behind
[13:23:23] [Server thread/INFO]: <Naando> 我挂一天都没问题
[13:23:41] [Server thread/WARN]: Can't keep up! Is the server overloaded? Running 5902ms or 118 ticks behind
[13:24:04] [Server thread/INFO]: <Naando> ????W
[13:27:03] [Server thread/INFO]: <Naando> 好吧我会羊驼刷东西了
[13:27:26] [Server thread/INFO]: <WhiteSky_Bai> 帮我刷点图腾
[13:27:35] [Server thread/INFO]: <Naando> emmm
[13:27:48] [Server thread/INFO]: <Naando> 可是这个需要双账号awa
[13:27:52] [Server thread/INFO]: <WhiteSky_Bai> 我帮你啊
[13:27:55] [Server thread/INFO]: <Naando> 嗯
[13:27:55] [Server thread/INFO]: <WhiteSky_Bai> 等我上来
[13:27:58] [Server thread/INFO]: <Naando> 好的
[13:28:28] [Server thread/WARN]: Can't keep up! Is the server overloaded? Running 4031ms or 80 ticks behind
[13:28:40] [Server thread/INFO]: <Naando> wc我卡了
[13:28:58] [Server thread/WARN]: Can't keep up! Is the server overloaded? Running 15458ms or 309 ticks behind
[13:29:03] [Server thread/INFO]: <Naando> 我去下我的神庙
[13:29:10] [Server thread/INFO]: <WhiteSky_Bai> 腐竹家集合
[13:29:16] [Server thread/INFO]: <Naando> 等我一下
[13:30:18] [Server thread/INFO]: <Naando> 船呢
[13:31:05] [Server thread/INFO]: WhiteSky_Bai lost connection: Disconnected
[13:31:05] [Server thread/INFO]: WhiteSky_Bai left the game
[13:31:11] [Server thread/INFO]: WhiteSky_Bai[/127.0.0.1:58545] logged in with entity id 214936 at (-414.1249907905972, 70.90290000319482, 548.7932702409531)
[13:31:11] [Netty Server IO #1/WARN]: Received invalid identifier in minecraft:register: legacy:fml|hs (Non [a-z0-9/._-] character in path of location: legacy:fml|hs)
[13:31:11] [Server thread/INFO]: WhiteSky_Bai joined the game
[13:31:14] [Server thread/INFO]: <Naando> wc
[13:31:19] [Server thread/INFO]: <Naando> 羊驼不见了
[13:31:26] [Server thread/INFO]: Naando lost connection: Disconnected
[13:31:26] [Server thread/INFO]: Naando left the game
[13:31:31] [Server thread/INFO]: Naando[/127.0.0.1:58558] logged in with entity id 215128 at (-414.40144562038273, 70.90290000319482, 548.9748071687724)
[13:31:31] [Server thread/INFO]: Naando joined the game
[13:31:32] [Netty Server IO #0/WARN]: Received invalid identifier in minecraft:register: legacy:fml|hs (Non [a-z0-9/._-] character in path of location: legacy:fml|hs)
[13:31:43] [Server thread/INFO]: <Naando> 等下
[13:31:48] [Server thread/INFO]: <WhiteSky_Bai> em
[13:31:50] [Server thread/INFO]: <Naando> 我觉得不正常
[13:31:54] [Server thread/INFO]: <Naando> 我去看一眼
[13:32:33] [Server thread/INFO]: <Naando> 你先弄个船
[13:32:39] [Server thread/INFO]: <Naando> wc你人呢
[13:32:52] [Server thread/INFO]: <WhiteSky_Bai> 找东西
[13:32:57] [Server thread/INFO]: <WhiteSky_Bai> 我做几个潜影盒
[13:33:47] [Server thread/INFO]: <Naando> 你要吗
[13:33:48] [Server thread/WARN]: Can't keep up! Is the server overloaded? Running 2035ms or 40 ticks behind
[13:33:56] [Server thread/INFO]: <Naando> 我有一箱子不死图腾
[13:34:01] [Server thread/INFO]: <WhiteSky_Bai> nb
[13:34:02] [Server thread/INFO]: <Naando> 这里面
[13:34:07] [Server thread/WARN]: Can't keep up! Is the server overloaded? Running 3800ms or 76 ticks behind
[13:34:13] [Server thread/INFO]: <Naando> 刷这个
[13:34:27] [Server thread/INFO]: <Naando> 刷完把我的还我就ok
[13:34:56] [Server thread/INFO]: <WhiteSky_Bai> 你会刷吗
[13:34:57] [Server thread/INFO]: <WhiteSky_Bai> = =
[13:34:57] [Server thread/INFO]: <Naando> 我退
[13:34:59] [Server thread/INFO]: <Naando> 会
[13:34:59] [Server thread/INFO]: <WhiteSky_Bai> 嗷嗷
[13:35:08] [Server thread/INFO]: <Naando> 算了我让你退再退
[13:35:17] [Server thread/INFO]: <Naando> 你人呢
[13:35:30] [Server thread/INFO]: <Naando> 船
[13:35:35] [Server thread/INFO]: <Naando> 需要船
[13:35:56] [Server thread/INFO]: <Naando> 放进潜影盒啊啊啊
[13:35:57] [Server thread/INFO]: <WhiteSky_Bai> 不用
[13:36:06] [Server thread/INFO]: <Naando> 刷的是潜影盒
[13:36:14] [Server thread/INFO]: <WhiteSky_Bai> 你坐上去3秒之后退出服务器
[13:36:21] [Server thread/INFO]: Naando lost connection: Disconnected
[13:36:21] [Server thread/INFO]: Naando left the game
[13:36:21] [Server thread/INFO]: <WhiteSky_Bai> 然后进来下马
[13:36:25] [Server thread/INFO]: Naando[/127.0.0.1:58721] logged in with entity id 217890 at (-413.4716633034248, 70.90290000319482, 547.8634260298323)
[13:36:25] [Netty Server IO #0/WARN]: Received invalid identifier in minecraft:register: legacy:fml|hs (Non [a-z0-9/._-] character in path of location: legacy:fml|hs)
[13:36:25] [Server thread/INFO]: Naando joined the game
[13:36:41] [Server thread/INFO]: <Naando> 成功没
[13:36:49] [Server thread/INFO]: <Naando> 我觉得没有
[13:36:59] [Server thread/INFO]: <WhiteSky_Bai> 等我把话说完
[13:36:59] [Server thread/INFO]: <WhiteSky_Bai> = =
[13:37:19] [Server thread/INFO]: <WhiteSky_Bai> 等我打开羊驼的背包
[13:37:21] [Server thread/INFO]: <WhiteSky_Bai> 你在上去
[13:37:24] [Server thread/INFO]: <Naando> o
[13:37:31] [Server thread/INFO]: Naando lost connection: Disconnected
[13:37:31] [Server thread/INFO]: Naando left the game
[13:37:35] [Server thread/INFO]: Naando[/127.0.0.1:58767] logged in with entity id 218546 at (-412.87966729934845, 70.90290000319482, 547.8863876260561)
[13:37:35] [Netty Server IO #1/WARN]: Received invalid identifier in minecraft:register: legacy:fml|hs (Non [a-z0-9/._-] character in path of location: legacy:fml|hs)
[13:37:35] [Server thread/INFO]: Naando joined the game
[13:37:50] [Server thread/INFO]: <Naando> 完工了吗
[13:37:53] [Server thread/INFO]: <WhiteSky_Bai> 继续
[13:37:58] [Server thread/INFO]: <Naando> ok
[13:38:02] [Server thread/INFO]: Naando lost connection: Disconnected
[13:38:02] [Server thread/INFO]: Naando left the game
[13:38:05] [Server thread/INFO]: Naando[/127.0.0.1:58786] logged in with entity id 218839 at (-411.90545989241525, 70.90290000319482, 548.210848123615)
[13:38:05] [Netty Server IO #0/WARN]: Received invalid identifier in minecraft:register: legacy:fml|hs (Non [a-z0-9/._-] character in path of location: legacy:fml|hs)
[13:38:05] [Server thread/INFO]: Naando joined the game
[13:38:17] [Server thread/INFO]: <Naando> ok？
[13:38:24] [Server thread/INFO]: Naando lost connection: Disconnected
[13:38:24] [Server thread/INFO]: Naando left the game
[13:38:27] [Server thread/INFO]: Naando[/127.0.0.1:58799] logged in with entity id 219035 at (-412.59046457395027, 70.90290000319482, 547.9405828740131)
[13:38:27] [Netty Server IO #1/WARN]: Received invalid identifier in minecraft:register: legacy:fml|hs (Non [a-z0-9/._-] character in path of location: legacy:fml|hs)
[13:38:27] [Server thread/INFO]: Naando joined the game
[13:38:38] [Server thread/INFO]: <Naando> ok
[13:38:41] [Server thread/INFO]: Naando lost connection: Disconnected
[13:38:41] [Server thread/INFO]: Naando left the game
[13:38:44] [Server thread/INFO]: Naando[/127.0.0.1:58811] logged in with entity id 219202 at (-412.5891138526059, 70.90290000319482, 547.9405283953678)
[13:38:44] [Netty Server IO #1/WARN]: Received invalid identifier in minecraft:register: legacy:fml|hs (Non [a-z0-9/._-] character in path of location: legacy:fml|hs)
[13:38:44] [Server thread/INFO]: Naando joined the game
[13:38:45] [Server thread/INFO]: [TextileBackup]: Backup started by: SERVER on: 2020-05-24_13-38-45
[13:38:45] [Server thread/INFO]: [TextileBackup]: Saving server...
[13:38:47] [Server thread/WARN]: Can't keep up! Is the server overloaded? Running 2642ms or 52 ticks behind
[13:38:47] [Thread-61/INFO]: [TextileBackup]: Starting compression...
[13:39:17] [Server thread/INFO]: <Naando> ok
[13:39:17] [Server thread/WARN]: Can't keep up! Is the server overloaded? Running 15985ms or 319 ticks behind
[13:39:23] [Server thread/INFO]: <Naando> 这回试试潜影盒
[13:39:32] [Server thread/INFO]: <Naando> ?
[13:39:36] [Server thread/INFO]: Cora_cold[/127.0.0.1:58839] logged in with entity id 219497 at (-56.70117925204978, 6.0, 142.41942819826886)
[13:39:36] [Netty Server IO #0/WARN]: Received invalid identifier in minecraft:register: legacy:fml|hs (Non [a-z0-9/._-] character in path of location: legacy:fml|hs)
[13:39:37] [Server thread/INFO]: Cora_cold joined the game
[13:39:37] [Server thread/WARN]: Can't keep up! Is the server overloaded? Running 3476ms or 69 ticks behind
[13:39:48] [Server thread/INFO]: <Naando> 我卡了
[13:39:56] [Server thread/INFO]: Naando lost connection: Disconnected
[13:39:56] [Server thread/INFO]: Naando left the game
[13:40:01] [Server thread/INFO]: Naando[/127.0.0.1:58852] logged in with entity id 219727 at (-414.4056092378183, 70.90290000319482, 546.4256362170032)
[13:40:01] [Netty Server IO #1/WARN]: Received invalid identifier in minecraft:register: legacy:fml|hs (Non [a-z0-9/._-] character in path of location: legacy:fml|hs)
[13:40:01] [Server thread/INFO]: Naando joined the game
[13:40:07] [Server thread/WARN]: Can't keep up! Is the server overloaded? Running 14425ms or 288 ticks behind
[13:40:19] [Server thread/INFO]: <Naando> 我很卡
[13:40:23] [Server thread/INFO]: <WhiteSky_Bai> nice
[13:40:27] [Server thread/INFO]: <Naando> wc四个了
[13:40:31] [Server thread/INFO]: <Cora_cold> 你们都在哪？
[13:40:32] [Server thread/WARN]: Can't keep up! Is the server overloaded? Running 10393ms or 207 ticks behind
[13:40:36] [Server thread/INFO]: Naando lost connection: Disconnected
[13:40:36] [Server thread/INFO]: Naando left the game
[13:40:41] [Server thread/INFO]: Naando[/127.0.0.1:58874] logged in with entity id 219932 at (-414.80863016363816, 70.90290000319482, 546.2133614197425)
[13:40:41] [Netty Server IO #1/WARN]: Received invalid identifier in minecraft:register: legacy:fml|hs (Non [a-z0-9/._-] character in path of location: legacy:fml|hs)
[13:40:41] [Server thread/INFO]: Naando joined the game
[13:40:55] [Server thread/INFO]: <Naando> 我太卡了
[13:41:02] [Server thread/WARN]: Can't keep up! Is the server overloaded? Running 14960ms or 299 ticks behind
[13:41:07] [Server thread/INFO]: <Cora_cold> 在一起就不卡了
[13:41:10] [Server thread/INFO]: <Naando> wocnb
[13:41:10] [Server thread/INFO]: <Cora_cold> 你们在哪？
[13:41:15] [Server thread/INFO]: <WhiteSky_Bai> 腐竹家里
[13:41:18] [Server thread/INFO]: <Naando> 我们在刷东西
[13:41:21] [Thread-61/INFO]: [TextileBackup]: Compression finished
[13:41:21] [Thread-61/INFO]: [TextileBackup]: Deleting: 2020-05-23_20-55-45.zip
[13:41:24] [Server thread/WARN]: Can't keep up! Is the server overloaded? Running 7147ms or 142 ticks behind
[13:41:28] [Thread-61/INFO]: [TextileBackup]: Done!
[13:41:28] [Server thread/INFO]: Naando lost connection: Disconnected
[13:41:28] [Server thread/INFO]: Naando left the game
[13:41:32] [Server thread/INFO]: Naando[/127.0.0.1:58901] logged in with entity id 220337 at (-414.44556773786377, 70.90290000319482, 546.7839657774991)
[13:41:32] [Netty Server IO #0/WARN]: Received invalid identifier in minecraft:register: legacy:fml|hs (Non [a-z0-9/._-] character in path of location: legacy:fml|hs)
[13:41:32] [Server thread/INFO]: Naando joined the game
[13:41:42] [Server thread/WARN]: Can't keep up! Is the server overloaded? Running 2474ms or 49 ticks behind
[13:41:49] [Server thread/INFO]: <Naando> 完事了吗
[13:42:00] [Server thread/INFO]: <Naando> 把潜影盒给我几个
[13:42:08] [Server thread/INFO]: <Naando> awa
[13:42:09] [Server thread/WARN]: Can't keep up! Is the server overloaded? Running 2206ms or 44 ticks behind
[13:42:14] [Server thread/INFO]: <Cora_cold> 这不就不卡了吗
[13:42:35] [Server thread/WARN]: Can't keep up! Is the server overloaded? Running 2065ms or 41 ticks behind
[13:43:05] [Server thread/WARN]: Can't keep up! Is the server overloaded? Running 15367ms or 307 ticks behind
[13:43:14] [Server thread/INFO]: <Naando> 我
[13:43:18] [Server thread/INFO]: <Naando> 一无所有
[13:43:22] [Server thread/WARN]: Can't keep up! Is the server overloaded? Running 2357ms or 47 ticks behind
[13:43:25] [Server thread/INFO]: <WhiteSky_Bai> 你拿啊
[13:43:26] [Server thread/INFO]: <WhiteSky_Bai> = =
[13:43:28] [Server thread/INFO]: <WhiteSky_Bai> 我放箱子里了
[13:43:29] [Server thread/INFO]: <WhiteSky_Bai> = =
[13:43:33] [Server thread/INFO]: <Naando> 我去了趟末地
[13:43:40] [Server thread/INFO]: <Naando> 活着回来了
[13:43:53] [Server thread/WARN]: Can't keep up! Is the server overloaded? Running 2464ms or 49 ticks behind
[13:44:13] [Server thread/WARN]: Can't keep up! Is the server overloaded? Running 4233ms or 84 ticks behind
[13:44:31] [Server thread/INFO]: <WhiteSky_Bai> 六项
[13:44:33] [Server thread/INFO]: <WhiteSky_Bai> 舒服了
[13:44:35] [Server thread/WARN]: Can't keep up! Is the server overloaded? Running 2063ms or 41 ticks behind
[13:44:37] [Server thread/INFO]: <Naando> ?
[13:44:39] [Server thread/INFO]: <WhiteSky_Bai> 你们还刷不
[13:44:45] [Server thread/INFO]: <Naando> 你刷啥
[13:44:47] [Server thread/INFO]: <Cora_cold> 我想把这个堆肥的拆了
[13:44:49] [Server thread/INFO]: <WhiteSky_Bai> 图腾啊
[13:44:51] [Server thread/INFO]: <Naando> 我想刷钻石块
[13:44:51] [Server thread/INFO]: <WhiteSky_Bai> 我怕死
[13:44:53] [Server thread/INFO]: <WhiteSky_Bai> = =
[13:44:59] [Server thread/INFO]: <WhiteSky_Bai> 钻石块刷起来就没意思了
[13:45:07] [Server thread/INFO]: <Cora_cold> 我想把这个堆肥的拆了
[13:45:11] [Server thread/INFO]: <Naando> 用来建家它不香吗
[13:45:30] [Server thread/INFO]: <Naando> 关键我没有钻石块
[13:45:33] [Server thread/INFO]: <Naando> 草
[13:45:37] [Server thread/INFO]: <WhiteSky_Bai> 都没有啊
[13:45:37] [Server thread/WARN]: Can't keep up! Is the server overloaded? Running 3679ms or 73 ticks behind
[13:45:37] [Server thread/INFO]: <WhiteSky_Bai> = =
[13:45:38] [Server thread/INFO]: <Cora_cold> 家里找啊
[13:45:57] [Server thread/WARN]: Can't keep up! Is the server overloaded? Running 5453ms or 109 ticks behind
[13:45:59] [Server thread/INFO]: <Naando> 我有31和
[13:45:59] [Server thread/WARN]: Mismatch in destroy block pos: class_2338{x=-398, y=73, z=517} class_2338{x=-396, y=72, z=517}
[13:46:00] [Server thread/INFO]: <WhiteSky_Bai> 头腐竹的
[13:46:01] [Server thread/INFO]: <Naando> 个
[13:46:02] [Server thread/INFO]: <WhiteSky_Bai> 偷
[13:46:07] [Server thread/WARN]: Mismatch in destroy block pos: class_2338{x=-400, y=73, z=517} class_2338{x=-400, y=71, z=516}
[13:46:08] [Server thread/INFO]: <Naando> 刷吗
[13:46:15] [Server thread/WARN]: Can't keep up! Is the server overloaded? Running 2748ms or 54 ticks behind
[13:46:18] [Server thread/INFO]: <Naando> 我有31个钻石块
[13:46:32] [Server thread/WARN]: Can't keep up! Is the server overloaded? Running 2463ms or 49 ticks behind
[13:46:33] [Server thread/INFO]: <Naando> 用来建家它不香吗
[13:46:50] [Server thread/WARN]: Can't keep up! Is the server overloaded? Running 3310ms or 66 ticks behind
[13:47:11] [Server thread/WARN]: Can't keep up! Is the server overloaded? Running 2164ms or 43 ticks behind
[13:47:29] [Server thread/WARN]: Can't keep up! Is the server overloaded? Running 2382ms or 47 ticks behind
[13:47:32] [Server thread/INFO]: <Naando> 给个面子让我刷一下
[13:47:42] [Server thread/INFO]: <WhiteSky_Bai> 等我拆完这个
[13:47:45] [Server thread/INFO]: <Naando> o
[13:47:46] [Server thread/WARN]: Can't keep up! Is the server overloaded? Running 2293ms or 45 ticks behind
[13:48:04] [Server thread/WARN]: Can't keep up! Is the server overloaded? Running 2543ms or 50 ticks behind
[13:48:29] [Server thread/INFO]: <Naando> 我放里面了啊
[13:48:32] [Server thread/WARN]: Can't keep up! Is the server overloaded? Running 2010ms or 40 ticks behind
[13:48:38] [Server thread/INFO]: <WhiteSky_Bai> 上啊
[13:48:40] [Server thread/INFO]: <WhiteSky_Bai> = =
[13:48:44] [Server thread/INFO]: Naando lost connection: Disconnected
[13:48:44] [Server thread/INFO]: Naando left the game
[13:48:47] [Server thread/INFO]: Naando[/127.0.0.1:59128] logged in with entity id 224147 at (-414.1018552492184, 70.90290000319482, 546.7961694710391)
[13:48:47] [Netty Server IO #1/WARN]: Received invalid identifier in minecraft:register: legacy:fml|hs (Non [a-z0-9/._-] character in path of location: legacy:fml|hs)
[13:48:47] [Server thread/INFO]: Naando joined the game
[13:48:51] [Server thread/WARN]: Can't keep up! Is the server overloaded? Running 3829ms or 76 ticks behind
[13:49:00] [Server thread/INFO]: Naando lost connection: Disconnected
[13:49:00] [Server thread/INFO]: Naando left the game
[13:49:03] [Server thread/INFO]: Naando[/127.0.0.1:59137] logged in with entity id 224285 at (-414.2009200314802, 70.90290000319482, 547.0693568215208)
[13:49:03] [Netty Server IO #1/WARN]: Received invalid identifier in minecraft:register: legacy:fml|hs (Non [a-z0-9/._-] character in path of location: legacy:fml|hs)
[13:49:03] [Server thread/INFO]: Naando joined the game
[13:49:11] [Server thread/WARN]: Can't keep up! Is the server overloaded? Running 4443ms or 88 ticks behind
[13:49:18] [Server thread/INFO]: Naando lost connection: Disconnected
[13:49:18] [Server thread/INFO]: Naando left the game
[13:49:21] [Server thread/INFO]: Naando[/127.0.0.1:59148] logged in with entity id 224456 at (-414.1105782995743, 70.90290000319482, 546.928802557333)
[13:49:21] [Netty Server IO #1/WARN]: Received invalid identifier in minecraft:register: legacy:fml|hs (Non [a-z0-9/._-] character in path of location: legacy:fml|hs)
[13:49:21] [Server thread/INFO]: Naando joined the game
[13:49:28] [Server thread/WARN]: Can't keep up! Is the server overloaded? Running 2455ms or 49 ticks behind
[13:49:30] [Server thread/INFO]: Naando lost connection: Disconnected
[13:49:30] [Server thread/INFO]: Naando left the game
[13:49:32] [Server thread/INFO]: Naando[/127.0.0.1:59157] logged in with entity id 224522 at (-414.3407619642836, 70.90290000319482, 546.5488239303666)
[13:49:32] [Netty Server IO #1/WARN]: Received invalid identifier in minecraft:register: legacy:fml|hs (Non [a-z0-9/._-] character in path of location: legacy:fml|hs)
[13:49:32] [Server thread/INFO]: Naando joined the game
[13:49:53] [Server thread/INFO]: Naando lost connection: Disconnected
[13:49:53] [Server thread/INFO]: Naando left the game
[13:49:55] [Server thread/INFO]: Naando[/127.0.0.1:59170] logged in with entity id 224752 at (-414.48818526517573, 70.90290000319482, 547.1294523254471)
[13:49:55] [Server thread/INFO]: Naando joined the game
[13:49:56] [Netty Server IO #0/WARN]: Received invalid identifier in minecraft:register: legacy:fml|hs (Non [a-z0-9/._-] character in path of location: legacy:fml|hs)
[13:50:09] [Server thread/INFO]: <Naando> 卧槽
[13:50:18] [Server thread/INFO]: <Naando> 我刚才0fps了
[13:50:51] [Server thread/INFO]: <Naando> 大哥
[13:50:53] [Server thread/INFO]: Naando lost connection: Disconnected
[13:50:53] [Server thread/INFO]: Naando left the game
[13:50:55] [Server thread/INFO]: Naando[/127.0.0.1:59204] logged in with entity id 225349 at (-414.1033577209637, 70.90290000319482, 546.9813474568741)
[13:50:55] [Netty Server IO #0/WARN]: Received invalid identifier in minecraft:register: legacy:fml|hs (Non [a-z0-9/._-] character in path of location: legacy:fml|hs)
[13:50:55] [Server thread/INFO]: Naando joined the game
[13:51:12] [Server thread/INFO]: Naando lost connection: Disconnected
[13:51:12] [Server thread/INFO]: Naando left the game
[13:51:15] [Server thread/WARN]: Can't keep up! Is the server overloaded? Running 2877ms or 57 ticks behind
[13:51:15] [Server thread/INFO]: Naando[/127.0.0.1:59216] logged in with entity id 225570 at (-414.18065863081915, 70.90290000319482, 547.3876920720841)
[13:51:15] [Netty Server IO #1/WARN]: Received invalid identifier in minecraft:register: legacy:fml|hs (Non [a-z0-9/._-] character in path of location: legacy:fml|hs)
[13:51:15] [Server thread/INFO]: Naando joined the game
[13:51:34] [Server thread/WARN]: Can't keep up! Is the server overloaded? Running 4210ms or 84 ticks behind
[13:51:56] [Server thread/INFO]: <Naando> 我去造神庙了
[13:53:12] [Server thread/INFO]: <Naando> byebye
[13:53:55] [Server thread/WARN]: Can't keep up! Is the server overloaded? Running 2018ms or 40 ticks behind
[13:54:13] [Server thread/WARN]: Can't keep up! Is the server overloaded? Running 2601ms or 52 ticks behind
[13:54:30] [Server thread/WARN]: Can't keep up! Is the server overloaded? Running 2444ms or 48 ticks behind
[13:55:10] [Server thread/WARN]: Can't keep up! Is the server overloaded? Running 2004ms or 40 ticks behind
[13:55:35] [Server thread/INFO]: <WhiteSky_Bai> cora你是真猥琐
[13:55:43] [Server thread/INFO]: <WhiteSky_Bai> 苹果上还刻名字
[13:55:44] [Server thread/INFO]: <Cora_cold> ?
[13:55:48] [Server thread/INFO]: <Cora_cold> 我找到的
[13:55:50] [Server thread/INFO]: <Cora_cold> 找了三天
[13:55:52] [Server thread/INFO]: <WhiteSky_Bai> 抠脚
[13:56:06] [Server thread/INFO]: <WhiteSky_Bai> 我记得我一个苹果给自己吃了
[13:56:13] [Server thread/INFO]: <WhiteSky_Bai> 开始的时候砍树拿到的
[13:56:20] [Server thread/INFO]: <WhiteSky_Bai> 后来吃掉了
[13:56:31] [Server thread/WARN]: Can't keep up! Is the server overloaded? Running 2730ms or 54 ticks behind
[13:56:57] [Server thread/INFO]: <WhiteSky_Bai> 你人呢
[13:57:01] [Server thread/INFO]: <Cora_cold> 下面
[13:57:14] [Server thread/WARN]: Can't keep up! Is the server overloaded? Running 2011ms or 40 ticks behind
[13:57:18] [Server thread/INFO]: <Cora_cold> 你的小地图看不到我吗？
[13:57:20] [Server thread/INFO]: <WhiteSky_Bai> 这个怎么处理
[13:57:23] [Server thread/INFO]: <WhiteSky_Bai> 我没有小地图
[13:57:37] [Server thread/INFO]: <Cora_cold> 你去那边铺石头吧
[13:57:44] [Server thread/INFO]: <Cora_cold> [x:-12, y:5, z:144]
[13:57:51] [Server thread/WARN]: Can't keep up! Is the server overloaded? Running 2017ms or 40 ticks behind
[13:58:14] [Server thread/INFO]: <WhiteSky_Bai> 小地图mod发我一下
[13:58:44] [Server thread/WARN]: Can't keep up! Is the server overloaded? Running 2009ms or 40 ticks behind
[13:59:10] [Server thread/INFO]: <Naando> ohye
[13:59:10] [Server thread/INFO]: <Cora_cold> 群里不是有吗
[14:00:18] [Server thread/INFO]: <Naando> 我去装下mod
[14:00:20] [Server thread/INFO]: <Naando> 等我
[14:00:24] [Server thread/INFO]: Naando lost connection: Disconnected
[14:00:24] [Server thread/INFO]: Naando left the game
[14:00:53] [Server thread/INFO]: WhiteSky_Bai lost connection: Disconnected
[14:00:53] [Server thread/INFO]: WhiteSky_Bai left the game
[14:01:59] [Server thread/INFO]: <Cora_cold> 发不了
[14:03:28] [Server thread/INFO]: Naando[/127.0.0.1:59615] logged in with entity id 233974 at (-424.69999998807907, 70.0, 537.0749999880791)
[14:03:28] [Netty Server IO #1/WARN]: Received invalid identifier in minecraft:register: legacy:fml|hs (Non [a-z0-9/._-] character in path of location: legacy:fml|hs)
[14:03:28] [Server thread/INFO]: Naando joined the game
[14:03:39] [Server thread/WARN]: Can't keep up! Is the server overloaded? Running 2071ms or 41 ticks behind
[14:05:49] [Server thread/WARN]: Mismatch in destroy block pos: class_2338{x=-148, y=2, z=241} class_2338{x=-148, y=3, z=241}
[14:06:41] [Server thread/INFO]: Naando lost connection: Disconnected
[14:06:41] [Server thread/INFO]: Naando left the game
[14:06:42] [Server thread/WARN]: Can't keep up! Is the server overloaded? Running 3103ms or 62 ticks behind
[14:08:58] [Server thread/INFO]: Naando[/127.0.0.1:59806] logged in with entity id 237869 at (-449.9325895597372, 69.0, 565.6798249429078)
[14:08:58] [Netty Server IO #0/WARN]: Received invalid identifier in minecraft:register: legacy:fml|hs (Non [a-z0-9/._-] character in path of location: legacy:fml|hs)
[14:08:58] [Server thread/INFO]: Naando joined the game
[14:09:00] [Server thread/WARN]: Can't keep up! Is the server overloaded? Running 2222ms or 44 ticks behind
[14:09:13] [Server thread/INFO]: Naando lost connection: Timed out
[14:09:13] [Server thread/INFO]: Naando left the game
[14:09:13] [Server thread/WARN]: handleDisconnection() called twice
[14:09:16] [Server thread/INFO]: Naando[/127.0.0.1:59814] logged in with entity id 238175 at (-449.9325895597372, 69.0, 565.6798249429078)
[14:09:16] [Netty Server IO #0/WARN]: Received invalid identifier in minecraft:register: legacy:fml|hs (Non [a-z0-9/._-] character in path of location: legacy:fml|hs)
[14:09:16] [Server thread/INFO]: Naando joined the game
[14:09:18] [Server thread/WARN]: Can't keep up! Is the server overloaded? Running 2663ms or 53 ticks behind
[14:09:19] [Server thread/INFO]: <Cora_cold> ?
[14:11:28] [Server thread/INFO]: WhiteSky_Bai[/127.0.0.1:59887] logged in with entity id 239749 at (-152.47709750938876, 6.0, 252.92500001192093)
[14:11:28] [Netty Server IO #1/WARN]: Received invalid identifier in minecraft:register: legacy:fml|hs (Non [a-z0-9/._-] character in path of location: legacy:fml|hs)
[14:11:28] [Server thread/INFO]: WhiteSky_Bai joined the game
[14:11:29] [Server thread/INFO]: <Cora_cold> 怎么一直退？
[14:11:34] [Server thread/WARN]: Can't keep up! Is the server overloaded? Running 2008ms or 40 ticks behind
[14:11:55] [Server thread/WARN]: Can't keep up! Is the server overloaded? Running 5311ms or 106 ticks behind
[14:12:12] [Server thread/INFO]: <Naando> e
[14:12:14] [Server thread/WARN]: Can't keep up! Is the server overloaded? Running 3996ms or 79 ticks behind
[14:12:24] [Server thread/INFO]: <Cora_cold> [x:15, y:5, z:157]
[14:12:34] [Server thread/INFO]: <Naando> ???
[14:12:35] [Server thread/INFO]: <Cora_cold> 这里都可以铺了
[14:12:46] [Server thread/INFO]: <Cora_cold> 铺了一个月的地板
[14:12:50] [Server thread/INFO]: <Cora_cold> 马上开学了
[14:12:53] [Server thread/INFO]: <Cora_cold> 赶快弄完
[14:13:17] [Server thread/WARN]: Mismatch in destroy block pos: class_2338{x=-123, y=3, z=255} class_2338{x=-123, y=4, z=255}
[14:13:19] [Server thread/INFO]: WhiteSky_Bai lost connection: Disconnected
[14:13:19] [Server thread/INFO]: WhiteSky_Bai left the game
[14:14:01] [Server thread/INFO]: <Cora_cold> caole
[14:14:05] [Server thread/INFO]: <Cora_cold> 谁的鹦鹉
[14:14:16] [Server thread/INFO]: <Cora_cold> 我以为是蝙蝠
[14:15:15] [Server thread/INFO]: <Cora_cold> caole
[14:15:19] [Server thread/INFO]: <Cora_cold> 我的鹦鹉
[14:15:34] [Server thread/INFO]: <Naando> Cora_cold我走着走着走到了你家
[14:16:07] [Server thread/INFO]: <Cora_cold> 所以呢
[14:16:29] [Server thread/INFO]: <Naando> 我在参观你家
[14:17:01] [Server thread/WARN]: Can't keep up! Is the server overloaded? Running 2364ms or 47 ticks behind
[14:17:19] [Server thread/WARN]: Can't keep up! Is the server overloaded? Running 2818ms or 56 ticks behind
[14:17:24] [Server thread/INFO]: <Naando> 要不要造个刷怪塔啊
[14:17:34] [Server thread/INFO]: <Cora_cold> 没用啊
[14:17:37] [Server thread/INFO]: <Cora_cold> 有刷怪笼
[14:17:49] [Server thread/INFO]: <Naando> 自动生成的那种啊
[14:17:52] [Server thread/WARN]: Mismatch in destroy block pos: class_2338{x=-128, y=3, z=260} class_2338{x=-128, y=4, z=260}
[14:18:00] [Server thread/INFO]: <Naando> 全黑就会生成
[14:18:01] [Server thread/INFO]: <Cora_cold> 不如刷怪笼
[14:18:57] [Server thread/INFO]: <Naando> 我记得能搞到刷怪笼的
[14:19:36] [Server thread/INFO]: <Naando> 但是没有蛋他算个屁
[14:19:58] [Server thread/INFO]: <Cora_cold> 不能搞刷怪笼的
[14:20:10] [Server thread/INFO]: <Cora_cold> 、
[14:20:10] [Server thread/INFO]: <Naando> 造个刷怪塔吧
[14:20:15] [Server thread/INFO]: <Cora_cold> 不用
[14:20:30] [Server thread/INFO]: <Cora_cold> 啥刷怪笼都有
[14:20:36] [Server thread/INFO]: <Naando> 我记得我在别的服务器当上了管理
[14:20:38] [Server thread/INFO]: <Cora_cold> 低于里面
[14:21:03] [Server thread/INFO]: <Naando> 然后有一次我吧全服ban了
[14:21:19] [Server thread/INFO]: <Naando> 手误
[14:21:40] [Server thread/INFO]: <Naando> 然后我管理就没了
[14:22:07] [Server thread/WARN]: Can't keep up! Is the server overloaded? Running 2021ms or 40 ticks behind
[14:22:23] [Server thread/INFO]: <Naando> 这是一个悲伤的故事
[14:22:28] [Server thread/WARN]: Can't keep up! Is the server overloaded? Running 6764ms or 135 ticks behind
[14:22:42] [Server thread/INFO]: <Naando> 我干过的坏事挺多
[14:22:58] [Server thread/INFO]: <Naando> 隐形苦力怕扎人
[14:23:02] [Server thread/INFO]: <Naando> 扎人
[14:23:07] [Server thread/INFO]: <Naando> 炸人
[14:23:27] [Server thread/INFO]: <Naando> 等等等
[14:23:50] [Server thread/INFO]: <Naando> 对了你说地狱哪里有刷怪笼？
[14:23:59] [Server thread/INFO]: <Cora_cold> 地狱交通
[14:24:08] [Server thread/INFO]: <Naando> 带我去一哈
[14:24:16] [Server thread/INFO]: <Cora_cold> 出生点那个传送门后面就是
[14:24:25] [Server thread/INFO]: <Cora_cold> 那边是两个刷怪笼
[14:24:27] [Server thread/INFO]: <Naando> 那个出生点
[14:24:28] [Server thread/INFO]: <Cora_cold> 僵尸小白
[14:24:31] [Server thread/INFO]: <Naando> 带我一下
[14:24:45] [Server thread/INFO]: <Naando> 我在地狱
[14:24:49] [Server thread/INFO]: <Cora_cold> 来服务器的出生点啊
[14:24:59] [Server thread/INFO]: <Cora_cold> 出生点的传送门
[14:25:23] [Server thread/INFO]: <Cora_cold> 你咋进去了
[14:25:25] [Server thread/INFO]: <Naando> 俺来了
[14:25:34] [Server thread/INFO]: <Naando> ???
[14:25:49] [Server thread/INFO]: <Cora_cold> 来地狱
[14:26:09] [Server thread/INFO]: <Cora_cold> 里面就是
[14:26:12] [Server thread/INFO]: <Naando> 僵尸好点
[14:26:19] [Server thread/INFO]: <Cora_cold> 那里也有僵尸
[14:26:25] [Server thread/INFO]: <Naando> 谢谢
[14:26:27] [Server thread/WARN]: Can't keep up! Is the server overloaded? Running 2136ms or 42 ticks behind
[14:27:17] [Server thread/WARN]: Can't keep up! Is the server overloaded? Running 2528ms or 50 ticks behind
[14:27:30] [Server thread/INFO]: <Naando> 我挂机了
[14:27:34] [Server thread/INFO]: <Cora_cold> o
[14:27:39] [Server thread/INFO]: <Naando> 有事群里叫我
[14:28:03] [Server thread/INFO]: <Naando> 我去B站看视频了
[14:32:21] [Server thread/WARN]: Can't keep up! Is the server overloaded? Running 2266ms or 45 ticks behind
[14:37:23] [Server thread/WARN]: Can't keep up! Is the server overloaded? Running 2339ms or 46 ticks behind
[14:38:44] [Server thread/INFO]: [TextileBackup]: Backup started by: SERVER on: 2020-05-24_14-38-44
[14:38:44] [Server thread/INFO]: [TextileBackup]: Saving server...
[14:38:46] [Server thread/WARN]: Can't keep up! Is the server overloaded? Running 2017ms or 40 ticks behind
[14:38:46] [Thread-62/INFO]: [TextileBackup]: Starting compression...
[14:39:07] [Server thread/WARN]: Mismatch in destroy block pos: class_2338{x=-65, y=5, z=281} class_2338{x=-64, y=5, z=281}
[14:39:13] [Server thread/WARN]: Can't keep up! Is the server overloaded? Running 11691ms or 233 ticks behind
[14:39:34] [Server thread/WARN]: Can't keep up! Is the server overloaded? Running 6782ms or 135 ticks behind
[14:39:52] [Server thread/WARN]: Can't keep up! Is the server overloaded? Running 2091ms or 41 ticks behind
[14:40:10] [Server thread/WARN]: Can't keep up! Is the server overloaded? Running 2858ms or 57 ticks behind
[14:40:31] [Server thread/WARN]: Mismatch in destroy block pos: class_2338{x=-66, y=5, z=281} class_2338{x=-66, y=3, z=281}
[14:40:32] [Server thread/WARN]: Mismatch in destroy block pos: class_2338{x=-66, y=5, z=281} class_2338{x=-66, y=3, z=281}
[14:40:32] [Server thread/WARN]: Mismatch in destroy block pos: class_2338{x=-66, y=5, z=281} class_2338{x=-66, y=3, z=281}
[14:40:32] [Server thread/WARN]: Can't keep up! Is the server overloaded? Running 6759ms or 135 ticks behind
[14:40:32] [Server thread/WARN]: Mismatch in destroy block pos: class_2338{x=-66, y=5, z=281} class_2338{x=-66, y=3, z=281}
[14:40:52] [Server thread/WARN]: Can't keep up! Is the server overloaded? Running 5401ms or 108 ticks behind
[14:40:58] [Server thread/INFO]: Cora_cold lost connection: Disconnected
[14:40:58] [Server thread/INFO]: Cora_cold left the game
[14:41:11] [Server thread/INFO]: Cora_cold[/127.0.0.1:60873] logged in with entity id 259172 at (-65.04262770964674, 6.0, 281.56976967231566)
[14:41:11] [Server thread/INFO]: Cora_cold joined the game
[14:41:14] [Server thread/WARN]: Can't keep up! Is the server overloaded? Running 7094ms or 141 ticks behind
[14:41:15] [Netty Server IO #1/WARN]: Received invalid identifier in minecraft:register: legacy:fml|hs (Non [a-z0-9/._-] character in path of location: legacy:fml|hs)
[14:41:33] [Thread-62/INFO]: [TextileBackup]: Compression finished
[14:41:33] [Thread-62/INFO]: [TextileBackup]: Deleting: 2020-05-23_21-55-46.zip
[14:41:34] [Server thread/WARN]: Can't keep up! Is the server overloaded? Running 4385ms or 87 ticks behind
[14:41:45] [Thread-62/INFO]: [TextileBackup]: Done!
[14:41:52] [Server thread/WARN]: Can't keep up! Is the server overloaded? Running 2996ms or 59 ticks behind
[14:43:09] [Server thread/WARN]: Can't keep up! Is the server overloaded? Running 2029ms or 40 ticks behind
[14:43:30] [Server thread/WARN]: Can't keep up! Is the server overloaded? Running 5784ms or 115 ticks behind
[14:45:57] [Server Watchdog/FATAL]: A single server tick took 60.00 seconds (should be max 0.05)
[14:45:57] [Server Watchdog/FATAL]: Considering it to be crashed, server will forcibly shutdown.
[14:45:57] [Server Watchdog/ERROR]: This crash report has been saved to: C:\Server\skimit_survival\.\crash-reports\crash-2020-05-24_14.45.57-server.txt
