[13:00:03] [main/INFO]: Loading for game Minecraft 1.16.2
[13:00:04] [ForkJoinPool-1-worker-3/WARN]: The mod "cotton-logging" contains invalid entries in its mod json:
- Unsupported root entry "licence" at line 7 column 12
[13:00:04] [ForkJoinPool-1-worker-3/WARN]: The mod "cotton-config" contains invalid entries in its mod json:
- Unsupported root entry "licence" at line 7 column 12
[13:00:04] [main/WARN]: Warnings were found! 
 - Mod 'BetterF3' (betterf3) recommends version 1.14.6 or later of mod modmenu, which is missing!
	 - You must install version 1.14.6 or later of modmenu.
[13:00:05] [main/INFO]: [FabricLoader] Loading 58 mods: fabric-renderer-api-v1@0.3.1+f8ac1db295, fabric-keybindings-v0@0.2.0+3fa9f7c595, fabricloader@0.10.6+build.214, fabric-structure-api-v1@1.1.0+f8ac1db295, bbor@2.4-1.16.3, com_github_shevek_parallelgzip@master-SNAPSHOT, fabric-containers-v0@0.1.8+045df74f95, fabric-object-builder-api-v1@1.8.1+f8ac1db295, fabric-game-rule-api-v1@1.0.2+f8ac1db295, fabric-api-base@0.1.3+12a8474c95, fabric-rendering-data-attachment-v1@0.1.4+f8ac1db295, fabric-textures-v0@1.0.4+eae12eb895, fabric-rendering-fluids-v1@0.1.12+f8ac1db295, cotton-logging@1.0.0-rc.4, fabric-blockrenderlayer-v1@1.1.4+c6a8ea8995, fabric-lifecycle-events-v1@1.2.0+74cc3b2095, fabric-renderer-registries-v1@2.2.0+f8ac1db295, fabric-loot-tables-v1@1.0.1+432ea18895, carpet-extra@1.4.14, fabric@0.22.1+build.409-1.16, carpet@1.4.14, fabric-particles-v1@0.2.2+fb0d9b0e95, fabric-networking-v0@0.1.10+e00ecb5f95, cotton-config@1.0.0-rc.7, fabric-networking-blockentity-v0@0.2.5+b50ffc7b95, here@0.0.10-mc1.16, minecraft@1.16.2, fabric-screen-handler-api-v1@1.1.0+8724984195, fabric-command-api-v1@1.0.8+5ce5339895, jankson@3.0.0+j1.2.0, cloth-basic-math@0.5.1, phosphor@0.6.0+build.7, fabric-tool-attribute-api-v1@1.2.3+f8ac1db295, bluemap@1.0.0, fabric-renderer-indigo@0.4.1+f8ac1db295, player-roles@1.1.1, org_apache_commons_commons-compress@1.19, fabric-item-api-v1@1.2.0+f8ac1db295, fabric-events-interaction-v0@0.4.1+f8ac1db295, fabric-crash-report-info-v1@0.1.2+b7f9825d95, fabric-rendering-v0@1.1.1+f8ac1db295, fabric-key-binding-api-v1@1.0.1+730711c695, fabric-rendering-v1@1.3.1+f8ac1db295, cloth-config2@4.7.0-unstable, org_tukaani_xz@1.8, fabric-resource-loader-v0@0.3.1+facf3bbf95, fabric-content-registries-v0@0.1.9+059ea86695, fabric-tag-extensions-v0@1.0.3+ac8e8c5995, fabric-biome-api-v1@2.0.0+c29459ab95, fabric-registry-sync-v0@0.5.2+3c53fe3395, fabric-commands-v0@0.2.0+52d3083695, textile_backup@2.0.1-1.16.3, fabric-mining-levels-v0@0.1.2+b764ce9995, betterf3@1.1.1, fabric-events-lifecycle-v0@0.2.0+16acbe5b95, fabric-models-v0@0.1.1+f8ac1db295, fabric-item-groups-v0@0.2.0+438f963695, fabric-object-builders-v0@0.7.0+432ea18895
[13:00:05] [main/WARN]: Mod `com_github_shevek_parallelgzip` (master-SNAPSHOT) does not respect SemVer - comparison support is limited.
[13:00:05] [main/INFO]: SpongePowered MIXIN Subsystem Version=0.8.2 Source=file:/srv/survival/fabric-server-launch.jar Service=Knot/Fabric Env=SERVER
[13:00:27] [main/INFO]: [Textile Backup] Starting Textile Backup by Szum123321.
[13:00:31] [main/INFO]: Environment: authHost='https://authserver.mojang.com', accountsHost='https://api.mojang.com', sessionHost='https://sessionserver.mojang.com', name='PROD'
[13:00:33] [main/WARN]: Ambiguity between arguments [bluemap, marker, create, id, map, x] and [bluemap, marker, create, id, map, label] with inputs: [0, -1, -.5, 1.2, .5, -1234.56]
[13:00:33] [main/WARN]: Ambiguity between arguments [bluemap, render, cancel] and [bluemap, render, world|map] with inputs: [cancel]
[13:00:33] [main/WARN]: Ambiguity between arguments [bluemap, render, prioritize] and [bluemap, render, world|map] with inputs: [prioritize]
[13:00:33] [main/WARN]: Ambiguity between arguments [bluemap, render, radius] and [bluemap, render, world|map] with inputs: [0, -123, 123]
[13:00:33] [main/WARN]: Ambiguity between arguments [bluemap, render, radius] and [bluemap, render, x] with inputs: [0, -123, 123]
[13:00:33] [main/WARN]: Ambiguity between arguments [bluemap, render, x] and [bluemap, render, radius] with inputs: [0, -1]
[13:00:33] [main/WARN]: Ambiguity between arguments [bluemap, render, x] and [bluemap, render, world|map] with inputs: [0, -1, -.5, 1.2, .5, -1234.56]
[13:00:33] [main/WARN]: Ambiguity between arguments [teleport, destination] and [teleport, targets] with inputs: [Player, 0123, @e, dd12be42-52a9-4a91-a8a1-11c01849e498]
[13:00:33] [main/WARN]: Ambiguity between arguments [teleport, location] and [teleport, destination] with inputs: [0.1 -0.5 .9, 0 0 0]
[13:00:33] [main/WARN]: Ambiguity between arguments [teleport, location] and [teleport, targets] with inputs: [0.1 -0.5 .9, 0 0 0]
[13:00:33] [main/WARN]: Ambiguity between arguments [teleport, targets] and [teleport, destination] with inputs: [Player, 0123, dd12be42-52a9-4a91-a8a1-11c01849e498]
[13:00:33] [main/WARN]: Ambiguity between arguments [teleport, targets, location] and [teleport, targets, destination] with inputs: [0.1 -0.5 .9, 0 0 0]
[13:00:34] [main/INFO]: Reloading ResourceManager: Default, bukkit, Fabric Tool Attribute API (v1), Player Roles, skimit-DataPack
[13:00:38] [Worker-Main-2/INFO]: Loaded 7 recipes
[13:00:40] [Worker-Main-2/INFO]: Loaded 927 advancements
[13:00:44] [main/WARN]: [fabric-registry-sync] Could not find the following registries: minecraft:biome_source_type, minecraft:block_state_provider_type, minecraft:dimension_type, minecraft:structure_piece, minecraft:carver, minecraft:block_placer_type, minecraft:decorator, minecraft:structure_feature, minecraft:surface_builder, minecraft:foliage_placer_type, minecraft:feature, minecraft:tree_decorator_type, minecraft:structure_pool_element, minecraft:biome, minecraft:chunk_generator_type, minecraft:structure_processor
[13:00:44] [main/INFO]: [fabric-registry-sync] Loaded registry data [file 1/4]
[13:00:45] [Server thread/INFO]: Starting minecraft server version 1.16.2
[13:00:45] [Server thread/INFO]: Loading properties
[13:00:45] [Server thread/INFO]: Default game type: SURVIVAL
[13:00:45] [Server thread/INFO]: Generating keypair
[13:00:46] [Server thread/INFO]: Starting Minecraft server on *:34268
[13:00:46] [Server thread/INFO]: Using epoll channel type
[13:00:46] [Server thread/WARN]: **** SERVER IS RUNNING IN OFFLINE/INSECURE MODE!
[13:00:46] [Server thread/WARN]: The server will make no attempt to authenticate usernames. Beware.
[13:00:46] [Server thread/WARN]: While this makes the game possible to play without internet access, it also opens up the ability for hackers to connect with any username they choose.
[13:00:46] [Server thread/WARN]: To change this, set "online-mode" to "true" in the server.properties file.
[13:00:47] [Server thread/INFO]: Preparing level "world"
[13:00:47] [Server thread/INFO]: [CM]: loaded setting combineXPOrbs as true from carpet.conf
[13:00:47] [Server thread/INFO]: [CM]: loaded setting onePlayerSleeping as true from carpet.conf
[13:00:47] [Server thread/INFO]: [CM]: loaded setting leadFix as true from carpet.conf
[13:00:47] [Server thread/INFO]: [CM]: loaded setting ctrlQCraftingFix as true from carpet.conf
[13:00:47] [Server thread/INFO]: [CM]: loaded setting language as zh_cn from carpet.conf
[13:00:47] [Server thread/INFO]: [CM]: loaded setting commandTick as true from carpet.conf
[13:00:47] [Server thread/INFO]: [CM]: loaded setting commandDraw as false from carpet.conf
[13:00:47] [Server thread/INFO]: [CM]: loaded setting fastRedstoneDust as true from carpet.conf
[13:00:47] [Server thread/INFO]: [CM]: loaded setting rotatorBlock as true from carpet.conf
[13:00:47] [Server thread/INFO]: [CM]: loaded setting commandPlayer as true from carpet.conf
[13:00:47] [Server thread/INFO]: [CM]: loaded setting updateSuppressionCrashFix as true from carpet.conf
[13:00:47] [Server thread/INFO]: [CM]: loaded setting reloadSuffocationFix as true from carpet.conf
[13:00:47] [Server thread/INFO]: [CM]: loaded setting antiCheatDisabled as true from carpet.conf
[13:00:47] [Server thread/INFO]: [CM]: loaded setting commandPing as true from carpet.conf
[13:00:47] [Server thread/INFO]: [CM]: loaded setting defaultLoggers as tps,mobcaps from carpet.conf
[13:00:47] [Server thread/INFO]: [CM]: loaded setting placementRotationFix as true from carpet.conf
[13:00:47] [Server thread/INFO]: [CM]: loaded setting hopperCounters as true from carpet.conf
[13:00:47] [Server thread/INFO]: [CM]: loaded setting flippinCactus as true from carpet.conf
[13:00:47] [Server thread/INFO]: [CM]: loaded setting lagFreeSpawning as true from carpet.conf
[13:00:48] [Server thread/INFO]: create world dimension: minecraft:overworld (seed: 20190827)
[13:00:48] [Server thread/INFO]: create world dimension: minecraft:the_nether (seed: 20190827)
[13:00:48] [Server thread/INFO]: create world dimension: minecraft:the_end (seed: 20190827)
[13:00:48] [Server thread/INFO]: Preparing start region for dimension minecraft:overworld
[13:00:57] [Server thread/INFO]: Preparing spawn area: 0%
[13:00:57] [Server thread/INFO]: Preparing spawn area: 0%
[13:00:57] [Server thread/INFO]: Preparing spawn area: 0%
[13:00:57] [Server thread/INFO]: Preparing spawn area: 0%
[13:00:57] [Server thread/INFO]: Preparing spawn area: 0%
[13:00:57] [Server thread/INFO]: Preparing spawn area: 0%
[13:00:57] [Server thread/INFO]: Preparing spawn area: 0%
[13:00:57] [Server thread/INFO]: Preparing spawn area: 0%
[13:00:57] [Server thread/INFO]: Preparing spawn area: 0%
[13:00:57] [Server thread/INFO]: Preparing spawn area: 0%
[13:00:57] [Server thread/INFO]: Preparing spawn area: 0%
[13:00:57] [Server thread/INFO]: Preparing spawn area: 0%
[13:00:57] [Server thread/INFO]: Preparing spawn area: 0%
[13:00:57] [Server thread/INFO]: Preparing spawn area: 0%
[13:00:57] [Server thread/INFO]: Preparing spawn area: 0%
[13:00:57] [Server thread/INFO]: Preparing spawn area: 0%
[13:00:57] [Server thread/INFO]: Preparing spawn area: 0%
[13:00:57] [Server thread/INFO]: Preparing spawn area: 0%
[13:00:57] [Server thread/INFO]: Preparing spawn area: 0%
[13:00:58] [Server thread/INFO]: Preparing spawn area: 0%
[13:00:58] [Server thread/INFO]: Preparing spawn area: 0%
[13:01:00] [Server thread/INFO]: Time elapsed: 11467 ms
[13:01:00] [Server thread/INFO]: Done (12.663s)! For help, type "help"
[13:01:00] [Server thread/INFO]: Starting remote control listener
[13:01:00] [Server thread/INFO]: Thread RCON Listener started
[13:01:00] [Server thread/INFO]: RCON running on 0.0.0.0:796
[13:01:00] [Thread-66/INFO]: Loading BlueMap...
[13:01:01] [Thread-66/INFO]: Loading resources...
[13:01:01] [Thread-67/INFO]: WebServer started.
[13:01:02] [Server thread/WARN]: Can't keep up! Is the server overloaded? Running 2002ms or 40 ticks behind
[13:01:06] [Thread-66/INFO]: Loading bluemap assets (1/3)...
[13:01:07] [Thread-66/INFO]: Loading realms assets (2/3)...
[13:01:08] [Thread-66/INFO]: Loading minecraft assets (3/3)...
[13:01:12] [Thread-66/INFO]: BlueMap loaded!
[13:02:00] [Server thread/INFO]: Can only manipulate existing players
[13:02:00] [Server thread/INFO]: Can only manipulate existing players
[13:04:00] [Server thread/INFO]: Can only manipulate existing players
[13:04:00] [Server thread/INFO]: Can only manipulate existing players
[13:06:00] [Server thread/INFO]: Can only manipulate existing players
[13:06:00] [Server thread/INFO]: Can only manipulate existing players
[13:08:00] [Server thread/INFO]: Can only manipulate existing players
[13:08:00] [Server thread/INFO]: Can only manipulate existing players
[13:10:00] [Server thread/INFO]: Can only manipulate existing players
[13:10:00] [Server thread/INFO]: Can only manipulate existing players
[13:10:00] [Server thread/INFO]: shuijiao[local] logged in with entity id 124 at (-42.5, 61.0, 240.5)
[13:10:00] [Server thread/INFO]: shuijiao joined the game
[13:10:02] [Server thread/WARN]: Can't keep up! Is the server overloaded? Running 2011ms or 40 ticks behind
[13:20:00] [Server thread/INFO]: Player shuijiao is already logged on
[13:30:00] [Server thread/INFO]: Player shuijiao is already logged on
[13:40:00] [Server thread/INFO]: Player shuijiao is already logged on
[13:50:00] [Server thread/INFO]: Player shuijiao is already logged on
[14:00:00] [Server thread/INFO]: Player shuijiao is already logged on
[14:10:00] [Server thread/INFO]: Player shuijiao is already logged on
[14:20:00] [Server thread/INFO]: Player shuijiao is already logged on
[14:30:00] [Server thread/INFO]: Player shuijiao is already logged on
[14:40:00] [Server thread/INFO]: Player shuijiao is already logged on
[14:50:00] [Server thread/INFO]: Player shuijiao is already logged on
[15:00:00] [Server thread/INFO]: Player shuijiao is already logged on
[15:10:00] [Server thread/INFO]: Player shuijiao is already logged on
[15:11:49] [Server thread/WARN]: Fetching packet for removed entity class_1542['Air'/10295, l='ServerLevel[world]', x=-91.93, y=7.00, z=279.18]
[15:20:00] [Server thread/INFO]: Player shuijiao is already logged on
[15:30:00] [Server thread/INFO]: Player shuijiao is already logged on
[15:40:00] [Server thread/INFO]: Player shuijiao is already logged on
[15:50:00] [Server thread/INFO]: Player shuijiao is already logged on
[16:00:00] [Server thread/INFO]: Player shuijiao is already logged on
[16:08:54] [Server thread/WARN]: Fetching packet for removed entity class_1542['Air'/14563, l='ServerLevel[world]', x=-87.35, y=7.00, z=276.41]
[16:10:00] [Server thread/INFO]: Player shuijiao is already logged on
[16:17:11] [Server thread/WARN]: Fetching packet for removed entity class_1542['Air'/15204, l='ServerLevel[world]', x=-89.92, y=7.00, z=276.64]
[16:20:00] [Server thread/INFO]: Player shuijiao is already logged on
[16:30:00] [Server thread/INFO]: Player shuijiao is already logged on
[16:40:00] [Server thread/INFO]: Player shuijiao is already logged on
[16:50:00] [Server thread/INFO]: Player shuijiao is already logged on
[17:00:00] [Server thread/INFO]: Player shuijiao is already logged on
[17:10:00] [Server thread/INFO]: Player shuijiao is already logged on
[17:10:00] [Server thread/INFO]: [Textile Backup] Backup started by: Timer on: 2020-11-07_17-10-00
[17:10:00] [Server thread/INFO]: Saving server...
[17:10:00] [Server thread/INFO]: [Textile Backup] Saving server...
[17:10:00] [Server thread/INFO]: ThreadedAnvilChunkStorage (world): All chunks are saved
[17:10:00] [Server thread/INFO]: ThreadedAnvilChunkStorage (DIM-1): All chunks are saved
[17:10:00] [Server thread/INFO]: ThreadedAnvilChunkStorage (DIM1): All chunks are saved
[17:10:00] [pool-3-thread-1/INFO]: Starting backup
[17:10:00] [pool-3-thread-1/INFO]: [Textile Backup] Starting backup
[17:10:00] [pool-3-thread-1/INFO]: Starting compression...
[17:11:06] [Server thread/WARN]: Can't keep up! Is the server overloaded? Running 2650ms or 53 ticks behind
[17:11:11] [pool-3-thread-1/INFO]: Compression took: 01:10.674 seconds.
[17:11:12] [pool-3-thread-1/INFO]: Deleting: 2020-11-02_12-30-00.zip
[17:11:12] [pool-3-thread-1/INFO]: [Textile Backup] Deleting: 2020-11-02_12-30-00.zip
[17:11:12] [pool-3-thread-1/INFO]: Done!
[17:11:12] [pool-3-thread-1/INFO]: [Textile Backup] Done!
[17:20:00] [Server thread/INFO]: Player shuijiao is already logged on
[17:30:00] [Server thread/INFO]: Player shuijiao is already logged on
[17:40:00] [Server thread/INFO]: Player shuijiao is already logged on
[17:50:00] [Server thread/INFO]: Player shuijiao is already logged on
[18:00:00] [Server thread/INFO]: Player shuijiao is already logged on
[18:00:55] [Server thread/WARN]: Can't keep up! Is the server overloaded? Running 42324ms or 846 ticks behind
[18:10:00] [Server thread/INFO]: Player shuijiao is already logged on
[18:20:00] [Server thread/INFO]: Player shuijiao is already logged on
[18:30:00] [Server thread/INFO]: Player shuijiao is already logged on
[18:40:00] [Server thread/INFO]: Player shuijiao is already logged on
[18:50:00] [Server thread/INFO]: Player shuijiao is already logged on
[19:00:00] [Server thread/INFO]: Player shuijiao is already logged on
[19:10:00] [Server thread/INFO]: Player shuijiao is already logged on
[19:20:00] [Server thread/INFO]: Player shuijiao is already logged on
[19:30:00] [Server thread/INFO]: Player shuijiao is already logged on
[19:40:00] [Server thread/INFO]: Player shuijiao is already logged on
[19:49:25] [Server thread/WARN]: Can't keep up! Is the server overloaded? Running 8871ms or 177 ticks behind
[19:49:42] [Server thread/WARN]: Can't keep up! Is the server overloaded? Running 2553ms or 51 ticks behind
[19:56:29] [Server Watchdog/FATAL]: A single server tick took 60.39 seconds (should be max 0.05)
[19:56:29] [Server Watchdog/FATAL]: Considering it to be crashed, server will forcibly shutdown.
[19:56:56] [Server thread/INFO]: Player shuijiao is already logged on
[19:56:58] [Server thread/WARN]: Can't keep up! Is the server overloaded? Running 421256ms or 8425 ticks behind
[19:56:59] [Server Watchdog/ERROR]: This crash report has been saved to: /srv/survival/./crash-reports/crash-2020-11-07_19.56.59-server.txt
[19:56:59] [Thread-67/INFO]: WebServer closed.
[19:56:59] [Server thread/INFO]: BlueMap unloaded!
[19:56:59] [Server thread/INFO]: Stopping server
[19:56:59] [Server thread/INFO]: Saving players
[19:56:59] [Server thread/INFO]: Saving worlds
[19:56:59] [Server thread/INFO]: Saving chunks for level 'ServerLevel[world]'/minecraft:overworld
[19:56:59] [Server thread/INFO]: ThreadedAnvilChunkStorage (world): All chunks are saved
[19:56:59] [Server thread/INFO]: Saving chunks for level 'ServerLevel[world]'/minecraft:the_nether
[19:56:59] [Server thread/INFO]: ThreadedAnvilChunkStorage (DIM-1): All chunks are saved
[19:56:59] [Server thread/INFO]: Saving chunks for level 'ServerLevel[world]'/minecraft:the_end
[19:56:59] [Server thread/INFO]: ThreadedAnvilChunkStorage (DIM1): All chunks are saved
[19:56:59] [Server thread/INFO]: ThreadedAnvilChunkStorage (world): All chunks are saved
[19:57:00] [Server thread/INFO]: ThreadedAnvilChunkStorage (DIM-1): All chunks are saved
[19:57:00] [Server thread/INFO]: ThreadedAnvilChunkStorage (DIM1): All chunks are saved
[19:57:00] [Server thread/INFO]: [Textile Backup] Backup started by: Server Shutdown on: 2020-11-07_19-57-00
[19:57:00] [Server thread/INFO]: Starting backup
[19:57:00] [Server thread/INFO]: [Textile Backup] Starting backup
[19:57:00] [Server thread/INFO]: Starting compression...
