[19:33:56] [main/INFO]: Loading for game Minecraft 1.15.2
[19:33:57] [main/INFO]: [FabricLoader] Loading 4 mods: minecraft@1.15.2, carpet-extra@1.3.15, fabricloader@0.7.8+build.189, carpet@1.3.15
[19:33:58] [main/INFO]: SpongePowered MIXIN Subsystem Version=0.8 Source=file:/home/admin/mcsmanager/server/server_core/skimit_survival/fabric-server-launch.jar Service=Knot/Fabric Env=SERVER
[19:34:16] [main/WARN]: Ambiguity between arguments [teleport, destination] and [teleport, targets] with inputs: [Player, 0123, @e, dd12be42-52a9-4a91-a8a1-11c01849e498]
[19:34:16] [main/WARN]: Ambiguity between arguments [teleport, location] and [teleport, destination] with inputs: [0.1 -0.5 .9, 0 0 0]
[19:34:16] [main/WARN]: Ambiguity between arguments [teleport, location] and [teleport, targets] with inputs: [0.1 -0.5 .9, 0 0 0]
[19:34:16] [main/WARN]: Ambiguity between arguments [teleport, targets] and [teleport, destination] with inputs: [Player, 0123, dd12be42-52a9-4a91-a8a1-11c01849e498]
[19:34:16] [main/WARN]: Ambiguity between arguments [teleport, targets, location] and [teleport, targets, destination] with inputs: [0.1 -0.5 .9, 0 0 0]
[19:34:17] [Server thread/INFO]: Starting minecraft server version 1.15.2
[19:34:17] [Server thread/INFO]: Loading properties
[19:34:17] [Server thread/INFO]: Default game type: SURVIVAL
[19:34:17] [Server thread/INFO]: Generating keypair
[19:34:18] [Server thread/INFO]: Starting Minecraft server on *:26565
[19:34:18] [Server thread/INFO]: Using epoll channel type
[19:34:19] [Server thread/WARN]: **** SERVER IS RUNNING IN OFFLINE/INSECURE MODE!
[19:34:19] [Server thread/WARN]: The server will make no attempt to authenticate usernames. Beware.
[19:34:19] [Server thread/WARN]: While this makes the game possible to play without internet access, it also opens up the ability for hackers to connect with any username they choose.
[19:34:19] [Server thread/WARN]: To change this, set "online-mode" to "true" in the server.properties file.
[19:34:19] [Server thread/INFO]: Preparing level "world"
[19:34:20] [Server thread/INFO]: Reloading ResourceManager: Default
[19:34:27] [Server thread/INFO]: Loaded 6 recipes
[19:34:29] [Server thread/INFO]: Loaded 825 advancements
[19:34:36] [Server thread/INFO]: Preparing start region for dimension minecraft:overworld
[19:34:40] [Server thread/INFO]: Preparing spawn area: 0%
[19:34:40] [Server thread/INFO]: Preparing spawn area: 0%
[19:34:40] [Server thread/INFO]: Preparing spawn area: 0%
[19:34:40] [Server thread/INFO]: Preparing spawn area: 0%
[19:34:40] [Server thread/INFO]: Preparing spawn area: 0%
[19:34:40] [Server thread/INFO]: Preparing spawn area: 0%
[19:34:40] [Server thread/INFO]: Preparing spawn area: 0%
[19:34:40] [Server thread/INFO]: Preparing spawn area: 0%
[19:34:40] [Server thread/INFO]: Preparing spawn area: 0%
[19:34:40] [Server thread/INFO]: Preparing spawn area: 0%
[19:35:14] [Server-Worker-1/INFO]: Preparing spawn area: 0%
[19:35:14] [Server-Worker-1/INFO]: Preparing spawn area: 0%
[19:35:14] [Server-Worker-1/INFO]: Preparing spawn area: 0%
[19:35:14] [Server-Worker-1/INFO]: Preparing spawn area: 0%
[19:35:14] [Server-Worker-1/INFO]: Preparing spawn area: 0%
[19:35:14] [Server-Worker-1/INFO]: Preparing spawn area: 0%
[19:35:14] [Server-Worker-1/INFO]: Preparing spawn area: 0%
[19:35:14] [Server-Worker-1/INFO]: Preparing spawn area: 0%
[19:35:14] [Server-Worker-1/INFO]: Preparing spawn area: 0%
[19:35:14] [Server-Worker-1/INFO]: Preparing spawn area: 0%
[19:35:14] [Server-Worker-1/INFO]: Preparing spawn area: 0%
[19:35:14] [Server-Worker-1/INFO]: Preparing spawn area: 0%
[19:35:14] [Server-Worker-1/INFO]: Preparing spawn area: 0%
[19:35:14] [Server-Worker-1/INFO]: Preparing spawn area: 0%
[19:35:14] [Server-Worker-1/INFO]: Preparing spawn area: 0%
[19:35:14] [Server-Worker-1/INFO]: Preparing spawn area: 0%
[19:35:14] [Server-Worker-1/INFO]: Preparing spawn area: 0%
[19:35:14] [Server-Worker-1/INFO]: Preparing spawn area: 0%
[19:35:14] [Server-Worker-1/INFO]: Preparing spawn area: 0%
[19:35:14] [Server-Worker-1/INFO]: Preparing spawn area: 0%
[19:35:14] [Server-Worker-1/INFO]: Preparing spawn area: 0%
[19:35:14] [Server-Worker-1/INFO]: Preparing spawn area: 0%
[19:35:14] [Server-Worker-1/INFO]: Preparing spawn area: 0%
[19:35:14] [Server-Worker-1/INFO]: Preparing spawn area: 0%
[19:35:14] [Server-Worker-1/INFO]: Preparing spawn area: 0%
[19:35:14] [Server-Worker-1/INFO]: Preparing spawn area: 0%
[19:35:14] [Server-Worker-1/INFO]: Preparing spawn area: 0%
[19:35:14] [Server-Worker-1/INFO]: Preparing spawn area: 0%
[19:35:14] [Server-Worker-1/INFO]: Preparing spawn area: 0%
[19:35:14] [Server-Worker-1/INFO]: Preparing spawn area: 0%
[19:35:14] [Server-Worker-1/INFO]: Preparing spawn area: 0%
[19:35:14] [Server-Worker-1/INFO]: Preparing spawn area: 0%
[19:35:14] [Server-Worker-1/INFO]: Preparing spawn area: 0%
[19:35:14] [Server-Worker-1/INFO]: Preparing spawn area: 0%
[19:35:14] [Server-Worker-1/INFO]: Preparing spawn area: 0%
[19:35:14] [Server-Worker-1/INFO]: Preparing spawn area: 0%
[19:35:14] [Server-Worker-1/INFO]: Preparing spawn area: 0%
[19:35:14] [Server-Worker-1/INFO]: Preparing spawn area: 0%
[19:35:14] [Server-Worker-1/INFO]: Preparing spawn area: 0%
[19:35:14] [Server-Worker-1/INFO]: Preparing spawn area: 0%
[19:35:14] [Server-Worker-1/INFO]: Preparing spawn area: 0%
[19:35:14] [Server-Worker-1/INFO]: Preparing spawn area: 0%
[19:35:14] [Server-Worker-1/INFO]: Preparing spawn area: 0%
[19:35:14] [Server-Worker-1/INFO]: Preparing spawn area: 0%
[19:35:14] [Server-Worker-1/INFO]: Preparing spawn area: 0%
[19:35:14] [Server-Worker-1/INFO]: Preparing spawn area: 0%
[19:35:14] [Server-Worker-1/INFO]: Preparing spawn area: 0%
[19:35:14] [Server-Worker-1/INFO]: Preparing spawn area: 0%
[19:35:14] [Server-Worker-1/INFO]: Preparing spawn area: 0%
[19:35:14] [Server-Worker-1/INFO]: Preparing spawn area: 0%
[19:35:14] [Server-Worker-1/INFO]: Preparing spawn area: 0%
[19:35:14] [Server-Worker-1/INFO]: Preparing spawn area: 0%
[19:35:14] [Server-Worker-1/INFO]: Preparing spawn area: 0%
[19:35:14] [Server-Worker-1/INFO]: Preparing spawn area: 0%
[19:35:14] [Server-Worker-1/INFO]: Preparing spawn area: 0%
[19:35:14] [Server-Worker-1/INFO]: Preparing spawn area: 0%
[19:35:14] [Server-Worker-1/INFO]: Preparing spawn area: 0%
[19:35:14] [Server-Worker-1/INFO]: Preparing spawn area: 0%
[19:35:14] [Server-Worker-1/INFO]: Preparing spawn area: 0%
[19:35:14] [Server-Worker-1/INFO]: Preparing spawn area: 0%
[19:35:14] [Server-Worker-1/INFO]: Preparing spawn area: 0%
[19:35:14] [Server-Worker-1/INFO]: Preparing spawn area: 0%
[19:35:14] [Server-Worker-1/INFO]: Preparing spawn area: 0%
[19:35:14] [Server-Worker-1/INFO]: Preparing spawn area: 0%
[19:35:14] [Server-Worker-1/INFO]: Preparing spawn area: 0%
[19:35:14] [Server-Worker-1/INFO]: Preparing spawn area: 0%
[19:35:14] [Server-Worker-1/INFO]: Preparing spawn area: 0%
[19:35:14] [Server-Worker-1/INFO]: Preparing spawn area: 0%
[19:35:15] [Server thread/INFO]: Preparing spawn area: 0%
[19:35:17] [Server thread/INFO]: Time elapsed: 41013 ms
[19:35:17] [Server thread/INFO]: Done (57.249s)! For help, type "help"
[19:35:17] [Server thread/INFO]: Starting remote control listener
[19:35:17] [RCON Listener #1/INFO]: RCON running on 0.0.0.0:22140
[19:35:41] [Server thread/WARN]: Can't keep up! Is the server overloaded? Running 5318ms or 106 ticks behind
[19:36:41] [Server Watchdog/FATAL]: A single server tick took 60.15 seconds (should be max 0.05)
[19:36:48] [Server Watchdog/FATAL]: Considering it to be crashed, server will forcibly shutdown.
[19:37:01] [Server thread/WARN]: Can't keep up! Is the server overloaded? Running 65571ms or 1311 ticks behind
[19:37:02] [Server Watchdog/ERROR]: This crash report has been saved to: /home/admin/mcsmanager/server/server_core/skimit_survival/./crash-reports/crash-2020-03-23_19.37.02-server.txt
[19:37:02] [Server thread/INFO]: Stopping server
