[00:00:00] [Server thread/INFO]: Player shuijiao is already logged on
[00:10:00] [Server thread/INFO]: Player shuijiao is already logged on
[00:20:00] [Server thread/INFO]: Player shuijiao is already logged on
[00:30:00] [Server thread/INFO]: Player shuijiao is already logged on
[00:37:48] [Server thread/INFO]: [Textile Backup] Backup started by: Timer on: 2020-09-01_00-37-48
[00:37:48] [Server thread/INFO]: [Textile Backup] Saving server...
[00:37:48] [Server thread/INFO]: ThreadedAnvilChunkStorage (world): All chunks are saved
[00:37:48] [Server thread/INFO]: ThreadedAnvilChunkStorage (DIM-1): All chunks are saved
[00:37:48] [Server thread/INFO]: ThreadedAnvilChunkStorage (DIM1): All chunks are saved
[00:37:48] [pool-3-thread-1/INFO]: [Textile Backup] Starting backup
[00:38:09] [Server thread/WARN]: Can't keep up! Is the server overloaded? Running 2418ms or 48 ticks behind
[00:38:15] [pool-3-thread-1/INFO]: [Textile Backup] Deleting: 2020-08-31_10-19-41.zip
[00:38:15] [pool-3-thread-1/INFO]: [Textile Backup] Done!
[00:40:00] [Server thread/INFO]: Player shuijiao is already logged on
[00:50:00] [Server thread/INFO]: Player shuijiao is already logged on
[01:00:00] [Server thread/INFO]: Player shuijiao is already logged on
[01:10:00] [Server thread/INFO]: Player shuijiao is already logged on
[01:20:00] [Server thread/INFO]: Player shuijiao is already logged on
[01:30:00] [Server thread/INFO]: Player shuijiao is already logged on
[01:37:48] [Server thread/INFO]: [Textile Backup] Backup started by: Timer on: 2020-09-01_01-37-48
[01:37:48] [Server thread/INFO]: [Textile Backup] Saving server...
[01:37:48] [Server thread/INFO]: ThreadedAnvilChunkStorage (world): All chunks are saved
[01:37:48] [Server thread/INFO]: ThreadedAnvilChunkStorage (DIM-1): All chunks are saved
[01:37:48] [Server thread/INFO]: ThreadedAnvilChunkStorage (DIM1): All chunks are saved
[01:37:48] [pool-3-thread-1/INFO]: [Textile Backup] Starting backup
[01:38:15] [pool-3-thread-1/INFO]: [Textile Backup] Deleting: 2020-08-31_11-19-42.zip
[01:38:15] [pool-3-thread-1/INFO]: [Textile Backup] Done!
[01:40:00] [Server thread/INFO]: Player shuijiao is already logged on
[01:50:00] [Server thread/INFO]: Player shuijiao is already logged on
[02:00:00] [Server thread/INFO]: Player shuijiao is already logged on
[02:10:00] [Server thread/INFO]: Player shuijiao is already logged on
[02:20:00] [Server thread/INFO]: Player shuijiao is already logged on
[02:30:00] [Server thread/INFO]: Player shuijiao is already logged on
[02:37:48] [Server thread/INFO]: [Textile Backup] Backup started by: Timer on: 2020-09-01_02-37-48
[02:37:48] [Server thread/INFO]: [Textile Backup] Saving server...
[02:37:48] [Server thread/INFO]: ThreadedAnvilChunkStorage (world): All chunks are saved
[02:37:48] [Server thread/INFO]: ThreadedAnvilChunkStorage (DIM-1): All chunks are saved
[02:37:48] [Server thread/INFO]: ThreadedAnvilChunkStorage (DIM1): All chunks are saved
[02:37:48] [pool-3-thread-1/INFO]: [Textile Backup] Starting backup
[02:38:05] [pool-3-thread-1/INFO]: [Textile Backup] Deleting: 2020-08-31_12-19-41.zip
[02:38:05] [pool-3-thread-1/INFO]: [Textile Backup] Done!
[02:40:00] [Server thread/INFO]: Player shuijiao is already logged on
[02:50:00] [Server thread/INFO]: Player shuijiao is already logged on
[03:00:00] [Server thread/INFO]: Player shuijiao is already logged on
[03:10:00] [Server thread/INFO]: Player shuijiao is already logged on
[03:20:00] [Server thread/INFO]: Player shuijiao is already logged on
[03:30:00] [Server thread/INFO]: Player shuijiao is already logged on
[03:37:48] [Server thread/INFO]: [Textile Backup] Backup started by: Timer on: 2020-09-01_03-37-48
[03:37:48] [Server thread/INFO]: [Textile Backup] Saving server...
[03:37:48] [Server thread/INFO]: ThreadedAnvilChunkStorage (world): All chunks are saved
[03:37:48] [Server thread/INFO]: ThreadedAnvilChunkStorage (DIM-1): All chunks are saved
[03:37:48] [Server thread/INFO]: ThreadedAnvilChunkStorage (DIM1): All chunks are saved
[03:37:48] [pool-3-thread-1/INFO]: [Textile Backup] Starting backup
[03:38:05] [pool-3-thread-1/INFO]: [Textile Backup] Deleting: 2020-08-31_13-19-43.zip
[03:38:05] [pool-3-thread-1/INFO]: [Textile Backup] Done!
[03:40:00] [Server thread/INFO]: Player shuijiao is already logged on
[03:50:00] [Server thread/INFO]: Player shuijiao is already logged on
[04:00:00] [Server thread/INFO]: Player shuijiao is already logged on
[04:10:00] [Server thread/INFO]: Player shuijiao is already logged on
[04:20:00] [Server thread/INFO]: Player shuijiao is already logged on
[04:30:00] [Server thread/INFO]: Player shuijiao is already logged on
[04:37:48] [Server thread/INFO]: [Textile Backup] Backup started by: Timer on: 2020-09-01_04-37-48
[04:37:48] [Server thread/INFO]: [Textile Backup] Saving server...
[04:37:48] [Server thread/INFO]: ThreadedAnvilChunkStorage (world): All chunks are saved
[04:37:48] [Server thread/INFO]: ThreadedAnvilChunkStorage (DIM-1): All chunks are saved
[04:37:48] [Server thread/INFO]: ThreadedAnvilChunkStorage (DIM1): All chunks are saved
[04:37:48] [pool-3-thread-1/INFO]: [Textile Backup] Starting backup
[04:38:04] [pool-3-thread-1/INFO]: [Textile Backup] Deleting: 2020-08-31_14-19-40.zip
[04:38:05] [pool-3-thread-1/INFO]: [Textile Backup] Done!
[04:40:00] [Server thread/INFO]: Player shuijiao is already logged on
[04:50:00] [Server thread/INFO]: Player shuijiao is already logged on
[05:00:00] [Server thread/INFO]: Player shuijiao is already logged on
[05:10:00] [Server thread/INFO]: Player shuijiao is already logged on
[05:20:00] [Server thread/INFO]: Player shuijiao is already logged on
[05:25:01] [Server thread/INFO]: Unknown or incomplete command, see below for error
[05:25:01] [Server thread/INFO]: _say 服务器将在5分钟后关闭备份存档，6:01继续开启<--[HERE]
[05:30:00] [Server thread/INFO]: Player shuijiao is already logged on
[05:30:01] [Server thread/INFO]: Unknown or incomplete command, see below for error
[05:30:01] [Server thread/INFO]: __stop___<--[HERE]
[05:37:48] [Server thread/INFO]: [Textile Backup] Backup started by: Timer on: 2020-09-01_05-37-48
[05:37:48] [Server thread/INFO]: [Textile Backup] Saving server...
[05:37:48] [Server thread/INFO]: ThreadedAnvilChunkStorage (world): All chunks are saved
[05:37:48] [Server thread/INFO]: ThreadedAnvilChunkStorage (DIM-1): All chunks are saved
[05:37:48] [Server thread/INFO]: ThreadedAnvilChunkStorage (DIM1): All chunks are saved
[05:37:48] [pool-3-thread-1/INFO]: [Textile Backup] Starting backup
[05:38:05] [pool-3-thread-1/INFO]: [Textile Backup] Deleting: 2020-08-31_14-30-22#shutdown.zip
[05:38:05] [pool-3-thread-1/INFO]: [Textile Backup] Done!
[05:40:00] [Server thread/INFO]: Player shuijiao is already logged on
[05:50:00] [Server thread/INFO]: Player shuijiao is already logged on
[06:00:00] [Server thread/INFO]: Player shuijiao is already logged on
[06:10:00] [Server thread/INFO]: Player shuijiao is already logged on
[06:20:00] [Server thread/INFO]: Player shuijiao is already logged on
[06:30:00] [Server thread/INFO]: Player shuijiao is already logged on
[06:37:48] [Server thread/INFO]: [Textile Backup] Backup started by: Timer on: 2020-09-01_06-37-48
[06:37:48] [Server thread/INFO]: [Textile Backup] Saving server...
[06:37:48] [Server thread/INFO]: ThreadedAnvilChunkStorage (world): All chunks are saved
[06:37:48] [Server thread/INFO]: ThreadedAnvilChunkStorage (DIM-1): All chunks are saved
[06:37:48] [Server thread/INFO]: ThreadedAnvilChunkStorage (DIM1): All chunks are saved
[06:37:48] [pool-3-thread-1/INFO]: [Textile Backup] Starting backup
[06:38:11] [pool-3-thread-1/INFO]: [Textile Backup] Deleting: 2020-08-31_15-37-52.zip
[06:38:11] [pool-3-thread-1/INFO]: [Textile Backup] Done!
[06:40:00] [Server thread/INFO]: Player shuijiao is already logged on
[06:50:00] [Server thread/INFO]: Player shuijiao is already logged on
[07:00:00] [Server thread/INFO]: Player shuijiao is already logged on
[07:10:00] [Server thread/INFO]: Player shuijiao is already logged on
[07:20:00] [Server thread/INFO]: Player shuijiao is already logged on
[07:30:00] [Server thread/INFO]: Player shuijiao is already logged on
[07:37:48] [Server thread/INFO]: [Textile Backup] Backup started by: Timer on: 2020-09-01_07-37-48
[07:37:48] [Server thread/INFO]: [Textile Backup] Saving server...
[07:37:48] [Server thread/INFO]: ThreadedAnvilChunkStorage (world): All chunks are saved
[07:37:48] [Server thread/INFO]: ThreadedAnvilChunkStorage (DIM-1): All chunks are saved
[07:37:48] [Server thread/INFO]: ThreadedAnvilChunkStorage (DIM1): All chunks are saved
[07:37:48] [pool-3-thread-1/INFO]: [Textile Backup] Starting backup
[07:38:11] [pool-3-thread-1/INFO]: [Textile Backup] Deleting: 2020-08-31_16-37-51.zip
[07:38:11] [pool-3-thread-1/INFO]: [Textile Backup] Done!
[07:40:00] [Server thread/INFO]: Player shuijiao is already logged on
[07:50:00] [Server thread/INFO]: Player shuijiao is already logged on
[08:00:00] [Server thread/INFO]: Player shuijiao is already logged on
[08:10:00] [Server thread/INFO]: Player shuijiao is already logged on
[08:20:00] [Server thread/INFO]: Player shuijiao is already logged on
[08:30:00] [Server thread/INFO]: Player shuijiao is already logged on
[08:37:48] [Server thread/INFO]: [Textile Backup] Backup started by: Timer on: 2020-09-01_08-37-48
[08:37:48] [Server thread/INFO]: [Textile Backup] Saving server...
[08:37:48] [Server thread/INFO]: ThreadedAnvilChunkStorage (world): All chunks are saved
[08:37:48] [Server thread/INFO]: ThreadedAnvilChunkStorage (DIM-1): All chunks are saved
[08:37:48] [Server thread/INFO]: ThreadedAnvilChunkStorage (DIM1): All chunks are saved
[08:37:48] [pool-3-thread-1/INFO]: [Textile Backup] Starting backup
[08:38:05] [pool-3-thread-1/INFO]: [Textile Backup] Deleting: 2020-08-31_17-37-50.zip
[08:38:05] [pool-3-thread-1/INFO]: [Textile Backup] Done!
[08:40:00] [Server thread/INFO]: Player shuijiao is already logged on
[08:50:00] [Server thread/INFO]: Player shuijiao is already logged on
[09:00:00] [Server thread/INFO]: Player shuijiao is already logged on
[09:10:00] [Server thread/INFO]: Player shuijiao is already logged on
[09:20:00] [Server thread/INFO]: Player shuijiao is already logged on
[09:30:00] [Server thread/INFO]: Player shuijiao is already logged on
[09:37:48] [Server thread/INFO]: [Textile Backup] Backup started by: Timer on: 2020-09-01_09-37-48
[09:37:48] [Server thread/INFO]: [Textile Backup] Saving server...
[09:37:48] [Server thread/INFO]: ThreadedAnvilChunkStorage (world): All chunks are saved
[09:37:48] [Server thread/INFO]: ThreadedAnvilChunkStorage (DIM-1): All chunks are saved
[09:37:48] [Server thread/INFO]: ThreadedAnvilChunkStorage (DIM1): All chunks are saved
[09:37:48] [pool-3-thread-1/INFO]: [Textile Backup] Starting backup
[09:38:11] [pool-3-thread-1/INFO]: [Textile Backup] Deleting: 2020-08-31_18-37-48.zip
[09:38:11] [pool-3-thread-1/INFO]: [Textile Backup] Done!
[09:40:00] [Server thread/INFO]: Player shuijiao is already logged on
[09:50:00] [Server thread/INFO]: Player shuijiao is already logged on
[10:00:00] [Server thread/INFO]: Player shuijiao is already logged on
[10:10:00] [Server thread/INFO]: Player shuijiao is already logged on
[10:20:00] [Server thread/INFO]: Player shuijiao is already logged on
[10:30:00] [Server thread/INFO]: Player shuijiao is already logged on
[10:37:48] [Server thread/INFO]: [Textile Backup] Backup started by: Timer on: 2020-09-01_10-37-48
[10:37:48] [Server thread/INFO]: [Textile Backup] Saving server...
[10:37:48] [Server thread/INFO]: ThreadedAnvilChunkStorage (world): All chunks are saved
[10:37:48] [Server thread/INFO]: ThreadedAnvilChunkStorage (DIM-1): All chunks are saved
[10:37:48] [Server thread/INFO]: ThreadedAnvilChunkStorage (DIM1): All chunks are saved
[10:37:48] [pool-3-thread-1/INFO]: [Textile Backup] Starting backup
[10:38:13] [pool-3-thread-1/INFO]: [Textile Backup] Deleting: 2020-08-31_19-37-49.zip
[10:38:13] [pool-3-thread-1/INFO]: [Textile Backup] Done!
[10:40:00] [Server thread/INFO]: Player shuijiao is already logged on
[10:50:00] [Server thread/INFO]: Player shuijiao is already logged on
[11:00:00] [Server thread/INFO]: Player shuijiao is already logged on
[11:10:00] [Server thread/INFO]: Player shuijiao is already logged on
[11:20:00] [Server thread/INFO]: Player shuijiao is already logged on
[11:30:00] [Server thread/INFO]: Player shuijiao is already logged on
[11:37:48] [Server thread/INFO]: [Textile Backup] Backup started by: Timer on: 2020-09-01_11-37-48
[11:37:48] [Server thread/INFO]: [Textile Backup] Saving server...
[11:37:48] [Server thread/INFO]: ThreadedAnvilChunkStorage (world): All chunks are saved
[11:37:48] [Server thread/INFO]: ThreadedAnvilChunkStorage (DIM-1): All chunks are saved
[11:37:48] [Server thread/INFO]: ThreadedAnvilChunkStorage (DIM1): All chunks are saved
[11:37:48] [pool-3-thread-1/INFO]: [Textile Backup] Starting backup
[11:38:14] [pool-3-thread-1/INFO]: [Textile Backup] Deleting: 2020-08-31_20-37-49.zip
[11:38:15] [pool-3-thread-1/INFO]: [Textile Backup] Done!
[11:40:00] [Server thread/INFO]: Player shuijiao is already logged on
[11:50:00] [Server thread/INFO]: Player shuijiao is already logged on
[12:00:00] [Server thread/INFO]: Player shuijiao is already logged on
[12:10:00] [Server thread/INFO]: Player shuijiao is already logged on
[12:20:00] [Server thread/INFO]: Player shuijiao is already logged on
[12:30:00] [Server thread/INFO]: Player shuijiao is already logged on
[12:37:48] [Server thread/INFO]: [Textile Backup] Backup started by: Timer on: 2020-09-01_12-37-48
[12:37:48] [Server thread/INFO]: [Textile Backup] Saving server...
[12:37:48] [Server thread/INFO]: ThreadedAnvilChunkStorage (world): All chunks are saved
[12:37:48] [Server thread/INFO]: ThreadedAnvilChunkStorage (DIM-1): All chunks are saved
[12:37:48] [Server thread/INFO]: ThreadedAnvilChunkStorage (DIM1): All chunks are saved
[12:37:48] [pool-3-thread-1/INFO]: [Textile Backup] Starting backup
[12:38:11] [pool-3-thread-1/INFO]: [Textile Backup] Deleting: 2020-08-31_21-37-49.zip
[12:38:11] [pool-3-thread-1/INFO]: [Textile Backup] Done!
[12:40:00] [Server thread/INFO]: Player shuijiao is already logged on
[12:50:00] [Server thread/INFO]: Player shuijiao is already logged on
[13:00:00] [Server thread/INFO]: Player shuijiao is already logged on
[13:10:00] [Server thread/INFO]: Player shuijiao is already logged on
[13:20:00] [Server thread/INFO]: Player shuijiao is already logged on
[13:30:00] [Server thread/INFO]: Player shuijiao is already logged on
[13:37:48] [Server thread/INFO]: [Textile Backup] Backup started by: Timer on: 2020-09-01_13-37-48
[13:37:48] [Server thread/INFO]: [Textile Backup] Saving server...
[13:37:48] [Server thread/INFO]: ThreadedAnvilChunkStorage (world): All chunks are saved
[13:37:48] [Server thread/INFO]: ThreadedAnvilChunkStorage (DIM-1): All chunks are saved
[13:37:48] [Server thread/INFO]: ThreadedAnvilChunkStorage (DIM1): All chunks are saved
[13:37:48] [pool-3-thread-1/INFO]: [Textile Backup] Starting backup
[13:38:11] [pool-3-thread-1/INFO]: [Textile Backup] Deleting: 2020-08-31_22-37-49.zip
[13:38:11] [pool-3-thread-1/INFO]: [Textile Backup] Done!
[13:40:00] [Server thread/INFO]: Player shuijiao is already logged on
[13:50:00] [Server thread/INFO]: Player shuijiao is already logged on
[14:00:00] [Server thread/INFO]: Player shuijiao is already logged on
[14:10:00] [Server thread/INFO]: Player shuijiao is already logged on
[14:14:20] [Server thread/INFO]: wushi_[/127.0.0.1:40059] logged in with entity id 452898 at (-40.92521436968632, 64.5625, 240.3954573246321)
[14:14:20] [Server thread/INFO]: wushi_ joined the game
[14:14:20] [Netty Epoll Server IO #6/WARN]: Received invalid identifier in minecraft:register: legacy:fml|hs (Non [a-z0-9/._-] character in path of location: legacy:fml|hs)
[14:14:22] [Netty Epoll Server IO #6/WARN]: Player wushi_ joined with another carpet version: 1.4.0+v200623
[14:15:21] [Server thread/INFO]: wushi_ lost connection: Disconnected
[14:15:21] [Server thread/INFO]: wushi_ left the game
[14:15:30] [Server thread/INFO]: wushi_[/127.0.0.1:41129] logged in with entity id 453129 at (-40.92521436968632, 64.5625, 240.3954573246321)
[14:15:30] [Server thread/INFO]: wushi_ joined the game
[14:15:30] [Netty Epoll Server IO #7/WARN]: Received invalid identifier in minecraft:register: legacy:fml|hs (Non [a-z0-9/._-] character in path of location: legacy:fml|hs)
[14:15:31] [Netty Epoll Server IO #7/WARN]: Player wushi_ joined with another carpet version: 1.4.0+v200623
[14:20:00] [Server thread/INFO]: Player shuijiao is already logged on
[14:30:00] [Server thread/INFO]: Player shuijiao is already logged on
[14:37:48] [Server thread/INFO]: [Textile Backup] Backup started by: Timer on: 2020-09-01_14-37-48
[14:37:48] [Server thread/INFO]: [Textile Backup] Saving server...
[14:37:48] [Server thread/INFO]: ThreadedAnvilChunkStorage (world): All chunks are saved
[14:37:48] [Server thread/INFO]: ThreadedAnvilChunkStorage (DIM-1): All chunks are saved
[14:37:48] [Server thread/INFO]: ThreadedAnvilChunkStorage (DIM1): All chunks are saved
[14:37:48] [pool-3-thread-1/INFO]: [Textile Backup] Starting backup
[14:38:12] [pool-3-thread-1/INFO]: [Textile Backup] Deleting: 2020-08-31_23-37-48.zip
[14:38:12] [pool-3-thread-1/INFO]: [Textile Backup] Done!
[14:40:00] [Server thread/INFO]: Player shuijiao is already logged on
[14:40:56] [Server thread/INFO]: wushi6969[/127.0.0.1:59819] logged in with entity id 461695 at (32.28105, 78.0, -532.00165)
[14:40:56] [Server thread/INFO]: wushi6969 joined the game
[14:40:56] [Netty Epoll Server IO #2/WARN]: Received invalid identifier in minecraft:register: legacy:fml|hs (Non [a-z0-9/._-] character in path of location: legacy:fml|hs)
[14:46:13] [Server thread/INFO]: wushi6969 lost connection: Disconnected
[14:46:13] [Server thread/INFO]: wushi6969 left the game
[14:50:00] [Server thread/INFO]: Player shuijiao is already logged on
[14:57:24] [Server thread/INFO]: wushi6969[/127.0.0.1:52514] logged in with entity id 466997 at (10.275001, 64.0, -499.3)
[14:57:24] [Server thread/INFO]: wushi6969 joined the game
[14:57:24] [Netty Epoll Server IO #0/WARN]: Received invalid identifier in minecraft:register: legacy:fml|hs (Non [a-z0-9/._-] character in path of location: legacy:fml|hs)
[14:58:34] [Server thread/WARN]: Mismatch in destroy block pos: class_2338{x=0, y=0, z=0} class_2338{x=14, y=63, z=-512}
[15:00:00] [Server thread/INFO]: Player shuijiao is already logged on
[15:07:58] [Server thread/INFO]: wushi6969 lost connection: Disconnected
[15:07:58] [Server thread/INFO]: wushi6969 left the game
[15:10:00] [Server thread/INFO]: Player shuijiao is already logged on
[15:20:00] [Server thread/INFO]: Player shuijiao is already logged on
[15:30:00] [Server thread/INFO]: Player shuijiao is already logged on
[15:37:48] [Server thread/INFO]: [Textile Backup] Backup started by: Timer on: 2020-09-01_15-37-48
[15:37:48] [Server thread/INFO]: [Textile Backup] Saving server...
[15:37:48] [Server thread/INFO]: ThreadedAnvilChunkStorage (world): All chunks are saved
[15:37:48] [Server thread/INFO]: ThreadedAnvilChunkStorage (DIM-1): All chunks are saved
[15:37:48] [Server thread/INFO]: ThreadedAnvilChunkStorage (DIM1): All chunks are saved
[15:37:48] [pool-3-thread-1/INFO]: [Textile Backup] Starting backup
[15:38:13] [pool-3-thread-1/INFO]: [Textile Backup] Deleting: 2020-09-01_00-37-48.zip
[15:38:13] [pool-3-thread-1/INFO]: [Textile Backup] Done!
[15:40:00] [Server thread/INFO]: Player shuijiao is already logged on
[15:50:00] [Server thread/INFO]: Player shuijiao is already logged on
[16:00:00] [Server thread/INFO]: Player shuijiao is already logged on
[16:10:00] [Server thread/INFO]: Player shuijiao is already logged on
[16:20:00] [Server thread/INFO]: Player shuijiao is already logged on
[16:30:00] [Server thread/INFO]: Player shuijiao is already logged on
[16:37:48] [Server thread/INFO]: [Textile Backup] Backup started by: Timer on: 2020-09-01_16-37-48
[16:37:48] [Server thread/INFO]: [Textile Backup] Saving server...
[16:37:48] [Server thread/INFO]: ThreadedAnvilChunkStorage (world): All chunks are saved
[16:37:48] [Server thread/INFO]: ThreadedAnvilChunkStorage (DIM-1): All chunks are saved
[16:37:48] [Server thread/INFO]: ThreadedAnvilChunkStorage (DIM1): All chunks are saved
[16:37:48] [pool-3-thread-1/INFO]: [Textile Backup] Starting backup
[16:38:13] [pool-3-thread-1/INFO]: [Textile Backup] Deleting: 2020-09-01_01-37-48.zip
[16:38:13] [pool-3-thread-1/INFO]: [Textile Backup] Done!
[16:40:00] [Server thread/INFO]: Player shuijiao is already logged on
[16:50:00] [Server thread/INFO]: Player shuijiao is already logged on
[17:00:00] [Server thread/INFO]: Player shuijiao is already logged on
[17:10:00] [Server thread/INFO]: Player shuijiao is already logged on
[17:20:00] [Server thread/INFO]: Player shuijiao is already logged on
[17:30:00] [Server thread/INFO]: Player shuijiao is already logged on
[17:34:11] [Server thread/INFO]: wushi_ lost connection: Disconnected
[17:34:11] [Server thread/INFO]: wushi_ left the game
[17:37:48] [Server thread/INFO]: [Textile Backup] Backup started by: Timer on: 2020-09-01_17-37-48
[17:37:48] [Server thread/INFO]: [Textile Backup] Saving server...
[17:37:48] [Server thread/INFO]: ThreadedAnvilChunkStorage (world): All chunks are saved
[17:37:48] [Server thread/INFO]: ThreadedAnvilChunkStorage (DIM-1): All chunks are saved
[17:37:48] [Server thread/INFO]: ThreadedAnvilChunkStorage (DIM1): All chunks are saved
[17:37:48] [pool-3-thread-1/INFO]: [Textile Backup] Starting backup
[17:38:11] [pool-3-thread-1/INFO]: [Textile Backup] Deleting: 2020-09-01_02-37-48.zip
[17:38:12] [pool-3-thread-1/INFO]: [Textile Backup] Done!
[17:40:00] [Server thread/INFO]: Player shuijiao is already logged on
[17:50:00] [Server thread/INFO]: Player shuijiao is already logged on
[17:52:21] [Server thread/INFO]: wushi_[/127.0.0.1:33625] logged in with entity id 521028 at (9.837710400018072, 61.0, -497.69999998807907)
[17:52:21] [Server thread/INFO]: wushi_ joined the game
[17:52:21] [Netty Epoll Server IO #4/WARN]: Received invalid identifier in minecraft:register: legacy:fml|hs (Non [a-z0-9/._-] character in path of location: legacy:fml|hs)
[17:52:21] [Netty Epoll Server IO #4/WARN]: Player wushi_ joined with another carpet version: 1.4.0+v200623
[18:00:00] [Server thread/INFO]: Player shuijiao is already logged on
[18:10:00] [Server thread/INFO]: Player shuijiao is already logged on
[18:20:00] [Server thread/INFO]: Player shuijiao is already logged on
[18:30:00] [Server thread/INFO]: Player shuijiao is already logged on
[18:32:59] [Server thread/WARN]: Trying to add entity with duplicated UUID 54296538-8a4a-47c8-88f9-642b8883b145. Existing minecraft:armor_stand#535018, new: minecraft:armor_stand#535018
[18:35:36] [Server thread/INFO]: wushi6969[/127.0.0.1:33261] logged in with entity id 535833 at (11.34678, 63.860748291015625, -507.42938)
[18:35:36] [Server thread/INFO]: wushi6969 joined the game
[18:35:36] [Netty Epoll Server IO #7/WARN]: Received invalid identifier in minecraft:register: legacy:fml|hs (Non [a-z0-9/._-] character in path of location: legacy:fml|hs)
[18:37:48] [Server thread/INFO]: [Textile Backup] Backup started by: Timer on: 2020-09-01_18-37-48
[18:37:48] [Server thread/INFO]: [Textile Backup] Saving server...
[18:37:48] [Server thread/INFO]: ThreadedAnvilChunkStorage (world): All chunks are saved
[18:37:48] [Server thread/INFO]: ThreadedAnvilChunkStorage (DIM-1): All chunks are saved
[18:37:48] [Server thread/INFO]: ThreadedAnvilChunkStorage (DIM1): All chunks are saved
[18:37:48] [pool-3-thread-1/INFO]: [Textile Backup] Starting backup
[18:38:14] [pool-3-thread-1/INFO]: [Textile Backup] Deleting: 2020-09-01_03-37-48.zip
[18:38:14] [pool-3-thread-1/INFO]: [Textile Backup] Done!
[18:40:00] [Server thread/INFO]: Player shuijiao is already logged on
[18:41:49] [Server thread/INFO]: wushi6969 lost connection: Disconnected
[18:41:49] [Server thread/INFO]: wushi6969 left the game
[18:50:00] [Server thread/INFO]: Player shuijiao is already logged on
[19:00:00] [Server thread/INFO]: Player shuijiao is already logged on
[19:10:00] [Server thread/INFO]: Player shuijiao is already logged on
[19:11:19] [Server thread/WARN]: Fetching packet for removed entity class_1542['Feather'/547180, l='ServerLevel[world]', x=-33.80, y=82.50, z=-389.80]
[19:14:09] [Server thread/INFO]: wushi_ lost connection: Disconnected
[19:14:09] [Server thread/INFO]: wushi_ left the game
[19:15:59] [Server thread/INFO]: Mk_Bolo[/127.0.0.1:48894] logged in with entity id 548424 at (-733.8760744885634, 64.0, 470.5558089652217)
[19:15:59] [Server thread/INFO]: Mk_Bolo joined the game
[19:15:59] [Netty Epoll Server IO #5/WARN]: Received invalid identifier in minecraft:register: legacy:fml|hs (Non [a-z0-9/._-] character in path of location: legacy:fml|hs)
[19:16:14] [Server thread/INFO]: Mk_Bolo lost connection: Disconnected
[19:16:14] [Server thread/INFO]: Mk_Bolo left the game
[19:17:15] [Server thread/INFO]: Mk_Bolo[/127.0.0.1:42588] logged in with entity id 548780 at (-732.2298081416263, 64.0, 471.5998406792313)
[19:17:15] [Server thread/INFO]: Mk_Bolo joined the game
[19:17:15] [Netty Epoll Server IO #6/WARN]: Received invalid identifier in minecraft:register: legacy:fml|hs (Non [a-z0-9/._-] character in path of location: legacy:fml|hs)
[19:17:19] [Server thread/INFO]: Mk_Bolo lost connection: Disconnected
[19:17:19] [Server thread/INFO]: Mk_Bolo left the game
[19:20:00] [Server thread/INFO]: Player shuijiao is already logged on
[19:30:00] [Server thread/INFO]: Player shuijiao is already logged on
[19:37:48] [Server thread/INFO]: [Textile Backup] Backup started by: Timer on: 2020-09-01_19-37-48
[19:37:48] [Server thread/INFO]: [Textile Backup] Saving server...
[19:37:48] [Server thread/INFO]: ThreadedAnvilChunkStorage (world): All chunks are saved
[19:37:48] [Server thread/INFO]: ThreadedAnvilChunkStorage (DIM-1): All chunks are saved
[19:37:48] [Server thread/INFO]: ThreadedAnvilChunkStorage (DIM1): All chunks are saved
[19:37:48] [pool-3-thread-1/INFO]: [Textile Backup] Starting backup
[19:38:12] [pool-3-thread-1/INFO]: [Textile Backup] Deleting: 2020-09-01_04-37-48.zip
[19:38:12] [pool-3-thread-1/INFO]: [Textile Backup] Done!
[19:39:43] [Server thread/WARN]: Fetching packet for removed entity class_1542['Air'/553901, l='ServerLevel[world]', x=-89.93, y=7.00, z=283.29]
[19:40:00] [Server thread/INFO]: Player shuijiao is already logged on
[19:50:00] [Server thread/INFO]: Player shuijiao is already logged on
[20:00:00] [Server thread/INFO]: Player shuijiao is already logged on
[20:10:00] [Server thread/INFO]: Player shuijiao is already logged on
[20:20:00] [Server thread/INFO]: Player shuijiao is already logged on
[20:28:09] [Server thread/WARN]: Can't keep up! Is the server overloaded? Running 21922ms or 438 ticks behind
[20:30:00] [Server thread/INFO]: Player shuijiao is already logged on
[20:37:48] [Server thread/INFO]: [Textile Backup] Backup started by: Timer on: 2020-09-01_20-37-48
[20:37:48] [Server thread/INFO]: [Textile Backup] Saving server...
[20:37:48] [Server thread/INFO]: ThreadedAnvilChunkStorage (world): All chunks are saved
[20:37:48] [Server thread/INFO]: ThreadedAnvilChunkStorage (DIM-1): All chunks are saved
[20:37:48] [Server thread/INFO]: ThreadedAnvilChunkStorage (DIM1): All chunks are saved
[20:37:48] [pool-3-thread-1/INFO]: [Textile Backup] Starting backup
[20:38:15] [pool-3-thread-1/INFO]: [Textile Backup] Deleting: 2020-09-01_05-37-48.zip
[20:38:15] [pool-3-thread-1/INFO]: [Textile Backup] Done!
[20:40:00] [Server thread/INFO]: Player shuijiao is already logged on
[20:50:00] [Server thread/INFO]: Player shuijiao is already logged on
[21:00:00] [Server thread/INFO]: Player shuijiao is already logged on
[21:10:00] [Server thread/INFO]: Player shuijiao is already logged on
[21:20:00] [Server thread/INFO]: Player shuijiao is already logged on
[21:30:00] [Server thread/INFO]: Player shuijiao is already logged on
[21:37:48] [Server thread/INFO]: [Textile Backup] Backup started by: Timer on: 2020-09-01_21-37-48
[21:37:48] [Server thread/INFO]: [Textile Backup] Saving server...
[21:37:48] [Server thread/INFO]: ThreadedAnvilChunkStorage (world): All chunks are saved
[21:37:48] [Server thread/INFO]: ThreadedAnvilChunkStorage (DIM-1): All chunks are saved
[21:37:48] [Server thread/INFO]: ThreadedAnvilChunkStorage (DIM1): All chunks are saved
[21:37:48] [pool-3-thread-1/INFO]: [Textile Backup] Starting backup
[21:38:13] [pool-3-thread-1/INFO]: [Textile Backup] Deleting: 2020-09-01_06-37-48.zip
[21:38:13] [pool-3-thread-1/INFO]: [Textile Backup] Done!
[21:40:00] [Server thread/INFO]: Player shuijiao is already logged on
[21:50:00] [Server thread/INFO]: Player shuijiao is already logged on
[22:00:00] [Server thread/INFO]: Player shuijiao is already logged on
[22:10:00] [Server thread/INFO]: Player shuijiao is already logged on
[22:20:00] [Server thread/INFO]: Player shuijiao is already logged on
[22:30:00] [Server thread/INFO]: Player shuijiao is already logged on
[22:37:48] [Server thread/INFO]: [Textile Backup] Backup started by: Timer on: 2020-09-01_22-37-48
[22:37:48] [Server thread/INFO]: [Textile Backup] Saving server...
[22:37:48] [Server thread/INFO]: ThreadedAnvilChunkStorage (world): All chunks are saved
[22:37:48] [Server thread/INFO]: ThreadedAnvilChunkStorage (DIM-1): All chunks are saved
[22:37:48] [Server thread/INFO]: ThreadedAnvilChunkStorage (DIM1): All chunks are saved
[22:37:48] [pool-3-thread-1/INFO]: [Textile Backup] Starting backup
[22:38:13] [pool-3-thread-1/INFO]: [Textile Backup] Deleting: 2020-09-01_07-37-48.zip
[22:38:13] [pool-3-thread-1/INFO]: [Textile Backup] Done!
[22:40:00] [Server thread/INFO]: Player shuijiao is already logged on
[22:50:00] [Server thread/INFO]: Player shuijiao is already logged on
[23:00:00] [Server thread/INFO]: Player shuijiao is already logged on
[23:10:00] [Server thread/INFO]: Player shuijiao is already logged on
[23:20:00] [Server thread/INFO]: Player shuijiao is already logged on
[23:30:00] [Server thread/INFO]: Player shuijiao is already logged on
[23:37:48] [Server thread/INFO]: [Textile Backup] Backup started by: Timer on: 2020-09-01_23-37-48
[23:37:48] [Server thread/INFO]: [Textile Backup] Saving server...
[23:37:48] [Server thread/INFO]: ThreadedAnvilChunkStorage (world): All chunks are saved
[23:37:48] [Server thread/INFO]: ThreadedAnvilChunkStorage (DIM-1): All chunks are saved
[23:37:48] [Server thread/INFO]: ThreadedAnvilChunkStorage (DIM1): All chunks are saved
[23:37:48] [pool-3-thread-1/INFO]: [Textile Backup] Starting backup
[23:38:13] [pool-3-thread-1/INFO]: [Textile Backup] Deleting: 2020-09-01_08-37-48.zip
[23:38:13] [pool-3-thread-1/INFO]: [Textile Backup] Done!
[23:40:00] [Server thread/INFO]: Player shuijiao is already logged on
[23:50:00] [Server thread/INFO]: Player shuijiao is already logged on
