[00:03:11] [Server thread/INFO]: commandPlayer: true, [永久更改?]
[00:03:11] [Server thread/INFO]: 规则“玩家控制 (commandPlayer)”将会被默认设置为true
[00:13:11] [Server thread/INFO]: commandPlayer: true, [永久更改?]
[00:13:11] [Server thread/INFO]: 规则“玩家控制 (commandPlayer)”将会被默认设置为true
[00:23:09] [Server thread/INFO]: commandPlayer: true, [永久更改?]
[00:23:09] [Server thread/INFO]: 规则“玩家控制 (commandPlayer)”将会被默认设置为true
[00:33:09] [Server thread/INFO]: commandPlayer: true, [永久更改?]
[00:33:09] [Server thread/INFO]: 规则“玩家控制 (commandPlayer)”将会被默认设置为true
[00:43:13] [Server thread/INFO]: commandPlayer: true, [永久更改?]
[00:43:13] [Server thread/INFO]: 规则“玩家控制 (commandPlayer)”将会被默认设置为true
[00:52:19] [Server thread/INFO]: Player shuijiao is already logged on
[00:53:01] [Server thread/INFO]: [Textile Backup] Warning! Server backup will begin shortly. You may experience some lag.
[00:53:01] [Server thread/INFO]: [Textile Backup] Backup started by: Timer on: 2020-12-29_00-53-01
[00:53:01] [Server thread/INFO]: [Textile Backup] Saving server...
[00:53:01] [Server thread/INFO]: Saving chunks for level 'ServerLevel[world]'/minecraft:overworld
[00:53:01] [Server thread/INFO]: ThreadedAnvilChunkStorage (world): All chunks are saved
[00:53:01] [Server thread/INFO]: Saving chunks for level 'ServerLevel[world]'/minecraft:the_nether
[00:53:01] [Server thread/INFO]: ThreadedAnvilChunkStorage (DIM-1): All chunks are saved
[00:53:01] [Server thread/INFO]: Saving chunks for level 'ServerLevel[world]'/minecraft:the_end
[00:53:01] [Server thread/INFO]: ThreadedAnvilChunkStorage (DIM1): All chunks are saved
[00:53:01] [pool-3-thread-1/INFO]: [Textile Backup] Starting backup
[00:53:10] [Server thread/INFO]: commandPlayer: true, [永久更改?]
[00:53:10] [Server thread/INFO]: 规则“玩家控制 (commandPlayer)”将会被默认设置为true
[00:53:14] [pool-3-thread-1/INFO]: [Textile Backup] Compression took: 13.497 seconds.
[00:53:14] [pool-3-thread-1/INFO]: [Textile Backup] Done!
[01:03:11] [Server thread/INFO]: commandPlayer: true, [永久更改?]
[01:03:11] [Server thread/INFO]: 规则“玩家控制 (commandPlayer)”将会被默认设置为true
[01:13:11] [Server thread/INFO]: commandPlayer: true, [永久更改?]
[01:13:11] [Server thread/INFO]: 规则“玩家控制 (commandPlayer)”将会被默认设置为true
[01:23:09] [Server thread/INFO]: commandPlayer: true, [永久更改?]
[01:23:09] [Server thread/INFO]: 规则“玩家控制 (commandPlayer)”将会被默认设置为true
[01:29:54] [Server thread/WARN]: Can't keep up! Is the server overloaded? Running 2045ms or 40 ticks behind
[01:33:09] [Server thread/INFO]: commandPlayer: true, [永久更改?]
[01:33:09] [Server thread/INFO]: 规则“玩家控制 (commandPlayer)”将会被默认设置为true
[01:39:58] [Server thread/WARN]: Can't keep up! Is the server overloaded? Running 4249ms or 84 ticks behind
[01:43:10] [Server thread/INFO]: commandPlayer: true, [永久更改?]
[01:43:10] [Server thread/INFO]: 规则“玩家控制 (commandPlayer)”将会被默认设置为true
[01:52:19] [Server thread/INFO]: Player shuijiao is already logged on
[01:53:10] [Server thread/INFO]: commandPlayer: true, [永久更改?]
[01:53:10] [Server thread/INFO]: 规则“玩家控制 (commandPlayer)”将会被默认设置为true
[01:55:01] [Server thread/WARN]: Can't keep up! Is the server overloaded? Running 2473ms or 49 ticks behind
[02:03:08] [Server thread/INFO]: commandPlayer: true, [永久更改?]
[02:03:08] [Server thread/INFO]: 规则“玩家控制 (commandPlayer)”将会被默认设置为true
[02:13:08] [Server thread/INFO]: commandPlayer: true, [永久更改?]
[02:13:08] [Server thread/INFO]: 规则“玩家控制 (commandPlayer)”将会被默认设置为true
[02:20:04] [Server thread/WARN]: Can't keep up! Is the server overloaded? Running 2903ms or 58 ticks behind
[02:23:09] [Server thread/INFO]: commandPlayer: true, [永久更改?]
[02:23:09] [Server thread/INFO]: 规则“玩家控制 (commandPlayer)”将会被默认设置为true
[02:33:10] [Server thread/INFO]: commandPlayer: true, [永久更改?]
[02:33:10] [Server thread/INFO]: 规则“玩家控制 (commandPlayer)”将会被默认设置为true
[02:43:10] [Server thread/INFO]: commandPlayer: true, [永久更改?]
[02:43:10] [Server thread/INFO]: 规则“玩家控制 (commandPlayer)”将会被默认设置为true
[02:52:20] [Server thread/INFO]: Player shuijiao is already logged on
[02:53:11] [Server thread/INFO]: commandPlayer: true, [永久更改?]
[02:53:11] [Server thread/INFO]: 规则“玩家控制 (commandPlayer)”将会被默认设置为true
[03:03:09] [Server thread/INFO]: commandPlayer: true, [永久更改?]
[03:03:09] [Server thread/INFO]: 规则“玩家控制 (commandPlayer)”将会被默认设置为true
[03:13:09] [Server thread/INFO]: commandPlayer: true, [永久更改?]
[03:13:09] [Server thread/INFO]: 规则“玩家控制 (commandPlayer)”将会被默认设置为true
[03:23:10] [Server thread/INFO]: commandPlayer: true, [永久更改?]
[03:23:10] [Server thread/INFO]: 规则“玩家控制 (commandPlayer)”将会被默认设置为true
[03:33:10] [Server thread/INFO]: commandPlayer: true, [永久更改?]
[03:33:10] [Server thread/INFO]: 规则“玩家控制 (commandPlayer)”将会被默认设置为true
[03:43:08] [Server thread/INFO]: commandPlayer: true, [永久更改?]
[03:43:08] [Server thread/INFO]: 规则“玩家控制 (commandPlayer)”将会被默认设置为true
[03:52:17] [Server thread/INFO]: Player shuijiao is already logged on
[03:53:08] [Server thread/INFO]: commandPlayer: true, [永久更改?]
[03:53:08] [Server thread/INFO]: 规则“玩家控制 (commandPlayer)”将会被默认设置为true
[04:03:09] [Server thread/INFO]: commandPlayer: true, [永久更改?]
[04:03:09] [Server thread/INFO]: 规则“玩家控制 (commandPlayer)”将会被默认设置为true
[04:13:09] [Server thread/INFO]: commandPlayer: true, [永久更改?]
[04:13:09] [Server thread/INFO]: 规则“玩家控制 (commandPlayer)”将会被默认设置为true
[04:23:10] [Server thread/INFO]: commandPlayer: true, [永久更改?]
[04:23:10] [Server thread/INFO]: 规则“玩家控制 (commandPlayer)”将会被默认设置为true
[04:33:07] [Server thread/INFO]: commandPlayer: true, [永久更改?]
[04:33:07] [Server thread/INFO]: 规则“玩家控制 (commandPlayer)”将会被默认设置为true
[04:43:08] [Server thread/INFO]: commandPlayer: true, [永久更改?]
[04:43:08] [Server thread/INFO]: 规则“玩家控制 (commandPlayer)”将会被默认设置为true
[04:52:22] [Server thread/INFO]: Player shuijiao is already logged on
[04:53:13] [Server thread/INFO]: commandPlayer: true, [永久更改?]
[04:53:13] [Server thread/INFO]: 规则“玩家控制 (commandPlayer)”将会被默认设置为true
[05:03:09] [Server thread/INFO]: commandPlayer: true, [永久更改?]
[05:03:09] [Server thread/INFO]: 规则“玩家控制 (commandPlayer)”将会被默认设置为true
[05:13:10] [Server thread/INFO]: commandPlayer: true, [永久更改?]
[05:13:10] [Server thread/INFO]: 规则“玩家控制 (commandPlayer)”将会被默认设置为true
[05:23:10] [Server thread/INFO]: commandPlayer: true, [永久更改?]
[05:23:11] [Server thread/INFO]: 规则“玩家控制 (commandPlayer)”将会被默认设置为true
[05:33:08] [Server thread/INFO]: commandPlayer: true, [永久更改?]
[05:33:08] [Server thread/INFO]: 规则“玩家控制 (commandPlayer)”将会被默认设置为true
[05:43:08] [Server thread/INFO]: commandPlayer: true, [永久更改?]
[05:43:09] [Server thread/INFO]: 规则“玩家控制 (commandPlayer)”将会被默认设置为true
[05:52:18] [Server thread/INFO]: Player shuijiao is already logged on
[05:53:09] [Server thread/INFO]: commandPlayer: true, [永久更改?]
[05:53:09] [Server thread/INFO]: 规则“玩家控制 (commandPlayer)”将会被默认设置为true
[06:03:10] [Server thread/INFO]: commandPlayer: true, [永久更改?]
[06:03:10] [Server thread/INFO]: 规则“玩家控制 (commandPlayer)”将会被默认设置为true
[06:13:10] [Server thread/INFO]: commandPlayer: true, [永久更改?]
[06:13:10] [Server thread/INFO]: 规则“玩家控制 (commandPlayer)”将会被默认设置为true
[06:23:11] [Server thread/INFO]: commandPlayer: true, [永久更改?]
[06:23:11] [Server thread/INFO]: 规则“玩家控制 (commandPlayer)”将会被默认设置为true
[06:33:08] [Server thread/INFO]: commandPlayer: true, [永久更改?]
[06:33:08] [Server thread/INFO]: 规则“玩家控制 (commandPlayer)”将会被默认设置为true
[06:43:09] [Server thread/INFO]: commandPlayer: true, [永久更改?]
[06:43:09] [Server thread/INFO]: 规则“玩家控制 (commandPlayer)”将会被默认设置为true
[06:52:18] [Server thread/INFO]: Player shuijiao is already logged on
[06:53:09] [Server thread/INFO]: commandPlayer: true, [永久更改?]
[06:53:09] [Server thread/INFO]: 规则“玩家控制 (commandPlayer)”将会被默认设置为true
[07:03:10] [Server thread/INFO]: commandPlayer: true, [永久更改?]
[07:03:10] [Server thread/INFO]: 规则“玩家控制 (commandPlayer)”将会被默认设置为true
[07:13:07] [Server thread/INFO]: commandPlayer: true, [永久更改?]
[07:13:07] [Server thread/INFO]: 规则“玩家控制 (commandPlayer)”将会被默认设置为true
[07:23:08] [Server thread/INFO]: commandPlayer: true, [永久更改?]
[07:23:08] [Server thread/INFO]: 规则“玩家控制 (commandPlayer)”将会被默认设置为true
[07:33:09] [Server thread/INFO]: commandPlayer: true, [永久更改?]
[07:33:09] [Server thread/INFO]: 规则“玩家控制 (commandPlayer)”将会被默认设置为true
[07:43:09] [Server thread/INFO]: commandPlayer: true, [永久更改?]
[07:43:09] [Server thread/INFO]: 规则“玩家控制 (commandPlayer)”将会被默认设置为true
[07:52:19] [Server thread/INFO]: Player shuijiao is already logged on
[07:53:10] [Server thread/INFO]: commandPlayer: true, [永久更改?]
[07:53:10] [Server thread/INFO]: 规则“玩家控制 (commandPlayer)”将会被默认设置为true
[08:03:07] [Server thread/INFO]: commandPlayer: true, [永久更改?]
[08:03:07] [Server thread/INFO]: 规则“玩家控制 (commandPlayer)”将会被默认设置为true
[08:13:08] [Server thread/INFO]: commandPlayer: true, [永久更改?]
[08:13:08] [Server thread/INFO]: 规则“玩家控制 (commandPlayer)”将会被默认设置为true
[08:23:08] [Server thread/INFO]: commandPlayer: true, [永久更改?]
[08:23:08] [Server thread/INFO]: 规则“玩家控制 (commandPlayer)”将会被默认设置为true
[08:33:09] [Server thread/INFO]: commandPlayer: true, [永久更改?]
[08:33:09] [Server thread/INFO]: 规则“玩家控制 (commandPlayer)”将会被默认设置为true
[08:43:09] [Server thread/INFO]: commandPlayer: true, [永久更改?]
[08:43:09] [Server thread/INFO]: 规则“玩家控制 (commandPlayer)”将会被默认设置为true
[08:52:19] [Server thread/INFO]: Player shuijiao is already logged on
[08:53:10] [Server thread/INFO]: commandPlayer: true, [永久更改?]
[08:53:10] [Server thread/INFO]: 规则“玩家控制 (commandPlayer)”将会被默认设置为true
[09:03:07] [Server thread/INFO]: commandPlayer: true, [永久更改?]
[09:03:07] [Server thread/INFO]: 规则“玩家控制 (commandPlayer)”将会被默认设置为true
[09:13:08] [Server thread/INFO]: commandPlayer: true, [永久更改?]
[09:13:08] [Server thread/INFO]: 规则“玩家控制 (commandPlayer)”将会被默认设置为true
[09:23:09] [Server thread/INFO]: commandPlayer: true, [永久更改?]
[09:23:09] [Server thread/INFO]: 规则“玩家控制 (commandPlayer)”将会被默认设置为true
[09:33:09] [Server thread/INFO]: commandPlayer: true, [永久更改?]
[09:33:09] [Server thread/INFO]: 规则“玩家控制 (commandPlayer)”将会被默认设置为true
[09:43:09] [Server thread/INFO]: commandPlayer: true, [永久更改?]
[09:43:10] [Server thread/INFO]: 规则“玩家控制 (commandPlayer)”将会被默认设置为true
[09:52:16] [Server thread/INFO]: Player shuijiao is already logged on
[09:53:07] [Server thread/INFO]: commandPlayer: true, [永久更改?]
[09:53:07] [Server thread/INFO]: 规则“玩家控制 (commandPlayer)”将会被默认设置为true
[10:03:08] [Server thread/INFO]: commandPlayer: true, [永久更改?]
[10:03:08] [Server thread/INFO]: 规则“玩家控制 (commandPlayer)”将会被默认设置为true
[10:13:08] [Server thread/INFO]: commandPlayer: true, [永久更改?]
[10:13:08] [Server thread/INFO]: 规则“玩家控制 (commandPlayer)”将会被默认设置为true
[10:23:09] [Server thread/INFO]: commandPlayer: true, [永久更改?]
[10:23:09] [Server thread/INFO]: 规则“玩家控制 (commandPlayer)”将会被默认设置为true
[10:33:09] [Server thread/INFO]: commandPlayer: true, [永久更改?]
[10:33:09] [Server thread/INFO]: 规则“玩家控制 (commandPlayer)”将会被默认设置为true
[10:43:07] [Server thread/INFO]: commandPlayer: true, [永久更改?]
[10:43:07] [Server thread/INFO]: 规则“玩家控制 (commandPlayer)”将会被默认设置为true
[10:52:16] [Server thread/INFO]: Player shuijiao is already logged on
[10:53:07] [Server thread/INFO]: commandPlayer: true, [永久更改?]
[10:53:07] [Server thread/INFO]: 规则“玩家控制 (commandPlayer)”将会被默认设置为true
[11:03:08] [Server thread/INFO]: commandPlayer: true, [永久更改?]
[11:03:08] [Server thread/INFO]: 规则“玩家控制 (commandPlayer)”将会被默认设置为true
[11:13:08] [Server thread/INFO]: commandPlayer: true, [永久更改?]
[11:13:08] [Server thread/INFO]: 规则“玩家控制 (commandPlayer)”将会被默认设置为true
[11:23:09] [Server thread/INFO]: commandPlayer: true, [永久更改?]
[11:23:09] [Server thread/INFO]: 规则“玩家控制 (commandPlayer)”将会被默认设置为true
[11:33:09] [Server thread/INFO]: commandPlayer: true, [永久更改?]
[11:33:09] [Server thread/INFO]: 规则“玩家控制 (commandPlayer)”将会被默认设置为true
[11:43:07] [Server thread/INFO]: commandPlayer: true, [永久更改?]
[11:43:07] [Server thread/INFO]: 规则“玩家控制 (commandPlayer)”将会被默认设置为true
[11:52:19] [Server thread/INFO]: Player shuijiao is already logged on
[11:53:10] [Server thread/INFO]: commandPlayer: true, [永久更改?]
[11:53:10] [Server thread/INFO]: 规则“玩家控制 (commandPlayer)”将会被默认设置为true
[12:03:08] [Server thread/INFO]: commandPlayer: true, [永久更改?]
[12:03:08] [Server thread/INFO]: 规则“玩家控制 (commandPlayer)”将会被默认设置为true
[12:13:08] [Server thread/INFO]: commandPlayer: true, [永久更改?]
[12:13:08] [Server thread/INFO]: 规则“玩家控制 (commandPlayer)”将会被默认设置为true
[12:23:06] [Server thread/INFO]: commandPlayer: true, [永久更改?]
[12:23:06] [Server thread/INFO]: 规则“玩家控制 (commandPlayer)”将会被默认设置为true
[12:33:06] [Server thread/INFO]: commandPlayer: true, [永久更改?]
[12:33:07] [Server thread/INFO]: 规则“玩家控制 (commandPlayer)”将会被默认设置为true
[12:43:07] [Server thread/INFO]: commandPlayer: true, [永久更改?]
[12:43:07] [Server thread/INFO]: 规则“玩家控制 (commandPlayer)”将会被默认设置为true
[12:52:16] [Server thread/INFO]: Player shuijiao is already logged on
[12:53:08] [Server thread/INFO]: commandPlayer: true, [永久更改?]
[12:53:08] [Server thread/INFO]: 规则“玩家控制 (commandPlayer)”将会被默认设置为true
[13:03:08] [Server thread/INFO]: commandPlayer: true, [永久更改?]
[13:03:08] [Server thread/INFO]: 规则“玩家控制 (commandPlayer)”将会被默认设置为true
[13:13:09] [Server thread/INFO]: commandPlayer: true, [永久更改?]
[13:13:09] [Server thread/INFO]: 规则“玩家控制 (commandPlayer)”将会被默认设置为true
[13:23:06] [Server thread/INFO]: commandPlayer: true, [永久更改?]
[13:23:06] [Server thread/INFO]: 规则“玩家控制 (commandPlayer)”将会被默认设置为true
[13:33:07] [Server thread/INFO]: commandPlayer: true, [永久更改?]
[13:33:07] [Server thread/INFO]: 规则“玩家控制 (commandPlayer)”将会被默认设置为true
[13:43:07] [Server thread/INFO]: commandPlayer: true, [永久更改?]
[13:43:07] [Server thread/INFO]: 规则“玩家控制 (commandPlayer)”将会被默认设置为true
[13:52:17] [Server thread/INFO]: Player shuijiao is already logged on
[13:53:08] [Server thread/INFO]: commandPlayer: true, [永久更改?]
[13:53:08] [Server thread/INFO]: 规则“玩家控制 (commandPlayer)”将会被默认设置为true
[14:03:08] [Server thread/INFO]: commandPlayer: true, [永久更改?]
[14:03:08] [Server thread/INFO]: 规则“玩家控制 (commandPlayer)”将会被默认设置为true
[14:13:06] [Server thread/INFO]: commandPlayer: true, [永久更改?]
[14:13:06] [Server thread/INFO]: 规则“玩家控制 (commandPlayer)”将会被默认设置为true
[14:23:06] [Server thread/INFO]: commandPlayer: true, [永久更改?]
[14:23:07] [Server thread/INFO]: 规则“玩家控制 (commandPlayer)”将会被默认设置为true
[14:33:07] [Server thread/INFO]: commandPlayer: true, [永久更改?]
[14:33:07] [Server thread/INFO]: 规则“玩家控制 (commandPlayer)”将会被默认设置为true
[14:43:07] [Server thread/INFO]: commandPlayer: true, [永久更改?]
[14:43:07] [Server thread/INFO]: 规则“玩家控制 (commandPlayer)”将会被默认设置为true
[14:52:17] [Server thread/INFO]: Player shuijiao is already logged on
[14:53:08] [Server thread/INFO]: commandPlayer: true, [永久更改?]
[14:53:08] [Server thread/INFO]: 规则“玩家控制 (commandPlayer)”将会被默认设置为true
[15:03:06] [Server thread/INFO]: commandPlayer: true, [永久更改?]
[15:03:06] [Server thread/INFO]: 规则“玩家控制 (commandPlayer)”将会被默认设置为true
[15:13:06] [Server thread/INFO]: commandPlayer: true, [永久更改?]
[15:13:06] [Server thread/INFO]: 规则“玩家控制 (commandPlayer)”将会被默认设置为true
[15:23:07] [Server thread/INFO]: commandPlayer: true, [永久更改?]
[15:23:07] [Server thread/INFO]: 规则“玩家控制 (commandPlayer)”将会被默认设置为true
[15:33:07] [Server thread/INFO]: commandPlayer: true, [永久更改?]
[15:33:07] [Server thread/INFO]: 规则“玩家控制 (commandPlayer)”将会被默认设置为true
[15:43:08] [Server thread/INFO]: commandPlayer: true, [永久更改?]
[15:43:08] [Server thread/INFO]: 规则“玩家控制 (commandPlayer)”将会被默认设置为true
[15:52:17] [Server thread/INFO]: Player shuijiao is already logged on
[15:53:08] [Server thread/INFO]: commandPlayer: true, [永久更改?]
[15:53:08] [Server thread/INFO]: 规则“玩家控制 (commandPlayer)”将会被默认设置为true
[16:03:06] [Server thread/INFO]: commandPlayer: true, [永久更改?]
[16:03:06] [Server thread/INFO]: 规则“玩家控制 (commandPlayer)”将会被默认设置为true
[16:13:06] [Server thread/INFO]: commandPlayer: true, [永久更改?]
[16:13:06] [Server thread/INFO]: 规则“玩家控制 (commandPlayer)”将会被默认设置为true
[16:23:07] [Server thread/INFO]: commandPlayer: true, [永久更改?]
[16:23:07] [Server thread/INFO]: 规则“玩家控制 (commandPlayer)”将会被默认设置为true
[16:33:07] [Server thread/INFO]: commandPlayer: true, [永久更改?]
[16:33:07] [Server thread/INFO]: 规则“玩家控制 (commandPlayer)”将会被默认设置为true
[16:43:08] [Server thread/INFO]: commandPlayer: true, [永久更改?]
[16:43:08] [Server thread/INFO]: 规则“玩家控制 (commandPlayer)”将会被默认设置为true
[16:52:17] [Server thread/INFO]: Player shuijiao is already logged on
[16:53:08] [Server thread/INFO]: commandPlayer: true, [永久更改?]
[16:53:08] [Server thread/INFO]: 规则“玩家控制 (commandPlayer)”将会被默认设置为true
[16:58:50] [Server thread/INFO]: EDGW[/101.132.153.204:41915] logged in with entity id 752597 at (-41.50295859063415, 64.0, 262.4519405603321)
[16:58:50] [Server thread/INFO]: EDGW joined the game
[16:58:50] [Netty Epoll Server IO #6/WARN]: Received invalid identifier in minecraft:register: legacy:fml|hs (Non [a-z0-9/._-] character in path of location: legacy:fml|hs)
[16:59:04] [Netty Epoll Server IO #6/WARN]: Player EDGW joined with another carpet version: 1.4.11+v200910
[17:03:03] [Server thread/INFO]: <EDGW> 所以总长很长啊
[17:03:06] [Server thread/INFO]: commandPlayer: true, [永久更改?]
[17:03:06] [Server thread/INFO]: 规则“玩家控制 (commandPlayer)”将会被默认设置为true
[17:04:37] [Server thread/INFO]: <EDGW> 你家有鞘翅吗
[17:04:53] [Server thread/INFO]: <EDGW> o
[17:05:22] [Server thread/INFO]: <EDGW> o
[17:06:46] [Server thread/INFO]: EDGW lost connection: Disconnected
[17:06:46] [Server thread/INFO]: EDGW left the game
[17:09:04] [Server thread/INFO]: EDGW[/101.132.153.204:43347] logged in with entity id 753810 at (-59.02644496243388, 113.0, 509.7845696413341)
[17:09:04] [Server thread/INFO]: EDGW joined the game
[17:09:04] [Netty Epoll Server IO #2/WARN]: Received invalid identifier in minecraft:register: legacy:fml|hs (Non [a-z0-9/._-] character in path of location: legacy:fml|hs)
[17:09:16] [Netty Epoll Server IO #2/WARN]: Player EDGW joined with another carpet version: 1.4.11+v200910
[17:13:06] [Server thread/INFO]: commandPlayer: true, [永久更改?]
[17:13:06] [Server thread/INFO]: 规则“玩家控制 (commandPlayer)”将会被默认设置为true
[17:18:39] [Server thread/INFO]: <EDGW> 给xiaolou家门口的山命名为xiaolou山
[17:20:47] [Server thread/WARN]: Can't keep up! Is the server overloaded? Running 2777ms or 55 ticks behind
[17:23:07] [Server thread/INFO]: commandPlayer: true, [永久更改?]
[17:23:07] [Server thread/INFO]: 规则“玩家控制 (commandPlayer)”将会被默认设置为true
[17:33:07] [Server thread/INFO]: commandPlayer: true, [永久更改?]
[17:33:07] [Server thread/INFO]: 规则“玩家控制 (commandPlayer)”将会被默认设置为true
[17:35:09] [Server thread/WARN]: Can't keep up! Is the server overloaded? Running 2471ms or 49 ticks behind
[17:43:08] [Server thread/INFO]: commandPlayer: true, [永久更改?]
[17:43:08] [Server thread/INFO]: 规则“玩家控制 (commandPlayer)”将会被默认设置为true
[17:43:52] [Server thread/WARN]: Fetching packet for removed entity class_1542['Air'/759749, l='ServerLevel[world]', x=-86.78, y=7.00, z=282.46]
[17:52:17] [Server thread/INFO]: Player shuijiao is already logged on
[17:53:08] [Server thread/INFO]: commandPlayer: true, [永久更改?]
[17:53:08] [Server thread/INFO]: 规则“玩家控制 (commandPlayer)”将会被默认设置为true
[18:03:06] [Server thread/INFO]: commandPlayer: true, [永久更改?]
[18:03:06] [Server thread/INFO]: 规则“玩家控制 (commandPlayer)”将会被默认设置为true
[18:13:06] [Server thread/INFO]: commandPlayer: true, [永久更改?]
[18:13:06] [Server thread/INFO]: 规则“玩家控制 (commandPlayer)”将会被默认设置为true
[18:23:07] [Server thread/INFO]: commandPlayer: true, [永久更改?]
[18:23:07] [Server thread/INFO]: 规则“玩家控制 (commandPlayer)”将会被默认设置为true
[18:33:07] [Server thread/INFO]: commandPlayer: true, [永久更改?]
[18:33:07] [Server thread/INFO]: 规则“玩家控制 (commandPlayer)”将会被默认设置为true
[18:34:43] [Server thread/INFO]: EDGW was slain by Phantom
[18:43:08] [Server thread/INFO]: commandPlayer: true, [永久更改?]
[18:43:08] [Server thread/INFO]: 规则“玩家控制 (commandPlayer)”将会被默认设置为true
[18:52:14] [Server thread/INFO]: Player shuijiao is already logged on
[18:53:06] [Server thread/INFO]: commandPlayer: true, [永久更改?]
[18:53:06] [Server thread/INFO]: 规则“玩家控制 (commandPlayer)”将会被默认设置为true
[19:03:06] [Server thread/INFO]: commandPlayer: true, [永久更改?]
[19:03:06] [Server thread/INFO]: 规则“玩家控制 (commandPlayer)”将会被默认设置为true
[19:07:17] [Server thread/INFO]: EDGWA[/101.132.153.204:57169] logged in with entity id 762926 at (-1451.699999988079, 82.0, 481.69999998807907)
[19:07:17] [Server thread/INFO]: EDGWA joined the game
[19:07:17] [Netty Epoll Server IO #1/WARN]: Received invalid identifier in minecraft:register: legacy:fml|hs (Non [a-z0-9/._-] character in path of location: legacy:fml|hs)
[19:07:47] [Server thread/INFO]: <EDGWA> ...
[19:08:04] [Server thread/INFO]: [EDGWA: Triggered [config] (set value to 1838019374)]
[19:08:22] [Server thread/INFO]: [EDGWA: Triggered [config] (set value to 1838019371)]
[19:08:46] [Server thread/INFO]: <EDGWA> 。。。
[19:08:59] [Server thread/INFO]: <EDGWA> 怎么多了一个EDGWA
[19:09:51] [Server thread/INFO]: <EDGWA> 我在我家
[19:10:39] [Server thread/INFO]: <EDGWA> 我的东西全没了怎么办
[19:13:06] [Server thread/INFO]: commandPlayer: true, [永久更改?]
[19:13:06] [Server thread/INFO]: 规则“玩家控制 (commandPlayer)”将会被默认设置为true
[19:17:16] [Server thread/INFO]: EDGWA lost connection: Disconnected
[19:17:16] [Server thread/INFO]: EDGWA left the game
[19:17:25] [Server thread/INFO]: EDGWA[/101.132.153.204:55581] logged in with entity id 764085 at (-1417.5660004490812, 74.0, 467.739489853275)
[19:17:25] [Server thread/INFO]: EDGWA joined the game
[19:17:25] [Netty Epoll Server IO #4/WARN]: Received invalid identifier in minecraft:register: legacy:fml|hs (Non [a-z0-9/._-] character in path of location: legacy:fml|hs)
[19:18:30] [Server thread/INFO]: <EDGWA> nzn
[19:19:00] [Server thread/INFO]: <EDGWA> 你在哪
[19:20:14] [Server thread/WARN]: Can't keep up! Is the server overloaded? Running 3029ms or 60 ticks behind
[19:23:08] [Server thread/INFO]: commandPlayer: true, [永久更改?]
[19:23:08] [Server thread/INFO]: 规则“玩家控制 (commandPlayer)”将会被默认设置为true
[19:29:13] [Server thread/INFO]: EDGWA was killed by Witch using magic
[19:30:17] [Server thread/WARN]: Can't keep up! Is the server overloaded? Running 3606ms or 72 ticks behind
[19:33:06] [Server thread/INFO]: commandPlayer: true, [永久更改?]
[19:33:06] [Server thread/INFO]: 规则“玩家控制 (commandPlayer)”将会被默认设置为true
[19:35:10] [Server thread/INFO]: EDGWA hit the ground too hard
[19:35:14] [Server thread/INFO]: EDGWA lost connection: Disconnected
[19:35:14] [Server thread/INFO]: EDGWA left the game
[19:43:06] [Server thread/INFO]: commandPlayer: true, [永久更改?]
[19:43:06] [Server thread/INFO]: 规则“玩家控制 (commandPlayer)”将会被默认设置为true
[19:52:16] [Server thread/INFO]: Player shuijiao is already logged on
[19:53:07] [Server thread/INFO]: commandPlayer: true, [永久更改?]
[19:53:07] [Server thread/INFO]: 规则“玩家控制 (commandPlayer)”将会被默认设置为true
[19:54:37] [Server thread/INFO]: EDGW lost connection: Disconnected
[19:54:37] [Server thread/INFO]: EDGW left the game
[20:03:07] [Server thread/INFO]: commandPlayer: true, [永久更改?]
[20:03:07] [Server thread/INFO]: 规则“玩家控制 (commandPlayer)”将会被默认设置为true
[20:13:05] [Server thread/INFO]: commandPlayer: true, [永久更改?]
[20:13:05] [Server thread/INFO]: 规则“玩家控制 (commandPlayer)”将会被默认设置为true
[20:23:05] [Server thread/INFO]: commandPlayer: true, [永久更改?]
[20:23:05] [Server thread/INFO]: 规则“玩家控制 (commandPlayer)”将会被默认设置为true
[20:33:06] [Server thread/INFO]: commandPlayer: true, [永久更改?]
[20:33:06] [Server thread/INFO]: 规则“玩家控制 (commandPlayer)”将会被默认设置为true
[20:43:06] [Server thread/INFO]: commandPlayer: true, [永久更改?]
[20:43:06] [Server thread/INFO]: 规则“玩家控制 (commandPlayer)”将会被默认设置为true
[20:52:16] [Server thread/INFO]: Player shuijiao is already logged on
[20:53:07] [Server thread/INFO]: commandPlayer: true, [永久更改?]
[20:53:07] [Server thread/INFO]: 规则“玩家控制 (commandPlayer)”将会被默认设置为true
[21:03:08] [Server thread/INFO]: commandPlayer: true, [永久更改?]
[21:03:08] [Server thread/INFO]: 规则“玩家控制 (commandPlayer)”将会被默认设置为true
[21:13:05] [Server thread/INFO]: commandPlayer: true, [永久更改?]
[21:13:05] [Server thread/INFO]: 规则“玩家控制 (commandPlayer)”将会被默认设置为true
[21:23:06] [Server thread/INFO]: commandPlayer: true, [永久更改?]
[21:23:06] [Server thread/INFO]: 规则“玩家控制 (commandPlayer)”将会被默认设置为true
[21:33:06] [Server thread/INFO]: commandPlayer: true, [永久更改?]
[21:33:06] [Server thread/INFO]: 规则“玩家控制 (commandPlayer)”将会被默认设置为true
[21:43:07] [Server thread/INFO]: commandPlayer: true, [永久更改?]
[21:43:07] [Server thread/INFO]: 规则“玩家控制 (commandPlayer)”将会被默认设置为true
[21:52:16] [Server thread/INFO]: Player shuijiao is already logged on
[21:53:07] [Server thread/INFO]: commandPlayer: true, [永久更改?]
[21:53:07] [Server thread/INFO]: 规则“玩家控制 (commandPlayer)”将会被默认设置为true
[22:03:08] [Server thread/INFO]: commandPlayer: true, [永久更改?]
[22:03:08] [Server thread/INFO]: 规则“玩家控制 (commandPlayer)”将会被默认设置为true
[22:13:05] [Server thread/INFO]: commandPlayer: true, [永久更改?]
[22:13:05] [Server thread/INFO]: 规则“玩家控制 (commandPlayer)”将会被默认设置为true
[22:23:06] [Server thread/INFO]: commandPlayer: true, [永久更改?]
[22:23:06] [Server thread/INFO]: 规则“玩家控制 (commandPlayer)”将会被默认设置为true
[22:33:06] [Server thread/INFO]: commandPlayer: true, [永久更改?]
[22:33:06] [Server thread/INFO]: 规则“玩家控制 (commandPlayer)”将会被默认设置为true
[22:43:07] [Server thread/INFO]: commandPlayer: true, [永久更改?]
[22:43:07] [Server thread/INFO]: 规则“玩家控制 (commandPlayer)”将会被默认设置为true
[22:52:13] [Server thread/INFO]: Player shuijiao is already logged on
[22:53:04] [Server thread/INFO]: commandPlayer: true, [永久更改?]
[22:53:04] [Server thread/INFO]: 规则“玩家控制 (commandPlayer)”将会被默认设置为true
[23:03:05] [Server thread/INFO]: commandPlayer: true, [永久更改?]
[23:03:05] [Server thread/INFO]: 规则“玩家控制 (commandPlayer)”将会被默认设置为true
[23:10:18] [Server thread/WARN]: Can't keep up! Is the server overloaded? Running 3006ms or 60 ticks behind
[23:13:05] [Server thread/INFO]: commandPlayer: true, [永久更改?]
[23:13:05] [Server thread/INFO]: 规则“玩家控制 (commandPlayer)”将会被默认设置为true
[23:23:06] [Server thread/INFO]: commandPlayer: true, [永久更改?]
[23:23:06] [Server thread/INFO]: 规则“玩家控制 (commandPlayer)”将会被默认设置为true
[23:33:06] [Server thread/INFO]: commandPlayer: true, [永久更改?]
[23:33:06] [Server thread/INFO]: 规则“玩家控制 (commandPlayer)”将会被默认设置为true
[23:43:07] [Server thread/INFO]: commandPlayer: true, [永久更改?]
[23:43:07] [Server thread/INFO]: 规则“玩家控制 (commandPlayer)”将会被默认设置为true
[23:52:16] [Server thread/INFO]: Player shuijiao is already logged on
[23:53:07] [Server thread/INFO]: commandPlayer: true, [永久更改?]
[23:53:07] [Server thread/INFO]: 规则“玩家控制 (commandPlayer)”将会被默认设置为true
