[00:09:36] [Server thread/WARN]: Can't keep up! Is the server overloaded? Running 2112ms or 42 ticks behind
[02:44:36] [Server thread/WARN]: Can't keep up! Is the server overloaded? Running 2297ms or 45 ticks behind
[02:50:36] [Server thread/WARN]: Can't keep up! Is the server overloaded? Running 2023ms or 40 ticks behind
[05:25:02] [Server thread/INFO]: [Server] 服务器将在5分钟后关闭备份存档，6:01继续开启
[05:30:01] [Server thread/INFO]: Stopping the server
[05:30:01] [Server thread/INFO]: Unknown or incomplete command, see below for error
[05:30:01] [Server thread/INFO]: end<--[HERE]
[05:30:01] [Server thread/INFO]: Unknown or incomplete command, see below for error
[05:30:01] [Server thread/INFO]: exit<--[HERE]
[05:30:01] [Server thread/INFO]: Stopping server
[05:30:01] [Server thread/INFO]: Saving players
[05:30:01] [Server thread/INFO]: Saving worlds
[05:30:01] [Server thread/INFO]: Saving chunks for level 'ServerLevel[world]'/minecraft:overworld
[05:30:02] [Server thread/INFO]: ThreadedAnvilChunkStorage (world): All chunks are saved
[05:30:02] [Server thread/INFO]: Saving chunks for level 'ServerLevel[world]'/minecraft:the_nether
[05:30:02] [Server thread/INFO]: ThreadedAnvilChunkStorage (DIM-1): All chunks are saved
[05:30:02] [Server thread/INFO]: Saving chunks for level 'ServerLevel[world]'/minecraft:the_end
[05:30:02] [Server thread/INFO]: ThreadedAnvilChunkStorage (DIM1): All chunks are saved
[05:30:02] [Server thread/INFO]: Backup started by: SERVER on: 2020-07-20_05-30-02
[05:30:02] [Server thread/INFO]: Saving server...
[05:30:03] [Thread-226/INFO]: Starting backup
[05:30:03] [Thread-226/INFO]: Starting compression...
[05:30:52] [Thread-226/INFO]: Compression took: 49.5939538s
[05:30:52] [Thread-226/INFO]: Deleting: 2020-07-19_18-21-43.zip
[05:30:52] [Thread-226/INFO]: Done!
[05:30:52] [Server thread/INFO]: ThreadedAnvilChunkStorage (world): All chunks are saved
[05:30:52] [Server thread/INFO]: ThreadedAnvilChunkStorage (DIM-1): All chunks are saved
[05:30:52] [Server thread/INFO]: ThreadedAnvilChunkStorage (DIM1): All chunks are saved
[05:30:54] [Server thread/INFO]: Thread RCON Listener stopped
