[04:43:12] [main/INFO]: Loading for game Minecraft 1.16.1
[04:43:20] [main/INFO]: [FabricLoader] Loading 51 mods: fabric-renderer-api-v1@0.2.13+eae12eb87c, fabric-keybindings-v0@0.2.0+3fa9f7c57c, fabricloader@0.8.8+build.202, bbor@2.3-1.16.1, com_github_shevek_parallelgzip@master-SNAPSHOT, fabric-containers-v0@0.1.8+045df74f7c, lithium@0.5.0, fabric-dimensions-v1@1.0.0+a71b30537c, fabric-object-builder-api-v1@1.5.5+e00ecb5f7c, fabric-api-base@0.1.3+12a8474c7c, fabric-rendering-data-attachment-v1@0.1.3+b7f9825d7c, fabric-textures-v0@1.0.4+eae12eb87c, fabric-rendering-fluids-v1@0.1.7+12a8474c7c, cotton-logging@1.0.0-rc.4, fabric-blockrenderlayer-v1@1.1.4+c6a8ea897c, fabric-renderer-registries-v1@2.0.1+5a0f9a607c, carpet-extra@1.4.0, fabric-loot-tables-v1@0.1.10+059ea8667c, fabric@0.13.1+build.370-1.16, carpet@1.4.0, fabric-particles-v1@0.2.1+0a6f2a707c, fabric-networking-v0@0.1.10+e00ecb5f7c, cotton-config@1.0.0-rc.7, fabric-networking-blockentity-v0@0.2.5+b50ffc7b7c, minecraft@1.16.1, fabric-screen-handler-api-v1@1.0.1+f362c86e7c, here@0.0.8-mc1.16, fabric-command-api-v1@1.0.8+5ce533987c, jankson@3.0.0+j1.2.0, phosphor@0.6.0+build.7, fabric-tool-attribute-api-v1@1.1.4+5794386e7c, fabric-renderer-indigo@0.3.1+059ea8667c, org_apache_commons_commons-compress@1.19, fabric-biomes-v1@0.2.7+059ea8667c, fabric-events-interaction-v0@0.3.3+7066030f7c, fabric-crash-report-info-v1@0.1.2+b7f9825d7c, fabric-rendering-v0@1.1.0+534104907c, fabric-key-binding-api-v1@1.0.0+e16a97747c, fabric-rendering-v1@1.1.2+346247d77c, org_tukaani_xz@1.8, fabric-resource-loader-v0@0.2.5+059ea8667c, fabric-content-registries-v0@0.1.9+059ea8667c, fabric-tag-extensions-v0@0.2.5+5a6e8f4c7c, fabric-registry-sync-v0@0.3.8+7dba2d6c7c, fabric-commands-v0@0.2.0+52d308367c, textile_backup@1.2.3-1.16.1, fabric-mining-levels-v0@0.1.2+b764ce997c, fabric-events-lifecycle-v0@0.1.3+0d474ec47c, fabric-models-v0@0.1.0+dfdb52d67c, fabric-item-groups-v0@0.2.0+438f96367c, fabric-object-builders-v0@0.6.0+da175ad67c
[04:43:20] [main/WARN]: Mod `com_github_shevek_parallelgzip` (master-SNAPSHOT) does not respect SemVer - comparison support is limited.
[04:43:20] [main/INFO]: SpongePowered MIXIN Subsystem Version=0.8 Source=file:/C:/Server/skimit_survival/fabric-server-launch.jar Service=Knot/Fabric Env=SERVER
[04:43:30] [main/WARN]: @Mixin target net/minecraft/class_3898$class_3208 is public in fabric-networking-v0.mixins.json:MixinEntityTracker and should be specified in value
[04:43:34] [main/WARN]: @Mixin target net[04:44:02] [main/INFO]: Environment: authHost='https://authserver.mojang.com', accountsHost='https://api.mojang.com', sessionHost='https://sessionserver.mojang.com', name='PROD'
[04:44:22] [main/WARN]: Ambiguity between arguments [teleport, destination] and [teleport, targets] with inputs: [Player, 0123, @e, dd12be42-52a9-4a91-a8a1-11c01849e498]
[04:44:22] [main/WARN]: Ambiguity between arguments [teleport, location] and [teleport, destination] with inputs: [0.1 -0.5 .9, 0 0 0]
[04:44:22] [main/WARN]: Ambiguity between arguments [teleport, location] and [teleport, targets] with inputs: [0.1 -0.5 .9, 0 0 0]
[04:44:22] [main/WARN]: Ambiguity between arguments [teleport, targets] and [teleport, destination] with inputs: [Player, 0123, dd12be42-52a9-4a91-a8a1-11c01849e498]
[04:44:22] [main/WARN]: Ambiguity between arguments [teleport, targets, location] and [teleport, targets, destination] with inputs: [0.1 -0.5 .9, 0 0 0]
[04:44:25] [main/INFO]: Reloading ResourceManager: Default, bukkit, Fabric Tool Attribute API (v1), FZ.sDatapack-1.5.0-SNAPSHOT-dev.20200411.0751.zip
[04:44:39] [Worker-Main-2/INFO]: Loaded 7 recipes
[04:44:43] [Worker-Main-2/INFO]: Loaded 927 advancements
[04:44:50] [main/WARN]: [fabric-registry-sync] Could not find the following registries: minecraft:biome_source_type, minecraft:dimension_type, minecraft:chunk_generator_type
[04:44:50] [main/INFO]: [fabric-registry-sync] Loaded registry data [file 1/4]
[04:44:57] [Server thread/INFO]: Starting minecraft server version 1.16.1
[04:44:57] [Server thread/INFO]: Loading properties
[04:44:58] [Server thread/INFO]: Default game type: SURVIVAL
[04:44:58] [Server thread/INFO]: Generating keypair
[04:45:03] [Server thread/INFO]: Starting Minecraft server on *:26565
[04:45:03] [Server thread/INFO]: Using default channel type
[04:45:16] [Server thread/WARN]: **** SERVER IS RUNNING IN OFFLINE/INSECURE MODE!
[04:45:16] [Server thread/WARN]: The server will make no attempt to authenticate usernames. Beware.
[04:45:16] [Server thread/WARN]: While this makes the game possible to play without internet access, it also opens up the ability for hackers to connect with any username they choose.
[04:45:16] [Server thread/WARN]: To change this, set "online-mode" to "true" in the server.properties file.
[04:45:20] [Server thread/INFO]: Preparing level "world"
[04:45:20] [Server thread/INFO]: [CM]: loaded setting commandDraw as false from carpet.conf
[04:45:20] [Server thread/INFO]: [CM]: loaded setting rotatorBlock as true from carpet.conf
[04:45:20] [Server thread/INFO]: [CM]: loaded setting combineXPOrbs as true from carpet.conf
[04:45:20] [Server thread/INFO]: [CM]: loaded setting onePlayerSleeping as true from carpet.conf
[04:45:20] [Server thread/INFO]: [CM]: loaded setting portalSuffocationFix as true from carpet.conf
[04:45:20] [Server thread/INFO]: [CM]: loaded setting leadFix as true from carpet.conf
[04:45:20] [Server thread/INFO]: [CM]: loaded setting antiCheatDisabled as true from carpet.conf
[04:45:20] [Server thread/INFO]: [CM]: loaded setting defaultLoggers as tps,mobcaps from carpet.conf
[04:45:20] [Server thread/INFO]: [CM]: loaded setting unloadedEntityFix as true from carpet.conf
[04:45:20] [Server thread/INFO]: [CM]: loaded setting ctrlQCraftingFix as true from carpet.conf
[04:45:20] [Server thread/INFO]: [CM]: loaded setting language as zh_cn from carpet.conf
[04:45:20] [Server thread/INFO]: [CM]: loaded setting commandTick as false from carpet.conf
[04:45:28] [Server thread/INFO]: create world dimension: minecraft:overworld (seed: 20190827)
[04:45:28] [Server thread/INFO]: create world dimension: minecraft:the_nether (seed: 20190827)
[04:45:28] [Server thread/INFO]: create world dimension: minecraft:the_end (seed: 20190827)
[04:45:28] [Server thread/INFO]: Preparing start region for dimension minecraft:overworld
[04:46:01] [Server thread/INFO]: Preparing spawn area: 0%
[04:46:01] [Server thread/INFO]: Preparing spawn area: 0%
[04:46:01] [Server thread/INFO]: Preparing spawn area: 0%
[04:46:01] [Server thread/INFO]: Preparing spawn area: 0%
[04:46:01] [Server thread/INFO]: Preparing spawn area: 0%
[04:46:01] [Server thread/INFO]: Preparing spawn area: 0%
[04:46:01] [Server thread/INFO]: Preparing spawn area: 0%
[04:46:01] [Server thread/INFO]: Preparing spawn area: 0%
[04:46:01] [Server thread/INFO]: Preparing spawn area: 0%
[04:46:01] [Server thread/INFO]: Preparing spawn area: 0%
[04:46:01] [Server thread/INFO]: Preparing spawn area: 0%
[04:46:01] [Server thread/INFO]: Preparing spawn area: 0%
[04:46:01] [Server thread/INFO]: Preparing spawn area: 0%
[04:46:01] [Server thread/INFO]: Preparing spawn area: 0%
[04:46:01] [Server thread/INFO]: Preparing spawn area: 0%
[04:46:01] [Server thread/INFO]: Preparing spawn area: 0%
[04:46:01] [Server thread/INFO]: Preparing spawn area: 0%
[04:46:01] [Server thread/INFO]: Preparing spawn area: 0%
[04:46:01] [Server thread/INFO]: Preparing spawn area: 0%
[04:46:01] [Server thread/INFO]: Preparing spawn area: 0%
[04:46:01] [Server thread/INFO]: Preparing spawn area: 0%
[04:46:01] [Server thread/INFO]: Preparing spawn area: 0%
[04:46:01] [Server thread/INFO]: Preparing spawn area: 0%
[04:46:01] [Server thread/INFO]: Preparing spawn area: 0%
[04:46:01] [Server thread/INFO]: Preparing spawn area: 0%
[04:46:01] [Server thread/INFO]: Preparing spawn area: 0%
[04:46:01] [Server thread/INFO]: Preparing spawn area: 0%
[04:46:01] [Server thread/INFO]: Preparing spawn area: 0%
[04:46:01] [Server thread/INFO]: Preparing spawn area: 0%
[04:46:01] [Server thread/INFO]: Preparing spawn area: 0%
[04:46:01] [Server thread/INFO]: Preparing spawn area: 0%
[04:46:01] [Server thread/INFO]: Preparing spawn area: 0%
[04:46:01] [Server thread/INFO]: Preparing spawn area: 0%
[04:46:01] [Server thread/INFO]: Preparing spawn area: 0%
[04:46:01] [Server thread/INFO]: Preparing spawn area: 0%
[04:46:01] [Server thread/INFO]: Preparing spawn area: 0%
[04:46:01] [Server thread/INFO]: Preparing spawn area: 0%
[04:46:01] [Server thread/INFO]: Preparing spawn area: 0%
[04:46:01] [Server thread/INFO]: Preparing spawn area: 0%
[04:46:01] [Server thread/INFO]: Preparing spawn area: 0%
[04:46:01] [Server thread/INFO]: Preparing spawn area: 0%
[04:46:01] [Server thread/INFO]: Preparing spawn area: 0%
[04:46:01] [Server thread/INFO]: Preparing spawn area: 0%
[04:46:01] [Server thread/INFO]: Preparing spawn area: 0%
[04:46:01] [Server thread/INFO]: Preparing spawn area: 0%
[04:46:01] [Server thread/INFO]: Preparing spawn area: 0%
[04:46:01] [Server thread/INFO]: Preparing spawn area: 0%
[04:46:01] [Server thread/INFO]: Preparing spawn area: 0%
[04:46:01] [Server thread/INFO]: Preparing spawn area: 0%
[04:46:01] [Server thread/INFO]: Preparing spawn area: 0%
[04:46:01] [Server thread/INFO]: Preparing spawn area: 0%
[04:46:01] [Server thread/INFO]: Preparing spawn area: 0%
[04:46:01] [Server thread/INFO]: Preparing spawn area: 0%
[04:46:01] [Server thread/INFO]: Preparing spawn area: 0%
[04:46:01] [Server thread/INFO]: Preparing spawn area: 0%
[04:46:01] [Server thread/INFO]: Preparing spawn area: 0%
[04:46:01] [Server thread/INFO]: Preparing spawn area: 0%
[04:46:01] [Server thread/INFO]: Preparing spawn area: 0%
[04:46:01] [Server thread/INFO]: Preparing spawn area: 0%
[04:46:01] [Server thread/INFO]: Preparing spawn area: 0%
[04:46:01] [Server thread/INFO]: Preparing spawn area: 0%
[04:46:01] [Server thread/INFO]: Preparing spawn area: 0%
[04:46:01] [Server thread/INFO]: Preparing spawn area: 0%
[04:46:01] [Server thread/INFO]: Preparing spawn area: 0%
[04:46:01] [Server thread/INFO]: Preparing spawn area: 0%
[04:46:01] [Server thread/INFO]: Preparing spawn area: 0%
[04:46:01] [Server thread/INFO]: Preparing spawn area: 0%
[04:46:02] [Server thread/INFO]: Preparing spawn area: 0%
[04:46:03] [Server thread/INFO]: Preparing spawn area: 0%
[04:46:03] [Server thread/INFO]: Preparing spawn area: 0%
[04:46:03] [Server thread/INFO]: Preparing spawn area: 0%
[04:46:03] [Server thread/INFO]: Preparing spawn area: 0%
[04:46:04] [Worker-Main-3/INFO]: Preparing spawn area: 0%
[04:46:04] [Worker-Main-3/INFO]: Preparing spawn area: 0%
[04:46:05] [Worker-Main-3/INFO]: Preparing spawn area: 0%
[04:46:06] [Server thread/INFO]: Preparing spawn area: 0%
[04:46:12] [Server thread/INFO]: Preparing spawn area: 0%
[04:46:12] [Server thread/INFO]: Preparing spawn area: 0%
[04:46:12] [Server thread/INFO]: Preparing spawn area: 0%
[04:46:12] [Server thread/INFO]: Preparing spawn area: 0%
[04:46:12] [Server thread/INFO]: Preparing spawn area: 0%
[04:46:12] [Server thread/INFO]: Preparing spawn area: 0%
[04:46:12] [Server thread/INFO]: Preparing spawn area: 0%
[04:46:12] [Server thread/INFO]: Preparing spawn area: 0%
[04:46:12] [Server thread/INFO]: Preparing spawn area: 0%
[04:46:12] [Server thread/INFO]: Preparing spawn area: 0%
[04:46:12] [Server thread/INFO]: Preparing spawn area: 0%
[04:46:12] [Server thread/INFO]: Preparing spawn area: 0%
[04:46:12] [Server thread/INFO]: Preparing spawn area: 0%
[04:46:15] [Server thread/INFO]: Preparing spawn area: 83%
[04:46:15] [Server thread/INFO]: Preparing spawn area: 83%
[04:46:15] [Server thread/INFO]: Preparing spawn area: 83%
[04:46:15] [Server thread/INFO]: Preparing spawn area: 83%
[04:46:15] [Server thread/INFO]: Preparing spawn area: 83%
[04:46:15] [Server thread/INFO]: Preparing spawn area: 83%
[04:46:32] [Server thread/INFO]: Time elapsed: 64258 ms
[04:46:32] [Server thread/INFO]: Done (71.931s)! For help, type "help"
[04:46:32] [Server thread/INFO]: Starting remote control listener
[04:46:32] [Server thread/INFO]: Thread RCON Listener started
[04:46:33] [RCON Listener #1/INFO]: RCON running on 0.0.0.0:25636
[04:46:36] [Server thread/WARN]: Can't keep up! Is the server overloaded? Running 4115ms or 82 ticks behind
[04:47:17] [Server thread/WARN]: Can't keep up! Is the server overloaded? Running 25757ms or 515 ticks behind
[04:47:36] [Server thread/WARN]: Can't keep up! Is the server overloaded? Running 2135ms or 42 ticks behind
[04:48:58] [Server thread/INFO]: MAX_XiaoKui[/127.0.0.1:53450] logged in with entity id 280 at (-35.712696979186006, 64.0, 251.8064007403808)
[04:48:58] [Netty Server IO #0/WARN]: Received invalid identifier in minecraft:register: legacy:fml|hs (Non [a-z0-9/._-] character in path of location: legacy:fml|hs)
[04:48:59] [Server thread/INFO]: MAX_XiaoKui joined the game
[04:48:59] [Server thread/WARN]: Can't keep up! Is the server overloaded? Running 7901ms or 158 ticks behind
[04:49:02] [Server thread/INFO]: Backup started by: SERVER on: 2020-07-19_04-49-02
[04:49:02] [Server thread/INFO]: Saving server...
[04:49:03] [Netty Server IO #0/INFO]: Player MAX_XiaoKui joined with a matching carpet client
[04:49:13] [Server thread/INFO]: ThreadedAnvilChunkStorage (world): All chunks are saved
[04:49:14] [Server thread/INFO]: ThreadedAnvilChunkStorage (DIM-1): All chunks are saved
[04:49:14] [Server thread/INFO]: ThreadedAnvilChunkStorage (DIM1): All chunks are saved
[04:49:16] [Thread-62/INFO]: Starting backup
[04:49:20] [Thread-62/INFO]: Starting compression...
[04:49:50] [Server thread/WARN]: Can't keep up! Is the server overloaded? Running 35534ms or 710 ticks behind
[04:50:14] [Server thread/WARN]: Can't keep up! Is the server overloaded? Running 9186ms or 183 ticks behind
[04:50:32] [Server thread/WARN]: Can't keep up! Is the server overloaded? Running 2800ms or 56 ticks behind
[04:50:33] [Server thread/INFO]: There are 60 objectives: [totalFished], [tActC], [totalKilled], [HP], [botDeath], [fzversion], [secondsCounter], [diamond_shovel], [统计总量], [iron_axe], [nether_pickaxe], [tDigC], [options], [死亡榜], [tHurtC], [stone_shovel], [displayCleanTime], [cleaner], [actCounter], [tFishC], [diamond_hoe], [scoreSwitch], [挖掘榜], [cleanerMessage], [1], [cleanerBooleans], [leaveGame], [carpet], [cleaned], [活跃度排行(小时)], [nether_hoe], [setCleanTime], [20], [stone_axe], [installed], [iron_hoe], [totalDug], [totalActivation], [nether_axe], [nether_shovel], [钓鱼榜], [tKillC], [死亡榜], [diamond_axe], [iron_pickaxe], [击杀榜], [stone_pickaxe], [totalTraded], [石头挖掘榜], [totalDeath], [totalHurt], [timeCounter], [diamond_pickaxe], [HP], [tTradeC], [stone_hoe], [iron_shovel], [PY榜], [tDeathC], [奥利给榜(受伤害*10)]
[04:50:39] [Server thread/INFO]: MAX_XiaoKui lost connection: Disconnected
[04:50:39] [Server thread/INFO]: MAX_XiaoKui left the game
[04:50:59] [Server thread/WARN]: Can't keep up! Is the server overloaded? Running 12109ms or 242 ticks behind
[04:51:18] [Server thread/WARN]: Can't keep up! Is the server overloaded? Running 3123ms or 62 ticks behind
[04:51:28] [Server thread/INFO]: Expected whitespace to end one argument, but found trailing data
[04:51:28] [Server thread/INFO]: ...es remove [石头挖掘榜]<--[HERE]
[04:51:46] [Server thread/INFO]: Removed objective [石头挖掘榜]
[04:52:32] [Thread-62/INFO]: Compression took: 191.7546058s
[04:52:32] [Thread-62/INFO]: Deleting: 2020-07-19_03-58-50.zip
[04:52:32] [Thread-62/INFO]: Deleting: 2020-07-19_04-00-24#shutdown.zip
[04:52:32] [Thread-62/INFO]: Done!
[05:25:02] [Server thread/INFO]: [Server] 服务器将在5分钟后关闭备份存档，6:01继续开启
[05:30:01] [Server thread/INFO]: Stopping the server
[05:30:01] [Server thread/INFO]: Unknown or incomplete command, see below for error
[05:30:01] [Server thread/INFO]: end<--[HERE]
[05:30:01] [Server thread/INFO]: Unknown or incomplete command, see below for error
[05:30:01] [Server thread/INFO]: exit<--[HERE]
[05:30:01] [Server thread/INFO]: Stopping server
[05:30:01] [Server thread/INFO]: Saving players
[05:30:01] [Server thread/INFO]: Saving worlds
[05:30:01] [Server thread/INFO]: Saving chunks for level 'ServerLevel[world]'/minecraft:overworld
[05:30:02] [Server thread/INFO]: ThreadedAnvilChunkStorage (world): All chunks are saved
[05:30:02] [Server thread/INFO]: Saving chunks for level 'ServerLevel[world]'/minecraft:the_nether
[05:30:02] [Server thread/INFO]: ThreadedAnvilChunkStorage (DIM-1): All chunks are saved
[05:30:02] [Server thread/INFO]: Saving chunks for level 'ServerLevel[world]'/minecraft:the_end
[05:30:02] [Server thread/INFO]: ThreadedAnvilChunkStorage (DIM1): All chunks are saved
[05:30:02] [Server thread/INFO]: Backup started by: SERVER on: 2020-07-19_05-30-02
[05:30:02] [Server thread/INFO]: Saving server...
[05:30:03] [Thread-83/INFO]: Starting backup
[05:30:03] [Thread-83/INFO]: Starting compression...
[05:31:16] [Thread-83/INFO]: Compression took: 73.5033268s
[05:31:16] [Thread-83/INFO]: Deleting: 2020-07-19_04-19-21.zip
[05:31:16] [Thread-83/INFO]: Done!
[05:31:17] [Server thread/INFO]: ThreadedAnvilChunkStorage (world): All chunks are saved
[05:31:17] [Server thread/INFO]: ThreadedAnvilChunkStorage (DIM-1): All chunks are saved
[05:31:17] [Server thread/INFO]: ThreadedAnvilChunkStorage (DIM1): All chunks are saved
[05:31:17] [Server thread/INFO]: Thread RCON Listener stopped
