[00:00:00] [Server thread/INFO]: Player shuijiao is already logged on
[00:10:00] [Server thread/INFO]: Player shuijiao is already logged on
[00:20:00] [Server thread/INFO]: Player shuijiao is already logged on
[00:30:00] [Server thread/INFO]: Player shuijiao is already logged on
[00:40:00] [Server thread/INFO]: Player shuijiao is already logged on
[00:50:00] [Server thread/INFO]: Player shuijiao is already logged on
[01:00:00] [Server thread/INFO]: Player shuijiao is already logged on
[01:10:00] [Server thread/INFO]: Player shuijiao is already logged on
[01:10:00] [Server thread/INFO]: [Textile Backup] Backup started by: Timer on: 2020-11-20_01-10-00
[01:10:00] [Server thread/INFO]: Saving server...
[01:10:00] [Server thread/INFO]: [Textile Backup] Saving server...
[01:10:00] [Server thread/INFO]: ThreadedAnvilChunkStorage (world): All chunks are saved
[01:10:00] [Server thread/INFO]: ThreadedAnvilChunkStorage (DIM-1): All chunks are saved
[01:10:00] [Server thread/INFO]: ThreadedAnvilChunkStorage (DIM1): All chunks are saved
[01:10:00] [pool-3-thread-1/INFO]: Starting backup
[01:10:00] [pool-3-thread-1/INFO]: [Textile Backup] Starting backup
[01:10:00] [pool-3-thread-1/INFO]: Starting compression...
[01:11:05] [pool-3-thread-1/INFO]: Compression took: 01:04.426 seconds.
[01:11:05] [pool-3-thread-1/INFO]: Deleting: 2020-11-15_05-36-51#shutdown.zip
[01:11:05] [pool-3-thread-1/INFO]: [Textile Backup] Deleting: 2020-11-15_05-36-51#shutdown.zip
[01:11:05] [pool-3-thread-1/INFO]: Done!
[01:11:05] [pool-3-thread-1/INFO]: [Textile Backup] Done!
[01:20:00] [Server thread/INFO]: Player shuijiao is already logged on
[01:30:00] [Server thread/INFO]: Player shuijiao is already logged on
[01:40:00] [Server thread/INFO]: Player shuijiao is already logged on
[01:50:00] [Server thread/INFO]: Player shuijiao is already logged on
[02:00:00] [Server thread/INFO]: Player shuijiao is already logged on
[02:10:00] [Server thread/INFO]: Player shuijiao is already logged on
[02:20:00] [Server thread/INFO]: Player shuijiao is already logged on
[02:30:00] [Server thread/INFO]: Player shuijiao is already logged on
[02:40:00] [Server thread/INFO]: Player shuijiao is already logged on
[02:50:00] [Server thread/INFO]: Player shuijiao is already logged on
[03:00:00] [Server thread/INFO]: Player shuijiao is already logged on
[03:10:00] [Server thread/INFO]: Player shuijiao is already logged on
[03:20:00] [Server thread/INFO]: Player shuijiao is already logged on
[03:30:00] [Server thread/INFO]: Player shuijiao is already logged on
[03:40:00] [Server thread/INFO]: Player shuijiao is already logged on
[03:50:00] [Server thread/INFO]: Player shuijiao is already logged on
[04:00:00] [Server thread/INFO]: Player shuijiao is already logged on
[04:10:00] [Server thread/INFO]: Player shuijiao is already logged on
[04:20:00] [Server thread/INFO]: Player shuijiao is already logged on
[04:29:05] [Server thread/WARN]: Can't keep up! Is the server overloaded? Running 55502ms or 1110 ticks behind
[04:29:26] [Server thread/WARN]: Can't keep up! Is the server overloaded? Running 5827ms or 116 ticks behind
[04:30:00] [Server thread/INFO]: Player shuijiao is already logged on
[04:40:00] [Server thread/INFO]: Player shuijiao is already logged on
[04:50:00] [Server thread/INFO]: Player shuijiao is already logged on
[05:00:00] [Server thread/INFO]: Player shuijiao is already logged on
[05:10:00] [Server thread/INFO]: Player shuijiao is already logged on
[05:10:00] [Server thread/INFO]: [Textile Backup] Backup started by: Timer on: 2020-11-20_05-10-00
[05:10:00] [Server thread/INFO]: Saving server...
[05:10:00] [Server thread/INFO]: [Textile Backup] Saving server...
[05:10:00] [Server thread/INFO]: ThreadedAnvilChunkStorage (world): All chunks are saved
[05:10:00] [Server thread/INFO]: ThreadedAnvilChunkStorage (DIM-1): All chunks are saved
[05:10:00] [Server thread/INFO]: ThreadedAnvilChunkStorage (DIM1): All chunks are saved
[05:10:00] [pool-3-thread-1/INFO]: Starting backup
[05:10:00] [pool-3-thread-1/INFO]: [Textile Backup] Starting backup
[05:10:00] [pool-3-thread-1/INFO]: Starting compression...
[05:11:05] [pool-3-thread-1/INFO]: Compression took: 01:05.426 seconds.
[05:11:05] [pool-3-thread-1/INFO]: Deleting: 2020-11-15_05-41-36#shutdown.zip
[05:11:05] [pool-3-thread-1/INFO]: [Textile Backup] Deleting: 2020-11-15_05-41-36#shutdown.zip
[05:11:05] [pool-3-thread-1/INFO]: Done!
[05:11:05] [pool-3-thread-1/INFO]: [Textile Backup] Done!
[05:20:00] [Server thread/INFO]: Player shuijiao is already logged on
[05:30:00] [Server thread/INFO]: Player shuijiao is already logged on
[05:40:00] [Server thread/INFO]: Player shuijiao is already logged on
[05:50:00] [Server thread/INFO]: Player shuijiao is already logged on
[06:00:00] [Server thread/INFO]: Player shuijiao is already logged on
[06:10:00] [Server thread/INFO]: Player shuijiao is already logged on
[06:20:00] [Server thread/INFO]: Player shuijiao is already logged on
[06:30:00] [Server thread/INFO]: Player shuijiao is already logged on
[06:40:00] [Server thread/INFO]: Player shuijiao is already logged on
[06:50:00] [Server thread/INFO]: Player shuijiao is already logged on
[07:00:00] [Server thread/INFO]: Player shuijiao is already logged on
[07:10:00] [Server thread/INFO]: Player shuijiao is already logged on
[07:20:00] [Server thread/INFO]: Player shuijiao is already logged on
[07:27:08] [Server thread/WARN]: Fetching packet for removed entity class_1542['Air'/49553, l='ServerLevel[world]', x=-85.44, y=7.00, z=279.16]
[07:29:03] [Server thread/WARN]: Fetching packet for removed entity class_1542['Air'/49680, l='ServerLevel[world]', x=-87.02, y=7.00, z=283.60]
[07:30:00] [Server thread/INFO]: Player shuijiao is already logged on
[07:40:00] [Server thread/INFO]: Player shuijiao is already logged on
[07:50:00] [Server thread/INFO]: Player shuijiao is already logged on
[08:00:00] [Server thread/INFO]: Player shuijiao is already logged on
[08:10:00] [Server thread/INFO]: Player shuijiao is already logged on
[08:20:00] [Server thread/INFO]: Player shuijiao is already logged on
[08:30:00] [Server thread/INFO]: Player shuijiao is already logged on
[08:40:00] [Server thread/INFO]: Player shuijiao is already logged on
[08:50:00] [Server thread/INFO]: Player shuijiao is already logged on
[09:00:00] [Server thread/INFO]: Player shuijiao is already logged on
[09:10:00] [Server thread/INFO]: Player shuijiao is already logged on
[09:10:00] [Server thread/INFO]: [Textile Backup] Backup started by: Timer on: 2020-11-20_09-10-00
[09:10:00] [Server thread/INFO]: Saving server...
[09:10:00] [Server thread/INFO]: [Textile Backup] Saving server...
[09:10:00] [Server thread/INFO]: ThreadedAnvilChunkStorage (world): All chunks are saved
[09:10:00] [Server thread/INFO]: ThreadedAnvilChunkStorage (DIM-1): All chunks are saved
[09:10:00] [Server thread/INFO]: ThreadedAnvilChunkStorage (DIM1): All chunks are saved
[09:10:00] [pool-3-thread-1/INFO]: Starting backup
[09:10:00] [pool-3-thread-1/INFO]: [Textile Backup] Starting backup
[09:10:00] [pool-3-thread-1/INFO]: Starting compression...
[09:11:04] [pool-3-thread-1/INFO]: Compression took: 01:04.452 seconds.
[09:11:04] [pool-3-thread-1/INFO]: Deleting: 2020-11-15_05-46-21#shutdown.zip
[09:11:04] [pool-3-thread-1/INFO]: [Textile Backup] Deleting: 2020-11-15_05-46-21#shutdown.zip
[09:11:04] [pool-3-thread-1/INFO]: Done!
[09:11:04] [pool-3-thread-1/INFO]: [Textile Backup] Done!
[09:20:00] [Server thread/INFO]: Player shuijiao is already logged on
[09:30:00] [Server thread/INFO]: Player shuijiao is already logged on
[09:40:00] [Server thread/INFO]: Player shuijiao is already logged on
[09:50:00] [Server thread/INFO]: Player shuijiao is already logged on
[10:00:00] [Server thread/INFO]: Player shuijiao is already logged on
[10:10:00] [Server thread/INFO]: Player shuijiao is already logged on
[10:20:00] [Server thread/INFO]: Player shuijiao is already logged on
[10:30:00] [Server thread/INFO]: Player shuijiao is already logged on
[10:40:00] [Server thread/INFO]: Player shuijiao is already logged on
[10:50:00] [Server thread/INFO]: Player shuijiao is already logged on
[11:00:00] [Server thread/INFO]: Player shuijiao is already logged on
[11:10:00] [Server thread/INFO]: Player shuijiao is already logged on
[11:20:00] [Server thread/INFO]: Player shuijiao is already logged on
[11:30:00] [Server thread/INFO]: Player shuijiao is already logged on
[11:40:00] [Server thread/INFO]: Player shuijiao is already logged on
[11:50:00] [Server thread/INFO]: Player shuijiao is already logged on
[12:00:00] [Server thread/INFO]: Player shuijiao is already logged on
[12:10:00] [Server thread/INFO]: Player shuijiao is already logged on
[12:20:00] [Server thread/INFO]: Player shuijiao is already logged on
[12:30:00] [Server thread/INFO]: Player shuijiao is already logged on
[12:40:00] [Server thread/INFO]: Player shuijiao is already logged on
[12:50:00] [Server thread/INFO]: Player shuijiao is already logged on
[13:00:00] [Server thread/INFO]: Player shuijiao is already logged on
[13:10:00] [Server thread/INFO]: Player shuijiao is already logged on
[13:10:00] [Server thread/INFO]: [Textile Backup] Backup started by: Timer on: 2020-11-20_13-10-00
[13:10:00] [Server thread/INFO]: Saving server...
[13:10:00] [Server thread/INFO]: [Textile Backup] Saving server...
[13:10:00] [Server thread/INFO]: ThreadedAnvilChunkStorage (world): All chunks are saved
[13:10:00] [Server thread/INFO]: ThreadedAnvilChunkStorage (DIM-1): All chunks are saved
[13:10:00] [Server thread/INFO]: ThreadedAnvilChunkStorage (DIM1): All chunks are saved
[13:10:00] [pool-3-thread-1/INFO]: Starting backup
[13:10:00] [pool-3-thread-1/INFO]: [Textile Backup] Starting backup
[13:10:00] [pool-3-thread-1/INFO]: Starting compression...
[13:11:05] [pool-3-thread-1/INFO]: Compression took: 01:05.123 seconds.
[13:11:05] [pool-3-thread-1/INFO]: Deleting: 2020-11-15_05-51-11#shutdown.zip
[13:11:05] [pool-3-thread-1/INFO]: [Textile Backup] Deleting: 2020-11-15_05-51-11#shutdown.zip
[13:11:05] [pool-3-thread-1/INFO]: Done!
[13:11:05] [pool-3-thread-1/INFO]: [Textile Backup] Done!
[13:20:00] [Server thread/INFO]: Player shuijiao is already logged on
[13:23:20] [Server thread/WARN]: Fetching packet for removed entity class_1542['Air'/76919, l='ServerLevel[world]', x=-90.63, y=7.00, z=282.46]
[13:30:00] [Server thread/INFO]: Player shuijiao is already logged on
[13:40:00] [Server thread/INFO]: Player shuijiao is already logged on
[13:50:00] [Server thread/INFO]: Player shuijiao is already logged on
[14:00:00] [Server thread/INFO]: Player shuijiao is already logged on
[14:02:57] [Server thread/WARN]: Can't keep up! Is the server overloaded? Running 45037ms or 900 ticks behind
[14:03:25] [Server thread/WARN]: Can't keep up! Is the server overloaded? Running 13329ms or 266 ticks behind
[14:10:00] [Server thread/INFO]: Player shuijiao is already logged on
[14:20:00] [Server thread/INFO]: Player shuijiao is already logged on
[14:30:00] [Server thread/INFO]: Player shuijiao is already logged on
[14:40:00] [Server thread/INFO]: Player shuijiao is already logged on
[14:50:00] [Server thread/INFO]: Player shuijiao is already logged on
[15:00:00] [Server thread/INFO]: Player shuijiao is already logged on
[15:10:00] [Server thread/INFO]: Player shuijiao is already logged on
[15:20:00] [Server thread/INFO]: Player shuijiao is already logged on
[15:30:00] [Server thread/INFO]: Player shuijiao is already logged on
[15:39:30] [Server thread/WARN]: Fetching packet for removed entity class_1542['Air'/86795, l='ServerLevel[world]', x=-79.83, y=5.00, z=276.74]
[15:40:00] [Server thread/INFO]: Player shuijiao is already logged on
[15:50:00] [Server thread/INFO]: Player shuijiao is already logged on
[16:00:00] [Server thread/INFO]: Player shuijiao is already logged on
[16:10:00] [Server thread/INFO]: Player shuijiao is already logged on
[16:20:00] [Server thread/INFO]: Player shuijiao is already logged on
[16:30:00] [Server thread/INFO]: Player shuijiao is already logged on
[16:40:00] [Server thread/INFO]: Player shuijiao is already logged on
[16:50:00] [Server thread/INFO]: Player shuijiao is already logged on
[17:00:00] [Server thread/INFO]: Player shuijiao is already logged on
[17:10:00] [Server thread/INFO]: [Textile Backup] Backup started by: Timer on: 2020-11-20_17-10-00
[17:10:00] [Server thread/INFO]: Saving server...
[17:10:00] [Server thread/INFO]: [Textile Backup] Saving server...
[17:10:00] [Server thread/INFO]: ThreadedAnvilChunkStorage (world): All chunks are saved
[17:10:00] [Server thread/INFO]: ThreadedAnvilChunkStorage (DIM-1): All chunks are saved
[17:10:00] [Server thread/INFO]: ThreadedAnvilChunkStorage (DIM1): All chunks are saved
[17:10:00] [Server thread/INFO]: Player shuijiao is already logged on
[17:10:00] [pool-3-thread-1/INFO]: Starting backup
[17:10:00] [pool-3-thread-1/INFO]: [Textile Backup] Starting backup
[17:10:00] [pool-3-thread-1/INFO]: Starting compression...
[17:11:06] [pool-3-thread-1/INFO]: Compression took: 01:06.171 seconds.
[17:11:06] [pool-3-thread-1/INFO]: Deleting: 2020-11-15_05-55-39#shutdown.zip
[17:11:06] [pool-3-thread-1/INFO]: [Textile Backup] Deleting: 2020-11-15_05-55-39#shutdown.zip
[17:11:06] [pool-3-thread-1/INFO]: Done!
[17:11:06] [pool-3-thread-1/INFO]: [Textile Backup] Done!
[17:20:00] [Server thread/INFO]: Player shuijiao is already logged on
[17:30:00] [Server thread/INFO]: Player shuijiao is already logged on
[17:40:00] [Server thread/INFO]: Player shuijiao is already logged on
[17:50:00] [Server thread/INFO]: Player shuijiao is already logged on
[18:00:00] [Server thread/INFO]: Player shuijiao is already logged on
[18:07:18] [Server thread/WARN]: Can't keep up! Is the server overloaded? Running 2741ms or 54 ticks behind
[18:10:00] [Server thread/INFO]: Player shuijiao is already logged on
[18:20:00] [Server thread/INFO]: Player shuijiao is already logged on
[18:30:00] [Server thread/INFO]: Player shuijiao is already logged on
[18:40:00] [Server thread/INFO]: Player shuijiao is already logged on
[18:50:00] [Server thread/INFO]: Player shuijiao is already logged on
[19:00:00] [Server thread/INFO]: Player shuijiao is already logged on
[19:10:00] [Server thread/INFO]: Player shuijiao is already logged on
[19:20:00] [Server thread/INFO]: Player shuijiao is already logged on
[19:30:00] [Server thread/INFO]: Player shuijiao is already logged on
[19:40:00] [Server thread/INFO]: Player shuijiao is already logged on
[19:50:00] [Server thread/INFO]: Player shuijiao is already logged on
[20:00:00] [Server thread/INFO]: Player shuijiao is already logged on
[20:10:00] [Server thread/INFO]: Player shuijiao is already logged on
[20:20:00] [Server thread/INFO]: Player shuijiao is already logged on
[20:30:00] [Server thread/INFO]: Player shuijiao is already logged on
[20:40:00] [Server thread/INFO]: Player shuijiao is already logged on
[20:50:00] [Server thread/INFO]: Player shuijiao is already logged on
[21:00:00] [Server thread/INFO]: Player shuijiao is already logged on
[21:10:00] [Server thread/INFO]: Player shuijiao is already logged on
[21:10:00] [Server thread/INFO]: [Textile Backup] Backup started by: Timer on: 2020-11-20_21-10-00
[21:10:00] [Server thread/INFO]: Saving server...
[21:10:00] [Server thread/INFO]: [Textile Backup] Saving server...
[21:10:00] [Server thread/INFO]: ThreadedAnvilChunkStorage (world): All chunks are saved
[21:10:00] [Server thread/INFO]: ThreadedAnvilChunkStorage (DIM-1): All chunks are saved
[21:10:00] [Server thread/INFO]: ThreadedAnvilChunkStorage (DIM1): All chunks are saved
[21:10:00] [pool-3-thread-1/INFO]: Starting backup
[21:10:00] [pool-3-thread-1/INFO]: [Textile Backup] Starting backup
[21:10:00] [pool-3-thread-1/INFO]: Starting compression...
[21:11:13] [Server thread/WARN]: Can't keep up! Is the server overloaded? Running 4661ms or 93 ticks behind
[21:11:41] [pool-3-thread-1/INFO]: Compression took: 01:41.553 seconds.
[21:11:42] [pool-3-thread-1/INFO]: Deleting: 2020-11-15_06-00-20#shutdown.zip
[21:11:42] [pool-3-thread-1/INFO]: [Textile Backup] Deleting: 2020-11-15_06-00-20#shutdown.zip
[21:11:42] [pool-3-thread-1/INFO]: Done!
[21:11:42] [pool-3-thread-1/INFO]: [Textile Backup] Done!
[21:12:00] [Server thread/WARN]: Can't keep up! Is the server overloaded? Running 8313ms or 166 ticks behind
[21:12:38] [Server thread/WARN]: Can't keep up! Is the server overloaded? Running 23697ms or 473 ticks behind
[21:15:40] [Server Watchdog/FATAL]: A single server tick took 60.27 seconds (should be max 0.05)
[21:17:06] [Server Watchdog/FATAL]: Considering it to be crashed, server will forcibly shutdown.
