[12:01:07] [main/INFO]: Loading for game Minecraft 1.15.2
[12:01:11] [main/WARN]: Mod `jankson` (2.0.0+j1.2.0) uses 'requires' key in fabric.mod.json, which is not supported - use 'depends'
[12:01:11] [main/INFO]: [FabricLoader] Loading 40 mods: minecraft@1.15.2, fabric-networking-blockentity-v0@0.2.3+e08a73050c, fabric-renderer-api-v1@0.2.10+f08b61330c, fabric-keybindings-v0@0.1.1+dfdb52d60c, jankson@2.0.0+j1.2.0, fabricloader@0.7.8+build.189, fabric-renderer-indigo@0.2.23+9290e2ed0c, fabric-containers-v0@0.1.3+b7f9825d0c, fabric-dimensions-v1@0.3.0+2ad156310c, org_apache_commons_commons-compress@1.9, fabric-biomes-v1@0.1.5+3b05f68e0c, fabric-events-interaction-v0@0.3.0+fac69e320c, fabric-crash-report-info-v1@0.1.2+b7f9825d0c, fabric-api-base@0.1.2+b7f9825d0c, fabric-rendering-v0@1.1.0+534104900c, fabric-rendering-v1@0.1.0+534104900c, fabric-rendering-data-attachment-v1@0.1.3+b7f9825d0c, fabric-resource-loader-v0@0.1.10+06c939b30c, fabric-textures-v0@1.0.4+821cdba70c, fabric-content-registries-v0@0.1.3+b7f9825d0c, fabric-tag-extensions-v0@0.1.3+abd915800c, fabric-rendering-fluids-v1@0.1.6+12515ed90c, fabric-commands-v0@0.1.2+b7f9825d0c, fabric-registry-sync-v0@0.2.6+f3d8141b0c, cotton-logging@1.0.0-rc.4, fabric-blockrenderlayer-v1@1.1.4+c6a8ea890c, textile_backup@1.1.0-1.15, fabric-mining-levels-v0@0.1.1+b7f9825d0c, fabric-renderer-registries-v1@2.0.1+5a0f9a600c, carpet-extra@1.3.15, fabric-events-lifecycle-v0@0.1.2+b7f9825d0c, fabric-loot-tables-v1@0.1.5+e08a73050c, fabric@0.5.1+build.294-1.15, carpet@1.3.15, fabric-item-groups-v0@0.1.6+ec40b2e10c, fabric-models-v0@0.1.0+dfdb52d60c, fabric-particles-v1@0.1.1+dfdb52d60c, fabric-networking-v0@0.1.7+12515ed90c, fabric-object-builders-v0@0.1.3+e4c9a9c30c, cotton-config@1.0.0-rc.7
[12:01:11] [main/INFO]: SpongePowered MIXIN Subsystem Version=0.8 Source=file:/C:/Server/skimit_survival/fabric-server-launch.jar Service=Knot/Fabric Env=SERVER
[12:02:37] [main/WARN]: Ambiguity between arguments [teleport, destination] and [teleport, targets] with inputs: [Player, 0123, @e, dd12be42-52a9-4a91-a8a1-11c01849e498]
[12:02:37] [main/WARN]: Ambiguity between arguments [teleport, location] and [teleport, destination] with inputs: [0.1 -0.5 .9, 0 0 0]
[12:02:37] [main/WARN]: Ambiguity between arguments [teleport, location] and [teleport, targets] with inputs: [0.1 -0.5 .9, 0 0 0]
[12:02:37] [main/WARN]: Ambiguity between arguments [teleport, targets] and [teleport, destination] with inputs: [Player, 0123, dd12be42-52a9-4a91-a8a1-11c01849e498]
[12:02:37] [main/WARN]: Ambiguity between arguments [teleport, targets, location] and [teleport, targets, destination] with inputs: [0.1 -0.5 .9, 0 0 0]
[12:02:40] [main/INFO]: [TextileBackup]: Loading TextileBackup by Szum123321
[12:02:42] [Server thread/INFO]: Starting minecraft server version 1.15.2
[12:02:42] [Server thread/INFO]: Loading properties
[12:02:42] [Server thread/INFO]: Default game type: SURVIVAL
[12:02:42] [Server thread/INFO]: Generating keypair
[12:02:42] [Server thread/INFO]: Starting Minecraft server on *:26565
[12:02:42] [Server thread/INFO]: Using default channel type
[12:02:43] [Server thread/WARN]: **** SERVER IS RUNNING IN OFFLINE/INSECURE MODE!
[12:02:43] [Server thread/WARN]: The server will make no attempt to authenticate usernames. Beware.
[12:02:43] [Server thread/WARN]: While this makes the game possible to play without internet access, it also opens up the ability for hackers to connect with any username they choose.
[12:02:43] [Server thread/WARN]: To change this, set "online-mode" to "true" in the server.properties file.
[12:02:44] [Server thread/INFO]: Preparing level "skimit"
[12:02:44] [Server thread/INFO]: [CM]: loaded setting commandDraw as false from carpet.conf
[12:02:44] [Server thread/INFO]: [CM]: loaded setting rotatorBlock as true from carpet.conf
[12:02:44] [Server thread/INFO]: [CM]: loaded setting combineXPOrbs as true from carpet.conf
[12:02:44] [Server thread/INFO]: [CM]: loaded setting onePlayerSleeping as true from carpet.conf
[12:02:44] [Server thread/INFO]: [CM]: loaded setting portalSuffocationFix as true from carpet.conf
[12:02:44] [Server thread/INFO]: [CM]: loaded setting leadFix as true from carpet.conf
[12:02:44] [Server thread/INFO]: [CM]: loaded setting antiCheatDisabled as true from carpet.conf
[12:02:44] [Server thread/INFO]: [CM]: loaded setting defaultLoggers as tps from carpet.conf
[12:02:44] [Server thread/INFO]: [CM]: loaded setting commandCameramode as false from carpet.conf
[12:02:44] [Server thread/INFO]: [CM]: loaded setting unloadedEntityFix as true from carpet.conf
[12:02:44] [Server thread/INFO]: [CM]: loaded setting ctrlQCraftingFix as true from carpet.conf
[12:02:45] [Server thread/INFO]: [fabric-registry-sync] Loaded registry data [file 1/4]
[12:02:45] [Server thread/INFO]: Reloading ResourceManager: Default, bukkit, Fabric Mining Levels (v0)
[12:02:47] [Server thread/INFO]: Loaded 6 recipes
[12:02:49] [Server thread/INFO]: Loaded 825 advancements
[12:02:50] [Server thread/INFO]: Preparing start region for dimension minecraft:overworld
[12:02:54] [Server thread/INFO]: Preparing spawn area: 0%
[12:02:54] [Server thread/INFO]: Preparing spawn area: 0%
[12:02:54] [Server thread/INFO]: Preparing spawn area: 0%
[12:02:54] [Server thread/INFO]: Preparing spawn area: 0%
[12:02:54] [Server thread/INFO]: Preparing spawn area: 0%
[12:02:54] [Server thread/INFO]: Preparing spawn area: 0%
[12:02:54] [Server thread/INFO]: Preparing spawn area: 0%
[12:02:54] [Server thread/INFO]: Preparing spawn area: 0%
[12:02:54] [Server thread/INFO]: Preparing spawn area: 0%
[12:02:54] [Server thread/INFO]: Preparing spawn area: 0%
[12:02:55] [Server-Worker-2/INFO]: Preparing spawn area: 0%
[12:02:55] [Server-Worker-2/INFO]: Preparing spawn area: 0%
[12:02:56] [Server-Worker-2/INFO]: Preparing spawn area: 0%
[12:02:56] [Server-Worker-2/INFO]: Preparing spawn area: 0%
[12:02:57] [Server-Worker-2/INFO]: Preparing spawn area: 0%
[12:02:57] [Server-Worker-2/INFO]: Preparing spawn area: 0%
[12:02:58] [Server thread/INFO]: Preparing spawn area: 0%
[12:02:59] [Server thread/INFO]: Time elapsed: 9022 ms
[12:02:59] [Server thread/INFO]: Done (15.152s)! For help, type "help"
[12:02:59] [Server thread/INFO]: Starting remote control listener
[12:02:59] [RCON Listener #1/INFO]: RCON running on 0.0.0.0:25636
[12:03:01] [Server thread/WARN]: Can't keep up! Is the server overloaded? Running 2557ms or 51 ticks behind
[12:03:26] [Server thread/INFO]: ChengXi123[/127.0.0.1:55174] logged in with entity id 153 at (-371.5, 69.6875, 499.5)
[12:03:26] [Netty Server IO #0/WARN]: Received invalid identifier in minecraft:register: legacy:fml|hs (Non [a-z0-9/._-] character in path of location: legacy:fml|hs)
[12:03:26] [Server thread/INFO]: ChengXi123 joined the game
[12:03:27] [Server thread/INFO]: [TextileBackup]: Backup started by: SERVER on: 2020-04-16_12-03-27
[12:03:27] [Server thread/INFO]: [TextileBackup]: Saving server...
[12:03:29] [Server thread/WARN]: Can't keep up! Is the server overloaded? Running 3277ms or 65 ticks behind
[12:03:29] [Thread-50/INFO]: [TextileBackup]: Starting compression...
[12:03:48] [Server thread/WARN]: Can't keep up! Is the server overloaded? Running 3827ms or 76 ticks behind
[12:04:17] [Server thread/WARN]: Can't keep up! Is the server overloaded? Running 14028ms or 280 ticks behind
[12:04:40] [Server thread/WARN]: Can't keep up! Is the server overloaded? Running 2916ms or 58 ticks behind
[12:04:53] [Server thread/INFO]: ChengXi123 lost connection: Disconnected
[12:04:53] [Server thread/INFO]: ChengXi123 left the game
[12:04:58] [Server thread/WARN]: Can't keep up! Is the server overloaded? Running 2311ms or 46 ticks behind
[12:05:18] [Thread-50/INFO]: [TextileBackup]: Compression finished
[12:05:18] [Thread-50/INFO]: [TextileBackup]: Deleting: 2020-04-15_14-05-58.zip
[12:05:18] [Thread-50/INFO]: [TextileBackup]: Deleting: 2020-04-15_16-00-52.zip
[12:05:18] [Thread-50/INFO]: [TextileBackup]: Done!
[12:09:16] [Server thread/INFO]: xiaolouQAQ[/127.0.0.1:55387] logged in with entity id 755 at (-511.626275671401, 12.0, 493.02160534184867)
[12:09:16] [Netty Server IO #0/WARN]: Received invalid identifier in minecraft:register: legacy:fml|hs (Non [a-z0-9/._-] character in path of location: legacy:fml|hs)
[12:09:16] [Server thread/INFO]: xiaolouQAQ joined the game
[12:21:42] [Server thread/INFO]: ChengXi123[/127.0.0.1:55841] logged in with entity id 2862 at (255.7117593057343, 69.5, 224.62412527112008)
[12:21:42] [Server thread/INFO]: ChengXi123 joined the game
[12:21:43] [Netty Server IO #1/WARN]: Received invalid identifier in minecraft:register: legacy:fml|hs (Non [a-z0-9/._-] character in path of location: legacy:fml|hs)
[12:23:30] [Server thread/WARN]: Can't keep up! Is the server overloaded? Running 2246ms or 44 ticks behind
[12:24:27] [Server thread/INFO]: <ChengXi123> 下午见
[12:24:30] [Server thread/INFO]: ChengXi123 lost connection: Disconnected
[12:24:30] [Server thread/INFO]: ChengXi123 left the game
[12:24:30] [Server thread/INFO]: <xiaolouQAQ> en
[12:28:35] [Server thread/WARN]: Can't keep up! Is the server overloaded? Running 2468ms or 49 ticks behind
[12:38:35] [Server thread/WARN]: Can't keep up! Is the server overloaded? Running 2133ms or 42 ticks behind
[12:58:38] [Server thread/WARN]: Can't keep up! Is the server overloaded? Running 2068ms or 41 ticks behind
[13:02:32] [Server thread/INFO]: xiaolouQAQ has reached the goal [Zombie Doctor]
[13:03:25] [Server thread/INFO]: [TextileBackup]: Backup started by: SERVER on: 2020-04-16_13-03-25
[13:03:25] [Server thread/INFO]: [TextileBackup]: Saving server...
[13:03:27] [Thread-51/INFO]: [TextileBackup]: Starting compression...
[13:03:27] [Server thread/WARN]: Can't keep up! Is the server overloaded? Running 2208ms or 44 ticks behind
[13:03:46] [Server thread/WARN]: Can't keep up! Is the server overloaded? Running 3606ms or 72 ticks behind
[13:04:05] [Server thread/WARN]: Can't keep up! Is the server overloaded? Running 2076ms or 41 ticks behind
[13:04:15] [Server thread/INFO]: xiaolouQAQ lost connection: Disconnected
[13:04:15] [Server thread/INFO]: xiaolouQAQ left the game
[13:04:43] [Thread-51/INFO]: [TextileBackup]: Compression finished
[13:04:43] [Thread-51/INFO]: [TextileBackup]: Deleting: 2020-04-15_17-53-00.zip
[13:04:43] [Thread-51/INFO]: [TextileBackup]: Done!
[13:14:29] [Server thread/INFO]: Aod_lcy[/127.0.0.1:57764] logged in with entity id 9220 at (-375.76249998807907, 69.0, 510.23750001192093)
[13:14:29] [Netty Server IO #1/WARN]: Received invalid identifier in minecraft:register: legacy:fml|hs (Non [a-z0-9/._-] character in path of location: legacy:fml|hs)
[13:14:29] [Server thread/INFO]: Aod_lcy joined the game
[13:18:47] [Server thread/WARN]: Can't keep up! Is the server overloaded? Running 2020ms or 40 ticks behind
[13:19:30] [Server thread/INFO]: Aod_lcy lost connection: Timed out
[13:19:30] [Server thread/INFO]: Aod_lcy left the game
[13:19:30] [Server thread/WARN]: handleDisconnection() called twice
[13:21:47] [Server thread/INFO]: ChengXi123[/127.0.0.1:58033] logged in with entity id 10466 at (243.07339980109506, 63.0, 214.4444837755115)
[13:21:47] [Netty Server IO #1/WARN]: Received invalid identifier in minecraft:register: legacy:fml|hs (Non [a-z0-9/._-] character in path of location: legacy:fml|hs)
[13:21:47] [Server thread/INFO]: ChengXi123 joined the game
[13:22:31] [Server thread/INFO]: Aod_lcy[/127.0.0.1:58063] logged in with entity id 10620 at (-47.52513636686922, 72.0, 253.78456217137997)
[13:22:31] [Server thread/INFO]: Aod_lcy joined the game
[13:22:31] [Netty Server IO #1/WARN]: Received invalid identifier in minecraft:register: legacy:fml|hs (Non [a-z0-9/._-] character in path of location: legacy:fml|hs)
[13:23:48] [Server thread/INFO]: ChengXi123 lost connection: Timed out
[13:23:48] [Server thread/INFO]: ChengXi123 left the game
[13:23:48] [Server thread/WARN]: Can't keep up! Is the server overloaded? Running 2020ms or 40 ticks behind
[13:23:48] [Server thread/WARN]: handleDisconnection() called twice
[13:25:00] [Server thread/INFO]: ChengXi123[/127.0.0.1:58160] logged in with entity id 11467 at (244.45267737475328, 62.0, 207.8089374539032)
[13:25:00] [Netty Server IO #0/WARN]: Received invalid identifier in minecraft:register: legacy:fml|hs (Non [a-z0-9/._-] character in path of location: legacy:fml|hs)
[13:25:00] [Server thread/INFO]: ChengXi123 joined the game
[13:25:56] [Server thread/WARN]: Can't keep up! Is the server overloaded? Running 3023ms or 60 ticks behind
[13:26:18] [Server thread/WARN]: Can't keep up! Is the server overloaded? Running 6940ms or 138 ticks behind
[13:26:38] [Server thread/WARN]: Can't keep up! Is the server overloaded? Running 4695ms or 93 ticks behind
[13:29:06] [Server thread/INFO]: <ChengXi123> 这个1.16还可以用吗
[13:29:12] [Server thread/WARN]: Can't keep up! Is the server overloaded? Running 2022ms or 40 ticks behind
[13:34:34] [Server thread/INFO]: ChengXi123 was slain by Zombie
[13:34:41] [Server thread/WARN]: Can't keep up! Is the server overloaded? Running 2035ms or 40 ticks behind
[13:34:48] [Server thread/INFO]: Aod_lcy tried to swim in lava
[13:35:00] [Server thread/INFO]: <ChengXi123> 啊啊啊啊啊啊啊啊啊啊啊啊啊啊啊啊啊啊啊啊
[13:35:04] [Server thread/WARN]: Can't keep up! Is the server overloaded? Running 7922ms or 158 ticks behind
[13:35:12] [Server thread/INFO]: <ChengXi123> 我材料全没了
[13:35:25] [Server thread/WARN]: Can't keep up! Is the server overloaded? Running 6315ms or 126 ticks behind
[13:35:30] [Server thread/INFO]: <Aod_lcy> 我刚才掉岩浆里了
[13:35:44] [Server thread/WARN]: Can't keep up! Is the server overloaded? Running 4159ms or 83 ticks behind
[13:36:05] [Server thread/WARN]: Can't keep up! Is the server overloaded? Running 2094ms or 41 ticks behind
[13:36:16] [Server thread/INFO]: <ChengXi123> 我都还没开工，材料就没了
[13:36:22] [Server thread/WARN]: Can't keep up! Is the server overloaded? Running 2040ms or 40 ticks behind
[13:36:29] [Server thread/INFO]: <Aod_lcy> awa
[13:36:32] [Server thread/INFO]: <Aod_lcy> qwq
[13:36:40] [Server thread/WARN]: Can't keep up! Is the server overloaded? Running 3166ms or 63 ticks behind
[13:36:58] [Server thread/WARN]: Can't keep up! Is the server overloaded? Running 2680ms or 53 ticks behind
[13:37:28] [Server thread/INFO]: <ChengXi123> 我还是去挖出生点吧
[13:37:39] [Server thread/WARN]: Can't keep up! Is the server overloaded? Running 2001ms or 40 ticks behind
[13:38:06] [Server thread/WARN]: Can't keep up! Is the server overloaded? Running 2014ms or 40 ticks behind
[13:38:25] [Server thread/WARN]: Can't keep up! Is the server overloaded? Running 2003ms or 40 ticks behind
[13:38:44] [Server thread/WARN]: Can't keep up! Is the server overloaded? Running 2017ms or 40 ticks behind
[13:39:01] [Server thread/WARN]: Can't keep up! Is the server overloaded? Running 2270ms or 45 ticks behind
[13:39:22] [Server thread/WARN]: Can't keep up! Is the server overloaded? Running 5962ms or 119 ticks behind
[13:39:46] [Server thread/WARN]: Can't keep up! Is the server overloaded? Running 8165ms or 163 ticks behind
[13:40:02] [Server thread/INFO]: <ChengXi123> 以后不能各干各的了
[13:40:10] [Server thread/WARN]: Can't keep up! Is the server overloaded? Running 9123ms or 182 ticks behind
[13:40:41] [Server thread/INFO]: <ChengXi123> 服务器容易卡
[13:40:47] [Server thread/WARN]: Fetching packet for removed entity class_1542['White Carpet'/15717, l='skimit', x=-48.06, y=66.14, z=254.16]
[13:41:02] [Server thread/INFO]: <ChengXi123> 必须集中在一块
[13:41:24] [Server thread/INFO]: <Aod_lcy> 在出生点区块机器会一直加载？
[13:41:31] [Server thread/INFO]: <ChengXi123> en
[13:41:49] [Server thread/INFO]: <Aod_lcy> 这就非常香了
[13:42:17] [Server thread/INFO]: <ChengXi123> 等你弄完帮我造女巫塔吧
[13:42:25] [Server thread/INFO]: <Aod_lcy> 造完了
[13:42:33] [Server thread/WARN]: Fetching packet for removed entity class_1542['White Carpet'/16404, l='skimit', x=-48.06, y=66.11, z=256.01]
[13:42:35] [Server thread/INFO]: <Aod_lcy> 女巫塔要什么材料
[13:42:36] [Server thread/WARN]: Fetching packet for removed entity class_1542['White Carpet'/16421, l='skimit', x=-48.06, y=66.11, z=256.01]
[13:42:44] [Server thread/INFO]: <ChengXi123> 原石
[13:42:44] [Server thread/WARN]: Fetching packet for removed entity class_1542['White Carpet'/16467, l='skimit', x=-48.06, y=66.18, z=255.59]
[13:43:09] [Server thread/WARN]: Fetching packet for removed entity class_1542['Cobblestone'/16031, l='skimit', x=-95.13, y=4.00, z=331.88]
[13:43:42] [Server thread/INFO]: <Aod_lcy> 我去挖点
[13:43:54] [Server thread/INFO]: <ChengXi123> 我的镐子没了
[13:44:01] [Server thread/INFO]: <Aod_lcy> 我说的是却什么红石器械
[13:44:38] [Server thread/WARN]: Can't keep up! Is the server overloaded? Running 2041ms or 40 ticks behind
[13:44:43] [Server thread/INFO]: <Aod_lcy> ?
[13:44:54] [Server thread/INFO]: <ChengXi123> 活塞，侦察者，音符盒，一组多灵魂沙
[13:45:00] [Server thread/WARN]: Can't keep up! Is the server overloaded? Running 6690ms or 133 ticks behind
[13:45:06] [Server thread/INFO]: <Aod_lcy> ok
[13:45:18] [Server thread/WARN]: Can't keep up! Is the server overloaded? Running 3726ms or 74 ticks behind
[13:45:43] [Server thread/INFO]: <ChengXi123> 我的精准采集镐没了
[13:45:53] [Server thread/INFO]: <Aod_lcy> 活塞这类大概的要多少组
[13:46:28] [Server thread/INFO]: <ChengXi123> 活塞一组，侦察者一组多一点，音符盒十个左右
[13:46:55] [Server thread/INFO]: ChengXi123 lost connection: Disconnected
[13:46:55] [Server thread/INFO]: ChengXi123 left the game
[13:48:05] [Server thread/WARN]: Can't keep up! Is the server overloaded? Running 2519ms or 50 ticks behind
[13:49:04] [Server thread/WARN]: Can't keep up! Is the server overloaded? Running 2303ms or 46 ticks behind
[13:49:13] [Server thread/INFO]: xiaolouQAQ[/127.0.0.1:59033] logged in with entity id 19801 at (-528.7417011280528, 68.0, 444.98254274721637)
[13:49:13] [Netty Server IO #0/WARN]: Received invalid identifier in minecraft:register: legacy:fml|hs (Non [a-z0-9/._-] character in path of location: legacy:fml|hs)
[13:49:13] [Server thread/INFO]: xiaolouQAQ joined the game
[13:49:21] [Server thread/WARN]: Can't keep up! Is the server overloaded? Running 2288ms or 45 ticks behind
[13:49:27] [Server thread/INFO]: ChengXi123[/127.0.0.1:59050] logged in with entity id 20021 at (-101.69999998807907, 13.0, 330.03410794522756)
[13:49:27] [Netty Server IO #1/WARN]: Received invalid identifier in minecraft:register: legacy:fml|hs (Non [a-z0-9/._-] character in path of location: legacy:fml|hs)
[13:49:27] [Server thread/INFO]: ChengXi123 joined the game
[13:49:29] [Server thread/WARN]: Mismatch in destroy block pos: class_2338{x=0, y=0, z=0} class_2338{x=-106, y=14, z=327}
[13:49:42] [Server thread/WARN]: Can't keep up! Is the server overloaded? Running 5727ms or 114 ticks behind
[13:49:42] [Server thread/INFO]: xiaolouQAQ lost connection: Disconnected
[13:49:42] [Server thread/INFO]: xiaolouQAQ left the game
[13:49:55] [Server thread/INFO]: <ChengXi123> 睡觉啊
[13:50:25] [Server thread/WARN]: Can't keep up! Is the server overloaded? Running 2050ms or 41 ticks behind
[13:50:43] [Server thread/INFO]: Aod_lcy lost connection: Disconnected
[13:50:43] [Server thread/INFO]: Aod_lcy left the game
[13:50:52] [Server thread/WARN]: Can't keep up! Is the server overloaded? Running 12386ms or 247 ticks behind
[13:51:11] [Server thread/WARN]: Can't keep up! Is the server overloaded? Running 3474ms or 69 ticks behind
[13:52:04] [Server thread/WARN]: Fetching packet for removed entity class_1542['White Carpet'/21515, l='skimit', x=-48.06, y=66.00, z=258.92]
[13:52:40] [Server thread/INFO]: Aod_lcy[/127.0.0.1:59165] logged in with entity id 21791 at (-198.30000001192093, 38.0, 140.37460171795257)
[13:52:40] [Server thread/INFO]: Aod_lcy joined the game
[13:52:40] [Netty Server IO #1/WARN]: Received invalid identifier in minecraft:register: legacy:fml|hs (Non [a-z0-9/._-] character in path of location: legacy:fml|hs)
[13:52:42] [Server thread/WARN]: Can't keep up! Is the server overloaded? Running 2468ms or 49 ticks behind
[13:53:14] [Server thread/INFO]: Aod_lcy lost connection: Disconnected
[13:53:14] [Server thread/INFO]: Aod_lcy left the game
[13:54:15] [Server thread/INFO]: Aod_lcy[/127.0.0.1:59228] logged in with entity id 22598 at (-198.30000001192093, 38.0, 140.37460171795257)
[13:54:15] [Netty Server IO #0/WARN]: Received invalid identifier in minecraft:register: legacy:fml|hs (Non [a-z0-9/._-] character in path of location: legacy:fml|hs)
[13:54:15] [Server thread/INFO]: Aod_lcy joined the game
[13:54:17] [Server thread/WARN]: Can't keep up! Is the server overloaded? Running 2027ms or 40 ticks behind
[13:54:50] [Server thread/INFO]: Aod_lcy lost connection: Disconnected
[13:54:50] [Server thread/INFO]: Aod_lcy left the game
[13:54:55] [Server thread/INFO]: Aod_lcy[/127.0.0.1:59257] logged in with entity id 22878 at (-198.30000001192093, 38.0, 140.37460171795257)
[13:54:55] [Server thread/INFO]: Aod_lcy joined the game
[13:54:55] [Netty Server IO #1/WARN]: Received invalid identifier in minecraft:register: legacy:fml|hs (Non [a-z0-9/._-] character in path of location: legacy:fml|hs)
[13:55:00] [Server thread/WARN]: Can't keep up! Is the server overloaded? Running 2061ms or 41 ticks behind
[13:55:32] [Server thread/INFO]: Aod_lcy lost connection: Disconnected
[13:55:32] [Server thread/INFO]: Aod_lcy left the game
[13:56:00] [Server thread/WARN]: Can't keep up! Is the server overloaded? Running 2022ms or 40 ticks behind
[13:56:15] [Server thread/INFO]: Aod_lcy[/127.0.0.1:59305] logged in with entity id 23333 at (-198.30000001192093, 38.0, 140.37460171795257)
[13:56:15] [Server thread/INFO]: Aod_lcy joined the game
[13:56:15] [Netty Server IO #0/WARN]: Received invalid identifier in minecraft:register: legacy:fml|hs (Non [a-z0-9/._-] character in path of location: legacy:fml|hs)
[13:56:17] [Server thread/WARN]: Fetching packet for removed entity class_1542['White Carpet'/23319, l='skimit', x=-48.06, y=66.03, z=261.18]
[13:56:25] [Server thread/WARN]: Can't keep up! Is the server overloaded? Running 2462ms or 49 ticks behind
[13:58:50] [Server thread/WARN]: Fetching packet for removed entity class_1542['White Carpet'/24527, l='skimit', x=-48.06, y=66.04, z=262.16]
[13:59:01] [Server thread/INFO]: MTpromax[/127.0.0.1:59410] logged in with entity id 24661 at (-66.16144205463256, 5.0, 168.92263599693788)
[13:59:01] [Netty Server IO #1/WARN]: Received invalid identifier in minecraft:register: legacy:fml|hs (Non [a-z0-9/._-] character in path of location: legacy:fml|hs)
[13:59:01] [Server thread/INFO]: MTpromax joined the game
[13:59:05] [Server thread/WARN]: Can't keep up! Is the server overloaded? Running 2116ms or 42 ticks behind
[13:59:22] [Server thread/INFO]: <MTpromax> hi
[13:59:28] [Server thread/INFO]: <ChengXi123> 刺激
[14:00:10] [Server thread/INFO]: <MTpromax> 为啥刺激
[14:00:12] [Server thread/WARN]: Fetching packet for removed entity class_1542['White Carpet'/25294, l='skimit', x=-48.06, y=66.17, z=254.10]
[14:00:33] [Server thread/INFO]: <ChengXi123> 你来看看就知道了
[14:00:45] [Server thread/WARN]: Can't keep up! Is the server overloaded? Running 2013ms or 40 ticks behind
[14:00:54] [Server thread/INFO]: <MTpromax> 那好
[14:01:02] [Server thread/INFO]: <MTpromax> wozishalea
[14:01:09] [Server thread/WARN]: Can't keep up! Is the server overloaded? Running 3415ms or 68 ticks behind
[14:01:09] [Server thread/INFO]: <MTpromax> 我自杀了啊
[14:01:10] [Server thread/INFO]: Aod_lcy lost connection: Disconnected
[14:01:10] [Server thread/INFO]: Aod_lcy left the game
[14:01:15] [Server thread/INFO]: <ChengXi123> 睡觉
[14:01:20] [Server thread/INFO]: MTpromax went up in flames
[14:01:27] [Server thread/WARN]: Can't keep up! Is the server overloaded? Running 2016ms or 40 ticks behind
[14:01:44] [Server thread/WARN]: Can't keep up! Is the server overloaded? Running 2199ms or 43 ticks behind
[14:01:46] [Server thread/INFO]: <ChengXi123> 睡觉睡觉
[14:01:55] [Server thread/INFO]: <MTpromax> 我终于学会黑商大叔的羊毛机了
[14:02:03] [Server thread/WARN]: Can't keep up! Is the server overloaded? Running 2047ms or 40 ticks behind
[14:02:08] [Server thread/INFO]: <ChengXi123> 快睡觉
[14:02:30] [Server thread/WARN]: Can't keep up! Is the server overloaded? Running 12650ms or 253 ticks behind
[14:02:50] [Server thread/WARN]: Can't keep up! Is the server overloaded? Running 4359ms or 87 ticks behind
[14:03:09] [Server thread/WARN]: Can't keep up! Is the server overloaded? Running 4721ms or 94 ticks behind
[14:03:34] [Server thread/WARN]: Can't keep up! Is the server overloaded? Running 10076ms or 201 ticks behind
[14:03:34] [Server thread/INFO]: [TextileBackup]: Backup started by: SERVER on: 2020-04-16_14-03-34
[14:03:34] [Server thread/INFO]: [TextileBackup]: Saving server...
[14:03:37] [Thread-52/INFO]: [TextileBackup]: Starting compression...
[14:04:28] [Server thread/INFO]: <ChengXi123> 来出生点
[14:04:35] [Server thread/WARN]: Can't keep up! Is the server overloaded? Running 45545ms or 910 ticks behind
[14:05:22] [Server thread/WARN]: Can't keep up! Is the server overloaded? Running 32241ms or 644 ticks behind
[14:05:43] [Server thread/INFO]: MTpromax lost connection: Disconnected
[14:05:43] [Server thread/INFO]: MTpromax left the game
[14:05:53] [Server thread/INFO]: ChengXi123 lost connection: Disconnected
[14:05:53] [Server thread/INFO]: ChengXi123 left the game
[14:06:02] [Server thread/WARN]: Can't keep up! Is the server overloaded? Running 24925ms or 498 ticks behind
[14:06:23] [Server thread/INFO]: ChengXi123[/127.0.0.1:59663] logged in with entity id 27173 at (-80.89133125702715, 15.0, 317.24240033174954)
[14:06:23] [Netty Server IO #1/WARN]: Received invalid identifier in minecraft:register: legacy:fml|hs (Non [a-z0-9/._-] character in path of location: legacy:fml|hs)
[14:06:23] [Server thread/INFO]: ChengXi123 joined the game
[14:06:24] [Server thread/WARN]: Can't keep up! Is the server overloaded? Running 2042ms or 40 ticks behind
[14:06:26] [Thread-52/INFO]: [TextileBackup]: Compression finished
[14:06:26] [Thread-52/INFO]: [TextileBackup]: Deleting: 2020-04-15_19-41-20.zip
[14:06:26] [Thread-52/INFO]: [TextileBackup]: Done!
[14:07:03] [Server thread/WARN]: Fetching packet for removed entity class_1542['White Carpet'/27377, l='skimit', x=-48.06, y=66.09, z=265.28]
[14:09:28] [Server thread/WARN]: Fetching packet for removed entity class_1542['White Carpet'/28131, l='skimit', x=-48.06, y=66.18, z=254.36]
[14:09:45] [Server thread/WARN]: Fetching packet for removed entity class_1542['White Carpet'/28228, l='skimit', x=-48.06, y=66.15, z=254.82]
[14:11:15] [Server thread/INFO]: ChengXi123 lost connection: Disconnected
[14:11:15] [Server thread/INFO]: ChengXi123 left the game
[14:12:24] [Server thread/INFO]: Aod_lcy[/127.0.0.1:59896] logged in with entity id 28773 at (-195.58662214151502, 40.0, 146.26849428856968)
[14:12:24] [Netty Server IO #0/WARN]: Received invalid identifier in minecraft:register: legacy:fml|hs (Non [a-z0-9/._-] character in path of location: legacy:fml|hs)
[14:12:24] [Server thread/INFO]: Aod_lcy joined the game
[14:12:33] [Server thread/INFO]: xiaolouQAQ[/127.0.0.1:59908] logged in with entity id 28863 at (-529.8446780013992, 68.0, 444.447614891386)
[14:12:33] [Netty Server IO #1/WARN]: Received invalid identifier in minecraft:register: legacy:fml|hs (Non [a-z0-9/._-] character in path of location: legacy:fml|hs)
[14:12:33] [Server thread/INFO]: xiaolouQAQ joined the game
[14:12:47] [Server thread/WARN]: Can't keep up! Is the server overloaded? Running 2016ms or 40 ticks behind
[14:13:35] [Server thread/WARN]: Can't keep up! Is the server overloaded? Running 2217ms or 44 ticks behind
[14:13:41] [Server thread/INFO]: ChengXi123[/127.0.0.1:59957] logged in with entity id 29413 at (-102.05765214751429, 13.0, 327.17213882676356)
[14:13:41] [Server thread/INFO]: ChengXi123 joined the game
[14:13:43] [Netty Server IO #1/WARN]: Received invalid identifier in minecraft:register: legacy:fml|hs (Non [a-z0-9/._-] character in path of location: legacy:fml|hs)
[14:13:55] [Server thread/WARN]: Can't keep up! Is the server overloaded? Running 4648ms or 92 ticks behind
[14:13:55] [Server thread/WARN]: Mismatch in destroy block pos: class_2338{x=-159, y=31, z=124} class_2338{x=-160, y=32, z=124}
[14:14:19] [Server thread/WARN]: Mismatch in destroy block pos: class_2338{x=-152, y=29, z=123} class_2338{x=-151, y=30, z=123}
[14:14:21] [Server thread/INFO]: <xiaolouQAQ> 村民换什么职业比较好
[14:14:30] [Server thread/INFO]: <Aod_lcy> 各有好处
[14:14:37] [Server thread/INFO]: <ChengXi123> 图书管理员
[14:14:38] [Server thread/INFO]: <xiaolouQAQ> awa
[14:14:42] [Server thread/WARN]: Can't keep up! Is the server overloaded? Running 2050ms or 41 ticks behind
[14:14:46] [Server thread/INFO]: <ChengXi123> 弄出经验修补
[14:15:01] [Server thread/INFO]: <Aod_lcy> 我会弄
[14:15:07] [Server thread/INFO]: <Aod_lcy> 一只就可以
[14:15:07] [Server thread/WARN]: Mismatch in destroy block pos: class_2338{x=-130, y=29, z=124} class_2338{x=-128, y=28, z=124}
[14:15:08] [Server thread/WARN]: Mismatch in destroy block pos: class_2338{x=-130, y=29, z=124} class_2338{x=-128, y=28, z=124}
[14:15:08] [Server thread/INFO]: <xiaolouQAQ> 怎么给他职业
[14:15:08] [Server thread/WARN]: Mismatch in destroy block pos: class_2338{x=-130, y=29, z=124} class_2338{x=-128, y=28, z=124}
[14:15:08] [Server thread/WARN]: Mismatch in destroy block pos: class_2338{x=-130, y=29, z=124} class_2338{x=-128, y=28, z=124}
[14:15:09] [Server thread/WARN]: Mismatch in destroy block pos: class_2338{x=-130, y=29, z=124} class_2338{x=-128, y=28, z=124}
[14:15:09] [Server thread/WARN]: Mismatch in destroy block pos: class_2338{x=-130, y=29, z=124} class_2338{x=-128, y=28, z=124}
[14:15:09] [Server thread/WARN]: Can't keep up! Is the server overloaded? Running 2003ms or 40 ticks behind
[14:15:26] [Server thread/WARN]: Mismatch in destroy block pos: class_2338{x=-135, y=31, z=119} class_2338{x=-135, y=32, z=120}
[14:15:26] [Server thread/WARN]: Can't keep up! Is the server overloaded? Running 2327ms or 46 ticks behind
[14:15:27] [Server thread/WARN]: Mismatch in destroy block pos: class_2338{x=-134, y=32, z=118} class_2338{x=-135, y=32, z=120}
[14:15:27] [Server thread/INFO]: <Aod_lcy> 你去哔哩哔哩看一看教程
[14:15:38] [Server thread/INFO]: <Aod_lcy> 不然说起来麻烦
[14:15:48] [Server thread/WARN]: Can't keep up! Is the server overloaded? Running 2018ms or 40 ticks behind
[14:16:11] [Server thread/WARN]: Can't keep up! Is the server overloaded? Running 7830ms or 156 ticks behind
[14:16:31] [Server thread/WARN]: Can't keep up! Is the server overloaded? Running 5138ms or 102 ticks behind
[14:16:48] [Server thread/WARN]: Can't keep up! Is the server overloaded? Running 2116ms or 42 ticks behind
[14:16:55] [Server thread/INFO]: <xiaolouQAQ> wc!
[14:16:59] [Server thread/INFO]: <Aod_lcy> ??
[14:17:06] [Server thread/INFO]: <xiaolouQAQ> 刷到三叉戟了
[14:17:09] [Server thread/INFO]: <Aod_lcy> NB
[14:17:09] [Server thread/WARN]: Can't keep up! Is the server overloaded? Running 6207ms or 124 ticks behind
[14:17:32] [Server thread/WARN]: Can't keep up! Is the server overloaded? Running 8031ms or 160 ticks behind
[14:17:36] [Server thread/INFO]: <xiaolouQAQ> 就50耐久，穿刺2 ==
[14:18:04] [Server thread/WARN]: Can't keep up! Is the server overloaded? Running 16662ms or 333 ticks behind
[14:18:33] [Server thread/WARN]: Can't keep up! Is the server overloaded? Running 14505ms or 290 ticks behind
[14:19:03] [Server thread/WARN]: Can't keep up! Is the server overloaded? Running 14692ms or 293 ticks behind
[14:19:13] [Server thread/INFO]: <ChengXi123> 我有将近18组原石
[14:19:30] [Server thread/WARN]: Can't keep up! Is the server overloaded? Running 12395ms or 247 ticks behind
[14:19:51] [Server thread/INFO]: <Aod_lcy> 有灵魂沙了
[14:19:58] [Server thread/WARN]: Can't keep up! Is the server overloaded? Running 12259ms or 245 ticks behind
[14:20:21] [Server thread/WARN]: Can't keep up! Is the server overloaded? Running 7988ms or 159 ticks behind
[14:20:26] [Server thread/INFO]: <Aod_lcy> ??
[14:20:41] [Server thread/WARN]: Can't keep up! Is the server overloaded? Running 5448ms or 108 ticks behind
[14:21:08] [Server thread/WARN]: Can't keep up! Is the server overloaded? Running 12165ms or 243 ticks behind
[14:21:34] [Server thread/WARN]: Can't keep up! Is the server overloaded? Running 10976ms or 219 ticks behind
[14:22:00] [Server thread/WARN]: Can't keep up! Is the server overloaded? Running 11087ms or 221 ticks behind
[14:22:23] [Server thread/WARN]: Can't keep up! Is the server overloaded? Running 7579ms or 151 ticks behind
[14:22:47] [Server thread/WARN]: Can't keep up! Is the server overloaded? Running 9023ms or 180 ticks behind
[14:23:13] [Server thread/WARN]: Can't keep up! Is the server overloaded? Running 11268ms or 225 ticks behind
[14:23:37] [Server thread/WARN]: Can't keep up! Is the server overloaded? Running 8753ms or 175 ticks behind
[14:24:00] [Server thread/WARN]: Can't keep up! Is the server overloaded? Running 7966ms or 159 ticks behind
[14:24:22] [Server thread/WARN]: Fetching packet for removed entity class_1542['White Carpet'/33883, l='skimit', x=-48.06, y=66.02, z=271.16]
[14:24:25] [Server thread/WARN]: Can't keep up! Is the server overloaded? Running 10301ms or 206 ticks behind
[14:24:47] [Server thread/WARN]: Can't keep up! Is the server overloaded? Running 6919ms or 138 ticks behind
[14:25:10] [Server thread/WARN]: Can't keep up! Is the server overloaded? Running 8163ms or 163 ticks behind
[14:25:33] [Server thread/WARN]: Can't keep up! Is the server overloaded? Running 7930ms or 158 ticks behind
[14:25:39] [Server thread/INFO]: <xiaolouQAQ> 快速填装==
[14:25:53] [Server thread/INFO]: <xiaolouQAQ> 没经验修补
[14:25:53] [Server thread/WARN]: Can't keep up! Is the server overloaded? Running 5434ms or 108 ticks behind
[14:26:14] [Server thread/WARN]: Can't keep up! Is the server overloaded? Running 6170ms or 123 ticks behind
[14:26:17] [Server thread/INFO]: MTpromax[/127.0.0.1:60414] logged in with entity id 34308 at (-407.0377729042133, 71.0, 422.1656836011499)
[14:26:17] [Server thread/INFO]: MTpromax joined the game
[14:26:18] [Netty Server IO #0/WARN]: Received invalid identifier in minecraft:register: legacy:fml|hs (Non [a-z0-9/._-] character in path of location: legacy:fml|hs)
[14:26:39] [Server thread/WARN]: Can't keep up! Is the server overloaded? Running 9547ms or 190 ticks behind
[14:27:03] [Server thread/WARN]: Can't keep up! Is the server overloaded? Running 9081ms or 181 ticks behind
[14:27:28] [Server thread/WARN]: Can't keep up! Is the server overloaded? Running 10392ms or 207 ticks behind
[14:27:54] [Server thread/WARN]: Can't keep up! Is the server overloaded? Running 10629ms or 212 ticks behind
[14:28:05] [Server thread/INFO]: Aod_lcy fell from a high place
[14:28:21] [Server thread/WARN]: Can't keep up! Is the server overloaded? Running 11949ms or 238 ticks behind
[14:28:47] [Server thread/WARN]: Can't keep up! Is the server overloaded? Running 11258ms or 225 ticks behind
[14:29:28] [Server thread/WARN]: Can't keep up! Is the server overloaded? Running 25913ms or 518 ticks behind
[14:29:53] [Server thread/WARN]: Can't keep up! Is the server overloaded? Running 10092ms or 201 ticks behind
[14:30:20] [Server thread/WARN]: Can't keep up! Is the server overloaded? Running 12097ms or 241 ticks behind
[14:30:43] [Server thread/INFO]: <ChengXi123> 经验修补弄出来了吗
[14:30:51] [Server thread/WARN]: Can't keep up! Is the server overloaded? Running 15684ms or 313 ticks behind
[14:30:57] [Server thread/INFO]: <xiaolouQAQ> 村民是快速填装2 ==
[14:31:11] [Server thread/INFO]: <xiaolouQAQ> 怎么搞
[14:31:16] [Server thread/INFO]: <xiaolouQAQ> 那僵尸？
[14:31:16] [Server thread/WARN]: Can't keep up! Is the server overloaded? Running 10344ms or 206 ticks behind
[14:31:23] [Server thread/INFO]: <ChengXi123> 在哪呢
[14:31:29] [Server thread/INFO]: <xiaolouQAQ> 我家里
[14:31:40] [Server thread/WARN]: Can't keep up! Is the server overloaded? Running 8884ms or 177 ticks behind
[14:31:41] [Server thread/INFO]: Aod_lcy lost connection: Disconnected
[14:31:41] [Server thread/INFO]: Aod_lcy left the game
[14:31:59] [Server thread/WARN]: Can't keep up! Is the server overloaded? Running 4300ms or 86 ticks behind
[14:32:18] [Server thread/WARN]: Can't keep up! Is the server overloaded? Running 3397ms or 67 ticks behind
[14:33:11] [Server thread/INFO]: <xiaolouQAQ> 钓鱼还能掉附魔书啊
[14:34:33] [Server thread/INFO]: <xiaolouQAQ> 又有一个僵尸村民
[14:34:55] [Server thread/INFO]: <xiaolouQAQ> 刷掉了
[14:35:11] [Server thread/WARN]: Can't keep up! Is the server overloaded? Running 2002ms or 40 ticks behind
[14:35:45] [Server thread/WARN]: Can't keep up! Is the server overloaded? Running 19598ms or 391 ticks behind
[14:37:31] [Server thread/INFO]: MTpromax was blown up by Creeper
[14:37:39] [Server thread/WARN]: Can't keep up! Is the server overloaded? Running 2106ms or 42 ticks behind
[14:38:02] [Server thread/WARN]: Can't keep up! Is the server overloaded? Running 8874ms or 177 ticks behind
[14:38:24] [Server thread/WARN]: Can't keep up! Is the server overloaded? Running 7068ms or 141 ticks behind
[14:38:42] [Server thread/WARN]: Can't keep up! Is the server overloaded? Running 2595ms or 51 ticks behind
[14:39:04] [Server thread/WARN]: Can't keep up! Is the server overloaded? Running 2008ms or 40 ticks behind
[14:39:26] [Server thread/WARN]: Can't keep up! Is the server overloaded? Running 2070ms or 41 ticks behind
[14:39:48] [Server thread/WARN]: Can't keep up! Is the server overloaded? Running 6487ms or 129 ticks behind
[14:40:10] [Server thread/WARN]: Can't keep up! Is the server overloaded? Running 7901ms or 158 ticks behind
[14:40:32] [Server thread/WARN]: Can't keep up! Is the server overloaded? Running 6815ms or 136 ticks behind
[14:40:53] [Server thread/WARN]: Can't keep up! Is the server overloaded? Running 6126ms or 122 ticks behind
[14:41:22] [Server thread/WARN]: Can't keep up! Is the server overloaded? Running 13781ms or 275 ticks behind
[14:41:49] [Server thread/WARN]: Can't keep up! Is the server overloaded? Running 12015ms or 240 ticks behind
[14:42:23] [Server thread/WARN]: Can't keep up! Is the server overloaded? Running 19224ms or 384 ticks behind
[14:42:51] [Server thread/WARN]: Can't keep up! Is the server overloaded? Running 12225ms or 244 ticks behind
[14:43:17] [Server thread/WARN]: Can't keep up! Is the server overloaded? Running 11885ms or 237 ticks behind
[14:43:42] [Server thread/WARN]: Can't keep up! Is the server overloaded? Running 10099ms or 201 ticks behind
[14:44:12] [Server thread/WARN]: Can't keep up! Is the server overloaded? Running 14923ms or 298 ticks behind
[14:44:41] [Server thread/WARN]: Can't keep up! Is the server overloaded? Running 14118ms or 282 ticks behind
[14:45:06] [Server thread/WARN]: Can't keep up! Is the server overloaded? Running 9497ms or 189 ticks behind
[14:45:09] [Server thread/INFO]: <xiaolouQAQ> 你们要石头吗
[14:45:28] [Server thread/WARN]: Can't keep up! Is the server overloaded? Running 6889ms or 137 ticks behind
[14:46:03] [Server thread/INFO]: <ChengXi123> xiaolouQAQ我可以用你家的村民做试验吗
[14:46:09] [Server thread/INFO]: <xiaolouQAQ> 行
[14:48:38] [Server thread/WARN]: Can't keep up! Is the server overloaded? Running 2770ms or 55 ticks behind
[14:49:06] [Server thread/WARN]: Can't keep up! Is the server overloaded? Running 12939ms or 258 ticks behind
[14:49:58] [Server thread/INFO]: <xiaolouQAQ> 石头你缺吗，不是原石
[14:50:41] [Server thread/WARN]: Can't keep up! Is the server overloaded? Running 2002ms or 40 ticks behind
[14:51:04] [Server thread/WARN]: Can't keep up! Is the server overloaded? Running 7624ms or 152 ticks behind
[14:51:26] [Server thread/WARN]: Can't keep up! Is the server overloaded? Running 6696ms or 133 ticks behind
[14:51:46] [Server thread/WARN]: Can't keep up! Is the server overloaded? Running 5747ms or 114 ticks behind
[14:52:10] [Server thread/WARN]: Can't keep up! Is the server overloaded? Running 8578ms or 171 ticks behind
[14:52:31] [Server thread/WARN]: Can't keep up! Is the server overloaded? Running 6132ms or 122 ticks behind
[14:52:51] [Server thread/WARN]: Can't keep up! Is the server overloaded? Running 5560ms or 111 ticks behind
[14:53:11] [Server thread/WARN]: Can't keep up! Is the server overloaded? Running 4553ms or 91 ticks behind
[14:53:31] [Server thread/WARN]: Can't keep up! Is the server overloaded? Running 4857ms or 97 ticks behind
[14:53:50] [Server thread/WARN]: Can't keep up! Is the server overloaded? Running 3807ms or 76 ticks behind
[14:54:09] [Server thread/WARN]: Can't keep up! Is the server overloaded? Running 4526ms or 90 ticks behind
[14:54:28] [Server thread/WARN]: Can't keep up! Is the server overloaded? Running 4180ms or 83 ticks behind
[14:54:49] [Server thread/WARN]: Can't keep up! Is the server overloaded? Running 5331ms or 106 ticks behind
[14:55:18] [Server thread/WARN]: Can't keep up! Is the server overloaded? Running 14717ms or 294 ticks behind
[14:55:39] [Server thread/WARN]: Can't keep up! Is the server overloaded? Running 5832ms or 116 ticks behind
[14:55:59] [Server thread/WARN]: Can't keep up! Is the server overloaded? Running 4742ms or 94 ticks behind
[14:56:03] [Server thread/INFO]: xiaolouQAQ lost connection: Disconnected
[14:56:03] [Server thread/INFO]: xiaolouQAQ left the game
[14:56:07] [Server thread/INFO]: xiaolouQAQ[/127.0.0.1:61504] logged in with entity id 40419 at (-532.4146341304026, 68.0, 448.5842792809632)
[14:56:07] [Server thread/INFO]: xiaolouQAQ joined the game
[14:56:08] [Netty Server IO #1/WARN]: Received invalid identifier in minecraft:register: legacy:fml|hs (Non [a-z0-9/._-] character in path of location: legacy:fml|hs)
[14:56:19] [Server thread/WARN]: Can't keep up! Is the server overloaded? Running 4880ms or 97 ticks behind
[14:56:41] [Server thread/WARN]: Can't keep up! Is the server overloaded? Running 7749ms or 154 ticks behind
[14:57:03] [Server thread/WARN]: Can't keep up! Is the server overloaded? Running 6165ms or 123 ticks behind
[14:57:25] [Server thread/WARN]: Can't keep up! Is the server overloaded? Running 7468ms or 149 ticks behind
[14:57:45] [Server thread/WARN]: Can't keep up! Is the server overloaded? Running 4742ms or 94 ticks behind
[14:58:03] [Server thread/WARN]: Can't keep up! Is the server overloaded? Running 3486ms or 69 ticks behind
[14:58:24] [Server thread/WARN]: Can't keep up! Is the server overloaded? Running 6396ms or 127 ticks behind
[14:58:46] [Server thread/WARN]: Can't keep up! Is the server overloaded? Running 6888ms or 137 ticks behind
[14:59:07] [Server thread/WARN]: Can't keep up! Is the server overloaded? Running 5522ms or 110 ticks behind
[14:59:27] [Server thread/WARN]: Can't keep up! Is the server overloaded? Running 5315ms or 106 ticks behind
[14:59:46] [Server thread/WARN]: Can't keep up! Is the server overloaded? Running 4306ms or 86 ticks behind
[15:00:07] [Server thread/WARN]: Can't keep up! Is the server overloaded? Running 5309ms or 106 ticks behind
[15:00:28] [Server thread/WARN]: Can't keep up! Is the server overloaded? Running 6298ms or 125 ticks behind
[15:00:47] [Server thread/WARN]: Can't keep up! Is the server overloaded? Running 4404ms or 88 ticks behind
[15:01:07] [Server thread/WARN]: Can't keep up! Is the server overloaded? Running 5076ms or 101 ticks behind
[15:01:29] [Server thread/WARN]: Can't keep up! Is the server overloaded? Running 6685ms or 133 ticks behind
[15:01:50] [Server thread/WARN]: Can't keep up! Is the server overloaded? Running 5790ms or 115 ticks behind
[15:02:19] [Server thread/WARN]: Can't keep up! Is the server overloaded? Running 13902ms or 278 ticks behind
[15:02:43] [Server thread/WARN]: Can't keep up! Is the server overloaded? Running 9749ms or 194 ticks behind
[15:03:03] [Server thread/WARN]: Can't keep up! Is the server overloaded? Running 5030ms or 100 ticks behind
[15:03:23] [Server thread/WARN]: Can't keep up! Is the server overloaded? Running 4453ms or 89 ticks behind
[15:03:37] [Server thread/INFO]: [TextileBackup]: Backup started by: SERVER on: 2020-04-16_15-03-37
[15:03:37] [Server thread/INFO]: [TextileBackup]: Saving server...
[15:03:38] [Thread-53/INFO]: [TextileBackup]: Starting compression...
[15:03:50] [Server thread/WARN]: Can't keep up! Is the server overloaded? Running 12039ms or 240 ticks behind
[15:05:02] [Server thread/WARN]: Can't keep up! Is the server overloaded? Running 57612ms or 1152 ticks behind
[15:06:01] [Server thread/WARN]: Can't keep up! Is the server overloaded? Running 43989ms or 879 ticks behind
[15:06:04] [Thread-53/INFO]: [TextileBackup]: Compression finished
[15:06:04] [Thread-53/INFO]: [TextileBackup]: Deleting: 2020-04-15_21-17-00.zip
[15:06:04] [Thread-53/INFO]: [TextileBackup]: Done!
[15:06:26] [Server thread/WARN]: Can't keep up! Is the server overloaded? Running 10110ms or 202 ticks behind
[15:06:47] [Server thread/WARN]: Can't keep up! Is the server overloaded? Running 5556ms or 111 ticks behind
[15:07:07] [Server thread/WARN]: Can't keep up! Is the server overloaded? Running 5005ms or 100 ticks behind
[15:07:28] [Server thread/WARN]: Can't keep up! Is the server overloaded? Running 5949ms or 118 ticks behind
[15:07:50] [Server thread/WARN]: Can't keep up! Is the server overloaded? Running 7047ms or 140 ticks behind
[15:08:12] [Server thread/WARN]: Can't keep up! Is the server overloaded? Running 7408ms or 148 ticks behind
[15:08:35] [Server thread/WARN]: Can't keep up! Is the server overloaded? Running 7366ms or 147 ticks behind
[15:08:56] [Server thread/WARN]: Can't keep up! Is the server overloaded? Running 5844ms or 116 ticks behind
[15:09:15] [Server thread/WARN]: Can't keep up! Is the server overloaded? Running 4558ms or 91 ticks behind
[15:09:33] [Server thread/WARN]: Can't keep up! Is the server overloaded? Running 2984ms or 59 ticks behind
[15:09:51] [Server thread/WARN]: Can't keep up! Is the server overloaded? Running 3387ms or 67 ticks behind
[15:10:10] [Server thread/WARN]: Can't keep up! Is the server overloaded? Running 3716ms or 74 ticks behind
[15:10:30] [Server thread/WARN]: Can't keep up! Is the server overloaded? Running 5070ms or 101 ticks behind
[15:11:06] [Server thread/WARN]: Can't keep up! Is the server overloaded? Running 21203ms or 424 ticks behind
[15:11:28] [Server thread/WARN]: Can't keep up! Is the server overloaded? Running 7185ms or 143 ticks behind
[15:11:50] [Server thread/WARN]: Can't keep up! Is the server overloaded? Running 6250ms or 125 ticks behind
[15:12:12] [Server thread/WARN]: Can't keep up! Is the server overloaded? Running 7307ms or 146 ticks behind
[15:12:34] [Server thread/WARN]: Can't keep up! Is the server overloaded? Running 7256ms or 145 ticks behind
[15:12:56] [Server thread/WARN]: Can't keep up! Is the server overloaded? Running 7077ms or 141 ticks behind
[15:13:17] [Server thread/WARN]: Can't keep up! Is the server overloaded? Running 5540ms or 110 ticks behind
[15:13:37] [Server thread/WARN]: Can't keep up! Is the server overloaded? Running 5707ms or 114 ticks behind
[15:13:56] [Server thread/WARN]: Can't keep up! Is the server overloaded? Running 3638ms or 72 ticks behind
[15:13:59] [Server thread/INFO]: Aod_lcy[/127.0.0.1:62159] logged in with entity id 43282 at (-50.30000001192093, 66.88322278124012, 251.55972623870284)
[15:13:59] [Server thread/INFO]: Aod_lcy joined the game
[15:14:00] [Netty Server IO #1/WARN]: Received invalid identifier in minecraft:register: legacy:fml|hs (Non [a-z0-9/._-] character in path of location: legacy:fml|hs)
[15:14:23] [Server thread/WARN]: Can't keep up! Is the server overloaded? Running 12400ms or 248 ticks behind
[15:14:37] [Server thread/INFO]: Aod_lcy lost connection: Disconnected
[15:14:37] [Server thread/INFO]: Aod_lcy left the game
[15:14:44] [Server thread/WARN]: Can't keep up! Is the server overloaded? Running 5849ms or 116 ticks behind
[15:15:03] [Server thread/WARN]: Can't keep up! Is the server overloaded? Running 4049ms or 80 ticks behind
[15:15:07] [Server thread/INFO]: Aod_lcy[/127.0.0.1:62204] logged in with entity id 43481 at (-49.30000001192093, 66.0, 251.55972623870284)
[15:15:07] [Server thread/INFO]: Aod_lcy joined the game
[15:15:08] [Netty Server IO #0/WARN]: Received invalid identifier in minecraft:register: legacy:fml|hs (Non [a-z0-9/._-] character in path of location: legacy:fml|hs)
[15:15:28] [Server thread/WARN]: Can't keep up! Is the server overloaded? Running 9910ms or 198 ticks behind
[15:15:42] [Server thread/INFO]: Aod_lcy lost connection: Disconnected
[15:15:42] [Server thread/INFO]: Aod_lcy left the game
[15:15:52] [Server thread/WARN]: Can't keep up! Is the server overloaded? Running 8636ms or 172 ticks behind
[15:16:12] [Server thread/WARN]: Can't keep up! Is the server overloaded? Running 5344ms or 106 ticks behind
[15:16:34] [Server thread/WARN]: Can't keep up! Is the server overloaded? Running 6735ms or 134 ticks behind
[15:16:54] [Server thread/WARN]: Can't keep up! Is the server overloaded? Running 5460ms or 109 ticks behind
[15:17:03] [Server thread/INFO]: Aod_lcy[/127.0.0.1:62276] logged in with entity id 43832 at (-49.30000001192093, 66.0, 251.55972623870284)
[15:17:03] [Server thread/INFO]: Aod_lcy joined the game
[15:17:03] [Netty Server IO #1/WARN]: Received invalid identifier in minecraft:register: legacy:fml|hs (Non [a-z0-9/._-] character in path of location: legacy:fml|hs)
[15:17:19] [Server thread/WARN]: Can't keep up! Is the server overloaded? Running 10211ms or 204 ticks behind
[15:17:41] [Server thread/WARN]: Can't keep up! Is the server overloaded? Running 7030ms or 140 ticks behind
[15:18:07] [Server thread/WARN]: Can't keep up! Is the server overloaded? Running 10236ms or 204 ticks behind
[15:18:47] [Server thread/WARN]: Can't keep up! Is the server overloaded? Running 25600ms or 512 ticks behind
[15:19:26] [Server thread/WARN]: Can't keep up! Is the server overloaded? Running 23330ms or 466 ticks behind
[15:19:36] [Server thread/INFO]: Aod_lcy lost connection: Disconnected
[15:19:36] [Server thread/INFO]: Aod_lcy left the game
[15:19:57] [Server thread/WARN]: Can't keep up! Is the server overloaded? Running 16042ms or 320 ticks behind
[15:20:02] [Server thread/INFO]: Aod_lcy[/127.0.0.1:62383] logged in with entity id 44314 at (-372.57187290955386, 71.49550413542775, 516.7624999880791)
[15:20:02] [Server thread/INFO]: Aod_lcy joined the game
[15:20:02] [Netty Server IO #1/WARN]: Received invalid identifier in minecraft:register: legacy:fml|hs (Non [a-z0-9/._-] character in path of location: legacy:fml|hs)
[15:20:28] [Server thread/WARN]: Can't keep up! Is the server overloaded? Running 16207ms or 324 ticks behind
[15:20:41] [Server thread/INFO]: Aod_lcy lost connection: Disconnected
[15:20:41] [Server thread/INFO]: Aod_lcy left the game
[15:20:55] [Server thread/WARN]: Can't keep up! Is the server overloaded? Running 12012ms or 240 ticks behind
[15:21:20] [Server thread/WARN]: Can't keep up! Is the server overloaded? Running 10281ms or 205 ticks behind
[15:21:25] [Server thread/INFO]: Aod_lcy[/127.0.0.1:62431] logged in with entity id 44482 at (-372.57187290955386, 69.0, 516.7624999880791)
[15:21:25] [Netty Server IO #0/WARN]: Received invalid identifier in minecraft:register: legacy:fml|hs (Non [a-z0-9/._-] character in path of location: legacy:fml|hs)
[15:21:25] [Server thread/INFO]: Aod_lcy joined the game
[15:21:56] [Server thread/WARN]: Can't keep up! Is the server overloaded? Running 20729ms or 414 ticks behind
[15:22:28] [Server thread/WARN]: Can't keep up! Is the server overloaded? Running 16915ms or 338 ticks behind
[15:22:37] [Server thread/INFO]: xiaolouQAQ lost connection: Disconnected
[15:22:37] [Server thread/INFO]: xiaolouQAQ left the game
[15:22:51] [Server thread/INFO]: Aod_lcy lost connection: Disconnected
[15:22:51] [Server thread/INFO]: Aod_lcy left the game
[15:22:54] [Server thread/WARN]: Can't keep up! Is the server overloaded? Running 11539ms or 230 ticks behind
[15:23:15] [Server thread/WARN]: Can't keep up! Is the server overloaded? Running 5847ms or 116 ticks behind
[15:23:16] [Server thread/INFO]: Aod_lcy[/127.0.0.1:62500] logged in with entity id 44753 at (-324.67353643612046, 73.86438615045903, 477.3556279574297)
[15:23:16] [Server thread/INFO]: Aod_lcy joined the game
[15:23:17] [Netty Server IO #0/WARN]: Received invalid identifier in minecraft:register: legacy:fml|hs (Non [a-z0-9/._-] character in path of location: legacy:fml|hs)
[15:23:41] [Server thread/WARN]: Can't keep up! Is the server overloaded? Running 10704ms or 214 ticks behind
[15:23:41] [Server thread/INFO]: MTpromax lost connection: Disconnected
[15:23:41] [Server thread/INFO]: MTpromax left the game
[15:26:02] [Server thread/INFO]: Aod_lcy tried to swim in lava
[15:26:05] [Server thread/INFO]: Aod_lcy lost connection: Disconnected
[15:26:05] [Server thread/INFO]: Aod_lcy left the game
[15:26:09] [Server thread/WARN]: Can't keep up! Is the server overloaded? Running 2048ms or 40 ticks behind
[15:26:28] [Server thread/WARN]: Can't keep up! Is the server overloaded? Running 3248ms or 64 ticks behind
[15:40:07] [Server thread/INFO]: MTpromax[/127.0.0.1:63117] logged in with entity id 46569 at (-376.65395058683066, 69.0, 530.0626818358721)
[15:40:07] [Server thread/INFO]: MTpromax joined the game
[15:40:07] [Netty Server IO #1/WARN]: Received invalid identifier in minecraft:register: legacy:fml|hs (Non [a-z0-9/._-] character in path of location: legacy:fml|hs)
[15:40:11] [Server thread/WARN]: Can't keep up! Is the server overloaded? Running 2455ms or 49 ticks behind
[15:40:35] [Server thread/WARN]: Can't keep up! Is the server overloaded? Running 9392ms or 187 ticks behind
[15:40:56] [Server thread/WARN]: Can't keep up! Is the server overloaded? Running 6010ms or 120 ticks behind
[15:41:18] [Server thread/WARN]: Can't keep up! Is the server overloaded? Running 6938ms or 138 ticks behind
[15:41:41] [Server thread/WARN]: Can't keep up! Is the server overloaded? Running 7771ms or 155 ticks behind
[15:42:10] [Server thread/WARN]: Can't keep up! Is the server overloaded? Running 14479ms or 289 ticks behind
[15:44:56] [Server thread/WARN]: Can't keep up! Is the server overloaded? Running 2042ms or 40 ticks behind
[15:47:03] [Server thread/WARN]: Can't keep up! Is the server overloaded? Running 2061ms or 41 ticks behind
[15:47:03] [Server thread/INFO]: ChengXi123 lost connection: Disconnected
[15:47:03] [Server thread/INFO]: ChengXi123 left the game
[15:47:14] [Server thread/INFO]: ChengXi123[/127.0.0.1:63372] logged in with entity id 47616 at (-134.99070058404357, 73.0, 435.52745163456234)
[15:47:14] [Server thread/INFO]: ChengXi123 joined the game
[15:47:15] [Netty Server IO #0/WARN]: Received invalid identifier in minecraft:register: legacy:fml|hs (Non [a-z0-9/._-] character in path of location: legacy:fml|hs)
[15:47:26] [Server thread/WARN]: Can't keep up! Is the server overloaded? Running 7498ms or 149 ticks behind
[15:50:20] [Server thread/WARN]: Can't keep up! Is the server overloaded? Running 2054ms or 41 ticks behind
[15:52:08] [Server thread/INFO]: Villager class_1646['Mason'/41586, l='skimit', x=-160.98, y=71.00, z=422.41] died, message: 'Mason was slain by ChengXi123'
[15:52:16] [Server thread/WARN]: Can't keep up! Is the server overloaded? Running 2562ms or 51 ticks behind
[15:52:23] [Server thread/INFO]: MTpromax lost connection: Disconnected
[15:52:23] [Server thread/INFO]: MTpromax left the game
[16:02:20] [Server thread/WARN]: Can't keep up! Is the server overloaded? Running 2631ms or 52 ticks behind
[16:03:34] [Server thread/INFO]: [TextileBackup]: Backup started by: SERVER on: 2020-04-16_16-03-34
[16:03:34] [Server thread/INFO]: [TextileBackup]: Saving server...
[16:03:34] [Thread-54/INFO]: [TextileBackup]: Starting compression...
[16:03:38] [Server thread/WARN]: Can't keep up! Is the server overloaded? Running 2576ms or 51 ticks behind
[16:04:06] [Server thread/WARN]: Can't keep up! Is the server overloaded? Running 12576ms or 251 ticks behind
[16:04:39] [Server thread/WARN]: Can't keep up! Is the server overloaded? Running 18063ms or 361 ticks behind
[16:05:09] [Server thread/WARN]: Can't keep up! Is the server overloaded? Running 15524ms or 310 ticks behind
[16:05:35] [Server thread/WARN]: Can't keep up! Is the server overloaded? Running 10766ms or 215 ticks behind
[16:05:39] [Thread-54/INFO]: [TextileBackup]: Compression finished
[16:05:39] [Thread-54/INFO]: [TextileBackup]: Deleting: 2020-04-16_05-30-01.zip
[16:05:39] [Thread-54/INFO]: [TextileBackup]: Done!
[16:13:20] [Server thread/INFO]: MTpromax[/127.0.0.1:64319] logged in with entity id 50016 at (-104.09663149671734, 63.0, 478.3239093651239)
[16:13:20] [Netty Server IO #1/WARN]: Received invalid identifier in minecraft:register: legacy:fml|hs (Non [a-z0-9/._-] character in path of location: legacy:fml|hs)
[16:13:21] [Server thread/INFO]: MTpromax joined the game
[16:17:05] [Server thread/INFO]: ChengXi123 lost connection: Disconnected
[16:17:05] [Server thread/INFO]: ChengXi123 left the game
[16:17:19] [Server thread/INFO]: <MTpromax> Chengxi123你树厂一次能够弄多少个原木
[16:20:46] [Server thread/WARN]: Can't keep up! Is the server overloaded? Running 2032ms or 40 ticks behind
[16:22:14] [Server thread/WARN]: Can't keep up! Is the server overloaded? Running 2008ms or 40 ticks behind
[16:22:37] [Server thread/WARN]: Can't keep up! Is the server overloaded? Running 2012ms or 40 ticks behind
[16:23:26] [Server thread/WARN]: Can't keep up! Is the server overloaded? Running 3060ms or 61 ticks behind
[16:23:46] [Server thread/WARN]: Can't keep up! Is the server overloaded? Running 4847ms or 96 ticks behind
[16:25:22] [Server thread/INFO]: MTpromax lost connection: Disconnected
[16:25:22] [Server thread/INFO]: MTpromax left the game
[16:36:11] [Server thread/INFO]: Added mingyuang to the whitelist
[16:36:11] [Server thread/WARN]: Can't keep up! Is the server overloaded? Running 2387ms or 47 ticks behind
[16:36:47] [Server thread/INFO]: Player is already whitelisted
[16:44:28] [Server thread/INFO]: MTpromax[/127.0.0.1:65473] logged in with entity id 52147 at (-394.5213894345199, 70.5, 485.3547883737989)
[16:44:28] [Netty Server IO #0/WARN]: Received invalid identifier in minecraft:register: legacy:fml|hs (Non [a-z0-9/._-] character in path of location: legacy:fml|hs)
[16:44:28] [Server thread/INFO]: MTpromax joined the game
[16:44:30] [Server thread/WARN]: Can't keep up! Is the server overloaded? Running 2077ms or 41 ticks behind
[16:46:05] [Server thread/INFO]: Unknown command
[16:46:05] [Server thread/INFO]: wl add mingyuang<--[HERE]
[16:48:49] [Server thread/INFO]: MTpromax lost connection: Disconnected
[16:48:49] [Server thread/INFO]: MTpromax left the game
[16:50:33] [Server thread/INFO]: Unknown command
[16:50:33] [Server thread/INFO]:  whitelist add mingyuang<--[HERE]
[17:04:00] [Server thread/INFO]: ChengXi123[/127.0.0.1:49808] logged in with entity id 52768 at (-139.73886803441044, 82.5625, 423.4560249248806)
[17:04:00] [Netty Server IO #0/WARN]: Received invalid identifier in minecraft:register: legacy:fml|hs (Non [a-z0-9/._-] character in path of location: legacy:fml|hs)
[17:04:00] [Server thread/INFO]: ChengXi123 joined the game
[17:04:00] [Server thread/INFO]: [TextileBackup]: Backup started by: SERVER on: 2020-04-16_17-04-00
[17:04:00] [Server thread/INFO]: [TextileBackup]: Saving server...
[17:04:00] [Thread-55/INFO]: [TextileBackup]: Starting compression...
[17:04:03] [Server thread/WARN]: Can't keep up! Is the server overloaded? Running 2079ms or 41 ticks behind
[17:04:36] [Server thread/WARN]: Can't keep up! Is the server overloaded? Running 18723ms or 374 ticks behind
[17:05:11] [Server thread/WARN]: Can't keep up! Is the server overloaded? Running 19748ms or 394 ticks behind
[17:05:42] [Server thread/WARN]: Can't keep up! Is the server overloaded? Running 15569ms or 311 ticks behind
[17:06:13] [Thread-55/INFO]: [TextileBackup]: Compression finished
[17:06:13] [Thread-55/INFO]: [TextileBackup]: Deleting: 2020-04-16_08-11-39.zip
[17:06:13] [Thread-55/INFO]: [TextileBackup]: Done!
[17:06:14] [Server thread/WARN]: Can't keep up! Is the server overloaded? Running 17501ms or 350 ticks behind
[17:07:53] [Server thread/INFO]: ChengXi123 lost connection: Disconnected
[17:07:53] [Server thread/INFO]: ChengXi123 left the game
[17:11:34] [Server thread/INFO]: Yu_Chei[/127.0.0.1:50097] logged in with entity id 53095 at (-466.13572200109866, 78.0625, 459.45323381265547)
[17:11:34] [Netty Server IO #1/WARN]: Received invalid identifier in minecraft:register: legacy:fml|hs (Non [a-z0-9/._-] character in path of location: legacy:fml|hs)
[17:11:34] [Server thread/INFO]: Yu_Chei joined the game
[17:12:01] [Server thread/INFO]: Yu_Chei lost connection: Disconnected
[17:12:01] [Server thread/INFO]: Yu_Chei left the game
[17:12:07] [Server thread/INFO]: Yu_Chei[/127.0.0.1:50120] logged in with entity id 53285 at (-466.13572200109866, 78.0625, 459.45323381265547)
[17:12:07] [Netty Server IO #0/WARN]: Received invalid identifier in minecraft:register: legacy:fml|hs (Non [a-z0-9/._-] character in path of location: legacy:fml|hs)
[17:12:07] [Server thread/INFO]: Yu_Chei joined the game
[17:14:20] [Server thread/INFO]: Yu_Chei lost connection: Disconnected
[17:14:20] [Server thread/INFO]: Yu_Chei left the game
[17:15:45] [Server thread/INFO]: Yu_Chei[/127.0.0.1:50263] logged in with entity id 53678 at (-521.0749999880791, 64.0, 385.7670632981522)
[17:15:45] [Netty Server IO #1/WARN]: Received invalid identifier in minecraft:register: legacy:fml|hs (Non [a-z0-9/._-] character in path of location: legacy:fml|hs)
[17:15:45] [Server thread/INFO]: Yu_Chei joined the game
[17:15:49] [Server thread/WARN]: Can't keep up! Is the server overloaded? Running 2089ms or 41 ticks behind
[17:19:42] [Server thread/INFO]: Yu_Chei has made the advancement [A Throwaway Joke]
[17:24:31] [Server thread/INFO]: Player is already whitelisted
[17:24:54] [Server thread/WARN]: Can't keep up! Is the server overloaded? Running 2600ms or 52 ticks behind
[17:25:14] [Server thread/WARN]: Can't keep up! Is the server overloaded? Running 4984ms or 99 ticks behind
[17:28:25] [Server thread/INFO]: ChengXi123[/127.0.0.1:50728] logged in with entity id 55197 at (-132.51867959063546, 68.0, 436.0233719226969)
[17:28:25] [Netty Server IO #0/WARN]: Received invalid identifier in minecraft:register: legacy:fml|hs (Non [a-z0-9/._-] character in path of location: legacy:fml|hs)
[17:28:26] [Server thread/INFO]: ChengXi123 joined the game
[17:28:32] [Server thread/WARN]: Can't keep up! Is the server overloaded? Running 2005ms or 40 ticks behind
[17:28:58] [Server thread/WARN]: Can't keep up! Is the server overloaded? Running 2015ms or 40 ticks behind
[17:29:17] [Server thread/WARN]: Can't keep up! Is the server overloaded? Running 3266ms or 65 ticks behind
[17:29:34] [Server thread/WARN]: Can't keep up! Is the server overloaded? Running 2540ms or 50 ticks behind
[17:29:51] [Server thread/WARN]: Can't keep up! Is the server overloaded? Running 2078ms or 41 ticks behind
[17:30:09] [Server thread/WARN]: Can't keep up! Is the server overloaded? Running 2263ms or 45 ticks behind
[17:30:30] [Server thread/WARN]: Can't keep up! Is the server overloaded? Running 6689ms or 133 ticks behind
[17:30:48] [Server thread/WARN]: Can't keep up! Is the server overloaded? Running 2383ms or 47 ticks behind
[17:31:04] [Server thread/INFO]: Yu_Chei lost connection: Disconnected
[17:31:04] [Server thread/INFO]: Yu_Chei left the game
[17:31:27] [Server thread/INFO]: Yu_Chei[/127.0.0.1:50843] logged in with entity id 55759 at (-467.30950665531446, 74.0, 458.54506900680724)
[17:31:27] [Netty Server IO #0/WARN]: Received invalid identifier in minecraft:register: legacy:fml|hs (Non [a-z0-9/._-] character in path of location: legacy:fml|hs)
[17:31:27] [Server thread/INFO]: Yu_Chei joined the game
[17:31:28] [Server thread/WARN]: Fetching packet for removed entity class_1642['Zombie'/55578, l='skimit', x=-501.15, y=17.35, z=457.94]
[17:31:30] [Server thread/WARN]: Can't keep up! Is the server overloaded? Running 2302ms or 46 ticks behind
[17:31:44] [Server thread/INFO]: <ChengXi123> 亡灵杀手5你要吗
[17:31:51] [Server thread/WARN]: Can't keep up! Is the server overloaded? Running 5904ms or 118 ticks behind
[17:31:56] [Server thread/INFO]: <Yu_Chei> 不了
[17:32:10] [Server thread/WARN]: Can't keep up! Is the server overloaded? Running 3312ms or 66 ticks behind
[17:32:19] [Server thread/INFO]: <ChengXi123> 我要刷出经验修补
[17:32:32] [Server thread/WARN]: Can't keep up! Is the server overloaded? Running 2002ms or 40 ticks behind
[17:32:56] [Server thread/WARN]: Can't keep up! Is the server overloaded? Running 2007ms or 40 ticks behind
[17:33:14] [Server thread/WARN]: Can't keep up! Is the server overloaded? Running 2829ms or 56 ticks behind
[17:33:15] [Server thread/INFO]: <Yu_Chei> 那给我吧
[17:33:31] [Server thread/INFO]: <ChengXi123> 给你什么
[17:33:35] [Server thread/WARN]: Can't keep up! Is the server overloaded? Running 6503ms or 130 ticks behind
[17:33:57] [Server thread/WARN]: Can't keep up! Is the server overloaded? Running 6804ms or 136 ticks behind
[17:33:58] [Server thread/INFO]: <Yu_Chei> 亡灵杀手五
[17:34:09] [Server thread/INFO]: <ChengXi123> 你在哪
[17:34:19] [Server thread/WARN]: Can't keep up! Is the server overloaded? Running 7240ms or 144 ticks behind
[17:34:30] [Server thread/INFO]: <Yu_Chei> 我自己家
[17:34:43] [Server thread/WARN]: Can't keep up! Is the server overloaded? Running 8587ms or 171 ticks behind
[17:36:07] [Server thread/INFO]: <ChengXi123> 你是建筑师吧
[17:36:13] [Server thread/WARN]: Can't keep up! Is the server overloaded? Running 3811ms or 76 ticks behind
[17:36:33] [Server thread/INFO]: <Yu_Chei> 应该算是
[17:36:33] [Server thread/WARN]: Can't keep up! Is the server overloaded? Running 5744ms or 114 ticks behind
[17:36:52] [Server thread/WARN]: Can't keep up! Is the server overloaded? Running 3631ms or 72 ticks behind
[17:37:09] [Server thread/WARN]: Can't keep up! Is the server overloaded? Running 2279ms or 45 ticks behind
[17:37:27] [Server thread/WARN]: Can't keep up! Is the server overloaded? Running 2684ms or 53 ticks behind
[17:37:45] [Server thread/WARN]: Can't keep up! Is the server overloaded? Running 2941ms or 58 ticks behind
[17:37:53] [Server thread/INFO]: <Yu_Chei> 我不小心把我的手隐藏掉了
[17:38:03] [Server thread/WARN]: Can't keep up! Is the server overloaded? Running 2895ms or 57 ticks behind
[17:38:11] [Server thread/INFO]: <Yu_Chei> 怎么弄回来
[17:38:20] [Server thread/INFO]: <ChengXi123> 不清楚
[17:38:21] [Server thread/WARN]: Can't keep up! Is the server overloaded? Running 3626ms or 72 ticks behind
[17:38:30] [Server thread/INFO]: <Yu_Chei> XWX
[17:38:46] [Server thread/WARN]: Can't keep up! Is the server overloaded? Running 10310ms or 206 ticks behind
[17:39:10] [Server thread/WARN]: Can't keep up! Is the server overloaded? Running 8753ms or 175 ticks behind
[17:39:34] [Server thread/WARN]: Can't keep up! Is the server overloaded? Running 8452ms or 169 ticks behind
[17:39:56] [Server thread/WARN]: Can't keep up! Is the server overloaded? Running 7340ms or 146 ticks behind
[17:40:18] [Server thread/WARN]: Can't keep up! Is the server overloaded? Running 6825ms or 136 ticks behind
[17:40:36] [Server thread/WARN]: Can't keep up! Is the server overloaded? Running 3257ms or 65 ticks behind
[17:40:58] [Server thread/WARN]: Can't keep up! Is the server overloaded? Running 6606ms or 132 ticks behind
[17:41:13] [Server thread/INFO]: Yu_Chei lost connection: Disconnected
[17:41:13] [Server thread/INFO]: Yu_Chei left the game
[17:41:16] [Server thread/WARN]: Can't keep up! Is the server overloaded? Running 3855ms or 77 ticks behind
[17:41:19] [Server thread/INFO]: Yu_Chei[/127.0.0.1:51205] logged in with entity id 57531 at (-478.0885506916029, 70.0, 466.2160325364434)
[17:41:20] [Server thread/INFO]: Yu_Chei joined the game
[17:41:20] [Netty Server IO #0/WARN]: Received invalid identifier in minecraft:register: legacy:fml|hs (Non [a-z0-9/._-] character in path of location: legacy:fml|hs)
[17:41:43] [Server thread/WARN]: Can't keep up! Is the server overloaded? Running 11576ms or 231 ticks behind
[17:42:03] [Server thread/WARN]: Can't keep up! Is the server overloaded? Running 4849ms or 96 ticks behind
[17:42:22] [Server thread/WARN]: Can't keep up! Is the server overloaded? Running 3785ms or 75 ticks behind
[17:42:40] [Server thread/WARN]: Can't keep up! Is the server overloaded? Running 3435ms or 68 ticks behind
[17:43:03] [Server thread/WARN]: Can't keep up! Is the server overloaded? Running 7794ms or 155 ticks behind
[17:43:22] [Server thread/WARN]: Can't keep up! Is the server overloaded? Running 4489ms or 89 ticks behind
[17:43:29] [Server thread/INFO]: <ChengXi123> 你有什么要忙的吗
[17:43:39] [Server thread/WARN]: Can't keep up! Is the server overloaded? Running 2416ms or 48 ticks behind
[17:43:45] [Server thread/INFO]: <Yu_Chei> 没
[17:43:57] [Server thread/WARN]: Can't keep up! Is the server overloaded? Running 2431ms or 48 ticks behind
[17:44:13] [Server thread/INFO]: <ChengXi123> 那就尽量不在服主家，容易卡
[17:44:17] [Server thread/WARN]: Can't keep up! Is the server overloaded? Running 2012ms or 40 ticks behind
[17:44:36] [Server thread/WARN]: Can't keep up! Is the server overloaded? Running 4260ms or 85 ticks behind
[17:44:56] [Server thread/WARN]: Can't keep up! Is the server overloaded? Running 4650ms or 93 ticks behind
[17:45:15] [Server thread/WARN]: Can't keep up! Is the server overloaded? Running 4112ms or 82 ticks behind
[17:45:33] [Server thread/WARN]: Can't keep up! Is the server overloaded? Running 3208ms or 64 ticks behind
[17:45:51] [Server thread/WARN]: Can't keep up! Is the server overloaded? Running 3028ms or 60 ticks behind
[17:46:09] [Server thread/WARN]: Can't keep up! Is the server overloaded? Running 2566ms or 51 ticks behind
[17:46:10] [Server thread/INFO]: <ChengXi123> 你还要吗
[17:46:22] [Server thread/INFO]: <ChengXi123> 19绿宝石一本
[17:46:25] [Server thread/INFO]: <Yu_Chei> 什么
[17:46:29] [Server thread/WARN]: Can't keep up! Is the server overloaded? Running 5408ms or 108 ticks behind
[17:46:37] [Server thread/INFO]: <ChengXi123> 亡灵杀手5啊
[17:46:50] [Server thread/WARN]: Can't keep up! Is the server overloaded? Running 6033ms or 120 ticks behind
[17:46:53] [Server thread/INFO]: <Yu_Chei> 你过来
[17:47:07] [Server thread/INFO]: <Yu_Chei> 我给你看一个东西
[17:47:09] [Server thread/INFO]: ChengXi123 lost connection: Disconnected
[17:47:09] [Server thread/INFO]: ChengXi123 left the game
[17:47:10] [Server thread/WARN]: Can't keep up! Is the server overloaded? Running 5097ms or 101 ticks behind
[17:47:20] [Server thread/INFO]: ChengXi123[/127.0.0.1:51428] logged in with entity id 58548 at (-130.6791353519025, 73.32447312596213, 434.59441926533094)
[17:47:20] [Server thread/INFO]: ChengXi123 joined the game
[17:47:21] [Netty Server IO #1/WARN]: Received invalid identifier in minecraft:register: legacy:fml|hs (Non [a-z0-9/._-] character in path of location: legacy:fml|hs)
[17:47:28] [Server thread/WARN]: Can't keep up! Is the server overloaded? Running 2006ms or 40 ticks behind
[17:47:39] [Server thread/INFO]: <ChengXi123> 哪儿
[17:47:45] [Server thread/WARN]: Can't keep up! Is the server overloaded? Running 2045ms or 40 ticks behind
[17:47:48] [Server thread/INFO]: <Yu_Chei> 我家
[17:48:30] [Server thread/INFO]: <ChengXi123> 你看看这个
[17:48:49] [Server thread/INFO]: <Yu_Chei> 一样
[17:48:49] [Server thread/INFO]: <ChengXi123> 就差个经验修补
[17:49:00] [Server thread/WARN]: Can't keep up! Is the server overloaded? Running 3548ms or 70 ticks behind
[17:49:02] [Server thread/INFO]: <ChengXi123> 我先去刷了
[17:49:05] [Server thread/INFO]: <Yu_Chei> 嗯
[17:49:15] [Server thread/INFO]: <Yu_Chei> 带我一个、
[17:49:18] [Server thread/WARN]: Can't keep up! Is the server overloaded? Running 3168ms or 63 ticks behind
[17:49:37] [Server thread/WARN]: Can't keep up! Is the server overloaded? Running 3822ms or 76 ticks behind
[17:49:57] [Server thread/WARN]: Can't keep up! Is the server overloaded? Running 2025ms or 40 ticks behind
[17:51:57] [Server thread/INFO]: xiaolouQAQ[/127.0.0.1:51598] logged in with entity id 59304 at (-530.0715306939609, 68.0, 442.93414456734047)
[17:51:57] [Netty Server IO #0/WARN]: Received invalid identifier in minecraft:register: legacy:fml|hs (Non [a-z0-9/._-] character in path of location: legacy:fml|hs)
[17:51:58] [Server thread/INFO]: xiaolouQAQ joined the game
[17:52:00] [Server thread/WARN]: Can't keep up! Is the server overloaded? Running 2045ms or 40 ticks behind
[17:52:02] [Server thread/INFO]: xiaolouQAQ lost connection: Disconnected
[17:52:02] [Server thread/INFO]: xiaolouQAQ left the game
[17:52:14] [Server thread/INFO]: xiaolouQAQ[/127.0.0.1:51609] logged in with entity id 59368 at (-530.0715306939609, 68.0, 442.93414456734047)
[17:52:14] [Server thread/INFO]: xiaolouQAQ joined the game
[17:52:15] [Netty Server IO #0/WARN]: Received invalid identifier in minecraft:register: legacy:fml|hs (Non [a-z0-9/._-] character in path of location: legacy:fml|hs)
[17:52:22] [Server thread/WARN]: Can't keep up! Is the server overloaded? Running 6542ms or 130 ticks behind
[17:52:40] [Server thread/WARN]: Can't keep up! Is the server overloaded? Running 3673ms or 73 ticks behind
[17:52:58] [Server thread/WARN]: Can't keep up! Is the server overloaded? Running 3181ms or 63 ticks behind
[17:53:09] [Server thread/INFO]: <xiaolouQAQ> 你们在干啥呢
[17:53:19] [Server thread/WARN]: Can't keep up! Is the server overloaded? Running 5201ms or 104 ticks behind
[17:53:41] [Server thread/WARN]: Can't keep up! Is the server overloaded? Running 7046ms or 140 ticks behind
[17:54:02] [Server thread/WARN]: Can't keep up! Is the server overloaded? Running 6613ms or 132 ticks behind
[17:54:20] [Server thread/WARN]: Can't keep up! Is the server overloaded? Running 3087ms or 61 ticks behind
[17:54:42] [Server thread/WARN]: Can't keep up! Is the server overloaded? Running 2019ms or 40 ticks behind
[17:55:08] [Server thread/WARN]: Can't keep up! Is the server overloaded? Running 11391ms or 227 ticks behind
[17:55:27] [Server thread/WARN]: Can't keep up! Is the server overloaded? Running 3875ms or 77 ticks behind
[17:55:46] [Server thread/WARN]: Can't keep up! Is the server overloaded? Running 3756ms or 75 ticks behind
[17:56:04] [Server thread/WARN]: Can't keep up! Is the server overloaded? Running 3398ms or 67 ticks behind
[17:56:23] [Server thread/WARN]: Can't keep up! Is the server overloaded? Running 3684ms or 73 ticks behind
[17:56:35] [Server thread/INFO]: <ChengXi123> 出bug了
[17:56:39] [Server thread/INFO]: <xiaolouQAQ> ???
[17:56:43] [Server thread/WARN]: Can't keep up! Is the server overloaded? Running 4774ms or 95 ticks behind
[17:57:00] [Server thread/WARN]: Can't keep up! Is the server overloaded? Running 2710ms or 54 ticks behind
[17:57:06] [Server thread/INFO]: <ChengXi123> 千万不要交易
[17:57:16] [Server thread/INFO]: <xiaolouQAQ> 怎么回事
[17:57:20] [Server thread/WARN]: Can't keep up! Is the server overloaded? Running 4847ms or 96 ticks behind
[17:57:43] [Server thread/WARN]: Can't keep up! Is the server overloaded? Running 8115ms or 162 ticks behind
[17:58:05] [Server thread/WARN]: Can't keep up! Is the server overloaded? Running 7250ms or 145 ticks behind
[17:58:20] [Server thread/WARN]: Fetching packet for removed entity class_1542['Potato'/60723, l='skimit', x=-196.41, y=70.16, z=386.03]
[17:58:30] [Server thread/WARN]: Can't keep up! Is the server overloaded? Running 9464ms or 189 ticks behind
[17:58:54] [Server thread/WARN]: Can't keep up! Is the server overloaded? Running 9028ms or 180 ticks behind
[17:59:12] [Server thread/WARN]: Can't keep up! Is the server overloaded? Running 2757ms or 55 ticks behind
[17:59:27] [Server thread/INFO]: <ChengXi123> Yu_Chei一起来？
[17:59:29] [Server thread/WARN]: Can't keep up! Is the server overloaded? Running 2207ms or 44 ticks behind
[17:59:42] [Server thread/INFO]: <ChengXi123> 你一个我一个
[17:59:44] [Server thread/INFO]: <Yu_Chei> 怎么搞
[17:59:47] [Server thread/WARN]: Can't keep up! Is the server overloaded? Running 3048ms or 60 ticks behind
[18:00:04] [Server thread/WARN]: Can't keep up! Is the server overloaded? Running 2278ms or 45 ticks behind
[18:00:22] [Server thread/WARN]: Can't keep up! Is the server overloaded? Running 2733ms or 54 ticks behind
[18:00:41] [Server thread/WARN]: Can't keep up! Is the server overloaded? Running 4614ms or 92 ticks behind
[18:00:59] [Server thread/WARN]: Can't keep up! Is the server overloaded? Running 2223ms or 44 ticks behind
[18:01:15] [Server thread/INFO]: <ChengXi123> 放下讲台，查看村民的交易，如果没有经验修补就挖掉讲台，重复到有经验修补的交易，有经验修补前不要交易
[18:01:16] [Server thread/WARN]: Can't keep up! Is the server overloaded? Running 2911ms or 58 ticks behind
[18:01:37] [Server thread/WARN]: Can't keep up! Is the server overloaded? Running 5252ms or 105 ticks behind
[18:01:39] [Server thread/INFO]: <Yu_Chei> 好
[18:01:46] [Server thread/INFO]: <xiaolouQAQ> 但他不升级怎么看
[18:01:54] [Server thread/WARN]: Can't keep up! Is the server overloaded? Running 2760ms or 55 ticks behind
[18:02:13] [Server thread/WARN]: Can't keep up! Is the server overloaded? Running 3830ms or 76 ticks behind
[18:02:16] [Server thread/INFO]: <ChengXi123> 交易了就不可以重置了
[18:02:32] [Server thread/INFO]: <xiaolouQAQ> 变成僵尸再变回去可以不
[18:02:32] [Server thread/WARN]: Can't keep up! Is the server overloaded? Running 4175ms or 83 ticks behind
[18:02:50] [Server thread/WARN]: Can't keep up! Is the server overloaded? Running 2983ms or 59 ticks behind
[18:02:54] [Server thread/INFO]: <ChengXi123> 交易列表也不能重置
[18:03:10] [Server thread/WARN]: Can't keep up! Is the server overloaded? Running 4479ms or 89 ticks behind
[18:03:29] [Server thread/WARN]: Can't keep up! Is the server overloaded? Running 4297ms or 85 ticks behind
[18:03:48] [Server thread/WARN]: Can't keep up! Is the server overloaded? Running 3661ms or 73 ticks behind
[18:03:50] [Server thread/INFO]: <ChengXi123> 抢夺3都出了5，,6次了
[18:04:02] [Server thread/INFO]: [TextileBackup]: Backup started by: SERVER on: 2020-04-16_18-04-02
[18:04:02] [Server thread/INFO]: [TextileBackup]: Saving server...
[18:04:04] [Thread-56/INFO]: [TextileBackup]: Starting compression...
[18:04:15] [Server thread/WARN]: Can't keep up! Is the server overloaded? Running 12716ms or 254 ticks behind
[18:04:30] [Server thread/INFO]: <Yu_Chei> 你讲台都没给我
[18:05:17] [Server thread/WARN]: Can't keep up! Is the server overloaded? Running 46827ms or 936 ticks behind
[18:05:20] [Server thread/INFO]: ChengXi123 lost connection: Disconnected
[18:05:20] [Server thread/INFO]: ChengXi123 left the game
[18:05:33] [Server thread/INFO]: ChengXi123[/127.0.0.1:52087] logged in with entity id 61767 at (-390.96620585467883, 71.01282823565444, 456.98582462741985)
[18:05:33] [Netty Server IO #0/WARN]: Received invalid identifier in minecraft:register: legacy:fml|hs (Non [a-z0-9/._-] character in path of location: legacy:fml|hs)
[18:05:33] [Server thread/INFO]: ChengXi123 joined the game
[18:06:30] [Server Watchdog/FATAL]: A single server tick took 61.37 seconds (should be max 0.05)
[18:06:30] [Server Watchdog/FATAL]: Considering it to be crashed, server will forcibly shutdown.
[18:06:33] [Server Watchdog/ERROR]: This crash report has been saved to: C:\Server\skimit_survival\.\crash-reports\crash-2020-04-16_18.06.32-server.txt
[18:06:36] [Server thread/INFO]: Stopping server
[18:06:36] [Server thread/INFO]: Saving players
[18:06:36] [Thread-56/INFO]: [TextileBackup]: Compression finished
[18:06:36] [Thread-56/INFO]: [TextileBackup]: Deleting: 2020-04-16_09-11-54.zip
[18:06:36] [Thread-56/INFO]: [TextileBackup]: Done!
[18:06:36] [Server thread/INFO]: Yu_Chei lost connection: Internal Exception: java.lang.StackOverflowError
[18:06:36] [Server thread/INFO]: Yu_Chei left the game
[18:06:36] [Server thread/INFO]: ChengXi123 lost connection: Internal Exception: java.lang.StackOverflowError
[18:06:36] [Server thread/INFO]: ChengXi123 left the game
[18:06:37] [Server thread/INFO]: Saving worlds
[18:06:37] [Server thread/INFO]: Saving chunks for level 'skimit'/minecraft:overworld
[18:06:40] [Server thread/INFO]: ThreadedAnvilChunkStorage (skimit): All chunks are saved
[18:06:40] [Server thread/INFO]: Saving chunks for level 'skimit'/minecraft:the_nether
[18:06:40] [Server thread/INFO]: ThreadedAnvilChunkStorage (DIM-1): All chunks are saved
[18:06:40] [Server thread/INFO]: Saving chunks for level 'skimit'/minecraft:the_end
[18:06:40] [Server thread/INFO]: ThreadedAnvilChunkStorage (DIM1): All chunks are saved
[18:06:40] [Server thread/INFO]: [TextileBackup]: Backup started by: SERVER on: 2020-04-16_18-06-40
[18:06:40] [Server thread/INFO]: [TextileBackup]: Saving server...
[18:06:40] [Thread-58/INFO]: [TextileBackup]: Starting compression...
[18:06:40] [Server thread/INFO]: ThreadedAnvilChunkStorage (skimit): All chunks are saved
[18:06:41] [Server thread/INFO]: ThreadedAnvilChunkStorage (DIM-1): All chunks are saved
[18:06:41] [Server thread/INFO]: ThreadedAnvilChunkStorage (DIM1): All chunks are saved
