[13:21:06] [Server thread/INFO]: Nan_Yang[/101.132.153.204:48311] logged in with entity id 721140 at (-342.6421104518211, 69.0, 500.61997615848793)
[13:21:06] [Server thread/INFO]: Nan_Yang joined the game
[13:21:06] [Netty Epoll Server IO #2/WARN]: Received invalid identifier in minecraft:register: legacy:fml|hs (Non [a-z0-9/._-] character in path of location: legacy:fml|hs)
[13:21:45] [Netty Epoll Server IO #2/WARN]: Player Nan_Yang joined with another carpet version: 1.4.9+v200815
[13:22:07] [Server thread/INFO]: Nan_Yang lost connection: Disconnected
[13:22:07] [Server thread/INFO]: Nan_Yang left the game
[13:22:37] [Server thread/INFO]: Nan_Yang[/101.132.153.204:57979] logged in with entity id 721396 at (-342.6421104518211, 69.0, 500.61997615848793)
[13:22:37] [Server thread/INFO]: Nan_Yang joined the game
[13:22:37] [Netty Epoll Server IO #5/WARN]: Received invalid identifier in minecraft:register: legacy:fml|hs (Non [a-z0-9/._-] character in path of location: legacy:fml|hs)
[13:22:41] [Netty Epoll Server IO #5/WARN]: Player Nan_Yang joined with another carpet version: 1.4.9+v200815
[13:23:53] [Server thread/WARN]: Fetching packet for removed entity class_1542['Air'/721669, l='ServerLevel[world]', x=-367.30, y=70.26, z=478.50]
[13:27:02] [Server thread/WARN]: Mismatch in destroy block pos: class_2338{x=-302, y=70, z=416} class_2338{x=-303, y=70, z=416}
[13:31:15] [Server thread/WARN]: Fetching packet for removed entity class_1542['Air'/723709, l='ServerLevel[world]', x=-367.30, y=74.26, z=440.50]
[13:31:30] [Server thread/INFO]: <Nan_Yang> ...
[13:32:32] [Server thread/INFO]: Nan_Yang lost connection: Disconnected
[13:32:32] [Server thread/INFO]: Nan_Yang left the game
[17:21:06] [Server thread/INFO]: [Textile Backup] Backup started by: Timer on: 2020-12-06_17-21-06
[17:21:06] [Server thread/INFO]: Saving server...
[17:21:06] [Server thread/INFO]: [Textile Backup] Saving server...
[17:21:06] [Server thread/INFO]: ThreadedAnvilChunkStorage (world): All chunks are saved
[17:21:06] [Server thread/INFO]: ThreadedAnvilChunkStorage (DIM-1): All chunks are saved
[17:21:06] [Server thread/INFO]: ThreadedAnvilChunkStorage (DIM1): All chunks are saved
[17:21:06] [pool-3-thread-1/INFO]: Starting backup
[17:21:06] [pool-3-thread-1/INFO]: [Textile Backup] Starting backup
[17:21:06] [pool-3-thread-1/INFO]: Starting compression...
[17:21:06] [pool-3-thread-1/ERROR]: [Textile Backup] An exception occurred!
java.util.concurrent.ExecutionException: java.io.IOException: No space left on device
	at java.util.concurrent.FutureTask.report(FutureTask.java:122) ~[?:1.8.0_275]
	at java.util.concurrent.FutureTask.get(FutureTask.java:192) ~[?:1.8.0_275]
	at org.apache.commons.compress.archivers.zip.ParallelScatterZipCreator.writeTo(ParallelScatterZipCreator.java:266) ~[7d724b66-2d03-45f0-aed7-29fa581bbf8b.jar:?]
	at net.szum123321.textile_backup.core.create.compressors.ParallelZipCompressor.createArchive(ParallelZipCompressor.java:77) [%5B%E5%A4%87%E4%BB%BD%5Dtextile_backup-2.0.1-1.16.3.jar:?]
	at net.szum123321.textile_backup.core.create.MakeBackupRunnable.run(MakeBackupRunnable.java:76) [%5B%E5%A4%87%E4%BB%BD%5Dtextile_backup-2.0.1-1.16.3.jar:?]
	at java.util.concurrent.Executors$RunnableAdapter.call(Executors.java:511) [?:1.8.0_275]
	at java.util.concurrent.FutureTask.run(FutureTask.java:266) [?:1.8.0_275]
	at java.util.concurrent.ThreadPoolExecutor.runWorker(ThreadPoolExecutor.java:1149) [?:1.8.0_275]
	at java.util.concurrent.ThreadPoolExecutor$Worker.run(ThreadPoolExecutor.java:624) [?:1.8.0_275]
	at java.lang.Thread.run(Thread.java:748) [?:1.8.0_275]
Caused by: java.io.IOException: No space left on device
	at sun.nio.ch.FileDispatcherImpl.write0(Native Method) ~[?:1.8.0_275]
	at sun.nio.ch.FileDispatcherImpl.write(FileDispatcherImpl.java:60) ~[?:1.8.0_275]
	at sun.nio.ch.IOUtil.writeFromNativeBuffer(IOUtil.java:93) ~[?:1.8.0_275]
	at sun.nio.ch.IOUtil.write(IOUtil.java:65) ~[?:1.8.0_275]
	at sun.nio.ch.FileChannelImpl.write(FileChannelImpl.java:211) ~[?:1.8.0_275]
	at java.nio.channels.Channels.writeFullyImpl(Channels.java:78) ~[?:1.8.0_275]
	at java.nio.channels.Channels.writeFully(Channels.java:101) ~[?:1.8.0_275]
	at java.nio.channels.Channels.access$000(Channels.java:61) ~[?:1.8.0_275]
	at java.nio.channels.Channels$1.write(Channels.java:174) ~[?:1.8.0_275]
	at org.apache.commons.compress.parallel.FileBasedScatterGatherBackingStore.writeOut(FileBasedScatterGatherBackingStore.java:65) ~[7d724b66-2d03-45f0-aed7-29fa581bbf8b.jar:?]
	at org.apache.commons.compress.archivers.zip.StreamCompressor$ScatterGatherBackingStoreCompressor.writeOut(StreamCompressor.java:291) ~[7d724b66-2d03-45f0-aed7-29fa581bbf8b.jar:?]
	at org.apache.commons.compress.archivers.zip.StreamCompressor.writeCounted(StreamCompressor.java:273) ~[7d724b66-2d03-45f0-aed7-29fa581bbf8b.jar:?]
	at org.apache.commons.compress.archivers.zip.StreamCompressor.deflate(StreamCompressor.java:264) ~[7d724b66-2d03-45f0-aed7-29fa581bbf8b.jar:?]
	at org.apache.commons.compress.archivers.zip.StreamCompressor.deflateUntilInputIsNeeded(StreamCompressor.java:257) ~[7d724b66-2d03-45f0-aed7-29fa581bbf8b.jar:?]
	at org.apache.commons.compress.archivers.zip.StreamCompressor.writeDeflated(StreamCompressor.java:238) ~[7d724b66-2d03-45f0-aed7-29fa581bbf8b.jar:?]
	at org.apache.commons.compress.archivers.zip.StreamCompressor.write(StreamCompressor.java:205) ~[7d724b66-2d03-45f0-aed7-29fa581bbf8b.jar:?]
	at org.apache.commons.compress.archivers.zip.StreamCompressor.deflate(StreamCompressor.java:184) ~[7d724b66-2d03-45f0-aed7-29fa581bbf8b.jar:?]
	at org.apache.commons.compress.archivers.zip.ScatterZipOutputStream.addArchiveEntry(ScatterZipOutputStream.java:100) ~[7d724b66-2d03-45f0-aed7-29fa581bbf8b.jar:?]
	at org.apache.commons.compress.archivers.zip.ParallelScatterZipCreator$3.call(ParallelScatterZipCreator.java:210) ~[7d724b66-2d03-45f0-aed7-29fa581bbf8b.jar:?]
	at org.apache.commons.compress.archivers.zip.ParallelScatterZipCreator$3.call(ParallelScatterZipCreator.java:206) ~[7d724b66-2d03-45f0-aed7-29fa581bbf8b.jar:?]
	... 4 more
[17:21:06] [pool-3-thread-1/ERROR]: Something went wrong while compressing files!
[17:21:06] [pool-3-thread-1/INFO]: Compression took: 00.711 seconds.
[17:21:08] [pool-3-thread-1/INFO]: Done!
[17:21:08] [pool-3-thread-1/INFO]: [Textile Backup] Done!
