[06:01:06] [main/INFO]: Loading for game Minecraft 1.15.2
[06:01:07] [main/INFO]: [FabricLoader] Loading 4 mods: minecraft@1.15.2, carpet-extra@1.3.15, fabricloader@0.7.8+build.189, carpet@1.3.15
[06:01:07] [main/INFO]: SpongePowered MIXIN Subsystem Version=0.8 Source=file:/C:/Server/skimit_survival/fabric-server-launch.jar Service=Knot/Fabric Env=SERVER
[06:02:20] [main/WARN]: Ambiguity between arguments [teleport, destination] and [teleport, targets] with inputs: [Player, 0123, @e, dd12be42-52a9-4a91-a8a1-11c01849e498]
[06:02:20] [main/WARN]: Ambiguity between arguments [teleport, location] and [teleport, destination] with inputs: [0.1 -0.5 .9, 0 0 0]
[06:02:20] [main/WARN]: Ambiguity between arguments [teleport, location] and [teleport, targets] with inputs: [0.1 -0.5 .9, 0 0 0]
[06:02:20] [main/WARN]: Ambiguity between arguments [teleport, targets] and [teleport, destination] with inputs: [Player, 0123, dd12be42-52a9-4a91-a8a1-11c01849e498]
[06:02:20] [main/WARN]: Ambiguity between arguments [teleport, targets, location] and [teleport, targets, destination] with inputs: [0.1 -0.5 .9, 0 0 0]
[06:02:21] [Server thread/INFO]: Starting minecraft server version 1.15.2
[06:02:21] [Server thread/INFO]: Loading properties
[06:02:21] [Server thread/INFO]: Default game type: SURVIVAL
[06:02:21] [Server thread/INFO]: Generating keypair
[06:02:21] [Server thread/INFO]: Starting Minecraft server on *:26565
[06:02:21] [Server thread/INFO]: Using default channel type
[06:02:22] [Server thread/WARN]: **** SERVER IS RUNNING IN OFFLINE/INSECURE MODE!
[06:02:22] [Server thread/WARN]: The server will make no attempt to authenticate usernames. Beware.
[06:02:22] [Server thread/WARN]: While this makes the game possible to play without internet access, it also opens up the ability for hackers to connect with any username they choose.
[06:02:22] [Server thread/WARN]: To change this, set "online-mode" to "true" in the server.properties file.
[06:02:23] [Server thread/INFO]: Preparing level "skimit"
[06:02:24] [Server thread/INFO]: [CM]: loaded setting commandDraw as false from carpet.conf
[06:02:24] [Server thread/INFO]: [CM]: loaded setting rotatorBlock as true from carpet.conf
[06:02:24] [Server thread/INFO]: [CM]: loaded setting combineXPOrbs as true from carpet.conf
[06:02:24] [Server thread/INFO]: [CM]: loaded setting onePlayerSleeping as true from carpet.conf
[06:02:24] [Server thread/INFO]: [CM]: loaded setting portalSuffocationFix as true from carpet.conf
[06:02:24] [Server thread/INFO]: [CM]: loaded setting leadFix as true from carpet.conf
[06:02:24] [Server thread/INFO]: [CM]: loaded setting antiCheatDisabled as true from carpet.conf
[06:02:24] [Server thread/INFO]: [CM]: loaded setting defaultLoggers as tps from carpet.conf
[06:02:24] [Server thread/INFO]: [CM]: loaded setting commandCameramode as false from carpet.conf
[06:02:24] [Server thread/INFO]: [CM]: loaded setting unloadedEntityFix as true from carpet.conf
[06:02:24] [Server thread/INFO]: [CM]: loaded setting ctrlQCraftingFix as true from carpet.conf
[06:02:25] [Server thread/INFO]: Reloading ResourceManager: Default, bukkit
[06:02:26] [Server thread/INFO]: Loaded 6 recipes
[06:02:29] [Server thread/INFO]: Loaded 825 advancements
[06:02:30] [Server thread/INFO]: Preparing start region for dimension minecraft:overworld
[06:02:33] [Server thread/INFO]: Preparing spawn area: 0%
[06:02:33] [Server thread/INFO]: Preparing spawn area: 0%
[06:02:33] [Server thread/INFO]: Preparing spawn area: 0%
[06:02:33] [Server thread/INFO]: Preparing spawn area: 0%
[06:02:33] [Server thread/INFO]: Preparing spawn area: 0%
[06:02:33] [Server thread/INFO]: Preparing spawn area: 0%
[06:02:33] [Server thread/INFO]: Preparing spawn area: 0%
[06:02:34] [Server thread/INFO]: Preparing spawn area: 0%
[06:02:35] [Server-Worker-2/INFO]: Preparing spawn area: 0%
[06:02:35] [Server-Worker-2/INFO]: Preparing spawn area: 0%
[06:02:36] [Server thread/INFO]: Preparing spawn area: 0%
[06:02:36] [Server thread/INFO]: Preparing spawn area: 0%
[06:02:36] [Server thread/INFO]: Preparing spawn area: 0%
[06:02:37] [Server thread/INFO]: Preparing spawn area: 83%
[06:02:38] [Server thread/INFO]: Time elapsed: 7598 ms
[06:02:38] [Server thread/INFO]: Done (14.720s)! For help, type "help"
[06:02:38] [Server thread/INFO]: Starting remote control listener
[06:02:38] [RCON Listener #1/INFO]: RCON running on 0.0.0.0:25636
[07:40:33] [Server thread/INFO]: Cora_cold[/127.0.0.1:63304] logged in with entity id 87 at (-539.7833905882795, 71.0, 644.9517948309721)
[07:40:33] [Server thread/INFO]: Cora_cold joined the game
[07:40:34] [Server thread/WARN]: Can't keep up! Is the server overloaded? Running 2209ms or 44 ticks behind
[07:43:22] [Server thread/INFO]: Villager class_1646['Villager'/390, l='skimit', x=-406.95, y=67.05, z=472.70] died, message: 'Villager suffocated in a wall'
[07:44:14] [Server thread/INFO]: Cora_cold has made the advancement [The Parrots and the Bats]
[07:46:23] [Server thread/INFO]: Villager class_1646['Villager'/392, l='skimit', x=-406.95, y=67.04, z=472.61] died, message: 'Villager suffocated in a wall'
[07:46:54] [Server thread/INFO]: Cora_cold has made the advancement [Sweet Dreams]
[07:47:43] [Server thread/WARN]: Can't keep up! Is the server overloaded? Running 2927ms or 58 ticks behind
[07:48:39] [Server thread/INFO]: Cora_cold has reached the goal [Postmortal]
[07:51:38] [Server thread/INFO]: Cora_cold lost connection: Disconnected
[07:51:38] [Server thread/INFO]: Cora_cold left the game
[09:34:03] [Server thread/INFO]: yunxiao[/127.0.0.1:51002] logged in with entity id 1913 at (-36.69999998807907, 114.0, -3.3978069792844723)
[09:34:03] [Server thread/INFO]: yunxiao joined the game
[09:35:53] [Server thread/WARN]: Can't keep up! Is the server overloaded? Running 2208ms or 44 ticks behind
[09:37:48] [Server thread/WARN]: Can't keep up! Is the server overloaded? Running 2113ms or 42 ticks behind
[09:41:19] [Server thread/INFO]: yunxiao lost connection: Timed out
[09:41:19] [Server thread/INFO]: yunxiao left the game
[09:41:19] [Server thread/WARN]: handleDisconnection() called twice
[09:43:53] [Server thread/INFO]: yunxiao[/127.0.0.1:51353] logged in with entity id 3517 at (96.908901587464, 59.0, 288.74233225514274)
[09:43:53] [Server thread/INFO]: yunxiao joined the game
[09:44:23] [Server thread/INFO]: yunxiao lost connection: Disconnected
[09:44:23] [Server thread/INFO]: yunxiao left the game
[09:44:25] [Server thread/INFO]: yunxiao[/127.0.0.1:51378] logged in with entity id 3575 at (98.41805162544706, 58.0, 285.21753954138427)
[09:44:25] [Server thread/INFO]: yunxiao joined the game
[09:47:50] [Server thread/WARN]: Can't keep up! Is the server overloaded? Running 2195ms or 43 ticks behind
[09:52:53] [Server thread/WARN]: Can't keep up! Is the server overloaded? Running 3568ms or 71 ticks behind
[09:57:21] [Server thread/WARN]: Can't keep up! Is the server overloaded? Running 9940ms or 198 ticks behind
[09:58:05] [Server thread/WARN]: Can't keep up! Is the server overloaded? Running 2058ms or 41 ticks behind
[10:04:20] [Server thread/INFO]: yunxiao has made the advancement [A Seedy Place]
[10:05:32] [Server thread/INFO]: yunxiao has made the advancement [Spooky Scary Skeleton]
[10:10:47] [Server thread/INFO]: yunxiao lost connection: Disconnected
[10:10:47] [Server thread/INFO]: yunxiao left the game
[10:11:20] [Server thread/INFO]: Cora_cold[/127.0.0.1:52338] logged in with entity id 7487 at (-514.1380963227518, 73.0625, 540.9527468674057)
[10:11:20] [Server thread/INFO]: Cora_cold joined the game
[10:24:41] [Server thread/INFO]: ChengXi123[/127.0.0.1:52818] logged in with entity id 9355 at (-372.2450414749579, 69.5625, 499.0561377919079)
[10:24:41] [Server thread/INFO]: ChengXi123 joined the game
[10:25:31] [Server thread/INFO]: Villager class_1646['Villager'/7664, l='skimit', x=-406.70, y=68.39, z=472.13] died, message: 'Villager was slain by ChengXi123'
[10:25:33] [Server thread/INFO]: Villager class_1646['Villager'/7657, l='skimit', x=-405.96, y=69.53, z=475.19] died, message: 'Villager was slain by ChengXi123'
[10:25:35] [Server thread/INFO]: Villager class_1646['Villager'/7663, l='skimit', x=-405.95, y=69.91, z=476.70] died, message: 'Villager was slain by ChengXi123'
[10:25:36] [Server thread/INFO]: Villager class_1646['Villager'/7662, l='skimit', x=-406.63, y=68.32, z=474.95] died, message: 'Villager was slain by ChengXi123'
[10:25:37] [Server thread/INFO]: Villager class_1646['Villager'/7660, l='skimit', x=-406.63, y=68.61, z=475.52] died, message: 'Villager was slain by ChengXi123'
[10:25:39] [Server thread/INFO]: Villager class_1646['Villager'/7665, l='skimit', x=-406.69, y=69.86, z=475.27] died, message: 'Villager was slain by ChengXi123'
[10:25:41] [Server thread/INFO]: Villager class_1646['Villager'/7661, l='skimit', x=-406.70, y=68.15, z=474.23] died, message: 'Villager was slain by ChengXi123'
[10:25:43] [Server thread/INFO]: Villager class_1646['Villager'/7656, l='skimit', x=-406.69, y=70.61, z=472.90] died, message: 'Villager was slain by ChengXi123'
[10:25:46] [Server thread/INFO]: Villager class_1646['Villager'/7659, l='skimit', x=-406.68, y=68.91, z=471.96] died, message: 'Villager was slain by ChengXi123'
[10:25:46] [Server thread/INFO]: Cora_cold lost connection: Disconnected
[10:25:46] [Server thread/INFO]: Cora_cold left the game
[10:25:48] [Server thread/INFO]: Villager class_1646['Villager'/7658, l='skimit', x=-406.70, y=70.32, z=472.01] died, message: 'Villager was slain by ChengXi123'
[10:25:49] [Server thread/INFO]: Villager class_1646['Villager'/7666, l='skimit', x=-406.70, y=68.58, z=471.91] died, message: 'Villager was slain by ChengXi123'
[10:26:02] [Server thread/INFO]: Villager class_1646['Villager'/7669, l='skimit', x=-406.85, y=67.10, z=471.46] died, message: 'Villager was slain by ChengXi123'
[10:26:06] [Server thread/INFO]: Villager class_1646['Villager'/7670, l='skimit', x=-406.85, y=67.04, z=471.34] died, message: 'Villager was slain by ChengXi123'
[10:26:13] [Server thread/INFO]: Villager class_1646['Villager'/7668, l='skimit', x=-407.10, y=67.02, z=472.42] died, message: 'Villager was slain by ChengXi123'
[10:26:20] [Server thread/INFO]: Villager class_1646['Villager'/7667, l='skimit', x=-407.10, y=67.02, z=472.60] died, message: 'Villager was slain by ChengXi123'
[10:28:09] [Server thread/WARN]: Can't keep up! Is the server overloaded? Running 2168ms or 43 ticks behind
[10:30:24] [Server thread/WARN]: Can't keep up! Is the server overloaded? Running 2133ms or 42 ticks behind
[10:33:12] [Server thread/WARN]: Can't keep up! Is the server overloaded? Running 2832ms or 56 ticks behind
[10:36:12] [Server thread/WARN]: Fetching packet for removed entity class_1590['Zombie Pigman'/11820, l='skimit', x=81.76, y=77.35, z=237.29]
[10:36:47] [Server thread/INFO]: Scanning for legacy world dragon fight...
[10:36:47] [Server thread/INFO]: Found that the dragon has been killed in this world already.
[10:36:47] [Server thread/WARN]: Can't keep up! Is the server overloaded? Running 2470ms or 49 ticks behind
[10:43:27] [Server thread/INFO]: ChengXi123 was slain by Enderman
[10:45:29] [Server thread/WARN]: Can't keep up! Is the server overloaded? Running 2040ms or 40 ticks behind
[10:47:25] [Server thread/WARN]: Can't keep up! Is the server overloaded? Running 2040ms or 40 ticks behind
[10:48:21] [Server thread/WARN]: Can't keep up! Is the server overloaded? Running 2350ms or 47 ticks behind
[10:48:42] [Server thread/INFO]: ChengXi123 experienced kinetic energy
[10:50:52] [Server thread/INFO]: ChengXi123 fell from a high place
[10:50:58] [Server thread/WARN]: Can't keep up! Is the server overloaded? Running 2135ms or 42 ticks behind
[10:51:06] [Server thread/INFO]: ChengXi123 lost connection: Disconnected
[10:51:06] [Server thread/INFO]: ChengXi123 left the game
[11:18:19] [Server thread/INFO]: Cora_cold[/127.0.0.1:54742] logged in with entity id 16360 at (-515.562297279975, 73.0, 539.5918733154562)
[11:18:19] [Server thread/INFO]: Cora_cold joined the game
[11:33:26] [Server thread/WARN]: Can't keep up! Is the server overloaded? Running 2184ms or 43 ticks behind
[11:40:30] [Server thread/INFO]: Cora_cold has made the advancement [Best Friends Forever]
[11:43:28] [Server thread/WARN]: Can't keep up! Is the server overloaded? Running 2087ms or 41 ticks behind
[11:44:44] [Server thread/INFO]: Villager class_1646['Toolsmith'/463, l='skimit', x=-396.30, y=71.00, z=458.70] died, message: 'Toolsmith was slain by Zombie'
[11:48:30] [Server thread/WARN]: Can't keep up! Is the server overloaded? Running 2147ms or 42 ticks behind
[11:53:32] [Server thread/WARN]: Can't keep up! Is the server overloaded? Running 2666ms or 53 ticks behind
[11:54:53] [Server thread/INFO]: austinfoster[/127.0.0.1:56051] logged in with entity id 21727 at (-386.2081927659029, 69.0, 523.5820974885996)
[11:54:53] [Server thread/INFO]: austinfoster joined the game
[11:55:07] [Server thread/INFO]: <Cora_cold> 大佬好
[11:55:25] [Server thread/INFO]: <austinfoster> 我也是萌新
[11:55:28] [Server thread/WARN]: Can't keep up! Is the server overloaded? Running 2016ms or 40 ticks behind
[11:55:55] [Server thread/WARN]: Can't keep up! Is the server overloaded? Running 11714ms or 234 ticks behind
[11:56:10] [Server thread/INFO]: <austinfoster> 大佬还在群里
[11:56:22] [Server thread/WARN]: Can't keep up! Is the server overloaded? Running 12093ms or 241 ticks behind
[11:56:43] [Server thread/WARN]: Can't keep up! Is the server overloaded? Running 6604ms or 132 ticks behind
[11:57:02] [Server thread/WARN]: Can't keep up! Is the server overloaded? Running 3120ms or 62 ticks behind
[11:57:19] [Server thread/WARN]: Can't keep up! Is the server overloaded? Running 2700ms or 54 ticks behind
[11:57:37] [Server thread/WARN]: Can't keep up! Is the server overloaded? Running 2793ms or 55 ticks behind
[11:57:41] [Server thread/INFO]: austinfoster lost connection: Disconnected
[11:57:41] [Server thread/INFO]: austinfoster left the game
[11:57:54] [Server thread/WARN]: Can't keep up! Is the server overloaded? Running 2075ms or 41 ticks behind
[11:58:54] [Server thread/WARN]: Can't keep up! Is the server overloaded? Running 2152ms or 43 ticks behind
[11:59:12] [Server thread/WARN]: Can't keep up! Is the server overloaded? Running 2085ms or 41 ticks behind
[11:59:33] [Server thread/WARN]: Can't keep up! Is the server overloaded? Running 5906ms or 118 ticks behind
[12:01:52] [Server thread/INFO]: Cora_cold lost connection: Disconnected
[12:01:52] [Server thread/INFO]: Cora_cold left the game
[13:04:20] [Server thread/INFO]: Manjaro_linux[/127.0.0.1:58553] logged in with entity id 23499 at (-376.1456912503816, 69.55321338701523, 514.8009682512222)
[13:04:20] [Server thread/INFO]: Manjaro_linux joined the game
[13:04:27] [Server thread/WARN]: Can't keep up! Is the server overloaded? Running 2161ms or 43 ticks behind
[13:09:34] [Server thread/WARN]: Can't keep up! Is the server overloaded? Running 2217ms or 44 ticks behind
[13:10:08] [Server thread/WARN]: Can't keep up! Is the server overloaded? Running 2236ms or 44 ticks behind
[13:10:26] [Server thread/WARN]: Can't keep up! Is the server overloaded? Running 2889ms or 57 ticks behind
[13:13:16] [Server thread/INFO]: Villager class_1646['Villager'/23554, l='skimit', x=-406.95, y=67.04, z=472.70] died, message: 'Villager suffocated in a wall'
[13:16:40] [Server thread/WARN]: Can't keep up! Is the server overloaded? Running 2025ms or 40 ticks behind
[13:17:20] [Server thread/WARN]: Can't keep up! Is the server overloaded? Running 2045ms or 40 ticks behind
[13:19:41] [Server thread/WARN]: Can't keep up! Is the server overloaded? Running 2413ms or 48 ticks behind
[13:24:43] [Server thread/WARN]: Can't keep up! Is the server overloaded? Running 2188ms or 43 ticks behind
[13:27:11] [Server thread/WARN]: Can't keep up! Is the server overloaded? Running 2273ms or 45 ticks behind
[13:29:47] [Server thread/WARN]: Can't keep up! Is the server overloaded? Running 2563ms or 51 ticks behind
[13:33:52] [Server thread/WARN]: Can't keep up! Is the server overloaded? Running 2024ms or 40 ticks behind
[13:34:52] [Server thread/WARN]: Can't keep up! Is the server overloaded? Running 2457ms or 49 ticks behind
[13:35:56] [Server thread/INFO]: Cora_cold[/127.0.0.1:59680] logged in with entity id 30026 at (-517.6986082092697, 77.0, 540.2938667672079)
[13:35:56] [Server thread/INFO]: Cora_cold joined the game
[13:36:00] [Server thread/WARN]: Can't keep up! Is the server overloaded? Running 2014ms or 40 ticks behind
[13:36:07] [Server thread/INFO]: <Cora_cold> 大佬好
[13:36:15] [Server thread/INFO]: <Manjaro_linux> ???
[13:36:22] [Server thread/WARN]: Can't keep up! Is the server overloaded? Running 7032ms or 140 ticks behind
[13:36:58] [Server thread/INFO]: <Cora_cold> 大佬你在哪？我去找你耍
[13:37:02] [Server thread/INFO]: <Manjaro_linux> e
[13:37:13] [Server thread/INFO]: <Manjaro_linux> 服主家
[13:37:59] [Server thread/WARN]: Can't keep up! Is the server overloaded? Running 2005ms or 40 ticks behind
[13:38:43] [Server thread/INFO]: yao_di[/127.0.0.1:59782] logged in with entity id 30662 at (-119.0500432958341, 68.0, 377.33701781857076)
[13:38:43] [Server thread/INFO]: yao_di joined the game
[13:38:46] [Server thread/WARN]: Can't keep up! Is the server overloaded? Running 2088ms or 41 ticks behind
[13:39:07] [Server thread/INFO]: <Manjaro_linux> w
[13:39:08] [Server thread/WARN]: Can't keep up! Is the server overloaded? Running 7396ms or 147 ticks behind
[13:39:11] [Server thread/INFO]: <Cora_cold> 2
[13:39:13] [Server thread/INFO]: <Cora_cold> w
[13:39:41] [Server thread/WARN]: Can't keep up! Is the server overloaded? Running 17396ms or 347 ticks behind
[13:40:11] [Server thread/WARN]: Can't keep up! Is the server overloaded? Running 15637ms or 312 ticks behind
[13:40:26] [Server thread/INFO]: Villager class_1646['Villager'/29688, l='skimit', x=-406.95, y=67.04, z=472.30] died, message: 'Villager suffocated in a wall'
[13:40:34] [Server thread/INFO]: Villager class_1646['Villager'/29689, l='skimit', x=-406.95, y=67.03, z=472.30] died, message: 'Villager suffocated in a wall'
[13:40:34] [Server thread/WARN]: Can't keep up! Is the server overloaded? Running 8294ms or 165 ticks behind
[13:40:57] [Server thread/WARN]: Can't keep up! Is the server overloaded? Running 7298ms or 145 ticks behind
[13:41:32] [Server thread/WARN]: Can't keep up! Is the server overloaded? Running 20654ms or 413 ticks behind
[13:41:50] [Server thread/WARN]: Can't keep up! Is the server overloaded? Running 2974ms or 59 ticks behind
[13:42:08] [Server thread/WARN]: Can't keep up! Is the server overloaded? Running 2881ms or 57 ticks behind
[13:42:26] [Server thread/WARN]: Can't keep up! Is the server overloaded? Running 3344ms or 66 ticks behind
[13:42:45] [Server thread/WARN]: Can't keep up! Is the server overloaded? Running 3846ms or 76 ticks behind
[13:43:04] [Server thread/WARN]: Can't keep up! Is the server overloaded? Running 4256ms or 85 ticks behind
[13:43:23] [Server thread/WARN]: Can't keep up! Is the server overloaded? Running 3236ms or 64 ticks behind
[13:43:37] [Server thread/INFO]: yao_di has reached the goal [Sky's the Limit]
[13:43:40] [Server thread/WARN]: Can't keep up! Is the server overloaded? Running 2019ms or 40 ticks behind
[13:43:57] [Server thread/WARN]: Can't keep up! Is the server overloaded? Running 2852ms or 57 ticks behind
[13:44:17] [Server thread/WARN]: Can't keep up! Is the server overloaded? Running 4898ms or 97 ticks behind
[13:44:18] [Server thread/WARN]: Fetching packet for removed entity class_1542['Air'/32136, l='skimit', x=-404.30, y=71.94, z=489.57]
[13:44:34] [Server thread/INFO]: yao_di fell from a high place
[13:44:37] [Server thread/WARN]: Can't keep up! Is the server overloaded? Running 4538ms or 90 ticks behind
[13:44:56] [Server thread/WARN]: Can't keep up! Is the server overloaded? Running 2003ms or 40 ticks behind
[13:45:21] [Server thread/WARN]: Can't keep up! Is the server overloaded? Running 10871ms or 217 ticks behind
[13:45:49] [Server thread/WARN]: Can't keep up! Is the server overloaded? Running 12509ms or 250 ticks behind
[13:46:09] [Server thread/WARN]: Can't keep up! Is the server overloaded? Running 5423ms or 108 ticks behind
[13:46:29] [Server thread/WARN]: Can't keep up! Is the server overloaded? Running 4426ms or 88 ticks behind
[13:46:49] [Server thread/WARN]: Can't keep up! Is the server overloaded? Running 5295ms or 105 ticks behind
[13:46:59] [Server thread/INFO]: yao_di fell from a high place
[13:47:11] [Server thread/WARN]: Can't keep up! Is the server overloaded? Running 6504ms or 130 ticks behind
[13:47:19] [Server thread/INFO]: yao_di lost connection: Disconnected
[13:47:19] [Server thread/INFO]: yao_di left the game
[13:47:48] [Server thread/WARN]: Can't keep up! Is the server overloaded? Running 4914ms or 98 ticks behind
[13:48:10] [Server thread/WARN]: Can't keep up! Is the server overloaded? Running 7580ms or 151 ticks behind
[13:49:06] [Server thread/INFO]: Cora_cold has made the advancement [Acquire Hardware]
[13:50:44] [Server thread/WARN]: Can't keep up! Is the server overloaded? Running 2008ms or 40 ticks behind
[13:51:21] [Server thread/WARN]: Can't keep up! Is the server overloaded? Running 2015ms or 40 ticks behind
[13:52:50] [Server thread/WARN]: Can't keep up! Is the server overloaded? Running 2010ms or 40 ticks behind
[13:53:19] [Server thread/WARN]: Can't keep up! Is the server overloaded? Running 13962ms or 279 ticks behind
[13:53:41] [Server thread/WARN]: Can't keep up! Is the server overloaded? Running 7437ms or 148 ticks behind
[13:55:02] [Server thread/WARN]: Can't keep up! Is the server overloaded? Running 2001ms or 40 ticks behind
[13:55:35] [Server thread/WARN]: Can't keep up! Is the server overloaded? Running 2027ms or 40 ticks behind
[13:56:43] [Server thread/INFO]: Cora_cold lost connection: Disconnected
[13:56:43] [Server thread/INFO]: Cora_cold left the game
[13:58:29] [Server thread/WARN]: Can't keep up! Is the server overloaded? Running 2267ms or 45 ticks behind
[13:58:47] [Server thread/WARN]: Can't keep up! Is the server overloaded? Running 3023ms or 60 ticks behind
[13:59:04] [Server thread/WARN]: Can't keep up! Is the server overloaded? Running 2058ms or 41 ticks behind
[14:01:18] [Server thread/INFO]: Villager class_1646['Villager'/29930, l='skimit', x=-406.95, y=67.05, z=472.31] died, message: 'Villager suffocated in a wall'
[14:01:21] [Server thread/INFO]: Manjaro_linux lost connection: Disconnected
[14:01:21] [Server thread/INFO]: Manjaro_linux left the game
[14:44:44] [Server thread/INFO]: Cora_cold[/127.0.0.1:62147] logged in with entity id 35919 at (-517.0676757489493, 73.0625, 539.7776195554959)
[14:44:44] [Server thread/INFO]: Cora_cold joined the game
[14:45:06] [Server thread/INFO]: <Cora_cold> w
[14:57:26] [Server thread/WARN]: Can't keep up! Is the server overloaded? Running 2244ms or 44 ticks behind
[15:03:38] [Server thread/WARN]: Can't keep up! Is the server overloaded? Running 2135ms or 42 ticks behind
[15:03:57] [Server thread/WARN]: Can't keep up! Is the server overloaded? Running 3809ms or 76 ticks behind
[15:04:14] [Server thread/WARN]: Can't keep up! Is the server overloaded? Running 2173ms or 43 ticks behind
[15:04:31] [Server thread/WARN]: Can't keep up! Is the server overloaded? Running 2221ms or 44 ticks behind
[15:04:52] [Server thread/WARN]: Can't keep up! Is the server overloaded? Running 2016ms or 40 ticks behind
[15:05:09] [Server thread/WARN]: Can't keep up! Is the server overloaded? Running 2032ms or 40 ticks behind
[15:05:26] [Server thread/WARN]: Can't keep up! Is the server overloaded? Running 2318ms or 46 ticks behind
[15:06:19] [Server thread/INFO]: Cora_cold has made the advancement [Voluntary Exile]
[15:06:56] [Server thread/INFO]: Villager class_1646['Villager'/36077, l='skimit', x=-406.69, y=70.62, z=471.93] died, message: 'Villager was shot by Pillager'
[15:07:04] [Server thread/WARN]: Can't keep up! Is the server overloaded? Running 2001ms or 40 ticks behind
[15:07:23] [Server thread/WARN]: Can't keep up! Is the server overloaded? Running 3563ms or 71 ticks behind
[15:07:43] [Server thread/WARN]: Can't keep up! Is the server overloaded? Running 5262ms or 105 ticks behind
[15:08:03] [Server thread/WARN]: Can't keep up! Is the server overloaded? Running 5027ms or 100 ticks behind
[15:08:22] [Server thread/WARN]: Can't keep up! Is the server overloaded? Running 4428ms or 88 ticks behind
[15:08:40] [Server thread/INFO]: Villager class_1646['Villager'/36083, l='skimit', x=-406.95, y=67.02, z=472.67] died, message: 'Villager suffocated in a wall'
[15:08:42] [Server thread/WARN]: Can't keep up! Is the server overloaded? Running 4545ms or 90 ticks behind
[15:09:02] [Server thread/WARN]: Can't keep up! Is the server overloaded? Running 5180ms or 103 ticks behind
[15:09:23] [Server thread/INFO]: Villager class_1646['Villager'/36082, l='skimit', x=-406.70, y=70.75, z=474.51] died, message: 'Villager was shot by Pillager'
[15:09:26] [Server thread/WARN]: Can't keep up! Is the server overloaded? Running 9149ms or 182 ticks behind
[15:09:55] [Server thread/WARN]: Can't keep up! Is the server overloaded? Running 13977ms or 279 ticks behind
[15:10:17] [Server thread/WARN]: Can't keep up! Is the server overloaded? Running 7182ms or 143 ticks behind
[15:10:35] [Server thread/INFO]: Villager class_1646['Villager'/36080, l='skimit', x=-406.50, y=69.99, z=472.54] died, message: 'Villager was shot by Pillager'
[15:10:38] [Server thread/WARN]: Can't keep up! Is the server overloaded? Running 6048ms or 120 ticks behind
[15:10:49] [Server thread/INFO]: Villager class_1646['Villager'/36079, l='skimit', x=-406.63, y=70.49, z=476.30] died, message: 'Villager was shot by Pillager'
[15:10:56] [Server thread/WARN]: Can't keep up! Is the server overloaded? Running 3365ms or 67 ticks behind
[15:11:15] [Server thread/WARN]: Can't keep up! Is the server overloaded? Running 3291ms or 65 ticks behind
[15:11:17] [Server thread/INFO]: Villager class_1646['Villager'/36081, l='skimit', x=-406.53, y=70.24, z=473.54] died, message: 'Villager was shot by Pillager'
[15:11:41] [Server thread/INFO]: Villager class_1646['Villager'/36078, l='skimit', x=-406.64, y=70.48, z=476.70] died, message: 'Villager was shot by Pillager'
[15:12:19] [Server thread/WARN]: Can't keep up! Is the server overloaded? Running 2017ms or 40 ticks behind
[15:12:40] [Server thread/WARN]: Can't keep up! Is the server overloaded? Running 2026ms or 40 ticks behind
[15:12:59] [Server thread/WARN]: Can't keep up! Is the server overloaded? Running 2002ms or 40 ticks behind
[15:14:11] [Server thread/INFO]: Villager class_1646['Villager'/36084, l='skimit', x=-406.66, y=70.69, z=473.34] died, message: 'Villager was slain by Vindicator'
[15:14:19] [Server thread/INFO]: Villager class_1646['Toolsmith'/36073, l='skimit', x=-400.30, y=71.00, z=458.70] died, message: 'Toolsmith was slain by Zombie'
[15:14:20] [Server thread/INFO]: Villager class_1646['Villager'/36085, l='skimit', x=-406.13, y=69.94, z=476.46] died, message: 'Villager was slain by Vindicator'
[15:14:42] [Server thread/INFO]: Cora_cold lost connection: Disconnected
[15:14:42] [Server thread/INFO]: Cora_cold left the game
[16:01:26] [Server thread/INFO]: Stopping the server
[16:01:26] [Server thread/INFO]: Unknown command
[16:01:26] [Server thread/INFO]: end<--[HERE]
[16:01:26] [Server thread/INFO]: Unknown command
[16:01:26] [Server thread/INFO]: exit<--[HERE]
[16:01:26] [Server thread/INFO]: Stopping server
[16:01:26] [Server thread/INFO]: Saving players
[16:01:26] [Server thread/INFO]: Saving worlds
[16:01:26] [Server thread/INFO]: Saving chunks for level 'skimit'/minecraft:the_end
[16:01:26] [Server thread/INFO]: ThreadedAnvilChunkStorage (DIM1): All chunks are saved
[16:01:26] [Server thread/INFO]: Saving chunks for level 'skimit'/minecraft:the_nether
[16:01:26] [Server thread/INFO]: ThreadedAnvilChunkStorage (DIM-1): All chunks are saved
[16:01:26] [Server thread/INFO]: Saving chunks for level 'skimit'/minecraft:overworld
[16:01:27] [Server thread/INFO]: ThreadedAnvilChunkStorage (skimit): All chunks are saved
[16:01:27] [Server thread/INFO]: ThreadedAnvilChunkStorage (DIM1): All chunks are saved
[16:01:27] [Server thread/INFO]: ThreadedAnvilChunkStorage (DIM-1): All chunks are saved
[16:01:27] [Server thread/INFO]: ThreadedAnvilChunkStorage (skimit): All chunks are saved
