[18:39:40] [main/INFO]: Loading for game Minecraft 1.15.2
[18:39:41] [main/INFO]: [FabricLoader] Loading 4 mods: minecraft@1.15.2, carpet-extra@1.3.15, fabricloader@0.7.8+build.189, carpet@1.3.15
[18:39:41] [main/INFO]: SpongePowered MIXIN Subsystem Version=0.8 Source=file:/home/admin/mcsmanager/server/server_core/skimit_survival/fabric-server-launch.jar Service=Knot/Fabric Env=SERVER
[18:39:59] [main/WARN]: Ambiguity between arguments [teleport, destination] and [teleport, targets] with inputs: [Player, 0123, @e, dd12be42-52a9-4a91-a8a1-11c01849e498]
[18:39:59] [main/WARN]: Ambiguity between arguments [teleport, location] and [teleport, destination] with inputs: [0.1 -0.5 .9, 0 0 0]
[18:39:59] [main/WARN]: Ambiguity between arguments [teleport, location] and [teleport, targets] with inputs: [0.1 -0.5 .9, 0 0 0]
[18:39:59] [main/WARN]: Ambiguity between arguments [teleport, targets] and [teleport, destination] with inputs: [Player, 0123, dd12be42-52a9-4a91-a8a1-11c01849e498]
[18:39:59] [main/WARN]: Ambiguity between arguments [teleport, targets, location] and [teleport, targets, destination] with inputs: [0.1 -0.5 .9, 0 0 0]
[18:40:00] [Server thread/INFO]: Starting minecraft server version 1.15.2
[18:40:00] [Server thread/INFO]: Loading properties
[18:40:00] [Server thread/INFO]: Default game type: SURVIVAL
[18:40:00] [Server thread/INFO]: Generating keypair
[18:40:00] [Server thread/INFO]: Starting Minecraft server on *:26565
[18:40:00] [Server thread/INFO]: Using epoll channel type
[18:40:01] [Server thread/WARN]: **** SERVER IS RUNNING IN OFFLINE/INSECURE MODE!
[18:40:01] [Server thread/WARN]: The server will make no attempt to authenticate usernames. Beware.
[18:40:01] [Server thread/WARN]: While this makes the game possible to play without internet access, it also opens up the ability for hackers to connect with any username they choose.
[18:40:01] [Server thread/WARN]: To change this, set "online-mode" to "true" in the server.properties file.
[18:40:01] [Server thread/INFO]: Preparing level "world"
[18:40:01] [Server thread/INFO]: Reloading ResourceManager: Default
[18:40:06] [Server thread/INFO]: Loaded 6 recipes
[18:40:08] [Server thread/INFO]: Loaded 825 advancements
[18:40:15] [Server thread/INFO]: Preparing start region for dimension minecraft:overworld
[18:40:20] [Server thread/INFO]: Preparing spawn area: 0%
[18:40:20] [Server thread/INFO]: Preparing spawn area: 0%
[18:40:20] [Server thread/INFO]: Preparing spawn area: 0%
[18:40:20] [Server thread/INFO]: Preparing spawn area: 0%
[18:40:20] [Server thread/INFO]: Preparing spawn area: 0%
[18:40:20] [Server thread/INFO]: Preparing spawn area: 0%
[18:40:20] [Server thread/INFO]: Preparing spawn area: 0%
[18:40:20] [Server thread/INFO]: Preparing spawn area: 0%
[18:40:20] [Server thread/INFO]: Preparing spawn area: 0%
[18:40:20] [Server thread/INFO]: Preparing spawn area: 0%
[18:40:20] [Server thread/INFO]: Preparing spawn area: 0%
[18:40:51] [Server-Worker-1/INFO]: Preparing spawn area: 0%
[18:40:51] [Server-Worker-1/INFO]: Preparing spawn area: 0%
[18:40:51] [Server-Worker-1/INFO]: Preparing spawn area: 0%
[18:40:51] [Server-Worker-1/INFO]: Preparing spawn area: 0%
[18:40:51] [Server-Worker-1/INFO]: Preparing spawn area: 0%
[18:40:51] [Server-Worker-1/INFO]: Preparing spawn area: 0%
[18:40:51] [Server-Worker-1/INFO]: Preparing spawn area: 0%
[18:40:51] [Server-Worker-1/INFO]: Preparing spawn area: 0%
[18:40:51] [Server-Worker-1/INFO]: Preparing spawn area: 0%
[18:40:51] [Server-Worker-1/INFO]: Preparing spawn area: 0%
[18:40:51] [Server-Worker-1/INFO]: Preparing spawn area: 0%
[18:40:51] [Server-Worker-1/INFO]: Preparing spawn area: 0%
[18:40:51] [Server-Worker-1/INFO]: Preparing spawn area: 0%
[18:40:51] [Server-Worker-1/INFO]: Preparing spawn area: 0%
[18:40:51] [Server-Worker-1/INFO]: Preparing spawn area: 0%
[18:40:51] [Server-Worker-1/INFO]: Preparing spawn area: 0%
[18:40:51] [Server-Worker-1/INFO]: Preparing spawn area: 0%
[18:40:51] [Server-Worker-1/INFO]: Preparing spawn area: 0%
[18:40:51] [Server-Worker-1/INFO]: Preparing spawn area: 0%
[18:40:51] [Server-Worker-1/INFO]: Preparing spawn area: 0%
[18:40:51] [Server-Worker-1/INFO]: Preparing spawn area: 0%
[18:40:51] [Server-Worker-1/INFO]: Preparing spawn area: 0%
[18:40:51] [Server-Worker-1/INFO]: Preparing spawn area: 0%
[18:40:51] [Server-Worker-1/INFO]: Preparing spawn area: 0%
[18:40:51] [Server-Worker-1/INFO]: Preparing spawn area: 0%
[18:40:51] [Server-Worker-1/INFO]: Preparing spawn area: 0%
[18:40:51] [Server-Worker-1/INFO]: Preparing spawn area: 0%
[18:40:51] [Server-Worker-1/INFO]: Preparing spawn area: 0%
[18:40:51] [Server-Worker-1/INFO]: Preparing spawn area: 0%
[18:40:51] [Server-Worker-1/INFO]: Preparing spawn area: 0%
[18:40:51] [Server-Worker-1/INFO]: Preparing spawn area: 0%
[18:40:51] [Server-Worker-1/INFO]: Preparing spawn area: 0%
[18:40:51] [Server-Worker-1/INFO]: Preparing spawn area: 0%
[18:40:51] [Server-Worker-1/INFO]: Preparing spawn area: 0%
[18:40:51] [Server-Worker-1/INFO]: Preparing spawn area: 0%
[18:40:51] [Server-Worker-1/INFO]: Preparing spawn area: 0%
[18:40:51] [Server-Worker-1/INFO]: Preparing spawn area: 0%
[18:40:51] [Server-Worker-1/INFO]: Preparing spawn area: 0%
[18:40:51] [Server-Worker-1/INFO]: Preparing spawn area: 0%
[18:40:51] [Server-Worker-1/INFO]: Preparing spawn area: 0%
[18:40:51] [Server-Worker-1/INFO]: Preparing spawn area: 0%
[18:40:51] [Server-Worker-1/INFO]: Preparing spawn area: 0%
[18:40:51] [Server-Worker-1/INFO]: Preparing spawn area: 0%
[18:40:51] [Server-Worker-1/INFO]: Preparing spawn area: 0%
[18:40:51] [Server-Worker-1/INFO]: Preparing spawn area: 0%
[18:40:51] [Server-Worker-1/INFO]: Preparing spawn area: 0%
[18:40:51] [Server-Worker-1/INFO]: Preparing spawn area: 0%
[18:40:51] [Server-Worker-1/INFO]: Preparing spawn area: 0%
[18:40:51] [Server-Worker-1/INFO]: Preparing spawn area: 0%
[18:40:51] [Server-Worker-1/INFO]: Preparing spawn area: 0%
[18:40:51] [Server-Worker-1/INFO]: Preparing spawn area: 0%
[18:40:51] [Server-Worker-1/INFO]: Preparing spawn area: 0%
[18:40:51] [Server-Worker-1/INFO]: Preparing spawn area: 0%
[18:40:51] [Server-Worker-1/INFO]: Preparing spawn area: 0%
[18:40:51] [Server-Worker-1/INFO]: Preparing spawn area: 0%
[18:40:51] [Server-Worker-1/INFO]: Preparing spawn area: 0%
[18:40:51] [Server-Worker-1/INFO]: Preparing spawn area: 0%
[18:40:51] [Server-Worker-1/INFO]: Preparing spawn area: 0%
[18:40:51] [Server-Worker-1/INFO]: Preparing spawn area: 0%
[18:40:51] [Server-Worker-1/INFO]: Preparing spawn area: 0%
[18:40:51] [Server-Worker-1/INFO]: Preparing spawn area: 0%
[18:40:51] [Server-Worker-1/INFO]: Preparing spawn area: 0%
[18:40:52] [Server-Worker-1/INFO]: Preparing spawn area: 0%
[18:40:52] [Server thread/INFO]: Preparing spawn area: 31%
[18:40:53] [Server thread/INFO]: Preparing spawn area: 78%
[18:40:54] [Server thread/INFO]: Time elapsed: 38510 ms
[18:40:54] [Server thread/INFO]: Done (52.683s)! For help, type "help"
[18:40:54] [Server thread/INFO]: Starting remote control listener
[18:40:54] [RCON Listener #1/INFO]: RCON running on 0.0.0.0:22140
[18:41:23] [Server thread/WARN]: Can't keep up! Is the server overloaded? Running 3936ms or 78 ticks behind
[18:46:48] [Server Watchdog/FATAL]: A single server tick took 60.99 seconds (should be max 0.05)
[18:47:23] [Server Watchdog/FATAL]: Considering it to be crashed, server will forcibly shutdown.
[19:03:54] [Server thread/WARN]: Can't keep up! Is the server overloaded? Running 1335969ms or 26719 ticks behind
[19:03:54] [Server Watchdog/ERROR]: This crash report has been saved to: /home/admin/mcsmanager/server/server_core/skimit_survival/./crash-reports/crash-2020-03-23_19.03.54-server.txt
