[21:01:06] [main/INFO]: Loading for game Minecraft 1.15.2
[21:01:10] [main/WARN]: Mod `jankson` (2.0.0+j1.2.0) uses 'requires' key in fabric.mod.json, which is not supported - use 'depends'
[21:01:10] [main/INFO]: [FabricLoader] Loading 44 mods: minecraft@1.15.2, fabric-networking-blockentity-v0@0.2.3+e08a73050c, fabric-renderer-api-v1@0.2.10+f08b61330c, fabric-keybindings-v0@0.1.1+dfdb52d60c, jankson@2.0.0+j1.2.0, fabricloader@0.7.8+build.189, phosphor@0.5.2+build.6, fabric-renderer-indigo@0.2.23+9290e2ed0c, fabric-containers-v0@0.1.3+b7f9825d0c, lithium@0.4.6, fabric-dimensions-v1@0.3.0+2ad156310c, org_apache_commons_commons-compress@1.9, fabric-biomes-v1@0.1.5+3b05f68e0c, fabric-events-interaction-v0@0.3.0+fac69e320c, fabric-crash-report-info-v1@0.1.2+b7f9825d0c, fabric-api-base@0.1.2+b7f9825d0c, fabric-rendering-v0@1.1.0+534104900c, fabric-rendering-v1@0.1.0+534104900c, fabric-rendering-data-attachment-v1@0.1.3+b7f9825d0c, mm@2.0, fabric-resource-loader-v0@0.1.10+06c939b30c, fabric-textures-v0@1.0.4+821cdba70c, fabric-content-registries-v0@0.1.3+b7f9825d0c, fabric-tag-extensions-v0@0.1.3+abd915800c, fabric-rendering-fluids-v1@0.1.6+12515ed90c, fabric-commands-v0@0.1.2+b7f9825d0c, fabric-registry-sync-v0@0.2.6+f3d8141b0c, com_moandjiezana_toml_toml4j@0.7.2, cotton-logging@1.0.0-rc.4, fabric-blockrenderlayer-v1@1.1.4+c6a8ea890c, textile_backup@1.1.0-1.15, fabric-mining-levels-v0@0.1.1+b7f9825d0c, fabric-renderer-registries-v1@2.0.1+5a0f9a600c, carpet-extra@1.3.15, fabric-events-lifecycle-v0@0.1.2+b7f9825d0c, fabric-loot-tables-v1@0.1.5+e08a73050c, fabric@0.5.1+build.294-1.15, carpet@1.3.15, fabric-item-groups-v0@0.1.6+ec40b2e10c, fabric-models-v0@0.1.0+dfdb52d60c, fabric-particles-v1@0.1.1+dfdb52d60c, fabric-networking-v0@0.1.7+12515ed90c, fabric-object-builders-v0@0.1.3+e4c9a9c30c, cotton-config@1.0.0-rc.7
[21:01:10] [main/INFO]: SpongePowered MIXIN Subsystem Version=0.8 Source=file:/C:/Server/skimit_survival/fabric-server-launch.jar Service=Knot/Fabric Env=SERVER
[21:01:11] [main/INFO]: Lithium's configuration file was loaded successfully
[21:01:13] [main/INFO]: Not applying mixin 'me.jellysquid.mods.lithium.mixin.chunk.no_chunk_locking.MixinPalettedContainer' as no configuration enables it
[21:01:13] [main/INFO]: Not applying mixin 'me.jellysquid.mods.lithium.mixin.redstone.MixinRedstoneWireBlock' as no configuration enables it
[21:01:13] [main/INFO]: Not applying mixin 'me.jellysquid.mods.lithium.mixin.redstone.MixinWorld' as no configuration enables it
[21:01:17] [main/INFO]: Transforming class net/minecraft/class_2382 using patch set 'Modify mutability flags in Vec3i'
[21:01:25] [main/INFO]: Transforming class net/minecraft/class_2338$class_2339 using patch set 'Use mutable fields in Vec3i'
[21:02:39] [main/WARN]: Ambiguity between arguments [teleport, destination] and [teleport, targets] with inputs: [Player, 0123, @e, dd12be42-52a9-4a91-a8a1-11c01849e498]
[21:02:39] [main/WARN]: Ambiguity between arguments [teleport, location] and [teleport, destination] with inputs: [0.1 -0.5 .9, 0 0 0]
[21:02:40] [main/WARN]: Ambiguity between arguments [teleport, location] and [teleport, targets] with inputs: [0.1 -0.5 .9, 0 0 0]
[21:02:40] [main/WARN]: Ambiguity between arguments [teleport, targets] and [teleport, destination] with inputs: [Player, 0123, dd12be42-52a9-4a91-a8a1-11c01849e498]
[21:02:40] [main/WARN]: Ambiguity between arguments [teleport, targets, location] and [teleport, targets, destination] with inputs: [0.1 -0.5 .9, 0 0 0]
[21:02:43] [main/INFO]: Definitely not up to no good
[21:02:43] [main/INFO]: [TextileBackup]: Loading TextileBackup by Szum123321
[21:02:45] [Server thread/INFO]: Starting minecraft server version 1.15.2
[21:02:45] [Server thread/INFO]: Loading properties
[21:02:45] [Server thread/INFO]: Default game type: SURVIVAL
[21:02:45] [Server thread/INFO]: Generating keypair
[21:02:46] [Server thread/INFO]: Starting Minecraft server on *:26565
[21:02:46] [Server thread/INFO]: Using default channel type
[21:02:47] [Server thread/WARN]: **** SERVER IS RUNNING IN OFFLINE/INSECURE MODE!
[21:02:47] [Server thread/WARN]: The server will make no attempt to authenticate usernames. Beware.
[21:02:47] [Server thread/WARN]: While this makes the game possible to play without internet access, it also opens up the ability for hackers to connect with any username they choose.
[21:02:47] [Server thread/WARN]: To change this, set "online-mode" to "true" in the server.properties file.
[21:02:47] [Server thread/INFO]: Preparing level "skimit"
[21:02:47] [Server thread/INFO]: [CM]: loaded setting commandDraw as false from carpet.conf
[21:02:47] [Server thread/INFO]: [CM]: loaded setting rotatorBlock as true from carpet.conf
[21:02:47] [Server thread/INFO]: [CM]: loaded setting combineXPOrbs as true from carpet.conf
[21:02:47] [Server thread/INFO]: [CM]: loaded setting onePlayerSleeping as true from carpet.conf
[21:02:47] [Server thread/INFO]: [CM]: loaded setting portalSuffocationFix as true from carpet.conf
[21:02:47] [Server thread/INFO]: [CM]: loaded setting leadFix as true from carpet.conf
[21:02:47] [Server thread/INFO]: [CM]: loaded setting antiCheatDisabled as true from carpet.conf
[21:02:47] [Server thread/INFO]: [CM]: loaded setting defaultLoggers as mobcaps from carpet.conf
[21:02:47] [Server thread/INFO]: [CM]: loaded setting commandCameramode as false from carpet.conf
[21:02:47] [Server thread/INFO]: [CM]: loaded setting unloadedEntityFix as true from carpet.conf
[21:02:47] [Server thread/INFO]: [CM]: loaded setting ctrlQCraftingFix as true from carpet.conf
[21:02:47] [Server thread/INFO]: [fabric-registry-sync] Loaded registry data [file 1/4]
[21:02:47] [Server thread/INFO]: Reloading ResourceManager: Default, bukkit, Fabric Mining Levels (v0)
[21:02:50] [Server thread/INFO]: Loaded 6 recipes
[21:02:52] [Server thread/INFO]: Loaded 825 advancements
[21:02:55] [Server thread/INFO]: Preparing start region for dimension minecraft:overworld
[21:03:00] [Server thread/INFO]: Preparing spawn area: 0%
[21:03:00] [Server thread/INFO]: Preparing spawn area: 0%
[21:03:00] [Server thread/INFO]: Preparing spawn area: 0%
[21:03:00] [Server thread/INFO]: Preparing spawn area: 0%
[21:03:00] [Server thread/INFO]: Preparing spawn area: 0%
[21:03:00] [Server thread/INFO]: Preparing spawn area: 0%
[21:03:00] [Server thread/INFO]: Preparing spawn area: 0%
[21:03:00] [Server thread/INFO]: Preparing spawn area: 0%
[21:03:00] [Server thread/INFO]: Preparing spawn area: 0%
[21:03:00] [Server thread/INFO]: Preparing spawn area: 0%
[21:03:00] [Server thread/INFO]: Preparing spawn area: 0%
[21:03:01] [Server-Worker-3/INFO]: Preparing spawn area: 0%
[21:03:02] [Server-Worker-3/INFO]: Preparing spawn area: 0%
[21:03:02] [Server-Worker-3/INFO]: Preparing spawn area: 0%
[21:03:03] [Server-Worker-3/INFO]: Preparing spawn area: 0%
[21:03:03] [Server-Worker-3/INFO]: Preparing spawn area: 0%
[21:03:03] [Server thread/INFO]: Preparing spawn area: 0%
[21:03:04] [Server-Worker-3/INFO]: Preparing spawn area: 0%
[21:03:04] [Server thread/INFO]: Preparing spawn area: 0%
[21:03:05] [Server thread/INFO]: Preparing spawn area: 0%
[21:03:06] [Server thread/INFO]: Preparing spawn area: 83%
[21:03:08] [Server thread/INFO]: Time elapsed: 12263 ms
[21:03:08] [Server thread/INFO]: Done (20.654s)! For help, type "help"
[21:03:08] [Server thread/INFO]: Starting remote control listener
[21:03:08] [RCON Listener #1/INFO]: RCON running on 0.0.0.0:25636
[21:03:10] [Server thread/WARN]: Can't keep up! Is the server overloaded? Running 2563ms or 51 ticks behind
[21:08:13] [Server thread/WARN]: Can't keep up! Is the server overloaded? Running 2355ms or 47 ticks behind
[21:25:21] [Server thread/INFO]: ChengXi123[/127.0.0.1:63206] logged in with entity id 89 at (178.3484666831935, 2.0625, 0.7171237440623947)
[21:25:21] [Netty Server IO #0/WARN]: Received invalid identifier in minecraft:register: legacy:fml|hs (Non [a-z0-9/._-] character in path of location: legacy:fml|hs)
[21:25:22] [Server thread/INFO]: ChengXi123 joined the game
[21:25:23] [Server thread/WARN]: Can't keep up! Is the server overloaded? Running 2830ms or 56 ticks behind
[21:25:23] [Server thread/INFO]: [TextileBackup]: Backup started by: SERVER on: 2020-05-03_21-25-23
[21:25:23] [Server thread/INFO]: [TextileBackup]: Saving server...
[21:25:25] [Thread-54/INFO]: [TextileBackup]: Starting compression...
[21:25:50] [Server thread/WARN]: Can't keep up! Is the server overloaded? Running 2002ms or 40 ticks behind
[21:26:12] [Server thread/INFO]: Scanning for legacy world dragon fight...
[21:26:12] [Server thread/INFO]: Found that the dragon has been killed in this world already.
[21:26:12] [Server thread/WARN]: Can't keep up! Is the server overloaded? Running 7143ms or 142 ticks behind
[21:26:33] [Server thread/INFO]: ChengXi123 lost connection: Disconnected
[21:26:33] [Server thread/INFO]: ChengXi123 left the game
[21:26:41] [Server thread/WARN]: Can't keep up! Is the server overloaded? Running 8389ms or 167 ticks behind
[21:26:43] [Server thread/INFO]: ChengXi123[/127.0.0.1:63245] logged in with entity id 443 at (58.532165317775814, 66.37968049309667, -7.447562245891193)
[21:26:43] [Netty Server IO #1/WARN]: Received invalid identifier in minecraft:register: legacy:fml|hs (Non [a-z0-9/._-] character in path of location: legacy:fml|hs)
[21:26:44] [Server thread/INFO]: ChengXi123 joined the game
[21:27:32] [Thread-54/INFO]: [TextileBackup]: Compression finished
[21:27:32] [Thread-54/INFO]: [TextileBackup]: Deleting: 2020-05-03_13-04-41.zip
[21:27:32] [Thread-54/INFO]: [TextileBackup]: Done!
[21:27:58] [Server thread/INFO]: ChengXi123 lost connection: Disconnected
[21:27:58] [Server thread/INFO]: ChengXi123 left the game
[21:30:05] [Server thread/INFO]: Stopping the server
[21:30:05] [Server thread/INFO]: Unknown command
[21:30:05] [Server thread/INFO]: end<--[HERE]
[21:30:05] [Server thread/INFO]: Unknown command
[21:30:05] [Server thread/INFO]: exit<--[HERE]
[21:30:05] [Server thread/INFO]: Stopping server
[21:30:05] [Server thread/INFO]: Saving players
[21:30:05] [Server thread/INFO]: Saving worlds
[21:30:05] [Server thread/INFO]: Saving chunks for level 'skimit'/minecraft:overworld
[21:30:05] [Server thread/INFO]: ThreadedAnvilChunkStorage (skimit): All chunks are saved
[21:30:05] [Server thread/INFO]: Saving chunks for level 'skimit'/minecraft:the_end
[21:30:05] [Server thread/INFO]: ThreadedAnvilChunkStorage (DIM1): All chunks are saved
[21:30:05] [Server thread/INFO]: Saving chunks for level 'skimit'/minecraft:the_nether
[21:30:05] [Server thread/INFO]: ThreadedAnvilChunkStorage (DIM-1): All chunks are saved
[21:30:05] [Server thread/INFO]: [TextileBackup]: Backup started by: SERVER on: 2020-05-03_21-30-05
[21:30:05] [Server thread/INFO]: [TextileBackup]: Saving server...
[21:30:05] [Server thread/INFO]: ThreadedAnvilChunkStorage (skimit): All chunks are saved
[21:30:05] [Thread-55/INFO]: [TextileBackup]: Starting compression...
[21:30:05] [Server thread/INFO]: ThreadedAnvilChunkStorage (DIM1): All chunks are saved
[21:30:05] [Server thread/INFO]: ThreadedAnvilChunkStorage (DIM-1): All chunks are saved
[21:30:58] [Thread-55/INFO]: [TextileBackup]: Compression finished
[21:30:58] [Thread-55/INFO]: [TextileBackup]: Deleting: 2020-05-03_14-04-39.zip
[21:30:58] [Thread-55/INFO]: [TextileBackup]: Done!
