[23:00:59] [main/INFO]: Loading for game Minecraft 1.16.4
[23:01:01] [ForkJoinPool-1-worker-3/WARN]: The mod "cotton-logging" contains invalid entries in its mod json:
- Unsupported root entry "licence" at line 7 column 12
[23:01:01] [ForkJoinPool-1-worker-3/WARN]: The mod "cotton-config" contains invalid entries in its mod json:
- Unsupported root entry "licence" at line 7 column 12
[23:01:03] [main/WARN]: Warnings were found! 
 - Mod 'BetterF3' (betterf3) recommends version 1.14.6 or later of mod modmenu, which is missing!
	 - You must install version 1.14.6 or later of modmenu.
[23:01:03] [main/INFO]: [FabricLoader] Loading 59 mods: fabric-renderer-api-v1@0.3.3+a4467d2a3a, fabric-keybindings-v0@0.2.0+3fa9f7c53a, fabricloader@0.10.6+build.214, fabric-structure-api-v1@1.1.0+f8ac1db23a, bbor@2.4-1.16.3, com_github_shevek_parallelgzip@master-SNAPSHOT, fabric-containers-v0@0.1.8+045df74f3a, lithium@0.6.0, fabric-object-builder-api-v1@1.9.2+a89534ab3a, fabric-game-rule-api-v1@1.0.3+a4467d2a3a, fabric-api-base@0.2.0+9f0fb4b83a, fabric-rendering-data-attachment-v1@0.1.4+f8ac1db23a, fabric-textures-v0@1.0.5+a4467d2a3a, fabric-rendering-fluids-v1@0.1.12+f8ac1db23a, cotton-logging@1.0.0-rc.4, fabric-blockrenderlayer-v1@1.1.4+c6a8ea893a, fabric-lifecycle-events-v1@1.2.0+74cc3b203a, fabric-renderer-registries-v1@2.2.0+f8ac1db23a, carpet-extra@1.4.16, fabric-loot-tables-v1@1.0.1+432ea1883a, fabric@0.25.7+1.16, carpet@1.4.17, fabric-particles-v1@0.2.2+fb0d9b0e3a, fabric-networking-v0@0.1.10+e00ecb5f3a, cotton-config@1.0.0-rc.7, fabric-networking-blockentity-v0@0.2.5+b50ffc7b3a, minecraft@1.16.4, fabric-screen-handler-api-v1@1.1.0+872498413a, fabric-command-api-v1@1.0.9+a4467d2a3a, jankson@3.0.0+j1.2.0, cloth-basic-math@0.5.1, phosphor@0.6.0+build.7, fabric-tool-attribute-api-v1@1.2.5+c93221003a, bluemap@1.3.0-snap, fabric-renderer-indigo@0.4.3+a4467d2a3a, player-roles@1.1.2, org_apache_commons_commons-compress@1.19, fabric-item-api-v1@1.2.0+f8ac1db23a, fabric-events-interaction-v0@0.4.1+f8ac1db23a, fabric-crash-report-info-v1@0.1.2+b7f9825d3a, fabric-rendering-v0@1.1.1+f8ac1db23a, fabric-key-binding-api-v1@1.0.1+730711c63a, fabric-rendering-v1@1.3.1+f8ac1db23a, cloth-config2@4.7.0-unstable, org_tukaani_xz@1.8, fabric-resource-loader-v0@0.3.2+1944f3e03a, fabric-content-registries-v0@0.1.9+059ea8663a, fabric-tag-extensions-v0@1.0.3+ac8e8c593a, fabric-biome-api-v1@3.0.0+ec7e203b3a, fabric-commands-v0@0.2.0+52d308363a, fabric-registry-sync-v0@0.6.1+a4467d2a3a, textile_backup@2.0.1-1.16.3, fabric-mining-levels-v0@0.1.2+b764ce993a, betterf3@1.1.1, fabric-events-lifecycle-v0@0.2.0+16acbe5b3a, fabric-models-v0@0.1.1+f8ac1db23a, fabric-item-groups-v0@0.2.1+a4467d2a3a, fabric-object-builders-v0@0.7.1+a4467d2a3a, lithium-api@0.6.0
[23:01:03] [main/WARN]: Mod `com_github_shevek_parallelgzip` (master-SNAPSHOT) does not respect SemVer - comparison support is limited.
[23:01:03] [main/INFO]: SpongePowered MIXIN Subsystem Version=0.8.2 Source=file:/srv/survival/fabric-server-launch.jar Service=Knot/Fabric Env=SERVER
[23:01:12] [main/WARN]: @Mixin target net/minecraft/class_3898$class_3208 is public in fabric-networking-[23:01:39] [main/INFO]: [Textile Backup] Starting Textile Backup by Szum123321.
[23:01:45] [main/INFO]: Environment: authHost='https://authserver.mojang.com', accountsHost='https://api.mojang.com', sessionHost='https://sessionserver.mojang.com', servicesHost='https://api.minecraftservices.com', name='PROD'
[23:01:47] [main/WARN]: Ambiguity between arguments [bluemap, marker, create, id, map, x] and [bluemap, marker, create, id, map, label] with inputs: [0, -1, -.5, 1.2, .5, -1234.56]
[23:01:47] [main/WARN]: Ambiguity between arguments [bluemap, render, cancel] and [bluemap, render, world|map] with inputs: [cancel]
[23:01:47] [main/WARN]: Ambiguity between arguments [bluemap, render, prioritize] and [bluemap, render, world|map] with inputs: [prioritize]
[23:01:47] [main/WARN]: Ambiguity between arguments [bluemap, render, radius] and [bluemap, render, world|map] with inputs: [0, -123, 123]
[23:01:47] [main/WARN]: Ambiguity between arguments [bluemap, render, radius] and [bluemap, render, x] with inputs: [0, -123, 123]
[23:01:47] [main/WARN]: Ambiguity between arguments [bluemap, render, x] and [bluemap, render, radius] with inputs: [0, -1]
[23:01:47] [main/WARN]: Ambiguity between arguments [bluemap, render, x] and [bluemap, render, world|map] with inputs: [0, -1, -.5, 1.2, .5, -1234.56]
[23:01:47] [main/WARN]: Ambiguity between arguments [teleport, destination] and [teleport, targets] with inputs: [Player, 0123, @e, dd12be42-52a9-4a91-a8a1-11c01849e498]
[23:01:47] [main/WARN]: Ambiguity between arguments [teleport, location] and [teleport, destination] with inputs: [0.1 -0.5 .9, 0 0 0]
[23:01:47] [main/WARN]: Ambiguity between arguments [teleport, location] and [teleport, targets] with inputs: [0.1 -0.5 .9, 0 0 0]
[23:01:47] [main/WARN]: Ambiguity between arguments [teleport, targets] and [teleport, destination] with inputs: [Player, 0123, dd12be42-52a9-4a91-a8a1-11c01849e498]
[23:01:47] [main/WARN]: Ambiguity between arguments [teleport, targets, location] and [teleport, targets, destination] with inputs: [0.1 -0.5 .9, 0 0 0]
[23:01:48] [main/INFO]: Reloading ResourceManager: Default, bukkit, skimit-DataPack, Fabric Tool Attribute API (v1), Player Roles
[23:01:54] [Worker-Main-2/INFO]: Loaded 7 recipes
[23:01:56] [Worker-Main-2/INFO]: Loaded 927 advancements
[23:02:01] [main/INFO]: Applied 0 biome modifications to 0 of 79 new biomes in 1.863 ms
[23:02:01] [main/WARN]: [fabric-registry-sync] Could not find the following registries: minecraft:biome_source_type, minecraft:block_state_provider_type, minecraft:dimension_type, minecraft:structure_piece, minecraft:carver, minecraft:block_placer_type, minecraft:decorator, minecraft:structure_feature, minecraft:surface_builder, minecraft:foliage_placer_type, minecraft:feature, minecraft:tree_decorator_type, minecraft:structure_pool_element, minecraft:biome, minecraft:chunk_generator_type, minecraft:structure_processor
[23:02:01] [main/INFO]: [fabric-registry-sync] Loaded registry data [file 1/4]
[23:02:02] [Server thread/INFO]: Starting minecraft server version 1.16.4
[23:02:02] [Server thread/INFO]: Loading properties
[23:02:02] [Server thread/INFO]: Default game type: SURVIVAL
[23:02:02] [Server thread/INFO]: Generating keypair
[23:02:02] [Server thread/INFO]: Starting Minecraft server on *:34268
[23:02:03] [Server thread/INFO]: Using epoll channel type
[23:02:03] [Server thread/WARN]: **** SERVER IS RUNNING IN OFFLINE/INSECURE MODE!
[23:02:03] [Server thread/WARN]: The server will make no attempt to authenticate usernames. Beware.
[23:02:03] [Server thread/WARN]: While this makes the game possible to play without internet access, it also opens up the ability for hackers to connect with any username they choose.
[23:02:03] [Server thread/WARN]: To change this, set "online-mode" to "true" in the server.properties file.
[23:02:04] [Server thread/INFO]: Preparing level "world"
[23:02:04] [Server thread/INFO]: [CM]: loaded setting combineXPOrbs as true from carpet.conf
[23:02:04] [Server thread/INFO]: [CM]: loaded setting onePlayerSleeping as true from carpet.conf
[23:02:04] [Server thread/INFO]: [CM]: loaded setting leadFix as true from carpet.conf
[23:02:04] [Server thread/INFO]: [CM]: loaded setting ctrlQCraftingFix as true from carpet.conf
[23:02:04] [Server thread/INFO]: [CM]: loaded setting language as zh_cn from carpet.conf
[23:02:04] [Server thread/INFO]: [CM]: loaded setting commandTick as true from carpet.conf
[23:02:04] [Server thread/INFO]: [CM]: loaded setting commandDraw as false from carpet.conf
[23:02:04] [Server thread/INFO]: [CM]: loaded setting fastRedstoneDust as true from carpet.conf
[23:02:04] [Server thread/INFO]: [CM]: loaded setting rotatorBlock as true from carpet.conf
[23:02:04] [Server thread/INFO]: [CM]: loaded setting commandPlayer as true from carpet.conf
[23:02:04] [Server thread/INFO]: [CM]: loaded setting updateSuppressionCrashFix as true from carpet.conf
[23:02:04] [Server thread/INFO]: [CM]: loaded setting reloadSuffocationFix as true from carpet.conf
[23:02:04] [Server thread/INFO]: [CM]: loaded setting antiCheatDisabled as true from carpet.conf
[23:02:04] [Server thread/INFO]: [CM]: loaded setting commandPing as true from carpet.conf
[23:02:04] [Server thread/INFO]: [CM]: loaded setting defaultLoggers as tps,mobcaps from carpet.conf
[23:02:04] [Server thread/INFO]: [CM]: loaded setting placementRotationFix as true from carpet.conf
[23:02:04] [Server thread/INFO]: [CM]: loaded setting hopperCounters as true from carpet.conf
[23:02:04] [Server thread/INFO]: [CM]: loaded setting flippinCactus as true from carpet.conf
[23:02:04] [Server thread/INFO]: [CM]: loaded setting lagFreeSpawning as true from carpet.conf
[23:02:06] [Server thread/INFO]: create world dimension: minecraft:overworld (seed: 20190827)
[23:02:06] [Server thread/INFO]: create world dimension: minecraft:the_nether (seed: 20190827)
[23:02:06] [Server thread/INFO]: create world dimension: minecraft:the_end (seed: 20190827)
[23:02:06] [Server thread/INFO]: Preparing start region for dimension minecraft:overworld
[23:02:16] [Server thread/INFO]: Preparing spawn area: 0%
[23:02:16] [Server thread/INFO]: Preparing spawn area: 0%
[23:02:16] [Server thread/INFO]: Preparing spawn area: 0%
[23:02:16] [Server thread/INFO]: Preparing spawn area: 0%
[23:02:16] [Server thread/INFO]: Preparing spawn area: 0%
[23:02:16] [Server thread/INFO]: Preparing spawn area: 0%
[23:02:16] [Server thread/INFO]: Preparing spawn area: 0%
[23:02:16] [Server thread/INFO]: Preparing spawn area: 0%
[23:02:16] [Server thread/INFO]: Preparing spawn area: 0%
[23:02:16] [Server thread/INFO]: Preparing spawn area: 0%
[23:02:16] [Server thread/INFO]: Preparing spawn area: 0%
[23:02:16] [Server thread/INFO]: Preparing spawn area: 0%
[23:02:16] [Server thread/INFO]: Preparing spawn area: 0%
[23:02:16] [Server thread/INFO]: Preparing spawn area: 0%
[23:02:16] [Server thread/INFO]: Preparing spawn area: 0%
[23:02:16] [Server thread/INFO]: Preparing spawn area: 0%
[23:02:16] [Server thread/INFO]: Preparing spawn area: 0%
[23:02:16] [Server thread/INFO]: Preparing spawn area: 0%
[23:02:16] [Server thread/INFO]: Preparing spawn area: 0%
[23:02:16] [Server thread/INFO]: Preparing spawn area: 0%
[23:02:16] [Server thread/INFO]: Preparing spawn area: 0%
[23:02:17] [Server thread/INFO]: Preparing spawn area: 0%
[23:02:17] [Server thread/INFO]: Preparing spawn area: 0%
[23:02:18] [Server thread/WARN]: Wrong location! (-3, 15) should be (-3, 14), class_1540['Falling Block'/2, l='ServerLevel[world]', x=-45.94, y=203.47, z=240.02]
[23:02:18] [Server thread/WARN]: Wrong location! (-3, 15) should be (-3, 14), class_1540['Falling Block'/3, l='ServerLevel[world]', x=-45.94, y=203.47, z=240.02]
[23:02:18] [Server thread/WARN]: Wrong location! (-3, 15) should be (-3, 14), class_1540['Falling Block'/4, l='ServerLevel[world]', x=-45.94, y=203.47, z=240.02]
[23:02:18] [Server thread/WARN]: Wrong location! (-3, 15) should be (-3, 14), class_1540['Falling Block'/5, l='ServerLevel[world]', x=-45.94, y=203.47, z=240.02]
[23:02:18] [Server thread/WARN]: Wrong location! (-3, 15) should be (-3, 14), class_1540['Falling Block'/6, l='ServerLevel[world]', x=-45.94, y=203.47, z=240.02]
[23:02:18] [Server thread/WARN]: Wrong location! (-3, 15) should be (-3, 14), class_1540['Falling Block'/7, l='ServerLevel[world]', x=-45.94, y=203.47, z=240.02]
[23:02:18] [Server thread/WARN]: Wrong location! (-3, 15) should be (-3, 14), class_1540['Falling Block'/8, l='ServerLevel[world]', x=-45.94, y=203.47, z=240.02]
[23:02:18] [Server thread/WARN]: Wrong location! (-3, 15) should be (-3, 14), class_1540['Falling Block'/9, l='ServerLevel[world]', x=-45.94, y=203.47, z=240.02]
[23:02:18] [Server thread/INFO]: Preparing spawn area: 28%
[23:02:18] [Server thread/INFO]: Preparing spawn area: 87%
[23:02:21] [Server thread/INFO]: Time elapsed: 14496 ms
[23:02:21] [Server thread/INFO]: Done (16.773s)! For help, type "help"
[23:02:21] [Server thread/INFO]: Starting remote control listener
[23:02:21] [Server thread/INFO]: Thread RCON Listener started
[23:02:21] [Server thread/INFO]: RCON running on 0.0.0.0:796
[23:02:21] [Thread-66/INFO]: Loading BlueMap...
[23:02:22] [Thread-66/INFO]: Loading resources...
[23:02:22] [Thread-67/INFO]: WebServer started.
[23:02:25] [Server thread/INFO]: Can only manipulate existing players
[23:02:25] [Server thread/INFO]: Can only manipulate existing players
[23:02:25] [Server thread/WARN]: Can't keep up! Is the server overloaded? Running 4009ms or 80 ticks behind
[23:02:29] [Thread-66/INFO]: Loading bluemap assets (1/3)...
[23:02:30] [Thread-66/INFO]: Loading realms assets (2/3)...
[23:02:31] [Thread-66/INFO]: Loading minecraft assets (3/3)...
[23:02:37] [Thread-66/INFO]: BlueMap loaded!
[23:02:54] [Server thread/WARN]: Can't keep up! Is the server overloaded? Running 13950ms or 279 ticks behind
[23:03:01] [Server thread/INFO]: EDGW[/127.0.0.1:45257] logged in with entity id 450 at (-1928.599317522217, 72.5, 652.0682951212849)
[23:03:01] [Server thread/INFO]: EDGW joined the game
[23:03:02] [Netty Epoll Server IO #0/WARN]: Received invalid identifier in minecraft:register: legacy:fml|hs (Non [a-z0-9/._-] character in path of location: legacy:fml|hs)
[23:03:02] [Netty Epoll Server IO #0/WARN]: Player EDGW joined with another carpet version: 1.4.11+v200910
[23:03:03] [Netty Epoll Server IO #0/WARN]: Player EDGW joined with another carpet version: 1.4.11+v200910
[23:03:12] [Server thread/WARN]: Can't keep up! Is the server overloaded? Running 3435ms or 68 ticks behind
[23:03:30] [Server thread/WARN]: Can't keep up! Is the server overloaded? Running 2417ms or 48 ticks behind
[23:03:47] [Server thread/WARN]: Can't keep up! Is the server overloaded? Running 2191ms or 43 ticks behind
[23:04:00] [Server thread/INFO]: Can only manipulate existing players
[23:04:00] [Server thread/INFO]: Can only manipulate existing players
[23:04:32] [Server thread/WARN]: Can't keep up! Is the server overloaded? Running 2100ms or 42 ticks behind
[23:06:00] [Server thread/INFO]: Can only manipulate existing players
[23:06:00] [Server thread/INFO]: Can only manipulate existing players
[23:06:45] [Server thread/INFO]: EDGWA[/127.0.0.1:45243] logged in with entity id 1461 at (-1677.2816315028304, 97.0, 475.17613736965296)
[23:06:45] [Server thread/INFO]: EDGWA joined the game
[23:06:45] [Netty Epoll Server IO #1/WARN]: Received invalid identifier in minecraft:register: legacy:fml|hs (Non [a-z0-9/._-] character in path of location: legacy:fml|hs)
[23:06:48] [Server thread/WARN]: Can't keep up! Is the server overloaded? Running 2020ms or 40 ticks behind
[23:07:15] [Server thread/INFO]: EDGWA lost connection: Timed out
[23:07:15] [Server thread/INFO]: EDGWA left the game
[23:07:26] [Server thread/INFO]: <EDGW> 铁路4号线全线贯通
[23:08:00] [Server thread/INFO]: Can only manipulate existing players
[23:08:00] [Server thread/INFO]: Can only manipulate existing players
[23:10:00] [Server thread/INFO]: Can only manipulate existing players
[23:10:00] [Server thread/INFO]: Can only manipulate existing players
[23:10:00] [Server thread/INFO]: shuijiao[local] logged in with entity id 2376 at (-42.5, 61.0, 240.5)
[23:10:00] [Server thread/INFO]: shuijiao joined the game
[23:10:42] [Server thread/INFO]: EDGW lost connection: Disconnected
[23:10:42] [Server thread/INFO]: EDGW left the game
[23:20:00] [Server thread/INFO]: Player shuijiao is already logged on
[23:30:00] [Server thread/INFO]: Player shuijiao is already logged on
[23:40:00] [Server thread/INFO]: Player shuijiao is already logged on
[23:48:18] [Server thread/WARN]: Fetching packet for removed entity class_1542['Air'/6443, l='ServerLevel[world]', x=-86.05, y=7.00, z=279.68]
[23:50:00] [Server thread/INFO]: Player shuijiao is already logged on
[23:54:07] [Server thread/WARN]: Fetching packet for removed entity class_1542['Air'/7185, l='ServerLevel[world]', x=-89.95, y=7.00, z=279.85]
