[21:41:20] [Server thread/INFO]: Starting minecraft server version 1.15.2
[21:41:20] [Server thread/INFO]: Loading properties
[21:41:20] [Server thread/INFO]: This server is running CraftBukkit version git-Spigot-6de3d4b-796eb15 (MC: 1.15.2) (Implementing API version 1.15.2-R0.1-SNAPSHOT)
[21:41:21] [Server thread/INFO]: Debug logging is disabled
[21:41:21] [Server thread/INFO]: Server Ping Player Sample Count: 12
[21:41:21] [Server thread/INFO]: Using 4 threads for Netty based IO
[21:41:22] [Server thread/INFO]: Default game type: SURVIVAL
[21:41:22] [Server thread/INFO]: Generating keypair
[21:41:23] [Server thread/INFO]: Starting Minecraft server on *:25565
[21:41:23] [Server thread/INFO]: Using epoll channel type
[21:41:26] [Server thread/WARN]: Initializing Legacy Material Support. Unless you have legacy plugins and/or data this is a bug!
[21:41:37] [Server thread/WARN]: Legacy plugin EzWhiteList v1.1-release does not specify an api-version.
[21:41:37] [Server thread/WARN]: Legacy plugin LoginSecurity v3.0.1 does not specify an api-version.
[21:41:37] [Server thread/WARN]: Legacy plugin MiaoBoard v2.5.0-git-fdf05fc1c0c21b8fb30cf99ccb58d20e396ebfc7 does not specify an api-version.
[21:41:37] [Server thread/WARN]: Legacy plugin FastLogin v1.10-git484855724b794de1fe057cf7360245362658b432 does not specify an api-version.
[21:41:38] [Server thread/WARN]: Legacy plugin MiaoChat v1.8.9-git-f22113584d750a8d95fb5df80d226af9abc4e80e does not specify an api-version.
[21:41:38] [Server thread/INFO]: [EzWhiteList] Loading EzWhiteList v1.1-release
[21:41:38] [Server thread/INFO]: [LoginSecurity] Loading LoginSecurity v3.0.1
[21:41:38] [Server thread/INFO]: [PlaceholderAPI] Loading PlaceholderAPI v2.10.4
[21:41:38] [Server thread/INFO]: [ProtocolLib] Loading ProtocolLib v4.5.0
[21:41:38] [Server thread/WARN]: [ProtocolLib] Version (MC: 1.15.2) has not yet been tested! Proceed with caution.
[21:41:39] [Server thread/INFO]: [MiaoBoard] Loading MiaoBoard v2.5.0-git-fdf05fc1c0c21b8fb30cf99ccb58d20e396ebfc7
[21:41:39] [Server thread/INFO]: [FastLogin] Loading FastLogin v1.10-git484855724b794de1fe057cf7360245362658b432
[21:41:39] [Server thread/INFO]: [MiaoChat] Loading MiaoChat v1.8.9-git-f22113584d750a8d95fb5df80d226af9abc4e80e
[21:41:39] [Server thread/INFO]: [ProtocolLib] Enabling ProtocolLib v4.5.0
[21:41:39] [Server thread/INFO]: [ProtocolLib] Started structure compiler thread.
[21:41:39] [Server thread/INFO]: [FastLogin] Enabling FastLogin v1.10-git484855724b794de1fe057cf7360245362658b432
[21:41:40] [Server thread/INFO]: HikariPool-1 - Starting...
[21:41:40] [Server thread/INFO]: HikariPool-1 - Start completed.
[21:41:40] [Server thread/WARN]: **** SERVER IS RUNNING IN OFFLINE/INSECURE MODE!
[21:41:40] [Server thread/WARN]: The server will make no attempt to authenticate usernames. Beware.
[21:41:40] [Server thread/WARN]: While this makes the game possible to play without internet access, it also opens up the ability for hackers to connect with any username they choose.
[21:41:40] [Server thread/WARN]: To change this, set "online-mode" to "true" in the server.properties file.
[21:41:40] [Server thread/INFO]: Preparing level "skimit"
[21:41:41] [Server thread/INFO]: Reloading ResourceManager: Default, bukkit
[21:41:42] [Server thread/INFO]: Loaded 6 recipes
[21:41:44] [Server thread/INFO]: -------- World Settings For [skimit] --------
[21:41:44] [Server thread/INFO]: Cactus Growth Modifier: 100%
[21:41:44] [Server thread/INFO]: Cane Growth Modifier: 100%
[21:41:44] [Server thread/INFO]: Melon Growth Modifier: 100%
[21:41:44] [Server thread/INFO]: Mushroom Growth Modifier: 100%
[21:41:44] [Server thread/INFO]: Pumpkin Growth Modifier: 100%
[21:41:44] [Server thread/INFO]: Sapling Growth Modifier: 100%
[21:41:44] [Server thread/INFO]: Beetroot Growth Modifier: 100%
[21:41:44] [Server thread/INFO]: Carrot Growth Modifier: 100%
[21:41:44] [Server thread/INFO]: Potato Growth Modifier: 100%
[21:41:44] [Server thread/INFO]: Wheat Growth Modifier: 100%
[21:41:44] [Server thread/INFO]: NetherWart Growth Modifier: 100%
[21:41:44] [Server thread/INFO]: Vine Growth Modifier: 100%
[21:41:44] [Server thread/INFO]: Cocoa Growth Modifier: 100%
[21:41:44] [Server thread/INFO]: Bamboo Growth Modifier: 100%
[21:41:44] [Server thread/INFO]: SweetBerry Growth Modifier: 100%
[21:41:44] [Server thread/INFO]: Kelp Growth Modifier: 100%
[21:41:44] [Server thread/INFO]: Entity Activation Range: An 32 / Mo 32 / Ra 48 / Mi 16 / Tiv true
[21:41:44] [Server thread/INFO]: Mob Spawn Range: 6
[21:41:44] [Server thread/INFO]: Experience Merge Radius: 3.0
[21:41:44] [Server thread/INFO]: Entity Tracking Range: Pl 48 / An 48 / Mo 48 / Mi 32 / Other 64
[21:41:44] [Server thread/INFO]: Hopper Transfer: 8 Hopper Check: 1 Hopper Amount: 1
[21:41:44] [Server thread/INFO]: Custom Map Seeds:  Village: 10387312 Desert: 14357617 Igloo: 14357618 Jungle: 14357619 Swamp: 14357620 Monument: 10387313 Ocean: 14357621 Shipwreck: 165745295 Slime: 987234911
[21:41:44] [Server thread/INFO]: Max TNT Explosions: 100
[21:41:44] [Server thread/INFO]: Tile Max Tick Time: 50ms Entity max Tick Time: 50ms
[21:41:44] [Server thread/INFO]: View Distance: 6
[21:41:44] [Server thread/INFO]: Allow Zombie Pigmen to spawn from portal blocks: true
[21:41:44] [Server thread/INFO]: Item Despawn Rate: 6000
[21:41:44] [Server thread/INFO]: Item Merge Radius: 2.5
[21:41:44] [Server thread/INFO]: Arrow Despawn Rate: 1200 Trident Respawn Rate:1200
[21:41:44] [Server thread/INFO]: Zombie Aggressive Towards Villager: true
[21:41:44] [Server thread/INFO]: Nerfing mobs spawned from spawners: false
[21:41:46] [Server thread/INFO]: -------- World Settings For [skimit_nether] --------
[21:41:46] [Server thread/INFO]: Cactus Growth Modifier: 100%
[21:41:46] [Server thread/INFO]: Cane Growth Modifier: 100%
[21:41:46] [Server thread/INFO]: Melon Growth Modifier: 100%
[21:41:46] [Server thread/INFO]: Mushroom Growth Modifier: 100%
[21:41:46] [Server thread/INFO]: Pumpkin Growth Modifier: 100%
[21:41:46] [Server thread/INFO]: Sapling Growth Modifier: 100%
[21:41:46] [Server thread/INFO]: Beetroot Growth Modifier: 100%
[21:41:46] [Server thread/INFO]: Carrot Growth Modifier: 100%
[21:41:46] [Server thread/INFO]: Potato Growth Modifier: 100%
[21:41:46] [Server thread/INFO]: Wheat Growth Modifier: 100%
[21:41:46] [Server thread/INFO]: NetherWart Growth Modifier: 100%
[21:41:46] [Server thread/INFO]: Vine Growth Modifier: 100%
[21:41:46] [Server thread/INFO]: Cocoa Growth Modifier: 100%
[21:41:46] [Server thread/INFO]: Bamboo Growth Modifier: 100%
[21:41:46] [Server thread/INFO]: SweetBerry Growth Modifier: 100%
[21:41:46] [Server thread/INFO]: Kelp Growth Modifier: 100%
[21:41:46] [Server thread/INFO]: Entity Activation Range: An 32 / Mo 32 / Ra 48 / Mi 16 / Tiv true
[21:41:46] [Server thread/INFO]: Mob Spawn Range: 6
[21:41:46] [Server thread/INFO]: Experience Merge Radius: 3.0
[21:41:46] [Server thread/INFO]: Entity Tracking Range: Pl 48 / An 48 / Mo 48 / Mi 32 / Other 64
[21:41:46] [Server thread/INFO]: Hopper Transfer: 8 Hopper Check: 1 Hopper Amount: 1
[21:41:46] [Server thread/INFO]: Custom Map Seeds:  Village: 10387312 Desert: 14357617 Igloo: 14357618 Jungle: 14357619 Swamp: 14357620 Monument: 10387313 Ocean: 14357621 Shipwreck: 165745295 Slime: 987234911
[21:41:46] [Server thread/INFO]: Max TNT Explosions: 100
[21:41:46] [Server thread/INFO]: Tile Max Tick Time: 50ms Entity max Tick Time: 50ms
[21:41:46] [Server thread/INFO]: View Distance: 6
[21:41:46] [Server thread/INFO]: Allow Zombie Pigmen to spawn from portal blocks: true
[21:41:46] [Server thread/INFO]: Item Despawn Rate: 6000
[21:41:46] [Server thread/INFO]: Item Merge Radius: 2.5
[21:41:46] [Server thread/INFO]: Arrow Despawn Rate: 1200 Trident Respawn Rate:1200
[21:41:46] [Server thread/INFO]: Zombie Aggressive Towards Villager: true
[21:41:46] [Server thread/INFO]: Nerfing mobs spawned from spawners: false
[21:41:47] [Server thread/INFO]: -------- World Settings For [skimit_the_end] --------
[21:41:47] [Server thread/INFO]: Cactus Growth Modifier: 100%
[21:41:47] [Server thread/INFO]: Cane Growth Modifier: 100%
[21:41:47] [Server thread/INFO]: Melon Growth Modifier: 100%
[21:41:47] [Server thread/INFO]: Mushroom Growth Modifier: 100%
[21:41:47] [Server thread/INFO]: Pumpkin Growth Modifier: 100%
[21:41:47] [Server thread/INFO]: Sapling Growth Modifier: 100%
[21:41:47] [Server thread/INFO]: Beetroot Growth Modifier: 100%
[21:41:47] [Server thread/INFO]: Carrot Growth Modifier: 100%
[21:41:47] [Server thread/INFO]: Potato Growth Modifier: 100%
[21:41:47] [Server thread/INFO]: Wheat Growth Modifier: 100%
[21:41:47] [Server thread/INFO]: NetherWart Growth Modifier: 100%
[21:41:47] [Server thread/INFO]: Vine Growth Modifier: 100%
[21:41:47] [Server thread/INFO]: Cocoa Growth Modifier: 100%
[21:41:47] [Server thread/INFO]: Bamboo Growth Modifier: 100%
[21:41:47] [Server thread/INFO]: SweetBerry Growth Modifier: 100%
[21:41:47] [Server thread/INFO]: Kelp Growth Modifier: 100%
[21:41:47] [Server thread/INFO]: Entity Activation Range: An 32 / Mo 32 / Ra 48 / Mi 16 / Tiv true
[21:41:47] [Server thread/INFO]: Mob Spawn Range: 6
[21:41:47] [Server thread/INFO]: Experience Merge Radius: 3.0
[21:41:47] [Server thread/INFO]: Entity Tracking Range: Pl 48 / An 48 / Mo 48 / Mi 32 / Other 64
[21:41:47] [Server thread/INFO]: Hopper Transfer: 8 Hopper Check: 1 Hopper Amount: 1
[21:41:47] [Server thread/INFO]: Custom Map Seeds:  Village: 10387312 Desert: 14357617 Igloo: 14357618 Jungle: 14357619 Swamp: 14357620 Monument: 10387313 Ocean: 14357621 Shipwreck: 165745295 Slime: 987234911
[21:41:47] [Server thread/INFO]: Max TNT Explosions: 100
[21:41:47] [Server thread/INFO]: Tile Max Tick Time: 50ms Entity max Tick Time: 50ms
[21:41:47] [Server thread/INFO]: View Distance: 6
[21:41:47] [Server thread/INFO]: Allow Zombie Pigmen to spawn from portal blocks: true
[21:41:47] [Server thread/INFO]: Item Despawn Rate: 6000
[21:41:47] [Server thread/INFO]: Item Merge Radius: 2.5
[21:41:47] [Server thread/INFO]: Arrow Despawn Rate: 1200 Trident Respawn Rate:1200
[21:41:47] [Server thread/INFO]: Zombie Aggressive Towards Villager: true
[21:41:47] [Server thread/INFO]: Nerfing mobs spawned from spawners: false
[21:41:47] [Server thread/INFO]: Preparing start region for dimension 'skimit'/minecraft:overworld
[21:41:51] [Server thread/INFO]: Preparing spawn area: 0%
[21:41:51] [Server thread/INFO]: Preparing spawn area: 0%
[21:41:51] [Server thread/INFO]: Preparing spawn area: 0%
[21:41:51] [Server thread/INFO]: Preparing spawn area: 0%
[21:41:51] [Server thread/INFO]: Preparing spawn area: 0%
[21:41:51] [Server thread/INFO]: Preparing spawn area: 0%
[21:41:51] [Server thread/INFO]: Preparing spawn area: 0%
[21:41:51] [Server thread/INFO]: Preparing spawn area: 0%
[21:41:51] [Server thread/INFO]: Preparing spawn area: 0%
[21:42:20] [Server-Worker-1/INFO]: Preparing spawn area: 0%
[21:42:20] [Server-Worker-1/INFO]: Preparing spawn area: 0%
[21:42:20] [Server-Worker-1/INFO]: Preparing spawn area: 0%
[21:42:20] [Server-Worker-1/INFO]: Preparing spawn area: 0%
[21:42:20] [Server-Worker-1/INFO]: Preparing spawn area: 0%
[21:42:20] [Server-Worker-1/INFO]: Preparing spawn area: 0%
[21:42:20] [Server-Worker-1/INFO]: Preparing spawn area: 0%
[21:42:20] [Server-Worker-1/INFO]: Preparing spawn area: 0%
[21:42:20] [Server-Worker-1/INFO]: Preparing spawn area: 0%
[21:42:20] [Server-Worker-1/INFO]: Preparing spawn area: 0%
[21:42:20] [Server-Worker-1/INFO]: Preparing spawn area: 0%
[21:42:20] [Server-Worker-1/INFO]: Preparing spawn area: 0%
[21:42:20] [Server-Worker-1/INFO]: Preparing spawn area: 0%
[21:42:20] [Server-Worker-1/INFO]: Preparing spawn area: 0%
[21:42:20] [Server-Worker-1/INFO]: Preparing spawn area: 0%
[21:42:20] [Server-Worker-1/INFO]: Preparing spawn area: 0%
[21:42:20] [Server-Worker-1/INFO]: Preparing spawn area: 0%
[21:42:20] [Server-Worker-1/INFO]: Preparing spawn area: 0%
[21:42:20] [Server-Worker-1/INFO]: Preparing spawn area: 0%
[21:42:20] [Server-Worker-1/INFO]: Preparing spawn area: 0%
[21:42:20] [Server-Worker-1/INFO]: Preparing spawn area: 0%
[21:42:20] [Server-Worker-1/INFO]: Preparing spawn area: 0%
[21:42:20] [Server-Worker-1/INFO]: Preparing spawn area: 0%
[21:42:20] [Server-Worker-1/INFO]: Preparing spawn area: 0%
[21:42:20] [Server-Worker-1/INFO]: Preparing spawn area: 0%
[21:42:20] [Server-Worker-1/INFO]: Preparing spawn area: 0%
[21:42:20] [Server-Worker-1/INFO]: Preparing spawn area: 0%
[21:42:20] [Server-Worker-1/INFO]: Preparing spawn area: 0%
[21:42:20] [Server-Worker-1/INFO]: Preparing spawn area: 0%
[21:42:20] [Server-Worker-1/INFO]: Preparing spawn area: 0%
[21:42:20] [Server-Worker-1/INFO]: Preparing spawn area: 0%
[21:42:20] [Server-Worker-1/INFO]: Preparing spawn area: 0%
[21:42:20] [Server-Worker-1/INFO]: Preparing spawn area: 0%
[21:42:20] [Server-Worker-1/INFO]: Preparing spawn area: 0%
[21:42:20] [Server-Worker-1/INFO]: Preparing spawn area: 0%
[21:42:20] [Server-Worker-1/INFO]: Preparing spawn area: 0%
[21:42:20] [Server-Worker-1/INFO]: Preparing spawn area: 0%
[21:42:20] [Server-Worker-1/INFO]: Preparing spawn area: 0%
[21:42:20] [Server-Worker-1/INFO]: Preparing spawn area: 0%
[21:42:20] [Server-Worker-1/INFO]: Preparing spawn area: 0%
[21:42:20] [Server-Worker-1/INFO]: Preparing spawn area: 0%
[21:42:20] [Server-Worker-1/INFO]: Preparing spawn area: 0%
[21:42:20] [Server-Worker-1/INFO]: Preparing spawn area: 0%
[21:42:20] [Server-Worker-1/INFO]: Preparing spawn area: 0%
[21:42:20] [Server-Worker-1/INFO]: Preparing spawn area: 0%
[21:42:20] [Server-Worker-1/INFO]: Preparing spawn area: 0%
[21:42:20] [Server-Worker-1/INFO]: Preparing spawn area: 0%
[21:42:20] [Server-Worker-1/INFO]: Preparing spawn area: 0%
[21:42:20] [Server-Worker-1/INFO]: Preparing spawn area: 0%
[21:42:20] [Server-Worker-1/INFO]: Preparing spawn area: 0%
[21:42:20] [Server-Worker-1/INFO]: Preparing spawn area: 0%
[21:42:20] [Server-Worker-1/INFO]: Preparing spawn area: 0%
[21:42:20] [Server-Worker-1/INFO]: Preparing spawn area: 0%
[21:42:20] [Server-Worker-1/INFO]: Preparing spawn area: 0%
[21:42:20] [Server-Worker-1/INFO]: Preparing spawn area: 0%
[21:42:20] [Server-Worker-1/INFO]: Preparing spawn area: 0%
[21:42:20] [Server-Worker-1/INFO]: Preparing spawn area: 0%
[21:42:20] [Server-Worker-1/INFO]: Preparing spawn area: 0%
[21:42:21] [Server thread/INFO]: Preparing spawn area: 0%
[21:42:21] [Server thread/INFO]: Preparing spawn area: 25%
[21:42:22] [Server thread/INFO]: Time elapsed: 35007 ms
[21:42:22] [Server thread/INFO]: Preparing start region for dimension 'skimit_nether'/minecraft:the_nether
[21:42:24] [Server thread/INFO]: Preparing spawn area: 0%
[21:42:24] [Server thread/INFO]: Preparing spawn area: 0%
[21:42:24] [Server thread/INFO]: Preparing spawn area: 0%
[21:42:24] [Server thread/INFO]: Preparing spawn area: 0%
[21:42:24] [Server thread/INFO]: Preparing spawn area: 0%
[21:42:25] [Server thread/INFO]: Preparing spawn area: 0%
[21:42:25] [Server thread/INFO]: Time elapsed: 2954 ms
[21:42:25] [Server thread/INFO]: Preparing start region for dimension 'skimit_the_end'/minecraft:the_end
[21:42:26] [Server thread/INFO]: Preparing spawn area: 0%
[21:42:26] [Server thread/INFO]: Preparing spawn area: 0%
[21:42:26] [Server thread/INFO]: Preparing spawn area: 0%
[21:42:27] [Server-Worker-1/INFO]: Preparing spawn area: 88%
[21:42:27] [Server-Worker-1/INFO]: Preparing spawn area: 88%
[21:42:28] [Server-Worker-1/INFO]: Preparing spawn area: 88%
[21:42:28] [Server-Worker-1/INFO]: Preparing spawn area: 93%
[21:42:28] [Server thread/INFO]: Time elapsed: 3397 ms
[21:42:28] [Server thread/INFO]: [EzWhiteList] Enabling EzWhiteList v1.1-release
[21:42:28] [Server thread/INFO]: EzWL >> 开始加载
[21:42:28] [Server thread/INFO]: EzWL >> 加载完毕
[21:42:28] [Server thread/INFO]: [LoginSecurity] Enabling LoginSecurity v3.0.1
[21:42:29] [Server thread/INFO]: [LoginSecurity] Loading base translations from "en_us"
[21:42:29] [Server thread/INFO]: [LoginSecurity] Loading specified translations from "zh_cn"
[21:44:37] [Server thread/WARN]: [LoginSecurity] Couldn't get translation, defaulting to en_us
java.net.ConnectException: Connection timed out (Connection timed out)
	at java.net.PlainSocketImpl.socketConnect(Native Method) ~[?:1.8.0_242]
	at java.net.AbstractPlainSocketImpl.doConnect(AbstractPlainSocketImpl.java:350) ~[?:1.8.0_242]
	at java.net.AbstractPlainSocketImpl.connectToAddress(AbstractPlainSocketImpl.java:206) ~[?:1.8.0_242]
	at java.net.AbstractPlainSocketImpl.connect(AbstractPlainSocketImpl.java:188) ~[?:1.8.0_242]
	at java.net.SocksSocketImpl.connect(SocksSocketImpl.java:392) ~[?:1.8.0_242]
	at java.net.Socket.connect(Socket.java:607) ~[?:1.8.0_242]
	at java.net.Socket.connect(Socket.java:556) ~[?:1.8.0_242]
	at sun.net.NetworkClient.doConnect(NetworkClient.java:180) ~[?:1.8.0_242]
	at sun.net.www.http.HttpClient.openServer(HttpClient.java:463) ~[?:1.8.0_242]
	at sun.net.www.http.HttpClient.openServer(HttpClient.java:558) ~[?:1.8.0_242]
	at sun.net.www.http.HttpClient.<init>(HttpClient.java:242) ~[?:1.8.0_242]
	at sun.net.www.http.HttpClient.New(HttpClient.java:339) ~[?:1.8.0_242]
	at sun.net.www.http.HttpClient.New(HttpClient.java:357) ~[?:1.8.0_242]
	at sun.net.www.protocol.http.HttpURLConnection.getNewHttpClient(HttpURLConnection.java:1226) ~[?:1.8.0_242]
	at sun.net.www.protocol.http.HttpURLConnection.plainConnect0(HttpURLConnection.java:1162) ~[?:1.8.0_242]
	at sun.net.www.protocol.http.HttpURLConnection.plainConnect(HttpURLConnection.java:1056) ~[?:1.8.0_242]
	at sun.net.www.protocol.http.HttpURLConnection.connect(HttpURLConnection.java:990) ~[?:1.8.0_242]
	at sun.net.www.protocol.http.HttpURLConnection.getInputStream0(HttpURLConnection.java:1570) ~[?:1.8.0_242]
	at sun.net.www.protocol.http.HttpURLConnection.getInputStream(HttpURLConnection.java:1498) ~[?:1.8.0_242]
	at com.lenis0012.bukkit.loginsecurity.modules.language.LanguageAPI.apiRequest(LanguageAPI.java:61) ~[LoginSecurity-3.0.1-Spigot.jar:?]
	at com.lenis0012.bukkit.loginsecurity.modules.language.LanguageAPI.getTranslation(LanguageAPI.java:47) ~[LoginSecurity-3.0.1-Spigot.jar:?]
	at com.lenis0012.bukkit.loginsecurity.modules.language.LanguageModule.enable(LanguageModule.java:34) [LoginSecurity-3.0.1-Spigot.jar:?]
	at com.lenis0012.bukkit.loginsecurity.libs.pluginutils.Registry.enableModule(Registry.java:88) [LoginSecurity-3.0.1-Spigot.jar:?]
	at com.lenis0012.bukkit.loginsecurity.libs.pluginutils.Registry.enableModules(Registry.java:58) [LoginSecurity-3.0.1-Spigot.jar:?]
	at com.lenis0012.bukkit.loginsecurity.libs.pluginutils.PluginHolder.onEnable(PluginHolder.java:28) [LoginSecurity-3.0.1-Spigot.jar:?]
	at org.bukkit.plugin.java.JavaPlugin.setEnabled(JavaPlugin.java:263) [spigot-1.15.2.jar:git-Spigot-6de3d4b-796eb15]
	at org.bukkit.plugin.java.JavaPluginLoader.enablePlugin(JavaPluginLoader.java:351) [spigot-1.15.2.jar:git-Spigot-6de3d4b-796eb15]
	at org.bukkit.plugin.SimplePluginManager.enablePlugin(SimplePluginManager.java:480) [spigot-1.15.2.jar:git-Spigot-6de3d4b-796eb15]
	at org.bukkit.craftbukkit.v1_15_R1.CraftServer.enablePlugin(CraftServer.java:464) [spigot-1.15.2.jar:git-Spigot-6de3d4b-796eb15]
	at org.bukkit.craftbukkit.v1_15_R1.CraftServer.enablePlugins(CraftServer.java:378) [spigot-1.15.2.jar:git-Spigot-6de3d4b-796eb15]
	at net.minecraft.server.v1_15_R1.MinecraftServer.a(MinecraftServer.java:457) [spigot-1.15.2.jar:git-Spigot-6de3d4b-796eb15]
	at net.minecraft.server.v1_15_R1.DedicatedServer.init(DedicatedServer.java:274) [spigot-1.15.2.jar:git-Spigot-6de3d4b-796eb15]
	at net.minecraft.server.v1_15_R1.MinecraftServer.run(MinecraftServer.java:784) [spigot-1.15.2.jar:git-Spigot-6de3d4b-796eb15]
	at java.lang.Thread.run(Thread.java:748) [?:1.8.0_242]
[21:44:37] [Server thread/INFO]: [LoginSecurity] Registering commands...
[21:44:37] [Server thread/INFO]: [LoginSecurity] Registering listeners...
[21:44:37] [Server thread/INFO]: [LoginSecurity] Using 1.12+ map captcha renderer
[21:44:37] [Server thread/INFO]: [PlaceholderAPI] Enabling PlaceholderAPI v2.10.4
[21:44:37] [Server thread/INFO]: [PlaceholderAPI] Fetching available expansion information...
[21:44:37] [Server thread/INFO]: [MiaoBoard] Enabling MiaoBoard v2.5.0-git-fdf05fc1c0c21b8fb30cf99ccb58d20e396ebfc7
[21:44:37] [Server thread/INFO]: [MiaoChat] Enabling MiaoChat v1.8.9-git-f22113584d750a8d95fb5df80d226af9abc4e80e
[21:44:37] [Server thread/INFO]: [MiaoChat] 异步初始化本地化工具...
[21:44:37] [Server thread/INFO]: Server permissions file permissions.yml is empty, ignoring it
[21:44:37] [Server thread/INFO]: [PlaceholderAPI] Placeholder expansion registration initializing...
[21:44:37] [Server thread/INFO]: [PlaceholderAPI] Successfully registered expansion: server
[21:44:37] [Server thread/INFO]: [PlaceholderAPI] Successfully registered expansion: statistic
[21:44:37] [Server thread/INFO]: Done (177.051s)! For help, type "help"
[21:44:37] [Server thread/INFO]: Starting remote control listener
[21:44:37] [RCON Listener #1/INFO]: RCON running on 0.0.0.0:22140
[21:44:38] [Server thread/WARN]: [FastLogin] Loaded class com.lenis0012.bukkit.loginsecurity.session.AuthAction from LoginSecurity v3.0.1 which is not a depend, softdepend or loadbefore of this plugin.
[21:44:38] [Server thread/INFO]: [FastLogin] Hooking into auth plugin: LoginSecurity
[21:44:40] [Server thread/INFO]: /180.102.213.163:22913 lost connection: Disconnected
[21:44:52] [Thread-13/INFO]: [MiaoChat] 配置: 创建新的文件 plugins/YumCore/cache/Item_zh_CN.yml ...
[21:44:52] [Thread-13/INFO]: [MiaoChat] 配置 Item_zh_CN.yml 来自 YUMC 数据中心...
[21:44:52] [Thread-13/INFO]: [MiaoChat] 远程汉化文件词条数量: 1912
[21:44:52] [Thread-13/INFO]: [MiaoChat] 本地化工具初始化完毕...
[21:44:55] [Craft Scheduler Thread - 3/INFO]: [PlaceholderAPI] Failed to check for updates on spigot.
[21:45:21] [Craft Scheduler Thread - 4/INFO]: [PlaceholderAPI] 170 placeholder expansions are available on the cloud.
[21:53:04] [Server thread/INFO]: /180.102.213.163:22208 lost connection: Disconnected
[21:54:52] [Server thread/INFO]: /180.102.213.163:21504 lost connection: Disconnected
[21:56:05] [Craft Scheduler Thread - 4/INFO]: [FastLogin] Player MAX_XiaoKui has a verified premium account
[21:56:05] [User Authenticator #1/INFO]: UUID of player MAX_XiaoKui is a417032c-e2e7-3f62-b3d2-c1836915bba1
[21:56:06] [Server thread/INFO]: MAX_XiaoKui[/180.102.213.163:20482] logged in with entity id 164 at ([skimit]-425.30000001192093, 74.0, 503.3000000119209)
[21:56:10] [Craft Scheduler Thread - 4/INFO]: [FastLogin] Logging player MAX_XiaoKui in
[21:56:11] [Server thread/WARN]: Can't keep up! Is the server overloaded? Running 5378ms or 107 ticks behind
[21:57:10] [Server thread/WARN]: Can't keep up! Is the server overloaded? Running 7099ms or 141 ticks behind
[21:59:12] [Server thread/INFO]: MAX_XiaoKui lost connection: Disconnected
[21:59:13] [Server thread/INFO]: MAX_XiaoKui left the game
[21:59:15] [Server thread/WARN]: Can't keep up! Is the server overloaded? Running 95288ms or 1905 ticks behind
[22:00:23] [Server thread/WARN]: Can't keep up! Is the server overloaded? Running 5264ms or 105 ticks behind
[22:02:43] [Server thread/WARN]: Can't keep up! Is the server overloaded? Running 109716ms or 2194 ticks behind
[22:04:29] [Craft Scheduler Thread - 13/INFO]: [FastLogin] Player MAX_XiaoKui has a verified premium account
[22:04:29] [User Authenticator #2/INFO]: UUID of player MAX_XiaoKui is a417032c-e2e7-3f62-b3d2-c1836915bba1
[22:04:30] [Server thread/INFO]: MAX_XiaoKui[/180.102.213.163:20609] logged in with entity id 529 at ([skimit]-380.69999998807907, 69.0, 498.58252461858075)
[22:04:30] [Craft Scheduler Thread - 13/INFO]: [FastLogin] Logging player MAX_XiaoKui in
[22:05:24] [Server thread/INFO]: MAX_XiaoKui lost connection: Disconnected
[22:05:24] [Server thread/INFO]: MAX_XiaoKui left the game
[22:08:46] [Server thread/INFO]: ========= [MiaoBoard] 帮助 By 喵♂呜 =========
[22:08:46] [Server thread/INFO]: /miaoboard on  - 打开记分板
[22:08:46] [Server thread/INFO]: /miaoboard off  - 关闭记分板
[22:08:46] [Server thread/INFO]: /miaoboard reload  - 重新载入配置文件
[22:08:46] [Server thread/INFO]: 查看更多的帮助页面 请输入 /miaoboard help 1-1
[22:08:50] [Server thread/INFO]: [MiaoBoard] 配置重载完毕!
[22:09:01] [Craft Scheduler Thread - 13/INFO]: [FastLogin] Player MAX_XiaoKui has a verified premium account
[22:09:01] [User Authenticator #3/INFO]: UUID of player MAX_XiaoKui is a417032c-e2e7-3f62-b3d2-c1836915bba1
[22:09:01] [Server thread/INFO]: MAX_XiaoKui[/180.102.213.163:22466] logged in with entity id 757 at ([skimit]-379.30000001192093, 69.0, 496.3121348638576)
[22:09:01] [Craft Scheduler Thread - 15/INFO]: [FastLogin] Logging player MAX_XiaoKui in
[22:09:30] [Server thread/INFO]: Download starting for expansion: Player version: 1.7.2
[22:09:30] [Server thread/INFO]: [PlaceholderAPI] Attempting download of expansion: Player from url: http://api.extendedclip.com/media/PAPI-Expansion-Player_1GgoPPZ.jar
[22:09:30] [Server thread/INFO]: [PlaceholderAPI] Fetching available expansion information...
[22:09:32] [Craft Scheduler Thread - 15/INFO]: [PlaceholderAPI] Download of expansion: Player complete!
[22:10:08] [Craft Scheduler Thread - 13/INFO]: [PlaceholderAPI] 170 placeholder expansions are available on the cloud.
[22:10:47] [Server thread/INFO]: [MiaoBoard] 配置重载完毕!
[22:11:33] [Server thread/INFO]: MAX_XiaoKui lost connection: Disconnected
[22:11:33] [Server thread/INFO]: MAX_XiaoKui left the game
[22:12:16] [Craft Scheduler Thread - 15/INFO]: [FastLogin] Player MAX_XiaoKui has a verified premium account
[22:12:16] [User Authenticator #4/INFO]: UUID of player MAX_XiaoKui is a417032c-e2e7-3f62-b3d2-c1836915bba1
[22:12:17] [Server thread/INFO]: MAX_XiaoKui[/180.102.213.163:21632] logged in with entity id 1148 at ([skimit]-406.6799263241588, 70.0, 523.0421987176665)
[22:12:19] [Craft Scheduler Thread - 18/INFO]: [FastLogin] Logging player MAX_XiaoKui in
[22:12:26] [Server thread/INFO]: MAX_XiaoKui lost connection: Disconnected
[22:12:26] [Server thread/INFO]: MAX_XiaoKui left the game
[22:13:22] [Server thread/WARN]: Can't keep up! Is the server overloaded? Running 5160ms or 103 ticks behind
[22:14:37] [Spigot Watchdog Thread/ERROR]: ------------------------------
[22:14:37] [Spigot Watchdog Thread/ERROR]: The server has stopped responding! This is (probably) not a Spigot bug.
[22:14:37] [Spigot Watchdog Thread/ERROR]: If you see a plugin in the Server thread dump below, then please report it to that author
[22:14:37] [Spigot Watchdog Thread/ERROR]: 	 *Especially* if it looks like HTTP or MySQL operations are occurring
[22:14:37] [Spigot Watchdog Thread/ERROR]: If you see a world save or edit, then it means you did far more than your server can handle at once
[22:14:37] [Spigot Watchdog Thread/ERROR]: 	 If this is the case, consider increasing timeout-time in spigot.yml but note that this will replace the crash with LARGE lag spikes
[22:14:37] [Spigot Watchdog Thread/ERROR]: If you are unsure or still think this is a Spigot bug, please report to https://www.spigotmc.org/
[22:14:37] [Spigot Watchdog Thread/ERROR]: Be sure to include ALL relevant console errors and Minecraft crash reports
[22:14:37] [Spigot Watchdog Thread/ERROR]: Spigot version: git-Spigot-6de3d4b-796eb15 (MC: 1.15.2)
[22:14:37] [Spigot Watchdog Thread/ERROR]: ------------------------------
[22:14:37] [Spigot Watchdog Thread/ERROR]: Server thread dump (Look for plugins here before reporting to Spigot!):
[22:14:38] [Spigot Watchdog Thread/ERROR]: ------------------------------
[22:14:38] [Spigot Watchdog Thread/ERROR]: Current Thread: Server thread
[22:14:38] [Spigot Watchdog Thread/ERROR]: 	PID: 14 | Suspended: false | Native: false | State: RUNNABLE
[22:14:38] [Spigot Watchdog Thread/ERROR]: 	Stack:
[22:14:38] [Spigot Watchdog Thread/ERROR]: 		net.minecraft.server.v1_15_R1.IBlockData$$Lambda$3338/2054969528.apply(Unknown Source)
[22:14:38] [Spigot Watchdog Thread/ERROR]: 		java.util.stream.Collectors.lambda$toMap$58(Collectors.java:1320)
[22:14:38] [Spigot Watchdog Thread/ERROR]: 		java.util.stream.Collectors$$Lambda$150/973843173.accept(Unknown Source)
[22:14:38] [Spigot Watchdog Thread/ERROR]: 		java.util.stream.ReduceOps$3ReducingSink.accept(ReduceOps.java:169)
[22:14:38] [Spigot Watchdog Thread/ERROR]: 		java.util.stream.ReferencePipeline$3$1.accept(ReferencePipeline.java:193)
[22:14:38] [Spigot Watchdog Thread/ERROR]: 		java.util.Spliterators$ArraySpliterator.forEachRemaining(Spliterators.java:948)
[22:14:38] [Spigot Watchdog Thread/ERROR]: 		java.util.stream.AbstractPipeline.copyInto(AbstractPipeline.java:482)
[22:14:38] [Spigot Watchdog Thread/ERROR]: 		java.util.stream.AbstractPipeline.wrapAndCopyInto(AbstractPipeline.java:472)
[22:14:38] [Spigot Watchdog Thread/ERROR]: 		java.util.stream.ReduceOps$ReduceOp.evaluateSequential(ReduceOps.java:708)
[22:14:38] [Spigot Watchdog Thread/ERROR]: 		java.util.stream.AbstractPipeline.evaluate(AbstractPipeline.java:234)
[22:14:38] [Spigot Watchdog Thread/ERROR]: 		java.util.stream.ReferencePipeline.collect(ReferencePipeline.java:566)
[22:14:38] [Spigot Watchdog Thread/ERROR]: 		net.minecraft.server.v1_15_R1.IBlockData.a(SourceFile:379)
[22:14:38] [Spigot Watchdog Thread/ERROR]: 		net.minecraft.server.v1_15_R1.WorldGenFeatureStateProviderSimpl.a(SourceFile:34)
[22:14:38] [Spigot Watchdog Thread/ERROR]: 		net.minecraft.server.v1_15_R1.WorldGenFeatureTreeConfiguration.a(SourceFile:38)
[22:14:38] [Spigot Watchdog Thread/ERROR]: 		net.minecraft.server.v1_15_R1.WorldGenFeatureSmallTreeConfigurationConfiguration.a(SourceFile:71)
[22:14:38] [Spigot Watchdog Thread/ERROR]: 		net.minecraft.server.v1_15_R1.WorldGenFeatureConfigured.a(SourceFile:48)
[22:14:38] [Spigot Watchdog Thread/ERROR]: 		net.minecraft.server.v1_15_R1.WorldGenFeatureDefinedStructurePoolFeature.a(SourceFile:82)
[22:14:38] [Spigot Watchdog Thread/ERROR]: 		net.minecraft.server.v1_15_R1.WorldGenFeatureDefinedStructurePoolStructure.b(SourceFile:59)
[22:14:38] [Spigot Watchdog Thread/ERROR]: 		net.minecraft.server.v1_15_R1.WorldGenFeaturePillagerOutpostPoolPiece.a(SourceFile:63)
[22:14:38] [Spigot Watchdog Thread/ERROR]: 		net.minecraft.server.v1_15_R1.StructurePiece.f(SourceFile:97)
[22:14:38] [Spigot Watchdog Thread/ERROR]: 		net.minecraft.server.v1_15_R1.StructureStart.a(SourceFile:97)
[22:14:38] [Spigot Watchdog Thread/ERROR]: 		net.minecraft.server.v1_15_R1.ChunkRegionLoader.a(ChunkRegionLoader.java:433)
[22:14:38] [Spigot Watchdog Thread/ERROR]: 		net.minecraft.server.v1_15_R1.ChunkRegionLoader.saveChunk(ChunkRegionLoader.java:372)
[22:14:38] [Spigot Watchdog Thread/ERROR]: 		net.minecraft.server.v1_15_R1.PlayerChunkMap.saveChunk(PlayerChunkMap.java:717)
[22:14:38] [Spigot Watchdog Thread/ERROR]: 		net.minecraft.server.v1_15_R1.PlayerChunkMap.lambda$15(PlayerChunkMap.java:332)
[22:14:38] [Spigot Watchdog Thread/ERROR]: 		net.minecraft.server.v1_15_R1.PlayerChunkMap$$Lambda$2829/611679054.accept(Unknown Source)
[22:14:38] [Spigot Watchdog Thread/ERROR]: 		java.util.stream.ForEachOps$ForEachOp$OfRef.accept(ForEachOps.java:183)
[22:14:38] [Spigot Watchdog Thread/ERROR]: 		java.util.stream.ReferencePipeline$2$1.accept(ReferencePipeline.java:175)
[22:14:38] [Spigot Watchdog Thread/ERROR]: 		java.util.Iterator.forEachRemaining(Iterator.java:116)
[22:14:38] [Spigot Watchdog Thread/ERROR]: 		java.util.Spliterators$IteratorSpliterator.forEachRemaining(Spliterators.java:1801)
[22:14:38] [Spigot Watchdog Thread/ERROR]: 		java.util.stream.AbstractPipeline.copyInto(AbstractPipeline.java:482)
[22:14:38] [Spigot Watchdog Thread/ERROR]: 		java.util.stream.AbstractPipeline.wrapAndCopyInto(AbstractPipeline.java:472)
[22:14:38] [Spigot Watchdog Thread/ERROR]: 		java.util.stream.ForEachOps$ForEachOp.evaluateSequential(ForEachOps.java:150)
[22:14:38] [Spigot Watchdog Thread/ERROR]: 		java.util.stream.ForEachOps$ForEachOp$OfRef.evaluateSequential(ForEachOps.java:173)
[22:14:38] [Spigot Watchdog Thread/ERROR]: 		java.util.stream.AbstractPipeline.evaluate(AbstractPipeline.java:234)
[22:14:38] [Spigot Watchdog Thread/ERROR]: 		java.util.stream.ReferencePipeline.forEach(ReferencePipeline.java:485)
[22:14:38] [Spigot Watchdog Thread/ERROR]: 		net.minecraft.server.v1_15_R1.PlayerChunkMap.save(PlayerChunkMap.java:328)
[22:14:38] [Spigot Watchdog Thread/ERROR]: 		net.minecraft.server.v1_15_R1.ChunkProviderServer.save(ChunkProviderServer.java:302)
[22:14:38] [Spigot Watchdog Thread/ERROR]: 		net.minecraft.server.v1_15_R1.WorldServer.save(WorldServer.java:811)
[22:14:38] [Spigot Watchdog Thread/ERROR]: 		net.minecraft.server.v1_15_R1.MinecraftServer.saveChunks(MinecraftServer.java:655)
[22:14:38] [Spigot Watchdog Thread/ERROR]: 		net.minecraft.server.v1_15_R1.MinecraftServer.a(MinecraftServer.java:1004)
[22:14:38] [Spigot Watchdog Thread/ERROR]: 		net.minecraft.server.v1_15_R1.MinecraftServer.run(MinecraftServer.java:824)
[22:14:38] [Spigot Watchdog Thread/ERROR]: 		java.lang.Thread.run(Thread.java:748)
[22:14:38] [Spigot Watchdog Thread/ERROR]: ------------------------------
[22:14:38] [Spigot Watchdog Thread/ERROR]: Entire Thread Dump:
[22:14:39] [Spigot Watchdog Thread/ERROR]: ------------------------------
[22:14:39] [Spigot Watchdog Thread/ERROR]: Current Thread: Craft Scheduler Thread - 22
[22:14:39] [Spigot Watchdog Thread/ERROR]: 	PID: 134 | Suspended: false | Native: false | State: TIMED_WAITING
[22:14:39] [Spigot Watchdog Thread/ERROR]: 	Stack:
[22:14:39] [Spigot Watchdog Thread/ERROR]: 		sun.misc.Unsafe.park(Native Method)
[22:14:39] [Spigot Watchdog Thread/ERROR]: 		java.util.concurrent.locks.LockSupport.parkNanos(LockSupport.java:215)
[22:14:39] [Spigot Watchdog Thread/ERROR]: 		java.util.concurrent.SynchronousQueue$TransferStack.awaitFulfill(SynchronousQueue.java:460)
[22:14:39] [Spigot Watchdog Thread/ERROR]: 		java.util.concurrent.SynchronousQueue$TransferStack.transfer(SynchronousQueue.java:362)
[22:14:39] [Spigot Watchdog Thread/ERROR]: 		java.util.concurrent.SynchronousQueue.poll(SynchronousQueue.java:941)
[22:14:39] [Spigot Watchdog Thread/ERROR]: 		java.util.concurrent.ThreadPoolExecutor.getTask(ThreadPoolExecutor.java:1073)
[22:14:39] [Spigot Watchdog Thread/ERROR]: 		java.util.concurrent.ThreadPoolExecutor.runWorker(ThreadPoolExecutor.java:1134)
[22:14:39] [Spigot Watchdog Thread/ERROR]: 		java.util.concurrent.ThreadPoolExecutor$Worker.run(ThreadPoolExecutor.java:624)
[22:14:39] [Spigot Watchdog Thread/ERROR]: 		java.lang.Thread.run(Thread.java:748)
[22:14:39] [Spigot Watchdog Thread/ERROR]: ------------------------------
[22:14:39] [Spigot Watchdog Thread/ERROR]: Current Thread: Craft Scheduler Thread - 21
[22:14:39] [Spigot Watchdog Thread/ERROR]: 	PID: 133 | Suspended: false | Native: false | State: WAITING
[22:14:39] [Spigot Watchdog Thread/ERROR]: 	Thread is waiting on monitor(s):
[22:14:39] [Spigot Watchdog Thread/ERROR]: 		Locked on:sun.net.www.http.HttpClient.openServer(HttpClient.java:558)
[22:14:39] [Spigot Watchdog Thread/ERROR]: 		Locked on:sun.net.www.protocol.http.HttpURLConnection.getInputStream0(HttpURLConnection.java:1570)
[22:14:39] [Spigot Watchdog Thread/ERROR]: 		Locked on:sun.net.www.protocol.http.HttpURLConnection.getInputStream(HttpURLConnection.java:1498)
[22:14:39] [Spigot Watchdog Thread/ERROR]: 	Stack:
[22:14:39] [Spigot Watchdog Thread/ERROR]: 		java.lang.Object.wait(Native Method)
[22:14:39] [Spigot Watchdog Thread/ERROR]: 		java.lang.Object.wait(Object.java:502)
[22:14:39] [Spigot Watchdog Thread/ERROR]: 		java.net.InetAddress.checkLookupTable(InetAddress.java:1394)
[22:14:39] [Spigot Watchdog Thread/ERROR]: 		java.net.InetAddress.getAddressesFromNameService(InetAddress.java:1311)
[22:14:39] [Spigot Watchdog Thread/ERROR]: 		java.net.InetAddress.getAllByName0(InetAddress.java:1277)
[22:14:39] [Spigot Watchdog Thread/ERROR]: 		java.net.InetAddress.getAllByName(InetAddress.java:1193)
[22:14:39] [Spigot Watchdog Thread/ERROR]: 		java.net.InetAddress.getAllByName(InetAddress.java:1127)
[22:14:39] [Spigot Watchdog Thread/ERROR]: 		java.net.InetAddress.getByName(InetAddress.java:1077)
[22:14:39] [Spigot Watchdog Thread/ERROR]: 		java.net.InetSocketAddress.<init>(InetSocketAddress.java:220)
[22:14:39] [Spigot Watchdog Thread/ERROR]: 		sun.net.NetworkClient.doConnect(NetworkClient.java:180)
[22:14:39] [Spigot Watchdog Thread/ERROR]: 		sun.net.www.http.HttpClient.openServer(HttpClient.java:463)
[22:14:39] [Spigot Watchdog Thread/ERROR]: 		sun.net.www.http.HttpClient.openServer(HttpClient.java:558)
[22:14:39] [Spigot Watchdog Thread/ERROR]: 		sun.net.www.http.HttpClient.<init>(HttpClient.java:242)
[22:14:39] [Spigot Watchdog Thread/ERROR]: 		sun.net.www.http.HttpClient.New(HttpClient.java:339)
[22:14:39] [Spigot Watchdog Thread/ERROR]: 		sun.net.www.http.HttpClient.New(HttpClient.java:357)
[22:14:39] [Spigot Watchdog Thread/ERROR]: 		sun.net.www.protocol.http.HttpURLConnection.getNewHttpClient(HttpURLConnection.java:1226)
[22:14:39] [Spigot Watchdog Thread/ERROR]: 		sun.net.www.protocol.http.HttpURLConnection.plainConnect0(HttpURLConnection.java:1162)
[22:14:39] [Spigot Watchdog Thread/ERROR]: 		sun.net.www.protocol.http.HttpURLConnection.plainConnect(HttpURLConnection.java:1056)
[22:14:39] [Spigot Watchdog Thread/ERROR]: 		sun.net.www.protocol.http.HttpURLConnection.connect(HttpURLConnection.java:990)
[22:14:39] [Spigot Watchdog Thread/ERROR]: 		sun.net.www.protocol.http.HttpURLConnection.getInputStream0(HttpURLConnection.java:1570)
[22:14:39] [Spigot Watchdog Thread/ERROR]: 		sun.net.www.protocol.http.HttpURLConnection.getInputStream(HttpURLConnection.java:1498)
[22:14:39] [Spigot Watchdog Thread/ERROR]: 		com.sun.org.apache.xerces.internal.impl.XMLEntityManager.setupCurrentEntity(XMLEntityManager.java:647)
[22:14:39] [Spigot Watchdog Thread/ERROR]: 		com.sun.org.apache.xerces.internal.impl.XMLVersionDetector.determineDocVersion(XMLVersionDetector.java:148)
[22:14:39] [Spigot Watchdog Thread/ERROR]: 		com.sun.org.apache.xerces.internal.parsers.XML11Configuration.parse(XML11Configuration.java:806)
[22:14:39] [Spigot Watchdog Thread/ERROR]: 		com.sun.org.apache.xerces.internal.parsers.XML11Configuration.parse(XML11Configuration.java:771)
[22:14:39] [Spigot Watchdog Thread/ERROR]: 		com.sun.org.apache.xerces.internal.parsers.XMLParser.parse(XMLParser.java:141)
[22:14:39] [Spigot Watchdog Thread/ERROR]: 		com.sun.org.apache.xerces.internal.parsers.DOMParser.parse(DOMParser.java:243)
[22:14:39] [Spigot Watchdog Thread/ERROR]: 		com.sun.org.apache.xerces.internal.jaxp.DocumentBuilderImpl.parse(DocumentBuilderImpl.java:339)
[22:14:39] [Spigot Watchdog Thread/ERROR]: 		javax.xml.parsers.DocumentBuilder.parse(DocumentBuilder.java:177)
[22:14:39] [Spigot Watchdog Thread/ERROR]: 		pw.yumc.MiaoChat.update.SubscribeTask$VersionInfo.update(SubscribeTask.java:395)
[22:14:39] [Spigot Watchdog Thread/ERROR]: 		pw.yumc.MiaoChat.update.SubscribeTask.update(SubscribeTask.java:128)
[22:14:39] [Spigot Watchdog Thread/ERROR]: 		pw.yumc.MiaoChat.update.SubscribeTask.run(SubscribeTask.java:123)
[22:14:39] [Spigot Watchdog Thread/ERROR]: 		org.bukkit.craftbukkit.v1_15_R1.scheduler.CraftTask.run(CraftTask.java:81)
[22:14:39] [Spigot Watchdog Thread/ERROR]: 		org.bukkit.craftbukkit.v1_15_R1.scheduler.CraftAsyncTask.run(CraftAsyncTask.java:54)
[22:14:39] [Spigot Watchdog Thread/ERROR]: 		java.util.concurrent.ThreadPoolExecutor.runWorker(ThreadPoolExecutor.java:1149)
[22:14:39] [Spigot Watchdog Thread/ERROR]: 		java.util.concurrent.ThreadPoolExecutor$Worker.run(ThreadPoolExecutor.java:624)
[22:14:39] [Spigot Watchdog Thread/ERROR]: 		java.lang.Thread.run(Thread.java:748)
[22:14:39] [Spigot Watchdog Thread/ERROR]: ------------------------------
[22:14:39] [Spigot Watchdog Thread/ERROR]: Current Thread: Craft Scheduler Thread - 20
[22:14:39] [Spigot Watchdog Thread/ERROR]: 	PID: 132 | Suspended: false | Native: false | State: RUNNABLE
[22:14:39] [Spigot Watchdog Thread/ERROR]: 	Thread is waiting on monitor(s):
[22:14:39] [Spigot Watchdog Thread/ERROR]: 		Locked on:sun.net.www.http.HttpClient.openServer(HttpClient.java:558)
[22:14:39] [Spigot Watchdog Thread/ERROR]: 		Locked on:sun.net.www.protocol.http.HttpURLConnection.getInputStream0(HttpURLConnection.java:1570)
[22:14:39] [Spigot Watchdog Thread/ERROR]: 		Locked on:sun.net.www.protocol.http.HttpURLConnection.getInputStream(HttpURLConnection.java:1498)
[22:14:39] [Spigot Watchdog Thread/ERROR]: 		Locked on:sun.net.www.protocol.https.HttpsURLConnectionImpl.getInputStream(HttpsURLConnectionImpl.java:268)
[22:14:39] [Spigot Watchdog Thread/ERROR]: 	Stack:
[22:14:39] [Spigot Watchdog Thread/ERROR]: 		java.net.Inet4AddressImpl.lookupAllHostAddr(Native Method)
[22:14:39] [Spigot Watchdog Thread/ERROR]: 		java.net.InetAddress$2.lookupAllHostAddr(InetAddress.java:929)
[22:14:39] [Spigot Watchdog Thread/ERROR]: 		java.net.InetAddress.getAddressesFromNameService(InetAddress.java:1324)
[22:14:39] [Spigot Watchdog Thread/ERROR]: 		java.net.InetAddress.getAllByName0(InetAddress.java:1277)
[22:14:39] [Spigot Watchdog Thread/ERROR]: 		java.net.InetAddress.getAllByName(InetAddress.java:1193)
[22:14:39] [Spigot Watchdog Thread/ERROR]: 		java.net.InetAddress.getAllByName(InetAddress.java:1127)
[22:14:39] [Spigot Watchdog Thread/ERROR]: 		java.net.InetAddress.getByName(InetAddress.java:1077)
[22:14:39] [Spigot Watchdog Thread/ERROR]: 		java.net.InetSocketAddress.<init>(InetSocketAddress.java:220)
[22:14:39] [Spigot Watchdog Thread/ERROR]: 		sun.net.NetworkClient.doConnect(NetworkClient.java:180)
[22:14:39] [Spigot Watchdog Thread/ERROR]: 		sun.net.www.http.HttpClient.openServer(HttpClient.java:463)
[22:14:39] [Spigot Watchdog Thread/ERROR]: 		sun.net.www.http.HttpClient.openServer(HttpClient.java:558)
[22:14:39] [Spigot Watchdog Thread/ERROR]: 		sun.net.www.protocol.https.HttpsClient.<init>(HttpsClient.java:264)
[22:14:39] [Spigot Watchdog Thread/ERROR]: 		sun.net.www.protocol.https.HttpsClient.New(HttpsClient.java:367)
[22:14:39] [Spigot Watchdog Thread/ERROR]: 		sun.net.www.protocol.https.AbstractDelegateHttpsURLConnection.getNewHttpClient(AbstractDelegateHttpsURLConnection.java:191)
[22:14:39] [Spigot Watchdog Thread/ERROR]: 		sun.net.www.protocol.http.HttpURLConnection.plainConnect0(HttpURLConnection.java:1162)
[22:14:39] [Spigot Watchdog Thread/ERROR]: 		sun.net.www.protocol.http.HttpURLConnection.plainConnect(HttpURLConnection.java:1056)
[22:14:39] [Spigot Watchdog Thread/ERROR]: 		sun.net.www.protocol.https.AbstractDelegateHttpsURLConnection.connect(AbstractDelegateHttpsURLConnection.java:177)
[22:14:39] [Spigot Watchdog Thread/ERROR]: 		sun.net.www.protocol.http.HttpURLConnection.getInputStream0(HttpURLConnection.java:1570)
[22:14:39] [Spigot Watchdog Thread/ERROR]: 		sun.net.www.protocol.http.HttpURLConnection.getInputStream(HttpURLConnection.java:1498)
[22:14:39] [Spigot Watchdog Thread/ERROR]: 		sun.net.www.protocol.https.HttpsURLConnectionImpl.getInputStream(HttpsURLConnectionImpl.java:268)
[22:14:39] [Spigot Watchdog Thread/ERROR]: 		com.sun.org.apache.xerces.internal.impl.XMLEntityManager.setupCurrentEntity(XMLEntityManager.java:647)
[22:14:39] [Spigot Watchdog Thread/ERROR]: 		com.sun.org.apache.xerces.internal.impl.XMLVersionDetector.determineDocVersion(XMLVersionDetector.java:148)
[22:14:39] [Spigot Watchdog Thread/ERROR]: 		com.sun.org.apache.xerces.internal.parsers.XML11Configuration.parse(XML11Configuration.java:806)
[22:14:39] [Spigot Watchdog Thread/ERROR]: 		com.sun.org.apache.xerces.internal.parsers.XML11Configuration.parse(XML11Configuration.java:771)
[22:14:39] [Spigot Watchdog Thread/ERROR]: 		com.sun.org.apache.xerces.internal.parsers.XMLParser.parse(XMLParser.java:141)
[22:14:39] [Spigot Watchdog Thread/ERROR]: 		com.sun.org.apache.xerces.internal.parsers.DOMParser.parse(DOMParser.java:243)
[22:14:39] [Spigot Watchdog Thread/ERROR]: 		com.sun.org.apache.xerces.internal.jaxp.DocumentBuilderImpl.parse(DocumentBuilderImpl.java:339)
[22:14:39] [Spigot Watchdog Thread/ERROR]: 		javax.xml.parsers.DocumentBuilder.parse(DocumentBuilder.java:177)
[22:14:39] [Spigot Watchdog Thread/ERROR]: 		\ʼ.ʽ.ʾ.MiaoBoard.ʻˋ$ʽ.ʻ(SubscribeTask.java:397)
[22:14:39] [Spigot Watchdog Thread/ERROR]: 		\ʼ.ʽ.ʾ.MiaoBoard.ʻˋ.ʻ(SubscribeTask.java:131)
[22:14:39] [Spigot Watchdog Thread/ERROR]: 		\ʼ.ʽ.ʾ.MiaoBoard.ʻˋ.run(SubscribeTask.java:126)
[22:14:39] [Spigot Watchdog Thread/ERROR]: 		org.bukkit.craftbukkit.v1_15_R1.scheduler.CraftTask.run(CraftTask.java:81)
[22:14:39] [Spigot Watchdog Thread/ERROR]: 		org.bukkit.craftbukkit.v1_15_R1.scheduler.CraftAsyncTask.run(CraftAsyncTask.java:54)
[22:14:39] [Spigot Watchdog Thread/ERROR]: 		java.util.concurrent.ThreadPoolExecutor.runWorker(ThreadPoolExecutor.java:1149)
[22:14:39] [Spigot Watchdog Thread/ERROR]: 		java.util.concurrent.ThreadPoolExecutor$Worker.run(ThreadPoolExecutor.java:624)
[22:14:39] [Spigot Watchdog Thread/ERROR]: 		java.lang.Thread.run(Thread.java:748)
[22:14:39] [Spigot Watchdog Thread/ERROR]: ------------------------------
[22:14:39] [Spigot Watchdog Thread/ERROR]: Current Thread: Thread-14
[22:14:39] [Spigot Watchdog Thread/ERROR]: 	PID: 56 | Suspended: false | Native: true | State: RUNNABLE
[22:14:39] [Spigot Watchdog Thread/ERROR]: 	Thread is waiting on monitor(s):
[22:14:39] [Spigot Watchdog Thread/ERROR]: 		Locked on:sun.security.ssl.SSLSocketImpl.readRecord(SSLSocketImpl.java:975)
[22:14:39] [Spigot Watchdog Thread/ERROR]: 		Locked on:sun.security.ssl.SSLSocketImpl.performInitialHandshake(SSLSocketImpl.java:1367)
[22:14:39] [Spigot Watchdog Thread/ERROR]: 		Locked on:sun.net.www.protocol.http.HttpURLConnection.getOutputStream0(HttpURLConnection.java:1340)
[22:14:39] [Spigot Watchdog Thread/ERROR]: 		Locked on:sun.net.www.protocol.http.HttpURLConnection.getOutputStream(HttpURLConnection.java:1315)
[22:14:39] [Spigot Watchdog Thread/ERROR]: 		Locked on:sun.net.www.protocol.https.HttpsURLConnectionImpl.getOutputStream(HttpsURLConnectionImpl.java:264)
[22:14:39] [Spigot Watchdog Thread/ERROR]: 	Stack:
[22:14:39] [Spigot Watchdog Thread/ERROR]: 		java.net.SocketInputStream.socketRead0(Native Method)
[22:14:39] [Spigot Watchdog Thread/ERROR]: 		java.net.SocketInputStream.socketRead(SocketInputStream.java:116)
[22:14:39] [Spigot Watchdog Thread/ERROR]: 		java.net.SocketInputStream.read(SocketInputStream.java:171)
[22:14:39] [Spigot Watchdog Thread/ERROR]: 		java.net.SocketInputStream.read(SocketInputStream.java:141)
[22:14:39] [Spigot Watchdog Thread/ERROR]: 		sun.security.ssl.InputRecord.readFully(InputRecord.java:465)
[22:14:39] [Spigot Watchdog Thread/ERROR]: 		sun.security.ssl.InputRecord.read(InputRecord.java:503)
[22:14:39] [Spigot Watchdog Thread/ERROR]: 		sun.security.ssl.SSLSocketImpl.readRecord(SSLSocketImpl.java:975)
[22:14:39] [Spigot Watchdog Thread/ERROR]: 		sun.security.ssl.SSLSocketImpl.performInitialHandshake(SSLSocketImpl.java:1367)
[22:14:39] [Spigot Watchdog Thread/ERROR]: 		sun.security.ssl.SSLSocketImpl.startHandshake(SSLSocketImpl.java:1395)
[22:14:39] [Spigot Watchdog Thread/ERROR]: 		sun.security.ssl.SSLSocketImpl.startHandshake(SSLSocketImpl.java:1379)
[22:14:39] [Spigot Watchdog Thread/ERROR]: 		sun.net.www.protocol.https.HttpsClient.afterConnect(HttpsClient.java:559)
[22:14:39] [Spigot Watchdog Thread/ERROR]: 		sun.net.www.protocol.https.AbstractDelegateHttpsURLConnection.connect(AbstractDelegateHttpsURLConnection.java:185)
[22:14:39] [Spigot Watchdog Thread/ERROR]: 		sun.net.www.protocol.http.HttpURLConnection.getOutputStream0(HttpURLConnection.java:1340)
[22:14:39] [Spigot Watchdog Thread/ERROR]: 		sun.net.www.protocol.http.HttpURLConnection.getOutputStream(HttpURLConnection.java:1315)
[22:14:39] [Spigot Watchdog Thread/ERROR]: 		sun.net.www.protocol.https.HttpsURLConnectionImpl.getOutputStream(HttpsURLConnectionImpl.java:264)
[22:14:39] [Spigot Watchdog Thread/ERROR]: 		com.comphenix.protocol.metrics.Metrics.sendData(Metrics.java:309)
[22:14:39] [Spigot Watchdog Thread/ERROR]: 		com.comphenix.protocol.metrics.Metrics.access$300(Metrics.java:30)
[22:14:39] [Spigot Watchdog Thread/ERROR]: 		com.comphenix.protocol.metrics.Metrics$2.run(Metrics.java:269)
[22:14:39] [Spigot Watchdog Thread/ERROR]: 		java.lang.Thread.run(Thread.java:748)
[22:14:39] [Spigot Watchdog Thread/ERROR]: ------------------------------
[22:14:39] [Spigot Watchdog Thread/ERROR]: Current Thread: ProtocolLib-StructureCompiler 0
[22:14:39] [Spigot Watchdog Thread/ERROR]: 	PID: 52 | Suspended: false | Native: false | State: WAITING
[22:14:39] [Spigot Watchdog Thread/ERROR]: 	Stack:
[22:14:39] [Spigot Watchdog Thread/ERROR]: 		sun.misc.Unsafe.park(Native Method)
[22:14:39] [Spigot Watchdog Thread/ERROR]: 		java.util.concurrent.locks.LockSupport.park(LockSupport.java:175)
[22:14:39] [Spigot Watchdog Thread/ERROR]: 		java.util.concurrent.locks.AbstractQueuedSynchronizer$ConditionObject.await(AbstractQueuedSynchronizer.java:2039)
[22:14:39] [Spigot Watchdog Thread/ERROR]: 		java.util.concurrent.LinkedBlockingQueue.take(LinkedBlockingQueue.java:442)
[22:14:39] [Spigot Watchdog Thread/ERROR]: 		java.util.concurrent.ThreadPoolExecutor.getTask(ThreadPoolExecutor.java:1074)
[22:14:39] [Spigot Watchdog Thread/ERROR]: 		java.util.concurrent.ThreadPoolExecutor.runWorker(ThreadPoolExecutor.java:1134)
[22:14:39] [Spigot Watchdog Thread/ERROR]: 		java.util.concurrent.ThreadPoolExecutor$Worker.run(ThreadPoolExecutor.java:624)
[22:14:39] [Spigot Watchdog Thread/ERROR]: 		java.lang.Thread.run(Thread.java:748)
[22:14:39] [Spigot Watchdog Thread/ERROR]: ------------------------------
[22:14:39] [Spigot Watchdog Thread/ERROR]: Current Thread: Protocol Worker #3 - FastLogin - [recv: START[class=PacketLoginInStart, id=0], ENCRYPTION_BEGIN[class=PacketLoginInEncryptionBegin, id=1], send: ]
[22:14:39] [Spigot Watchdog Thread/ERROR]: 	PID: 44 | Suspended: false | Native: false | State: WAITING
[22:14:39] [Spigot Watchdog Thread/ERROR]: 	Stack:
[22:14:39] [Spigot Watchdog Thread/ERROR]: 		sun.misc.Unsafe.park(Native Method)
[22:14:39] [Spigot Watchdog Thread/ERROR]: 		java.util.concurrent.locks.LockSupport.park(LockSupport.java:175)
[22:14:39] [Spigot Watchdog Thread/ERROR]: 		java.util.concurrent.locks.AbstractQueuedSynchronizer$ConditionObject.await(AbstractQueuedSynchronizer.java:2039)
[22:14:39] [Spigot Watchdog Thread/ERROR]: 		java.util.concurrent.ArrayBlockingQueue.take(ArrayBlockingQueue.java:403)
[22:14:39] [Spigot Watchdog Thread/ERROR]: 		com.comphenix.protocol.async.AsyncListenerHandler.listenerLoop(AsyncListenerHandler.java:579)
[22:14:39] [Spigot Watchdog Thread/ERROR]: 		com.comphenix.protocol.async.AsyncListenerHandler.access$200(AsyncListenerHandler.java:48)
[22:14:39] [Spigot Watchdog Thread/ERROR]: 		com.comphenix.protocol.async.AsyncListenerHandler$2.run(AsyncListenerHandler.java:229)
[22:14:39] [Spigot Watchdog Thread/ERROR]: 		com.comphenix.protocol.async.AsyncListenerHandler$3.run(AsyncListenerHandler.java:300)
[22:14:39] [Spigot Watchdog Thread/ERROR]: 		org.bukkit.craftbukkit.v1_15_R1.scheduler.CraftTask.run(CraftTask.java:81)
[22:14:39] [Spigot Watchdog Thread/ERROR]: 		org.bukkit.craftbukkit.v1_15_R1.scheduler.CraftAsyncTask.run(CraftAsyncTask.java:54)
[22:14:39] [Spigot Watchdog Thread/ERROR]: 		java.util.concurrent.ThreadPoolExecutor.runWorker(ThreadPoolExecutor.java:1149)
[22:14:39] [Spigot Watchdog Thread/ERROR]: 		java.util.concurrent.ThreadPoolExecutor$Worker.run(ThreadPoolExecutor.java:624)
[22:14:39] [Spigot Watchdog Thread/ERROR]: 		java.lang.Thread.run(Thread.java:748)
[22:14:39] [Spigot Watchdog Thread/ERROR]: ------------------------------
[22:14:39] [Spigot Watchdog Thread/ERROR]: Current Thread: Protocol Worker #2 - FastLogin - [recv: START[class=PacketLoginInStart, id=0], ENCRYPTION_BEGIN[class=PacketLoginInEncryptionBegin, id=1], send: ]
[22:14:39] [Spigot Watchdog Thread/ERROR]: 	PID: 43 | Suspended: false | Native: false | State: WAITING
[22:14:39] [Spigot Watchdog Thread/ERROR]: 	Stack:
[22:14:39] [Spigot Watchdog Thread/ERROR]: 		sun.misc.Unsafe.park(Native Method)
[22:14:39] [Spigot Watchdog Thread/ERROR]: 		java.util.concurrent.locks.LockSupport.park(LockSupport.java:175)
[22:14:39] [Spigot Watchdog Thread/ERROR]: 		java.util.concurrent.locks.AbstractQueuedSynchronizer$ConditionObject.await(AbstractQueuedSynchronizer.java:2039)
[22:14:39] [Spigot Watchdog Thread/ERROR]: 		java.util.concurrent.ArrayBlockingQueue.take(ArrayBlockingQueue.java:403)
[22:14:39] [Spigot Watchdog Thread/ERROR]: 		com.comphenix.protocol.async.AsyncListenerHandler.listenerLoop(AsyncListenerHandler.java:579)
[22:14:39] [Spigot Watchdog Thread/ERROR]: 		com.comphenix.protocol.async.AsyncListenerHandler.access$200(AsyncListenerHandler.java:48)
[22:14:39] [Spigot Watchdog Thread/ERROR]: 		com.comphenix.protocol.async.AsyncListenerHandler$2.run(AsyncListenerHandler.java:229)
[22:14:39] [Spigot Watchdog Thread/ERROR]: 		com.comphenix.protocol.async.AsyncListenerHandler$3.run(AsyncListenerHandler.java:300)
[22:14:39] [Spigot Watchdog Thread/ERROR]: 		org.bukkit.craftbukkit.v1_15_R1.scheduler.CraftTask.run(CraftTask.java:81)
[22:14:39] [Spigot Watchdog Thread/ERROR]: 		org.bukkit.craftbukkit.v1_15_R1.scheduler.CraftAsyncTask.run(CraftAsyncTask.java:54)
[22:14:39] [Spigot Watchdog Thread/ERROR]: 		java.util.concurrent.ThreadPoolExecutor.runWorker(ThreadPoolExecutor.java:1149)
[22:14:39] [Spigot Watchdog Thread/ERROR]: 		java.util.concurrent.ThreadPoolExecutor$Worker.run(ThreadPoolExecutor.java:624)
[22:14:39] [Spigot Watchdog Thread/ERROR]: 		java.lang.Thread.run(Thread.java:748)
[22:14:39] [Spigot Watchdog Thread/ERROR]: ------------------------------
[22:14:39] [Spigot Watchdog Thread/ERROR]: Current Thread: Protocol Worker #1 - FastLogin - [recv: START[class=PacketLoginInStart, id=0], ENCRYPTION_BEGIN[class=PacketLoginInEncryptionBegin, id=1], send: ]
[22:14:39] [Spigot Watchdog Thread/ERROR]: 	PID: 42 | Suspended: false | Native: false | State: WAITING
[22:14:39] [Spigot Watchdog Thread/ERROR]: 	Stack:
[22:14:39] [Spigot Watchdog Thread/ERROR]: 		sun.misc.Unsafe.park(Native Method)
[22:14:39] [Spigot Watchdog Thread/ERROR]: 		java.util.concurrent.locks.LockSupport.park(LockSupport.java:175)
[22:14:39] [Spigot Watchdog Thread/ERROR]: 		java.util.concurrent.locks.AbstractQueuedSynchronizer$ConditionObject.await(AbstractQueuedSynchronizer.java:2039)
[22:14:39] [Spigot Watchdog Thread/ERROR]: 		java.util.concurrent.ArrayBlockingQueue.take(ArrayBlockingQueue.java:403)
[22:14:39] [Spigot Watchdog Thread/ERROR]: 		com.comphenix.protocol.async.AsyncListenerHandler.listenerLoop(AsyncListenerHandler.java:579)
[22:14:39] [Spigot Watchdog Thread/ERROR]: 		com.comphenix.protocol.async.AsyncListenerHandler.access$200(AsyncListenerHandler.java:48)
[22:14:39] [Spigot Watchdog Thread/ERROR]: 		com.comphenix.protocol.async.AsyncListenerHandler$2.run(AsyncListenerHandler.java:229)
[22:14:39] [Spigot Watchdog Thread/ERROR]: 		com.comphenix.protocol.async.AsyncListenerHandler$3.run(AsyncListenerHandler.java:300)
[22:14:39] [Spigot Watchdog Thread/ERROR]: 		org.bukkit.craftbukkit.v1_15_R1.scheduler.CraftTask.run(CraftTask.java:81)
[22:14:39] [Spigot Watchdog Thread/ERROR]: 		org.bukkit.craftbukkit.v1_15_R1.scheduler.CraftAsyncTask.run(CraftAsyncTask.java:54)
[22:14:39] [Spigot Watchdog Thread/ERROR]: 		java.util.concurrent.ThreadPoolExecutor.runWorker(ThreadPoolExecutor.java:1149)
[22:14:39] [Spigot Watchdog Thread/ERROR]: 		java.util.concurrent.ThreadPoolExecutor$Worker.run(ThreadPoolExecutor.java:624)
[22:14:39] [Spigot Watchdog Thread/ERROR]: 		java.lang.Thread.run(Thread.java:748)
[22:14:39] [Spigot Watchdog Thread/ERROR]: ------------------------------
[22:14:39] [Spigot Watchdog Thread/ERROR]: Current Thread: RCON Listener #1
[22:14:39] [Spigot Watchdog Thread/ERROR]: 	PID: 41 | Suspended: false | Native: false | State: RUNNABLE
[22:14:39] [Spigot Watchdog Thread/ERROR]: 	Stack:
[22:14:39] [Spigot Watchdog Thread/ERROR]: 		java.net.PlainSocketImpl.socketAccept(Native Method)
[22:14:39] [Spigot Watchdog Thread/ERROR]: 		java.net.AbstractPlainSocketImpl.accept(AbstractPlainSocketImpl.java:409)
[22:14:39] [Spigot Watchdog Thread/ERROR]: 		java.net.ServerSocket.implAccept(ServerSocket.java:560)
[22:14:39] [Spigot Watchdog Thread/ERROR]: 		java.net.ServerSocket.accept(ServerSocket.java:528)
[22:14:39] [Spigot Watchdog Thread/ERROR]: 		net.minecraft.server.v1_15_R1.RemoteControlListener.run(SourceFile:58)
[22:14:39] [Spigot Watchdog Thread/ERROR]: 		java.lang.Thread.run(Thread.java:748)
[22:14:39] [Spigot Watchdog Thread/ERROR]: ------------------------------
[22:14:39] [Spigot Watchdog Thread/ERROR]: Current Thread: Netty Epoll Server IO #3
[22:14:39] [Spigot Watchdog Thread/ERROR]: 	PID: 40 | Suspended: false | Native: true | State: RUNNABLE
[22:14:39] [Spigot Watchdog Thread/ERROR]: 	Stack:
[22:14:39] [Spigot Watchdog Thread/ERROR]: 		io.netty.channel.epoll.Native.epollWait0(Native Method)
[22:14:39] [Spigot Watchdog Thread/ERROR]: 		io.netty.channel.epoll.Native.epollWait(Native.java:114)
[22:14:39] [Spigot Watchdog Thread/ERROR]: 		io.netty.channel.epoll.EpollEventLoop.epollWait(EpollEventLoop.java:239)
[22:14:39] [Spigot Watchdog Thread/ERROR]: 		io.netty.channel.epoll.EpollEventLoop.run(EpollEventLoop.java:256)
[22:14:39] [Spigot Watchdog Thread/ERROR]: 		io.netty.util.concurrent.SingleThreadEventExecutor$5.run(SingleThreadEventExecutor.java:884)
[22:14:39] [Spigot Watchdog Thread/ERROR]: 		java.lang.Thread.run(Thread.java:748)
[22:14:39] [Spigot Watchdog Thread/ERROR]: ------------------------------
[22:14:39] [Spigot Watchdog Thread/ERROR]: Current Thread: Netty Epoll Server IO #2
[22:14:39] [Spigot Watchdog Thread/ERROR]: 	PID: 39 | Suspended: false | Native: true | State: RUNNABLE
[22:14:39] [Spigot Watchdog Thread/ERROR]: 	Stack:
[22:14:39] [Spigot Watchdog Thread/ERROR]: 		io.netty.channel.epoll.Native.epollWait0(Native Method)
[22:14:39] [Spigot Watchdog Thread/ERROR]: 		io.netty.channel.epoll.Native.epollWait(Native.java:114)
[22:14:39] [Spigot Watchdog Thread/ERROR]: 		io.netty.channel.epoll.EpollEventLoop.epollWait(EpollEventLoop.java:239)
[22:14:39] [Spigot Watchdog Thread/ERROR]: 		io.netty.channel.epoll.EpollEventLoop.run(EpollEventLoop.java:256)
[22:14:39] [Spigot Watchdog Thread/ERROR]: 		io.netty.util.concurrent.SingleThreadEventExecutor$5.run(SingleThreadEventExecutor.java:884)
[22:14:39] [Spigot Watchdog Thread/ERROR]: 		java.lang.Thread.run(Thread.java:748)
[22:14:39] [Spigot Watchdog Thread/ERROR]: ------------------------------
[22:14:39] [Spigot Watchdog Thread/ERROR]: Current Thread: Netty Epoll Server IO #1
[22:14:39] [Spigot Watchdog Thread/ERROR]: 	PID: 38 | Suspended: false | Native: true | State: RUNNABLE
[22:14:39] [Spigot Watchdog Thread/ERROR]: 	Stack:
[22:14:39] [Spigot Watchdog Thread/ERROR]: 		io.netty.channel.epoll.Native.epollWait0(Native Method)
[22:14:39] [Spigot Watchdog Thread/ERROR]: 		io.netty.channel.epoll.Native.epollWait(Native.java:114)
[22:14:39] [Spigot Watchdog Thread/ERROR]: 		io.netty.channel.epoll.EpollEventLoop.epollWait(EpollEventLoop.java:239)
[22:14:39] [Spigot Watchdog Thread/ERROR]: 		io.netty.channel.epoll.EpollEventLoop.run(EpollEventLoop.java:256)
[22:14:39] [Spigot Watchdog Thread/ERROR]: 		io.netty.util.concurrent.SingleThreadEventExecutor$5.run(SingleThreadEventExecutor.java:884)
[22:14:39] [Spigot Watchdog Thread/ERROR]: 		java.lang.Thread.run(Thread.java:748)
[22:14:39] [Spigot Watchdog Thread/ERROR]: ------------------------------
[22:14:39] [Spigot Watchdog Thread/ERROR]: Current Thread: poi IO worker
[22:14:39] [Spigot Watchdog Thread/ERROR]: 	PID: 36 | Suspended: false | Native: false | State: WAITING
[22:14:39] [Spigot Watchdog Thread/ERROR]: 	Stack:
[22:14:39] [Spigot Watchdog Thread/ERROR]: 		sun.misc.Unsafe.park(Native Method)
[22:14:39] [Spigot Watchdog Thread/ERROR]: 		java.util.concurrent.locks.LockSupport.park(LockSupport.java:175)
[22:14:39] [Spigot Watchdog Thread/ERROR]: 		net.minecraft.server.v1_15_R1.IOWorker.c(SourceFile:124)
[22:14:39] [Spigot Watchdog Thread/ERROR]: 		net.minecraft.server.v1_15_R1.IOWorker.d(SourceFile:134)
[22:14:39] [Spigot Watchdog Thread/ERROR]: 		net.minecraft.server.v1_15_R1.IOWorker$$Lambda$2418/725667205.run(Unknown Source)
[22:14:39] [Spigot Watchdog Thread/ERROR]: 		java.lang.Thread.run(Thread.java:748)
[22:14:39] [Spigot Watchdog Thread/ERROR]: ------------------------------
[22:14:39] [Spigot Watchdog Thread/ERROR]: Current Thread: chunk IO worker
[22:14:39] [Spigot Watchdog Thread/ERROR]: 	PID: 35 | Suspended: false | Native: false | State: WAITING
[22:14:39] [Spigot Watchdog Thread/ERROR]: 	Stack:
[22:14:39] [Spigot Watchdog Thread/ERROR]: 		sun.misc.Unsafe.park(Native Method)
[22:14:39] [Spigot Watchdog Thread/ERROR]: 		java.util.concurrent.locks.LockSupport.park(LockSupport.java:175)
[22:14:39] [Spigot Watchdog Thread/ERROR]: 		net.minecraft.server.v1_15_R1.IOWorker.c(SourceFile:124)
[22:14:39] [Spigot Watchdog Thread/ERROR]: 		net.minecraft.server.v1_15_R1.IOWorker.d(SourceFile:134)
[22:14:39] [Spigot Watchdog Thread/ERROR]: 		net.minecraft.server.v1_15_R1.IOWorker$$Lambda$2418/725667205.run(Unknown Source)
[22:14:39] [Spigot Watchdog Thread/ERROR]: 		java.lang.Thread.run(Thread.java:748)
[22:14:39] [Spigot Watchdog Thread/ERROR]: ------------------------------
[22:14:39] [Spigot Watchdog Thread/ERROR]: Current Thread: poi IO worker
[22:14:39] [Spigot Watchdog Thread/ERROR]: 	PID: 34 | Suspended: false | Native: false | State: WAITING
[22:14:39] [Spigot Watchdog Thread/ERROR]: 	Stack:
[22:14:39] [Spigot Watchdog Thread/ERROR]: 		sun.misc.Unsafe.park(Native Method)
[22:14:39] [Spigot Watchdog Thread/ERROR]: 		java.util.concurrent.locks.LockSupport.park(LockSupport.java:175)
[22:14:39] [Spigot Watchdog Thread/ERROR]: 		net.minecraft.server.v1_15_R1.IOWorker.c(SourceFile:124)
[22:14:39] [Spigot Watchdog Thread/ERROR]: 		net.minecraft.server.v1_15_R1.IOWorker.d(SourceFile:134)
[22:14:39] [Spigot Watchdog Thread/ERROR]: 		net.minecraft.server.v1_15_R1.IOWorker$$Lambda$2418/725667205.run(Unknown Source)
[22:14:39] [Spigot Watchdog Thread/ERROR]: 		java.lang.Thread.run(Thread.java:748)
[22:14:39] [Spigot Watchdog Thread/ERROR]: ------------------------------
[22:14:39] [Spigot Watchdog Thread/ERROR]: Current Thread: chunk IO worker
[22:14:39] [Spigot Watchdog Thread/ERROR]: 	PID: 33 | Suspended: false | Native: false | State: WAITING
[22:14:39] [Spigot Watchdog Thread/ERROR]: 	Stack:
[22:14:39] [Spigot Watchdog Thread/ERROR]: 		sun.misc.Unsafe.park(Native Method)
[22:14:39] [Spigot Watchdog Thread/ERROR]: 		java.util.concurrent.locks.LockSupport.park(LockSupport.java:175)
[22:14:39] [Spigot Watchdog Thread/ERROR]: 		net.minecraft.server.v1_15_R1.IOWorker.c(SourceFile:124)
[22:14:39] [Spigot Watchdog Thread/ERROR]: 		net.minecraft.server.v1_15_R1.IOWorker.d(SourceFile:134)
[22:14:39] [Spigot Watchdog Thread/ERROR]: 		net.minecraft.server.v1_15_R1.IOWorker$$Lambda$2418/725667205.run(Unknown Source)
[22:14:39] [Spigot Watchdog Thread/ERROR]: 		java.lang.Thread.run(Thread.java:748)
[22:14:39] [Spigot Watchdog Thread/ERROR]: ------------------------------
[22:14:39] [Spigot Watchdog Thread/ERROR]: Current Thread: poi IO worker
[22:14:39] [Spigot Watchdog Thread/ERROR]: 	PID: 32 | Suspended: false | Native: false | State: WAITING
[22:14:39] [Spigot Watchdog Thread/ERROR]: 	Stack:
[22:14:39] [Spigot Watchdog Thread/ERROR]: 		sun.misc.Unsafe.park(Native Method)
[22:14:39] [Spigot Watchdog Thread/ERROR]: 		java.util.concurrent.locks.LockSupport.park(LockSupport.java:175)
[22:14:39] [Spigot Watchdog Thread/ERROR]: 		net.minecraft.server.v1_15_R1.IOWorker.c(SourceFile:124)
[22:14:39] [Spigot Watchdog Thread/ERROR]: 		net.minecraft.server.v1_15_R1.IOWorker.d(SourceFile:134)
[22:14:39] [Spigot Watchdog Thread/ERROR]: 		net.minecraft.server.v1_15_R1.IOWorker$$Lambda$2418/725667205.run(Unknown Source)
[22:14:39] [Spigot Watchdog Thread/ERROR]: 		java.lang.Thread.run(Thread.java:748)
[22:14:39] [Spigot Watchdog Thread/ERROR]: ------------------------------
[22:14:39] [Spigot Watchdog Thread/ERROR]: Current Thread: chunk IO worker
[22:14:39] [Spigot Watchdog Thread/ERROR]: 	PID: 31 | Suspended: false | Native: false | State: RUNNABLE
[22:14:39] [Spigot Watchdog Thread/ERROR]: 	Thread is waiting on monitor(s):
[22:14:39] [Spigot Watchdog Thread/ERROR]: 		Locked on:java.util.zip.Deflater.deflate(Deflater.java:444)
[22:14:39] [Spigot Watchdog Thread/ERROR]: 		Locked on:java.io.BufferedOutputStream.write(BufferedOutputStream.java:126)
[22:14:39] [Spigot Watchdog Thread/ERROR]: 	Stack:
[22:14:39] [Spigot Watchdog Thread/ERROR]: 		java.util.zip.Deflater.deflateBytes(Native Method)
[22:14:39] [Spigot Watchdog Thread/ERROR]: 		java.util.zip.Deflater.deflate(Deflater.java:444)
[22:14:39] [Spigot Watchdog Thread/ERROR]: 		java.util.zip.Deflater.deflate(Deflater.java:366)
[22:14:39] [Spigot Watchdog Thread/ERROR]: 		java.util.zip.DeflaterOutputStream.deflate(DeflaterOutputStream.java:251)
[22:14:39] [Spigot Watchdog Thread/ERROR]: 		java.util.zip.DeflaterOutputStream.write(DeflaterOutputStream.java:211)
[22:14:39] [Spigot Watchdog Thread/ERROR]: 		java.io.BufferedOutputStream.flushBuffer(BufferedOutputStream.java:82)
[22:14:39] [Spigot Watchdog Thread/ERROR]: 		java.io.BufferedOutputStream.write(BufferedOutputStream.java:126)
[22:14:39] [Spigot Watchdog Thread/ERROR]: 		java.io.DataOutputStream.writeLong(DataOutputStream.java:224)
[22:14:39] [Spigot Watchdog Thread/ERROR]: 		net.minecraft.server.v1_15_R1.NBTTagLongArray.write(SourceFile:76)
[22:14:39] [Spigot Watchdog Thread/ERROR]: 		net.minecraft.server.v1_15_R1.NBTTagCompound.a(SourceFile:448)
[22:14:39] [Spigot Watchdog Thread/ERROR]: 		net.minecraft.server.v1_15_R1.NBTTagCompound.write(SourceFile:101)
[22:14:39] [Spigot Watchdog Thread/ERROR]: 		net.minecraft.server.v1_15_R1.NBTTagList.write(SourceFile:90)
[22:14:39] [Spigot Watchdog Thread/ERROR]: 		net.minecraft.server.v1_15_R1.NBTTagCompound.a(SourceFile:448)
[22:14:39] [Spigot Watchdog Thread/ERROR]: 		net.minecraft.server.v1_15_R1.NBTTagCompound.write(SourceFile:101)
[22:14:39] [Spigot Watchdog Thread/ERROR]: 		net.minecraft.server.v1_15_R1.NBTTagCompound.a(SourceFile:448)
[22:14:39] [Spigot Watchdog Thread/ERROR]: 		net.minecraft.server.v1_15_R1.NBTTagCompound.write(SourceFile:101)
[22:14:39] [Spigot Watchdog Thread/ERROR]: 		net.minecraft.server.v1_15_R1.NBTCompressedStreamTools.a(NBTCompressedStreamTools.java:100)
[22:14:39] [Spigot Watchdog Thread/ERROR]: 		net.minecraft.server.v1_15_R1.NBTCompressedStreamTools.a(NBTCompressedStreamTools.java:93)
[22:14:39] [Spigot Watchdog Thread/ERROR]: 		net.minecraft.server.v1_15_R1.RegionFileCache.write(RegionFileCache.java:87)
[22:14:39] [Spigot Watchdog Thread/ERROR]: 		net.minecraft.server.v1_15_R1.IOWorker.a(SourceFile:163)
[22:14:39] [Spigot Watchdog Thread/ERROR]: 		net.minecraft.server.v1_15_R1.IOWorker.e(SourceFile:152)
[22:14:39] [Spigot Watchdog Thread/ERROR]: 		net.minecraft.server.v1_15_R1.IOWorker.d(SourceFile:132)
[22:14:39] [Spigot Watchdog Thread/ERROR]: 		net.minecraft.server.v1_15_R1.IOWorker$$Lambda$2418/725667205.run(Unknown Source)
[22:14:39] [Spigot Watchdog Thread/ERROR]: 		java.lang.Thread.run(Thread.java:748)
[22:14:39] [Spigot Watchdog Thread/ERROR]: ------------------------------
[22:14:39] [Spigot Watchdog Thread/ERROR]: Current Thread: HikariPool-1 housekeeper
[22:14:39] [Spigot Watchdog Thread/ERROR]: 	PID: 29 | Suspended: false | Native: false | State: TIMED_WAITING
[22:14:39] [Spigot Watchdog Thread/ERROR]: 	Stack:
[22:14:39] [Spigot Watchdog Thread/ERROR]: 		sun.misc.Unsafe.park(Native Method)
[22:14:39] [Spigot Watchdog Thread/ERROR]: 		java.util.concurrent.locks.LockSupport.parkNanos(LockSupport.java:215)
[22:14:39] [Spigot Watchdog Thread/ERROR]: 		java.util.concurrent.locks.AbstractQueuedSynchronizer$ConditionObject.awaitNanos(AbstractQueuedSynchronizer.java:2078)
[22:14:39] [Spigot Watchdog Thread/ERROR]: 		java.util.concurrent.ScheduledThreadPoolExecutor$DelayedWorkQueue.take(ScheduledThreadPoolExecutor.java:1093)
[22:14:39] [Spigot Watchdog Thread/ERROR]: 		java.util.concurrent.ScheduledThreadPoolExecutor$DelayedWorkQueue.take(ScheduledThreadPoolExecutor.java:809)
[22:14:39] [Spigot Watchdog Thread/ERROR]: 		java.util.concurrent.ThreadPoolExecutor.getTask(ThreadPoolExecutor.java:1074)
[22:14:39] [Spigot Watchdog Thread/ERROR]: 		java.util.concurrent.ThreadPoolExecutor.runWorker(ThreadPoolExecutor.java:1134)
[22:14:39] [Spigot Watchdog Thread/ERROR]: 		java.util.concurrent.ThreadPoolExecutor$Worker.run(ThreadPoolExecutor.java:624)
[22:14:39] [Spigot Watchdog Thread/ERROR]: 		java.lang.Thread.run(Thread.java:748)
[22:14:39] [Spigot Watchdog Thread/ERROR]: ------------------------------
[22:14:39] [Spigot Watchdog Thread/ERROR]: Current Thread: mysql-cj-abandoned-connection-cleanup
[22:14:39] [Spigot Watchdog Thread/ERROR]: 	PID: 28 | Suspended: false | Native: false | State: TIMED_WAITING
[22:14:39] [Spigot Watchdog Thread/ERROR]: 	Stack:
[22:14:39] [Spigot Watchdog Thread/ERROR]: 		java.lang.Object.wait(Native Method)
[22:14:39] [Spigot Watchdog Thread/ERROR]: 		java.lang.ref.ReferenceQueue.remove(ReferenceQueue.java:144)
[22:14:39] [Spigot Watchdog Thread/ERROR]: 		com.mysql.jdbc.AbandonedConnectionCleanupThread.run(AbandonedConnectionCleanupThread.java:80)
[22:14:39] [Spigot Watchdog Thread/ERROR]: 		java.util.concurrent.ThreadPoolExecutor.runWorker(ThreadPoolExecutor.java:1149)
[22:14:39] [Spigot Watchdog Thread/ERROR]: 		java.util.concurrent.ThreadPoolExecutor$Worker.run(ThreadPoolExecutor.java:624)
[22:14:39] [Spigot Watchdog Thread/ERROR]: 		java.lang.Thread.run(Thread.java:748)
[22:14:39] [Spigot Watchdog Thread/ERROR]: ------------------------------
[22:14:39] [Spigot Watchdog Thread/ERROR]: Current Thread: Timer-0
[22:14:39] [Spigot Watchdog Thread/ERROR]: 	PID: 27 | Suspended: false | Native: false | State: TIMED_WAITING
[22:14:39] [Spigot Watchdog Thread/ERROR]: 	Stack:
[22:14:39] [Spigot Watchdog Thread/ERROR]: 		java.lang.Object.wait(Native Method)
[22:14:39] [Spigot Watchdog Thread/ERROR]: 		java.util.TimerThread.mainLoop(Timer.java:552)
[22:14:39] [Spigot Watchdog Thread/ERROR]: 		java.util.TimerThread.run(Timer.java:505)
[22:14:39] [Spigot Watchdog Thread/ERROR]: ------------------------------
[22:14:39] [Spigot Watchdog Thread/ERROR]: Current Thread: Netty Epoll Server IO #0
[22:14:39] [Spigot Watchdog Thread/ERROR]: 	PID: 26 | Suspended: false | Native: true | State: RUNNABLE
[22:14:39] [Spigot Watchdog Thread/ERROR]: 	Stack:
[22:14:39] [Spigot Watchdog Thread/ERROR]: 		io.netty.channel.epoll.Native.epollWait0(Native Method)
[22:14:39] [Spigot Watchdog Thread/ERROR]: 		io.netty.channel.epoll.Native.epollWait(Native.java:114)
[22:14:39] [Spigot Watchdog Thread/ERROR]: 		io.netty.channel.epoll.EpollEventLoop.epollWait(EpollEventLoop.java:239)
[22:14:39] [Spigot Watchdog Thread/ERROR]: 		io.netty.channel.epoll.EpollEventLoop.run(EpollEventLoop.java:256)
[22:14:39] [Spigot Watchdog Thread/ERROR]: 		io.netty.util.concurrent.SingleThreadEventExecutor$5.run(SingleThreadEventExecutor.java:884)
[22:14:39] [Spigot Watchdog Thread/ERROR]: 		java.lang.Thread.run(Thread.java:748)
[22:14:39] [Spigot Watchdog Thread/ERROR]: ------------------------------
[22:14:39] [Spigot Watchdog Thread/ERROR]: Current Thread: ObjectCleanerThread
[22:14:39] [Spigot Watchdog Thread/ERROR]: 	PID: 25 | Suspended: false | Native: false | State: TIMED_WAITING
[22:14:39] [Spigot Watchdog Thread/ERROR]: 	Stack:
[22:14:39] [Spigot Watchdog Thread/ERROR]: 		java.lang.Object.wait(Native Method)
[22:14:39] [Spigot Watchdog Thread/ERROR]: 		java.lang.ref.ReferenceQueue.remove(ReferenceQueue.java:144)
[22:14:39] [Spigot Watchdog Thread/ERROR]: 		io.netty.util.internal.ObjectCleaner$1.run(ObjectCleaner.java:54)
[22:14:39] [Spigot Watchdog Thread/ERROR]: 		io.netty.util.concurrent.FastThreadLocalRunnable.run(FastThreadLocalRunnable.java:30)
[22:14:39] [Spigot Watchdog Thread/ERROR]: 		java.lang.Thread.run(Thread.java:748)
[22:14:39] [Spigot Watchdog Thread/ERROR]: ------------------------------
[22:14:39] [Spigot Watchdog Thread/ERROR]: Current Thread: Spigot Metrics Thread
[22:14:39] [Spigot Watchdog Thread/ERROR]: 	PID: 24 | Suspended: false | Native: false | State: TIMED_WAITING
[22:14:39] [Spigot Watchdog Thread/ERROR]: 	Stack:
[22:14:39] [Spigot Watchdog Thread/ERROR]: 		java.lang.Object.wait(Native Method)
[22:14:39] [Spigot Watchdog Thread/ERROR]: 		java.util.TimerThread.mainLoop(Timer.java:552)
[22:14:39] [Spigot Watchdog Thread/ERROR]: 		java.util.TimerThread.run(Timer.java:505)
[22:14:39] [Spigot Watchdog Thread/ERROR]: ------------------------------
[22:14:39] [Spigot Watchdog Thread/ERROR]: Current Thread: Spigot Watchdog Thread
[22:14:39] [Spigot Watchdog Thread/ERROR]: 	PID: 23 | Suspended: false | Native: false | State: RUNNABLE
[22:14:39] [Spigot Watchdog Thread/ERROR]: 	Stack:
[22:14:39] [Spigot Watchdog Thread/ERROR]: 		sun.management.ThreadImpl.dumpThreads0(Native Method)
[22:14:39] [Spigot Watchdog Thread/ERROR]: 		sun.management.ThreadImpl.dumpAllThreads(ThreadImpl.java:454)
[22:14:39] [Spigot Watchdog Thread/ERROR]: 		org.spigotmc.WatchdogThread.run(WatchdogThread.java:86)
[22:14:39] [Spigot Watchdog Thread/ERROR]: ------------------------------
[22:14:39] [Spigot Watchdog Thread/ERROR]: Current Thread: Java2D Disposer
[22:14:39] [Spigot Watchdog Thread/ERROR]: 	PID: 21 | Suspended: false | Native: false | State: WAITING
[22:14:39] [Spigot Watchdog Thread/ERROR]: 	Stack:
[22:14:39] [Spigot Watchdog Thread/ERROR]: 		java.lang.Object.wait(Native Method)
[22:14:39] [Spigot Watchdog Thread/ERROR]: 		java.lang.ref.ReferenceQueue.remove(ReferenceQueue.java:144)
[22:14:39] [Spigot Watchdog Thread/ERROR]: 		java.lang.ref.ReferenceQueue.remove(ReferenceQueue.java:165)
[22:14:39] [Spigot Watchdog Thread/ERROR]: 		sun.java2d.Disposer.run(Disposer.java:148)
[22:14:39] [Spigot Watchdog Thread/ERROR]: 		java.lang.Thread.run(Thread.java:748)
[22:14:39] [Spigot Watchdog Thread/ERROR]: ------------------------------
[22:14:39] [Spigot Watchdog Thread/ERROR]: Current Thread: Server console handler
[22:14:39] [Spigot Watchdog Thread/ERROR]: 	PID: 19 | Suspended: false | Native: true | State: RUNNABLE
[22:14:39] [Spigot Watchdog Thread/ERROR]: 	Thread is waiting on monitor(s):
[22:14:39] [Spigot Watchdog Thread/ERROR]: 		Locked on:java.io.BufferedInputStream.read(BufferedInputStream.java:265)
[22:14:39] [Spigot Watchdog Thread/ERROR]: 		Locked on:org.bukkit.craftbukkit.libs.jline.internal.InputStreamReader.read(InputStreamReader.java:261)
[22:14:39] [Spigot Watchdog Thread/ERROR]: 		Locked on:org.bukkit.craftbukkit.libs.jline.internal.InputStreamReader.read(InputStreamReader.java:198)
[22:14:39] [Spigot Watchdog Thread/ERROR]: 	Stack:
[22:14:39] [Spigot Watchdog Thread/ERROR]: 		java.io.FileInputStream.readBytes(Native Method)
[22:14:39] [Spigot Watchdog Thread/ERROR]: 		java.io.FileInputStream.read(FileInputStream.java:255)
[22:14:39] [Spigot Watchdog Thread/ERROR]: 		java.io.BufferedInputStream.fill(BufferedInputStream.java:246)
[22:14:39] [Spigot Watchdog Thread/ERROR]: 		java.io.BufferedInputStream.read(BufferedInputStream.java:265)
[22:14:39] [Spigot Watchdog Thread/ERROR]: 		org.bukkit.craftbukkit.libs.jline.internal.NonBlockingInputStream.read(NonBlockingInputStream.java:248)
[22:14:39] [Spigot Watchdog Thread/ERROR]: 		org.bukkit.craftbukkit.libs.jline.internal.InputStreamReader.read(InputStreamReader.java:261)
[22:14:39] [Spigot Watchdog Thread/ERROR]: 		org.bukkit.craftbukkit.libs.jline.internal.InputStreamReader.read(InputStreamReader.java:198)
[22:14:39] [Spigot Watchdog Thread/ERROR]: 		org.bukkit.craftbukkit.libs.jline.console.ConsoleReader.readCharacter(ConsoleReader.java:2145)
[22:14:39] [Spigot Watchdog Thread/ERROR]: 		org.bukkit.craftbukkit.libs.jline.console.ConsoleReader.readLineSimple(ConsoleReader.java:3183)
[22:14:39] [Spigot Watchdog Thread/ERROR]: 		org.bukkit.craftbukkit.libs.jline.console.ConsoleReader.readLine(ConsoleReader.java:2333)
[22:14:39] [Spigot Watchdog Thread/ERROR]: 		org.bukkit.craftbukkit.libs.jline.console.ConsoleReader.readLine(ConsoleReader.java:2269)
[22:14:39] [Spigot Watchdog Thread/ERROR]: 		org.bukkit.craftbukkit.libs.jline.console.ConsoleReader.readLine(ConsoleReader.java:2257)
[22:14:39] [Spigot Watchdog Thread/ERROR]: 		net.minecraft.server.v1_15_R1.DedicatedServer$2.run(DedicatedServer.java:105)
[22:14:39] [Spigot Watchdog Thread/ERROR]: ------------------------------
[22:14:39] [Spigot Watchdog Thread/ERROR]: Current Thread: TerminalConsoleWriter
[22:14:39] [Spigot Watchdog Thread/ERROR]: 	PID: 20 | Suspended: false | Native: false | State: WAITING
[22:14:39] [Spigot Watchdog Thread/ERROR]: 	Stack:
[22:14:39] [Spigot Watchdog Thread/ERROR]: 		sun.misc.Unsafe.park(Native Method)
[22:14:39] [Spigot Watchdog Thread/ERROR]: 		java.util.concurrent.locks.LockSupport.park(LockSupport.java:175)
[22:14:39] [Spigot Watchdog Thread/ERROR]: 		java.util.concurrent.locks.AbstractQueuedSynchronizer$ConditionObject.await(AbstractQueuedSynchronizer.java:2039)
[22:14:39] [Spigot Watchdog Thread/ERROR]: 		java.util.concurrent.LinkedBlockingQueue.take(LinkedBlockingQueue.java:442)
[22:14:39] [Spigot Watchdog Thread/ERROR]: 		com.mojang.util.QueueLogAppender.getNextLogEvent(QueueLogAppender.java:77)
[22:14:39] [Spigot Watchdog Thread/ERROR]: 		org.bukkit.craftbukkit.v1_15_R1.util.TerminalConsoleWriterThread.run(TerminalConsoleWriterThread.java:31)
[22:14:39] [Spigot Watchdog Thread/ERROR]: ------------------------------
[22:14:39] [Spigot Watchdog Thread/ERROR]: Current Thread: DestroyJavaVM
[22:14:39] [Spigot Watchdog Thread/ERROR]: 	PID: 18 | Suspended: false | Native: false | State: RUNNABLE
[22:14:39] [Spigot Watchdog Thread/ERROR]: 	Stack:
[22:14:39] [Spigot Watchdog Thread/ERROR]: ------------------------------
[22:14:39] [Spigot Watchdog Thread/ERROR]: Current Thread: Server thread
[22:14:39] [Spigot Watchdog Thread/ERROR]: 	PID: 14 | Suspended: false | Native: false | State: RUNNABLE
[22:14:39] [Spigot Watchdog Thread/ERROR]: 	Stack:
[22:14:39] [Spigot Watchdog Thread/ERROR]: 		net.minecraft.server.v1_15_R1.ChunkProviderServer.lambda$9(ChunkProviderServer.java:382)
[22:14:39] [Spigot Watchdog Thread/ERROR]: 		net.minecraft.server.v1_15_R1.ChunkProviderServer$$Lambda$2720/983142572.accept(Unknown Source)
[22:14:39] [Spigot Watchdog Thread/ERROR]: 		org.bukkit.craftbukkit.libs.it.unimi.dsi.fastutil.longs.Long2ObjectLinkedOpenHashMap$1.forEach(Long2ObjectLinkedOpenHashMap.java:1661)
[22:14:39] [Spigot Watchdog Thread/ERROR]: 		com.google.common.collect.Iterables$UnmodifiableIterable.forEach(Iterables.java:105)
[22:14:39] [Spigot Watchdog Thread/ERROR]: 		net.minecraft.server.v1_15_R1.ChunkProviderServer.tickChunks(ChunkProviderServer.java:375)
[22:14:39] [Spigot Watchdog Thread/ERROR]: 		net.minecraft.server.v1_15_R1.ChunkProviderServer.tick(ChunkProviderServer.java:339)
[22:14:39] [Spigot Watchdog Thread/ERROR]: 		net.minecraft.server.v1_15_R1.WorldServer.doTick(WorldServer.java:308)
[22:14:39] [Spigot Watchdog Thread/ERROR]: 		net.minecraft.server.v1_15_R1.MinecraftServer.b(MinecraftServer.java:1082)
[22:14:39] [Spigot Watchdog Thread/ERROR]: 		net.minecraft.server.v1_15_R1.DedicatedServer.b(DedicatedServer.java:406)
[22:14:39] [Spigot Watchdog Thread/ERROR]: 		net.minecraft.server.v1_15_R1.MinecraftServer.a(MinecraftServer.java:984)
[22:14:39] [Spigot Watchdog Thread/ERROR]: 		net.minecraft.server.v1_15_R1.MinecraftServer.run(MinecraftServer.java:824)
[22:14:39] [Spigot Watchdog Thread/ERROR]: 		java.lang.Thread.run(Thread.java:748)
[22:14:39] [Spigot Watchdog Thread/ERROR]: ------------------------------
[22:14:39] [Spigot Watchdog Thread/ERROR]: Current Thread: Server Infinisleeper
[22:14:39] [Spigot Watchdog Thread/ERROR]: 	PID: 17 | Suspended: false | Native: false | State: TIMED_WAITING
[22:14:39] [Spigot Watchdog Thread/ERROR]: 	Stack:
[22:14:39] [Spigot Watchdog Thread/ERROR]: 		java.lang.Thread.sleep(Native Method)
[22:14:39] [Spigot Watchdog Thread/ERROR]: 		net.minecraft.server.v1_15_R1.DedicatedServer$1.run(DedicatedServer.java:70)
[22:14:39] [Spigot Watchdog Thread/ERROR]: ------------------------------
[22:14:39] [Spigot Watchdog Thread/ERROR]: Current Thread: Snooper Timer
[22:14:39] [Spigot Watchdog Thread/ERROR]: 	PID: 13 | Suspended: false | Native: false | State: WAITING
[22:14:39] [Spigot Watchdog Thread/ERROR]: 	Stack:
[22:14:39] [Spigot Watchdog Thread/ERROR]: 		java.lang.Object.wait(Native Method)
[22:14:39] [Spigot Watchdog Thread/ERROR]: 		java.lang.Object.wait(Object.java:502)
[22:14:39] [Spigot Watchdog Thread/ERROR]: 		java.util.TimerThread.mainLoop(Timer.java:526)
[22:14:39] [Spigot Watchdog Thread/ERROR]: 		java.util.TimerThread.run(Timer.java:505)
[22:14:39] [Spigot Watchdog Thread/ERROR]: ------------------------------
[22:14:39] [Spigot Watchdog Thread/ERROR]: Current Thread: Signal Dispatcher
[22:14:39] [Spigot Watchdog Thread/ERROR]: 	PID: 5 | Suspended: false | Native: false | State: RUNNABLE
[22:14:39] [Spigot Watchdog Thread/ERROR]: 	Stack:
[22:14:39] [Spigot Watchdog Thread/ERROR]: ------------------------------
[22:14:39] [Spigot Watchdog Thread/ERROR]: Current Thread: Finalizer
[22:14:39] [Spigot Watchdog Thread/ERROR]: 	PID: 3 | Suspended: false | Native: false | State: WAITING
[22:14:39] [Spigot Watchdog Thread/ERROR]: 	Stack:
[22:14:39] [Spigot Watchdog Thread/ERROR]: 		java.lang.Object.wait(Native Method)
[22:14:39] [Spigot Watchdog Thread/ERROR]: 		java.lang.ref.ReferenceQueue.remove(ReferenceQueue.java:144)
[22:14:39] [Spigot Watchdog Thread/ERROR]: 		java.lang.ref.ReferenceQueue.remove(ReferenceQueue.java:165)
[22:14:39] [Spigot Watchdog Thread/ERROR]: 		java.lang.ref.Finalizer$FinalizerThread.run(Finalizer.java:216)
[22:14:39] [Spigot Watchdog Thread/ERROR]: ------------------------------
[22:14:39] [Spigot Watchdog Thread/ERROR]: Current Thread: Reference Handler
[22:14:39] [Spigot Watchdog Thread/ERROR]: 	PID: 2 | Suspended: false | Native: false | State: WAITING
[22:14:39] [Spigot Watchdog Thread/ERROR]: 	Stack:
[22:14:39] [Spigot Watchdog Thread/ERROR]: 		java.lang.Object.wait(Native Method)
[22:14:39] [Spigot Watchdog Thread/ERROR]: 		java.lang.Object.wait(Object.java:502)
[22:14:39] [Spigot Watchdog Thread/ERROR]: 		java.lang.ref.Reference.tryHandlePending(Reference.java:191)
[22:14:39] [Spigot Watchdog Thread/ERROR]: 		java.lang.ref.Reference$ReferenceHandler.run(Reference.java:153)
[22:14:39] [Spigot Watchdog Thread/ERROR]: ------------------------------
[22:14:39] [Spigot Watchdog Thread/INFO]: Startup script './start.sh' does not exist! Stopping server.
[22:14:39] [Spigot Watchdog Thread/INFO]: Stopping server
[22:14:39] [Spigot Watchdog Thread/INFO]: [MiaoChat] Disabling MiaoChat v1.8.9-git-f22113584d750a8d95fb5df80d226af9abc4e80e
[22:14:40] [Spigot Watchdog Thread/INFO]: [FastLogin] Disabling FastLogin v1.10-git484855724b794de1fe057cf7360245362658b432
[22:14:40] [Spigot Watchdog Thread/INFO]: HikariPool-1 - Shutdown initiated...
[22:14:40] [Spigot Watchdog Thread/INFO]: HikariPool-1 - Shutdown completed.
[22:14:40] [Spigot Watchdog Thread/INFO]: [MiaoBoard] Disabling MiaoBoard v2.5.0-git-fdf05fc1c0c21b8fb30cf99ccb58d20e396ebfc7
[22:14:40] [Spigot Watchdog Thread/INFO]: [ProtocolLib] Disabling ProtocolLib v4.5.0
[22:14:40] [Server thread/WARN]: Can't keep up! Is the server overloaded? Running 48510ms or 970 ticks behind
[22:14:40] [Spigot Watchdog Thread/INFO]: [PlaceholderAPI] Disabling PlaceholderAPI v2.10.4
[22:14:40] [Spigot Watchdog Thread/INFO]: [LoginSecurity] Disabling LoginSecurity v3.0.1
[22:14:40] [Spigot Watchdog Thread/INFO]: [LoginSecurity] Waiting for queued tasks...
[22:14:40] [Spigot Watchdog Thread/INFO]: [LoginSecurity] ExecutorService shut down, ready to disable.
[22:14:40] [Spigot Watchdog Thread/INFO]: [EzWhiteList] Disabling EzWhiteList v1.1-release
[22:14:40] [Spigot Watchdog Thread/INFO]: EzWL >> 保存数据
[22:14:40] [Spigot Watchdog Thread/INFO]: EzWL >> 保存完毕
[22:14:40] [Spigot Watchdog Thread/INFO]: Saving players
[22:14:40] [Spigot Watchdog Thread/INFO]: Saving worlds
[22:14:40] [Spigot Watchdog Thread/INFO]: Saving chunks for level 'skimit'/minecraft:overworld
[22:14:56] [Spigot Watchdog Thread/INFO]: ThreadedAnvilChunkStorage (skimit): All chunks are saved
[22:14:56] [Spigot Watchdog Thread/INFO]: Saving chunks for level 'skimit_nether'/minecraft:the_nether
[22:14:56] [Spigot Watchdog Thread/INFO]: ThreadedAnvilChunkStorage (DIM-1): All chunks are saved
[22:14:56] [Spigot Watchdog Thread/INFO]: Saving chunks for level 'skimit_the_end'/minecraft:the_end
[22:14:56] [Spigot Watchdog Thread/INFO]: ThreadedAnvilChunkStorage (DIM1): All chunks are saved
[22:14:59] [Spigot Watchdog Thread/INFO]: ThreadedAnvilChunkStorage (skimit): All chunks are saved
[22:15:00] [Spigot Watchdog Thread/INFO]: ThreadedAnvilChunkStorage (DIM-1): All chunks are saved
[22:15:00] [Spigot Watchdog Thread/INFO]: ThreadedAnvilChunkStorage (DIM1): All chunks are saved
