[17:58:18] [main/INFO]: Loading for game Minecraft 1.15.2
[17:58:19] [main/INFO]: [FabricLoader] Loading 4 mods: minecraft@1.15.2, carpet-extra@1.3.15, fabricloader@0.7.8+build.189, carpet@1.3.15
[17:58:19] [main/INFO]: SpongePowered MIXIN Subsystem Version=0.8 Source=file:/home/admin/mcsmanager/server/server_core/skimit_survival/fabric-server-launch.jar Service=Knot/Fabric Env=SERVER
[17:58:37] [main/WARN]: Ambiguity between arguments [teleport, destination] and [teleport, targets] with inputs: [Player, 0123, @e, dd12be42-52a9-4a91-a8a1-11c01849e498]
[17:58:37] [main/WARN]: Ambiguity between arguments [teleport, location] and [teleport, destination] with inputs: [0.1 -0.5 .9, 0 0 0]
[17:58:37] [main/WARN]: Ambiguity between arguments [teleport, location] and [teleport, targets] with inputs: [0.1 -0.5 .9, 0 0 0]
[17:58:37] [main/WARN]: Ambiguity between arguments [teleport, targets] and [teleport, destination] with inputs: [Player, 0123, dd12be42-52a9-4a91-a8a1-11c01849e498]
[17:58:37] [main/WARN]: Ambiguity between arguments [teleport, targets, location] and [teleport, targets, destination] with inputs: [0.1 -0.5 .9, 0 0 0]
[17:58:39] [Server thread/INFO]: Starting minecraft server version 1.15.2
[17:58:39] [Server thread/INFO]: Loading properties
[17:58:39] [Server thread/INFO]: Default game type: SURVIVAL
[17:58:39] [Server thread/INFO]: Generating keypair
[17:58:39] [Server thread/INFO]: Starting Minecraft server on *:26565
[17:58:40] [Server thread/INFO]: Using epoll channel type
[17:58:40] [Server thread/WARN]: **** SERVER IS RUNNING IN OFFLINE/INSECURE MODE!
[17:58:40] [Server thread/WARN]: The server will make no attempt to authenticate usernames. Beware.
[17:58:40] [Server thread/WARN]: While this makes the game possible to play without internet access, it also opens up the ability for hackers to connect with any username they choose.
[17:58:40] [Server thread/WARN]: To change this, set "online-mode" to "true" in the server.properties file.
[17:58:41] [Server thread/INFO]: Preparing level "world"
[17:58:41] [Server thread/INFO]: Reloading ResourceManager: Default
[17:58:46] [Server thread/INFO]: Loaded 6 recipes
[17:58:48] [Server thread/INFO]: Loaded 825 advancements
[17:58:55] [Server thread/INFO]: Preparing start region for dimension minecraft:overworld
[17:58:59] [Server thread/INFO]: Preparing spawn area: 0%
[17:58:59] [Server thread/INFO]: Preparing spawn area: 0%
[17:58:59] [Server thread/INFO]: Preparing spawn area: 0%
[17:58:59] [Server thread/INFO]: Preparing spawn area: 0%
[17:58:59] [Server thread/INFO]: Preparing spawn area: 0%
[17:58:59] [Server thread/INFO]: Preparing spawn area: 0%
[17:58:59] [Server thread/INFO]: Preparing spawn area: 0%
[17:58:59] [Server thread/INFO]: Preparing spawn area: 0%
[17:59:00] [Server thread/INFO]: Preparing spawn area: 0%
[17:59:31] [Server-Worker-1/INFO]: Preparing spawn area: 0%
[17:59:31] [Server-Worker-1/INFO]: Preparing spawn area: 0%
[17:59:31] [Server-Worker-1/INFO]: Preparing spawn area: 0%
[17:59:31] [Server-Worker-1/INFO]: Preparing spawn area: 0%
[17:59:31] [Server-Worker-1/INFO]: Preparing spawn area: 0%
[17:59:31] [Server-Worker-1/INFO]: Preparing spawn area: 0%
[17:59:31] [Server-Worker-1/INFO]: Preparing spawn area: 0%
[17:59:31] [Server-Worker-1/INFO]: Preparing spawn area: 0%
[17:59:31] [Server-Worker-1/INFO]: Preparing spawn area: 0%
[17:59:31] [Server-Worker-1/INFO]: Preparing spawn area: 0%
[17:59:31] [Server-Worker-1/INFO]: Preparing spawn area: 0%
[17:59:31] [Server-Worker-1/INFO]: Preparing spawn area: 0%
[17:59:31] [Server-Worker-1/INFO]: Preparing spawn area: 0%
[17:59:31] [Server-Worker-1/INFO]: Preparing spawn area: 0%
[17:59:31] [Server-Worker-1/INFO]: Preparing spawn area: 0%
[17:59:31] [Server-Worker-1/INFO]: Preparing spawn area: 0%
[17:59:31] [Server-Worker-1/INFO]: Preparing spawn area: 0%
[17:59:31] [Server-Worker-1/INFO]: Preparing spawn area: 0%
[17:59:31] [Server-Worker-1/INFO]: Preparing spawn area: 0%
[17:59:31] [Server-Worker-1/INFO]: Preparing spawn area: 0%
[17:59:31] [Server-Worker-1/INFO]: Preparing spawn area: 0%
[17:59:31] [Server-Worker-1/INFO]: Preparing spawn area: 0%
[17:59:32] [Server-Worker-1/INFO]: Preparing spawn area: 0%
[17:59:32] [Server-Worker-1/INFO]: Preparing spawn area: 0%
[17:59:32] [Server-Worker-1/INFO]: Preparing spawn area: 0%
[17:59:32] [Server-Worker-1/INFO]: Preparing spawn area: 0%
[17:59:32] [Server-Worker-1/INFO]: Preparing spawn area: 0%
[17:59:32] [Server-Worker-1/INFO]: Preparing spawn area: 0%
[17:59:32] [Server-Worker-1/INFO]: Preparing spawn area: 0%
[17:59:32] [Server-Worker-1/INFO]: Preparing spawn area: 0%
[17:59:32] [Server-Worker-1/INFO]: Preparing spawn area: 0%
[17:59:32] [Server-Worker-1/INFO]: Preparing spawn area: 0%
[17:59:32] [Server-Worker-1/INFO]: Preparing spawn area: 0%
[17:59:32] [Server-Worker-1/INFO]: Preparing spawn area: 0%
[17:59:32] [Server-Worker-1/INFO]: Preparing spawn area: 0%
[17:59:32] [Server-Worker-1/INFO]: Preparing spawn area: 0%
[17:59:32] [Server-Worker-1/INFO]: Preparing spawn area: 0%
[17:59:32] [Server-Worker-1/INFO]: Preparing spawn area: 0%
[17:59:32] [Server-Worker-1/INFO]: Preparing spawn area: 0%
[17:59:32] [Server-Worker-1/INFO]: Preparing spawn area: 0%
[17:59:32] [Server-Worker-1/INFO]: Preparing spawn area: 0%
[17:59:32] [Server-Worker-1/INFO]: Preparing spawn area: 0%
[17:59:32] [Server-Worker-1/INFO]: Preparing spawn area: 0%
[17:59:32] [Server-Worker-1/INFO]: Preparing spawn area: 0%
[17:59:32] [Server-Worker-1/INFO]: Preparing spawn area: 0%
[17:59:32] [Server-Worker-1/INFO]: Preparing spawn area: 0%
[17:59:32] [Server-Worker-1/INFO]: Preparing spawn area: 0%
[17:59:32] [Server-Worker-1/INFO]: Preparing spawn area: 0%
[17:59:32] [Server-Worker-1/INFO]: Preparing spawn area: 0%
[17:59:32] [Server-Worker-1/INFO]: Preparing spawn area: 0%
[17:59:32] [Server-Worker-1/INFO]: Preparing spawn area: 0%
[17:59:32] [Server-Worker-1/INFO]: Preparing spawn area: 0%
[17:59:32] [Server-Worker-1/INFO]: Preparing spawn area: 0%
[17:59:32] [Server-Worker-1/INFO]: Preparing spawn area: 0%
[17:59:32] [Server-Worker-1/INFO]: Preparing spawn area: 0%
[17:59:32] [Server-Worker-1/INFO]: Preparing spawn area: 0%
[17:59:32] [Server-Worker-1/INFO]: Preparing spawn area: 0%
[17:59:32] [Server-Worker-1/INFO]: Preparing spawn area: 0%
[17:59:32] [Server-Worker-1/INFO]: Preparing spawn area: 0%
[17:59:32] [Server-Worker-1/INFO]: Preparing spawn area: 0%
[17:59:32] [Server-Worker-1/INFO]: Preparing spawn area: 0%
[17:59:32] [Server-Worker-1/INFO]: Preparing spawn area: 0%
[17:59:32] [Server-Worker-1/INFO]: Preparing spawn area: 0%
[17:59:32] [Server-Worker-1/INFO]: Preparing spawn area: 0%
[17:59:32] [Server thread/INFO]: Preparing spawn area: 0%
[17:59:32] [Server thread/INFO]: Preparing spawn area: 71%
[17:59:33] [Server thread/INFO]: Time elapsed: 37858 ms
[17:59:33] [Server thread/INFO]: Done (52.576s)! For help, type "help"
[17:59:33] [Server thread/INFO]: Starting remote control listener
[17:59:33] [RCON Listener #1/INFO]: RCON running on 0.0.0.0:22140
[17:59:35] [Server thread/INFO]: MAX_ShouWang[/127.0.0.1:53141] logged in with entity id 181 at (-42.541141911067285, 39.0, 239.2572954660786)
[17:59:35] [Server thread/INFO]: MAX_ShouWang joined the game
[17:59:35] [Server thread/INFO]: MAX_ShouWang lost connection: Disconnected
[17:59:35] [Server thread/INFO]: MAX_ShouWang left the game
[17:59:36] [Server thread/WARN]: Can't keep up! Is the server overloaded? Running 2851ms or 57 ticks behind
[17:59:36] [Server thread/WARN]: handleDisconnection() called twice
[17:59:36] [Server thread/INFO]: MAX_ShouWang[/127.0.0.1:36898] logged in with entity id 182 at (-42.541141911067285, 39.0, 239.2572954660786)
[17:59:36] [Server thread/INFO]: MAX_ShouWang joined the game
[17:59:37] [Server thread/INFO]: MAX_ShouWang lost connection: Disconnected
[17:59:37] [Server thread/INFO]: MAX_ShouWang left the game
[17:59:38] [Server thread/INFO]: MAX_ShouWang[/127.0.0.1:48624] logged in with entity id 183 at (-42.541141911067285, 39.0, 239.2572954660786)
[17:59:38] [Server thread/INFO]: MAX_ShouWang joined the game
[18:00:14] [Server thread/INFO]: MAX_XiaoKui[/127.0.0.1:47625] logged in with entity id 216 at (-44.29053377585624, 5.0, 275.69830517629407)
[18:00:14] [Server thread/INFO]: MAX_XiaoKui joined the game
[18:01:54] [Server thread/INFO]: <MAX_XiaoKui> 给我点方块
[18:02:01] [Server thread/INFO]: <MAX_ShouWang> ...
[18:02:10] [Server thread/INFO]: <MAX_ShouWang> 我只有黑曜石
[18:02:19] [Server thread/INFO]: <MAX_XiaoKui> ...
[18:03:24] [Server thread/INFO]: <MAX_ShouWang> 不行
[18:03:33] [Server thread/INFO]: <MAX_XiaoKui> ?
[18:03:35] [Server thread/INFO]: <MAX_ShouWang> 我卡成ppt了
[18:05:57] [Server thread/INFO]: <MAX_ShouWang> 铁镐给你
[18:10:11] [Server thread/INFO]: <MAX_XiaoKui> 你上来挖黑曜石啊 我给你倒水
[18:10:28] [Server thread/INFO]: <MAX_ShouWang> 我做打火石
[18:10:40] [Server thread/INFO]: <MAX_XiaoKui> 那你快点 打火石不急
[18:15:39] [Server thread/INFO]: <MAX_ShouWang> 黑曜石帮我那点
[18:17:52] [Server thread/INFO]: <MAX_XiaoKui> 我又想开轰炸机了
[18:18:13] [Server thread/INFO]: <MAX_XiaoKui> 这么多东西挖是真的慢
[18:19:16] [Server thread/INFO]: <MAX_ShouWang> ...
[18:26:23] [Server thread/INFO]: <MAX_XiaoKui> 进电话
[18:39:07] [Server thread/INFO]: <MAX_XiaoKui> 你咋没声音了
[18:39:30] [Server thread/INFO]: <MAX_ShouWang> 我QQ好像要炸
[18:40:26] [Server thread/INFO]: <MAX_ShouWang> dabukaile
[18:40:32] [Server thread/INFO]: <MAX_XiaoKui> ...
[18:40:35] [Server thread/INFO]: <MAX_ShouWang> qqzhale
[18:40:52] [Server thread/INFO]: <MAX_XiaoKui> 这黑曜石你把挖了
[18:41:37] [Server thread/INFO]: <MAX_ShouWang> 等下
[18:42:01] [Server thread/INFO]: <MAX_ShouWang> 我QQ挡住了
[18:42:09] [Server thread/INFO]: <MAX_ShouWang> haole
[18:42:37] [Server thread/INFO]: <MAX_ShouWang> QQ什么文件丢失了
[18:42:43] [Server thread/INFO]: <MAX_ShouWang> 开不了了
[18:43:02] [Server thread/INFO]: <MAX_XiaoKui> 下安装包再安装下吧
[18:43:17] [Server thread/INFO]: <MAX_ShouWang> 没事
[18:43:24] [Server thread/INFO]: <MAX_ShouWang> 之前有过
[18:43:31] [Server thread/INFO]: <MAX_ShouWang> 重开就行
[18:46:57] [Server thread/INFO]: MAX_ShouWang lost connection: Timed out
[18:46:57] [Server thread/INFO]: MAX_ShouWang left the game
[18:47:00] [Server thread/INFO]: MAX_ShouWang[/127.0.0.1:57705] logged in with entity id 6220 at (51.39415559835419, 9.0, 127.51757902421889)
[18:47:00] [Server thread/INFO]: MAX_ShouWang joined the game
[18:55:21] [Server thread/INFO]: MTpromax[/127.0.0.1:35520] logged in with entity id 7213 at (-353.9157447268501, 57.0, 516.3000000119209)
[18:55:21] [Server thread/INFO]: MTpromax joined the game
[18:56:59] [Server thread/INFO]: MTpromax lost connection: Disconnected
[18:56:59] [Server thread/INFO]: MTpromax left the game
[18:58:23] [Server thread/INFO]: MAX_ShouWang lost connection: Disconnected
[18:58:23] [Server thread/INFO]: MAX_ShouWang left the game
[19:00:21] [Server thread/INFO]: MAX_XiaoKui lost connection: Disconnected
[19:00:21] [Server thread/INFO]: MAX_XiaoKui left the game
[19:12:07] [Server thread/INFO]: MAX_ShouWang[/127.0.0.1:58846] logged in with entity id 8248 at (21.963639130543985, 34.93480504845465, 119.19835802252746)
[19:12:07] [Server thread/INFO]: MAX_ShouWang joined the game
[19:12:10] [Server thread/INFO]: MAX_ShouWang fell from a high place
[19:12:44] [Server thread/INFO]: MAX_XiaoKui[/127.0.0.1:53422] logged in with entity id 8519 at (16.456356426414313, 4.0, 126.85595545892703)
[19:12:44] [Server thread/INFO]: MAX_XiaoKui joined the game
[19:13:11] [Server thread/INFO]: <MAX_XiaoKui> zzzzzzzzzz
[19:14:38] [Server thread/WARN]: Can't keep up! Is the server overloaded? Running 2061ms or 41 ticks behind
[19:21:41] [Server thread/INFO]: MAX_ShouWang tried to swim in lava
[19:24:22] [Server thread/INFO]: MAX_ShouWang lost connection: Disconnected
[19:24:22] [Server thread/INFO]: MAX_ShouWang left the game
[19:24:26] [Server thread/INFO]: MAX_XiaoKui lost connection: Disconnected
[19:24:26] [Server thread/INFO]: MAX_XiaoKui left the game
[19:24:45] [Server thread/INFO]: MAX_ShouWang[/127.0.0.1:57864] logged in with entity id 11590 at (-370.9388971446353, 69.0, 515.1252384418151)
[19:24:45] [Server thread/INFO]: MAX_ShouWang joined the game
[19:24:46] [Server thread/INFO]: MAX_XiaoKui[/127.0.0.1:36091] logged in with entity id 11622 at (-43.47002829406056, 64.0, 239.55295119733736)
[19:24:46] [Server thread/INFO]: MAX_XiaoKui joined the game
[19:36:20] [Server thread/WARN]: Can't keep up! Is the server overloaded? Running 2241ms or 44 ticks behind
[19:36:38] [Server thread/WARN]: Can't keep up! Is the server overloaded? Running 3254ms or 65 ticks behind
[19:36:52] [Server thread/WARN]: MAX_ShouWang moved too quickly! 10.167641740784184,0.0,-0.1647621280073608
[19:37:34] [Server thread/WARN]: Can't keep up! Is the server overloaded? Running 40785ms or 815 ticks behind
[19:38:00] [Server thread/WARN]: Can't keep up! Is the server overloaded? Running 2013ms or 40 ticks behind
[19:38:10] [Server thread/WARN]: MAX_ShouWang moved too quickly! -10.101523812290404,0.0,-0.04675514572862838
[19:39:12] [Server Watchdog/FATAL]: A single server tick took 60.03 seconds (should be max 0.05)
[19:39:13] [Server Watchdog/FATAL]: Considering it to be crashed, server will forcibly shutdown.
[19:39:15] [Server thread/INFO]: MAX_ShouWang lost connection: Disconnected
[19:39:15] [Server thread/INFO]: MAX_ShouWang left the game
[19:40:17] [Server thread/INFO]: MAX_XiaoKui lost connection: Timed out
[19:40:31] [Server thread/INFO]: MAX_XiaoKui left the game
[19:44:00] [Server Watchdog/ERROR]: This crash report has been saved to: /home/admin/mcsmanager/server/server_core/skimit_survival/./crash-reports/crash-2020-03-22_19.44.00-server.txt
[19:44:06] [Server thread/INFO]: Stopping server
