[15:33:02] [main/INFO]: Loading for game Minecraft 1.15.2
[15:33:03] [main/INFO]: [FabricLoader] Loading 4 mods: minecraft@1.15.2, carpet-extra@1.3.15, fabricloader@0.7.8+build.189, carpet@1.3.15
[15:33:03] [main/INFO]: SpongePowered MIXIN Subsystem Version=0.8 Source=file:/home/admin/mcsmanager/server/server_core/skimit_survival/fabric-server-launch.jar Service=Knot/Fabric Env=SERVER
[15:33:19] [main/WARN]: Ambiguity between arguments [teleport, destination] and [teleport, targets] with inputs: [Player, 0123, @e, dd12be42-52a9-4a91-a8a1-11c01849e498]
[15:33:19] [main/WARN]: Ambiguity between arguments [teleport, location] and [teleport, destination] with inputs: [0.1 -0.5 .9, 0 0 0]
[15:33:19] [main/WARN]: Ambiguity between arguments [teleport, location] and [teleport, targets] with inputs: [0.1 -0.5 .9, 0 0 0]
[15:33:19] [main/WARN]: Ambiguity between arguments [teleport, targets] and [teleport, destination] with inputs: [Player, 0123, dd12be42-52a9-4a91-a8a1-11c01849e498]
[15:33:19] [main/WARN]: Ambiguity between arguments [teleport, targets, location] and [teleport, targets, destination] with inputs: [0.1 -0.5 .9, 0 0 0]
[15:33:20] [Server thread/INFO]: Starting minecraft server version 1.15.2
[15:33:20] [Server thread/INFO]: Loading properties
[15:33:20] [Server thread/INFO]: Default game type: SURVIVAL
[15:33:20] [Server thread/INFO]: Generating keypair
[15:33:21] [Server thread/INFO]: Starting Minecraft server on *:26565
[15:33:21] [Server thread/INFO]: Using epoll channel type
[15:33:22] [Server thread/WARN]: **** SERVER IS RUNNING IN OFFLINE/INSECURE MODE!
[15:33:22] [Server thread/WARN]: The server will make no attempt to authenticate usernames. Beware.
[15:33:22] [Server thread/WARN]: While this makes the game possible to play without internet access, it also opens up the ability for hackers to connect with any username they choose.
[15:33:22] [Server thread/WARN]: To change this, set "online-mode" to "true" in the server.properties file.
[15:33:22] [Server thread/INFO]: Preparing level "world"
[15:33:22] [Server thread/INFO]: Reloading ResourceManager: Default
[15:33:27] [Server thread/INFO]: Loaded 6 recipes
[15:33:29] [Server thread/INFO]: Loaded 825 advancements
[15:33:34] [Server thread/INFO]: Preparing start region for dimension minecraft:overworld
[15:33:37] [Server thread/INFO]: Preparing spawn area: 0%
[15:33:37] [Server thread/INFO]: Preparing spawn area: 0%
[15:33:37] [Server thread/INFO]: Preparing spawn area: 0%
[15:33:37] [Server thread/INFO]: Preparing spawn area: 0%
[15:33:37] [Server thread/INFO]: Preparing spawn area: 0%
[15:33:37] [Server thread/INFO]: Preparing spawn area: 0%
[15:33:37] [Server thread/INFO]: Preparing spawn area: 0%
[15:33:37] [Server thread/INFO]: Preparing spawn area: 0%
[15:34:09] [Server-Worker-1/INFO]: Preparing spawn area: 0%
[15:34:09] [Server-Worker-1/INFO]: Preparing spawn area: 0%
[15:34:09] [Server-Worker-1/INFO]: Preparing spawn area: 0%
[15:34:09] [Server-Worker-1/INFO]: Preparing spawn area: 0%
[15:34:09] [Server-Worker-1/INFO]: Preparing spawn area: 0%
[15:34:09] [Server-Worker-1/INFO]: Preparing spawn area: 0%
[15:34:09] [Server-Worker-1/INFO]: Preparing spawn area: 0%
[15:34:09] [Server-Worker-1/INFO]: Preparing spawn area: 0%
[15:34:09] [Server-Worker-1/INFO]: Preparing spawn area: 0%
[15:34:09] [Server-Worker-1/INFO]: Preparing spawn area: 0%
[15:34:09] [Server-Worker-1/INFO]: Preparing spawn area: 0%
[15:34:09] [Server-Worker-1/INFO]: Preparing spawn area: 0%
[15:34:09] [Server-Worker-1/INFO]: Preparing spawn area: 0%
[15:34:09] [Server-Worker-1/INFO]: Preparing spawn area: 0%
[15:34:09] [Server-Worker-1/INFO]: Preparing spawn area: 0%
[15:34:09] [Server-Worker-1/INFO]: Preparing spawn area: 0%
[15:34:09] [Server-Worker-1/INFO]: Preparing spawn area: 0%
[15:34:09] [Server-Worker-1/INFO]: Preparing spawn area: 0%
[15:34:09] [Server-Worker-1/INFO]: Preparing spawn area: 0%
[15:34:09] [Server-Worker-1/INFO]: Preparing spawn area: 0%
[15:34:09] [Server-Worker-1/INFO]: Preparing spawn area: 0%
[15:34:09] [Server-Worker-1/INFO]: Preparing spawn area: 0%
[15:34:09] [Server-Worker-1/INFO]: Preparing spawn area: 0%
[15:34:09] [Server-Worker-1/INFO]: Preparing spawn area: 0%
[15:34:09] [Server-Worker-1/INFO]: Preparing spawn area: 0%
[15:34:09] [Server-Worker-1/INFO]: Preparing spawn area: 0%
[15:34:09] [Server-Worker-1/INFO]: Preparing spawn area: 0%
[15:34:09] [Server-Worker-1/INFO]: Preparing spawn area: 0%
[15:34:09] [Server-Worker-1/INFO]: Preparing spawn area: 0%
[15:34:09] [Server-Worker-1/INFO]: Preparing spawn area: 0%
[15:34:09] [Server-Worker-1/INFO]: Preparing spawn area: 0%
[15:34:09] [Server-Worker-1/INFO]: Preparing spawn area: 0%
[15:34:09] [Server-Worker-1/INFO]: Preparing spawn area: 0%
[15:34:09] [Server-Worker-1/INFO]: Preparing spawn area: 0%
[15:34:09] [Server-Worker-1/INFO]: Preparing spawn area: 0%
[15:34:09] [Server-Worker-1/INFO]: Preparing spawn area: 0%
[15:34:09] [Server-Worker-1/INFO]: Preparing spawn area: 0%
[15:34:09] [Server-Worker-1/INFO]: Preparing spawn area: 0%
[15:34:09] [Server-Worker-1/INFO]: Preparing spawn area: 0%
[15:34:09] [Server-Worker-1/INFO]: Preparing spawn area: 0%
[15:34:09] [Server-Worker-1/INFO]: Preparing spawn area: 0%
[15:34:09] [Server-Worker-1/INFO]: Preparing spawn area: 0%
[15:34:09] [Server-Worker-1/INFO]: Preparing spawn area: 0%
[15:34:09] [Server-Worker-1/INFO]: Preparing spawn area: 0%
[15:34:09] [Server-Worker-1/INFO]: Preparing spawn area: 0%
[15:34:09] [Server-Worker-1/INFO]: Preparing spawn area: 0%
[15:34:09] [Server-Worker-1/INFO]: Preparing spawn area: 0%
[15:34:09] [Server-Worker-1/INFO]: Preparing spawn area: 0%
[15:34:09] [Server-Worker-1/INFO]: Preparing spawn area: 0%
[15:34:09] [Server-Worker-1/INFO]: Preparing spawn area: 0%
[15:34:09] [Server-Worker-1/INFO]: Preparing spawn area: 0%
[15:34:09] [Server-Worker-1/INFO]: Preparing spawn area: 0%
[15:34:09] [Server-Worker-1/INFO]: Preparing spawn area: 0%
[15:34:09] [Server-Worker-1/INFO]: Preparing spawn area: 0%
[15:34:09] [Server-Worker-1/INFO]: Preparing spawn area: 0%
[15:34:09] [Server-Worker-1/INFO]: Preparing spawn area: 0%
[15:34:09] [Server-Worker-1/INFO]: Preparing spawn area: 0%
[15:34:09] [Server-Worker-1/INFO]: Preparing spawn area: 0%
[15:34:09] [Server-Worker-1/INFO]: Preparing spawn area: 0%
[15:34:09] [Server-Worker-1/INFO]: Preparing spawn area: 0%
[15:34:09] [Server-Worker-1/INFO]: Preparing spawn area: 0%
[15:34:09] [Server-Worker-1/INFO]: Preparing spawn area: 0%
[15:34:09] [Server-Worker-1/INFO]: Preparing spawn area: 0%
[15:34:09] [Server-Worker-1/INFO]: Preparing spawn area: 0%
[15:34:10] [Server thread/INFO]: Preparing spawn area: 16%
[15:34:10] [Server thread/INFO]: Preparing spawn area: 63%
[15:34:11] [Server thread/INFO]: Time elapsed: 37265 ms
[15:34:11] [Server thread/INFO]: Done (48.880s)! For help, type "help"
[15:34:11] [Server thread/INFO]: Starting remote control listener
[15:34:11] [RCON Listener #1/INFO]: RCON running on 0.0.0.0:22140
[15:40:49] [Server thread/INFO]: Stopping the server
[15:40:49] [Server thread/INFO]: Unknown command
[15:40:49] [Server thread/INFO]: end<--[HERE]
[15:40:49] [Server thread/INFO]: Unknown command
[15:40:49] [Server thread/INFO]: exit<--[HERE]
[15:40:50] [Server thread/INFO]: Stopping server
[15:40:50] [Server thread/INFO]: Saving players
[15:40:50] [Server thread/INFO]: Saving worlds
[15:40:50] [Server thread/INFO]: Saving chunks for level 'world'/minecraft:the_end
[15:40:50] [Server thread/INFO]: ThreadedAnvilChunkStorage (DIM1): All chunks are saved
[15:40:50] [Server thread/INFO]: Saving chunks for level 'world'/minecraft:overworld
[15:40:50] [Server thread/INFO]: ThreadedAnvilChunkStorage (world): All chunks are saved
[15:40:50] [Server thread/INFO]: Saving chunks for level 'world'/minecraft:the_nether
[15:40:50] [Server thread/INFO]: ThreadedAnvilChunkStorage (DIM-1): All chunks are saved
[15:40:50] [Server thread/INFO]: ThreadedAnvilChunkStorage (DIM1): All chunks are saved
[15:40:50] [Server thread/INFO]: ThreadedAnvilChunkStorage (world): All chunks are saved
[15:40:50] [Server thread/INFO]: ThreadedAnvilChunkStorage (DIM-1): All chunks are saved
