[23:57:35] [main/INFO]: Loading for game Minecraft 1.16.4
[23:57:36] [main/FATAL]: A critical error occurred
net.fabricmc.loader.discovery.ModResolutionException: Errors were found!
 - Mod 'here' (here) requires any version of mod fabric-command-api-v1, which is missing!
	 - You must install any version of fabric-command-api-v1.
 - Mod 'BlueMap' (bluemap) requires any version of mod fabric, which is missing!
	 - You must install any version of fabric.
	at net.fabricmc.loader.discovery.ModResolver.findCompatibleSet(ModResolver.java:315) ~[fabric-server-launch.jar:?]
	at net.fabricmc.loader.discovery.ModResolver.resolve(ModResolver.java:739) ~[fabric-server-launch.jar:?]
	at net.fabricmc.loader.FabricLoader.setup(FabricLoader.java:210) ~[fabric-server-launch.jar:?]
	at net.fabricmc.loader.FabricLoader.load(FabricLoader.java:200) [fabric-server-launch.jar:?]
	at net.fabricmc.loader.launch.knot.Knot.init(Knot.java:128) [fabric-server-launch.jar:?]
	at net.fabricmc.loader.launch.knot.KnotServer.main(KnotServer.java:27) [fabric-server-launch.jar:?]
	at jdk.internal.reflect.NativeMethodAccessorImpl.invoke0(Native Method) ~[?:?]
	at jdk.internal.reflect.NativeMethodAccessorImpl.invoke(NativeMethodAccessorImpl.java:64) ~[?:?]
	at jdk.internal.reflect.DelegatingMethodAccessorImpl.invoke(DelegatingMethodAccessorImpl.java:43) ~[?:?]
	at java.lang.reflect.Method.invoke(Method.java:564) ~[?:?]
	at net.fabricmc.loader.launch.server.FabricServerLauncher.launch(FabricServerLauncher.java:62) [fabric-server-launch.jar:?]
	at net.fabricmc.loader.launch.server.FabricServerLauncher.setup(FabricServerLauncher.java:106) [fabric-server-launch.jar:?]
	at net.fabricmc.loader.launch.server.FabricServerLauncher.main(FabricServerLauncher.java:50) [fabric-server-launch.jar:?]
