[00:00:00] [Server thread/INFO]: Player shuijiao is already logged on
[00:01:21] [Server thread/WARN]: Fetching packet for removed entity class_1542['Air'/39215, l='ServerLevel[world]', x=-88.86, y=7.00, z=282.66]
[00:10:00] [Server thread/INFO]: Player shuijiao is already logged on
[00:20:00] [Server thread/INFO]: Player shuijiao is already logged on
[00:30:00] [Server thread/INFO]: Player shuijiao is already logged on
[00:40:00] [Server thread/INFO]: Player shuijiao is already logged on
[00:50:00] [Server thread/INFO]: Player shuijiao is already logged on
[01:00:00] [Server thread/INFO]: Player shuijiao is already logged on
[01:10:00] [Server thread/INFO]: Player shuijiao is already logged on
[01:20:00] [Server thread/INFO]: Player shuijiao is already logged on
[01:30:00] [Server thread/INFO]: Player shuijiao is already logged on
[01:40:00] [Server thread/INFO]: Player shuijiao is already logged on
[01:50:00] [Server thread/INFO]: Player shuijiao is already logged on
[02:00:00] [Server thread/INFO]: Player shuijiao is already logged on
[02:10:00] [Server thread/INFO]: Player shuijiao is already logged on
[02:20:00] [Server thread/INFO]: Player shuijiao is already logged on
[02:30:00] [Server thread/INFO]: Player shuijiao is already logged on
[02:36:59] [Server thread/WARN]: Can't keep up! Is the server overloaded? Running 17569ms or 351 ticks behind
[02:40:00] [Server thread/INFO]: Player shuijiao is already logged on
[02:50:00] [Server thread/INFO]: Player shuijiao is already logged on
[03:00:00] [Server thread/INFO]: Player shuijiao is already logged on
[03:10:00] [Server thread/INFO]: Player shuijiao is already logged on
[03:20:00] [Server thread/INFO]: Player shuijiao is already logged on
[03:30:00] [Server thread/INFO]: Player shuijiao is already logged on
[03:30:00] [Server thread/INFO]: [Textile Backup] Backup started by: Timer on: 2020-11-05_03-30-00
[03:30:00] [Server thread/INFO]: Saving server...
[03:30:00] [Server thread/INFO]: [Textile Backup] Saving server...
[03:30:00] [Server thread/INFO]: ThreadedAnvilChunkStorage (world): All chunks are saved
[03:30:00] [Server thread/INFO]: ThreadedAnvilChunkStorage (DIM-1): All chunks are saved
[03:30:00] [Server thread/INFO]: ThreadedAnvilChunkStorage (DIM1): All chunks are saved
[03:30:00] [pool-3-thread-1/INFO]: Starting backup
[03:30:00] [pool-3-thread-1/INFO]: [Textile Backup] Starting backup
[03:30:00] [pool-3-thread-1/INFO]: Starting compression...
[03:31:11] [pool-3-thread-1/INFO]: Compression took: 01:10.614 seconds.
[03:31:11] [pool-3-thread-1/INFO]: Deleting: 2020-11-01_05-31-30#shutdown.zip
[03:31:11] [pool-3-thread-1/INFO]: [Textile Backup] Deleting: 2020-11-01_05-31-30#shutdown.zip
[03:31:11] [pool-3-thread-1/INFO]: Done!
[03:31:11] [pool-3-thread-1/INFO]: [Textile Backup] Done!
[03:40:00] [Server thread/INFO]: Player shuijiao is already logged on
[03:50:00] [Server thread/INFO]: Player shuijiao is already logged on
[04:00:00] [Server thread/INFO]: Player shuijiao is already logged on
[04:10:00] [Server thread/INFO]: Player shuijiao is already logged on
[04:20:00] [Server thread/INFO]: Player shuijiao is already logged on
[04:30:00] [Server thread/INFO]: Player shuijiao is already logged on
[04:40:00] [Server thread/INFO]: Player shuijiao is already logged on
[04:50:00] [Server thread/INFO]: Player shuijiao is already logged on
[05:00:00] [Server thread/INFO]: Player shuijiao is already logged on
[05:10:00] [Server thread/INFO]: Player shuijiao is already logged on
[05:20:00] [Server thread/INFO]: Player shuijiao is already logged on
[05:30:00] [Server thread/INFO]: Player shuijiao is already logged on
[05:35:38] [Server thread/WARN]: Fetching packet for removed entity class_1542['Air'/64921, l='ServerLevel[world]', x=-90.14, y=7.00, z=280.30]
[05:40:00] [Server thread/INFO]: Player shuijiao is already logged on
[05:50:00] [Server thread/INFO]: Player shuijiao is already logged on
[06:00:00] [Server thread/INFO]: Player shuijiao is already logged on
[06:10:00] [Server thread/INFO]: Player shuijiao is already logged on
[06:20:00] [Server thread/INFO]: Player shuijiao is already logged on
[06:30:00] [Server thread/INFO]: Player shuijiao is already logged on
[06:40:00] [Server thread/INFO]: Player shuijiao is already logged on
[06:50:00] [Server thread/INFO]: Player shuijiao is already logged on
[07:00:00] [Server thread/INFO]: Player shuijiao is already logged on
[07:10:00] [Server thread/INFO]: Player shuijiao is already logged on
[07:20:00] [Server thread/INFO]: Player shuijiao is already logged on
[07:30:00] [Server thread/INFO]: Player shuijiao is already logged on
[07:30:00] [Server thread/INFO]: [Textile Backup] Backup started by: Timer on: 2020-11-05_07-30-00
[07:30:00] [Server thread/INFO]: Saving server...
[07:30:00] [Server thread/INFO]: [Textile Backup] Saving server...
[07:30:00] [Server thread/INFO]: ThreadedAnvilChunkStorage (world): All chunks are saved
[07:30:00] [Server thread/INFO]: ThreadedAnvilChunkStorage (DIM-1): All chunks are saved
[07:30:00] [Server thread/INFO]: ThreadedAnvilChunkStorage (DIM1): All chunks are saved
[07:30:00] [pool-3-thread-1/INFO]: Starting backup
[07:30:00] [pool-3-thread-1/INFO]: [Textile Backup] Starting backup
[07:30:00] [pool-3-thread-1/INFO]: Starting compression...
[07:31:09] [pool-3-thread-1/INFO]: Compression took: 01:09.455 seconds.
[07:31:09] [pool-3-thread-1/INFO]: Deleting: 2020-11-01_05-36-16#shutdown.zip
[07:31:09] [pool-3-thread-1/INFO]: [Textile Backup] Deleting: 2020-11-01_05-36-16#shutdown.zip
[07:31:09] [pool-3-thread-1/INFO]: Done!
[07:31:09] [pool-3-thread-1/INFO]: [Textile Backup] Done!
[07:40:00] [Server thread/INFO]: Player shuijiao is already logged on
[07:50:00] [Server thread/INFO]: Player shuijiao is already logged on
[07:50:27] [Server thread/WARN]: Fetching packet for removed entity class_1542['Air'/75115, l='ServerLevel[world]', x=-89.57, y=7.00, z=276.26]
[08:00:00] [Server thread/INFO]: Player shuijiao is already logged on
[08:10:00] [Server thread/INFO]: Player shuijiao is already logged on
[08:20:00] [Server thread/INFO]: Player shuijiao is already logged on
[08:27:15] [Server thread/WARN]: Can't keep up! Is the server overloaded? Running 15774ms or 315 ticks behind
[08:30:00] [Server thread/INFO]: Player shuijiao is already logged on
[08:40:00] [Server thread/INFO]: Player shuijiao is already logged on
[08:50:00] [Server thread/INFO]: Player shuijiao is already logged on
[08:57:22] [Server thread/WARN]: Fetching packet for removed entity class_1542['Air'/80489, l='ServerLevel[world]', x=-85.69, y=7.00, z=281.20]
[09:00:00] [Server thread/INFO]: Player shuijiao is already logged on
[09:10:00] [Server thread/INFO]: Player shuijiao is already logged on
[09:20:00] [Server thread/INFO]: Player shuijiao is already logged on
[09:30:00] [Server thread/INFO]: Player shuijiao is already logged on
[09:40:00] [Server thread/INFO]: Player shuijiao is already logged on
[09:50:00] [Server thread/INFO]: Player shuijiao is already logged on
[10:00:00] [Server thread/INFO]: Player shuijiao is already logged on
[10:10:00] [Server thread/INFO]: Player shuijiao is already logged on
[10:20:00] [Server thread/INFO]: Player shuijiao is already logged on
[10:30:00] [Server thread/INFO]: Player shuijiao is already logged on
[10:40:00] [Server thread/INFO]: Player shuijiao is already logged on
[10:50:00] [Server thread/INFO]: Player shuijiao is already logged on
[11:00:00] [Server thread/INFO]: Player shuijiao is already logged on
[11:10:00] [Server thread/INFO]: Player shuijiao is already logged on
[11:20:00] [Server thread/INFO]: Player shuijiao is already logged on
[11:30:00] [Server thread/INFO]: Player shuijiao is already logged on
[11:30:00] [Server thread/INFO]: [Textile Backup] Backup started by: Timer on: 2020-11-05_11-30-00
[11:30:00] [Server thread/INFO]: Saving server...
[11:30:00] [Server thread/INFO]: [Textile Backup] Saving server...
[11:30:00] [Server thread/INFO]: ThreadedAnvilChunkStorage (world): All chunks are saved
[11:30:00] [Server thread/INFO]: ThreadedAnvilChunkStorage (DIM-1): All chunks are saved
[11:30:00] [Server thread/INFO]: ThreadedAnvilChunkStorage (DIM1): All chunks are saved
[11:30:00] [pool-3-thread-1/INFO]: Starting backup
[11:30:00] [pool-3-thread-1/INFO]: [Textile Backup] Starting backup
[11:30:00] [pool-3-thread-1/INFO]: Starting compression...
[11:31:10] [pool-3-thread-1/INFO]: Compression took: 01:10.154 seconds.
[11:31:10] [pool-3-thread-1/INFO]: Deleting: 2020-11-01_05-40-47#shutdown.zip
[11:31:10] [pool-3-thread-1/INFO]: [Textile Backup] Deleting: 2020-11-01_05-40-47#shutdown.zip
[11:31:10] [pool-3-thread-1/INFO]: Done!
[11:31:10] [pool-3-thread-1/INFO]: [Textile Backup] Done!
[11:40:00] [Server thread/INFO]: Player shuijiao is already logged on
[11:50:00] [Server thread/INFO]: Player shuijiao is already logged on
[12:00:00] [Server thread/INFO]: Player shuijiao is already logged on
[12:10:00] [Server thread/INFO]: Player shuijiao is already logged on
[12:20:00] [Server thread/INFO]: Player shuijiao is already logged on
[12:28:19] [Server thread/WARN]: Can't keep up! Is the server overloaded? Running 5114ms or 102 ticks behind
[12:30:00] [Server thread/INFO]: Player shuijiao is already logged on
[12:40:00] [Server thread/INFO]: Player shuijiao is already logged on
[12:50:00] [Server thread/INFO]: Player shuijiao is already logged on
[13:00:00] [Server thread/INFO]: Player shuijiao is already logged on
[13:10:00] [Server thread/INFO]: Player shuijiao is already logged on
[13:16:45] [Server thread/WARN]: Fetching packet for removed entity class_1542['Air'/100494, l='ServerLevel[world]', x=-86.43, y=7.00, z=276.74]
[13:20:00] [Server thread/INFO]: Player shuijiao is already logged on
[13:30:00] [Server thread/INFO]: Player shuijiao is already logged on
[13:40:00] [Server thread/INFO]: Player shuijiao is already logged on
[13:43:27] [Server thread/WARN]: Fetching packet for removed entity class_1542['Air'/102400, l='ServerLevel[world]', x=-86.87, y=7.00, z=282.09]
[13:50:00] [Server thread/INFO]: Player shuijiao is already logged on
[14:00:00] [Server thread/INFO]: Player shuijiao is already logged on
[14:02:36] [Server thread/WARN]: Can't keep up! Is the server overloaded? Running 17836ms or 356 ticks behind
[14:10:00] [Server thread/INFO]: Player shuijiao is already logged on
[14:20:00] [Server thread/INFO]: Player shuijiao is already logged on
[14:30:00] [Server thread/INFO]: Player shuijiao is already logged on
[14:40:00] [Server thread/INFO]: Player shuijiao is already logged on
[14:50:00] [Server thread/INFO]: Player shuijiao is already logged on
[15:00:00] [Server thread/INFO]: Player shuijiao is already logged on
[15:10:00] [Server thread/INFO]: Player shuijiao is already logged on
[15:20:00] [Server thread/INFO]: Player shuijiao is already logged on
[15:30:00] [Server thread/INFO]: Player shuijiao is already logged on
[15:30:00] [Server thread/INFO]: [Textile Backup] Backup started by: Timer on: 2020-11-05_15-30-00
[15:30:00] [Server thread/INFO]: Saving server...
[15:30:00] [Server thread/INFO]: [Textile Backup] Saving server...
[15:30:00] [Server thread/INFO]: ThreadedAnvilChunkStorage (world): All chunks are saved
[15:30:00] [Server thread/INFO]: ThreadedAnvilChunkStorage (DIM-1): All chunks are saved
[15:30:00] [Server thread/INFO]: ThreadedAnvilChunkStorage (DIM1): All chunks are saved
[15:30:00] [pool-3-thread-1/INFO]: Starting backup
[15:30:00] [pool-3-thread-1/INFO]: [Textile Backup] Starting backup
[15:30:00] [pool-3-thread-1/INFO]: Starting compression...
[15:31:08] [pool-3-thread-1/INFO]: Compression took: 01:08.116 seconds.
[15:31:08] [pool-3-thread-1/INFO]: Deleting: 2020-11-01_05-45-21#shutdown.zip
[15:31:08] [pool-3-thread-1/INFO]: [Textile Backup] Deleting: 2020-11-01_05-45-21#shutdown.zip
[15:31:08] [pool-3-thread-1/INFO]: Done!
[15:31:08] [pool-3-thread-1/INFO]: [Textile Backup] Done!
[15:31:20] [Server thread/WARN]: Can't keep up! Is the server overloaded? Running 2569ms or 51 ticks behind
