[21:01:03] [main/INFO]: Loading for game Minecraft 1.16.2
[21:01:03] [main/INFO]: [FabricLoader] Loading 53 mods: fabric-renderer-api-v1@0.2.13+eae12eb84e, fabric-keybindings-v0@0.2.0+3fa9f7c54e, fabricloader@0.9.1+build.205, bbor@2.3-1.16.1, com_github_shevek_parallelgzip@master-SNAPSHOT, lithium@0.5.1-SNAPSHOT, fabric-containers-v0@0.1.8+045df74f4e, fabric-object-builder-api-v1@1.6.0+e81ec80b4e, fabric-game-rule-api-v1@1.0.1+91555cd14e, fabric-api-base@0.1.3+12a8474c4e, fabric-rendering-data-attachment-v1@0.1.3+b7f9825d4e, fabric-textures-v0@1.0.4+eae12eb84e, fabric-rendering-fluids-v1@0.1.10+e5d3217f4e, cotton-logging@1.0.0-rc.4, fabric-blockrenderlayer-v1@1.1.4+c6a8ea894e, fabric-lifecycle-events-v1@1.2.0+74cc3b204e, fabric-renderer-registries-v1@2.1.0+e2862de64e, carpet-extra@1.4.8, fabric-loot-tables-v1@1.0.0+fac8f3664e, fabric@0.18.0+build.397-1.16, carpet@1.4.9, fabric-particles-v1@0.2.1+0a6f2a704e, fabric-networking-v0@0.1.10+e00ecb5f4e, cotton-config@1.0.0-rc.7, here@0.0.10-mc1.16, minecraft@1.16.2, fabric-screen-handler-api-v1@1.1.0+872498414e, fabric-networking-blockentity-v0@0.2.5+b50ffc7b4e, jankson@3.0.0+j1.2.0, fabric-command-api-v1@1.0.8+5ce533984e, phosphor@0.6.0+build.7, fabric-tool-attribute-api-v1@1.2.1+02fb8fda4e, fabric-renderer-indigo@0.3.4+5d32f5834e, player-roles@1.1.0, org_apache_commons_commons-compress@1.19, fabric-crash-report-info-v1@0.1.2+b7f9825d4e, fabric-events-interaction-v0@0.3.3+7066030f4e, fabric-item-api-v1@1.0.0+16acbe5b4e, fabric-rendering-v0@1.1.0+534104904e, fabric-rendering-v1@1.2.0+fc24ff244e, fabric-key-binding-api-v1@1.0.1+730711c64e, org_tukaani_xz@1.8, fabric-resource-loader-v0@0.2.9+e5d3217f4e, fabric-content-registries-v0@0.1.9+059ea8664e, fabric-tag-extensions-v0@1.0.3+ac8e8c594e, fabric-commands-v0@0.2.0+52d308364e, fabric-registry-sync-v0@0.4.3+e5d3217f4e, textile_backup@2.0.0-1.16.2, fabric-mining-levels-v0@0.1.2+b764ce994e, fabric-events-lifecycle-v0@0.2.0+16acbe5b4e, fabric-models-v0@0.1.0+dfdb52d64e, fabric-item-groups-v0@0.2.0+438f96364e, fabric-object-builders-v0@0.6.1+ba4afa574e
[21:01:03] [main/WARN]: Mod `com_github_shevek_parallelgzip` (master-SNAPSHOT) does not respect SemVer - comparison support is limited.
[21:01:03] [main/INFO]: SpongePowered MIXIN Subsystem Version=0.8.1 Source=file:/srv/skimit_survival/fabric-server-launch.jar Service=Knot/Fabric Env=SERVER
[21:01:07] [main/WARN]: @Mixin target net/minecraft/class_3898$class_3208 is public in fabric-networking-[21:01:15] [main/INFO]: Environment: authHost='https://authserver.mojang.com', accountsHost='https://api.mojang.com', sessionHost='https://sessionserver.mojang.com', name='PROD'
[21:01:16] [main/INFO]: [Textile Backup] Starting Textile Backup by Szum123321.
[21:01:17] [main/WARN]: Ambiguity between arguments [teleport, destination] and [teleport, targets] with inputs: [Player, 0123, @e, dd12be42-52a9-4a91-a8a1-11c01849e498]
[21:01:17] [main/WARN]: Ambiguity between arguments [teleport, location] and [teleport, destination] with inputs: [0.1 -0.5 .9, 0 0 0]
[21:01:17] [main/WARN]: Ambiguity between arguments [teleport, location] and [teleport, targets] with inputs: [0.1 -0.5 .9, 0 0 0]
[21:01:17] [main/WARN]: Ambiguity between arguments [teleport, targets] and [teleport, destination] with inputs: [Player, 0123, dd12be42-52a9-4a91-a8a1-11c01849e498]
[21:01:17] [main/WARN]: Ambiguity between arguments [teleport, targets, location] and [teleport, targets, destination] with inputs: [0.1 -0.5 .9, 0 0 0]
[21:01:18] [main/INFO]: Reloading ResourceManager: Default, bukkit, Fabric Tool Attribute API (v1), Player Roles, FZ.sDatapack-1.5.0-SNAPSHOT
[21:01:20] [Worker-Main-6/INFO]: Loaded 7 recipes
[21:01:21] [Worker-Main-6/INFO]: Loaded 927 advancements
[21:01:22] [main/WARN]: [fabric-registry-sync] Could not find the following registries: minecraft:biome_source_type, minecraft:block_state_provider_type, minecraft:dimension_type, minecraft:structure_piece, minecraft:carver, minecraft:block_placer_type, minecraft:decorator, minecraft:structure_feature, minecraft:surface_builder, minecraft:foliage_placer_type, minecraft:feature, minecraft:tree_decorator_type, minecraft:structure_pool_element, minecraft:biome, minecraft:chunk_generator_type, minecraft:structure_processor
[21:01:22] [main/INFO]: [fabric-registry-sync] Loaded registry data [file 1/4]
[21:01:22] [Server thread/INFO]: Starting minecraft server version 1.16.2
[21:01:22] [Server thread/INFO]: Loading properties
[21:01:22] [Server thread/INFO]: Default game type: SURVIVAL
[21:01:22] [Server thread/INFO]: Generating keypair
[21:01:23] [Server thread/INFO]: Starting Minecraft server on *:26555
[21:01:23] [Server thread/INFO]: Using epoll channel type
[21:01:23] [Server thread/WARN]: **** SERVER IS RUNNING IN OFFLINE/INSECURE MODE!
[21:01:23] [Server thread/WARN]: The server will make no attempt to authenticate usernames. Beware.
[21:01:23] [Server thread/WARN]: While this makes the game possible to play without internet access, it also opens up the ability for hackers to connect with any username they choose.
[21:01:23] [Server thread/WARN]: To change this, set "online-mode" to "true" in the server.properties file.
[21:01:23] [Server thread/INFO]: Preparing level "world"
[21:01:23] [Server thread/INFO]: [CM]: loaded setting combineXPOrbs as true from carpet.conf
[21:01:23] [Server thread/INFO]: [CM]: loaded setting onePlayerSleeping as true from carpet.conf
[21:01:23] [Server thread/INFO]: [CM]: loaded setting leadFix as true from carpet.conf
[21:01:23] [Server thread/INFO]: [CM]: loaded setting ctrlQCraftingFix as true from carpet.conf
[21:01:23] [Server thread/INFO]: [CM]: loaded setting language as zh_cn from carpet.conf
[21:01:23] [Server thread/INFO]: [CM]: loaded setting commandTick as true from carpet.conf
[21:01:23] [Server thread/INFO]: [CM]: loaded setting commandDraw as false from carpet.conf
[21:01:23] [Server thread/INFO]: [CM]: loaded setting rotatorBlock as true from carpet.conf
[21:01:23] [Server thread/INFO]: [CM]: loaded setting commandPlayer as true from carpet.conf
[21:01:23] [Server thread/INFO]: [CM]: loaded setting antiCheatDisabled as true from carpet.conf
[21:01:23] [Server thread/INFO]: [CM]: loaded setting commandPing as true from carpet.conf
[21:01:23] [Server thread/INFO]: [CM]: loaded setting defaultLoggers as tps,mobcaps from carpet.conf
[21:01:23] [Server thread/INFO]: [CM]: loaded setting unloadedEntityFix as true from carpet.conf
[21:01:23] [Server thread/INFO]: [CM]: loaded setting flippinCactus as true from carpet.conf
[21:01:24] [Server thread/INFO]: create world dimension: minecraft:overworld (seed: 20190827)
[21:01:24] [Server thread/INFO]: create world dimension: minecraft:the_nether (seed: 20190827)
[21:01:24] [Server thread/INFO]: create world dimension: minecraft:the_end (seed: 20190827)
[21:01:24] [Server thread/INFO]: Preparing start region for dimension minecraft:overworld
[21:01:28] [Server thread/INFO]: Preparing spawn area: 0%
[21:01:28] [Server thread/INFO]: Preparing spawn area: 0%
[21:01:28] [Server thread/INFO]: Preparing spawn area: 0%
[21:01:28] [Server thread/INFO]: Preparing spawn area: 0%
[21:01:28] [Server thread/INFO]: Preparing spawn area: 0%
[21:01:28] [Server thread/INFO]: Preparing spawn area: 0%
[21:01:28] [Server thread/INFO]: Preparing spawn area: 0%
[21:01:28] [Server thread/INFO]: Preparing spawn area: 0%
[21:01:28] [Server thread/INFO]: Preparing spawn area: 0%
[21:01:30] [Server thread/INFO]: Time elapsed: 5862 ms
[21:01:30] [Server thread/INFO]: Done (6.697s)! For help, type "help"
[21:01:30] [Server thread/INFO]: Starting remote control listener
[21:01:30] [Server thread/INFO]: Thread RCON Listener started
[21:01:30] [Server thread/INFO]: RCON running on 0.0.0.0:796
[21:04:15] [Server thread/INFO]: Stopping the server
[21:04:15] [Server thread/INFO]: Unknown or incomplete command, see below for error
[21:04:15] [Server thread/INFO]: end<--[HERE]
[21:04:15] [Server thread/INFO]: Unknown or incomplete command, see below for error
[21:04:15] [Server thread/INFO]: exit<--[HERE]
[21:04:15] [Server thread/INFO]: Stopping server
[21:04:15] [Server thread/INFO]: Saving players
[21:04:15] [Server thread/INFO]: Saving worlds
[21:04:15] [Server thread/INFO]: Saving chunks for level 'ServerLevel[world]'/minecraft:overworld
[21:04:16] [Server thread/INFO]: ThreadedAnvilChunkStorage (world): All chunks are saved
[21:04:16] [Server thread/INFO]: Saving chunks for level 'ServerLevel[world]'/minecraft:the_nether
[21:04:16] [Server thread/INFO]: ThreadedAnvilChunkStorage (DIM-1): All chunks are saved
[21:04:16] [Server thread/INFO]: Saving chunks for level 'ServerLevel[world]'/minecraft:the_end
[21:04:16] [Server thread/INFO]: ThreadedAnvilChunkStorage (DIM1): All chunks are saved
[21:04:16] [Server thread/INFO]: ThreadedAnvilChunkStorage (world): All chunks are saved
[21:04:16] [Server thread/INFO]: ThreadedAnvilChunkStorage (DIM-1): All chunks are saved
[21:04:16] [Server thread/INFO]: ThreadedAnvilChunkStorage (DIM1): All chunks are saved
[21:04:16] [Server thread/INFO]: [Textile Backup] Backup started by: Server Shutdown on: 2020-08-20_21-04-16
[21:04:16] [Server thread/INFO]: [Textile Backup] Starting backup
[21:04:24] [Server thread/INFO]: [Textile Backup] Deleting: 2020-08-20_05-22-43.zip
[21:04:24] [Server thread/INFO]: [Textile Backup] Done!
[21:04:24] [Server thread/INFO]: Thread RCON Listener stopped
