[06:01:07] [main/INFO]: Loading for game Minecraft 1.15.2
[06:01:11] [main/WARN]: Mod `jankson` (2.0.0+j1.2.0) uses 'requires' key in fabric.mod.json, which is not supported - use 'depends'
[06:01:11] [main/INFO]: [FabricLoader] Loading 44 mods: minecraft@1.15.2, fabric-networking-blockentity-v0@0.2.3+e08a73050c, fabric-renderer-api-v1@0.2.10+f08b61330c, fabric-keybindings-v0@0.1.1+dfdb52d60c, jankson@2.0.0+j1.2.0, fabricloader@0.7.8+build.189, phosphor@0.5.2+build.6, fabric-renderer-indigo@0.2.23+9290e2ed0c, fabric-containers-v0@0.1.3+b7f9825d0c, lithium@0.4.6, fabric-dimensions-v1@0.3.0+2ad156310c, org_apache_commons_commons-compress@1.9, fabric-biomes-v1@0.1.5+3b05f68e0c, fabric-events-interaction-v0@0.3.0+fac69e320c, fabric-crash-report-info-v1@0.1.2+b7f9825d0c, fabric-api-base@0.1.2+b7f9825d0c, fabric-rendering-v0@1.1.0+534104900c, fabric-rendering-v1@0.1.0+534104900c, fabric-rendering-data-attachment-v1@0.1.3+b7f9825d0c, mm@2.0, fabric-resource-loader-v0@0.1.10+06c939b30c, fabric-textures-v0@1.0.4+821cdba70c, fabric-content-registries-v0@0.1.3+b7f9825d0c, fabric-tag-extensions-v0@0.1.3+abd915800c, fabric-rendering-fluids-v1@0.1.6+12515ed90c, fabric-commands-v0@0.1.2+b7f9825d0c, fabric-registry-sync-v0@0.2.6+f3d8141b0c, com_moandjiezana_toml_toml4j@0.7.2, cotton-logging@1.0.0-rc.4, fabric-blockrenderlayer-v1@1.1.4+c6a8ea890c, textile_backup@1.1.0-1.15, fabric-mining-levels-v0@0.1.1+b7f9825d0c, fabric-renderer-registries-v1@2.0.1+5a0f9a600c, carpet-extra@1.3.15, fabric-events-lifecycle-v0@0.1.2+b7f9825d0c, fabric-loot-tables-v1@0.1.5+e08a73050c, fabric@0.5.1+build.294-1.15, carpet@1.3.15, fabric-item-groups-v0@0.1.6+ec40b2e10c, fabric-models-v0@0.1.0+dfdb52d60c, fabric-particles-v1@0.1.1+dfdb52d60c, fabric-networking-v0@0.1.7+12515ed90c, fabric-object-builders-v0@0.1.3+e4c9a9c30c, cotton-config@1.0.0-rc.7
[06:01:11] [main/INFO]: SpongePowered MIXIN Subsystem Version=0.8 Source=file:/C:/Server/skimit_survival/fabric-server-launch.jar Service=Knot/Fabric Env=SERVER
[06:01:12] [main/INFO]: Lithium's configuration file was loaded successfully
[06:01:14] [main/INFO]: Not applying mixin 'me.jellysquid.mods.lithium.mixin.chunk.no_chunk_locking.MixinPalettedContainer' as no configuration enables it
[06:01:14] [main/INFO]: Not applying mixin 'me.jellysquid.mods.lithium.mixin.redstone.MixinRedstoneWireBlock' as no configuration enables it
[06:01:14] [main/INFO]: Not applying mixin 'me.jellysquid.mods.lithium.mixin.redstone.MixinWorld' as no configuration enables it
[06:01:18] [main/INFO]: Transforming class net/minecraft/class_2382 using patch set 'Modify mutability flags in Vec3i'
[06:01:26] [main/INFO]: Transforming class net/minecraft/class_2338$class_2339 using patch set 'Use mutable fields in Vec3i'
[06:02:36] [main/WARN]: Ambiguity between arguments [teleport, destination] and [teleport, targets] with inputs: [Player, 0123, @e, dd12be42-52a9-4a91-a8a1-11c01849e498]
[06:02:36] [main/WARN]: Ambiguity between arguments [teleport, location] and [teleport, destination] with inputs: [0.1 -0.5 .9, 0 0 0]
[06:02:36] [main/WARN]: Ambiguity between arguments [teleport, location] and [teleport, targets] with inputs: [0.1 -0.5 .9, 0 0 0]
[06:02:36] [main/WARN]: Ambiguity between arguments [teleport, targets] and [teleport, destination] with inputs: [Player, 0123, dd12be42-52a9-4a91-a8a1-11c01849e498]
[06:02:36] [main/WARN]: Ambiguity between arguments [teleport, targets, location] and [teleport, targets, destination] with inputs: [0.1 -0.5 .9, 0 0 0]
[06:02:39] [main/INFO]: Definitely not up to no good
[06:02:39] [main/INFO]: [TextileBackup]: Loading TextileBackup by Szum123321
[06:02:41] [Server thread/INFO]: Starting minecraft server version 1.15.2
[06:02:41] [Server thread/INFO]: Loading properties
[06:02:41] [Server thread/INFO]: Default game type: SURVIVAL
[06:02:41] [Server thread/INFO]: Generating keypair
[06:02:42] [Server thread/INFO]: Starting Minecraft server on *:26565
[06:02:42] [Server thread/INFO]: Using default channel type
[06:02:43] [Server thread/WARN]: **** SERVER IS RUNNING IN OFFLINE/INSECURE MODE!
[06:02:43] [Server thread/WARN]: The server will make no attempt to authenticate usernames. Beware.
[06:02:43] [Server thread/WARN]: While this makes the game possible to play without internet access, it also opens up the ability for hackers to connect with any username they choose.
[06:02:43] [Server thread/WARN]: To change this, set "online-mode" to "true" in the server.properties file.
[06:02:43] [Server thread/INFO]: Preparing level "skimit"
[06:02:44] [Server thread/INFO]: [CM]: loaded setting commandDraw as false from carpet.conf
[06:02:44] [Server thread/INFO]: [CM]: loaded setting rotatorBlock as true from carpet.conf
[06:02:44] [Server thread/INFO]: [CM]: loaded setting combineXPOrbs as true from carpet.conf
[06:02:44] [Server thread/INFO]: [CM]: loaded setting onePlayerSleeping as true from carpet.conf
[06:02:44] [Server thread/INFO]: [CM]: loaded setting portalSuffocationFix as true from carpet.conf
[06:02:44] [Server thread/INFO]: [CM]: loaded setting leadFix as true from carpet.conf
[06:02:44] [Server thread/INFO]: [CM]: loaded setting antiCheatDisabled as true from carpet.conf
[06:02:44] [Server thread/INFO]: [CM]: loaded setting defaultLoggers as tps,mobcaps from carpet.conf
[06:02:44] [Server thread/INFO]: [CM]: loaded setting commandCameramode as false from carpet.conf
[06:02:44] [Server thread/INFO]: [CM]: loaded setting unloadedEntityFix as true from carpet.conf
[06:02:44] [Server thread/INFO]: [CM]: loaded setting ctrlQCraftingFix as true from carpet.conf
[06:02:44] [Server thread/INFO]: [fabric-registry-sync] Loaded registry data [file 1/4]
[06:02:44] [Server thread/INFO]: Reloading ResourceManager: Default, bukkit, Fabric Mining Levels (v0)
[06:02:47] [Server thread/INFO]: Loaded 6 recipes
[06:02:49] [Server thread/INFO]: Loaded 825 advancements
[06:02:53] [Server thread/INFO]: Preparing start region for dimension minecraft:overworld
[06:02:58] [Server thread/INFO]: Preparing spawn area: 0%
[06:02:58] [Server thread/INFO]: Preparing spawn area: 0%
[06:02:58] [Server thread/INFO]: Preparing spawn area: 0%
[06:02:58] [Server thread/INFO]: Preparing spawn area: 0%
[06:02:58] [Server thread/INFO]: Preparing spawn area: 0%
[06:02:58] [Server thread/INFO]: Preparing spawn area: 0%
[06:02:58] [Server thread/INFO]: Preparing spawn area: 0%
[06:02:58] [Server thread/INFO]: Preparing spawn area: 0%
[06:02:58] [Server thread/INFO]: Preparing spawn area: 0%
[06:02:58] [Server thread/INFO]: Preparing spawn area: 0%
[06:02:58] [Server thread/INFO]: Preparing spawn area: 0%
[06:02:58] [Server-Worker-3/INFO]: Preparing spawn area: 0%
[06:02:59] [Server thread/INFO]: Preparing spawn area: 0%
[06:03:00] [Server-Worker-3/INFO]: Preparing spawn area: 0%
[06:03:00] [Server thread/INFO]: Preparing spawn area: 0%
[06:03:00] [Server-Worker-3/INFO]: Preparing spawn area: 0%
[06:03:01] [Server-Worker-3/INFO]: Preparing spawn area: 0%
[06:03:01] [Server thread/INFO]: Preparing spawn area: 0%
[06:03:02] [Server thread/INFO]: Preparing spawn area: 0%
[06:03:02] [Server thread/INFO]: Preparing spawn area: 21%
[06:03:04] [Server thread/INFO]: Time elapsed: 11740 ms
[06:03:04] [Server thread/INFO]: Done (20.964s)! For help, type "help"
[06:03:04] [Server thread/INFO]: Starting remote control listener
[06:03:04] [RCON Listener #1/INFO]: RCON running on 0.0.0.0:25636
[06:03:07] [Server thread/WARN]: Can't keep up! Is the server overloaded? Running 2562ms or 51 ticks behind
[06:08:09] [Server thread/WARN]: Can't keep up! Is the server overloaded? Running 2088ms or 41 ticks behind
[06:13:53] [RCON Listener #1/INFO]: Rcon connection from: /101.133.226.161
[06:13:53] [RCON Listener #1/INFO]: Rcon connection from: /101.133.226.161
[06:13:53] [RCON Listener #1/INFO]: Rcon connection from: /101.133.226.161
[06:13:53] [RCON Listener #1/INFO]: Rcon connection from: /101.133.226.161
[08:37:02] [Server thread/INFO]: Cora_cold[/127.0.0.1:56883] logged in with entity id 117 at (-582.6999999880791, 50.0, 567.3000000119209)
[08:37:02] [Netty Server IO #0/WARN]: Received invalid identifier in minecraft:register: legacy:fml|hs (Non [a-z0-9/._-] character in path of location: legacy:fml|hs)
[08:37:03] [Server thread/INFO]: Cora_cold joined the game
[08:37:03] [Server thread/WARN]: Can't keep up! Is the server overloaded? Running 2554ms or 51 ticks behind
[08:37:03] [Server thread/INFO]: [TextileBackup]: Backup started by: SERVER on: 2020-05-15_08-37-03
[08:37:03] [Server thread/INFO]: [TextileBackup]: Saving server...
[08:37:04] [Thread-54/INFO]: [TextileBackup]: Starting compression...
[08:37:31] [Server thread/WARN]: Can't keep up! Is the server overloaded? Running 2090ms or 41 ticks behind
[08:38:16] [Server thread/WARN]: Can't keep up! Is the server overloaded? Running 2273ms or 45 ticks behind
[08:38:49] [Server thread/WARN]: Can't keep up! Is the server overloaded? Running 2024ms or 40 ticks behind
[08:39:53] [Thread-54/INFO]: [TextileBackup]: Compression finished
[08:39:53] [Thread-54/INFO]: [TextileBackup]: Deleting: 2020-05-11_16-33-42.zip
[08:39:54] [Thread-54/INFO]: [TextileBackup]: Done!
[08:43:20] [Server thread/WARN]: Can't keep up! Is the server overloaded? Running 2616ms or 52 ticks behind
[08:47:18] [Server thread/INFO]: Villager class_1646['Toolsmith'/549, l='skimit', x=-408.70, y=67.00, z=465.30] died, message: 'Toolsmith was slain by Cora_cold'
[08:47:21] [Server thread/INFO]: Villager class_1646['Villager'/548, l='skimit', x=-408.70, y=67.00, z=465.30] died, message: 'Villager was slain by Cora_cold'
[08:49:01] [Server thread/INFO]: Villager class_1646['Villager'/555, l='skimit', x=-398.70, y=68.98, z=469.30] died, message: 'Villager tried to swim in lava'
[08:49:01] [Server thread/INFO]: Villager class_1646['Villager'/556, l='skimit', x=-398.24, y=68.05, z=469.32] died, message: 'Villager went up in flames'
[08:49:04] [Server thread/INFO]: Villager class_1646['Villager'/1077, l='skimit', x=-398.09, y=68.00, z=469.85] died, message: 'Villager tried to swim in lava'
[08:49:04] [Server thread/INFO]: Villager class_1646['Villager'/1070, l='skimit', x=-398.44, y=68.24, z=469.78] died, message: 'Villager tried to swim in lava'
[08:53:23] [Server thread/WARN]: Can't keep up! Is the server overloaded? Running 2606ms or 52 ticks behind
[08:56:16] [Server thread/WARN]: Can't keep up! Is the server overloaded? Running 2128ms or 42 ticks behind
[08:56:34] [Server thread/WARN]: Can't keep up! Is the server overloaded? Running 3366ms or 67 ticks behind
[08:56:58] [Server thread/WARN]: Can't keep up! Is the server overloaded? Running 8984ms or 179 ticks behind
[08:57:35] [Server thread/INFO]: Cora_cold lost connection: Disconnected
[08:57:35] [Server thread/INFO]: Cora_cold left the game
[13:35:25] [Server thread/INFO]: Cora_cold[/127.0.0.1:50468] logged in with entity id 7466 at (-390.5, 70.0, 507.16055091896004)
[13:35:25] [Server thread/INFO]: Cora_cold joined the game
[13:35:25] [Server thread/INFO]: [TextileBackup]: Backup started by: SERVER on: 2020-05-15_13-35-25
[13:35:25] [Server thread/INFO]: [TextileBackup]: Saving server...
[13:35:25] [Netty Server IO #0/WARN]: Received invalid identifier in minecraft:register: legacy:fml|hs (Non [a-z0-9/._-] character in path of location: legacy:fml|hs)
[13:35:25] [Thread-55/INFO]: [TextileBackup]: Starting compression...
[13:35:29] [Server thread/WARN]: Can't keep up! Is the server overloaded? Running 3515ms or 70 ticks behind
[13:35:53] [Server thread/WARN]: Can't keep up! Is the server overloaded? Running 9261ms or 185 ticks behind
[13:36:17] [Server thread/WARN]: Can't keep up! Is the server overloaded? Running 8355ms or 167 ticks behind
[13:36:47] [Server thread/WARN]: Can't keep up! Is the server overloaded? Running 15035ms or 300 ticks behind
[13:37:13] [Server thread/WARN]: Can't keep up! Is the server overloaded? Running 11829ms or 236 ticks behind
[13:37:35] [Server thread/WARN]: Can't keep up! Is the server overloaded? Running 6468ms or 129 ticks behind
[13:37:55] [Server thread/WARN]: Can't keep up! Is the server overloaded? Running 2249ms or 44 ticks behind
[13:38:04] [Thread-55/INFO]: [TextileBackup]: Compression finished
[13:38:04] [Thread-55/INFO]: [TextileBackup]: Deleting: 2020-05-12_05-30-01.zip
[13:38:04] [Thread-55/INFO]: [TextileBackup]: Done!
[13:39:36] [Server thread/WARN]: Can't keep up! Is the server overloaded? Running 2016ms or 40 ticks behind
[13:41:03] [Server thread/WARN]: Can't keep up! Is the server overloaded? Running 2337ms or 46 ticks behind
[13:42:29] [Server thread/WARN]: Can't keep up! Is the server overloaded? Running 2001ms or 40 ticks behind
[13:44:18] [Server thread/WARN]: Can't keep up! Is the server overloaded? Running 6382ms or 127 ticks behind
[13:44:50] [Server thread/WARN]: Can't keep up! Is the server overloaded? Running 2344ms or 46 ticks behind
[13:46:34] [Server thread/WARN]: Mismatch in destroy block pos: class_2338{x=-475, y=67, z=1393} class_2338{x=-476, y=67, z=1392}
[13:46:34] [Server thread/WARN]: Mismatch in destroy block pos: class_2338{x=-475, y=67, z=1393} class_2338{x=-476, y=67, z=1392}
[13:46:34] [Server thread/WARN]: Mismatch in destroy block pos: class_2338{x=-475, y=67, z=1393} class_2338{x=-476, y=67, z=1392}
[13:58:58] [Server thread/WARN]: Can't keep up! Is the server overloaded? Running 2008ms or 40 ticks behind
[13:59:53] [Server thread/WARN]: Can't keep up! Is the server overloaded? Running 2128ms or 42 ticks behind
[14:01:15] [Server thread/INFO]: Cora_cold lost connection: Disconnected
[14:01:15] [Server thread/INFO]: Cora_cold left the game
[18:24:38] [Server thread/INFO]: WhiteSky_Bai[/127.0.0.1:60447] logged in with entity id 15432 at (-207.30000001192093, 70.0, -130.03462639530042)
[18:24:38] [Netty Server IO #0/WARN]: Received invalid identifier in minecraft:register: legacy:fml|hs (Non [a-z0-9/._-] character in path of location: legacy:fml|hs)
[18:24:38] [Server thread/INFO]: WhiteSky_Bai joined the game
[18:24:40] [Server thread/WARN]: Can't keep up! Is the server overloaded? Running 2824ms or 56 ticks behind
[18:24:40] [Server thread/INFO]: [TextileBackup]: Backup started by: SERVER on: 2020-05-15_18-24-40
[18:24:40] [Server thread/INFO]: [TextileBackup]: Saving server...
[18:24:41] [Thread-56/INFO]: [TextileBackup]: Starting compression...
[18:24:41] [Server thread/INFO]: WhiteSky_Bai lost connection: You logged in from another location
[18:24:41] [Server thread/INFO]: WhiteSky_Bai left the game
[18:24:42] [Server thread/WARN]: handleDisconnection() called twice
[18:24:42] [Server thread/INFO]: WhiteSky_Bai[/127.0.0.1:60448] logged in with entity id 15439 at (-207.30000001192093, 70.0, -130.03462639530042)
[18:24:42] [Netty Server IO #1/WARN]: Received invalid identifier in minecraft:register: legacy:fml|hs (Non [a-z0-9/._-] character in path of location: legacy:fml|hs)
[18:24:42] [Server thread/INFO]: WhiteSky_Bai joined the game
[18:24:59] [Server thread/WARN]: Can't keep up! Is the server overloaded? Running 2352ms or 47 ticks behind
[18:25:17] [Server thread/WARN]: Can't keep up! Is the server overloaded? Running 2047ms or 40 ticks behind
[18:25:45] [Server thread/WARN]: Can't keep up! Is the server overloaded? Running 2063ms or 41 ticks behind
[18:26:08] [Server thread/WARN]: Can't keep up! Is the server overloaded? Running 2076ms or 41 ticks behind
[18:26:56] [Server thread/WARN]: Can't keep up! Is the server overloaded? Running 2417ms or 48 ticks behind
[18:27:11] [Thread-56/INFO]: [TextileBackup]: Compression finished
[18:27:11] [Thread-56/INFO]: [TextileBackup]: Deleting: 2020-05-12_10-11-04.zip
[18:27:11] [Thread-56/INFO]: [TextileBackup]: Done!
[18:35:09] [Server thread/WARN]: Can't keep up! Is the server overloaded? Running 2481ms or 49 ticks behind
[18:35:32] [Server thread/WARN]: Can't keep up! Is the server overloaded? Running 7746ms or 154 ticks behind
[18:39:22] [Server thread/INFO]: Aod_lcy[/127.0.0.1:60953] logged in with entity id 17622 at (-381.19558119981866, 73.0, 362.69999998807907)
[18:39:22] [Netty Server IO #1/WARN]: Received invalid identifier in minecraft:register: legacy:fml|hs (Non [a-z0-9/._-] character in path of location: legacy:fml|hs)
[18:39:22] [Server thread/INFO]: Aod_lcy joined the game
[18:40:20] [Server thread/WARN]: Can't keep up! Is the server overloaded? Running 2097ms or 41 ticks behind
[18:40:39] [Server thread/WARN]: Can't keep up! Is the server overloaded? Running 4506ms or 90 ticks behind
[18:41:33] [Server thread/INFO]: <Aod_lcy> w
[18:42:27] [Server thread/WARN]: Can't keep up! Is the server overloaded? Running 2073ms or 41 ticks behind
[18:42:47] [Server thread/WARN]: Can't keep up! Is the server overloaded? Running 2049ms or 40 ticks behind
[18:43:05] [Server thread/WARN]: Can't keep up! Is the server overloaded? Running 3346ms or 66 ticks behind
[18:43:22] [Server thread/WARN]: Can't keep up! Is the server overloaded? Running 2306ms or 46 ticks behind
[18:43:41] [Server thread/WARN]: Can't keep up! Is the server overloaded? Running 4112ms or 82 ticks behind
[18:44:14] [Server thread/INFO]: Aod_lcy lost connection: Disconnected
[18:44:14] [Server thread/INFO]: Aod_lcy left the game
[18:51:21] [Server thread/WARN]: Can't keep up! Is the server overloaded? Running 2195ms or 43 ticks behind
[18:55:42] [Server thread/WARN]: Can't keep up! Is the server overloaded? Running 2248ms or 44 ticks behind
[19:15:45] [Server thread/WARN]: Can't keep up! Is the server overloaded? Running 2933ms or 58 ticks behind
[19:24:37] [Server thread/INFO]: WhiteSky_Bai lost connection: Disconnected
[19:24:37] [Server thread/INFO]: WhiteSky_Bai left the game
[21:38:37] [Server thread/INFO]: ChengXi123[/127.0.0.1:50769] logged in with entity id 29124 at (-406.2372936027923, 72.0, 359.69840274826913)
[21:38:37] [Netty Server IO #1/WARN]: Received invalid identifier in minecraft:register: legacy:fml|hs (Non [a-z0-9/._-] character in path of location: legacy:fml|hs)
[21:38:37] [Server thread/INFO]: ChengXi123 joined the game
[21:38:37] [Server thread/INFO]: [TextileBackup]: Backup started by: SERVER on: 2020-05-15_21-38-37
[21:38:37] [Server thread/INFO]: [TextileBackup]: Saving server...
[21:38:37] [Thread-57/INFO]: [TextileBackup]: Starting compression...
[21:40:11] [Thread-57/INFO]: [TextileBackup]: Compression finished
[21:40:11] [Thread-57/INFO]: [TextileBackup]: Deleting: 2020-05-12_13-11-56.zip
[21:40:11] [Thread-57/INFO]: [TextileBackup]: Done!
[21:40:14] [Server thread/WARN]: Can't keep up! Is the server overloaded? Running 2410ms or 48 ticks behind
[21:40:34] [Server thread/WARN]: Can't keep up! Is the server overloaded? Running 2018ms or 40 ticks behind
[21:40:51] [Server thread/WARN]: Can't keep up! Is the server overloaded? Running 2129ms or 42 ticks behind
[21:45:55] [Server thread/WARN]: Can't keep up! Is the server overloaded? Running 2053ms or 41 ticks behind
[21:48:37] [Server thread/INFO]: WhiteSky_Bai[/127.0.0.1:51103] logged in with entity id 32058 at (-379.91856009464817, 69.0, 517.7320317965912)
[21:48:37] [Netty Server IO #1/WARN]: Received invalid identifier in minecraft:register: legacy:fml|hs (Non [a-z0-9/._-] character in path of location: legacy:fml|hs)
[21:48:37] [Server thread/INFO]: WhiteSky_Bai joined the game
[21:48:41] [Server thread/WARN]: Can't keep up! Is the server overloaded? Running 2082ms or 41 ticks behind
[21:48:47] [Server thread/INFO]: WhiteSky_Bai lost connection: Disconnected
[21:48:47] [Server thread/INFO]: WhiteSky_Bai left the game
[21:48:49] [Server thread/INFO]: WhiteSky_Bai[/127.0.0.1:51108] logged in with entity id 32309 at (-379.91856009464817, 69.0, 517.7320317965912)
[21:48:49] [Netty Server IO #0/WARN]: Received invalid identifier in minecraft:register: legacy:fml|hs (Non [a-z0-9/._-] character in path of location: legacy:fml|hs)
[21:48:49] [Server thread/INFO]: WhiteSky_Bai joined the game
[21:49:01] [Server thread/WARN]: Can't keep up! Is the server overloaded? Running 4975ms or 99 ticks behind
[21:49:28] [Server thread/INFO]: <ChengXi123> 这个星期服务器有什么变化啊？
[21:49:41] [Server thread/INFO]: <WhiteSky_Bai> 没有吧
[21:49:47] [Server thread/INFO]: <WhiteSky_Bai> 我这边刷牛机做好了
[21:49:52] [Server thread/INFO]: Villager class_1646['Villager'/32141, l='skimit', x=-407.85, y=66.00, z=471.15] died, message: 'Villager suffocated in a wall'
[21:49:54] [Server thread/WARN]: Can't keep up! Is the server overloaded? Running 2057ms or 41 ticks behind
[21:50:15] [Server thread/WARN]: Can't keep up! Is the server overloaded? Running 5504ms or 110 ticks behind
[21:50:23] [Server thread/INFO]: <WhiteSky_Bai> 牛不多
[21:50:27] [Server thread/INFO]: <WhiteSky_Bai> 得繁殖
[21:50:41] [Server thread/INFO]: <WhiteSky_Bai> 这个小牛先让他s吧
[21:51:10] [Server thread/WARN]: Can't keep up! Is the server overloaded? Running 2095ms or 41 ticks behind
[21:51:32] [Server thread/WARN]: Can't keep up! Is the server overloaded? Running 6530ms or 130 ticks behind
[21:51:39] [Server thread/INFO]: <WhiteSky_Bai> 经验机没人的时候仙人掌不长
[21:51:42] [Server thread/INFO]: <WhiteSky_Bai> 很难受啊
[21:51:55] [Server thread/INFO]: <WhiteSky_Bai> 怎么样让他更新区块啊
[21:54:42] [Server thread/WARN]: Can't keep up! Is the server overloaded? Running 2001ms or 40 ticks behind
[21:55:00] [Server thread/WARN]: Can't keep up! Is the server overloaded? Running 2379ms or 47 ticks behind
[21:55:02] [Server thread/INFO]: ChengXi123 lost connection: Disconnected
[21:55:02] [Server thread/INFO]: ChengXi123 left the game
[21:55:05] [Server thread/INFO]: ChengXi123[/127.0.0.1:51323] logged in with entity id 33436 at (-422.1621051002818, 75.0, 503.4679691804639)
[21:55:05] [Netty Server IO #0/WARN]: Received invalid identifier in minecraft:register: legacy:fml|hs (Non [a-z0-9/._-] character in path of location: legacy:fml|hs)
[21:55:05] [Server thread/INFO]: ChengXi123 joined the game
[21:55:23] [Server thread/INFO]: <ChengXi123> 区块加载器？
[21:55:29] [Server thread/WARN]: Can't keep up! Is the server overloaded? Running 2291ms or 45 ticks behind
[21:55:44] [Server thread/INFO]: <WhiteSky_Bai> 不然你区块不更新啊
[21:55:49] [Server thread/INFO]: <WhiteSky_Bai> 仙人掌不长
[21:56:18] [Server thread/WARN]: Can't keep up! Is the server overloaded? Running 2054ms or 41 ticks behind
[21:56:39] [Server thread/WARN]: Can't keep up! Is the server overloaded? Running 6211ms or 124 ticks behind
[21:56:59] [Server thread/INFO]: <WhiteSky_Bai> 讲道理这个自动农田真的沙雕
[21:57:04] [Server thread/INFO]: <WhiteSky_Bai> = =
[21:57:05] [Server thread/INFO]: <WhiteSky_Bai> 大哥
[21:57:10] [Server thread/INFO]: <WhiteSky_Bai> 上面的牛不多啊
[21:57:15] [Server thread/INFO]: <WhiteSky_Bai> 让他繁殖一会
[21:57:28] [Server thread/INFO]: <WhiteSky_Bai> 要不你去抓两只
[21:57:44] [Server thread/WARN]: Can't keep up! Is the server overloaded? Running 2226ms or 44 ticks behind
[21:58:42] [Server thread/INFO]: <WhiteSky_Bai> 我下了
[21:58:48] [Server thread/INFO]: <WhiteSky_Bai> 886
[21:58:57] [Server thread/INFO]: <WhiteSky_Bai> 我明天叫同学过来一起玩
[21:59:07] [Server thread/INFO]: <ChengXi123> 明天早上玩
[21:59:17] [Server thread/INFO]: <WhiteSky_Bai> 如果可以你去抓两只牛勾引到刷牛机上面
[21:59:25] [Server thread/INFO]: <WhiteSky_Bai> 增加产量
[21:59:27] [Server thread/INFO]: WhiteSky_Bai lost connection: Disconnected
[21:59:27] [Server thread/INFO]: WhiteSky_Bai left the game
[22:01:36] [Server thread/WARN]: Can't keep up! Is the server overloaded? Running 2025ms or 40 ticks behind
[22:13:21] [Server thread/INFO]: Villager class_1646['Villager'/33020, l='skimit', x=-407.85, y=66.00, z=471.15] died, message: 'Villager suffocated in a wall'
[22:18:51] [Server thread/WARN]: Fetching packet for removed entity class_1542['Air'/38404, l='skimit', x=-150.89, y=6.00, z=254.89]
[22:22:51] [Server thread/WARN]: Can't keep up! Is the server overloaded? Running 2156ms or 43 ticks behind
[22:27:26] [Server thread/INFO]: ChengXi123 lost connection: Timed out
[22:27:26] [Server thread/INFO]: ChengXi123 left the game
[22:27:26] [Server thread/WARN]: handleDisconnection() called twice
[22:27:45] [Server thread/INFO]: ChengXi123[/127.0.0.1:52457] logged in with entity id 41162 at (-22.828176526714238, 61.0, 258.57435155115917)
[22:27:45] [Netty Server IO #0/WARN]: Received invalid identifier in minecraft:register: legacy:fml|hs (Non [a-z0-9/._-] character in path of location: legacy:fml|hs)
[22:27:45] [Server thread/INFO]: ChengXi123 joined the game
[22:28:17] [Server thread/INFO]: Alex[local] logged in with entity id 41314 at (-20.42558767784851, 64.0, 263.9706522394187)
[22:28:17] [Server thread/INFO]: Alex joined the game
[22:28:24] [Server thread/INFO]: Alex was slain by ChengXi123
[22:28:24] [Server thread/INFO]: Alex lost connection: Killed
[22:28:24] [Server thread/INFO]: Alex left the game
[22:29:12] [Server thread/INFO]: Alex[local] logged in with entity id 41571 at (-25.319033705781937, 65.0, 271.41140495195907)
[22:29:12] [Server thread/INFO]: Alex joined the game
[22:38:36] [Server thread/INFO]: [TextileBackup]: Backup started by: SERVER on: 2020-05-15_22-38-36
[22:38:36] [Server thread/INFO]: [TextileBackup]: Saving server...
[22:38:39] [Server thread/WARN]: Can't keep up! Is the server overloaded? Running 2265ms or 45 ticks behind
[22:38:39] [Thread-58/INFO]: [TextileBackup]: Starting compression...
[22:39:12] [Server thread/WARN]: Can't keep up! Is the server overloaded? Running 18604ms or 372 ticks behind
[22:39:41] [Server thread/WARN]: Can't keep up! Is the server overloaded? Running 13565ms or 271 ticks behind
[22:40:06] [Server thread/WARN]: Can't keep up! Is the server overloaded? Running 10558ms or 211 ticks behind
[22:40:30] [Server thread/WARN]: Can't keep up! Is the server overloaded? Running 8866ms or 177 ticks behind
[22:40:53] [Server thread/WARN]: Can't keep up! Is the server overloaded? Running 7701ms or 154 ticks behind
[22:40:58] [Thread-58/INFO]: [TextileBackup]: Compression finished
[22:40:58] [Thread-58/INFO]: [TextileBackup]: Deleting: 2020-05-12_14-11-56.zip
[22:40:58] [Thread-58/INFO]: [TextileBackup]: Done!
[22:42:41] [Server thread/WARN]: Can't keep up! Is the server overloaded? Running 2022ms or 40 ticks behind
[22:43:00] [Server thread/WARN]: Can't keep up! Is the server overloaded? Running 4397ms or 87 ticks behind
[22:44:23] [Server thread/INFO]: ChengXi123 lost connection: Timed out
[22:44:23] [Server thread/INFO]: ChengXi123 left the game
[22:44:28] [Server thread/INFO]: ChengXi123[/127.0.0.1:53005] logged in with entity id 46497 at (-445.3192718390932, 70.0, 483.92500001192093)
[22:44:28] [Netty Server IO #1/WARN]: Received invalid identifier in minecraft:register: legacy:fml|hs (Non [a-z0-9/._-] character in path of location: legacy:fml|hs)
[22:44:28] [Server thread/INFO]: ChengXi123 joined the game
[22:46:07] [Server thread/INFO]: ChengXi123 lost connection: Disconnected
[22:46:07] [Server thread/INFO]: ChengXi123 left the game
[23:38:36] [Server thread/INFO]: [TextileBackup]: Backup started by: SERVER on: 2020-05-15_23-38-36
[23:38:36] [Server thread/INFO]: [TextileBackup]: Saving server...
[23:38:37] [Thread-59/INFO]: [TextileBackup]: Starting compression...
[23:39:44] [Thread-59/INFO]: [TextileBackup]: Compression finished
[23:39:44] [Thread-59/INFO]: [TextileBackup]: Done!
