[21:46:08] [main/INFO]: Loading for game Minecraft 1.16.2
[21:46:09] [main/INFO]: [FabricLoader] Loading 53 mods: fabric-renderer-api-v1@0.2.13+eae12eb84e, fabric-keybindings-v0@0.2.0+3fa9f7c54e, fabricloader@0.9.1+build.205, bbor@2.3-1.16.1, com_github_shevek_parallelgzip@master-SNAPSHOT, lithium@0.5.1-SNAPSHOT, fabric-containers-v0@0.1.8+045df74f4e, fabric-object-builder-api-v1@1.6.0+e81ec80b4e, fabric-game-rule-api-v1@1.0.1+91555cd14e, fabric-api-base@0.1.3+12a8474c4e, fabric-rendering-data-attachment-v1@0.1.3+b7f9825d4e, fabric-textures-v0@1.0.4+eae12eb84e, fabric-rendering-fluids-v1@0.1.10+e5d3217f4e, cotton-logging@1.0.0-rc.4, fabric-blockrenderlayer-v1@1.1.4+c6a8ea894e, fabric-lifecycle-events-v1@1.2.0+74cc3b204e, fabric-renderer-registries-v1@2.1.0+e2862de64e, carpet-extra@1.4.8, fabric-loot-tables-v1@1.0.0+fac8f3664e, fabric@0.18.0+build.397-1.16, carpet@1.4.9, fabric-particles-v1@0.2.1+0a6f2a704e, fabric-networking-v0@0.1.10+e00ecb5f4e, cotton-config@1.0.0-rc.7, here@0.0.10-mc1.16, minecraft@1.16.2, fabric-screen-handler-api-v1@1.1.0+872498414e, fabric-networking-blockentity-v0@0.2.5+b50ffc7b4e, jankson@3.0.0+j1.2.0, fabric-command-api-v1@1.0.8+5ce533984e, phosphor@0.6.0+build.7, fabric-tool-attribute-api-v1@1.2.1+02fb8fda4e, fabric-renderer-indigo@0.3.4+5d32f5834e, player-roles@1.1.0, org_apache_commons_commons-compress@1.19, fabric-crash-report-info-v1@0.1.2+b7f9825d4e, fabric-events-interaction-v0@0.3.3+7066030f4e, fabric-item-api-v1@1.0.0+16acbe5b4e, fabric-rendering-v0@1.1.0+534104904e, fabric-rendering-v1@1.2.0+fc24ff244e, fabric-key-binding-api-v1@1.0.1+730711c64e, org_tukaani_xz@1.8, fabric-resource-loader-v0@0.2.9+e5d3217f4e, fabric-content-registries-v0@0.1.9+059ea8664e, fabric-tag-extensions-v0@1.0.3+ac8e8c594e, fabric-commands-v0@0.2.0+52d308364e, fabric-registry-sync-v0@0.4.3+e5d3217f4e, textile_backup@2.0.0-1.16.2, fabric-mining-levels-v0@0.1.2+b764ce994e, fabric-events-lifecycle-v0@0.2.0+16acbe5b4e, fabric-item-groups-v0@0.2.0+438f96364e, fabric-models-v0@0.1.0+dfdb52d64e, fabric-object-builders-v0@0.6.1+ba4afa574e
[21:46:09] [main/WARN]: Mod `com_github_shevek_parallelgzip` (master-SNAPSHOT) does not respect SemVer - comparison support is limited.
[21:46:09] [main/INFO]: SpongePowered MIXIN Subsystem Version=0.8.1 Source=file:/srv/skimit_survival/fabric-server-launch.jar Service=Knot/Fabric Env=SERVER
[21:46:12] [main/WARN]: @Mixin target net/minecraft/class_3898$class_3208 is public in fabric-networking-[21:46:22] [main/INFO]: Environment: authHost='https://authserver.mojang.com', accountsHost='https://api.mojang.com', sessionHost='https://sessionserver.mojang.com', name='PROD'
[21:46:23] [main/INFO]: [Textile Backup] Starting Textile Backup by Szum123321.
[21:46:24] [main/WARN]: Ambiguity between arguments [teleport, destination] and [teleport, targets] with inputs: [Player, 0123, @e, dd12be42-52a9-4a91-a8a1-11c01849e498]
[21:46:24] [main/WARN]: Ambiguity between arguments [teleport, location] and [teleport, destination] with inputs: [0.1 -0.5 .9, 0 0 0]
[21:46:24] [main/WARN]: Ambiguity between arguments [teleport, location] and [teleport, targets] with inputs: [0.1 -0.5 .9, 0 0 0]
[21:46:24] [main/WARN]: Ambiguity between arguments [teleport, targets] and [teleport, destination] with inputs: [Player, 0123, dd12be42-52a9-4a91-a8a1-11c01849e498]
[21:46:24] [main/WARN]: Ambiguity between arguments [teleport, targets, location] and [teleport, targets, destination] with inputs: [0.1 -0.5 .9, 0 0 0]
[21:46:25] [main/INFO]: Reloading ResourceManager: Default, bukkit, Fabric Tool Attribute API (v1), Player Roles, FZ.sDatapack-1.5.0-SNAPSHOT
[21:46:27] [Worker-Main-6/INFO]: Loaded 7 recipes
[21:46:28] [Worker-Main-6/INFO]: Loaded 927 advancements
[21:46:29] [main/WARN]: [fabric-registry-sync] Could not find the following registries: minecraft:biome_source_type, minecraft:block_state_provider_type, minecraft:dimension_type, minecraft:structure_piece, minecraft:carver, minecraft:block_placer_type, minecraft:decorator, minecraft:structure_feature, minecraft:surface_builder, minecraft:foliage_placer_type, minecraft:feature, minecraft:tree_decorator_type, minecraft:structure_pool_element, minecraft:biome, minecraft:chunk_generator_type, minecraft:structure_processor
[21:46:29] [main/INFO]: [fabric-registry-sync] Loaded registry data [file 1/4]
[21:46:30] [Server thread/INFO]: Starting minecraft server version 1.16.2
[21:46:30] [Server thread/INFO]: Loading properties
[21:46:30] [Server thread/INFO]: Default game type: SURVIVAL
[21:46:30] [Server thread/INFO]: Generating keypair
[21:46:30] [Server thread/INFO]: Starting Minecraft server on *:26555
[21:46:30] [Server thread/INFO]: Using epoll channel type
[21:46:30] [Server thread/WARN]: **** SERVER IS RUNNING IN OFFLINE/INSECURE MODE!
[21:46:30] [Server thread/WARN]: The server will make no attempt to authenticate usernames. Beware.
[21:46:30] [Server thread/WARN]: While this makes the game possible to play without internet access, it also opens up the ability for hackers to connect with any username they choose.
[21:46:30] [Server thread/WARN]: To change this, set "online-mode" to "true" in the server.properties file.
[21:46:31] [Server thread/INFO]: Preparing level "world"
[21:46:31] [Server thread/INFO]: [CM]: loaded setting combineXPOrbs as true from carpet.conf
[21:46:31] [Server thread/INFO]: [CM]: loaded setting onePlayerSleeping as true from carpet.conf
[21:46:31] [Server thread/INFO]: [CM]: loaded setting leadFix as true from carpet.conf
[21:46:31] [Server thread/INFO]: [CM]: loaded setting ctrlQCraftingFix as true from carpet.conf
[21:46:31] [Server thread/INFO]: [CM]: loaded setting language as zh_cn from carpet.conf
[21:46:31] [Server thread/INFO]: [CM]: loaded setting commandTick as true from carpet.conf
[21:46:31] [Server thread/INFO]: [CM]: loaded setting commandDraw as false from carpet.conf
[21:46:31] [Server thread/INFO]: [CM]: loaded setting rotatorBlock as true from carpet.conf
[21:46:31] [Server thread/INFO]: [CM]: loaded setting commandPlayer as true from carpet.conf
[21:46:31] [Server thread/INFO]: [CM]: loaded setting antiCheatDisabled as true from carpet.conf
[21:46:31] [Server thread/INFO]: [CM]: loaded setting commandPing as true from carpet.conf
[21:46:31] [Server thread/INFO]: [CM]: loaded setting defaultLoggers as tps,mobcaps from carpet.conf
[21:46:31] [Server thread/INFO]: [CM]: loaded setting unloadedEntityFix as true from carpet.conf
[21:46:31] [Server thread/INFO]: [CM]: loaded setting flippinCactus as true from carpet.conf
[21:46:32] [Server thread/INFO]: create world dimension: minecraft:overworld (seed: 20190827)
[21:46:32] [Server thread/INFO]: create world dimension: minecraft:the_nether (seed: 20190827)
[21:46:32] [Server thread/INFO]: create world dimension: minecraft:the_end (seed: 20190827)
[21:46:32] [Server thread/INFO]: Preparing start region for dimension minecraft:overworld
[21:46:36] [Server thread/INFO]: Preparing spawn area: 0%
[21:46:36] [Server thread/INFO]: Preparing spawn area: 0%
[21:46:36] [Server thread/INFO]: Preparing spawn area: 0%
[21:46:36] [Server thread/INFO]: Preparing spawn area: 0%
[21:46:36] [Server thread/INFO]: Preparing spawn area: 0%
[21:46:36] [Server thread/INFO]: Preparing spawn area: 0%
[21:46:36] [Server thread/INFO]: Preparing spawn area: 0%
[21:46:36] [Server thread/INFO]: Preparing spawn area: 0%
[21:46:36] [Server thread/INFO]: Preparing spawn area: 0%
[21:46:37] [Server thread/INFO]: Preparing spawn area: 0%
[21:46:37] [Server thread/INFO]: Preparing spawn area: 0%
[21:46:37] [Server thread/INFO]: Preparing spawn area: 83%
[21:46:39] [Server thread/INFO]: Time elapsed: 7233 ms
[21:46:39] [Server thread/INFO]: Done (8.240s)! For help, type "help"
[21:46:39] [Server thread/INFO]: Starting remote control listener
[21:46:39] [Server thread/INFO]: Thread RCON Listener started
[21:46:39] [Server thread/INFO]: RCON running on 0.0.0.0:796
[21:46:57] [Server thread/INFO]: aka213[/127.0.0.1:41547] logged in with entity id 94 at (-429.88167407484093, 69.5, 419.0091818424785)
[21:46:57] [Server thread/INFO]: aka213 joined the game
[21:46:57] [Netty Epoll Server IO #0/WARN]: Received invalid identifier in minecraft:register: legacy:fml|hs (Non [a-z0-9/._-] character in path of location: legacy:fml|hs)
[21:46:57] [Netty Epoll Server IO #0/INFO]: Player aka213 joined with a matching carpet client
[21:46:57] [Netty Epoll Server IO #0/INFO]: Player aka213 joined with a matching carpet client
[21:47:18] [Server thread/WARN]: Can't keep up! Is the server overloaded? Running 2014ms or 40 ticks behind
[21:47:50] [Server thread/WARN]: Fetching packet for removed entity class_1542['Air'/6942, l='ServerLevel[world]', x=-401.70, y=70.26, z=438.48]
[21:47:58] [Server thread/WARN]: Fetching packet for removed entity class_1542['Air'/7068, l='ServerLevel[world]', x=-401.70, y=70.26, z=478.50]
[21:48:56] [Server thread/WARN]: Fetching packet for removed entity class_1542['Air'/7827, l='ServerLevel[world]', x=-367.30, y=70.26, z=460.50]
[21:49:20] [Server thread/WARN]: Can't keep up! Is the server overloaded? Running 2669ms or 53 ticks behind
[21:50:24] [Server thread/INFO]: Scanning for legacy world dragon fight...
[21:50:24] [Server thread/INFO]: Found that the dragon has been killed in this world already.
[21:58:03] [Server thread/INFO]: aka213 lost connection: Disconnected
[21:58:03] [Server thread/INFO]: aka213 left the game
[21:58:45] [Server thread/INFO]: Plants352039[/127.0.0.1:47771] logged in with entity id 14746 at (-560.2322051495396, 63.0, 1186.1376711543767)
[21:58:45] [Server thread/INFO]: Plants352039 joined the game
[21:58:45] [Netty Epoll Server IO #2/WARN]: Received invalid identifier in minecraft:register: legacy:fml|hs (Non [a-z0-9/._-] character in path of location: legacy:fml|hs)
[22:05:41] [Server thread/INFO]: WelcoFa[/127.0.0.1:40025] logged in with entity id 15611 at (-398.65459505142593, 70.23704649267277, 503.80098581529234)
[22:05:41] [Server thread/INFO]: WelcoFa joined the game
[22:05:41] [Netty Epoll Server IO #5/WARN]: Received invalid identifier in minecraft:register: legacy:fml|hs (Non [a-z0-9/._-] character in path of location: legacy:fml|hs)
[22:06:10] [Server thread/WARN]: Can't keep up! Is the server overloaded? Running 2631ms or 52 ticks behind
[22:08:43] [Server thread/INFO]: <WelcoFa> az
[22:09:20] [Server thread/INFO]: WelcoFa has made the advancement [Sweet Dreams]
[22:12:26] [Server thread/WARN]: Fetching packet for removed entity class_1542['Air'/19530, l='ServerLevel[world]', x=-302.13, y=71.87, z=362.31]
[22:15:43] [Server thread/INFO]: <WelcoFa> ao
[22:17:09] [Server thread/WARN]: Fetching packet for removed entity class_1542['Air'/23046, l='ServerLevel[world]', x=-401.70, y=70.26, z=460.50]
[22:17:20] [Server thread/WARN]: Fetching packet for removed entity class_1542['Air'/23229, l='ServerLevel[world]', x=-367.30, y=70.26, z=458.50]
[22:19:14] [Server thread/WARN]: Fetching packet for removed entity class_1542['Air'/24873, l='ServerLevel[world]', x=-303.56, y=70.07, z=362.88]
[22:20:17] [Server thread/WARN]: Fetching packet for removed entity class_1542['Air'/25800, l='ServerLevel[world]', x=-303.78, y=70.04, z=362.88]
[22:21:31] [Server thread/INFO]: WelcoFa was slain by Zombie
[22:21:47] [Server thread/INFO]: <WelcoFa> 操
[22:21:56] [Server thread/INFO]: <WelcoFa> 截图的时候被僵尸打死了
[22:26:29] [Server thread/INFO]: WelcoFa lost connection: Disconnected
[22:26:29] [Server thread/INFO]: WelcoFa left the game
[22:29:20] [Server thread/WARN]: Can't keep up! Is the server overloaded? Running 2240ms or 44 ticks behind
[22:29:21] [Server thread/WARN]: Fetching packet for removed entity class_1542['Air'/27877, l='ServerLevel[world]', x=-302.88, y=74.17, z=361.51]
[22:29:21] [Server thread/WARN]: Fetching packet for removed entity class_1542['Air'/27802, l='ServerLevel[world]', x=-302.37, y=74.17, z=361.88]
[22:39:11] [Server thread/INFO]: Plants352039 was slain by Zombie
[22:46:57] [Server thread/INFO]: [Textile Backup] Backup started by: Timer on: 2020-08-17_22-46-57
[22:46:57] [Server thread/INFO]: [Textile Backup] Saving server...
[22:46:57] [Server thread/INFO]: ThreadedAnvilChunkStorage (world): All chunks are saved
[22:46:57] [Server thread/INFO]: ThreadedAnvilChunkStorage (DIM-1): All chunks are saved
[22:46:57] [Server thread/INFO]: ThreadedAnvilChunkStorage (DIM1): All chunks are saved
[22:46:57] [pool-3-thread-1/INFO]: [Textile Backup] Starting backup
[22:47:08] [pool-3-thread-1/INFO]: [Textile Backup] Deleting: 2020-08-17_11-54-03.zip
[22:47:08] [pool-3-thread-1/INFO]: [Textile Backup] Done!
[23:27:43] [Server thread/INFO]: [Plants352039: Triggered [scoreSwitch] (set value to 1)]
[23:28:15] [Server thread/INFO]: na2hco3_CN[/127.0.0.1:38489] logged in with entity id 47127 at (-366.8212491292346, 69.0, 519.6227569496606)
[23:28:15] [Server thread/INFO]: na2hco3_CN joined the game
[23:28:15] [Netty Epoll Server IO #7/WARN]: Received invalid identifier in minecraft:register: legacy:fml|hs (Non [a-z0-9/._-] character in path of location: legacy:fml|hs)
[23:28:16] [Netty Epoll Server IO #7/WARN]: Player na2hco3_CN joined with another carpet version: 1.4.8+v200811
[23:28:20] [Server thread/INFO]: <Plants352039> na
[23:28:25] [Server thread/INFO]: <na2hco3_CN> ?
[23:28:39] [Server thread/INFO]: <Plants352039> 我刚才玩了一款贼好玩的破游戏
[23:28:59] [Server thread/INFO]: <Plants352039> 知道我为什么说它好玩又破吗
[23:29:28] [Server thread/INFO]: <Plants352039> 那游戏叫都市天际线
[23:29:35] [Server thread/INFO]: <Plants352039> 贼烧脑
[23:29:36] [Server thread/INFO]: <na2hco3_CN> 。。。。
[23:29:51] [Server thread/INFO]: <Plants352039> 而且这游戏还催眠
[23:30:15] [Server thread/INFO]: <Plants352039> 我告诉你这游戏玩到后面贼卡
[23:30:49] [Server thread/INFO]: <Plants352039> 因为这个游戏里有市民，这个市民它不是贴图，它是有自己的名字和啥的，到后面会有上万个，导致贼卡
[23:31:15] [Server thread/INFO]: <na2hco3_CN> ...
[23:31:32] [Server thread/INFO]: <Plants352039> 你可以去玩玩
[23:31:59] [Server thread/INFO]: Plants352039 drowned
[23:32:14] [Server thread/INFO]: <Plants352039> 那玩意占我CPU有80多%
[23:37:10] [Server thread/INFO]: <Plants352039> 你玩过没？
[23:38:18] [Server thread/INFO]: <na2hco3_CN> m
[23:38:25] [Server thread/INFO]: <Plants352039> 听说过没
[23:46:57] [Server thread/INFO]: [Textile Backup] Backup started by: Timer on: 2020-08-17_23-46-57
[23:46:57] [Server thread/INFO]: [Textile Backup] Saving server...
[23:46:57] [Server thread/INFO]: ThreadedAnvilChunkStorage (world): All chunks are saved
[23:46:57] [Server thread/INFO]: ThreadedAnvilChunkStorage (DIM-1): All chunks are saved
[23:46:57] [Server thread/INFO]: ThreadedAnvilChunkStorage (DIM1): All chunks are saved
[23:46:57] [pool-3-thread-1/INFO]: [Textile Backup] Starting backup
[23:47:09] [pool-3-thread-1/INFO]: [Textile Backup] Deleting: 2020-08-17_12-54-01.zip
[23:47:09] [pool-3-thread-1/INFO]: [Textile Backup] Done!
[23:52:19] [Server thread/INFO]: <na2hco3_CN> 你在干啥
