[18:08:55] [main/INFO]: Loading for game Minecraft 1.15.2
[18:08:59] [main/WARN]: Mod `jankson` (2.0.0+j1.2.0) uses 'requires' key in fabric.mod.json, which is not supported - use 'depends'
[18:08:59] [main/INFO]: [FabricLoader] Loading 40 mods: minecraft@1.15.2, fabric-networking-blockentity-v0@0.2.3+e08a73050c, fabric-renderer-api-v1@0.2.10+f08b61330c, fabric-keybindings-v0@0.1.1+dfdb52d60c, jankson@2.0.0+j1.2.0, fabricloader@0.7.8+build.189, fabric-renderer-indigo@0.2.23+9290e2ed0c, fabric-containers-v0@0.1.3+b7f9825d0c, fabric-dimensions-v1@0.3.0+2ad156310c, org_apache_commons_commons-compress@1.9, fabric-biomes-v1@0.1.5+3b05f68e0c, fabric-events-interaction-v0@0.3.0+fac69e320c, fabric-crash-report-info-v1@0.1.2+b7f9825d0c, fabric-api-base@0.1.2+b7f9825d0c, fabric-rendering-v0@1.1.0+534104900c, fabric-rendering-v1@0.1.0+534104900c, fabric-rendering-data-attachment-v1@0.1.3+b7f9825d0c, fabric-resource-loader-v0@0.1.10+06c939b30c, fabric-textures-v0@1.0.4+821cdba70c, fabric-content-registries-v0@0.1.3+b7f9825d0c, fabric-tag-extensions-v0@0.1.3+abd915800c, fabric-rendering-fluids-v1@0.1.6+12515ed90c, fabric-commands-v0@0.1.2+b7f9825d0c, fabric-registry-sync-v0@0.2.6+f3d8141b0c, cotton-logging@1.0.0-rc.4, fabric-blockrenderlayer-v1@1.1.4+c6a8ea890c, textile_backup@1.1.0-1.15, fabric-mining-levels-v0@0.1.1+b7f9825d0c, fabric-renderer-registries-v1@2.0.1+5a0f9a600c, carpet-extra@1.3.15, fabric-events-lifecycle-v0@0.1.2+b7f9825d0c, fabric-loot-tables-v1@0.1.5+e08a73050c, fabric@0.5.1+build.294-1.15, carpet@1.3.15, fabric-item-groups-v0@0.1.6+ec40b2e10c, fabric-models-v0@0.1.0+dfdb52d60c, fabric-particles-v1@0.1.1+dfdb52d60c, fabric-networking-v0@0.1.7+12515ed90c, fabric-object-builders-v0@0.1.3+e4c9a9c30c, cotton-config@1.0.0-rc.7
[18:09:00] [main/INFO]: SpongePowered MIXIN Subsystem Version=0.8 Source=file:/C:/Server/skimit_survival/fabric-server-launch.jar Service=Knot/Fabric Env=SERVER
[18:10:14] [main/WARN]: Ambiguity between arguments [teleport, destination] and [teleport, targets] with inputs: [Player, 0123, @e, dd12be42-52a9-4a91-a8a1-11c01849e498]
[18:10:14] [main/WARN]: Ambiguity between arguments [teleport, location] and [teleport, destination] with inputs: [0.1 -0.5 .9, 0 0 0]
[18:10:14] [main/WARN]: Ambiguity between arguments [teleport, location] and [teleport, targets] with inputs: [0.1 -0.5 .9, 0 0 0]
[18:10:14] [main/WARN]: Ambiguity between arguments [teleport, targets] and [teleport, destination] with inputs: [Player, 0123, dd12be42-52a9-4a91-a8a1-11c01849e498]
[18:10:14] [main/WARN]: Ambiguity between arguments [teleport, targets, location] and [teleport, targets, destination] with inputs: [0.1 -0.5 .9, 0 0 0]
[18:10:21] [main/INFO]: [TextileBackup]: Loading TextileBackup by Szum123321
[18:10:23] [Server thread/INFO]: Starting minecraft server version 1.15.2
[18:10:23] [Server thread/INFO]: Loading properties
[18:10:23] [Server thread/INFO]: Default game type: SURVIVAL
[18:10:23] [Server thread/INFO]: Generating keypair
[18:10:26] [Server thread/INFO]: Starting Minecraft server on *:26565
[18:10:26] [Server thread/INFO]: Using default channel type
[18:10:30] [Server thread/WARN]: **** SERVER IS RUNNING IN OFFLINE/INSECURE MODE!
[18:10:30] [Server thread/WARN]: The server will make no attempt to authenticate usernames. Beware.
[18:10:30] [Server thread/WARN]: While this makes the game possible to play without internet access, it also opens up the ability for hackers to connect with any username they choose.
[18:10:30] [Server thread/WARN]: To change this, set "online-mode" to "true" in the server.properties file.
[18:10:30] [Server thread/INFO]: Preparing level "skimit"
[18:10:30] [Server thread/INFO]: [CM]: loaded setting commandDraw as false from carpet.conf
[18:10:30] [Server thread/INFO]: [CM]: loaded setting rotatorBlock as true from carpet.conf
[18:10:30] [Server thread/INFO]: [CM]: loaded setting combineXPOrbs as true from carpet.conf
[18:10:30] [Server thread/INFO]: [CM]: loaded setting onePlayerSleeping as true from carpet.conf
[18:10:30] [Server thread/INFO]: [CM]: loaded setting portalSuffocationFix as true from carpet.conf
[18:10:30] [Server thread/INFO]: [CM]: loaded setting leadFix as true from carpet.conf
[18:10:30] [Server thread/INFO]: [CM]: loaded setting antiCheatDisabled as true from carpet.conf
[18:10:30] [Server thread/INFO]: [CM]: loaded setting defaultLoggers as mobcaps from carpet.conf
[18:10:30] [Server thread/INFO]: [CM]: loaded setting commandCameramode as false from carpet.conf
[18:10:30] [Server thread/INFO]: [CM]: loaded setting unloadedEntityFix as true from carpet.conf
[18:10:30] [Server thread/INFO]: [CM]: loaded setting ctrlQCraftingFix as true from carpet.conf
[18:10:31] [Server thread/INFO]: [fabric-registry-sync] Loaded registry data [file 1/4]
[18:10:31] [Server thread/INFO]: Reloading ResourceManager: Default, bukkit, Fabric Mining Levels (v0)
[18:10:34] [Server thread/INFO]: Loaded 6 recipes
[18:10:37] [Server thread/INFO]: Loaded 825 advancements
[18:10:38] [Server thread/INFO]: Preparing start region for dimension minecraft:overworld
[18:10:42] [Server thread/INFO]: Preparing spawn area: 0%
[18:10:42] [Server thread/INFO]: Preparing spawn area: 0%
[18:10:42] [Server thread/INFO]: Preparing spawn area: 0%
[18:10:42] [Server thread/INFO]: Preparing spawn area: 0%
[18:10:42] [Server thread/INFO]: Preparing spawn area: 0%
[18:10:42] [Server thread/INFO]: Preparing spawn area: 0%
[18:10:42] [Server thread/INFO]: Preparing spawn area: 0%
[18:10:42] [Server thread/INFO]: Preparing spawn area: 0%
[18:10:42] [Server thread/INFO]: Preparing spawn area: 0%
[18:10:43] [Server-Worker-2/INFO]: Preparing spawn area: 0%
[18:10:43] [Server-Worker-2/INFO]: Preparing spawn area: 0%
[18:10:45] [Server thread/INFO]: Preparing spawn area: 0%
[18:10:45] [Server thread/INFO]: Preparing spawn area: 0%
[18:10:45] [Server thread/INFO]: Preparing spawn area: 0%
[18:10:46] [Server thread/INFO]: Preparing spawn area: 83%
[18:10:47] [Server thread/INFO]: Time elapsed: 9079 ms
[18:10:47] [Server thread/INFO]: Done (17.311s)! For help, type "help"
[18:10:47] [Server thread/INFO]: Starting remote control listener
[18:10:47] [RCON Listener #1/INFO]: RCON running on 0.0.0.0:25636
[18:10:50] [Server thread/WARN]: Can't keep up! Is the server overloaded? Running 2608ms or 52 ticks behind
[18:11:44] [Server thread/INFO]: XxiaoyunX[/127.0.0.1:56638] logged in with entity id 104 at (-369.0317316242377, 70.0, 511.0941341521203)
[18:11:44] [Netty Server IO #1/WARN]: Received invalid identifier in minecraft:register: legacy:fml|hs (Non [a-z0-9/._-] character in path of location: legacy:fml|hs)
[18:11:44] [Server thread/INFO]: XxiaoyunX joined the game
[18:11:46] [Server thread/WARN]: Can't keep up! Is the server overloaded? Running 2832ms or 56 ticks behind
[18:11:46] [Server thread/INFO]: [TextileBackup]: Backup started by: SERVER on: 2020-05-03_18-11-46
[18:11:46] [Server thread/INFO]: [TextileBackup]: Saving server...
[18:11:49] [Thread-50/INFO]: [TextileBackup]: Starting compression...
[18:12:14] [Server thread/INFO]: WhiteSky_Bai[/127.0.0.1:56654] logged in with entity id 344 at (-140.22993229963703, 77.0, 447.10555771524974)
[18:12:14] [Server thread/INFO]: WhiteSky_Bai joined the game
[18:12:14] [Netty Server IO #0/WARN]: Received invalid identifier in minecraft:register: legacy:fml|hs (Non [a-z0-9/._-] character in path of location: legacy:fml|hs)
[18:12:24] [Server thread/WARN]: Can't keep up! Is the server overloaded? Running 23126ms or 462 ticks behind
[18:13:17] [Server thread/INFO]: MAX_XiaoKui[local] logged in with entity id 629 at (-369.1178791719177, 69.0, 521.3646097974713)
[18:13:17] [Server thread/INFO]: MAX_XiaoKui joined the game
[18:13:35] [Server thread/WARN]: Can't keep up! Is the server overloaded? Running 56039ms or 1120 ticks behind
[18:14:01] [Server thread/INFO]: MAX_XiaoKui was slain by XxiaoyunX
[18:14:01] [Server thread/INFO]: MAX_XiaoKui lost connection: Killed
[18:14:01] [Server thread/INFO]: MAX_XiaoKui left the game
[18:14:46] [Server Watchdog/FATAL]: A single server tick took 60.25 seconds (should be max 0.05)
[18:14:46] [Server Watchdog/FATAL]: Considering it to be crashed, server will forcibly shutdown.
[18:14:49] [Server Watchdog/ERROR]: This crash report has been saved to: C:\Server\skimit_survival\.\crash-reports\crash-2020-05-03_18.14.48-server.txt
[18:14:50] [Server thread/INFO]: Stopping server
[18:14:50] [Server thread/INFO]: Saving players
