[06:01:07] [main/INFO]: Loading for game Minecraft 1.15.2
[06:01:11] [main/WARN]: Mod `jankson` (2.0.0+j1.2.0) uses 'requires' key in fabric.mod.json, which is not supported - use 'depends'
[06:01:11] [main/INFO]: [FabricLoader] Loading 44 mods: minecraft@1.15.2, fabric-networking-blockentity-v0@0.2.3+e08a73050c, fabric-renderer-api-v1@0.2.10+f08b61330c, fabric-keybindings-v0@0.1.1+dfdb52d60c, jankson@2.0.0+j1.2.0, fabricloader@0.7.8+build.189, phosphor@0.5.2+build.6, fabric-renderer-indigo@0.2.23+9290e2ed0c, fabric-containers-v0@0.1.3+b7f9825d0c, lithium@0.4.6, fabric-dimensions-v1@0.3.0+2ad156310c, org_apache_commons_commons-compress@1.9, fabric-biomes-v1@0.1.5+3b05f68e0c, fabric-events-interaction-v0@0.3.0+fac69e320c, fabric-crash-report-info-v1@0.1.2+b7f9825d0c, fabric-api-base@0.1.2+b7f9825d0c, fabric-rendering-v0@1.1.0+534104900c, fabric-rendering-v1@0.1.0+534104900c, fabric-rendering-data-attachment-v1@0.1.3+b7f9825d0c, mm@2.0, fabric-resource-loader-v0@0.1.10+06c939b30c, fabric-textures-v0@1.0.4+821cdba70c, fabric-content-registries-v0@0.1.3+b7f9825d0c, fabric-tag-extensions-v0@0.1.3+abd915800c, fabric-rendering-fluids-v1@0.1.6+12515ed90c, fabric-commands-v0@0.1.2+b7f9825d0c, fabric-registry-sync-v0@0.2.6+f3d8141b0c, com_moandjiezana_toml_toml4j@0.7.2, cotton-logging@1.0.0-rc.4, fabric-blockrenderlayer-v1@1.1.4+c6a8ea890c, textile_backup@1.1.0-1.15, fabric-mining-levels-v0@0.1.1+b7f9825d0c, fabric-renderer-registries-v1@2.0.1+5a0f9a600c, carpet-extra@1.3.15, fabric-events-lifecycle-v0@0.1.2+b7f9825d0c, fabric-loot-tables-v1@0.1.5+e08a73050c, fabric@0.5.1+build.294-1.15, carpet@1.3.15, fabric-item-groups-v0@0.1.6+ec40b2e10c, fabric-models-v0@0.1.0+dfdb52d60c, fabric-particles-v1@0.1.1+dfdb52d60c, fabric-networking-v0@0.1.7+12515ed90c, fabric-object-builders-v0@0.1.3+e4c9a9c30c, cotton-config@1.0.0-rc.7
[06:01:11] [main/INFO]: SpongePowered MIXIN Subsystem Version=0.8 Source=file:/C:/Server/skimit_survival/fabric-server-launch.jar Service=Knot/Fabric Env=SERVER
[06:01:12] [main/INFO]: Lithium's configuration file was loaded successfully
[06:01:14] [main/INFO]: Not applying mixin 'me.jellysquid.mods.lithium.mixin.chunk.no_chunk_locking.MixinPalettedContainer' as no configuration enables it
[06:01:14] [main/INFO]: Not applying mixin 'me.jellysquid.mods.lithium.mixin.redstone.MixinRedstoneWireBlock' as no configuration enables it
[06:01:14] [main/INFO]: Not applying mixin 'me.jellysquid.mods.lithium.mixin.redstone.MixinWorld' as no configuration enables it
[06:01:18] [main/INFO]: Transforming class net/minecraft/class_2382 using patch set 'Modify mutability flags in Vec3i'
[06:01:25] [main/INFO]: Transforming class net/minecraft/class_2338$class_2339 using patch set 'Use mutable fields in Vec3i'
[06:02:34] [main/WARN]: Ambiguity between arguments [teleport, destination] and [teleport, targets] with inputs: [Player, 0123, @e, dd12be42-52a9-4a91-a8a1-11c01849e498]
[06:02:34] [main/WARN]: Ambiguity between arguments [teleport, location] and [teleport, destination] with inputs: [0.1 -0.5 .9, 0 0 0]
[06:02:34] [main/WARN]: Ambiguity between arguments [teleport, location] and [teleport, targets] with inputs: [0.1 -0.5 .9, 0 0 0]
[06:02:34] [main/WARN]: Ambiguity between arguments [teleport, targets] and [teleport, destination] with inputs: [Player, 0123, dd12be42-52a9-4a91-a8a1-11c01849e498]
[06:02:34] [main/WARN]: Ambiguity between arguments [teleport, targets, location] and [teleport, targets, destination] with inputs: [0.1 -0.5 .9, 0 0 0]
[06:02:38] [main/INFO]: Definitely not up to no good
[06:02:38] [main/INFO]: [TextileBackup]: Loading TextileBackup by Szum123321
[06:02:39] [Server thread/INFO]: Starting minecraft server version 1.15.2
[06:02:39] [Server thread/INFO]: Loading properties
[06:02:39] [Server thread/INFO]: Default game type: SURVIVAL
[06:02:39] [Server thread/INFO]: Generating keypair
[06:02:40] [Server thread/INFO]: Starting Minecraft server on *:26565
[06:02:40] [Server thread/INFO]: Using default channel type
[06:02:41] [Server thread/WARN]: **** SERVER IS RUNNING IN OFFLINE/INSECURE MODE!
[06:02:41] [Server thread/WARN]: The server will make no attempt to authenticate usernames. Beware.
[06:02:41] [Server thread/WARN]: While this makes the game possible to play without internet access, it also opens up the ability for hackers to connect with any username they choose.
[06:02:41] [Server thread/WARN]: To change this, set "online-mode" to "true" in the server.properties file.
[06:02:42] [Server thread/INFO]: Preparing level "skimit"
[06:02:42] [Server thread/INFO]: [CM]: loaded setting commandDraw as false from carpet.conf
[06:02:42] [Server thread/INFO]: [CM]: loaded setting rotatorBlock as true from carpet.conf
[06:02:42] [Server thread/INFO]: [CM]: loaded setting combineXPOrbs as true from carpet.conf
[06:02:42] [Server thread/INFO]: [CM]: loaded setting onePlayerSleeping as true from carpet.conf
[06:02:42] [Server thread/INFO]: [CM]: loaded setting portalSuffocationFix as true from carpet.conf
[06:02:42] [Server thread/INFO]: [CM]: loaded setting leadFix as true from carpet.conf
[06:02:42] [Server thread/INFO]: [CM]: loaded setting antiCheatDisabled as true from carpet.conf
[06:02:42] [Server thread/INFO]: [CM]: loaded setting defaultLoggers as tps,mobcaps from carpet.conf
[06:02:42] [Server thread/INFO]: [CM]: loaded setting commandCameramode as false from carpet.conf
[06:02:42] [Server thread/INFO]: [CM]: loaded setting unloadedEntityFix as true from carpet.conf
[06:02:42] [Server thread/INFO]: [CM]: loaded setting ctrlQCraftingFix as true from carpet.conf
[06:02:43] [Server thread/INFO]: [fabric-registry-sync] Loaded registry data [file 1/4]
[06:02:43] [Server thread/INFO]: Reloading ResourceManager: Default, bukkit, Fabric Mining Levels (v0)
[06:02:45] [Server thread/INFO]: Loaded 6 recipes
[06:02:47] [Server thread/INFO]: Loaded 825 advancements
[06:02:51] [Server thread/INFO]: Preparing start region for dimension minecraft:overworld
[06:02:56] [Server thread/INFO]: Preparing spawn area: 0%
[06:02:56] [Server thread/INFO]: Preparing spawn area: 0%
[06:02:56] [Server thread/INFO]: Preparing spawn area: 0%
[06:02:56] [Server thread/INFO]: Preparing spawn area: 0%
[06:02:56] [Server thread/INFO]: Preparing spawn area: 0%
[06:02:56] [Server thread/INFO]: Preparing spawn area: 0%
[06:02:56] [Server thread/INFO]: Preparing spawn area: 0%
[06:02:56] [Server thread/INFO]: Preparing spawn area: 0%
[06:02:56] [Server thread/INFO]: Preparing spawn area: 0%
[06:02:56] [Server thread/INFO]: Preparing spawn area: 0%
[06:02:56] [Server thread/INFO]: Preparing spawn area: 0%
[06:02:56] [Server thread/INFO]: Preparing spawn area: 0%
[06:02:57] [Server-Worker-3/INFO]: Preparing spawn area: 0%
[06:02:57] [Server-Worker-3/INFO]: Preparing spawn area: 0%
[06:02:58] [Server-Worker-3/INFO]: Preparing spawn area: 0%
[06:02:58] [Server-Worker-3/INFO]: Preparing spawn area: 0%
[06:02:59] [Server thread/INFO]: Preparing spawn area: 0%
[06:02:59] [Server thread/INFO]: Preparing spawn area: 20%
[06:03:00] [Server thread/INFO]: Time elapsed: 9839 ms
[06:03:00] [Server thread/INFO]: Done (18.565s)! For help, type "help"
[06:03:00] [Server thread/INFO]: Starting remote control listener
[06:03:00] [RCON Listener #1/INFO]: RCON running on 0.0.0.0:25636
[06:03:03] [Server thread/WARN]: Can't keep up! Is the server overloaded? Running 2557ms or 51 ticks behind
[06:03:22] [Server thread/WARN]: Can't keep up! Is the server overloaded? Running 4483ms or 89 ticks behind
[08:38:53] [RCON Listener #1/INFO]: Rcon connection from: /106.14.83.111
[08:38:53] [RCON Listener #1/INFO]: Rcon connection from: /106.14.83.111
[08:38:53] [RCON Listener #1/INFO]: Rcon connection from: /106.14.83.111
[08:38:53] [RCON Listener #1/INFO]: Rcon connection from: /106.14.83.111
[10:35:08] [Server thread/INFO]: ChengXi123[/127.0.0.1:53334] logged in with entity id 385 at (-258.10857439247764, 64.0, 418.4342421870146)
[10:35:08] [Netty Server IO #0/WARN]: Received invalid identifier in minecraft:register: legacy:fml|hs (Non [a-z0-9/._-] character in path of location: legacy:fml|hs)
[10:35:09] [Server thread/INFO]: ChengXi123 joined the game
[10:35:10] [Server thread/WARN]: Can't keep up! Is the server overloaded? Running 2472ms or 49 ticks behind
[10:35:10] [Server thread/INFO]: [TextileBackup]: Backup started by: SERVER on: 2020-05-23_10-35-10
[10:35:10] [Server thread/INFO]: [TextileBackup]: Saving server...
[10:35:12] [Thread-54/INFO]: [TextileBackup]: Starting compression...
[10:35:36] [Server thread/WARN]: Can't keep up! Is the server overloaded? Running 11495ms or 229 ticks behind
[10:36:10] [Server thread/WARN]: Can't keep up! Is the server overloaded? Running 19168ms or 383 ticks behind
[10:36:23] [Server thread/INFO]: ChengXi123 lost connection: Disconnected
[10:36:23] [Server thread/INFO]: ChengXi123 left the game
[10:36:29] [Server thread/WARN]: Can't keep up! Is the server overloaded? Running 3803ms or 76 ticks behind
[10:36:32] [Server thread/INFO]: ChengXi123[/127.0.0.1:53374] logged in with entity id 913 at (-164.30026245431236, 70.0, 402.173928748394)
[10:36:32] [Netty Server IO #1/WARN]: Received invalid identifier in minecraft:register: legacy:fml|hs (Non [a-z0-9/._-] character in path of location: legacy:fml|hs)
[10:36:32] [Server thread/INFO]: ChengXi123 joined the game
[10:36:59] [Server thread/WARN]: Can't keep up! Is the server overloaded? Running 14607ms or 292 ticks behind
[10:37:22] [Server thread/WARN]: Can't keep up! Is the server overloaded? Running 8436ms or 168 ticks behind
[10:37:41] [Server thread/WARN]: Can't keep up! Is the server overloaded? Running 3662ms or 73 ticks behind
[10:38:07] [Server thread/WARN]: Can't keep up! Is the server overloaded? Running 2240ms or 44 ticks behind
[10:38:15] [Thread-54/INFO]: [TextileBackup]: Compression finished
[10:38:15] [Thread-54/INFO]: [TextileBackup]: Deleting: 2020-05-22_20-38-49.zip
[10:38:15] [Thread-54/INFO]: [TextileBackup]: Done!
[10:39:08] [Server thread/INFO]: WhiteSky_Bai[/127.0.0.1:53462] logged in with entity id 2262 at (-34.172504215897256, 24.0, 187.34252089561372)
[10:39:08] [Netty Server IO #0/WARN]: Received invalid identifier in minecraft:register: legacy:fml|hs (Non [a-z0-9/._-] character in path of location: legacy:fml|hs)
[10:39:08] [Server thread/INFO]: WhiteSky_Bai joined the game
[10:39:14] [Server thread/WARN]: Can't keep up! Is the server overloaded? Running 2090ms or 41 ticks behind
[10:40:14] [Server thread/INFO]: ChengXi123 lost connection: Disconnected
[10:40:14] [Server thread/INFO]: ChengXi123 left the game
[10:40:26] [Server thread/INFO]: ChengXi123[/127.0.0.1:53506] logged in with entity id 3000 at (0.9561981508025197, 9.0, 181.69476016275448)
[10:40:26] [Netty Server IO #1/WARN]: Received invalid identifier in minecraft:register: legacy:fml|hs (Non [a-z0-9/._-] character in path of location: legacy:fml|hs)
[10:40:26] [Server thread/INFO]: ChengXi123 joined the game
[10:41:39] [Server thread/INFO]: <WhiteSky_Bai> 没水
[10:41:49] [Server thread/INFO]: <ChengXi123> 要水干啥？
[10:42:01] [Server thread/INFO]: <WhiteSky_Bai> 直接铁通？
[10:42:19] [Server thread/INFO]: <ChengXi123> 用粉末填啊
[10:42:35] [Server thread/INFO]: <WhiteSky_Bai> 你帮我那一份
[10:43:02] [Server thread/INFO]: <WhiteSky_Bai> 弄完把半砖铺上
[10:45:35] [Server thread/INFO]: <WhiteSky_Bai> 我图腾不够了= =
[10:46:06] [Server thread/WARN]: Mismatch in destroy block pos: class_2338{x=-2, y=8, z=179} class_2338{x=-3, y=7, z=181}
[10:47:12] [Server thread/INFO]: <WhiteSky_Bai> 等会刷点图腾呗= =
[10:47:28] [Server thread/INFO]: <ChengXi123> 我平时都不用图腾
[10:47:43] [Server thread/INFO]: <ChengXi123> 吃点粉末金苹果就好了
[10:48:13] [Server thread/INFO]: <WhiteSky_Bai> qionga
[10:48:26] [Server thread/INFO]: <ChengXi123> ?
[10:48:32] [Server thread/INFO]: <WhiteSky_Bai> 穷
[10:48:43] [Server thread/INFO]: <ChengXi123> 蹭啊
[10:49:16] [Server thread/WARN]: Can't keep up! Is the server overloaded? Running 2052ms or 41 ticks behind
[10:49:52] [Server thread/WARN]: Fetching packet for removed entity class_1542['White Carpet'/8749, l='skimit', x=-23.73, y=65.01, z=266.13]
[10:55:11] [Server thread/INFO]: <WhiteSky_Bai> 还写了名字
[10:55:15] [Server thread/INFO]: <WhiteSky_Bai> 这么猥琐吗
[10:55:16] [Server thread/INFO]: <ChengXi123> hh
[10:55:25] [Server thread/INFO]: <ChengXi123> 你问他
[10:58:06] [Server thread/INFO]: <WhiteSky_Bai> 我上去扔点垃圾
[10:58:13] [Server thread/WARN]: Mismatch in destroy block pos: class_2338{x=25, y=5, z=163} class_2338{x=22, y=4, z=164}
[10:59:20] [Server thread/WARN]: Can't keep up! Is the server overloaded? Running 2373ms or 47 ticks behind
[10:59:37] [Server thread/WARN]: Can't keep up! Is the server overloaded? Running 2403ms or 48 ticks behind
[10:59:56] [Server thread/INFO]: Villager class_1646['Villager'/223, l='skimit', x=-169.88, y=72.02, z=406.60] died, message: 'Villager was burnt to a crisp whilst fighting ChengXi123'
[11:01:16] [Server thread/INFO]: <WhiteSky_Bai> 你人呢
[11:01:16] [Server thread/INFO]: <WhiteSky_Bai> - -
[11:01:38] [Server thread/INFO]: <ChengXi123> 准备放信标
[11:01:50] [Server thread/INFO]: <WhiteSky_Bai> o
[11:02:09] [Server thread/INFO]: <WhiteSky_Bai> 这史莱姆真的恶心啊
[11:04:23] [Server thread/WARN]: Can't keep up! Is the server overloaded? Running 2282ms or 45 ticks behind
[11:08:50] [Server thread/WARN]: Can't keep up! Is the server overloaded? Running 2547ms or 50 ticks behind
[11:09:14] [Server thread/WARN]: Can't keep up! Is the server overloaded? Running 9829ms or 196 ticks behind
[11:09:38] [Server thread/WARN]: Can't keep up! Is the server overloaded? Running 2663ms or 53 ticks behind
[11:11:00] [Server thread/WARN]: Can't keep up! Is the server overloaded? Running 2197ms or 43 ticks behind
[11:14:33] [Server thread/INFO]: WhiteSky_Bai has made the advancement [Suit Up]
[11:17:04] [Server thread/WARN]: Can't keep up! Is the server overloaded? Running 2558ms or 51 ticks behind
[11:17:21] [Server thread/WARN]: Can't keep up! Is the server overloaded? Running 2279ms or 45 ticks behind
[11:17:41] [Server thread/WARN]: Can't keep up! Is the server overloaded? Running 4861ms or 97 ticks behind
[11:18:24] [Server thread/WARN]: Can't keep up! Is the server overloaded? Running 2113ms or 42 ticks behind
[11:18:55] [Server thread/INFO]: WhiteSky_Bai has made the advancement [Enchanter]
[11:19:15] [Server thread/INFO]: <ChengXi123> 去末地附
[11:19:55] [Server thread/WARN]: Can't keep up! Is the server overloaded? Running 2063ms or 41 ticks behind
[11:20:16] [Server thread/WARN]: Can't keep up! Is the server overloaded? Running 5619ms or 112 ticks behind
[11:22:25] [Server thread/INFO]: ChengXi123 lost connection: Timed out
[11:22:25] [Server thread/INFO]: ChengXi123 left the game
[11:22:31] [Server thread/INFO]: ChengXi123[/127.0.0.1:55032] logged in with entity id 31944 at (71.52989247984587, 28.0, 161.32241988569044)
[11:22:31] [Netty Server IO #1/WARN]: Received invalid identifier in minecraft:register: legacy:fml|hs (Non [a-z0-9/._-] character in path of location: legacy:fml|hs)
[11:22:32] [Server thread/INFO]: ChengXi123 joined the game
[11:25:04] [Server thread/WARN]: Can't keep up! Is the server overloaded? Running 2588ms or 51 ticks behind
[11:30:06] [Server thread/WARN]: Can't keep up! Is the server overloaded? Running 2153ms or 43 ticks behind
[11:30:51] [Server thread/INFO]: <WhiteSky_Bai> 上面太挤了
[11:31:06] [Server thread/INFO]: <WhiteSky_Bai> 杀掉两只
[11:31:16] [Server thread/INFO]: <ChengXi123> 这不是有金苹果吗？
[11:32:00] [Server thread/INFO]: <ChengXi123> 这
[11:33:15] [Server thread/INFO]: <ChengXi123> 拜
[11:33:20] [Server thread/INFO]: <WhiteSky_Bai> 你下了？
[11:33:27] [Server thread/INFO]: <ChengXi123> en
[11:33:30] [Server thread/INFO]: <WhiteSky_Bai> 8
[11:33:34] [Server thread/INFO]: ChengXi123 lost connection: Disconnected
[11:33:34] [Server thread/INFO]: ChengXi123 left the game
[11:34:34] [Server thread/WARN]: Can't keep up! Is the server overloaded? Running 2044ms or 40 ticks behind
[11:34:57] [Server thread/WARN]: Can't keep up! Is the server overloaded? Running 2267ms or 45 ticks behind
[11:35:12] [Server thread/INFO]: [TextileBackup]: Backup started by: SERVER on: 2020-05-23_11-35-12
[11:35:12] [Server thread/INFO]: [TextileBackup]: Saving server...
[11:35:13] [Thread-55/INFO]: [TextileBackup]: Starting compression...
[11:35:18] [Server thread/WARN]: Can't keep up! Is the server overloaded? Running 5804ms or 116 ticks behind
[11:35:38] [Server thread/WARN]: Can't keep up! Is the server overloaded? Running 5162ms or 103 ticks behind
[11:35:57] [Server thread/WARN]: Can't keep up! Is the server overloaded? Running 3931ms or 78 ticks behind
[11:36:18] [Server thread/WARN]: Can't keep up! Is the server overloaded? Running 6082ms or 121 ticks behind
[11:36:51] [Server thread/WARN]: Can't keep up! Is the server overloaded? Running 17591ms or 351 ticks behind
[11:37:10] [Server thread/WARN]: Can't keep up! Is the server overloaded? Running 4247ms or 84 ticks behind
[11:37:29] [Server thread/WARN]: Can't keep up! Is the server overloaded? Running 3436ms or 68 ticks behind
[11:37:40] [Thread-55/INFO]: [TextileBackup]: Compression finished
[11:37:40] [Thread-55/INFO]: [TextileBackup]: Deleting: 2020-05-22_21-38-47.zip
[11:37:41] [Thread-55/INFO]: [TextileBackup]: Done!
[12:05:00] [Server thread/INFO]: WhiteSky_Bai lost connection: Disconnected
[12:05:00] [Server thread/INFO]: WhiteSky_Bai left the game
[15:44:49] [Server thread/INFO]: Cora_cold[/127.0.0.1:63910] logged in with entity id 55596 at (-34.69999998807907, 55.290541398424544, 230.0519571754719)
[15:44:49] [Server thread/INFO]: Cora_cold joined the game
[15:44:49] [Netty Server IO #1/WARN]: Received invalid identifier in minecraft:register: legacy:fml|hs (Non [a-z0-9/._-] character in path of location: legacy:fml|hs)
[15:44:50] [Server thread/INFO]: [TextileBackup]: Backup started by: SERVER on: 2020-05-23_15-44-50
[15:44:50] [Server thread/INFO]: [TextileBackup]: Saving server...
[15:44:51] [Thread-56/INFO]: [TextileBackup]: Starting compression...
[15:44:51] [Server thread/WARN]: Can't keep up! Is the server overloaded? Running 2044ms or 40 ticks behind
[15:45:24] [Server thread/WARN]: Can't keep up! Is the server overloaded? Running 2092ms or 41 ticks behind
[15:46:02] [Server thread/WARN]: Can't keep up! Is the server overloaded? Running 2636ms or 52 ticks behind
[15:46:22] [Server thread/WARN]: Can't keep up! Is the server overloaded? Running 2583ms or 51 ticks behind
[15:46:59] [Thread-56/INFO]: [TextileBackup]: Compression finished
[15:46:59] [Thread-56/INFO]: [TextileBackup]: Deleting: 2020-05-22_22-38-47.zip
[15:46:59] [Thread-56/INFO]: [TextileBackup]: Done!
[15:50:17] [Server thread/WARN]: Mismatch in destroy block pos: class_2338{x=-42, y=3, z=220} class_2338{x=-42, y=4, z=220}
[15:56:08] [Server thread/WARN]: Can't keep up! Is the server overloaded? Running 2570ms or 51 ticks behind
[16:01:43] [Server thread/WARN]: Mismatch in destroy block pos: class_2338{x=-25, y=5, z=257} class_2338{x=-26, y=5, z=256}
[16:02:11] [Server thread/WARN]: Mismatch in destroy block pos: class_2338{x=-26, y=8, z=257} class_2338{x=-28, y=10, z=257}
[16:02:11] [Server thread/WARN]: Mismatch in destroy block pos: class_2338{x=-27, y=8, z=257} class_2338{x=-28, y=10, z=257}
[16:02:11] [Server thread/WARN]: Mismatch in destroy block pos: class_2338{x=-26, y=8, z=257} class_2338{x=-28, y=10, z=257}
[16:02:11] [Server thread/WARN]: Mismatch in destroy block pos: class_2338{x=-27, y=8, z=257} class_2338{x=-28, y=10, z=257}
[16:02:11] [Server thread/WARN]: Mismatch in destroy block pos: class_2338{x=-27, y=8, z=256} class_2338{x=-28, y=10, z=257}
[16:02:11] [Server thread/WARN]: Mismatch in destroy block pos: class_2338{x=-27, y=7, z=256} class_2338{x=-28, y=10, z=257}
[16:02:11] [Server thread/WARN]: Mismatch in destroy block pos: class_2338{x=-27, y=8, z=256} class_2338{x=-28, y=10, z=257}
[16:02:11] [Server thread/WARN]: Mismatch in destroy block pos: class_2338{x=-27, y=7, z=256} class_2338{x=-28, y=10, z=257}
[16:02:11] [Server thread/WARN]: Mismatch in destroy block pos: class_2338{x=-28, y=8, z=256} class_2338{x=-28, y=10, z=257}
[16:02:11] [Server thread/WARN]: Mismatch in destroy block pos: class_2338{x=-28, y=7, z=256} class_2338{x=-28, y=10, z=257}
[16:02:11] [Server thread/WARN]: Mismatch in destroy block pos: class_2338{x=-27, y=7, z=256} class_2338{x=-28, y=10, z=257}
[16:02:11] [Server thread/WARN]: Mismatch in destroy block pos: class_2338{x=-27, y=7, z=255} class_2338{x=-28, y=10, z=257}
[16:02:11] [Server thread/WARN]: Mismatch in destroy block pos: class_2338{x=-28, y=8, z=255} class_2338{x=-28, y=10, z=257}
[16:02:20] [Server thread/WARN]: Mismatch in destroy block pos: class_2338{x=-30, y=7, z=257} class_2338{x=-29, y=7, z=257}
[16:02:20] [Server thread/WARN]: Mismatch in destroy block pos: class_2338{x=-29, y=8, z=258} class_2338{x=-29, y=7, z=257}
[16:03:12] [Server thread/WARN]: Mismatch in destroy block pos: class_2338{x=-40, y=28, z=247} class_2338{x=-40, y=26, z=247}
[16:03:12] [Server thread/WARN]: Mismatch in destroy block pos: class_2338{x=-40, y=25, z=247} class_2338{x=-40, y=26, z=247}
[16:03:14] [Server thread/WARN]: Mismatch in destroy block pos: class_2338{x=-40, y=15, z=247} class_2338{x=-40, y=16, z=247}
[16:03:41] [Server thread/WARN]: Mismatch in destroy block pos: class_2338{x=-42, y=8, z=255} class_2338{x=-45, y=7, z=249}
[16:03:41] [Server thread/WARN]: Mismatch in destroy block pos: class_2338{x=-42, y=8, z=255} class_2338{x=-45, y=7, z=249}
[16:12:48] [Server thread/WARN]: Mismatch in destroy block pos: class_2338{x=-18, y=5, z=321} class_2338{x=-17, y=5, z=321}
[16:14:38] [Server thread/WARN]: Mismatch in destroy block pos: class_2338{x=-37, y=6, z=327} class_2338{x=-36, y=6, z=326}
[16:14:39] [Server thread/WARN]: Mismatch in destroy block pos: class_2338{x=-37, y=6, z=327} class_2338{x=-36, y=6, z=326}
[16:19:06] [Server thread/WARN]: Mismatch in destroy block pos: class_2338{x=-33, y=7, z=323} class_2338{x=-32, y=6, z=324}
[16:21:11] [Server thread/WARN]: Mismatch in destroy block pos: class_2338{x=-20, y=8, z=317} class_2338{x=-21, y=8, z=317}
[16:23:11] [Server thread/WARN]: Mismatch in destroy block pos: class_2338{x=-19, y=7, z=309} class_2338{x=-19, y=8, z=309}
[16:24:40] [Server thread/WARN]: Mismatch in destroy block pos: class_2338{x=-19, y=7, z=316} class_2338{x=-21, y=6, z=316}
[16:25:40] [Server thread/WARN]: Mismatch in destroy block pos: class_2338{x=-11, y=4, z=314} class_2338{x=-10, y=4, z=315}
[16:26:42] [Server thread/WARN]: Mismatch in destroy block pos: class_2338{x=-22, y=7, z=313} class_2338{x=-23, y=6, z=312}
[16:27:44] [Server thread/WARN]: Mismatch in destroy block pos: class_2338{x=-15, y=5, z=307} class_2338{x=-15, y=6, z=307}
[16:27:44] [Server thread/WARN]: Mismatch in destroy block pos: class_2338{x=-12, y=6, z=307} class_2338{x=-15, y=5, z=307}
[16:28:15] [Server thread/WARN]: Mismatch in destroy block pos: class_2338{x=-11, y=6, z=311} class_2338{x=-11, y=5, z=311}
[16:37:24] [Server thread/WARN]: Mismatch in destroy block pos: class_2338{x=-117, y=3, z=327} class_2338{x=-117, y=4, z=327}
[16:37:55] [Server thread/WARN]: Fetching packet for removed entity class_1542['Air'/88632, l='skimit', x=-24.37, y=65.01, z=271.20]
[16:40:16] [Server thread/WARN]: Mismatch in destroy block pos: class_2338{x=-65, y=5, z=321} class_2338{x=-66, y=3, z=321}
[16:44:33] [Server thread/WARN]: Mismatch in destroy block pos: class_2338{x=-161, y=3, z=322} class_2338{x=-162, y=3, z=322}
[16:44:34] [Server thread/WARN]: Mismatch in destroy block pos: class_2338{x=-161, y=2, z=322} class_2338{x=-162, y=3, z=322}
[16:44:34] [Server thread/WARN]: Mismatch in destroy block pos: class_2338{x=-163, y=3, z=322} class_2338{x=-162, y=3, z=322}
[16:44:49] [Server thread/INFO]: [TextileBackup]: Backup started by: SERVER on: 2020-05-23_16-44-49
[16:44:49] [Server thread/INFO]: [TextileBackup]: Saving server...
[16:44:50] [Thread-57/INFO]: [TextileBackup]: Starting compression...
[16:45:03] [Server thread/WARN]: Can't keep up! Is the server overloaded? Running 2052ms or 41 ticks behind
[16:45:22] [Server thread/WARN]: Can't keep up! Is the server overloaded? Running 3762ms or 75 ticks behind
[16:45:46] [Server thread/WARN]: Can't keep up! Is the server overloaded? Running 2467ms or 49 ticks behind
[16:46:04] [Server thread/WARN]: Can't keep up! Is the server overloaded? Running 2568ms or 51 ticks behind
[16:46:22] [Server thread/WARN]: Can't keep up! Is the server overloaded? Running 2605ms or 52 ticks behind
[16:46:42] [Server thread/WARN]: Can't keep up! Is the server overloaded? Running 5281ms or 105 ticks behind
[16:47:03] [Server thread/WARN]: Can't keep up! Is the server overloaded? Running 2039ms or 40 ticks behind
[16:47:18] [Thread-57/INFO]: [TextileBackup]: Compression finished
[16:47:18] [Thread-57/INFO]: [TextileBackup]: Deleting: 2020-05-22_23-38-47.zip
[16:47:19] [Thread-57/INFO]: [TextileBackup]: Done!
[16:56:08] [Server thread/WARN]: Mismatch in destroy block pos: class_2338{x=-152, y=3, z=156} class_2338{x=-152, y=4, z=156}
[17:00:48] [Server thread/WARN]: Mismatch in destroy block pos: class_2338{x=-156, y=3, z=148} class_2338{x=-156, y=4, z=148}
[17:07:39] [Server thread/WARN]: Mismatch in destroy block pos: class_2338{x=-98, y=3, z=178} class_2338{x=-98, y=4, z=178}
[17:09:34] [Server thread/WARN]: Mismatch in destroy block pos: class_2338{x=-166, y=4, z=139} class_2338{x=-166, y=5, z=139}
[17:23:10] [Server thread/INFO]: Cora_cold lost connection: Disconnected
[17:23:10] [Server thread/INFO]: Cora_cold left the game
[20:55:44] [Server thread/INFO]: Cora_cold[/127.0.0.1:58232] logged in with entity id 116200 at (-101.78294288234228, 26.0, 326.29300623917675)
[20:55:44] [Netty Server IO #0/WARN]: Received invalid identifier in minecraft:register: legacy:fml|hs (Non [a-z0-9/._-] character in path of location: legacy:fml|hs)
[20:55:44] [Server thread/INFO]: Cora_cold joined the game
[20:55:45] [Server thread/INFO]: [TextileBackup]: Backup started by: SERVER on: 2020-05-23_20-55-45
[20:55:45] [Server thread/INFO]: [TextileBackup]: Saving server...
[20:55:45] [Thread-58/INFO]: [TextileBackup]: Starting compression...
[20:56:08] [Server thread/WARN]: Can't keep up! Is the server overloaded? Running 2108ms or 42 ticks behind
[20:56:34] [Server thread/WARN]: Can't keep up! Is the server overloaded? Running 4640ms or 92 ticks behind
[20:57:53] [Server thread/WARN]: Can't keep up! Is the server overloaded? Running 2511ms or 50 ticks behind
[20:58:17] [Thread-58/INFO]: [TextileBackup]: Compression finished
[20:58:17] [Thread-58/INFO]: [TextileBackup]: Deleting: 2020-05-23_00-38-47.zip
[20:58:17] [Thread-58/INFO]: [TextileBackup]: Done!
[21:09:56] [Server thread/WARN]: Mismatch in destroy block pos: class_2338{x=-134, y=3, z=190} class_2338{x=-134, y=4, z=190}
[21:10:54] [Server thread/WARN]: Mismatch in destroy block pos: class_2338{x=-136, y=3, z=194} class_2338{x=-136, y=4, z=194}
[21:12:10] [Server thread/WARN]: Mismatch in destroy block pos: class_2338{x=-150, y=3, z=197} class_2338{x=-150, y=4, z=197}
[21:22:44] [Server thread/INFO]: ChengXi123[/127.0.0.1:59136] logged in with entity id 131366 at (16.559192693193513, 6.0, 203.77661968022505)
[21:22:44] [Netty Server IO #1/WARN]: Received invalid identifier in minecraft:register: legacy:fml|hs (Non [a-z0-9/._-] character in path of location: legacy:fml|hs)
[21:22:44] [Server thread/INFO]: ChengXi123 joined the game
[21:22:57] [Server thread/INFO]: <ChengXi123> hi
[21:23:04] [Server thread/INFO]: <Cora_cold> 挖山吧
[21:23:38] [Server thread/INFO]: <ChengXi123> 我放了信标
[21:24:21] [Server thread/INFO]: <ChengXi123> 你人呢
[21:27:13] [Server thread/INFO]: <ChengXi123> 我用直觉找到了你
[21:27:24] [Server thread/INFO]: <Cora_cold> 我除了铺地板还能干嘛
[21:27:46] [Server thread/INFO]: <ChengXi123> 拆地板
[21:27:49] [Server thread/INFO]: <Cora_cold> 你应该看得出粉尘的用量吧
[21:27:57] [Server thread/INFO]: <ChengXi123> en
[21:28:58] [Server thread/INFO]: <ChengXi123> 可以开刷沙机啊
[21:29:04] [Server thread/INFO]: <Cora_cold> 暂时不用
[21:29:10] [Server thread/INFO]: <Cora_cold> 剩下的够用
[21:29:23] [Server thread/INFO]: <Cora_cold> 这个区块刷掠夺者
[21:29:43] [Server thread/INFO]: <Cora_cold> [name:掠夺者, x:-100, y:6, z:327, dim:0]
[21:30:01] [Server thread/INFO]: ChengXi123 was slain by Slime
[21:30:01] [Server thread/INFO]: <Cora_cold> 这排坑，到那边都是要铺de
[21:30:05] [Server thread/INFO]: <Cora_cold> ???
[21:31:00] [Server thread/INFO]: <Cora_cold> 从史莱姆到那边
[21:31:07] [Server thread/INFO]: <Cora_cold> 从史莱姆到那边是要铺的
[21:31:38] [Server thread/INFO]: <Cora_cold> 我不打算挖黑曜石
[21:32:07] [Server thread/INFO]: ChengXi123 was blown up by Creeper
[21:33:07] [Server thread/INFO]: <Cora_cold> 有附魔金苹果还能死？
[21:33:36] [Server thread/WARN]: Mismatch in destroy block pos: class_2338{x=13, y=9, z=185} class_2338{x=12, y=9, z=186}
[21:33:36] [Server thread/WARN]: Mismatch in destroy block pos: class_2338{x=13, y=9, z=185} class_2338{x=12, y=9, z=186}
[21:33:36] [Server thread/INFO]: <ChengXi123> 刚刚在找鼠标垫
[21:33:36] [Server thread/WARN]: Mismatch in destroy block pos: class_2338{x=13, y=9, z=185} class_2338{x=12, y=9, z=186}
[21:33:36] [Server thread/WARN]: Mismatch in destroy block pos: class_2338{x=13, y=9, z=185} class_2338{x=12, y=9, z=186}
[21:33:36] [Server thread/WARN]: Mismatch in destroy block pos: class_2338{x=13, y=9, z=185} class_2338{x=12, y=9, z=186}
[21:33:36] [Server thread/WARN]: Mismatch in destroy block pos: class_2338{x=13, y=9, z=185} class_2338{x=12, y=9, z=186}
[21:33:36] [Server thread/WARN]: Mismatch in destroy block pos: class_2338{x=13, y=9, z=185} class_2338{x=12, y=9, z=186}
[21:33:36] [Server thread/WARN]: Mismatch in destroy block pos: class_2338{x=13, y=9, z=185} class_2338{x=12, y=9, z=186}
[21:33:36] [Server thread/WARN]: Mismatch in destroy block pos: class_2338{x=13, y=9, z=185} class_2338{x=12, y=9, z=186}
[21:33:36] [Server thread/WARN]: Mismatch in destroy block pos: class_2338{x=13, y=9, z=185} class_2338{x=12, y=9, z=186}
[21:33:37] [Server thread/WARN]: Mismatch in destroy block pos: class_2338{x=10, y=8, z=184} class_2338{x=10, y=8, z=185}
[21:33:37] [Server thread/WARN]: Mismatch in destroy block pos: class_2338{x=10, y=8, z=184} class_2338{x=10, y=8, z=185}
[21:33:37] [Server thread/WARN]: Mismatch in destroy block pos: class_2338{x=10, y=8, z=184} class_2338{x=10, y=8, z=185}
[21:33:37] [Server thread/WARN]: Mismatch in destroy block pos: class_2338{x=10, y=8, z=184} class_2338{x=10, y=8, z=185}
[21:33:37] [Server thread/WARN]: Mismatch in destroy block pos: class_2338{x=10, y=8, z=184} class_2338{x=10, y=8, z=185}
[21:33:46] [Server thread/WARN]: Mismatch in destroy block pos: class_2338{x=12, y=6, z=186} class_2338{x=12, y=5, z=187}
[21:33:59] [Server thread/WARN]: Mismatch in destroy block pos: class_2338{x=17, y=8, z=191} class_2338{x=17, y=7, z=191}
[21:33:59] [Server thread/WARN]: Mismatch in destroy block pos: class_2338{x=17, y=8, z=191} class_2338{x=16, y=7, z=191}
[21:33:59] [Server thread/WARN]: Mismatch in destroy block pos: class_2338{x=17, y=8, z=191} class_2338{x=16, y=7, z=191}
[21:33:59] [Server thread/WARN]: Mismatch in destroy block pos: class_2338{x=17, y=8, z=191} class_2338{x=16, y=7, z=191}
[21:33:59] [Server thread/WARN]: Mismatch in destroy block pos: class_2338{x=17, y=8, z=191} class_2338{x=16, y=7, z=191}
[21:33:59] [Server thread/WARN]: Mismatch in destroy block pos: class_2338{x=17, y=8, z=191} class_2338{x=16, y=7, z=191}
[21:33:59] [Server thread/WARN]: Mismatch in destroy block pos: class_2338{x=17, y=8, z=191} class_2338{x=16, y=7, z=191}
[21:33:59] [Server thread/WARN]: Mismatch in destroy block pos: class_2338{x=17, y=8, z=191} class_2338{x=16, y=7, z=191}
[21:34:00] [Server thread/INFO]: <ChengXi123> 刷掠夺者？
[21:35:09] [Server thread/INFO]: <ChengXi123> 有哨塔吗？
[21:35:26] [Server thread/INFO]: <Cora_cold> xiaoyun知道，别刷了
[21:35:49] [Server thread/INFO]: <ChengXi123> 刷什么 ？
[21:35:49] [Server thread/WARN]: Mismatch in destroy block pos: class_2338{x=-11, y=6, z=201} class_2338{x=-11, y=6, z=202}
[21:35:49] [Server thread/WARN]: Mismatch in destroy block pos: class_2338{x=-11, y=6, z=201} class_2338{x=-11, y=6, z=202}
[21:35:50] [Server thread/WARN]: Mismatch in destroy block pos: class_2338{x=-11, y=6, z=201} class_2338{x=-11, y=6, z=202}
[21:35:57] [Server thread/INFO]: <Cora_cold> 刷掠夺者
[21:36:25] [Server thread/INFO]: <ChengXi123> 我理解错了？
[21:36:42] [Server thread/WARN]: Can't keep up! Is the server overloaded? Running 2012ms or 40 ticks behind
[21:37:07] [Server thread/INFO]: <Cora_cold> 我飞不上去
[21:37:09] [Server thread/INFO]: <Cora_cold> 我不会飞
[21:37:50] [Server thread/INFO]: <ChengXi123> 我上来了
[21:37:55] [Server thread/INFO]: <Cora_cold> 上面
[21:38:01] [Server thread/INFO]: <Cora_cold> 拆了，不要了
[21:38:32] [Server thread/INFO]: <ChengXi123> 飞上去
[21:38:40] [Server thread/INFO]: <Cora_cold> 我不会飞
[21:38:50] [Server thread/INFO]: <ChengXi123> 等等，我找个鼠标垫
[21:38:52] [Server thread/INFO]: <Cora_cold> 我一般不用鞘翅的
[21:38:57] [Server thread/INFO]: <Cora_cold> 我都没有鼠标垫
[21:39:05] [Server thread/INFO]: <Cora_cold> 我用的笔记本放在鼠标下面
[21:39:15] [Server thread/INFO]: <Cora_cold> 笔记本都快让我划破了
[21:39:20] [Server thread/INFO]: <Cora_cold> 让我找个歌
[21:39:25] [Server thread/INFO]: <Cora_cold> 无聊死了
[21:39:37] [Server thread/INFO]: <ChengXi123> 好了
[21:39:48] [Server thread/INFO]: <ChengXi123> 我飞上去
[21:39:50] [Server thread/INFO]: <Cora_cold> 我去发作业
[21:40:40] [Server thread/INFO]: <ChengXi123> 矿车接好
[21:41:55] [Server thread/INFO]: <ChengXi123> 准备好了吗？
[21:50:03] [Server thread/INFO]: ChengXi123 lost connection: Timed out
[21:50:03] [Server thread/INFO]: ChengXi123 left the game
[21:50:03] [Server thread/WARN]: handleDisconnection() called twice
[21:50:24] [Server thread/INFO]: ChengXi123[/127.0.0.1:60097] logged in with entity id 138341 at (67.308933904136, 25.0, 166.44489577838345)
[21:50:24] [Netty Server IO #0/WARN]: Received invalid identifier in minecraft:register: legacy:fml|hs (Non [a-z0-9/._-] character in path of location: legacy:fml|hs)
[21:50:24] [Server thread/INFO]: ChengXi123 joined the game
[21:51:57] [Server thread/INFO]: <Cora_cold> 爷青会
[21:52:47] [Server thread/INFO]: <ChengXi123> 你看对面那个僵尸
[21:53:49] [Server thread/INFO]: <Cora_cold> 老师说开学就不知道啥时候放假了
[21:54:26] [Server thread/INFO]: <ChengXi123> 我们规定周六周日不补课，8月1日前放暑假
[21:54:43] [Server thread/INFO]: <Cora_cold> 一周一假？
[21:54:53] [Server thread/INFO]: <ChengXi123> en
[21:55:01] [Server thread/INFO]: <Cora_cold> 初中吗？
[21:55:08] [Server thread/INFO]: <ChengXi123> 我初一
[21:55:14] [Server thread/INFO]: <Cora_cold> o
[21:55:19] [Server thread/INFO]: <ChengXi123> 等等，我去吃点东西
[21:55:28] [Server thread/INFO]: <Cora_cold> 我这有金苹果、
[21:55:30] [Server thread/INFO]: <Cora_cold> 嘿嘿嘿
[21:55:41] [Server thread/INFO]: <ChengXi123> 我吃宵夜
[21:55:44] [Server thread/INFO]: [TextileBackup]: Backup started by: SERVER on: 2020-05-23_21-55-44
[21:55:44] [Server thread/INFO]: [TextileBackup]: Saving server...
[21:55:46] [Thread-59/INFO]: [TextileBackup]: Starting compression...
[21:55:48] [Server thread/WARN]: Can't keep up! Is the server overloaded? Running 2207ms or 44 ticks behind
[21:56:09] [Server thread/WARN]: Can't keep up! Is the server overloaded? Running 6047ms or 120 ticks behind
[21:56:26] [Server thread/WARN]: Can't keep up! Is the server overloaded? Running 2251ms or 45 ticks behind
[21:56:45] [Server thread/WARN]: Can't keep up! Is the server overloaded? Running 4361ms or 87 ticks behind
[21:57:07] [Server thread/WARN]: Can't keep up! Is the server overloaded? Running 6724ms or 134 ticks behind
[21:57:29] [Server thread/WARN]: Can't keep up! Is the server overloaded? Running 6938ms or 138 ticks behind
[21:57:52] [Server thread/WARN]: Can't keep up! Is the server overloaded? Running 8023ms or 160 ticks behind
[21:58:12] [Server thread/WARN]: Can't keep up! Is the server overloaded? Running 5187ms or 103 ticks behind
[21:58:34] [Server thread/WARN]: Can't keep up! Is the server overloaded? Running 6544ms or 130 ticks behind
[21:58:43] [Thread-59/INFO]: [TextileBackup]: Compression finished
[21:58:43] [Thread-59/INFO]: [TextileBackup]: Deleting: 2020-05-23_01-38-47.zip
[21:58:43] [Thread-59/INFO]: [TextileBackup]: Done!
[22:12:03] [Server thread/INFO]: <ChengXi123> 我回来啦
[22:12:06] [Server thread/INFO]: <Cora_cold> 我对象要睡了
[22:12:10] [Server thread/INFO]: <Cora_cold> 我也睡了QAQ
[22:12:16] [Server thread/INFO]: <ChengXi123> .
[22:12:21] [Server thread/INFO]: <Cora_cold> heiheihei
[22:12:30] [Server thread/WARN]: Can't keep up! Is the server overloaded? Running 2038ms or 40 ticks behind
[22:12:54] [Server thread/INFO]: <ChengXi123> 你俩住一起？
[22:13:23] [Server thread/INFO]: <Cora_cold> 没
[22:13:37] [Server thread/INFO]: <ChengXi123> 那你为什么要睡？
[22:14:11] [Server thread/INFO]: <Cora_cold> 一般她睡了，我就睡
[22:14:32] [Server thread/WARN]: Mismatch in destroy block pos: class_2338{x=63, y=12, z=175} class_2338{x=64, y=10, z=173}
[22:14:32] [Server thread/WARN]: Mismatch in destroy block pos: class_2338{x=63, y=12, z=175} class_2338{x=64, y=10, z=173}
[22:14:32] [Server thread/WARN]: Mismatch in destroy block pos: class_2338{x=63, y=12, z=175} class_2338{x=64, y=10, z=173}
[22:14:52] [Server thread/INFO]: <ChengXi123> 感情真好
[22:14:56] [Server thread/WARN]: Mismatch in destroy block pos: class_2338{x=53, y=11, z=163} class_2338{x=52, y=11, z=164}
[22:14:56] [Server thread/WARN]: Mismatch in destroy block pos: class_2338{x=53, y=11, z=163} class_2338{x=52, y=11, z=164}
[22:14:56] [Server thread/WARN]: Mismatch in destroy block pos: class_2338{x=53, y=11, z=163} class_2338{x=52, y=11, z=164}
[22:14:56] [Server thread/WARN]: Mismatch in destroy block pos: class_2338{x=53, y=11, z=163} class_2338{x=52, y=11, z=164}
[22:14:56] [Server thread/WARN]: Mismatch in destroy block pos: class_2338{x=53, y=11, z=163} class_2338{x=52, y=11, z=164}
[22:14:56] [Server thread/WARN]: Mismatch in destroy block pos: class_2338{x=53, y=11, z=163} class_2338{x=52, y=11, z=164}
[22:14:56] [Server thread/WARN]: Mismatch in destroy block pos: class_2338{x=53, y=11, z=163} class_2338{x=52, y=11, z=164}
[22:15:07] [Server thread/WARN]: Mismatch in destroy block pos: class_2338{x=60, y=12, z=154} class_2338{x=60, y=11, z=153}
[22:15:07] [Server thread/WARN]: Mismatch in destroy block pos: class_2338{x=60, y=12, z=154} class_2338{x=60, y=11, z=153}
[22:15:07] [Server thread/WARN]: Mismatch in destroy block pos: class_2338{x=60, y=12, z=154} class_2338{x=60, y=11, z=153}
[22:15:07] [Server thread/WARN]: Mismatch in destroy block pos: class_2338{x=60, y=12, z=154} class_2338{x=60, y=11, z=153}
[22:15:07] [Server thread/WARN]: Mismatch in destroy block pos: class_2338{x=60, y=12, z=154} class_2338{x=60, y=11, z=153}
[22:15:16] [Server thread/INFO]: <Cora_cold> 我再偷玩十分钟就睡
[22:15:42] [Server thread/INFO]: <Cora_cold> 原来是初中同学
[22:16:00] [Server thread/INFO]: <ChengXi123> 秀恩爱
[22:16:18] [Server thread/WARN]: Can't keep up! Is the server overloaded? Running 2056ms or 41 ticks behind
[22:16:19] [Server thread/INFO]: <Cora_cold> 下面是岩浆
[22:16:37] [Server thread/WARN]: Can't keep up! Is the server overloaded? Running 2008ms or 40 ticks behind
[22:16:50] [Server thread/INFO]: <ChengXi123> 火海
[22:17:20] [Server thread/WARN]: Mismatch in destroy block pos: class_2338{x=69, y=7, z=178} class_2338{x=64, y=7, z=175}
[22:17:20] [Server thread/WARN]: Mismatch in destroy block pos: class_2338{x=69, y=7, z=178} class_2338{x=64, y=7, z=175}
[22:17:29] [Server thread/WARN]: Can't keep up! Is the server overloaded? Running 2047ms or 40 ticks behind
[22:17:47] [Server thread/WARN]: Can't keep up! Is the server overloaded? Running 3227ms or 64 ticks behind
[22:18:05] [Server thread/WARN]: Can't keep up! Is the server overloaded? Running 2004ms or 40 ticks behind
[22:18:23] [Server thread/WARN]: Can't keep up! Is the server overloaded? Running 2890ms or 57 ticks behind
[22:18:43] [Server thread/WARN]: Can't keep up! Is the server overloaded? Running 5159ms or 103 ticks behind
[22:18:53] [Server thread/INFO]: <ChengXi123> 钻石
[22:19:01] [Server thread/INFO]: <Cora_cold> 下面也有
[22:19:01] [Server thread/WARN]: Can't keep up! Is the server overloaded? Running 2955ms or 59 ticks behind
[22:19:21] [Server thread/WARN]: Can't keep up! Is the server overloaded? Running 4309ms or 86 ticks behind
[22:19:39] [Server thread/WARN]: Can't keep up! Is the server overloaded? Running 3003ms or 60 ticks behind
[22:20:00] [Server thread/WARN]: Can't keep up! Is the server overloaded? Running 6198ms or 123 ticks behind
[22:20:20] [Server thread/WARN]: Can't keep up! Is the server overloaded? Running 5257ms or 105 ticks behind
[22:20:38] [Server thread/WARN]: Can't keep up! Is the server overloaded? Running 3278ms or 65 ticks behind
[22:20:56] [Server thread/WARN]: Can't keep up! Is the server overloaded? Running 3150ms or 63 ticks behind
[22:21:16] [Server thread/WARN]: Can't keep up! Is the server overloaded? Running 4718ms or 94 ticks behind
[22:21:38] [Server thread/INFO]: <ChengXi123> 这么近
[22:21:39] [Server thread/WARN]: Can't keep up! Is the server overloaded? Running 8323ms or 166 ticks behind
[22:21:49] [Server thread/INFO]: <Cora_cold> en
[22:22:02] [Server thread/WARN]: Can't keep up! Is the server overloaded? Running 7407ms or 148 ticks behind
[22:22:24] [Server thread/WARN]: Can't keep up! Is the server overloaded? Running 6939ms or 138 ticks behind
[22:22:45] [Server thread/WARN]: Can't keep up! Is the server overloaded? Running 6814ms or 136 ticks behind
[22:23:09] [Server thread/WARN]: Can't keep up! Is the server overloaded? Running 8115ms or 162 ticks behind
[22:23:31] [Server thread/WARN]: Can't keep up! Is the server overloaded? Running 7565ms or 151 ticks behind
[22:23:32] [Server thread/WARN]: Mismatch in destroy block pos: class_2338{x=49, y=6, z=133} class_2338{x=48, y=6, z=134}
[22:23:32] [Server thread/WARN]: Mismatch in destroy block pos: class_2338{x=49, y=6, z=133} class_2338{x=48, y=6, z=134}
[22:23:32] [Server thread/WARN]: Mismatch in destroy block pos: class_2338{x=49, y=6, z=133} class_2338{x=48, y=6, z=134}
[22:23:32] [Server thread/WARN]: Mismatch in destroy block pos: class_2338{x=49, y=6, z=133} class_2338{x=48, y=6, z=134}
[22:23:32] [Server thread/WARN]: Mismatch in destroy block pos: class_2338{x=49, y=6, z=133} class_2338{x=48, y=6, z=134}
[22:23:32] [Server thread/WARN]: Mismatch in destroy block pos: class_2338{x=49, y=6, z=133} class_2338{x=48, y=6, z=134}
[22:23:32] [Server thread/WARN]: Mismatch in destroy block pos: class_2338{x=49, y=6, z=133} class_2338{x=48, y=6, z=134}
[22:23:55] [Server thread/WARN]: Can't keep up! Is the server overloaded? Running 8424ms or 168 ticks behind
[22:24:15] [Server thread/INFO]: <Cora_cold> 下了
[22:24:17] [Server thread/WARN]: Can't keep up! Is the server overloaded? Running 7877ms or 157 ticks behind
[22:24:44] [Server thread/WARN]: Can't keep up! Is the server overloaded? Running 11516ms or 230 ticks behind
[22:24:48] [Server thread/INFO]: <ChengXi123> 拜
[22:24:57] [Server thread/WARN]: Mismatch in destroy block pos: class_2338{x=-5, y=9, z=255} class_2338{x=-5, y=9, z=256}
[22:24:57] [Server thread/WARN]: Mismatch in destroy block pos: class_2338{x=-5, y=9, z=255} class_2338{x=-5, y=9, z=256}
[22:24:57] [Server thread/WARN]: Mismatch in destroy block pos: class_2338{x=-5, y=9, z=255} class_2338{x=-5, y=9, z=256}
[22:24:57] [Server thread/WARN]: Mismatch in destroy block pos: class_2338{x=-5, y=9, z=255} class_2338{x=-5, y=9, z=256}
[22:25:02] [Server thread/WARN]: Can't keep up! Is the server overloaded? Running 2709ms or 54 ticks behind
[22:25:20] [Server thread/WARN]: Can't keep up! Is the server overloaded? Running 3350ms or 67 ticks behind
[22:25:34] [Server thread/INFO]: <Cora_cold> 、
[22:25:35] [Server thread/INFO]: Cora_cold lost connection: Disconnected
[22:25:35] [Server thread/INFO]: Cora_cold left the game
[22:35:24] [Server thread/INFO]: ChengXi123 lost connection: Disconnected
[22:35:24] [Server thread/INFO]: ChengXi123 left the game
