[00:40:59] [Server thread/WARN]: Can't keep up! Is the server overloaded? Running 2092ms or 41 ticks behind
[00:52:32] [Server thread/INFO]: Player shuijiao is already logged on
[01:10:15] [Server thread/WARN]: Can't keep up! Is the server overloaded? Running 2141ms or 42 ticks behind
[01:52:33] [Server thread/INFO]: Player shuijiao is already logged on
[02:52:33] [Server thread/INFO]: Player shuijiao is already logged on
[03:33:09] [Server thread/WARN]: Can't keep up! Is the server overloaded? Running 2648ms or 52 ticks behind
[03:33:27] [Server thread/WARN]: Can't keep up! Is the server overloaded? Running 2480ms or 49 ticks behind
[03:52:34] [Server thread/INFO]: Player shuijiao is already logged on
[04:02:43] [Server thread/WARN]: Can't keep up! Is the server overloaded? Running 2395ms or 47 ticks behind
[04:03:00] [Server thread/WARN]: Can't keep up! Is the server overloaded? Running 2654ms or 53 ticks behind
[04:08:01] [Server thread/WARN]: Can't keep up! Is the server overloaded? Running 2262ms or 45 ticks behind
[04:41:20] [Server thread/WARN]: Can't keep up! Is the server overloaded? Running 2263ms or 45 ticks behind
[04:44:11] [Server thread/WARN]: Can't keep up! Is the server overloaded? Running 3381ms or 67 ticks behind
[04:52:33] [Server thread/INFO]: Player shuijiao is already logged on
[05:52:32] [Server thread/INFO]: Player shuijiao is already logged on
[06:52:31] [Server thread/INFO]: Player shuijiao is already logged on
[07:26:16] [Server thread/WARN]: Can't keep up! Is the server overloaded? Running 3198ms or 63 ticks behind
[07:26:37] [Server thread/WARN]: Can't keep up! Is the server overloaded? Running 5658ms or 113 ticks behind
[07:27:55] [Server thread/WARN]: Can't keep up! Is the server overloaded? Running 2742ms or 54 ticks behind
[07:28:12] [Server thread/WARN]: Can't keep up! Is the server overloaded? Running 2054ms or 41 ticks behind
[07:52:32] [Server thread/INFO]: Player shuijiao is already logged on
[08:52:31] [Server thread/INFO]: Player shuijiao is already logged on
[09:52:32] [Server thread/INFO]: Player shuijiao is already logged on
[10:52:31] [Server thread/INFO]: Player shuijiao is already logged on
[11:43:20] [Server thread/WARN]: Can't keep up! Is the server overloaded? Running 3512ms or 70 ticks behind
[11:43:38] [Server thread/WARN]: Can't keep up! Is the server overloaded? Running 2530ms or 50 ticks behind
[11:52:33] [Server thread/INFO]: Player shuijiao is already logged on
[12:52:32] [Server thread/INFO]: Player shuijiao is already logged on
[13:52:30] [Server thread/INFO]: Player shuijiao is already logged on
[14:52:30] [Server thread/INFO]: Player shuijiao is already logged on
[15:03:28] [Server thread/WARN]: Can't keep up! Is the server overloaded? Running 2136ms or 42 ticks behind
[15:52:32] [Server thread/INFO]: Player shuijiao is already logged on
[16:52:29] [Server thread/INFO]: Player shuijiao is already logged on
[16:58:11] [Server thread/WARN]: Can't keep up! Is the server overloaded? Running 2147ms or 42 ticks behind
[17:52:31] [Server thread/INFO]: Player shuijiao is already logged on
[18:43:18] [Server thread/INFO]: MikeOvO[/101.132.153.204:50953] logged in with entity id 704075 at (-310.4662112816927, 66.0, 364.1389371397284)
[18:43:18] [Server thread/INFO]: MikeOvO joined the game
[18:43:18] [Netty Epoll Server IO #0/WARN]: Received invalid identifier in minecraft:register: legacy:fml|hs (Non [a-z0-9/._-] character in path of location: legacy:fml|hs)
[18:43:21] [Server thread/WARN]: Can't keep up! Is the server overloaded? Running 2915ms or 58 ticks behind
[18:43:47] [Server thread/WARN]: Can't keep up! Is the server overloaded? Running 11773ms or 235 ticks behind
[18:43:48] [Server thread/INFO]: MikeOvO lost connection: Timed out
[18:43:48] [Server thread/INFO]: MikeOvO left the game
[18:44:05] [Server thread/WARN]: Can't keep up! Is the server overloaded? Running 2484ms or 49 ticks behind
[18:44:55] [Server thread/WARN]: Can't keep up! Is the server overloaded? Running 3028ms or 60 ticks behind
[18:46:00] [Server thread/INFO]: MikeOvO[/101.132.153.204:44379] logged in with entity id 704460 at (-310.4662112816927, 66.0, 364.1389371397284)
[18:46:00] [Server thread/INFO]: MikeOvO joined the game
[18:46:00] [Netty Epoll Server IO #3/WARN]: Received invalid identifier in minecraft:register: legacy:fml|hs (Non [a-z0-9/._-] character in path of location: legacy:fml|hs)
[18:46:05] [Server thread/WARN]: Can't keep up! Is the server overloaded? Running 3203ms or 64 ticks behind
[18:46:31] [Server thread/INFO]: MikeOvO lost connection: Disconnected
[18:46:31] [Server thread/INFO]: MikeOvO left the game
[18:46:33] [Server thread/WARN]: Can't keep up! Is the server overloaded? Running 13207ms or 264 ticks behind
[18:46:34] [Server thread/INFO]: MikeOvO[/101.132.153.204:57817] logged in with entity id 704814 at (-311.58284644416887, 66.0, 364.7146214007587)
[18:46:35] [Server thread/INFO]: MikeOvO joined the game
[18:46:35] [Netty Epoll Server IO #5/WARN]: Received invalid identifier in minecraft:register: legacy:fml|hs (Non [a-z0-9/._-] character in path of location: legacy:fml|hs)
[18:46:53] [Server thread/WARN]: Can't keep up! Is the server overloaded? Running 4680ms or 93 ticks behind
[18:47:06] [Server thread/INFO]: MikeOvO lost connection: Disconnected
[18:47:06] [Server thread/INFO]: MikeOvO left the game
[18:47:09] [Server thread/INFO]: MikeOvO[/101.132.153.204:37839] logged in with entity id 705319 at (-312.69999998807907, 67.0, 366.93963975236665)
[18:47:13] [Server thread/INFO]: MikeOvO joined the game
[18:47:13] [Server thread/WARN]: Can't keep up! Is the server overloaded? Running 3449ms or 68 ticks behind
[18:47:13] [Netty Epoll Server IO #6/WARN]: Received invalid identifier in minecraft:register: legacy:fml|hs (Non [a-z0-9/._-] character in path of location: legacy:fml|hs)
[18:47:34] [Server thread/WARN]: Can't keep up! Is the server overloaded? Running 6107ms or 122 ticks behind
[18:47:41] [Server thread/INFO]: MikeOvO lost connection: Disconnected
[18:47:41] [Server thread/INFO]: MikeOvO left the game
[18:47:44] [Server thread/INFO]: MikeOvO[/101.132.153.204:46275] logged in with entity id 705744 at (-312.17515246760195, 67.0, 367.3062973547489)
[18:47:44] [Server thread/INFO]: MikeOvO joined the game
[18:47:44] [Netty Epoll Server IO #0/WARN]: Received invalid identifier in minecraft:register: legacy:fml|hs (Non [a-z0-9/._-] character in path of location: legacy:fml|hs)
[18:47:53] [Server thread/WARN]: Can't keep up! Is the server overloaded? Running 4171ms or 83 ticks behind
[18:48:15] [Server thread/INFO]: MikeOvO lost connection: Disconnected
[18:48:15] [Server thread/INFO]: MikeOvO left the game
[18:48:19] [Server thread/INFO]: MikeOvO[/101.132.153.204:34617] logged in with entity id 706277 at (-311.6687672094019, 70.0, 363.9571725494889)
[18:48:19] [Server thread/INFO]: MikeOvO joined the game
[18:48:19] [Netty Epoll Server IO #2/WARN]: Received invalid identifier in minecraft:register: legacy:fml|hs (Non [a-z0-9/._-] character in path of location: legacy:fml|hs)
[18:48:44] [Server thread/WARN]: Can't keep up! Is the server overloaded? Running 2997ms or 59 ticks behind
[18:49:06] [Server thread/WARN]: Can't keep up! Is the server overloaded? Running 6899ms or 137 ticks behind
[18:49:28] [Server thread/WARN]: Can't keep up! Is the server overloaded? Running 2073ms or 41 ticks behind
[18:49:51] [Server thread/WARN]: Can't keep up! Is the server overloaded? Running 5389ms or 107 ticks behind
[18:50:15] [Server thread/WARN]: Can't keep up! Is the server overloaded? Running 3390ms or 67 ticks behind
[18:50:43] [Server thread/WARN]: Can't keep up! Is the server overloaded? Running 12725ms or 254 ticks behind
[18:51:05] [Server thread/WARN]: Can't keep up! Is the server overloaded? Running 7739ms or 154 ticks behind
[18:51:18] [Server thread/INFO]: MikeOvO lost connection: Disconnected
[18:51:18] [Server thread/INFO]: MikeOvO left the game
[18:51:33] [Server thread/WARN]: Can't keep up! Is the server overloaded? Running 2546ms or 50 ticks behind
[18:52:32] [Server thread/INFO]: Player shuijiao is already logged on
[18:52:32] [Server thread/WARN]: Can't keep up! Is the server overloaded? Running 2656ms or 53 ticks behind
[18:53:15] [Server thread/WARN]: Can't keep up! Is the server overloaded? Running 2691ms or 53 ticks behind
[19:05:49] [Server thread/WARN]: Can't keep up! Is the server overloaded? Running 2549ms or 50 ticks behind
[19:45:52] [Server thread/WARN]: Can't keep up! Is the server overloaded? Running 2609ms or 52 ticks behind
[19:46:50] [Server thread/WARN]: Can't keep up! Is the server overloaded? Running 2642ms or 52 ticks behind
[19:47:27] [Server thread/WARN]: Can't keep up! Is the server overloaded? Running 2515ms or 50 ticks behind
[19:48:20] [Server thread/WARN]: Can't keep up! Is the server overloaded? Running 2573ms or 51 ticks behind
[19:49:03] [Server thread/WARN]: Can't keep up! Is the server overloaded? Running 2426ms or 48 ticks behind
[19:50:29] [Server thread/WARN]: Can't keep up! Is the server overloaded? Running 2541ms or 50 ticks behind
[19:52:16] [Server thread/WARN]: Can't keep up! Is the server overloaded? Running 2520ms or 50 ticks behind
[19:52:31] [Server thread/INFO]: Player shuijiao is already logged on
[19:58:04] [Server thread/WARN]: Can't keep up! Is the server overloaded? Running 3294ms or 65 ticks behind
[20:52:30] [Server thread/INFO]: Player shuijiao is already logged on
[21:52:30] [Server thread/INFO]: Player shuijiao is already logged on
[22:52:30] [Server thread/INFO]: Player shuijiao is already logged on
[23:21:37] [Server thread/WARN]: Can't keep up! Is the server overloaded? Running 4129ms or 82 ticks behind
[23:52:30] [Server thread/INFO]: Player shuijiao is already logged on
