[06:01:06] [main/INFO]: Loading for game Minecraft 1.15.2
[06:01:10] [main/WARN]: Mod `jankson` (2.0.0+j1.2.0) uses 'requires' key in fabric.mod.json, which is not supported - use 'depends'
[06:01:10] [main/INFO]: [FabricLoader] Loading 44 mods: minecraft@1.15.2, fabric-networking-blockentity-v0@0.2.3+e08a73050c, fabric-renderer-api-v1@0.2.10+f08b61330c, fabric-keybindings-v0@0.1.1+dfdb52d60c, jankson@2.0.0+j1.2.0, fabricloader@0.7.8+build.189, phosphor@0.5.2+build.6, fabric-renderer-indigo@0.2.23+9290e2ed0c, fabric-containers-v0@0.1.3+b7f9825d0c, lithium@0.4.6, fabric-dimensions-v1@0.3.0+2ad156310c, org_apache_commons_commons-compress@1.9, fabric-biomes-v1@0.1.5+3b05f68e0c, fabric-events-interaction-v0@0.3.0+fac69e320c, fabric-crash-report-info-v1@0.1.2+b7f9825d0c, fabric-api-base@0.1.2+b7f9825d0c, fabric-rendering-v0@1.1.0+534104900c, fabric-rendering-v1@0.1.0+534104900c, fabric-rendering-data-attachment-v1@0.1.3+b7f9825d0c, mm@2.0, fabric-resource-loader-v0@0.1.10+06c939b30c, fabric-textures-v0@1.0.4+821cdba70c, fabric-content-registries-v0@0.1.3+b7f9825d0c, fabric-tag-extensions-v0@0.1.3+abd915800c, fabric-rendering-fluids-v1@0.1.6+12515ed90c, fabric-commands-v0@0.1.2+b7f9825d0c, fabric-registry-sync-v0@0.2.6+f3d8141b0c, com_moandjiezana_toml_toml4j@0.7.2, cotton-logging@1.0.0-rc.4, fabric-blockrenderlayer-v1@1.1.4+c6a8ea890c, textile_backup@1.1.0-1.15, fabric-mining-levels-v0@0.1.1+b7f9825d0c, fabric-renderer-registries-v1@2.0.1+5a0f9a600c, carpet-extra@1.3.15, fabric-events-lifecycle-v0@0.1.2+b7f9825d0c, fabric-loot-tables-v1@0.1.5+e08a73050c, fabric@0.5.1+build.294-1.15, carpet@1.3.15, fabric-item-groups-v0@0.1.6+ec40b2e10c, fabric-models-v0@0.1.0+dfdb52d60c, fabric-particles-v1@0.1.1+dfdb52d60c, fabric-networking-v0@0.1.7+12515ed90c, fabric-object-builders-v0@0.1.3+e4c9a9c30c, cotton-config@1.0.0-rc.7
[06:01:10] [main/INFO]: SpongePowered MIXIN Subsystem Version=0.8 Source=file:/C:/Server/skimit_survival/fabric-server-launch.jar Service=Knot/Fabric Env=SERVER
[06:01:11] [main/INFO]: Lithium's configuration file was loaded successfully
[06:01:13] [main/INFO]: Not applying mixin 'me.jellysquid.mods.lithium.mixin.chunk.no_chunk_locking.MixinPalettedContainer' as no configuration enables it
[06:01:13] [main/INFO]: Not applying mixin 'me.jellysquid.mods.lithium.mixin.redstone.MixinRedstoneWireBlock' as no configuration enables it
[06:01:13] [main/INFO]: Not applying mixin 'me.jellysquid.mods.lithium.mixin.redstone.MixinWorld' as no configuration enables it
[06:01:17] [main/INFO]: Transforming class net/minecraft/class_2382 using patch set 'Modify mutability flags in Vec3i'
[06:01:25] [main/INFO]: Transforming class net/minecraft/class_2338$class_2339 using patch set 'Use mutable fields in Vec3i'
[06:02:23] [main/WARN]: Ambiguity between arguments [teleport, destination] and [teleport, targets] with inputs: [Player, 0123, @e, dd12be42-52a9-4a91-a8a1-11c01849e498]
[06:02:23] [main/WARN]: Ambiguity between arguments [teleport, location] and [teleport, destination] with inputs: [0.1 -0.5 .9, 0 0 0]
[06:02:23] [main/WARN]: Ambiguity between arguments [teleport, location] and [teleport, targets] with inputs: [0.1 -0.5 .9, 0 0 0]
[06:02:23] [main/WARN]: Ambiguity between arguments [teleport, targets] and [teleport, destination] with inputs: [Player, 0123, dd12be42-52a9-4a91-a8a1-11c01849e498]
[06:02:23] [main/WARN]: Ambiguity between arguments [teleport, targets, location] and [teleport, targets, destination] with inputs: [0.1 -0.5 .9, 0 0 0]
[06:02:31] [main/INFO]: Definitely not up to no good
[06:02:31] [main/INFO]: [TextileBackup]: Loading TextileBackup by Szum123321
[06:02:35] [Server thread/INFO]: Starting minecraft server version 1.15.2
[06:02:35] [Server thread/INFO]: Loading properties
[06:02:35] [Server thread/INFO]: Default game type: SURVIVAL
[06:02:35] [Server thread/INFO]: Generating keypair
[06:02:39] [Server thread/INFO]: Starting Minecraft server on *:26565
[06:02:40] [Server thread/INFO]: Using default channel type
[06:02:46] [Server thread/WARN]: **** SERVER IS RUNNING IN OFFLINE/INSECURE MODE!
[06:02:46] [Server thread/WARN]: The server will make no attempt to authenticate usernames. Beware.
[06:02:46] [Server thread/WARN]: While this makes the game possible to play without internet access, it also opens up the ability for hackers to connect with any username they choose.
[06:02:46] [Server thread/WARN]: To change this, set "online-mode" to "true" in the server.properties file.
[06:02:49] [Server thread/INFO]: Preparing level "skimit"
[06:02:49] [Server thread/INFO]: [CM]: loaded setting commandDraw as false from carpet.conf
[06:02:49] [Server thread/INFO]: [CM]: loaded setting rotatorBlock as true from carpet.conf
[06:02:49] [Server thread/INFO]: [CM]: loaded setting combineXPOrbs as true from carpet.conf
[06:02:49] [Server thread/INFO]: [CM]: loaded setting onePlayerSleeping as true from carpet.conf
[06:02:49] [Server thread/INFO]: [CM]: loaded setting portalSuffocationFix as true from carpet.conf
[06:02:49] [Server thread/INFO]: [CM]: loaded setting leadFix as true from carpet.conf
[06:02:49] [Server thread/INFO]: [CM]: loaded setting antiCheatDisabled as true from carpet.conf
[06:02:49] [Server thread/INFO]: [CM]: loaded setting defaultLoggers as tps,mobcaps from carpet.conf
[06:02:49] [Server thread/INFO]: [CM]: loaded setting commandCameramode as false from carpet.conf
[06:02:49] [Server thread/INFO]: [CM]: loaded setting unloadedEntityFix as true from carpet.conf
[06:02:49] [Server thread/INFO]: [CM]: loaded setting ctrlQCraftingFix as true from carpet.conf
[06:02:49] [Server thread/INFO]: [fabric-registry-sync] Loaded registry data [file 1/4]
[06:02:49] [Server thread/INFO]: Reloading ResourceManager: Default, bukkit, Fabric Mining Levels (v0)
[06:02:51] [Server thread/INFO]: Loaded 6 recipes
[06:02:53] [Server thread/INFO]: Loaded 825 advancements
[06:02:56] [Server thread/INFO]: Preparing start region for dimension minecraft:overworld
[06:03:02] [Server thread/INFO]: Preparing spawn area: 0%
[06:03:02] [Server thread/INFO]: Preparing spawn area: 0%
[06:03:02] [Server thread/INFO]: Preparing spawn area: 0%
[06:03:02] [Server thread/INFO]: Preparing spawn area: 0%
[06:03:02] [Server thread/INFO]: Preparing spawn area: 0%
[06:03:02] [Server thread/INFO]: Preparing spawn area: 0%
[06:03:02] [Server thread/INFO]: Preparing spawn area: 0%
[06:03:02] [Server thread/INFO]: Preparing spawn area: 0%
[06:03:02] [Server thread/INFO]: Preparing spawn area: 0%
[06:03:02] [Server thread/INFO]: Preparing spawn area: 0%
[06:03:02] [Server thread/INFO]: Preparing spawn area: 0%
[06:03:02] [Server thread/INFO]: Preparing spawn area: 0%
[06:03:02] [Server thread/INFO]: Preparing spawn area: 0%
[06:03:03] [Server-Worker-3/INFO]: Preparing spawn area: 0%
[06:03:04] [Server-Worker-3/INFO]: Preparing spawn area: 0%
[06:03:04] [Server-Worker-3/INFO]: Preparing spawn area: 0%
[06:03:04] [Server-Worker-3/INFO]: Preparing spawn area: 0%
[06:03:05] [Server-Worker-3/INFO]: Preparing spawn area: 0%
[06:03:05] [Server-Worker-3/INFO]: Preparing spawn area: 0%
[06:03:06] [Server thread/INFO]: Preparing spawn area: 0%
[06:03:06] [Server thread/INFO]: Preparing spawn area: 0%
[06:03:08] [Server thread/INFO]: Time elapsed: 11672 ms
[06:03:08] [Server thread/INFO]: Done (19.339s)! For help, type "help"
[06:03:08] [Server thread/INFO]: Starting remote control listener
[06:03:08] [RCON Listener #1/INFO]: RCON running on 0.0.0.0:25636
[06:03:11] [Server thread/WARN]: Can't keep up! Is the server overloaded? Running 2556ms or 51 ticks behind
[07:00:11] [Server thread/INFO]: Cora_cold[/127.0.0.1:51289] logged in with entity id 526 at (-381.66115614887127, 69.0, 522.9225102913936)
[07:00:11] [Netty Server IO #0/WARN]: Received invalid identifier in minecraft:register: legacy:fml|hs (Non [a-z0-9/._-] character in path of location: legacy:fml|hs)
[07:00:11] [Server thread/INFO]: Cora_cold joined the game
[07:00:12] [Server thread/INFO]: [TextileBackup]: Backup started by: SERVER on: 2020-05-17_07-00-12
[07:00:12] [Server thread/INFO]: [TextileBackup]: Saving server...
[07:00:13] [Thread-54/INFO]: [TextileBackup]: Starting compression...
[07:00:13] [Server thread/WARN]: Can't keep up! Is the server overloaded? Running 3004ms or 60 ticks behind
[07:00:52] [Server thread/WARN]: Can't keep up! Is the server overloaded? Running 24167ms or 483 ticks behind
[07:01:22] [Server thread/WARN]: Can't keep up! Is the server overloaded? Running 15162ms or 303 ticks behind
[07:01:42] [Server thread/WARN]: Can't keep up! Is the server overloaded? Running 4728ms or 94 ticks behind
[07:02:04] [Server thread/WARN]: Can't keep up! Is the server overloaded? Running 6650ms or 133 ticks behind
[07:02:29] [Server thread/WARN]: Can't keep up! Is the server overloaded? Running 10799ms or 215 ticks behind
[07:02:56] [Server thread/WARN]: Can't keep up! Is the server overloaded? Running 11460ms or 229 ticks behind
[07:03:15] [Server thread/WARN]: Can't keep up! Is the server overloaded? Running 4532ms or 90 ticks behind
[07:03:38] [Thread-54/INFO]: [TextileBackup]: Compression finished
[07:03:39] [Thread-54/INFO]: [TextileBackup]: Deleting: 2020-05-16_11-58-33.zip
[07:03:39] [Thread-54/INFO]: [TextileBackup]: Done!
[07:04:33] [Server thread/WARN]: Can't keep up! Is the server overloaded? Running 2010ms or 40 ticks behind
[07:13:27] [Server thread/INFO]: There are 1 of a max 8 players online: Cora_cold
[07:13:33] [Server thread/WARN]: Fetching packet for removed entity class_1542['Iron Ingot'/3471, l='skimit', x=-144.98, y=81.00, z=208.13]
[07:20:07] [Server thread/WARN]: Mismatch in destroy block pos: class_2338{x=-45, y=19, z=184} class_2338{x=-45, y=18, z=184}
[07:20:07] [Server thread/WARN]: Mismatch in destroy block pos: class_2338{x=-45, y=19, z=184} class_2338{x=-45, y=18, z=184}
[07:20:07] [Server thread/WARN]: Mismatch in destroy block pos: class_2338{x=-45, y=19, z=184} class_2338{x=-45, y=18, z=184}
[07:20:07] [Server thread/WARN]: Mismatch in destroy block pos: class_2338{x=-45, y=19, z=184} class_2338{x=-45, y=18, z=184}
[07:20:08] [Server thread/WARN]: Mismatch in destroy block pos: class_2338{x=-45, y=19, z=184} class_2338{x=-45, y=18, z=184}
[07:20:08] [Server thread/WARN]: Mismatch in destroy block pos: class_2338{x=-45, y=19, z=184} class_2338{x=-45, y=18, z=184}
[07:20:08] [Server thread/WARN]: Mismatch in destroy block pos: class_2338{x=-45, y=19, z=184} class_2338{x=-45, y=18, z=184}
[07:20:08] [Server thread/WARN]: Mismatch in destroy block pos: class_2338{x=-45, y=19, z=184} class_2338{x=-45, y=18, z=184}
[07:20:09] [Server thread/WARN]: Mismatch in destroy block pos: class_2338{x=-46, y=19, z=183} class_2338{x=-44, y=19, z=182}
[07:23:43] [Server thread/INFO]: Invalid chat component: Use JsonReader.setLenient(true) to accept malformed JSON at line 1 column 2 path $[0]
[07:23:43] [Server thread/INFO]: ....obsidian [<黑曜石挖掘榜>]<--[HERE]
[07:24:12] [Server thread/INFO]: Created new objective [黑曜石挖掘榜]
[07:24:44] [Server thread/INFO]: Incorrect argument for command
[07:24:44] [Server thread/INFO]: scoreboard <--[HERE]
[07:31:32] [Server thread/WARN]: Mismatch in destroy block pos: class_2338{x=-65, y=13, z=156} class_2338{x=-65, y=13, z=155}
[07:31:32] [Server thread/WARN]: Mismatch in destroy block pos: class_2338{x=-65, y=13, z=156} class_2338{x=-65, y=13, z=155}
[07:31:32] [Server thread/WARN]: Mismatch in destroy block pos: class_2338{x=-65, y=13, z=156} class_2338{x=-65, y=13, z=155}
[07:31:32] [Server thread/WARN]: Mismatch in destroy block pos: class_2338{x=-66, y=13, z=156} class_2338{x=-65, y=13, z=155}
[07:31:32] [Server thread/WARN]: Mismatch in destroy block pos: class_2338{x=-65, y=13, z=156} class_2338{x=-65, y=13, z=155}
[07:31:32] [Server thread/WARN]: Mismatch in destroy block pos: class_2338{x=-65, y=13, z=156} class_2338{x=-65, y=13, z=155}
[07:31:32] [Server thread/WARN]: Mismatch in destroy block pos: class_2338{x=-65, y=13, z=156} class_2338{x=-65, y=13, z=155}
[07:31:33] [Server thread/WARN]: Mismatch in destroy block pos: class_2338{x=-65, y=13, z=156} class_2338{x=-65, y=13, z=155}
[07:31:33] [Server thread/WARN]: Mismatch in destroy block pos: class_2338{x=-65, y=13, z=156} class_2338{x=-65, y=13, z=155}
[07:31:33] [Server thread/WARN]: Mismatch in destroy block pos: class_2338{x=-65, y=13, z=156} class_2338{x=-65, y=13, z=155}
[07:32:01] [Server thread/WARN]: Mismatch in destroy block pos: class_2338{x=-66, y=8, z=153} class_2338{x=-66, y=6, z=153}
[07:32:01] [Server thread/WARN]: Mismatch in destroy block pos: class_2338{x=-65, y=8, z=154} class_2338{x=-66, y=6, z=153}
[07:32:01] [Server thread/WARN]: Mismatch in destroy block pos: class_2338{x=-66, y=8, z=154} class_2338{x=-66, y=6, z=153}
[07:32:01] [Server thread/WARN]: Mismatch in destroy block pos: class_2338{x=-65, y=8, z=154} class_2338{x=-66, y=6, z=153}
[07:32:31] [Server thread/WARN]: Mismatch in destroy block pos: class_2338{x=-58, y=13, z=164} class_2338{x=-60, y=13, z=163}
[07:32:32] [Server thread/WARN]: Mismatch in destroy block pos: class_2338{x=-62, y=11, z=160} class_2338{x=-62, y=11, z=159}
[07:32:33] [Server thread/WARN]: Mismatch in destroy block pos: class_2338{x=-62, y=11, z=160} class_2338{x=-62, y=11, z=159}
[07:32:59] [Server thread/WARN]: Mismatch in destroy block pos: class_2338{x=-61, y=10, z=161} class_2338{x=-61, y=9, z=161}
[07:32:59] [Server thread/WARN]: Mismatch in destroy block pos: class_2338{x=-61, y=10, z=161} class_2338{x=-61, y=9, z=161}
[07:32:59] [Server thread/WARN]: Mismatch in destroy block pos: class_2338{x=-61, y=10, z=161} class_2338{x=-61, y=9, z=161}
[07:32:59] [Server thread/WARN]: Mismatch in destroy block pos: class_2338{x=-61, y=10, z=161} class_2338{x=-61, y=9, z=161}
[07:32:59] [Server thread/WARN]: Mismatch in destroy block pos: class_2338{x=-61, y=10, z=161} class_2338{x=-61, y=9, z=161}
[07:32:59] [Server thread/WARN]: Mismatch in destroy block pos: class_2338{x=-61, y=10, z=161} class_2338{x=-61, y=9, z=161}
[07:32:59] [Server thread/WARN]: Mismatch in destroy block pos: class_2338{x=-61, y=10, z=161} class_2338{x=-61, y=9, z=161}
[07:32:59] [Server thread/WARN]: Mismatch in destroy block pos: class_2338{x=-61, y=10, z=161} class_2338{x=-61, y=9, z=161}
[07:33:29] [Server thread/WARN]: Mismatch in destroy block pos: class_2338{x=-58, y=12, z=167} class_2338{x=-58, y=13, z=167}
[07:33:29] [Server thread/WARN]: Mismatch in destroy block pos: class_2338{x=-58, y=12, z=167} class_2338{x=-58, y=13, z=167}
[07:33:30] [Server thread/WARN]: Mismatch in destroy block pos: class_2338{x=-59, y=13, z=166} class_2338{x=-58, y=11, z=163}
[07:33:30] [Server thread/WARN]: Mismatch in destroy block pos: class_2338{x=-58, y=10, z=163} class_2338{x=-58, y=11, z=163}
[07:33:45] [Server thread/WARN]: Mismatch in destroy block pos: class_2338{x=-52, y=13, z=166} class_2338{x=-52, y=12, z=166}
[07:33:45] [Server thread/WARN]: Mismatch in destroy block pos: class_2338{x=-52, y=13, z=166} class_2338{x=-52, y=12, z=166}
[07:33:45] [Server thread/WARN]: Mismatch in destroy block pos: class_2338{x=-52, y=13, z=166} class_2338{x=-52, y=12, z=166}
[07:33:45] [Server thread/WARN]: Mismatch in destroy block pos: class_2338{x=-52, y=13, z=166} class_2338{x=-52, y=12, z=166}
[07:37:15] [Server thread/WARN]: Mismatch in destroy block pos: class_2338{x=-55, y=9, z=175} class_2338{x=-55, y=7, z=175}
[07:37:15] [Server thread/WARN]: Mismatch in destroy block pos: class_2338{x=-55, y=9, z=175} class_2338{x=-55, y=7, z=175}
[07:37:15] [Server thread/WARN]: Mismatch in destroy block pos: class_2338{x=-55, y=9, z=175} class_2338{x=-55, y=7, z=175}
[07:37:31] [Server thread/WARN]: Mismatch in destroy block pos: class_2338{x=-42, y=13, z=175} class_2338{x=-43, y=13, z=174}
[07:37:36] [Server thread/WARN]: Mismatch in destroy block pos: class_2338{x=-35, y=13, z=175} class_2338{x=-34, y=13, z=175}
[07:37:43] [Server thread/WARN]: Mismatch in destroy block pos: class_2338{x=-54, y=13, z=185} class_2338{x=-55, y=12, z=184}
[07:38:09] [Server thread/WARN]: Mismatch in destroy block pos: class_2338{x=-47, y=13, z=176} class_2338{x=-46, y=13, z=176}
[07:38:19] [Server thread/WARN]: Mismatch in destroy block pos: class_2338{x=-44, y=11, z=177} class_2338{x=-44, y=13, z=181}
[07:38:19] [Server thread/WARN]: Mismatch in destroy block pos: class_2338{x=-44, y=11, z=177} class_2338{x=-44, y=13, z=181}
[07:48:43] [Server thread/INFO]: Cora_cold lost connection: Disconnected
[07:48:43] [Server thread/INFO]: Cora_cold left the game
[09:48:58] [Server thread/INFO]: Cora_cold[/127.0.0.1:57161] logged in with entity id 18023 at (-55.617055007865886, 11.0, 184.08751115771696)
[09:48:58] [Netty Server IO #0/WARN]: Received invalid identifier in minecraft:register: legacy:fml|hs (Non [a-z0-9/._-] character in path of location: legacy:fml|hs)
[09:48:58] [Server thread/INFO]: Cora_cold joined the game
[09:48:58] [Server thread/INFO]: [TextileBackup]: Backup started by: SERVER on: 2020-05-17_09-48-58
[09:48:58] [Server thread/INFO]: [TextileBackup]: Saving server...
[09:48:59] [Thread-55/INFO]: [TextileBackup]: Starting compression...
[09:49:29] [Server thread/WARN]: Can't keep up! Is the server overloaded? Running 2042ms or 40 ticks behind
[09:49:47] [Server thread/WARN]: Can't keep up! Is the server overloaded? Running 2232ms or 44 ticks behind
[09:50:09] [Server thread/WARN]: Can't keep up! Is the server overloaded? Running 6970ms or 139 ticks behind
[09:50:36] [Server thread/WARN]: Can't keep up! Is the server overloaded? Running 11666ms or 233 ticks behind
[09:51:00] [Server thread/WARN]: Can't keep up! Is the server overloaded? Running 9917ms or 198 ticks behind
[09:51:15] [Thread-55/INFO]: [TextileBackup]: Compression finished
[09:51:15] [Thread-55/INFO]: [TextileBackup]: Deleting: 2020-05-16_12-58-34.zip
[09:51:15] [Thread-55/INFO]: [TextileBackup]: Done!
[09:51:19] [Server thread/WARN]: Can't keep up! Is the server overloaded? Running 4039ms or 80 ticks behind
[09:54:29] [Server thread/WARN]: Can't keep up! Is the server overloaded? Running 3227ms or 64 ticks behind
[09:54:42] [Server thread/WARN]: Fetching packet for removed entity class_1542['Air'/19736, l='skimit', x=-349.67, y=73.27, z=353.45]
[09:55:15] [Server thread/WARN]: Can't keep up! Is the server overloaded? Running 2302ms or 46 ticks behind
[09:58:22] [Server thread/INFO]: ChengXi123[/127.0.0.1:57476] logged in with entity id 20580 at (-24.25742396329956, 65.0, 262.38522822094836)
[09:58:22] [Netty Server IO #1/WARN]: Received invalid identifier in minecraft:register: legacy:fml|hs (Non [a-z0-9/._-] character in path of location: legacy:fml|hs)
[09:58:23] [Server thread/INFO]: ChengXi123 joined the game
[09:58:55] [Server thread/INFO]: <ChengXi123> hi
[09:59:04] [Server thread/INFO]: <Cora_cold> hi
[09:59:19] [Server thread/INFO]: <ChengXi123> 你什么时候挖的？
[10:00:19] [Server thread/WARN]: Can't keep up! Is the server overloaded? Running 2465ms or 49 ticks behind
[10:00:54] [Server thread/INFO]: <ChengXi123> 你在哪？
[10:01:13] [Server thread/INFO]: Alex[local] logged in with entity id 22395 at (-22.30000001192093, 61.0, 260.69999998807907)
[10:01:13] [Server thread/INFO]: Alex joined the game
[10:01:14] [Server thread/WARN]: Can't keep up! Is the server overloaded? Running 2346ms or 46 ticks behind
[10:04:43] [Server thread/WARN]: Mismatch in destroy block pos: class_2338{x=-88, y=7, z=190} class_2338{x=-89, y=8, z=190}
[10:08:28] [Server thread/INFO]: <Cora_cold> 你开了啥？
[10:08:36] [Server thread/INFO]: <Cora_cold> 仙人掌？
[10:08:38] [Server thread/INFO]: <ChengXi123> 经验熔炉
[10:08:59] [Server thread/INFO]: <Cora_cold> 那个村民繁殖坏了
[10:09:10] [Server thread/INFO]: <ChengXi123> 哪个？
[10:09:17] [Server thread/INFO]: <Cora_cold> 上面那个
[10:10:26] [Server thread/WARN]: Fetching packet for removed entity class_1542['Air'/28934, l='skimit', x=-149.75, y=6.12, z=251.32]
[10:10:26] [Server thread/WARN]: Fetching packet for removed entity class_1542['Air'/28934, l='skimit', x=-149.75, y=6.12, z=251.32]
[10:14:50] [Server thread/INFO]: <ChengXi123> 经验熔炉要挂一会才有效果
[10:17:38] [Server thread/WARN]: Mismatch in destroy block pos: class_2338{x=-87, y=8, z=201} class_2338{x=-87, y=7, z=201}
[10:18:19] [Server thread/INFO]: <Cora_cold> 我抓了两个鹦鹉
[10:18:36] [Server thread/INFO]: ChengXi123 lost connection: Disconnected
[10:18:36] [Server thread/INFO]: ChengXi123 left the game
[10:19:04] [Server thread/INFO]: ChengXi123[/127.0.0.1:58159] logged in with entity id 34820 at (-88.31575897056204, 8.0, 200.81855577487855)
[10:19:04] [Netty Server IO #0/WARN]: Received invalid identifier in minecraft:register: legacy:fml|hs (Non [a-z0-9/._-] character in path of location: legacy:fml|hs)
[10:19:04] [Server thread/INFO]: ChengXi123 joined the game
[10:19:13] [Server thread/INFO]: <ChengXi123> o
[10:21:04] [Server thread/INFO]: <Cora_cold> 用沙砾？
[10:22:23] [Server thread/WARN]: Mismatch in destroy block pos: class_2338{x=-99, y=5, z=189} class_2338{x=-98, y=5, z=189}
[10:24:05] [Server thread/INFO]: ChengXi123 lost connection: Timed out
[10:24:05] [Server thread/INFO]: ChengXi123 left the game
[10:24:05] [Server thread/WARN]: handleDisconnection() called twice
[10:27:22] [Server thread/INFO]: <Cora_cold> 1
[10:29:06] [Server thread/WARN]: Mismatch in destroy block pos: class_2338{x=-39, y=26, z=216} class_2338{x=-38, y=26, z=216}
[10:29:09] [Server thread/WARN]: Mismatch in destroy block pos: class_2338{x=-43, y=23, z=218} class_2338{x=-42, y=24, z=218}
[10:29:47] [Server thread/WARN]: Mismatch in destroy block pos: class_2338{x=-45, y=18, z=217} class_2338{x=-46, y=16, z=218}
[10:29:47] [Server thread/WARN]: Mismatch in destroy block pos: class_2338{x=-45, y=18, z=217} class_2338{x=-46, y=16, z=218}
[10:29:47] [Server thread/WARN]: Mismatch in destroy block pos: class_2338{x=-45, y=18, z=217} class_2338{x=-46, y=16, z=218}
[10:29:47] [Server thread/WARN]: Mismatch in destroy block pos: class_2338{x=-45, y=18, z=217} class_2338{x=-46, y=16, z=218}
[10:29:47] [Server thread/WARN]: Mismatch in destroy block pos: class_2338{x=-45, y=18, z=217} class_2338{x=-46, y=16, z=218}
[10:30:06] [Server thread/WARN]: Mismatch in destroy block pos: class_2338{x=-51, y=13, z=221} class_2338{x=-50, y=14, z=221}
[10:30:06] [Server thread/WARN]: Mismatch in destroy block pos: class_2338{x=-50, y=13, z=221} class_2338{x=-50, y=14, z=221}
[10:30:06] [Server thread/WARN]: Mismatch in destroy block pos: class_2338{x=-51, y=13, z=221} class_2338{x=-50, y=14, z=221}
[10:30:06] [Server thread/WARN]: Mismatch in destroy block pos: class_2338{x=-52, y=13, z=220} class_2338{x=-50, y=14, z=221}
[10:30:07] [Server thread/WARN]: Mismatch in destroy block pos: class_2338{x=-51, y=13, z=220} class_2338{x=-50, y=14, z=221}
[10:30:07] [Server thread/WARN]: Mismatch in destroy block pos: class_2338{x=-51, y=13, z=220} class_2338{x=-50, y=14, z=221}
[10:30:07] [Server thread/WARN]: Mismatch in destroy block pos: class_2338{x=-51, y=13, z=220} class_2338{x=-50, y=14, z=221}
[10:30:12] [Server thread/WARN]: Mismatch in destroy block pos: class_2338{x=-48, y=9, z=217} class_2338{x=-48, y=10, z=217}
[10:32:16] [Server thread/WARN]: Mismatch in destroy block pos: class_2338{x=-48, y=10, z=218} class_2338{x=-57, y=12, z=219}
[10:32:35] [Server thread/WARN]: Mismatch in destroy block pos: class_2338{x=-58, y=8, z=219} class_2338{x=-53, y=12, z=220}
[10:32:35] [Server thread/WARN]: Mismatch in destroy block pos: class_2338{x=-53, y=10, z=220} class_2338{x=-53, y=12, z=220}
[10:41:53] [Server thread/INFO]: <Cora_cold> w
[10:42:10] [Server thread/WARN]: Fetching packet for removed entity class_1303['Experience Orb'/52628, l='skimit', x=-49.08, y=6.00, z=164.70]
[10:48:05] [Server thread/WARN]: Mismatch in destroy block pos: class_2338{x=-8, y=8, z=184} class_2338{x=-9, y=9, z=184}
[10:48:05] [Server thread/WARN]: Mismatch in destroy block pos: class_2338{x=-8, y=8, z=184} class_2338{x=-9, y=9, z=184}
[10:48:57] [Server thread/INFO]: [TextileBackup]: Backup started by: SERVER on: 2020-05-17_10-48-57
[10:48:57] [Server thread/INFO]: [TextileBackup]: Saving server...
[10:48:58] [Thread-56/INFO]: [TextileBackup]: Starting compression...
[10:49:01] [Server thread/WARN]: Can't keep up! Is the server overloaded? Running 2521ms or 50 ticks behind
[10:49:28] [Server thread/WARN]: Can't keep up! Is the server overloaded? Running 11747ms or 234 ticks behind
[10:50:00] [Server thread/WARN]: Can't keep up! Is the server overloaded? Running 16449ms or 328 ticks behind
[10:50:28] [Server thread/WARN]: Can't keep up! Is the server overloaded? Running 13014ms or 260 ticks behind
[10:50:49] [Server thread/WARN]: Can't keep up! Is the server overloaded? Running 6493ms or 129 ticks behind
[10:51:11] [Server thread/WARN]: Can't keep up! Is the server overloaded? Running 6601ms or 132 ticks behind
[10:51:26] [Thread-56/INFO]: [TextileBackup]: Compression finished
[10:51:26] [Thread-56/INFO]: [TextileBackup]: Deleting: 2020-05-16_13-58-32.zip
[10:51:27] [Thread-56/INFO]: [TextileBackup]: Done!
[10:51:32] [Server thread/WARN]: Can't keep up! Is the server overloaded? Running 6286ms or 125 ticks behind
[10:54:20] [Server thread/WARN]: Can't keep up! Is the server overloaded? Running 2595ms or 51 ticks behind
[10:55:02] [Server thread/WARN]: Fetching packet for removed entity class_1542['Air'/63071, l='skimit', x=-383.29, y=71.26, z=477.69]
[10:55:08] [Server thread/WARN]: Fetching packet for removed entity class_1542['Air'/63160, l='skimit', x=-383.29, y=71.26, z=477.69]
[10:56:28] [Server thread/WARN]: Can't keep up! Is the server overloaded? Running 2387ms or 47 ticks behind
[10:56:47] [Server thread/WARN]: Can't keep up! Is the server overloaded? Running 4042ms or 80 ticks behind
[11:01:17] [Server thread/WARN]: Can't keep up! Is the server overloaded? Running 2005ms or 40 ticks behind
[11:01:36] [Server thread/WARN]: Can't keep up! Is the server overloaded? Running 2061ms or 41 ticks behind
[11:02:02] [Server thread/INFO]: ... Time warp completed with 0 tps, or Infinity mspt
[11:02:02] [Server thread/INFO]: [Cora_cold: Started spawn test for 72000 ticks]
[11:04:00] [Server thread/INFO]: [Cora_cold: Player Alex is already logged on]
[11:05:23] [Server thread/INFO]: [Cora_cold: Player Alex is already logged on]
[11:05:42] [Server thread/INFO]: Steve[local] logged in with entity id 71878 at (-400.9525430379896, 70.5625, 473.42726752882317)
[11:05:42] [Server thread/INFO]: Steve joined the game
[11:10:09] [Server thread/WARN]: Fetching packet for removed entity class_1542['Air'/75992, l='skimit', x=-387.24, y=71.26, z=471.95]
[11:10:09] [Server thread/WARN]: Fetching packet for removed entity class_1542['Air'/75992, l='skimit', x=-387.24, y=71.26, z=471.95]
[11:18:49] [Server thread/INFO]: Cora_cold lost connection: Disconnected
[11:18:49] [Server thread/INFO]: Cora_cold left the game
[11:18:54] [Server thread/INFO]: Cora_cold[/127.0.0.1:60159] logged in with entity id 84508 at (-161.01515406641437, 71.0, 394.33329947851695)
[11:18:54] [Netty Server IO #1/WARN]: Received invalid identifier in minecraft:register: legacy:fml|hs (Non [a-z0-9/._-] character in path of location: legacy:fml|hs)
[11:18:55] [Server thread/INFO]: Cora_cold joined the game
[11:20:21] [Server thread/WARN]: Fetching packet for removed entity class_1542['Air'/86444, l='skimit', x=-387.21, y=71.26, z=476.80]
[11:20:21] [Server thread/WARN]: Fetching packet for removed entity class_1542['Air'/86449, l='skimit', x=-386.28, y=71.26, z=475.74]
[11:20:21] [Server thread/WARN]: Fetching packet for removed entity class_1542['Air'/86454, l='skimit', x=-387.21, y=71.26, z=476.80]
[11:20:24] [Server thread/WARN]: Fetching packet for removed entity class_1542['Air'/86496, l='skimit', x=-387.21, y=71.26, z=476.80]
[11:20:24] [Server thread/WARN]: Fetching packet for removed entity class_1542['Air'/86507, l='skimit', x=-386.28, y=71.26, z=475.74]
[11:20:24] [Server thread/WARN]: Fetching packet for removed entity class_1542['Air'/86511, l='skimit', x=-387.21, y=71.26, z=476.80]
[11:20:25] [Server thread/WARN]: Fetching packet for removed entity class_1542['Air'/86516, l='skimit', x=-386.28, y=71.26, z=475.74]
[11:20:25] [Server thread/WARN]: Fetching packet for removed entity class_1542['Air'/86522, l='skimit', x=-387.21, y=71.26, z=476.80]
[11:27:25] [Server thread/WARN]: Fetching packet for removed entity class_1542['Air'/90170, l='skimit', x=-396.70, y=71.26, z=473.45]
[11:27:25] [Server thread/WARN]: Fetching packet for removed entity class_1542['Air'/90170, l='skimit', x=-396.70, y=71.26, z=473.45]
[11:27:46] [Server thread/INFO]: Cora_cold lost connection: Disconnected
[11:27:46] [Server thread/INFO]: Cora_cold left the game
[11:29:18] [Server thread/INFO]: Cora_cold[/127.0.0.1:60500] logged in with entity id 91091 at (-393.9309662501498, 69.9375, 476.3609549420763)
[11:29:18] [Netty Server IO #0/WARN]: Received invalid identifier in minecraft:register: legacy:fml|hs (Non [a-z0-9/._-] character in path of location: legacy:fml|hs)
[11:29:18] [Server thread/INFO]: Cora_cold joined the game
[11:29:32] [Server thread/INFO]: <Cora_cold> \
[11:31:25] [Server thread/INFO]: [Cora_cold: Can only manipulate existing players]
[11:31:31] [Server thread/INFO]: [Cora_cold: Can only manipulate existing players]
[11:31:36] [Server thread/INFO]: Steve lost connection: Killed
[11:31:36] [Server thread/INFO]: Steve left the game
[11:32:11] [Server thread/INFO]: Alex lost connection: Killed
[11:32:11] [Server thread/INFO]: Alex left the game
[11:34:07] [Server thread/WARN]: Fetching packet for removed entity class_1542['Air'/92756, l='skimit', x=-396.70, y=71.26, z=475.49]
[11:34:09] [Server thread/WARN]: Fetching packet for removed entity class_1542['Air'/92788, l='skimit', x=-396.70, y=71.26, z=475.49]
[11:34:10] [Server thread/WARN]: Fetching packet for removed entity class_1542['Air'/92812, l='skimit', x=-396.70, y=71.26, z=475.49]
[11:34:11] [Server thread/WARN]: Fetching packet for removed entity class_1542['Air'/92821, l='skimit', x=-396.70, y=71.26, z=475.49]
[11:34:11] [Server thread/WARN]: Fetching packet for removed entity class_1542['Air'/92824, l='skimit', x=-396.70, y=71.26, z=475.49]
[11:34:18] [Server thread/WARN]: Fetching packet for removed entity class_1542['Air'/92864, l='skimit', x=-395.95, y=71.26, z=476.17]
[11:34:45] [Server thread/WARN]: Fetching packet for removed entity class_1542['Air'/92969, l='skimit', x=-396.70, y=71.26, z=473.44]
[11:35:01] [Server thread/WARN]: Fetching packet for removed entity class_1542['Air'/93112, l='skimit', x=-394.32, y=71.26, z=478.62]
[11:35:04] [Server thread/WARN]: Fetching packet for removed entity class_1542['Air'/93154, l='skimit', x=-393.78, y=71.26, z=477.58]
[11:35:10] [Server thread/WARN]: Fetching packet for removed entity class_1542['Air'/93204, l='skimit', x=-390.40, y=71.26, z=480.49]
[11:40:18] [Server thread/WARN]: Can't keep up! Is the server overloaded? Running 3066ms or 61 ticks behind
[11:41:03] [Server thread/WARN]: Can't keep up! Is the server overloaded? Running 2335ms or 46 ticks behind
[11:41:30] [Server thread/WARN]: Can't keep up! Is the server overloaded? Running 2136ms or 42 ticks behind
[11:43:38] [Server thread/WARN]: Can't keep up! Is the server overloaded? Running 2134ms or 42 ticks behind
[11:44:18] [Server thread/INFO]: Cora_cold lost connection: Timed out
[11:44:18] [Server thread/INFO]: Cora_cold left the game
[11:44:23] [Server thread/INFO]: Cora_cold[/127.0.0.1:61038] logged in with entity id 96111 at (38.62851916967233, 114.0, 93.66551266269995)
[11:44:23] [Netty Server IO #1/WARN]: Received invalid identifier in minecraft:register: legacy:fml|hs (Non [a-z0-9/._-] character in path of location: legacy:fml|hs)
[11:44:23] [Server thread/INFO]: Cora_cold joined the game
[11:46:07] [Server thread/WARN]: Can't keep up! Is the server overloaded? Running 2225ms or 44 ticks behind
[11:46:28] [Server thread/WARN]: Fetching packet for removed entity class_1542['Air'/96918, l='skimit', x=-396.53, y=71.26, z=472.84]
[11:48:57] [Server thread/INFO]: [TextileBackup]: Backup started by: SERVER on: 2020-05-17_11-48-57
[11:48:57] [Server thread/INFO]: [TextileBackup]: Saving server...
[11:48:59] [Thread-57/INFO]: [TextileBackup]: Starting compression...
[11:49:00] [Server thread/WARN]: Can't keep up! Is the server overloaded? Running 2291ms or 45 ticks behind
[11:49:19] [Server thread/WARN]: Can't keep up! Is the server overloaded? Running 3501ms or 70 ticks behind
[11:49:52] [Server thread/WARN]: Can't keep up! Is the server overloaded? Running 2396ms or 47 ticks behind
[11:50:46] [Server thread/WARN]: Can't keep up! Is the server overloaded? Running 2352ms or 47 ticks behind
[11:51:03] [Server thread/WARN]: Can't keep up! Is the server overloaded? Running 2462ms or 49 ticks behind
[11:51:26] [Server thread/WARN]: Can't keep up! Is the server overloaded? Running 7567ms or 151 ticks behind
[11:51:26] [Thread-57/INFO]: [TextileBackup]: Compression finished
[11:51:26] [Thread-57/INFO]: [TextileBackup]: Deleting: 2020-05-16_15-18-29.zip
[11:51:26] [Thread-57/INFO]: [TextileBackup]: Done!
[11:56:30] [Server thread/WARN]: Can't keep up! Is the server overloaded? Running 2561ms or 51 ticks behind
[11:59:21] [Server thread/WARN]: Fetching packet for removed entity class_1542['Air'/99415, l='skimit', x=-391.23, y=71.26, z=477.16]
[12:03:56] [Server thread/INFO]: Villager class_1646['Villager'/96495, l='skimit', x=-406.13, y=63.90, z=461.55] died, message: 'Villager tried to swim in lava'
[12:04:41] [Server thread/INFO]: Cora_cold lost connection: Disconnected
[12:04:41] [Server thread/INFO]: Cora_cold left the game
[18:11:57] [Server thread/INFO]: yao_di[/127.0.0.1:58227] logged in with entity id 100130 at (-38.8076980546912, 78.0, 235.69999998807918)
[18:11:57] [Netty Server IO #0/WARN]: Received invalid identifier in minecraft:register: legacy:fml|hs (Non [a-z0-9/._-] character in path of location: legacy:fml|hs)
[18:11:57] [Server thread/INFO]: yao_di joined the game
[18:11:58] [Server thread/INFO]: [TextileBackup]: Backup started by: SERVER on: 2020-05-17_18-11-58
[18:11:58] [Server thread/INFO]: [TextileBackup]: Saving server...
[18:11:59] [Thread-58/INFO]: [TextileBackup]: Starting compression...
[18:12:00] [Server thread/WARN]: Can't keep up! Is the server overloaded? Running 3897ms or 77 ticks behind
[18:12:25] [Server thread/WARN]: Can't keep up! Is the server overloaded? Running 2376ms or 47 ticks behind
[18:13:06] [Server thread/WARN]: Can't keep up! Is the server overloaded? Running 25867ms or 517 ticks behind
[18:13:32] [Server thread/WARN]: Can't keep up! Is the server overloaded? Running 10795ms or 215 ticks behind
[18:13:55] [Server thread/WARN]: Can't keep up! Is the server overloaded? Running 7969ms or 159 ticks behind
[18:14:12] [Server thread/WARN]: Can't keep up! Is the server overloaded? Running 2273ms or 45 ticks behind
[18:14:19] [Thread-58/INFO]: [TextileBackup]: Compression finished
[18:14:19] [Thread-58/INFO]: [TextileBackup]: Deleting: 2020-05-16_17-49-09.zip
[18:14:19] [Thread-58/INFO]: [TextileBackup]: Done!
[18:14:33] [Server thread/INFO]: yao_di lost connection: Disconnected
[18:14:33] [Server thread/INFO]: yao_di left the game
