[00:20:16] [Server thread/WARN]: Can't keep up! Is the server overloaded? Running 2905ms or 58 ticks behind
[00:26:56] [Server thread/WARN]: Fetching packet for removed entity class_1542['Air'/642185, l='ServerLevel[world]', x=-89.65, y=7.00, z=283.67]
[00:52:38] [Server thread/INFO]: Player shuijiao is already logged on
[01:42:01] [Server thread/WARN]: Can't keep up! Is the server overloaded? Running 2862ms or 57 ticks behind
[01:42:22] [Server thread/WARN]: Can't keep up! Is the server overloaded? Running 2511ms or 50 ticks behind
[01:52:37] [Server thread/INFO]: Player shuijiao is already logged on
[02:52:39] [Server thread/INFO]: Player shuijiao is already logged on
[03:52:37] [Server thread/INFO]: Player shuijiao is already logged on
[04:43:55] [Server thread/WARN]: Can't keep up! Is the server overloaded? Running 3422ms or 68 ticks behind
[04:44:39] [Server thread/WARN]: Can't keep up! Is the server overloaded? Running 2214ms or 44 ticks behind
[04:52:40] [Server thread/INFO]: Player shuijiao is already logged on
[05:52:36] [Server thread/INFO]: Player shuijiao is already logged on
[06:02:23] [Server thread/WARN]: Can't keep up! Is the server overloaded? Running 3299ms or 65 ticks behind
[06:02:45] [Server thread/WARN]: Can't keep up! Is the server overloaded? Running 3202ms or 64 ticks behind
[06:43:53] [Server thread/WARN]: Can't keep up! Is the server overloaded? Running 2508ms or 50 ticks behind
[06:44:12] [Server thread/WARN]: Can't keep up! Is the server overloaded? Running 2448ms or 48 ticks behind
[06:44:52] [Server thread/WARN]: Can't keep up! Is the server overloaded? Running 2832ms or 56 ticks behind
[06:45:15] [Server thread/WARN]: Can't keep up! Is the server overloaded? Running 2293ms or 45 ticks behind
[06:52:38] [Server thread/INFO]: Player shuijiao is already logged on
[07:52:36] [Server thread/INFO]: Player shuijiao is already logged on
[08:52:38] [Server thread/INFO]: Player shuijiao is already logged on
[09:52:36] [Server thread/INFO]: Player shuijiao is already logged on
[10:52:35] [Server thread/INFO]: Player shuijiao is already logged on
[11:16:42] [Server thread/INFO]: Disconnecting com.mojang.authlib.GameProfile@3b717488[id=1efe14da-17b1-35eb-bf70-ec65c51083d5,name=EmiliaMajiTenshi,properties={},legacy=false] (/101.132.153.204:49711): You are not white-listed on this server!
[11:16:42] [Server thread/INFO]: com.mojang.authlib.GameProfile@3b717488[id=1efe14da-17b1-35eb-bf70-ec65c51083d5,name=EmiliaMajiTenshi,properties={},legacy=false] (/101.132.153.204:49711) lost connection: You are not white-listed on this server!
[11:16:56] [Server thread/WARN]: Can't keep up! Is the server overloaded? Running 2967ms or 59 ticks behind
[11:52:37] [Server thread/INFO]: Player shuijiao is already logged on
[12:16:18] [Server thread/WARN]: Can't keep up! Is the server overloaded? Running 2781ms or 55 ticks behind
[12:16:46] [Server thread/WARN]: Can't keep up! Is the server overloaded? Running 2102ms or 42 ticks behind
[12:17:05] [Server thread/WARN]: Can't keep up! Is the server overloaded? Running 3138ms or 62 ticks behind
[12:17:33] [Server thread/WARN]: Can't keep up! Is the server overloaded? Running 2067ms or 41 ticks behind
[12:21:27] [Server thread/WARN]: Can't keep up! Is the server overloaded? Running 2909ms or 58 ticks behind
[12:52:36] [Server thread/INFO]: Player shuijiao is already logged on
[13:52:35] [Server thread/INFO]: Player shuijiao is already logged on
[14:52:36] [Server thread/INFO]: Player shuijiao is already logged on
[15:52:35] [Server thread/INFO]: Player shuijiao is already logged on
[16:52:34] [Server thread/INFO]: Player shuijiao is already logged on
[17:52:35] [Server thread/INFO]: Player shuijiao is already logged on
[18:52:34] [Server thread/INFO]: Player shuijiao is already logged on
[19:52:35] [Server thread/INFO]: Player shuijiao is already logged on
[20:52:34] [Server thread/INFO]: Player shuijiao is already logged on
[21:52:33] [Server thread/INFO]: Player shuijiao is already logged on
[22:52:34] [Server thread/INFO]: Player shuijiao is already logged on
[23:50:19] [Server thread/WARN]: Fetching packet for removed entity class_1542['Air'/681263, l='ServerLevel[world]', x=-87.73, y=7.00, z=282.05]
[23:52:33] [Server thread/INFO]: Player shuijiao is already logged on
