[17:38:11] [main/INFO]: Loading for game Minecraft 1.16.1
[17:38:17] [main/INFO]: [FabricLoader] Loading 51 mods: fabric-renderer-api-v1@0.2.13+eae12eb87c, fabric-keybindings-v0@0.2.0+3fa9f7c57c, fabricloader@0.8.8+build.202, bbor@2.3-1.16.1, com_github_shevek_parallelgzip@master-SNAPSHOT, fabric-containers-v0@0.1.8+045df74f7c, lithium@0.5.0, fabric-dimensions-v1@1.0.0+a71b30537c, fabric-object-builder-api-v1@1.5.5+e00ecb5f7c, fabric-api-base@0.1.3+12a8474c7c, fabric-rendering-data-attachment-v1@0.1.3+b7f9825d7c, fabric-textures-v0@1.0.4+eae12eb87c, fabric-rendering-fluids-v1@0.1.7+12a8474c7c, cotton-logging@1.0.0-rc.4, fabric-blockrenderlayer-v1@1.1.4+c6a8ea897c, fabric-renderer-registries-v1@2.0.1+5a0f9a607c, carpet-extra@1.4.0, fabric-loot-tables-v1@0.1.10+059ea8667c, fabric@0.13.1+build.370-1.16, carpet@1.4.0, fabric-particles-v1@0.2.1+0a6f2a707c, fabric-networking-v0@0.1.10+e00ecb5f7c, cotton-config@1.0.0-rc.7, fabric-networking-blockentity-v0@0.2.5+b50ffc7b7c, minecraft@1.16.1, fabric-screen-handler-api-v1@1.0.1+f362c86e7c, here@0.0.8-mc1.16, fabric-command-api-v1@1.0.8+5ce533987c, jankson@3.0.0+j1.2.0, phosphor@0.6.0+build.7, fabric-tool-attribute-api-v1@1.1.4+5794386e7c, fabric-renderer-indigo@0.3.1+059ea8667c, org_apache_commons_commons-compress@1.19, fabric-biomes-v1@0.2.7+059ea8667c, fabric-events-interaction-v0@0.3.3+7066030f7c, fabric-crash-report-info-v1@0.1.2+b7f9825d7c, fabric-rendering-v0@1.1.0+534104907c, fabric-key-binding-api-v1@1.0.0+e16a97747c, fabric-rendering-v1@1.1.2+346247d77c, org_tukaani_xz@1.8, fabric-resource-loader-v0@0.2.5+059ea8667c, fabric-content-registries-v0@0.1.9+059ea8667c, fabric-tag-extensions-v0@0.2.5+5a6e8f4c7c, fabric-registry-sync-v0@0.3.8+7dba2d6c7c, fabric-commands-v0@0.2.0+52d308367c, textile_backup@1.2.3-1.16.1, fabric-mining-levels-v0@0.1.2+b764ce997c, fabric-events-lifecycle-v0@0.1.3+0d474ec47c, fabric-models-v0@0.1.0+dfdb52d67c, fabric-item-groups-v0@0.2.0+438f96367c, fabric-object-builders-v0@0.6.0+da175ad67c
[17:38:17] [main/WARN]: Mod `com_github_shevek_parallelgzip` (master-SNAPSHOT) does not respect SemVer - comparison support is limited.
[17:38:18] [main/INFO]: SpongePowered MIXIN Subsystem Version=0.8 Source=file:/C:/Server/skimit_survival/fabric-server-launch.jar Service=Knot/Fabric Env=SERVER
[17:38:25] [main/WARN]: @Mixin target net/minecraft/class_3898$class_3208 is public in fabric-networking-v0.mixins.json:MixinEntityTracker and should be specified in value
[17:38:29] [main/WARN]: @Mixin target net[17:39:01] [main/INFO]: Environment: authHost='https://authserver.mojang.com', accountsHost='https://api.mojang.com', sessionHost='https://sessionserver.mojang.com', name='PROD'
[17:39:20] [main/WARN]: Ambiguity between arguments [teleport, destination] and [teleport, targets] with inputs: [Player, 0123, @e, dd12be42-52a9-4a91-a8a1-11c01849e498]
[17:39:20] [main/WARN]: Ambiguity between arguments [teleport, location] and [teleport, destination] with inputs: [0.1 -0.5 .9, 0 0 0]
[17:39:20] [main/WARN]: Ambiguity between arguments [teleport, location] and [teleport, targets] with inputs: [0.1 -0.5 .9, 0 0 0]
[17:39:20] [main/WARN]: Ambiguity between arguments [teleport, targets] and [teleport, destination] with inputs: [Player, 0123, dd12be42-52a9-4a91-a8a1-11c01849e498]
[17:39:20] [main/WARN]: Ambiguity between arguments [teleport, targets, location] and [teleport, targets, destination] with inputs: [0.1 -0.5 .9, 0 0 0]
[17:39:25] [main/INFO]: Reloading ResourceManager: Default, bukkit, Fabric Tool Attribute API (v1), FZ.sDatapack-1.5.0-SNAPSHOT-dev.20200411.0751.zip
[17:39:36] [Worker-Main-2/INFO]: Loaded 7 recipes
[17:39:38] [Worker-Main-2/INFO]: Loaded 927 advancements
[17:39:43] [main/WARN]: [fabric-registry-sync] Could not find the following registries: minecraft:biome_source_type, minecraft:dimension_type, minecraft:chunk_generator_type
[17:39:43] [main/INFO]: [fabric-registry-sync] Loaded registry data [file 1/4]
[17:39:49] [Server thread/INFO]: Starting minecraft server version 1.16.1
[17:39:49] [Server thread/INFO]: Loading properties
[17:39:50] [Server thread/INFO]: Default game type: SURVIVAL
[17:39:50] [Server thread/INFO]: Generating keypair
[17:39:51] [Server thread/INFO]: Starting Minecraft server on *:26565
[17:39:51] [Server thread/INFO]: Using default channel type
[17:40:01] [Server thread/WARN]: **** SERVER IS RUNNING IN OFFLINE/INSECURE MODE!
[17:40:01] [Server thread/WARN]: The server will make no attempt to authenticate usernames. Beware.
[17:40:01] [Server thread/WARN]: While this makes the game possible to play without internet access, it also opens up the ability for hackers to connect with any username they choose.
[17:40:01] [Server thread/WARN]: To change this, set "online-mode" to "true" in the server.properties file.
[17:40:08] [Server thread/INFO]: Preparing level "world"
[17:40:08] [Server thread/ERROR]: [CM]: Carpet Mod Setting commandCameramode is not a valid - ignoring...
[17:40:09] [Server thread/INFO]: [CM]: loaded setting commandDraw as false from carpet.conf
[17:40:09] [Server thread/INFO]: [CM]: loaded setting rotatorBlock as true from carpet.conf
[17:40:09] [Server thread/INFO]: [CM]: loaded setting combineXPOrbs as true from carpet.conf
[17:40:09] [Server thread/INFO]: [CM]: loaded setting onePlayerSleeping as true from carpet.conf
[17:40:09] [Server thread/INFO]: [CM]: loaded setting portalSuffocationFix as true from carpet.conf
[17:40:09] [Server thread/INFO]: [CM]: loaded setting leadFix as true from carpet.conf
[17:40:09] [Server thread/INFO]: [CM]: loaded setting antiCheatDisabled as true from carpet.conf
[17:40:09] [Server thread/INFO]: [CM]: loaded setting defaultLoggers as tps,mobcaps from carpet.conf
[17:40:09] [Server thread/INFO]: [CM]: loaded setting unloadedEntityFix as true from carpet.conf
[17:40:09] [Server thread/INFO]: [CM]: loaded setting ctrlQCraftingFix as true from carpet.conf
[17:40:14] [Server thread/INFO]: create world dimension: minecraft:overworld (seed: 20190827)
[17:40:14] [Server thread/INFO]: create world dimension: minecraft:the_nether (seed: 20190827)
[17:40:14] [Server thread/INFO]: create world dimension: minecraft:the_end (seed: 20190827)
[17:40:14] [Server thread/INFO]: Preparing start region for dimension minecraft:overworld
[17:40:56] [Server thread/INFO]: Preparing spawn area: 0%
[17:40:56] [Server thread/INFO]: Preparing spawn area: 0%
[17:40:56] [Server thread/INFO]: Preparing spawn area: 0%
[17:40:56] [Server thread/INFO]: Preparing spawn area: 0%
[17:40:56] [Server thread/INFO]: Preparing spawn area: 0%
[17:40:56] [Server thread/INFO]: Preparing spawn area: 0%
[17:40:56] [Server thread/INFO]: Preparing spawn area: 0%
[17:40:56] [Server thread/INFO]: Preparing spawn area: 0%
[17:40:56] [Server thread/INFO]: Preparing spawn area: 0%
[17:40:56] [Server thread/INFO]: Preparing spawn area: 0%
[17:40:56] [Server thread/INFO]: Preparing spawn area: 0%
[17:40:56] [Server thread/INFO]: Preparing spawn area: 0%
[17:40:56] [Server thread/INFO]: Preparing spawn area: 0%
[17:40:56] [Server thread/INFO]: Preparing spawn area: 0%
[17:40:56] [Server thread/INFO]: Preparing spawn area: 0%
[17:40:56] [Server thread/INFO]: Preparing spawn area: 0%
[17:40:56] [Server thread/INFO]: Preparing spawn area: 0%
[17:40:56] [Server thread/INFO]: Preparing spawn area: 0%
[17:40:56] [Server thread/INFO]: Preparing spawn area: 0%
[17:40:56] [Server thread/INFO]: Preparing spawn area: 0%
[17:40:56] [Server thread/INFO]: Preparing spawn area: 0%
[17:40:56] [Server thread/INFO]: Preparing spawn area: 0%
[17:40:56] [Server thread/INFO]: Preparing spawn area: 0%
[17:40:56] [Server thread/INFO]: Preparing spawn area: 0%
[17:40:56] [Server thread/INFO]: Preparing spawn area: 0%
[17:40:56] [Server thread/INFO]: Preparing spawn area: 0%
[17:40:56] [Server thread/INFO]: Preparing spawn area: 0%
[17:40:56] [Server thread/INFO]: Preparing spawn area: 0%
[17:40:56] [Server thread/INFO]: Preparing spawn area: 0%
[17:40:56] [Server thread/INFO]: Preparing spawn area: 0%
[17:40:56] [Server thread/INFO]: Preparing spawn area: 0%
[17:40:56] [Server thread/INFO]: Preparing spawn area: 0%
[17:40:56] [Server thread/INFO]: Preparing spawn area: 0%
[17:40:56] [Server thread/INFO]: Preparing spawn area: 0%
[17:40:56] [Server thread/INFO]: Preparing spawn area: 0%
[17:40:56] [Server thread/INFO]: Preparing spawn area: 0%
[17:40:56] [Server thread/INFO]: Preparing spawn area: 0%
[17:40:56] [Server thread/INFO]: Preparing spawn area: 0%
[17:40:56] [Server thread/INFO]: Preparing spawn area: 0%
[17:40:56] [Server thread/INFO]: Preparing spawn area: 0%
[17:40:56] [Server thread/INFO]: Preparing spawn area: 0%
[17:40:56] [Server thread/INFO]: Preparing spawn area: 0%
[17:40:56] [Server thread/INFO]: Preparing spawn area: 0%
[17:40:56] [Server thread/INFO]: Preparing spawn area: 0%
[17:40:56] [Server thread/INFO]: Preparing spawn area: 0%
[17:40:56] [Server thread/INFO]: Preparing spawn area: 0%
[17:40:56] [Server thread/INFO]: Preparing spawn area: 0%
[17:40:56] [Server thread/INFO]: Preparing spawn area: 0%
[17:40:56] [Server thread/INFO]: Preparing spawn area: 0%
[17:40:56] [Server thread/INFO]: Preparing spawn area: 0%
[17:40:56] [Server thread/INFO]: Preparing spawn area: 0%
[17:40:56] [Server thread/INFO]: Preparing spawn area: 0%
[17:40:56] [Server thread/INFO]: Preparing spawn area: 0%
[17:40:56] [Server thread/INFO]: Preparing spawn area: 0%
[17:40:56] [Server thread/INFO]: Preparing spawn area: 0%
[17:40:56] [Server thread/INFO]: Preparing spawn area: 0%
[17:40:56] [Server thread/INFO]: Preparing spawn area: 0%
[17:40:56] [Server thread/INFO]: Preparing spawn area: 0%
[17:40:56] [Server thread/INFO]: Preparing spawn area: 0%
[17:40:56] [Server thread/INFO]: Preparing spawn area: 0%
[17:40:56] [Server thread/INFO]: Preparing spawn area: 0%
[17:40:56] [Server thread/INFO]: Preparing spawn area: 0%
[17:40:56] [Server thread/INFO]: Preparing spawn area: 0%
[17:40:56] [Server thread/INFO]: Preparing spawn area: 0%
[17:40:56] [Server thread/INFO]: Preparing spawn area: 0%
[17:40:56] [Server thread/INFO]: Preparing spawn area: 0%
[17:40:56] [Server thread/INFO]: Preparing spawn area: 0%
[17:40:56] [Server thread/INFO]: Preparing spawn area: 0%
[17:40:56] [Server thread/INFO]: Preparing spawn area: 0%
[17:40:56] [Server thread/INFO]: Preparing spawn area: 0%
[17:40:56] [Server thread/INFO]: Preparing spawn area: 0%
[17:40:56] [Server thread/INFO]: Preparing spawn area: 0%
[17:40:56] [Server thread/INFO]: Preparing spawn area: 0%
[17:40:56] [Server thread/INFO]: Preparing spawn area: 0%
[17:40:56] [Server thread/INFO]: Preparing spawn area: 0%
[17:40:56] [Server thread/INFO]: Preparing spawn area: 0%
[17:40:56] [Server thread/INFO]: Preparing spawn area: 0%
[17:40:56] [Server thread/INFO]: Preparing spawn area: 0%
[17:40:56] [Server thread/INFO]: Preparing spawn area: 0%
[17:40:56] [Server thread/INFO]: Preparing spawn area: 0%
[17:40:56] [Server thread/INFO]: Preparing spawn area: 0%
[17:40:56] [Server thread/INFO]: Preparing spawn area: 0%
[17:40:56] [Server thread/INFO]: Preparing spawn area: 0%
[17:40:56] [Server thread/INFO]: Preparing spawn area: 0%
[17:40:58] [Server thread/INFO]: Preparing spawn area: 0%
[17:40:58] [Server thread/INFO]: Preparing spawn area: 0%
[17:40:58] [Server thread/INFO]: Preparing spawn area: 0%
[17:40:58] [Server thread/INFO]: Preparing spawn area: 0%
[17:40:58] [Server thread/INFO]: Preparing spawn area: 0%
[17:41:00] [Worker-Main-3/INFO]: Preparing spawn area: 0%
[17:41:00] [Worker-Main-3/INFO]: Preparing spawn area: 0%
[17:41:04] [Server thread/INFO]: Preparing spawn area: 0%
[17:41:04] [Server thread/INFO]: Preparing spawn area: 0%
[17:41:04] [Server thread/INFO]: Preparing spawn area: 0%
[17:41:04] [Server thread/INFO]: Preparing spawn area: 0%
[17:41:04] [Server thread/INFO]: Preparing spawn area: 0%
[17:41:04] [Server thread/INFO]: Preparing spawn area: 0%
[17:41:04] [Server thread/INFO]: Preparing spawn area: 0%
[17:41:04] [Server thread/INFO]: Preparing spawn area: 0%
[17:41:04] [Server thread/INFO]: Preparing spawn area: 0%
[17:41:07] [Server thread/INFO]: Preparing spawn area: 83%
[17:41:07] [Server thread/INFO]: Preparing spawn area: 83%
[17:41:07] [Server thread/INFO]: Preparing spawn area: 83%
[17:41:07] [Server thread/INFO]: Preparing spawn area: 83%
[17:41:07] [Server thread/INFO]: Preparing spawn area: 83%
[17:41:07] [Server thread/INFO]: Preparing spawn area: 83%
[17:41:23] [Server thread/INFO]: Time elapsed: 68619 ms
[17:41:23] [Server thread/INFO]: Done (75.055s)! For help, type "help"
[17:41:23] [Server thread/INFO]: Starting remote control listener
[17:41:23] [Server thread/INFO]: Thread RCON Listener started
[17:41:24] [RCON Listener #1/INFO]: RCON running on 0.0.0.0:25636
[17:41:26] [Server thread/WARN]: Can't keep up! Is the server overloaded? Running 3368ms or 67 ticks behind
[17:41:50] [Server thread/WARN]: Can't keep up! Is the server overloaded? Running 8667ms or 173 ticks behind
[17:42:48] [Server thread/WARN]: Can't keep up! Is the server overloaded? Running 2832ms or 56 ticks behind
[17:43:46] [Server thread/INFO]: MAX_XiaoKui[/127.0.0.1:50515] logged in with entity id 266 at (-582.16013567001, 201.0, 1185.178178985095)
[17:43:46] [Netty Server IO #0/WARN]: Received invalid identifier in minecraft:register: legacy:fml|hs (Non [a-z0-9/._-] character in path of location: legacy:fml|hs)
[17:43:46] [Server thread/INFO]: MAX_XiaoKui joined the game
[17:43:48] [Server thread/WARN]: Can't keep up! Is the server overloaded? Running 2617ms or 52 ticks behind
[17:43:48] [Server thread/INFO]: Backup started by: SERVER on: 2020-07-18_17-43-48
[17:43:48] [Server thread/INFO]: Saving server...
[17:43:58] [Server thread/INFO]: ThreadedAnvilChunkStorage (world): All chunks are saved
[17:43:58] [Server thread/INFO]: ThreadedAnvilChunkStorage (DIM-1): All chunks are saved
[17:43:58] [Server thread/INFO]: ThreadedAnvilChunkStorage (DIM1): All chunks are saved
[17:44:01] [Thread-61/INFO]: Starting backup
[17:44:04] [Thread-61/INFO]: Starting compression...
[17:44:31] [Server thread/INFO]: There are 4 data packs enabled: [vanilla (built-in)], [file/bukkit (world)], [fabric/fabric-tool-attribute-api-v1 (pack.source.fabricmod)], [file/FZ.sDatapack-1.5.0-SNAPSHOT-dev.20200411.0751.zip (world)]
[17:44:39] [Server thread/WARN]: Can't keep up! Is the server overloaded? Running 36163ms or 723 ticks behind
[17:45:09] [Server thread/WARN]: Can't keep up! Is the server overloaded? Running 15308ms or 306 ticks behind
[17:45:25] [Thread-61/INFO]: Compression took: 81.2063344s
[17:45:26] [Thread-61/INFO]: Deleting: 2020-07-18_11-21-49.zip
[17:45:26] [Thread-61/INFO]: Done!
[17:45:29] [Server thread/WARN]: Can't keep up! Is the server overloaded? Running 5104ms or 102 ticks behind
[17:45:36] [Server thread/INFO]: MAX_XiaoKui lost connection: Disconnected
[17:45:36] [Server thread/INFO]: MAX_XiaoKui left the game
[17:45:48] [Server thread/INFO]: MAX_XiaoKui[/127.0.0.1:50582] logged in with entity id 883 at (-582.16013567001, 201.0, 1185.178178985095)
[17:45:49] [Server thread/INFO]: MAX_XiaoKui joined the game
[17:45:49] [Netty Server IO #0/WARN]: Received invalid identifier in minecraft:register: legacy:fml|hs (Non [a-z0-9/._-] character in path of location: legacy:fml|hs)
[17:45:50] [Server thread/WARN]: Can't keep up! Is the server overloaded? Running 3699ms or 73 ticks behind
[17:46:53] [Server thread/INFO]: MAX_XiaoKui lost connection: Disconnected
[17:46:53] [Server thread/INFO]: MAX_XiaoKui left the game
[17:46:58] [Server thread/INFO]: MAX_XiaoKui[/127.0.0.1:50623] logged in with entity id 1493 at (-582.16013567001, 201.0, 1185.178178985095)
[17:46:58] [Netty Server IO #1/WARN]: Received invalid identifier in minecraft:register: legacy:fml|hs (Non [a-z0-9/._-] character in path of location: legacy:fml|hs)
[17:46:58] [Server thread/INFO]: MAX_XiaoKui joined the game
[17:47:43] [Server thread/WARN]: Can't keep up! Is the server overloaded? Running 2093ms or 41 ticks behind
[17:48:25] [Server thread/INFO]: MAX_XiaoKui lost connection: Disconnected
[17:48:25] [Server thread/INFO]: MAX_XiaoKui left the game
[18:00:24] [Server thread/INFO]: MAX_XiaoKui[/127.0.0.1:51094] logged in with entity id 2400 at (-582.16013567001, 201.0, 1185.178178985095)
[18:00:24] [Netty Server IO #1/WARN]: Received invalid identifier in minecraft:register: legacy:fml|hs (Non [a-z0-9/._-] character in path of location: legacy:fml|hs)
[18:00:24] [Server thread/INFO]: MAX_XiaoKui joined the game
[18:00:26] [Server thread/WARN]: Can't keep up! Is the server overloaded? Running 2199ms or 43 ticks behind
[18:00:51] [Server thread/INFO]: MAX_XiaoKui lost connection: Disconnected
[18:00:51] [Server thread/INFO]: MAX_XiaoKui left the game
[18:02:41] [Server thread/INFO]: MAX_XiaoKui[/127.0.0.1:51183] logged in with entity id 2848 at (-582.16013567001, 201.0, 1185.178178985095)
[18:02:41] [Netty Server IO #0/WARN]: Received invalid identifier in minecraft:register: legacy:fml|hs (Non [a-z0-9/._-] character in path of location: legacy:fml|hs)
[18:02:41] [Server thread/INFO]: MAX_XiaoKui joined the game
[18:02:42] [Server thread/WARN]: Can't keep up! Is the server overloaded? Running 2372ms or 47 ticks behind
[18:03:03] [Server thread/WARN]: Can't keep up! Is the server overloaded? Running 5673ms or 113 ticks behind
[18:03:27] [Server thread/INFO]: [MAX_XiaoKui: Triggered [options]]
[18:04:51] [Server thread/WARN]: Can't keep up! Is the server overloaded? Running 2230ms or 44 ticks behind
[18:04:56] [Server thread/INFO]: [MAX_XiaoKui: Triggered [scoreSwitch]]
[18:05:01] [Server thread/INFO]: MAX_XiaoKui lost connection: Disconnected
[18:05:01] [Server thread/INFO]: MAX_XiaoKui left the game
[18:05:27] [Server thread/INFO]: MAX_XiaoKui[/127.0.0.1:51282] logged in with entity id 4116 at (-582.7542, 201.0, 1185.303)
[18:05:27] [Netty Server IO #1/WARN]: Received invalid identifier in minecraft:register: legacy:fml|hs (Non [a-z0-9/._-] character in path of location: legacy:fml|hs)
[18:05:27] [Server thread/INFO]: MAX_XiaoKui joined the game
[18:05:29] [Server thread/WARN]: Can't keep up! Is the server overloaded? Running 2189ms or 43 ticks behind
[18:06:48] [Server thread/INFO]: MAX_XiaoKui lost connection: Disconnected
[18:06:48] [Server thread/INFO]: MAX_XiaoKui left the game
[18:10:26] [Server thread/INFO]: Executed 95 commands from function 'fz:uninstall'
[18:10:33] [Server thread/INFO]: Executed 95 commands from function 'fz:uninstall'
[18:11:32] [Server thread/INFO]: MAX_XiaoKui[/127.0.0.1:51501] logged in with entity id 4900 at (-582.7542, 201.0, 1185.303)
[18:11:32] [Netty Server IO #1/WARN]: Received invalid identifier in minecraft:register: legacy:fml|hs (Non [a-z0-9/._-] character in path of location: legacy:fml|hs)
[18:11:32] [Server thread/INFO]: MAX_XiaoKui joined the game
[18:11:33] [Netty Server IO #1/INFO]: Player MAX_XiaoKui joined with a matching carpet client
[18:11:35] [Server thread/WARN]: Can't keep up! Is the server overloaded? Running 2714ms or 54 ticks behind
[18:11:53] [Server thread/INFO]: <MAX_XiaoKui> 终于上来了
[18:12:29] [Server thread/INFO]: Reloading!
[18:12:30] [Server thread/WARN]: Ambiguity between arguments [teleport, destination] and [teleport, targets] with inputs: [Player, 0123, @e, dd12be42-52a9-4a91-a8a1-11c01849e498]
[18:12:30] [Server thread/WARN]: Ambiguity between arguments [teleport, location] and [teleport, destination] with inputs: [0.1 -0.5 .9, 0 0 0]
[18:12:30] [Server thread/WARN]: Ambiguity between arguments [teleport, location] and [teleport, targets] with inputs: [0.1 -0.5 .9, 0 0 0]
[18:12:30] [Server thread/WARN]: Ambiguity between arguments [teleport, targets] and [teleport, destination] with inputs: [Player, 0123, dd12be42-52a9-4a91-a8a1-11c01849e498]
[18:12:30] [Server thread/WARN]: Ambiguity between arguments [teleport, targets, location] and [teleport, targets, destination] with inputs: [0.1 -0.5 .9, 0 0 0]
[18:12:30] [Server thread/INFO]: Reloading ResourceManager: Default, bukkit, Fabric Tool Attribute API (v1), FZ.sDatapack-1.5.0-SNAPSHOT-dev.20200411.0751.zip
[18:12:34] [Server thread/INFO]: Loaded 7 recipes
[18:12:35] [Server thread/INFO]: Loaded 927 advancements
[18:12:37] [Server thread/WARN]: Can't keep up! Is the server overloaded? Running 7404ms or 148 ticks behind
[18:12:38] [Server thread/INFO]: na2hco3_CN[/127.0.0.1:51539] logged in with entity id 5418 at (-364.4326083096465, 71.0, 522.865554775002)
[18:12:38] [Netty Server IO #0/WARN]: Received invalid identifier in minecraft:register: legacy:fml|hs (Non [a-z0-9/._-] character in path of location: legacy:fml|hs)
[18:12:38] [Server thread/INFO]: na2hco3_CN joined the game
[18:12:59] [Server thread/WARN]: Can't keep up! Is the server overloaded? Running 7346ms or 146 ticks behind
[18:13:10] [Server thread/INFO]: <na2hco3_CN> ./log 是干啥的
[18:13:20] [Server thread/WARN]: Can't keep up! Is the server overloaded? Running 6445ms or 128 ticks behind
[18:13:23] [Server thread/INFO]: <MAX_XiaoKui> 但是服务器可能要重启下
[18:13:29] [Server thread/INFO]: MAX_XiaoKui lost connection: Disconnected
[18:13:29] [Server thread/INFO]: MAX_XiaoKui left the game
[18:13:35] [Server thread/INFO]: na2hco3_CN lost connection: Disconnected
[18:13:35] [Server thread/INFO]: na2hco3_CN left the game
[18:13:40] [Server thread/WARN]: Can't keep up! Is the server overloaded? Running 4836ms or 96 ticks behind
[18:13:45] [Server thread/INFO]: Stopping the server
[18:13:45] [Server thread/INFO]: Unknown or incomplete command, see below for error
[18:13:45] [Server thread/INFO]: end<--[HERE]
[18:13:45] [Server thread/INFO]: Unknown or incomplete command, see below for error
[18:13:45] [Server thread/INFO]: exit<--[HERE]
[18:13:45] [Server thread/INFO]: Stopping server
[18:13:45] [Server thread/INFO]: Saving players
[18:13:45] [Server thread/INFO]: Saving worlds
[18:13:45] [Server thread/INFO]: Saving chunks for level 'ServerLevel[world]'/minecraft:overworld
[18:13:45] [Server thread/INFO]: ThreadedAnvilChunkStorage (world): All chunks are saved
[18:13:45] [Server thread/INFO]: Saving chunks for level 'ServerLevel[world]'/minecraft:the_nether
[18:13:45] [Server thread/INFO]: ThreadedAnvilChunkStorage (DIM-1): All chunks are saved
[18:13:45] [Server thread/INFO]: Saving chunks for level 'ServerLevel[world]'/minecraft:the_end
[18:13:45] [Server thread/INFO]: ThreadedAnvilChunkStorage (DIM1): All chunks are saved
[18:13:45] [Server thread/INFO]: Backup started by: SERVER on: 2020-07-18_18-13-45
[18:13:45] [Server thread/INFO]: Saving server...
[18:13:45] [Thread-82/INFO]: Starting backup
[18:13:45] [Thread-82/INFO]: Starting compression...
[18:15:35] [Thread-82/INFO]: Compression took: 109.1835224s
[18:15:35] [Thread-82/INFO]: Deleting: 2020-07-18_13-13-30.zip
[18:15:35] [Thread-82/INFO]: Done!
[18:15:35] [Server thread/INFO]: ThreadedAnvilChunkStorage (world): All chunks are saved
[18:15:36] [Server thread/INFO]: ThreadedAnvilChunkStorage (DIM-1): All chunks are saved
[18:15:36] [Server thread/INFO]: ThreadedAnvilChunkStorage (DIM1): All chunks are saved
[18:15:36] [Server thread/INFO]: Thread RCON Listener stopped
