[00:00:00] [Server thread/INFO]: Player shuijiao is already logged on
[00:10:00] [Server thread/INFO]: Player shuijiao is already logged on
[00:20:00] [Server thread/INFO]: Player shuijiao is already logged on
[00:30:00] [Server thread/INFO]: Player shuijiao is already logged on
[00:37:48] [Server thread/INFO]: [Textile Backup] Backup started by: Timer on: 2020-09-02_00-37-48
[00:37:48] [Server thread/INFO]: [Textile Backup] Saving server...
[00:37:48] [Server thread/INFO]: ThreadedAnvilChunkStorage (world): All chunks are saved
[00:37:48] [Server thread/INFO]: ThreadedAnvilChunkStorage (DIM-1): All chunks are saved
[00:37:48] [Server thread/INFO]: ThreadedAnvilChunkStorage (DIM1): All chunks are saved
[00:37:48] [pool-3-thread-1/INFO]: [Textile Backup] Starting backup
[00:38:12] [pool-3-thread-1/INFO]: [Textile Backup] Deleting: 2020-09-01_09-37-48.zip
[00:38:12] [pool-3-thread-1/INFO]: [Textile Backup] Done!
[00:40:00] [Server thread/INFO]: Player shuijiao is already logged on
[00:50:00] [Server thread/INFO]: Player shuijiao is already logged on
[01:00:00] [Server thread/INFO]: Player shuijiao is already logged on
[01:10:00] [Server thread/INFO]: Player shuijiao is already logged on
[01:20:00] [Server thread/INFO]: Player shuijiao is already logged on
[01:30:00] [Server thread/INFO]: Player shuijiao is already logged on
[01:37:48] [Server thread/INFO]: [Textile Backup] Backup started by: Timer on: 2020-09-02_01-37-48
[01:37:48] [Server thread/INFO]: [Textile Backup] Saving server...
[01:37:48] [Server thread/INFO]: ThreadedAnvilChunkStorage (world): All chunks are saved
[01:37:48] [Server thread/INFO]: ThreadedAnvilChunkStorage (DIM-1): All chunks are saved
[01:37:48] [Server thread/INFO]: ThreadedAnvilChunkStorage (DIM1): All chunks are saved
[01:37:48] [pool-3-thread-1/INFO]: [Textile Backup] Starting backup
[01:38:11] [pool-3-thread-1/INFO]: [Textile Backup] Deleting: 2020-09-01_10-37-48.zip
[01:38:11] [pool-3-thread-1/INFO]: [Textile Backup] Done!
[01:40:00] [Server thread/INFO]: Player shuijiao is already logged on
[01:50:00] [Server thread/INFO]: Player shuijiao is already logged on
[02:00:00] [Server thread/INFO]: Player shuijiao is already logged on
[02:10:00] [Server thread/INFO]: Player shuijiao is already logged on
[02:20:00] [Server thread/INFO]: Player shuijiao is already logged on
[02:30:00] [Server thread/INFO]: Player shuijiao is already logged on
[02:37:48] [Server thread/INFO]: [Textile Backup] Backup started by: Timer on: 2020-09-02_02-37-48
[02:37:48] [Server thread/INFO]: [Textile Backup] Saving server...
[02:37:48] [Server thread/INFO]: ThreadedAnvilChunkStorage (world): All chunks are saved
[02:37:48] [Server thread/INFO]: ThreadedAnvilChunkStorage (DIM-1): All chunks are saved
[02:37:48] [Server thread/INFO]: ThreadedAnvilChunkStorage (DIM1): All chunks are saved
[02:37:48] [pool-3-thread-1/INFO]: [Textile Backup] Starting backup
[02:38:09] [pool-3-thread-1/INFO]: [Textile Backup] Deleting: 2020-09-01_11-37-48.zip
[02:38:09] [pool-3-thread-1/INFO]: [Textile Backup] Done!
[02:40:00] [Server thread/INFO]: Player shuijiao is already logged on
[02:50:00] [Server thread/INFO]: Player shuijiao is already logged on
[03:00:00] [Server thread/INFO]: Player shuijiao is already logged on
[03:10:00] [Server thread/INFO]: Player shuijiao is already logged on
[03:20:00] [Server thread/INFO]: Player shuijiao is already logged on
[03:30:00] [Server thread/INFO]: Player shuijiao is already logged on
[03:37:48] [Server thread/INFO]: [Textile Backup] Backup started by: Timer on: 2020-09-02_03-37-48
[03:37:48] [Server thread/INFO]: [Textile Backup] Saving server...
[03:37:48] [Server thread/INFO]: ThreadedAnvilChunkStorage (world): All chunks are saved
[03:37:48] [Server thread/INFO]: ThreadedAnvilChunkStorage (DIM-1): All chunks are saved
[03:37:48] [Server thread/INFO]: ThreadedAnvilChunkStorage (DIM1): All chunks are saved
[03:37:48] [pool-3-thread-1/INFO]: [Textile Backup] Starting backup
[03:38:12] [pool-3-thread-1/INFO]: [Textile Backup] Deleting: 2020-09-01_12-37-48.zip
[03:38:12] [Server thread/WARN]: Can't keep up! Is the server overloaded? Running 2895ms or 57 ticks behind
[03:38:12] [pool-3-thread-1/INFO]: [Textile Backup] Done!
[03:40:00] [Server thread/INFO]: Player shuijiao is already logged on
[03:50:00] [Server thread/INFO]: Player shuijiao is already logged on
[04:00:00] [Server thread/INFO]: Player shuijiao is already logged on
[04:10:00] [Server thread/INFO]: Player shuijiao is already logged on
[04:20:00] [Server thread/INFO]: Player shuijiao is already logged on
[04:30:00] [Server thread/INFO]: Player shuijiao is already logged on
[04:37:48] [Server thread/INFO]: [Textile Backup] Backup started by: Timer on: 2020-09-02_04-37-48
[04:37:48] [Server thread/INFO]: [Textile Backup] Saving server...
[04:37:48] [Server thread/INFO]: ThreadedAnvilChunkStorage (world): All chunks are saved
[04:37:48] [Server thread/INFO]: ThreadedAnvilChunkStorage (DIM-1): All chunks are saved
[04:37:48] [Server thread/INFO]: ThreadedAnvilChunkStorage (DIM1): All chunks are saved
[04:37:48] [pool-3-thread-1/INFO]: [Textile Backup] Starting backup
[04:38:09] [pool-3-thread-1/INFO]: [Textile Backup] Deleting: 2020-09-01_13-37-48.zip
[04:38:09] [pool-3-thread-1/INFO]: [Textile Backup] Done!
[04:40:00] [Server thread/INFO]: Player shuijiao is already logged on
[04:50:00] [Server thread/INFO]: Player shuijiao is already logged on
[05:00:00] [Server thread/INFO]: Player shuijiao is already logged on
[05:10:00] [Server thread/INFO]: Player shuijiao is already logged on
[05:19:53] [Server thread/WARN]: Fetching packet for removed entity class_1542['Air'/682105, l='ServerLevel[world]', x=-88.44, y=7.00, z=282.59]
[05:20:00] [Server thread/INFO]: Player shuijiao is already logged on
[05:25:01] [Server thread/INFO]: Unknown or incomplete command, see below for error
[05:25:01] [Server thread/INFO]: _say 服务器将在5分钟后关闭备份存档，6:01继续开启<--[HERE]
[05:30:00] [Server thread/INFO]: Player shuijiao is already logged on
[05:30:01] [Server thread/INFO]: Unknown or incomplete command, see below for error
[05:30:01] [Server thread/INFO]: __stop___<--[HERE]
[05:37:48] [Server thread/INFO]: [Textile Backup] Backup started by: Timer on: 2020-09-02_05-37-48
[05:37:48] [Server thread/INFO]: [Textile Backup] Saving server...
[05:37:48] [Server thread/INFO]: ThreadedAnvilChunkStorage (world): All chunks are saved
[05:37:48] [Server thread/INFO]: ThreadedAnvilChunkStorage (DIM-1): All chunks are saved
[05:37:48] [Server thread/INFO]: ThreadedAnvilChunkStorage (DIM1): All chunks are saved
[05:37:48] [pool-3-thread-1/INFO]: [Textile Backup] Starting backup
[05:38:09] [pool-3-thread-1/INFO]: [Textile Backup] Deleting: 2020-09-01_14-37-48.zip
[05:38:09] [pool-3-thread-1/INFO]: [Textile Backup] Done!
[05:40:00] [Server thread/INFO]: Player shuijiao is already logged on
[05:50:00] [Server thread/INFO]: Player shuijiao is already logged on
[06:00:00] [Server thread/INFO]: Player shuijiao is already logged on
[06:00:52] [Server thread/WARN]: Fetching packet for removed entity class_1542['Air'/691279, l='ServerLevel[world]', x=-89.97, y=7.00, z=277.36]
[06:09:57] [Server thread/WARN]: Fetching packet for removed entity class_1542['Air'/693409, l='ServerLevel[world]', x=-88.17, y=7.00, z=281.95]
[06:10:00] [Server thread/INFO]: Player shuijiao is already logged on
[06:20:00] [Server thread/INFO]: Player shuijiao is already logged on
[06:30:00] [Server thread/INFO]: Player shuijiao is already logged on
[06:37:48] [Server thread/INFO]: [Textile Backup] Backup started by: Timer on: 2020-09-02_06-37-48
[06:37:48] [Server thread/INFO]: [Textile Backup] Saving server...
[06:37:48] [Server thread/INFO]: ThreadedAnvilChunkStorage (world): All chunks are saved
[06:37:48] [Server thread/INFO]: ThreadedAnvilChunkStorage (DIM-1): All chunks are saved
[06:37:48] [Server thread/INFO]: ThreadedAnvilChunkStorage (DIM1): All chunks are saved
[06:37:48] [pool-3-thread-1/INFO]: [Textile Backup] Starting backup
[06:38:04] [pool-3-thread-1/INFO]: [Textile Backup] Deleting: 2020-09-01_15-37-48.zip
[06:38:04] [pool-3-thread-1/INFO]: [Textile Backup] Done!
[06:40:00] [Server thread/INFO]: Player shuijiao is already logged on
[06:50:00] [Server thread/INFO]: Player shuijiao is already logged on
[07:00:00] [Server thread/INFO]: Player shuijiao is already logged on
[07:10:00] [Server thread/INFO]: Player shuijiao is already logged on
[07:20:00] [Server thread/INFO]: Player shuijiao is already logged on
[07:30:00] [Server thread/INFO]: Player shuijiao is already logged on
[07:37:48] [Server thread/INFO]: [Textile Backup] Backup started by: Timer on: 2020-09-02_07-37-48
[07:37:48] [Server thread/INFO]: [Textile Backup] Saving server...
[07:37:48] [Server thread/INFO]: ThreadedAnvilChunkStorage (world): All chunks are saved
[07:37:48] [Server thread/INFO]: ThreadedAnvilChunkStorage (DIM-1): All chunks are saved
[07:37:48] [Server thread/INFO]: ThreadedAnvilChunkStorage (DIM1): All chunks are saved
[07:37:48] [pool-3-thread-1/INFO]: [Textile Backup] Starting backup
[07:38:04] [pool-3-thread-1/INFO]: [Textile Backup] Deleting: 2020-09-01_16-37-48.zip
[07:38:04] [pool-3-thread-1/INFO]: [Textile Backup] Done!
[07:40:00] [Server thread/INFO]: Player shuijiao is already logged on
[07:50:00] [Server thread/INFO]: Player shuijiao is already logged on
[08:00:00] [Server thread/INFO]: Player shuijiao is already logged on
[08:10:00] [Server thread/INFO]: Player shuijiao is already logged on
[08:20:00] [Server thread/INFO]: Player shuijiao is already logged on
[08:30:00] [Server thread/INFO]: Player shuijiao is already logged on
[08:37:48] [Server thread/INFO]: [Textile Backup] Backup started by: Timer on: 2020-09-02_08-37-48
[08:37:48] [Server thread/INFO]: [Textile Backup] Saving server...
[08:37:48] [Server thread/INFO]: ThreadedAnvilChunkStorage (world): All chunks are saved
[08:37:48] [Server thread/INFO]: ThreadedAnvilChunkStorage (DIM-1): All chunks are saved
[08:37:48] [Server thread/INFO]: ThreadedAnvilChunkStorage (DIM1): All chunks are saved
[08:37:48] [pool-3-thread-1/INFO]: [Textile Backup] Starting backup
[08:38:04] [pool-3-thread-1/INFO]: [Textile Backup] Deleting: 2020-09-01_17-37-48.zip
[08:38:04] [pool-3-thread-1/INFO]: [Textile Backup] Done!
[08:40:00] [Server thread/INFO]: Player shuijiao is already logged on
[08:50:00] [Server thread/INFO]: Player shuijiao is already logged on
[08:58:43] [Server thread/WARN]: Fetching packet for removed entity class_1542['Air'/730939, l='ServerLevel[world]', x=-86.05, y=7.00, z=279.39]
[09:00:00] [Server thread/INFO]: Player shuijiao is already logged on
[09:10:00] [Server thread/INFO]: Player shuijiao is already logged on
[09:20:00] [Server thread/INFO]: Player shuijiao is already logged on
[09:30:00] [Server thread/INFO]: Player shuijiao is already logged on
[09:37:48] [Server thread/INFO]: [Textile Backup] Backup started by: Timer on: 2020-09-02_09-37-48
[09:37:48] [Server thread/INFO]: [Textile Backup] Saving server...
[09:37:48] [Server thread/INFO]: ThreadedAnvilChunkStorage (world): All chunks are saved
[09:37:48] [Server thread/INFO]: ThreadedAnvilChunkStorage (DIM-1): All chunks are saved
[09:37:48] [Server thread/INFO]: ThreadedAnvilChunkStorage (DIM1): All chunks are saved
[09:37:48] [pool-3-thread-1/INFO]: [Textile Backup] Starting backup
[09:38:04] [pool-3-thread-1/INFO]: [Textile Backup] Deleting: 2020-09-01_18-37-48.zip
[09:38:04] [pool-3-thread-1/INFO]: [Textile Backup] Done!
[09:40:00] [Server thread/INFO]: Player shuijiao is already logged on
[09:50:00] [Server thread/INFO]: Player shuijiao is already logged on
[10:00:00] [Server thread/INFO]: Player shuijiao is already logged on
[10:10:00] [Server thread/INFO]: Player shuijiao is already logged on
[10:20:00] [Server thread/INFO]: Player shuijiao is already logged on
[10:30:00] [Server thread/INFO]: Player shuijiao is already logged on
[10:37:48] [Server thread/INFO]: [Textile Backup] Backup started by: Timer on: 2020-09-02_10-37-48
[10:37:48] [Server thread/INFO]: [Textile Backup] Saving server...
[10:37:48] [Server thread/INFO]: ThreadedAnvilChunkStorage (world): All chunks are saved
[10:37:48] [Server thread/INFO]: ThreadedAnvilChunkStorage (DIM-1): All chunks are saved
[10:37:48] [Server thread/INFO]: ThreadedAnvilChunkStorage (DIM1): All chunks are saved
[10:37:48] [pool-3-thread-1/INFO]: [Textile Backup] Starting backup
[10:38:14] [pool-3-thread-1/INFO]: [Textile Backup] Deleting: 2020-09-01_19-37-48.zip
[10:38:14] [pool-3-thread-1/INFO]: [Textile Backup] Done!
[10:40:00] [Server thread/INFO]: Player shuijiao is already logged on
[10:50:00] [Server thread/INFO]: Player shuijiao is already logged on
[11:00:00] [Server thread/INFO]: Player shuijiao is already logged on
[11:10:00] [Server thread/INFO]: Player shuijiao is already logged on
[11:20:00] [Server thread/INFO]: Player shuijiao is already logged on
[11:30:00] [Server thread/INFO]: Player shuijiao is already logged on
[11:37:48] [Server thread/INFO]: [Textile Backup] Backup started by: Timer on: 2020-09-02_11-37-48
[11:37:48] [Server thread/INFO]: [Textile Backup] Saving server...
[11:37:48] [Server thread/INFO]: ThreadedAnvilChunkStorage (world): All chunks are saved
[11:37:48] [Server thread/INFO]: ThreadedAnvilChunkStorage (DIM-1): All chunks are saved
[11:37:48] [Server thread/INFO]: ThreadedAnvilChunkStorage (DIM1): All chunks are saved
[11:37:48] [pool-3-thread-1/INFO]: [Textile Backup] Starting backup
[11:38:10] [pool-3-thread-1/INFO]: [Textile Backup] Deleting: 2020-09-01_20-37-48.zip
[11:38:10] [pool-3-thread-1/INFO]: [Textile Backup] Done!
[11:40:00] [Server thread/INFO]: Player shuijiao is already logged on
[11:50:00] [Server thread/INFO]: Player shuijiao is already logged on
[12:00:00] [Server thread/INFO]: Player shuijiao is already logged on
[12:10:00] [Server thread/INFO]: Player shuijiao is already logged on
[12:20:00] [Server thread/INFO]: Player shuijiao is already logged on
[12:30:00] [Server thread/INFO]: Player shuijiao is already logged on
[12:37:48] [Server thread/INFO]: [Textile Backup] Backup started by: Timer on: 2020-09-02_12-37-48
[12:37:48] [Server thread/INFO]: [Textile Backup] Saving server...
[12:37:48] [Server thread/INFO]: ThreadedAnvilChunkStorage (world): All chunks are saved
[12:37:48] [Server thread/INFO]: ThreadedAnvilChunkStorage (DIM-1): All chunks are saved
[12:37:48] [Server thread/INFO]: ThreadedAnvilChunkStorage (DIM1): All chunks are saved
[12:37:48] [pool-3-thread-1/INFO]: [Textile Backup] Starting backup
[12:38:10] [pool-3-thread-1/INFO]: [Textile Backup] Deleting: 2020-09-01_21-37-48.zip
[12:38:10] [pool-3-thread-1/INFO]: [Textile Backup] Done!
[12:40:00] [Server thread/INFO]: Player shuijiao is already logged on
[12:50:00] [Server thread/INFO]: Player shuijiao is already logged on
[13:00:00] [Server thread/INFO]: Player shuijiao is already logged on
[13:10:00] [Server thread/INFO]: Player shuijiao is already logged on
[13:20:00] [Server thread/INFO]: Player shuijiao is already logged on
[13:30:00] [Server thread/INFO]: Player shuijiao is already logged on
[13:31:27] [Server thread/WARN]: Fetching packet for removed entity class_1542['Air'/792458, l='ServerLevel[world]', x=-87.39, y=7.00, z=281.95]
[13:37:48] [Server thread/INFO]: [Textile Backup] Backup started by: Timer on: 2020-09-02_13-37-48
[13:37:48] [Server thread/INFO]: [Textile Backup] Saving server...
[13:37:48] [Server thread/INFO]: ThreadedAnvilChunkStorage (world): All chunks are saved
[13:37:48] [Server thread/INFO]: ThreadedAnvilChunkStorage (DIM-1): All chunks are saved
[13:37:48] [Server thread/INFO]: ThreadedAnvilChunkStorage (DIM1): All chunks are saved
[13:37:48] [pool-3-thread-1/INFO]: [Textile Backup] Starting backup
[13:38:14] [pool-3-thread-1/INFO]: [Textile Backup] Deleting: 2020-09-01_22-37-48.zip
[13:38:14] [pool-3-thread-1/INFO]: [Textile Backup] Done!
[13:40:00] [Server thread/INFO]: Player shuijiao is already logged on
[13:50:00] [Server thread/INFO]: Player shuijiao is already logged on
[14:00:00] [Server thread/INFO]: Player shuijiao is already logged on
[14:10:00] [Server thread/INFO]: Player shuijiao is already logged on
[14:20:00] [Server thread/INFO]: Player shuijiao is already logged on
[14:30:00] [Server thread/INFO]: Player shuijiao is already logged on
[14:37:48] [Server thread/INFO]: [Textile Backup] Backup started by: Timer on: 2020-09-02_14-37-48
[14:37:48] [Server thread/INFO]: [Textile Backup] Saving server...
[14:37:48] [Server thread/INFO]: ThreadedAnvilChunkStorage (world): All chunks are saved
[14:37:48] [Server thread/INFO]: ThreadedAnvilChunkStorage (DIM-1): All chunks are saved
[14:37:48] [Server thread/INFO]: ThreadedAnvilChunkStorage (DIM1): All chunks are saved
[14:37:48] [pool-3-thread-1/INFO]: [Textile Backup] Starting backup
[14:38:11] [pool-3-thread-1/INFO]: [Textile Backup] Deleting: 2020-09-01_23-37-48.zip
[14:38:11] [pool-3-thread-1/INFO]: [Textile Backup] Done!
[14:40:00] [Server thread/INFO]: Player shuijiao is already logged on
[14:50:00] [Server thread/INFO]: Player shuijiao is already logged on
[15:00:00] [Server thread/INFO]: Player shuijiao is already logged on
[15:10:00] [Server thread/INFO]: Player shuijiao is already logged on
[15:20:00] [Server thread/INFO]: Player shuijiao is already logged on
[15:30:00] [Server thread/INFO]: Player shuijiao is already logged on
[15:37:48] [Server thread/INFO]: [Textile Backup] Backup started by: Timer on: 2020-09-02_15-37-48
[15:37:48] [Server thread/INFO]: [Textile Backup] Saving server...
[15:37:48] [Server thread/INFO]: ThreadedAnvilChunkStorage (world): All chunks are saved
[15:37:48] [Server thread/INFO]: ThreadedAnvilChunkStorage (DIM-1): All chunks are saved
[15:37:48] [Server thread/INFO]: ThreadedAnvilChunkStorage (DIM1): All chunks are saved
[15:37:48] [pool-3-thread-1/INFO]: [Textile Backup] Starting backup
[15:38:10] [pool-3-thread-1/INFO]: [Textile Backup] Deleting: 2020-09-02_00-37-48.zip
[15:38:11] [pool-3-thread-1/INFO]: [Textile Backup] Done!
[15:40:00] [Server thread/INFO]: Player shuijiao is already logged on
[15:50:00] [Server thread/INFO]: Player shuijiao is already logged on
[15:54:46] [Server thread/WARN]: Fetching packet for removed entity class_1542['Air'/824589, l='ServerLevel[world]', x=-89.95, y=7.00, z=280.03]
[16:00:00] [Server thread/INFO]: Player shuijiao is already logged on
[16:10:00] [Server thread/INFO]: Player shuijiao is already logged on
[16:20:00] [Server thread/INFO]: Player shuijiao is already logged on
[16:20:18] [Server thread/INFO]: wushi_[/127.0.0.1:52550] logged in with entity id 830639 at (5.190290062107023, 63.0, -518.8473244486033)
[16:20:18] [Server thread/INFO]: wushi_ joined the game
[16:20:18] [Netty Epoll Server IO #0/WARN]: Received invalid identifier in minecraft:register: legacy:fml|hs (Non [a-z0-9/._-] character in path of location: legacy:fml|hs)
[16:20:20] [Netty Epoll Server IO #0/WARN]: Player wushi_ joined with another carpet version: 1.4.0+v200623
[16:23:21] [Server thread/WARN]: Fetching packet for removed entity class_1542['Egg'/831890, l='ServerLevel[world]', x=-37.20, y=83.00, z=-391.80]
[16:26:58] [Server thread/WARN]: Fetching packet for removed entity class_1542['Air'/833033, l='ServerLevel[world]', x=-13.80, y=88.50, z=-392.80]
[16:30:00] [Server thread/INFO]: Player shuijiao is already logged on
[16:37:48] [Server thread/INFO]: [Textile Backup] Backup started by: Timer on: 2020-09-02_16-37-48
[16:37:48] [Server thread/INFO]: [Textile Backup] Saving server...
[16:37:48] [Server thread/INFO]: ThreadedAnvilChunkStorage (world): All chunks are saved
[16:37:48] [Server thread/INFO]: ThreadedAnvilChunkStorage (DIM-1): All chunks are saved
[16:37:48] [Server thread/INFO]: ThreadedAnvilChunkStorage (DIM1): All chunks are saved
[16:37:48] [pool-3-thread-1/INFO]: [Textile Backup] Starting backup
[16:38:10] [pool-3-thread-1/INFO]: [Textile Backup] Deleting: 2020-09-02_01-37-48.zip
[16:38:11] [pool-3-thread-1/INFO]: [Textile Backup] Done!
[16:40:00] [Server thread/INFO]: Player shuijiao is already logged on
[16:50:00] [Server thread/INFO]: Player shuijiao is already logged on
[17:00:00] [Server thread/INFO]: Player shuijiao is already logged on
[17:10:00] [Server thread/INFO]: Player shuijiao is already logged on
[17:20:00] [Server thread/INFO]: Player shuijiao is already logged on
[17:20:10] [Server thread/INFO]: wushi_ lost connection: Disconnected
[17:20:10] [Server thread/INFO]: wushi_ left the game
[17:20:44] [Server thread/INFO]: wushi6969[/127.0.0.1:60997] logged in with entity id 850674 at (9.873903, 54.0, -509.93985)
[17:20:44] [Server thread/INFO]: wushi6969 joined the game
[17:20:44] [Netty Epoll Server IO #3/WARN]: Received invalid identifier in minecraft:register: legacy:fml|hs (Non [a-z0-9/._-] character in path of location: legacy:fml|hs)
[17:21:53] [Server thread/INFO]: wushi6969 lost connection: Disconnected
[17:21:53] [Server thread/INFO]: wushi6969 left the game
[17:30:00] [Server thread/INFO]: Player shuijiao is already logged on
[17:37:48] [Server thread/INFO]: [Textile Backup] Backup started by: Timer on: 2020-09-02_17-37-48
[17:37:48] [Server thread/INFO]: [Textile Backup] Saving server...
[17:37:48] [Server thread/INFO]: ThreadedAnvilChunkStorage (world): All chunks are saved
[17:37:48] [Server thread/INFO]: ThreadedAnvilChunkStorage (DIM-1): All chunks are saved
[17:37:48] [Server thread/INFO]: ThreadedAnvilChunkStorage (DIM1): All chunks are saved
[17:37:48] [pool-3-thread-1/INFO]: [Textile Backup] Starting backup
[17:38:12] [pool-3-thread-1/INFO]: [Textile Backup] Deleting: 2020-09-02_02-37-48.zip
[17:38:12] [pool-3-thread-1/INFO]: [Textile Backup] Done!
[17:40:00] [Server thread/INFO]: Player shuijiao is already logged on
[17:43:06] [Server thread/WARN]: Fetching packet for removed entity class_1542['Air'/855587, l='ServerLevel[world]', x=-86.05, y=7.00, z=279.97]
[17:50:00] [Server thread/INFO]: Player shuijiao is already logged on
[17:59:08] [Server thread/INFO]: wushi_[/127.0.0.1:46621] logged in with entity id 859059 at (15.392313319823984, 71.0, -505.69999998807907)
[17:59:08] [Server thread/INFO]: wushi_ joined the game
[17:59:08] [Netty Epoll Server IO #6/WARN]: Received invalid identifier in minecraft:register: legacy:fml|hs (Non [a-z0-9/._-] character in path of location: legacy:fml|hs)
[17:59:09] [Netty Epoll Server IO #6/WARN]: Player wushi_ joined with another carpet version: 1.4.0+v200623
[18:00:00] [Server thread/INFO]: Player shuijiao is already logged on
[18:10:00] [Server thread/INFO]: Player shuijiao is already logged on
[18:20:00] [Server thread/INFO]: Player shuijiao is already logged on
[18:30:00] [Server thread/INFO]: Player shuijiao is already logged on
[18:37:48] [Server thread/INFO]: [Textile Backup] Backup started by: Timer on: 2020-09-02_18-37-48
[18:37:48] [Server thread/INFO]: [Textile Backup] Saving server...
[18:37:48] [Server thread/INFO]: ThreadedAnvilChunkStorage (world): All chunks are saved
[18:37:48] [Server thread/INFO]: ThreadedAnvilChunkStorage (DIM-1): All chunks are saved
[18:37:48] [Server thread/INFO]: ThreadedAnvilChunkStorage (DIM1): All chunks are saved
[18:37:48] [pool-3-thread-1/INFO]: [Textile Backup] Starting backup
[18:38:14] [pool-3-thread-1/INFO]: [Textile Backup] Deleting: 2020-09-02_03-37-48.zip
[18:38:14] [pool-3-thread-1/INFO]: [Textile Backup] Done!
[18:40:00] [Server thread/INFO]: Player shuijiao is already logged on
[18:42:54] [Server thread/INFO]: wushi_ lost connection: Disconnected
[18:42:54] [Server thread/INFO]: wushi_ left the game
[18:50:00] [Server thread/INFO]: Player shuijiao is already logged on
[19:00:00] [Server thread/INFO]: Player shuijiao is already logged on
[19:10:00] [Server thread/INFO]: Player shuijiao is already logged on
[19:20:00] [Server thread/INFO]: Player shuijiao is already logged on
[19:30:00] [Server thread/INFO]: Player shuijiao is already logged on
[19:37:48] [Server thread/INFO]: [Textile Backup] Backup started by: Timer on: 2020-09-02_19-37-48
[19:37:48] [Server thread/INFO]: [Textile Backup] Saving server...
[19:37:48] [Server thread/INFO]: ThreadedAnvilChunkStorage (world): All chunks are saved
[19:37:48] [Server thread/INFO]: ThreadedAnvilChunkStorage (DIM-1): All chunks are saved
[19:37:48] [Server thread/INFO]: ThreadedAnvilChunkStorage (DIM1): All chunks are saved
[19:37:48] [pool-3-thread-1/INFO]: [Textile Backup] Starting backup
[19:38:12] [pool-3-thread-1/INFO]: [Textile Backup] Deleting: 2020-09-02_04-37-48.zip
[19:38:12] [pool-3-thread-1/INFO]: [Textile Backup] Done!
[19:40:00] [Server thread/INFO]: Player shuijiao is already logged on
[19:50:00] [Server thread/INFO]: Player shuijiao is already logged on
[20:00:00] [Server thread/INFO]: Player shuijiao is already logged on
[20:10:00] [Server thread/INFO]: Player shuijiao is already logged on
[20:20:00] [Server thread/INFO]: Player shuijiao is already logged on
[20:30:00] [Server thread/INFO]: Player shuijiao is already logged on
[20:37:48] [Server thread/INFO]: [Textile Backup] Backup started by: Timer on: 2020-09-02_20-37-48
[20:37:48] [Server thread/INFO]: [Textile Backup] Saving server...
[20:37:48] [Server thread/INFO]: ThreadedAnvilChunkStorage (world): All chunks are saved
[20:37:48] [Server thread/INFO]: ThreadedAnvilChunkStorage (DIM-1): All chunks are saved
[20:37:48] [Server thread/INFO]: ThreadedAnvilChunkStorage (DIM1): All chunks are saved
[20:37:48] [pool-3-thread-1/INFO]: [Textile Backup] Starting backup
[20:38:12] [pool-3-thread-1/INFO]: [Textile Backup] Deleting: 2020-09-02_05-37-48.zip
[20:38:12] [pool-3-thread-1/INFO]: [Textile Backup] Done!
[20:40:00] [Server thread/INFO]: Player shuijiao is already logged on
[20:50:00] [Server thread/INFO]: Player shuijiao is already logged on
[21:00:00] [Server thread/INFO]: Player shuijiao is already logged on
[21:10:00] [Server thread/INFO]: Player shuijiao is already logged on
[21:20:00] [Server thread/INFO]: Player shuijiao is already logged on
[21:30:00] [Server thread/INFO]: Player shuijiao is already logged on
[21:37:48] [Server thread/INFO]: [Textile Backup] Backup started by: Timer on: 2020-09-02_21-37-48
[21:37:48] [Server thread/INFO]: [Textile Backup] Saving server...
[21:37:48] [Server thread/INFO]: ThreadedAnvilChunkStorage (world): All chunks are saved
[21:37:48] [Server thread/INFO]: ThreadedAnvilChunkStorage (DIM-1): All chunks are saved
[21:37:48] [Server thread/INFO]: ThreadedAnvilChunkStorage (DIM1): All chunks are saved
[21:37:48] [pool-3-thread-1/INFO]: [Textile Backup] Starting backup
[21:38:11] [pool-3-thread-1/INFO]: [Textile Backup] Deleting: 2020-09-02_06-37-48.zip
[21:38:11] [pool-3-thread-1/INFO]: [Textile Backup] Done!
[21:40:00] [Server thread/INFO]: Player shuijiao is already logged on
[21:50:00] [Server thread/INFO]: Player shuijiao is already logged on
[22:00:00] [Server thread/INFO]: Player shuijiao is already logged on
[22:10:00] [Server thread/INFO]: Player shuijiao is already logged on
[22:20:00] [Server thread/INFO]: Player shuijiao is already logged on
[22:30:00] [Server thread/INFO]: Player shuijiao is already logged on
[22:37:48] [Server thread/INFO]: [Textile Backup] Backup started by: Timer on: 2020-09-02_22-37-48
[22:37:48] [Server thread/INFO]: [Textile Backup] Saving server...
[22:37:48] [Server thread/INFO]: ThreadedAnvilChunkStorage (world): All chunks are saved
[22:37:48] [Server thread/INFO]: ThreadedAnvilChunkStorage (DIM-1): All chunks are saved
[22:37:48] [Server thread/INFO]: ThreadedAnvilChunkStorage (DIM1): All chunks are saved
[22:37:48] [pool-3-thread-1/INFO]: [Textile Backup] Starting backup
[22:38:12] [pool-3-thread-1/INFO]: [Textile Backup] Deleting: 2020-09-02_07-37-48.zip
[22:38:12] [pool-3-thread-1/INFO]: [Textile Backup] Done!
[22:40:00] [Server thread/INFO]: Player shuijiao is already logged on
[22:50:00] [Server thread/INFO]: Player shuijiao is already logged on
[23:00:00] [Server thread/INFO]: Player shuijiao is already logged on
[23:10:00] [Server thread/INFO]: Player shuijiao is already logged on
[23:20:00] [Server thread/INFO]: Player shuijiao is already logged on
[23:30:00] [Server thread/INFO]: Player shuijiao is already logged on
[23:37:48] [Server thread/INFO]: [Textile Backup] Backup started by: Timer on: 2020-09-02_23-37-48
[23:37:48] [Server thread/INFO]: [Textile Backup] Saving server...
[23:37:48] [Server thread/INFO]: ThreadedAnvilChunkStorage (world): All chunks are saved
[23:37:48] [Server thread/INFO]: ThreadedAnvilChunkStorage (DIM-1): All chunks are saved
[23:37:48] [Server thread/INFO]: ThreadedAnvilChunkStorage (DIM1): All chunks are saved
[23:37:48] [pool-3-thread-1/INFO]: [Textile Backup] Starting backup
[23:38:12] [pool-3-thread-1/INFO]: [Textile Backup] Deleting: 2020-09-02_08-37-48.zip
[23:38:12] [pool-3-thread-1/INFO]: [Textile Backup] Done!
[23:40:00] [Server thread/INFO]: Player shuijiao is already logged on
[23:50:00] [Server thread/INFO]: Player shuijiao is already logged on
